000 (163792.000.000) 11/16 14:23:59 Job submitted from host: <130.199.48.9:9618?addrs=130.199.48.9-9618&noUDP&sock=12723_c4b4_3>
...
001 (163792.000.000) 11/16 14:24:52 Job executing on host: <130.199.157.149:9618?addrs=130.199.157.149-9618&noUDP&sock=217031_abd1_3>
...
006 (163792.000.000) 11/16 14:25:02 Image size of job updated: 750
	1  -  MemoryUsage of job (MB)
	204  -  ResidentSetSize of job (KB)
...
006 (163792.000.000) 11/16 14:30:02 Image size of job updated: 416888
	322  -  MemoryUsage of job (MB)
	329184  -  ResidentSetSize of job (KB)
...
006 (163792.000.000) 11/16 14:30:43 Image size of job updated: 425124
	322  -  MemoryUsage of job (MB)
	329184  -  ResidentSetSize of job (KB)
...
005 (163792.000.000) 11/16 14:30:44 Job terminated.
	(0) Abnormal termination (signal 11)
	(0) No core file
		Usr 0 00:00:34, Sys 0 00:00:01  -  Run Remote Usage
		Usr 0 00:00:00, Sys 0 00:00:00  -  Run Local Usage
		Usr 0 00:00:34, Sys 0 00:00:01  -  Total Remote Usage
		Usr 0 00:00:00, Sys 0 00:00:00  -  Total Local Usage
	0  -  Run Bytes Sent By Job
	0  -  Run Bytes Received By Job
	0  -  Total Bytes Sent By Job
	0  -  Total Bytes Received By Job
	Partitionable Resources :    Usage  Request Allocated 
	   Cpus                 :        0        1         1 
	   Disk (KB)            :      750      750  14337878 
	   Memory (MB)          :      322     1500      1536 
	   Xferslots            :                           0 
...
000 (180469.000.000) 11/16 16:27:52 Job submitted from host: <130.199.48.9:9618?addrs=130.199.48.9-9618&noUDP&sock=12723_c4b4_3>
...
009 (180469.000.000) 11/16 17:38:29 Job was aborted by the user.
	via condor_rm (by user jeff)
...
000 (180470.000.000) 11/16 17:38:34 Job submitted from host: <130.199.48.9:9618?addrs=130.199.48.9-9618&noUDP&sock=12723_c4b4_3>
...
009 (180470.000.000) 11/16 17:40:13 Job was aborted by the user.
	via condor_rm (by user jeff)
...
000 (464514.000.000) 11/16 17:41:01 Job submitted from host: <130.199.48.7:9618?addrs=130.199.48.7-9618&noUDP&sock=14234_fb15_3>
...
001 (464514.000.000) 11/16 17:42:19 Job executing on host: <130.199.157.14:9618?addrs=130.199.157.14-9618&noUDP&sock=36747_0fa3_3>
...
006 (464514.000.000) 11/16 17:42:28 Image size of job updated: 750
	1  -  MemoryUsage of job (MB)
	304  -  ResidentSetSize of job (KB)
...
006 (464514.000.000) 11/16 17:47:28 Image size of job updated: 334988
	327  -  MemoryUsage of job (MB)
	334744  -  ResidentSetSize of job (KB)
...
006 (464514.000.000) 11/16 17:47:37 Image size of job updated: 335020
	327  -  MemoryUsage of job (MB)
	334744  -  ResidentSetSize of job (KB)
...
005 (464514.000.000) 11/16 17:47:38 Job terminated.
	(1) Normal termination (return value 0)
		Usr 0 00:00:45, Sys 0 00:00:02  -  Run Remote Usage
		Usr 0 00:00:00, Sys 0 00:00:00  -  Run Local Usage
		Usr 0 00:00:45, Sys 0 00:00:02  -  Total Remote Usage
		Usr 0 00:00:00, Sys 0 00:00:00  -  Total Local Usage
	0  -  Run Bytes Sent By Job
	0  -  Run Bytes Received By Job
	0  -  Total Bytes Sent By Job
	0  -  Total Bytes Received By Job
	Partitionable Resources :    Usage  Request Allocated 
	   Cpus                 :     0.01        1         1 
	   Disk (KB)            :   750         750   6743395 
	   Memory (MB)          :   327        1500      1536 
	   Xferslots            :                           0 
...
000 (180471.000.000) 11/17 12:09:35 Job submitted from host: <130.199.48.9:9618?addrs=130.199.48.9-9618&noUDP&sock=12723_c4b4_3>
...
009 (180471.000.000) 11/17 12:09:48 Job was aborted by the user.
	via condor_rm (by user jeff)
...
000 (180472.000.000) 11/17 12:11:28 Job submitted from host: <130.199.48.9:9618?addrs=130.199.48.9-9618&noUDP&sock=12723_c4b4_3>
...
001 (180472.000.000) 11/17 12:12:11 Job executing on host: <130.199.157.16:9618?addrs=130.199.157.16-9618&noUDP&sock=37954_0fb4_3>
...
006 (180472.000.000) 11/17 12:12:19 Image size of job updated: 304972
	213  -  MemoryUsage of job (MB)
	217260  -  ResidentSetSize of job (KB)
...
006 (180472.000.000) 11/17 12:13:42 Image size of job updated: 448332
	213  -  MemoryUsage of job (MB)
	217260  -  ResidentSetSize of job (KB)
...
005 (180472.000.000) 11/17 12:13:42 Job terminated.
	(1) Normal termination (return value 0)
		Usr 0 00:00:52, Sys 0 00:00:02  -  Run Remote Usage
		Usr 0 00:00:00, Sys 0 00:00:00  -  Run Local Usage
		Usr 0 00:00:52, Sys 0 00:00:02  -  Total Remote Usage
		Usr 0 00:00:00, Sys 0 00:00:00  -  Total Local Usage
	0  -  Run Bytes Sent By Job
	0  -  Run Bytes Received By Job
	0  -  Total Bytes Sent By Job
	0  -  Total Bytes Received By Job
	Partitionable Resources :    Usage  Request Allocated 
	   Cpus                 :     0.64        1         1 
	   Disk (KB)            :   750         750   6743395 
	   Memory (MB)          :   213        1500      1536 
	   Xferslots            :                           0 
...
000 (180473.000.000) 11/17 12:43:16 Job submitted from host: <130.199.48.9:9618?addrs=130.199.48.9-9618&noUDP&sock=12723_c4b4_3>
...
001 (180473.000.000) 11/17 12:43:44 Job executing on host: <130.199.157.19:9618?addrs=130.199.157.19-9618&noUDP&sock=31623_6139_3>
...
006 (180473.000.000) 11/17 12:43:53 Image size of job updated: 309184
	217  -  MemoryUsage of job (MB)
	221496  -  ResidentSetSize of job (KB)
...
006 (180473.000.000) 11/17 12:44:47 Image size of job updated: 429588
	217  -  MemoryUsage of job (MB)
	221496  -  ResidentSetSize of job (KB)
...
005 (180473.000.000) 11/17 12:44:47 Job terminated.
	(1) Normal termination (return value 0)
		Usr 0 00:00:45, Sys 0 00:00:02  -  Run Remote Usage
		Usr 0 00:00:00, Sys 0 00:00:00  -  Run Local Usage
		Usr 0 00:00:45, Sys 0 00:00:02  -  Total Remote Usage
		Usr 0 00:00:00, Sys 0 00:00:00  -  Total Local Usage
	0  -  Run Bytes Sent By Job
	0  -  Run Bytes Received By Job
	0  -  Total Bytes Sent By Job
	0  -  Total Bytes Received By Job
	Partitionable Resources :    Usage  Request Allocated 
	   Cpus                 :     0.76        1         1 
	   Disk (KB)            :   750         750   6743395 
	   Memory (MB)          :   217        1500      1536 
	   Xferslots            :                           0 
...
000 (180474.000.000) 11/17 13:04:29 Job submitted from host: <130.199.48.9:9618?addrs=130.199.48.9-9618&noUDP&sock=12723_c4b4_3>
...
001 (180474.000.000) 11/17 13:04:53 Job executing on host: <130.199.157.14:9618?addrs=130.199.157.14-9618&noUDP&sock=36747_0fa3_3>
...
006 (180474.000.000) 11/17 13:05:02 Image size of job updated: 310816
	218  -  MemoryUsage of job (MB)
	223056  -  ResidentSetSize of job (KB)
...
006 (180474.000.000) 11/17 13:07:09 Image size of job updated: 846100
	218  -  MemoryUsage of job (MB)
	223064  -  ResidentSetSize of job (KB)
...
005 (180474.000.000) 11/17 13:07:09 Job terminated.
	(0) Abnormal termination (signal 11)
	(0) No core file
		Usr 0 00:01:41, Sys 0 00:00:03  -  Run Remote Usage
		Usr 0 00:00:00, Sys 0 00:00:00  -  Run Local Usage
		Usr 0 00:01:41, Sys 0 00:00:03  -  Total Remote Usage
		Usr 0 00:00:00, Sys 0 00:00:00  -  Total Local Usage
	0  -  Run Bytes Sent By Job
	0  -  Run Bytes Received By Job
	0  -  Total Bytes Sent By Job
	0  -  Total Bytes Received By Job
	Partitionable Resources :    Usage  Request Allocated 
	   Cpus                 :     0.89        1         1 
	   Disk (KB)            :   750         750   6743395 
	   Memory (MB)          :   218        1500      1536 
	   Xferslots            :                           0 
...
000 (180475.000.000) 11/17 16:42:12 Job submitted from host: <130.199.48.9:9618?addrs=130.199.48.9-9618&noUDP&sock=12723_c4b4_3>
...
001 (180475.000.000) 11/17 16:43:07 Job executing on host: <130.199.202.107:9618?addrs=130.199.202.107-9618&noUDP&sock=32079_b2b1_3>
...
006 (180475.000.000) 11/17 16:43:16 Image size of job updated: 309988
	218  -  MemoryUsage of job (MB)
	222276  -  ResidentSetSize of job (KB)
...
006 (180475.000.000) 11/17 16:44:03 Image size of job updated: 800864
	218  -  MemoryUsage of job (MB)
	222276  -  ResidentSetSize of job (KB)
...
005 (180475.000.000) 11/17 16:44:03 Job terminated.
	(0) Abnormal termination (signal 6)
	(0) No core file
		Usr 0 00:00:45, Sys 0 00:00:01  -  Run Remote Usage
		Usr 0 00:00:00, Sys 0 00:00:00  -  Run Local Usage
		Usr 0 00:00:45, Sys 0 00:00:01  -  Total Remote Usage
		Usr 0 00:00:00, Sys 0 00:00:00  -  Total Local Usage
	0  -  Run Bytes Sent By Job
	0  -  Run Bytes Received By Job
	0  -  Total Bytes Sent By Job
	0  -  Total Bytes Received By Job
	Partitionable Resources :    Usage  Request Allocated 
	   Cpus                 :     0.90        1         1 
	   Disk (KB)            :   750         750   4811675 
	   Memory (MB)          :   218        1500      1536 
	   Xferslots            :                           0 
...
000 (180476.000.000) 11/17 16:59:07 Job submitted from host: <130.199.48.9:9618?addrs=130.199.48.9-9618&noUDP&sock=12723_c4b4_3>
...
001 (180476.000.000) 11/17 16:59:43 Job executing on host: <130.199.157.16:9618?addrs=130.199.157.16-9618&noUDP&sock=37954_0fb4_3>
...
006 (180476.000.000) 11/17 16:59:53 Image size of job updated: 24444
	7  -  MemoryUsage of job (MB)
	7084  -  ResidentSetSize of job (KB)
...
006 (180476.000.000) 11/17 17:03:32 Image size of job updated: 842940
	7  -  MemoryUsage of job (MB)
	7084  -  ResidentSetSize of job (KB)
...
005 (180476.000.000) 11/17 17:03:33 Job terminated.
	(0) Abnormal termination (signal 6)
	(0) No core file
		Usr 0 00:01:56, Sys 0 00:00:03  -  Run Remote Usage
		Usr 0 00:00:00, Sys 0 00:00:00  -  Run Local Usage
		Usr 0 00:01:56, Sys 0 00:00:03  -  Total Remote Usage
		Usr 0 00:00:00, Sys 0 00:00:00  -  Total Local Usage
	0  -  Run Bytes Sent By Job
	0  -  Run Bytes Received By Job
	0  -  Total Bytes Sent By Job
	0  -  Total Bytes Received By Job
	Partitionable Resources :    Usage  Request Allocated 
	   Cpus                 :     0.57        1         1 
	   Disk (KB)            :   750         750   6743395 
	   Memory (MB)          :     7        1500      1536 
	   Xferslots            :                           0 
...
000 (271840.000.000) 11/19 09:18:26 Job submitted from host: <130.199.48.8:9618?addrs=130.199.48.8-9618&noUDP&sock=14204_7c76_3>
...
001 (271840.000.000) 11/19 09:22:03 Job executing on host: <130.199.157.5:9618?addrs=130.199.157.5-9618&noUDP&sock=118115_0182_3>
...
006 (271840.000.000) 11/19 09:22:12 Image size of job updated: 303260
	211  -  MemoryUsage of job (MB)
	215128  -  ResidentSetSize of job (KB)
...
006 (271840.000.000) 11/19 09:23:33 Image size of job updated: 341024
	211  -  MemoryUsage of job (MB)
	215128  -  ResidentSetSize of job (KB)
...
005 (271840.000.000) 11/19 09:23:33 Job terminated.
	(0) Abnormal termination (signal 6)
	(0) No core file
		Usr 0 00:01:01, Sys 0 00:00:03  -  Run Remote Usage
		Usr 0 00:00:00, Sys 0 00:00:00  -  Run Local Usage
		Usr 0 00:01:01, Sys 0 00:00:03  -  Total Remote Usage
		Usr 0 00:00:00, Sys 0 00:00:00  -  Total Local Usage
	0  -  Run Bytes Sent By Job
	0  -  Run Bytes Received By Job
	0  -  Total Bytes Sent By Job
	0  -  Total Bytes Received By Job
	Partitionable Resources :    Usage  Request Allocated 
	   Cpus                 :     0.73        1         1 
	   Disk (KB)            :   750         750   6743395 
	   Memory (MB)          :   211        1500      1536 
	   Xferslots            :                           0 
...
000 (271843.000.000) 11/19 09:39:52 Job submitted from host: <130.199.48.8:9618?addrs=130.199.48.8-9618&noUDP&sock=14204_7c76_3>
...
001 (271843.000.000) 11/19 09:40:49 Job executing on host: <130.199.157.14:9618?addrs=130.199.157.14-9618&noUDP&sock=36747_0fa3_3>
...
006 (271843.000.000) 11/19 09:40:58 Image size of job updated: 189600
	100  -  MemoryUsage of job (MB)
	101572  -  ResidentSetSize of job (KB)
...
006 (271843.000.000) 11/19 09:42:13 Image size of job updated: 702696
	100  -  MemoryUsage of job (MB)
	101572  -  ResidentSetSize of job (KB)
...
005 (271843.000.000) 11/19 09:42:14 Job terminated.
	(0) Abnormal termination (signal 6)
	(0) No core file
		Usr 0 00:01:03, Sys 0 00:00:02  -  Run Remote Usage
		Usr 0 00:00:00, Sys 0 00:00:00  -  Run Local Usage
		Usr 0 00:01:03, Sys 0 00:00:02  -  Total Remote Usage
		Usr 0 00:00:00, Sys 0 00:00:00  -  Total Local Usage
	0  -  Run Bytes Sent By Job
	0  -  Run Bytes Received By Job
	0  -  Total Bytes Sent By Job
	0  -  Total Bytes Received By Job
	Partitionable Resources :    Usage  Request Allocated 
	   Cpus                 :     0.54        1         1 
	   Disk (KB)            :   750         750   6743395 
	   Memory (MB)          :   100        1500      1536 
	   Xferslots            :                           0 
...
000 (271844.000.000) 11/19 10:17:50 Job submitted from host: <130.199.48.8:9618?addrs=130.199.48.8-9618&noUDP&sock=14204_7c76_3>
...
001 (271844.000.000) 11/19 10:18:59 Job executing on host: <130.199.157.8:9618?addrs=130.199.157.8-9618&noUDP&sock=115056_defa_3>
...
006 (271844.000.000) 11/19 10:19:01 Image size of job updated: 750
	0  -  MemoryUsage of job (MB)
	0  -  ResidentSetSize of job (KB)
...
005 (271844.000.000) 11/19 10:19:01 Job terminated.
	(1) Normal termination (return value 1)
		Usr 0 00:00:00, Sys 0 00:00:00  -  Run Remote Usage
		Usr 0 00:00:00, Sys 0 00:00:00  -  Run Local Usage
		Usr 0 00:00:00, Sys 0 00:00:00  -  Total Remote Usage
		Usr 0 00:00:00, Sys 0 00:00:00  -  Total Local Usage
	0  -  Run Bytes Sent By Job
	0  -  Run Bytes Received By Job
	0  -  Total Bytes Sent By Job
	0  -  Total Bytes Received By Job
	Partitionable Resources :    Usage  Request Allocated 
	   Cpus                 :     0.06        1         1 
	   Disk (KB)            :   750         750   6743395 
	   Memory (MB)          :     0        1500      1536 
	   Xferslots            :                           0 
...
000 (271845.000.000) 11/19 10:19:43 Job submitted from host: <130.199.48.8:9618?addrs=130.199.48.8-9618&noUDP&sock=14204_7c76_3>
...
001 (271845.000.000) 11/19 10:22:07 Job executing on host: <130.199.157.155:9618?addrs=130.199.157.155-9618&noUDP&sock=218167_3369_3>
...
006 (271845.000.000) 11/19 10:22:15 Image size of job updated: 82492
	46  -  MemoryUsage of job (MB)
	46236  -  ResidentSetSize of job (KB)
...
006 (271845.000.000) 11/19 10:24:13 Image size of job updated: 835268
	46  -  MemoryUsage of job (MB)
	46236  -  ResidentSetSize of job (KB)
...
005 (271845.000.000) 11/19 10:24:14 Job terminated.
	(0) Abnormal termination (signal 6)
	(0) No core file
		Usr 0 00:01:15, Sys 0 00:00:03  -  Run Remote Usage
		Usr 0 00:00:00, Sys 0 00:00:00  -  Run Local Usage
		Usr 0 00:01:15, Sys 0 00:00:03  -  Total Remote Usage
		Usr 0 00:00:00, Sys 0 00:00:00  -  Total Local Usage
	0  -  Run Bytes Sent By Job
	0  -  Run Bytes Received By Job
	0  -  Total Bytes Sent By Job
	0  -  Total Bytes Received By Job
	Partitionable Resources :    Usage  Request Allocated 
	   Cpus                 :     0.72        1         1 
	   Disk (KB)            :   750         750  14337878 
	   Memory (MB)          :    46        1500      1536 
	   Xferslots            :                           0 
...
000 (271846.000.000) 11/19 10:39:42 Job submitted from host: <130.199.48.8:9618?addrs=130.199.48.8-9618&noUDP&sock=14204_7c76_3>
...
000 (271847.000.000) 11/19 10:40:43 Job submitted from host: <130.199.48.8:9618?addrs=130.199.48.8-9618&noUDP&sock=14204_7c76_3>
...
009 (271847.000.000) 11/19 10:40:46 Job was aborted by the user.
	via condor_rm (by user jeff)
...
001 (271846.000.000) 11/19 10:42:24 Job executing on host: <130.199.156.234:9618?addrs=130.199.156.234-9618&noUDP&sock=36647_698f_3>
...
006 (271846.000.000) 11/19 10:42:32 Image size of job updated: 305260
	213  -  MemoryUsage of job (MB)
	217760  -  ResidentSetSize of job (KB)
...
006 (271846.000.000) 11/19 10:43:52 Image size of job updated: 425048
	214  -  MemoryUsage of job (MB)
	218124  -  ResidentSetSize of job (KB)
...
005 (271846.000.000) 11/19 10:43:52 Job terminated.
	(0) Abnormal termination (signal 6)
	(0) No core file
		Usr 0 00:00:55, Sys 0 00:00:02  -  Run Remote Usage
		Usr 0 00:00:00, Sys 0 00:00:00  -  Run Local Usage
		Usr 0 00:00:55, Sys 0 00:00:02  -  Total Remote Usage
		Usr 0 00:00:00, Sys 0 00:00:00  -  Total Local Usage
	0  -  Run Bytes Sent By Job
	0  -  Run Bytes Received By Job
	0  -  Total Bytes Sent By Job
	0  -  Total Bytes Received By Job
	Partitionable Resources :    Usage  Request Allocated 
	   Cpus                 :     0.69        1         1 
	   Disk (KB)            :   750         750   6743395 
	   Memory (MB)          :   214        1500      1536 
	   Xferslots            :                           0 
...
000 (273103.000.000) 11/20 08:43:51 Job submitted from host: <130.199.48.8:9618?addrs=130.199.48.8-9618&noUDP&sock=14204_7c76_3>
...
001 (273103.000.000) 11/20 08:44:24 Job executing on host: <130.199.200.111:9618?addrs=130.199.200.111-9618&noUDP&sock=36784_c568_3>
...
006 (273103.000.000) 11/20 08:44:26 Image size of job updated: 750
	0  -  MemoryUsage of job (MB)
	0  -  ResidentSetSize of job (KB)
...
005 (273103.000.000) 11/20 08:44:26 Job terminated.
	(1) Normal termination (return value 127)
		Usr 0 00:00:00, Sys 0 00:00:00  -  Run Remote Usage
		Usr 0 00:00:00, Sys 0 00:00:00  -  Run Local Usage
		Usr 0 00:00:00, Sys 0 00:00:00  -  Total Remote Usage
		Usr 0 00:00:00, Sys 0 00:00:00  -  Total Local Usage
	0  -  Run Bytes Sent By Job
	0  -  Run Bytes Received By Job
	0  -  Total Bytes Sent By Job
	0  -  Total Bytes Received By Job
	Partitionable Resources :    Usage  Request Allocated 
	   Cpus                 :     0.03        1         1 
	   Disk (KB)            :   750         750   5106401 
	   Memory (MB)          :     0        1500      1536 
	   Xferslots            :                           0 
...
000 (273104.000.000) 11/20 08:45:01 Job submitted from host: <130.199.48.8:9618?addrs=130.199.48.8-9618&noUDP&sock=14204_7c76_3>
...
001 (273104.000.000) 11/20 08:45:34 Job executing on host: <130.199.156.239:9618?addrs=130.199.156.239-9618&noUDP&sock=40206_ca79_3>
...
006 (273104.000.000) 11/20 08:45:42 Image size of job updated: 297152
	205  -  MemoryUsage of job (MB)
	209392  -  ResidentSetSize of job (KB)
...
006 (273104.000.000) 11/20 08:46:48 Image size of job updated: 426332
	205  -  MemoryUsage of job (MB)
	209392  -  ResidentSetSize of job (KB)
...
005 (273104.000.000) 11/20 08:46:48 Job terminated.
	(0) Abnormal termination (signal 6)
	(0) No core file
		Usr 0 00:00:49, Sys 0 00:00:02  -  Run Remote Usage
		Usr 0 00:00:00, Sys 0 00:00:00  -  Run Local Usage
		Usr 0 00:00:49, Sys 0 00:00:02  -  Total Remote Usage
		Usr 0 00:00:00, Sys 0 00:00:00  -  Total Local Usage
	0  -  Run Bytes Sent By Job
	0  -  Run Bytes Received By Job
	0  -  Total Bytes Sent By Job
	0  -  Total Bytes Received By Job
	Partitionable Resources :    Usage  Request Allocated 
	   Cpus                 :     0.68        1         1 
	   Disk (KB)            :   750         750   6743395 
	   Memory (MB)          :   205        1500      1536 
	   Xferslots            :                           0 
...
000 (273105.000.000) 11/20 09:33:59 Job submitted from host: <130.199.48.8:9618?addrs=130.199.48.8-9618&noUDP&sock=14204_7c76_3>
...
001 (273105.000.000) 11/20 09:34:48 Job executing on host: <130.199.202.110:9618?addrs=130.199.202.110-9618&noUDP&sock=30570_1e5a_3>
...
006 (273105.000.000) 11/20 09:34:57 Image size of job updated: 309156
	217  -  MemoryUsage of job (MB)
	221324  -  ResidentSetSize of job (KB)
...
006 (273105.000.000) 11/20 09:36:28 Image size of job updated: 1061644
	217  -  MemoryUsage of job (MB)
	221324  -  ResidentSetSize of job (KB)
...
005 (273105.000.000) 11/20 09:36:28 Job terminated.
	(0) Abnormal termination (signal 6)
	(0) No core file
		Usr 0 00:01:23, Sys 0 00:00:02  -  Run Remote Usage
		Usr 0 00:00:00, Sys 0 00:00:00  -  Run Local Usage
		Usr 0 00:01:23, Sys 0 00:00:02  -  Total Remote Usage
		Usr 0 00:00:00, Sys 0 00:00:00  -  Total Local Usage
	0  -  Run Bytes Sent By Job
	0  -  Run Bytes Received By Job
	0  -  Total Bytes Sent By Job
	0  -  Total Bytes Received By Job
	Partitionable Resources :    Usage  Request Allocated 
	   Cpus                 :     0.88        1         1 
	   Disk (KB)            :   750         750   4811687 
	   Memory (MB)          :   217        1500      1536 
	   Xferslots            :                           0 
...
