000 (180469.001.000) 11/16 16:27:52 Job submitted from host: <130.199.48.9:9618?addrs=130.199.48.9-9618&noUDP&sock=12723_c4b4_3>
...
009 (180469.001.000) 11/16 17:38:29 Job was aborted by the user.
	via condor_rm (by user jeff)
...
000 (180470.001.000) 11/16 17:38:34 Job submitted from host: <130.199.48.9:9618?addrs=130.199.48.9-9618&noUDP&sock=12723_c4b4_3>
...
009 (180470.001.000) 11/16 17:40:13 Job was aborted by the user.
	via condor_rm (by user jeff)
...
000 (464514.001.000) 11/16 17:41:01 Job submitted from host: <130.199.48.7:9618?addrs=130.199.48.7-9618&noUDP&sock=14234_fb15_3>
...
001 (464514.001.000) 11/16 17:42:20 Job executing on host: <130.199.157.14:9618?addrs=130.199.157.14-9618&noUDP&sock=36747_0fa3_3>
...
006 (464514.001.000) 11/16 17:42:29 Image size of job updated: 750
	1  -  MemoryUsage of job (MB)
	348  -  ResidentSetSize of job (KB)
...
006 (464514.001.000) 11/16 17:47:29 Image size of job updated: 267884
	262  -  MemoryUsage of job (MB)
	267884  -  ResidentSetSize of job (KB)
...
006 (464514.001.000) 11/16 17:52:29 Image size of job updated: 367616
	359  -  MemoryUsage of job (MB)
	367616  -  ResidentSetSize of job (KB)
...
006 (464514.001.000) 11/16 17:57:30 Image size of job updated: 411212
	402  -  MemoryUsage of job (MB)
	411212  -  ResidentSetSize of job (KB)
...
006 (464514.001.000) 11/16 18:02:32 Image size of job updated: 412468
	403  -  MemoryUsage of job (MB)
	412468  -  ResidentSetSize of job (KB)
...
006 (464514.001.000) 11/16 18:07:31 Image size of job updated: 413004
	404  -  MemoryUsage of job (MB)
	413004  -  ResidentSetSize of job (KB)
...
006 (464514.001.000) 11/16 18:12:31 Image size of job updated: 415256
	406  -  MemoryUsage of job (MB)
	415256  -  ResidentSetSize of job (KB)
...
006 (464514.001.000) 11/16 18:15:06 Image size of job updated: 418040
	406  -  MemoryUsage of job (MB)
	415256  -  ResidentSetSize of job (KB)
...
005 (464514.001.000) 11/16 18:15:06 Job terminated.
	(1) Normal termination (return value 0)
		Usr 0 00:06:15, Sys 0 00:00:13  -  Run Remote Usage
		Usr 0 00:00:00, Sys 0 00:00:00  -  Run Local Usage
		Usr 0 00:06:15, Sys 0 00:00:13  -  Total Remote Usage
		Usr 0 00:00:00, Sys 0 00:00:00  -  Total Local Usage
	0  -  Run Bytes Sent By Job
	0  -  Run Bytes Received By Job
	0  -  Total Bytes Sent By Job
	0  -  Total Bytes Received By Job
	Partitionable Resources :    Usage  Request Allocated 
	   Cpus                 :     0.02        1         1 
	   Disk (KB)            :   750         750   6743395 
	   Memory (MB)          :   406        1500      1536 
	   Xferslots            :                           0 
...
000 (180471.001.000) 11/17 12:09:35 Job submitted from host: <130.199.48.9:9618?addrs=130.199.48.9-9618&noUDP&sock=12723_c4b4_3>
...
009 (180471.001.000) 11/17 12:09:48 Job was aborted by the user.
	via condor_rm (by user jeff)
...
000 (180472.001.000) 11/17 12:11:28 Job submitted from host: <130.199.48.9:9618?addrs=130.199.48.9-9618&noUDP&sock=12723_c4b4_3>
...
001 (180472.001.000) 11/17 12:12:11 Job executing on host: <130.199.157.2:9618?addrs=130.199.157.2-9618&noUDP&sock=37856_0bab_3>
...
006 (180472.001.000) 11/17 12:12:19 Image size of job updated: 159028
	71  -  MemoryUsage of job (MB)
	72596  -  ResidentSetSize of job (KB)
...
006 (180472.001.000) 11/17 12:17:19 Image size of job updated: 426604
	331  -  MemoryUsage of job (MB)
	338360  -  ResidentSetSize of job (KB)
...
006 (180472.001.000) 11/17 12:22:20 Image size of job updated: 500804
	403  -  MemoryUsage of job (MB)
	412552  -  ResidentSetSize of job (KB)
...
006 (180472.001.000) 11/17 12:27:21 Image size of job updated: 501980
	405  -  MemoryUsage of job (MB)
	413728  -  ResidentSetSize of job (KB)
...
006 (180472.001.000) 11/17 12:31:09 Image size of job updated: 867584
	405  -  MemoryUsage of job (MB)
	413728  -  ResidentSetSize of job (KB)
...
005 (180472.001.000) 11/17 12:31:09 Job terminated.
	(0) Abnormal termination (signal 11)
	(0) No core file
		Usr 0 00:07:37, Sys 0 00:00:10  -  Run Remote Usage
		Usr 0 00:00:00, Sys 0 00:00:00  -  Run Local Usage
		Usr 0 00:07:37, Sys 0 00:00:10  -  Total Remote Usage
		Usr 0 00:00:00, Sys 0 00:00:00  -  Total Local Usage
	0  -  Run Bytes Sent By Job
	0  -  Run Bytes Received By Job
	0  -  Total Bytes Sent By Job
	0  -  Total Bytes Received By Job
	Partitionable Resources :    Usage  Request Allocated 
	   Cpus                 :     0.04        1         1 
	   Disk (KB)            :   750         750   6743395 
	   Memory (MB)          :   405        1500      1536 
	   Xferslots            :                           0 
...
000 (180473.001.000) 11/17 12:43:16 Job submitted from host: <130.199.48.9:9618?addrs=130.199.48.9-9618&noUDP&sock=12723_c4b4_3>
...
001 (180473.001.000) 11/17 12:43:44 Job executing on host: <130.199.156.233:9618?addrs=130.199.156.233-9618&noUDP&sock=36613_a6db_3>
...
006 (180473.001.000) 11/17 12:43:53 Image size of job updated: 160752
	73  -  MemoryUsage of job (MB)
	74408  -  ResidentSetSize of job (KB)
...
006 (180473.001.000) 11/17 12:48:54 Image size of job updated: 487844
	391  -  MemoryUsage of job (MB)
	399684  -  ResidentSetSize of job (KB)
...
006 (180473.001.000) 11/17 12:53:54 Image size of job updated: 492964
	396  -  MemoryUsage of job (MB)
	404804  -  ResidentSetSize of job (KB)
...
006 (180473.001.000) 11/17 12:55:01 Image size of job updated: 496720
	396  -  MemoryUsage of job (MB)
	404804  -  ResidentSetSize of job (KB)
...
005 (180473.001.000) 11/17 12:55:01 Job terminated.
	(0) Abnormal termination (signal 11)
	(0) No core file
		Usr 0 00:07:37, Sys 0 00:00:09  -  Run Remote Usage
		Usr 0 00:00:00, Sys 0 00:00:00  -  Run Local Usage
		Usr 0 00:07:37, Sys 0 00:00:09  -  Total Remote Usage
		Usr 0 00:00:00, Sys 0 00:00:00  -  Total Local Usage
	0  -  Run Bytes Sent By Job
	0  -  Run Bytes Received By Job
	0  -  Total Bytes Sent By Job
	0  -  Total Bytes Received By Job
	Partitionable Resources :    Usage  Request Allocated 
	   Cpus                 :     0.73        1         1 
	   Disk (KB)            :   750         750   6743395 
	   Memory (MB)          :   396        1500      1536 
	   Xferslots            :                           0 
...
000 (180474.001.000) 11/17 13:04:29 Job submitted from host: <130.199.48.9:9618?addrs=130.199.48.9-9618&noUDP&sock=12723_c4b4_3>
...
001 (180474.001.000) 11/17 13:04:53 Job executing on host: <130.199.157.16:9618?addrs=130.199.157.16-9618&noUDP&sock=37954_0fb4_3>
...
006 (180474.001.000) 11/17 13:05:02 Image size of job updated: 160832
	73  -  MemoryUsage of job (MB)
	74400  -  ResidentSetSize of job (KB)
...
006 (180474.001.000) 11/17 13:10:04 Image size of job updated: 1136728
	1024  -  MemoryUsage of job (MB)
	1048476  -  ResidentSetSize of job (KB)
...
006 (180474.001.000) 11/17 13:15:04 Image size of job updated: 1376352
	1258  -  MemoryUsage of job (MB)
	1288100  -  ResidentSetSize of job (KB)
...
006 (180474.001.000) 11/17 13:20:04 Image size of job updated: 1376392
	1258  -  MemoryUsage of job (MB)
	1288140  -  ResidentSetSize of job (KB)
...
006 (180474.001.000) 11/17 13:24:57 Image size of job updated: 1377436
	1258  -  MemoryUsage of job (MB)
	1288140  -  ResidentSetSize of job (KB)
...
005 (180474.001.000) 11/17 13:24:58 Job terminated.
	(1) Normal termination (return value 0)
		Usr 0 00:15:10, Sys 0 00:00:15  -  Run Remote Usage
		Usr 0 00:00:00, Sys 0 00:00:00  -  Run Local Usage
		Usr 0 00:15:10, Sys 0 00:00:15  -  Total Remote Usage
		Usr 0 00:00:00, Sys 0 00:00:00  -  Total Local Usage
	0  -  Run Bytes Sent By Job
	0  -  Run Bytes Received By Job
	0  -  Total Bytes Sent By Job
	0  -  Total Bytes Received By Job
	Partitionable Resources :    Usage  Request Allocated 
	   Cpus                 :     0.65        1         1 
	   Disk (KB)            :   750         750   6743395 
	   Memory (MB)          :  1258        1500      1536 
	   Xferslots            :                           0 
...
000 (180475.001.000) 11/17 16:42:12 Job submitted from host: <130.199.48.9:9618?addrs=130.199.48.9-9618&noUDP&sock=12723_c4b4_3>
...
001 (180475.001.000) 11/17 16:43:08 Job executing on host: <130.199.202.113:9618?addrs=130.199.202.113-9618&noUDP&sock=31957_1628_3>
...
006 (180475.001.000) 11/17 16:43:16 Image size of job updated: 160876
	73  -  MemoryUsage of job (MB)
	74424  -  ResidentSetSize of job (KB)
...
006 (180475.001.000) 11/17 16:48:16 Image size of job updated: 500084
	403  -  MemoryUsage of job (MB)
	411804  -  ResidentSetSize of job (KB)
...
006 (180475.001.000) 11/17 16:51:09 Image size of job updated: 505356
	403  -  MemoryUsage of job (MB)
	411804  -  ResidentSetSize of job (KB)
...
005 (180475.001.000) 11/17 16:51:10 Job terminated.
	(0) Abnormal termination (signal 6)
	(0) No core file
		Usr 0 00:06:51, Sys 0 00:00:09  -  Run Remote Usage
		Usr 0 00:00:00, Sys 0 00:00:00  -  Run Local Usage
		Usr 0 00:06:51, Sys 0 00:00:09  -  Total Remote Usage
		Usr 0 00:00:00, Sys 0 00:00:00  -  Total Local Usage
	0  -  Run Bytes Sent By Job
	0  -  Run Bytes Received By Job
	0  -  Total Bytes Sent By Job
	0  -  Total Bytes Received By Job
	Partitionable Resources :    Usage  Request Allocated 
	   Cpus                 :     0.91        1         1 
	   Disk (KB)            :   750         750   4811702 
	   Memory (MB)          :   403        1500      1536 
	   Xferslots            :                           0 
...
000 (180476.001.000) 11/17 16:59:07 Job submitted from host: <130.199.48.9:9618?addrs=130.199.48.9-9618&noUDP&sock=12723_c4b4_3>
...
001 (180476.001.000) 11/17 16:59:50 Job executing on host: <130.199.157.7:9618?addrs=130.199.157.7-9618&noUDP&sock=36738_3673_3>
...
006 (180476.001.000) 11/17 17:00:00 Image size of job updated: 750
	1  -  MemoryUsage of job (MB)
	248  -  ResidentSetSize of job (KB)
...
006 (180476.001.000) 11/17 17:05:00 Image size of job updated: 449492
	353  -  MemoryUsage of job (MB)
	361224  -  ResidentSetSize of job (KB)
...
006 (180476.001.000) 11/17 17:10:01 Image size of job updated: 678684
	577  -  MemoryUsage of job (MB)
	590416  -  ResidentSetSize of job (KB)
...
006 (180476.001.000) 11/17 17:15:01 Image size of job updated: 1094280
	983  -  MemoryUsage of job (MB)
	1006012  -  ResidentSetSize of job (KB)
...
006 (180476.001.000) 11/17 17:20:02 Image size of job updated: 1382464
	1264  -  MemoryUsage of job (MB)
	1294196  -  ResidentSetSize of job (KB)
...
006 (180476.001.000) 11/17 17:25:03 Image size of job updated: 1382684
	1265  -  MemoryUsage of job (MB)
	1294416  -  ResidentSetSize of job (KB)
...
006 (180476.001.000) 11/17 17:35:04 Image size of job updated: 1382776
	1265  -  MemoryUsage of job (MB)
	1294508  -  ResidentSetSize of job (KB)
...
006 (180476.001.000) 11/17 17:40:04 Image size of job updated: 1382836
	1265  -  MemoryUsage of job (MB)
	1294568  -  ResidentSetSize of job (KB)
...
005 (180476.001.000) 11/17 17:41:11 Job terminated.
	(0) Abnormal termination (signal 6)
	(0) No core file
		Usr 0 00:15:37, Sys 0 00:00:20  -  Run Remote Usage
		Usr 0 00:00:00, Sys 0 00:00:00  -  Run Local Usage
		Usr 0 00:15:37, Sys 0 00:00:20  -  Total Remote Usage
		Usr 0 00:00:00, Sys 0 00:00:00  -  Total Local Usage
	0  -  Run Bytes Sent By Job
	0  -  Run Bytes Received By Job
	0  -  Total Bytes Sent By Job
	0  -  Total Bytes Received By Job
	Partitionable Resources :    Usage  Request Allocated 
	   Cpus                 :     0.18        1         1 
	   Disk (KB)            :   750         750   6743395 
	   Memory (MB)          :  1265        1500      1536 
	   Xferslots            :                           0 
...
000 (271840.001.000) 11/19 09:18:26 Job submitted from host: <130.199.48.8:9618?addrs=130.199.48.8-9618&noUDP&sock=14204_7c76_3>
...
001 (271840.001.000) 11/19 09:22:15 Job executing on host: <130.199.157.149:9618?addrs=130.199.157.149-9618&noUDP&sock=217031_abd1_3>
...
006 (271840.001.000) 11/19 09:22:24 Image size of job updated: 16676
	4  -  MemoryUsage of job (MB)
	4004  -  ResidentSetSize of job (KB)
...
006 (271840.001.000) 11/19 09:24:33 Image size of job updated: 355588
	4  -  MemoryUsage of job (MB)
	4004  -  ResidentSetSize of job (KB)
...
004 (271840.001.000) 11/19 09:24:40 Job was evicted.
	(0) Job was not checkpointed.
		Usr 0 00:00:20, Sys 0 00:00:01  -  Run Remote Usage
		Usr 0 00:00:00, Sys 0 00:00:00  -  Run Local Usage
	0  -  Run Bytes Sent By Job
	0  -  Run Bytes Received By Job
	Partitionable Resources :    Usage  Request Allocated 
	   Cpus                 :     0.39        1         1 
	   Disk (KB)            :   750         750  14337878 
	   Memory (MB)          :     4        1500      1536 
	   Xferslots            :                           0 
...
009 (271840.001.000) 11/19 09:24:40 Job was aborted by the user.
	via condor_rm (by user jeff)
...
000 (271843.001.000) 11/19 09:39:52 Job submitted from host: <130.199.48.8:9618?addrs=130.199.48.8-9618&noUDP&sock=14204_7c76_3>
...
001 (271843.001.000) 11/19 09:40:45 Job executing on host: <130.199.202.109:9618?addrs=130.199.202.109-9618&noUDP&sock=400631_c0dd_3>
...
006 (271843.001.000) 11/19 09:40:53 Image size of job updated: 281072
	189  -  MemoryUsage of job (MB)
	193020  -  ResidentSetSize of job (KB)
...
006 (271843.001.000) 11/19 09:45:53 Image size of job updated: 350452
	257  -  MemoryUsage of job (MB)
	262392  -  ResidentSetSize of job (KB)
...
006 (271843.001.000) 11/19 09:47:41 Image size of job updated: 365912
	257  -  MemoryUsage of job (MB)
	262392  -  ResidentSetSize of job (KB)
...
005 (271843.001.000) 11/19 09:47:41 Job terminated.
	(0) Abnormal termination (signal 6)
	(0) No core file
		Usr 0 00:06:09, Sys 0 00:00:09  -  Run Remote Usage
		Usr 0 00:00:00, Sys 0 00:00:00  -  Run Local Usage
		Usr 0 00:06:09, Sys 0 00:00:09  -  Total Remote Usage
		Usr 0 00:00:00, Sys 0 00:00:00  -  Total Local Usage
	0  -  Run Bytes Sent By Job
	0  -  Run Bytes Received By Job
	0  -  Total Bytes Sent By Job
	0  -  Total Bytes Received By Job
	Partitionable Resources :    Usage  Request Allocated 
	   Cpus                 :     0.96        1         1 
	   Disk (KB)            :   750         750   4811701 
	   Memory (MB)          :   257        1500      1536 
	   Xferslots            :                           0 
...
000 (271844.001.000) 11/19 10:17:50 Job submitted from host: <130.199.48.8:9618?addrs=130.199.48.8-9618&noUDP&sock=14204_7c76_3>
...
001 (271844.001.000) 11/19 10:19:10 Job executing on host: <130.199.157.5:9618?addrs=130.199.157.5-9618&noUDP&sock=118115_0182_3>
...
006 (271844.001.000) 11/19 10:19:19 Image size of job updated: 750
	0  -  MemoryUsage of job (MB)
	0  -  ResidentSetSize of job (KB)
...
005 (271844.001.000) 11/19 10:19:19 Job terminated.
	(1) Normal termination (return value 1)
		Usr 0 00:00:00, Sys 0 00:00:00  -  Run Remote Usage
		Usr 0 00:00:00, Sys 0 00:00:00  -  Run Local Usage
		Usr 0 00:00:00, Sys 0 00:00:00  -  Total Remote Usage
		Usr 0 00:00:00, Sys 0 00:00:00  -  Total Local Usage
	0  -  Run Bytes Sent By Job
	0  -  Run Bytes Received By Job
	0  -  Total Bytes Sent By Job
	0  -  Total Bytes Received By Job
	Partitionable Resources :    Usage  Request Allocated 
	   Cpus                 :     0.04        1         1 
	   Disk (KB)            :   750         750   6743395 
	   Memory (MB)          :     0        1500      1536 
	   Xferslots            :                           0 
...
000 (271845.001.000) 11/19 10:19:43 Job submitted from host: <130.199.48.8:9618?addrs=130.199.48.8-9618&noUDP&sock=14204_7c76_3>
...
001 (271845.001.000) 11/19 10:22:07 Job executing on host: <130.199.200.98:9618?addrs=130.199.200.98-9618&noUDP&sock=24289_42e8_3>
...
006 (271845.001.000) 11/19 10:22:16 Image size of job updated: 288968
	197  -  MemoryUsage of job (MB)
	201144  -  ResidentSetSize of job (KB)
...
006 (271845.001.000) 11/19 10:27:17 Image size of job updated: 1380948
	1263  -  MemoryUsage of job (MB)
	1292624  -  ResidentSetSize of job (KB)
...
006 (271845.001.000) 11/19 10:32:18 Image size of job updated: 1381292
	1263  -  MemoryUsage of job (MB)
	1292968  -  ResidentSetSize of job (KB)
...
006 (271845.001.000) 11/19 10:33:57 Image size of job updated: 1381320
	1263  -  MemoryUsage of job (MB)
	1292968  -  ResidentSetSize of job (KB)
...
005 (271845.001.000) 11/19 10:33:57 Job terminated.
	(0) Abnormal termination (signal 6)
	(0) No core file
		Usr 0 00:10:47, Sys 0 00:00:13  -  Run Remote Usage
		Usr 0 00:00:00, Sys 0 00:00:00  -  Run Local Usage
		Usr 0 00:10:47, Sys 0 00:00:13  -  Total Remote Usage
		Usr 0 00:00:00, Sys 0 00:00:00  -  Total Local Usage
	0  -  Run Bytes Sent By Job
	0  -  Run Bytes Received By Job
	0  -  Total Bytes Sent By Job
	0  -  Total Bytes Received By Job
	Partitionable Resources :    Usage  Request Allocated 
	   Cpus                 :     0.93        1         1 
	   Disk (KB)            :   750         750   5091738 
	   Memory (MB)          :  1263        1500      1536 
	   Xferslots            :                           0 
...
000 (271846.001.000) 11/19 10:39:42 Job submitted from host: <130.199.48.8:9618?addrs=130.199.48.8-9618&noUDP&sock=14204_7c76_3>
...
000 (271847.001.000) 11/19 10:40:43 Job submitted from host: <130.199.48.8:9618?addrs=130.199.48.8-9618&noUDP&sock=14204_7c76_3>
...
009 (271847.001.000) 11/19 10:40:46 Job was aborted by the user.
	via condor_rm (by user jeff)
...
001 (271846.001.000) 11/19 10:43:52 Job executing on host: <130.199.157.139:9618?addrs=130.199.157.139-9618&noUDP&sock=216434_ba6b_3>
...
006 (271846.001.000) 11/19 10:44:03 Image size of job updated: 750
	1  -  MemoryUsage of job (MB)
	228  -  ResidentSetSize of job (KB)
...
006 (271846.001.000) 11/19 10:49:03 Image size of job updated: 354608
	261  -  MemoryUsage of job (MB)
	266772  -  ResidentSetSize of job (KB)
...
006 (271846.001.000) 11/19 10:54:03 Image size of job updated: 375052
	281  -  MemoryUsage of job (MB)
	287216  -  ResidentSetSize of job (KB)
...
006 (271846.001.000) 11/19 10:59:04 Image size of job updated: 451180
	355  -  MemoryUsage of job (MB)
	362860  -  ResidentSetSize of job (KB)
...
006 (271846.001.000) 11/19 11:04:04 Image size of job updated: 498108
	401  -  MemoryUsage of job (MB)
	409780  -  ResidentSetSize of job (KB)
...
006 (271846.001.000) 11/19 11:09:05 Image size of job updated: 503232
	406  -  MemoryUsage of job (MB)
	414904  -  ResidentSetSize of job (KB)
...
006 (271846.001.000) 11/19 11:11:01 Image size of job updated: 786920
	406  -  MemoryUsage of job (MB)
	414904  -  ResidentSetSize of job (KB)
...
005 (271846.001.000) 11/19 11:11:02 Job terminated.
	(0) Abnormal termination (signal 6)
	(0) No core file
		Usr 0 00:05:10, Sys 0 00:00:11  -  Run Remote Usage
		Usr 0 00:00:00, Sys 0 00:00:00  -  Run Local Usage
		Usr 0 00:05:10, Sys 0 00:00:11  -  Total Remote Usage
		Usr 0 00:00:00, Sys 0 00:00:00  -  Total Local Usage
	0  -  Run Bytes Sent By Job
	0  -  Run Bytes Received By Job
	0  -  Total Bytes Sent By Job
	0  -  Total Bytes Received By Job
	Partitionable Resources :    Usage  Request Allocated 
	   Cpus                 :        0        1         1 
	   Disk (KB)            :      750      750  14337878 
	   Memory (MB)          :      406     1500      1536 
	   Xferslots            :                           0 
...
000 (273103.001.000) 11/20 08:43:51 Job submitted from host: <130.199.48.8:9618?addrs=130.199.48.8-9618&noUDP&sock=14204_7c76_3>
...
001 (273103.001.000) 11/20 08:44:24 Job executing on host: <130.199.200.105:9618?addrs=130.199.200.105-9618&noUDP&sock=115346_a700_3>
...
006 (273103.001.000) 11/20 08:44:26 Image size of job updated: 9136
	0  -  MemoryUsage of job (MB)
	0  -  ResidentSetSize of job (KB)
...
005 (273103.001.000) 11/20 08:44:26 Job terminated.
	(1) Normal termination (return value 127)
		Usr 0 00:00:00, Sys 0 00:00:00  -  Run Remote Usage
		Usr 0 00:00:00, Sys 0 00:00:00  -  Run Local Usage
		Usr 0 00:00:00, Sys 0 00:00:00  -  Total Remote Usage
		Usr 0 00:00:00, Sys 0 00:00:00  -  Total Local Usage
	0  -  Run Bytes Sent By Job
	0  -  Run Bytes Received By Job
	0  -  Total Bytes Sent By Job
	0  -  Total Bytes Received By Job
	Partitionable Resources :    Usage  Request Allocated 
	   Cpus                 :        0        1         1 
	   Disk (KB)            :      750      750   5106409 
	   Memory (MB)          :        0     1500      1536 
	   Xferslots            :                           0 
...
000 (273104.001.000) 11/20 08:45:01 Job submitted from host: <130.199.48.8:9618?addrs=130.199.48.8-9618&noUDP&sock=14204_7c76_3>
...
001 (273104.001.000) 11/20 08:45:31 Job executing on host: <130.199.200.100:9618?addrs=130.199.200.100-9618&noUDP&sock=117101_1672_3>
...
006 (273104.001.000) 11/20 08:45:40 Image size of job updated: 155376
	68  -  MemoryUsage of job (MB)
	68876  -  ResidentSetSize of job (KB)
...
006 (273104.001.000) 11/20 08:50:40 Image size of job updated: 420708
	326  -  MemoryUsage of job (MB)
	332864  -  ResidentSetSize of job (KB)
...
006 (273104.001.000) 11/20 08:51:35 Image size of job updated: 421292
	326  -  MemoryUsage of job (MB)
	332864  -  ResidentSetSize of job (KB)
...
005 (273104.001.000) 11/20 08:51:36 Job terminated.
	(0) Abnormal termination (signal 6)
	(0) No core file
		Usr 0 00:04:46, Sys 0 00:00:07  -  Run Remote Usage
		Usr 0 00:00:00, Sys 0 00:00:00  -  Run Local Usage
		Usr 0 00:04:46, Sys 0 00:00:07  -  Total Remote Usage
		Usr 0 00:00:00, Sys 0 00:00:00  -  Total Local Usage
	0  -  Run Bytes Sent By Job
	0  -  Run Bytes Received By Job
	0  -  Total Bytes Sent By Job
	0  -  Total Bytes Received By Job
	Partitionable Resources :    Usage  Request Allocated 
	   Cpus                 :     0.85        1         1 
	   Disk (KB)            :   750         750   5106409 
	   Memory (MB)          :   326        1500      1536 
	   Xferslots            :                           0 
...
000 (273105.001.000) 11/20 09:33:59 Job submitted from host: <130.199.48.8:9618?addrs=130.199.48.8-9618&noUDP&sock=14204_7c76_3>
...
001 (273105.001.000) 11/20 09:34:50 Job executing on host: <130.199.157.142:9618?addrs=130.199.157.142-9618&noUDP&sock=215418_2d51_3>
...
006 (273105.001.000) 11/20 09:34:58 Image size of job updated: 155376
	68  -  MemoryUsage of job (MB)
	68872  -  ResidentSetSize of job (KB)
...
006 (273105.001.000) 11/20 09:39:58 Image size of job updated: 1274040
	1158  -  MemoryUsage of job (MB)
	1185716  -  ResidentSetSize of job (KB)
...
006 (273105.001.000) 11/20 09:44:59 Image size of job updated: 1327412
	1211  -  MemoryUsage of job (MB)
	1239088  -  ResidentSetSize of job (KB)
...
006 (273105.001.000) 11/20 09:50:00 Image size of job updated: 1330040
	1213  -  MemoryUsage of job (MB)
	1241716  -  ResidentSetSize of job (KB)
...
005 (273105.001.000) 11/20 09:50:55 Job terminated.
	(0) Abnormal termination (signal 6)
	(0) No core file
		Usr 0 00:11:25, Sys 0 00:00:13  -  Run Remote Usage
		Usr 0 00:00:00, Sys 0 00:00:00  -  Run Local Usage
		Usr 0 00:11:25, Sys 0 00:00:13  -  Total Remote Usage
		Usr 0 00:00:00, Sys 0 00:00:00  -  Total Local Usage
	0  -  Run Bytes Sent By Job
	0  -  Run Bytes Received By Job
	0  -  Total Bytes Sent By Job
	0  -  Total Bytes Received By Job
	Partitionable Resources :    Usage  Request Allocated 
	   Cpus                 :     0.72        1         1 
	   Disk (KB)            :   750         750  14337878 
	   Memory (MB)          :  1213        1500      1536 
	   Xferslots            :                           0 
...
000 (305270.000.000) 01/14 09:50:01 Job submitted from host: <130.199.48.8:9618?addrs=130.199.48.8-9618&noUDP&sock=23074_baac_3>
...
001 (305270.000.000) 01/14 09:50:33 Job executing on host: <130.199.156.232:9618?addrs=130.199.156.232-9618&noUDP&sock=314997_ac65_3>
...
006 (305270.000.000) 01/14 09:50:38 Image size of job updated: 77664
	0  -  MemoryUsage of job (MB)
	0  -  ResidentSetSize of job (KB)
...
005 (305270.000.000) 01/14 09:50:39 Job terminated.
	(0) Abnormal termination (signal 6)
	(0) No core file
		Usr 0 00:00:00, Sys 0 00:00:01  -  Run Remote Usage
		Usr 0 00:00:00, Sys 0 00:00:00  -  Run Local Usage
		Usr 0 00:00:00, Sys 0 00:00:01  -  Total Remote Usage
		Usr 0 00:00:00, Sys 0 00:00:00  -  Total Local Usage
	0  -  Run Bytes Sent By Job
	0  -  Run Bytes Received By Job
	0  -  Total Bytes Sent By Job
	0  -  Total Bytes Received By Job
	Partitionable Resources :    Usage  Request Allocated 
	   Cpus                 :        0        1         1 
	   Disk (KB)            :      750      750   6743395 
	   Memory (MB)          :        0     1500      1500 
	   Xferslots            :                           0 
...
