000 (163792.002.000) 11/16 14:23:59 Job submitted from host: <130.199.48.9:9618?addrs=130.199.48.9-9618&noUDP&sock=12723_c4b4_3>
...
001 (163792.002.000) 11/16 14:24:40 Job executing on host: <130.199.202.115:9618?addrs=130.199.202.115-9618&noUDP&sock=32169_2e8f_3>
...
006 (163792.002.000) 11/16 14:24:49 Image size of job updated: 160176
	73  -  MemoryUsage of job (MB)
	73744  -  ResidentSetSize of job (KB)
...
006 (163792.002.000) 11/16 14:29:50 Image size of job updated: 309604
	217  -  MemoryUsage of job (MB)
	221860  -  ResidentSetSize of job (KB)
...
005 (163792.002.000) 11/16 14:31:19 Job terminated.
	(1) Normal termination (return value 0)
		Usr 0 00:05:14, Sys 0 00:00:09  -  Run Remote Usage
		Usr 0 00:00:00, Sys 0 00:00:00  -  Run Local Usage
		Usr 0 00:05:14, Sys 0 00:00:09  -  Total Remote Usage
		Usr 0 00:00:00, Sys 0 00:00:00  -  Total Local Usage
	0  -  Run Bytes Sent By Job
	0  -  Run Bytes Received By Job
	0  -  Total Bytes Sent By Job
	0  -  Total Bytes Received By Job
	Partitionable Resources :    Usage  Request Allocated 
	   Cpus                 :     0.73        1         1 
	   Disk (KB)            :   750         750   4811694 
	   Memory (MB)          :   217        1500      1536 
	   Xferslots            :                           0 
...
000 (180469.002.000) 11/16 16:27:52 Job submitted from host: <130.199.48.9:9618?addrs=130.199.48.9-9618&noUDP&sock=12723_c4b4_3>
...
009 (180469.002.000) 11/16 17:38:29 Job was aborted by the user.
	via condor_rm (by user jeff)
...
000 (180470.002.000) 11/16 17:38:34 Job submitted from host: <130.199.48.9:9618?addrs=130.199.48.9-9618&noUDP&sock=12723_c4b4_3>
...
009 (180470.002.000) 11/16 17:40:13 Job was aborted by the user.
	via condor_rm (by user jeff)
...
000 (464514.002.000) 11/16 17:41:01 Job submitted from host: <130.199.48.7:9618?addrs=130.199.48.7-9618&noUDP&sock=14234_fb15_3>
...
001 (464514.002.000) 11/16 17:42:19 Job executing on host: <130.199.157.14:9618?addrs=130.199.157.14-9618&noUDP&sock=36747_0fa3_3>
...
006 (464514.002.000) 11/16 17:42:28 Image size of job updated: 750
	1  -  MemoryUsage of job (MB)
	304  -  ResidentSetSize of job (KB)
...
006 (464514.002.000) 11/16 17:47:28 Image size of job updated: 262712
	257  -  MemoryUsage of job (MB)
	262592  -  ResidentSetSize of job (KB)
...
006 (464514.002.000) 11/16 17:52:29 Image size of job updated: 319444
	312  -  MemoryUsage of job (MB)
	319324  -  ResidentSetSize of job (KB)
...
006 (464514.002.000) 11/16 17:57:30 Image size of job updated: 356880
	349  -  MemoryUsage of job (MB)
	356760  -  ResidentSetSize of job (KB)
...
006 (464514.002.000) 11/16 18:02:32 Image size of job updated: 400612
	392  -  MemoryUsage of job (MB)
	400492  -  ResidentSetSize of job (KB)
...
006 (464514.002.000) 11/16 18:07:30 Image size of job updated: 401756
	393  -  MemoryUsage of job (MB)
	401636  -  ResidentSetSize of job (KB)
...
005 (464514.002.000) 11/16 18:15:11 Job terminated.
	(1) Normal termination (return value 0)
		Usr 0 00:06:53, Sys 0 00:00:13  -  Run Remote Usage
		Usr 0 00:00:00, Sys 0 00:00:00  -  Run Local Usage
		Usr 0 00:06:53, Sys 0 00:00:13  -  Total Remote Usage
		Usr 0 00:00:00, Sys 0 00:00:00  -  Total Local Usage
	0  -  Run Bytes Sent By Job
	0  -  Run Bytes Received By Job
	0  -  Total Bytes Sent By Job
	0  -  Total Bytes Received By Job
	Partitionable Resources :    Usage  Request Allocated 
	   Cpus                 :        0        1         1 
	   Disk (KB)            :      750      750   6743395 
	   Memory (MB)          :      393     1500      1536 
	   Xferslots            :                           0 
...
000 (180471.002.000) 11/17 12:09:35 Job submitted from host: <130.199.48.9:9618?addrs=130.199.48.9-9618&noUDP&sock=12723_c4b4_3>
...
009 (180471.002.000) 11/17 12:09:48 Job was aborted by the user.
	via condor_rm (by user jeff)
...
000 (180472.002.000) 11/17 12:11:28 Job submitted from host: <130.199.48.9:9618?addrs=130.199.48.9-9618&noUDP&sock=12723_c4b4_3>
...
001 (180472.002.000) 11/17 12:12:09 Job executing on host: <130.199.200.111:9618?addrs=130.199.200.111-9618&noUDP&sock=36784_c568_3>
...
006 (180472.002.000) 11/17 12:12:17 Image size of job updated: 291396
	199  -  MemoryUsage of job (MB)
	203648  -  ResidentSetSize of job (KB)
...
006 (180472.002.000) 11/17 12:17:17 Image size of job updated: 498344
	401  -  MemoryUsage of job (MB)
	410096  -  ResidentSetSize of job (KB)
...
005 (180472.002.000) 11/17 12:18:34 Job terminated.
	(1) Normal termination (return value 0)
		Usr 0 00:05:15, Sys 0 00:00:09  -  Run Remote Usage
		Usr 0 00:00:00, Sys 0 00:00:00  -  Run Local Usage
		Usr 0 00:05:15, Sys 0 00:00:09  -  Total Remote Usage
		Usr 0 00:00:00, Sys 0 00:00:00  -  Total Local Usage
	0  -  Run Bytes Sent By Job
	0  -  Run Bytes Received By Job
	0  -  Total Bytes Sent By Job
	0  -  Total Bytes Received By Job
	Partitionable Resources :    Usage  Request Allocated 
	   Cpus                 :     0.83        1         1 
	   Disk (KB)            :   750         750   5106401 
	   Memory (MB)          :   401        1500      1536 
	   Xferslots            :                           0 
...
000 (180473.002.000) 11/17 12:43:16 Job submitted from host: <130.199.48.9:9618?addrs=130.199.48.9-9618&noUDP&sock=12723_c4b4_3>
...
001 (180473.002.000) 11/17 12:43:42 Job executing on host: <130.199.200.113:9618?addrs=130.199.200.113-9618&noUDP&sock=113468_49ff_3>
...
006 (180473.002.000) 11/17 12:43:51 Image size of job updated: 172048
	83  -  MemoryUsage of job (MB)
	84848  -  ResidentSetSize of job (KB)
...
006 (180473.002.000) 11/17 12:48:51 Image size of job updated: 500684
	403  -  MemoryUsage of job (MB)
	412436  -  ResidentSetSize of job (KB)
...
005 (180473.002.000) 11/17 12:50:12 Job terminated.
	(1) Normal termination (return value 0)
		Usr 0 00:05:11, Sys 0 00:00:09  -  Run Remote Usage
		Usr 0 00:00:00, Sys 0 00:00:00  -  Run Local Usage
		Usr 0 00:05:11, Sys 0 00:00:09  -  Total Remote Usage
		Usr 0 00:00:00, Sys 0 00:00:00  -  Total Local Usage
	0  -  Run Bytes Sent By Job
	0  -  Run Bytes Received By Job
	0  -  Total Bytes Sent By Job
	0  -  Total Bytes Received By Job
	Partitionable Resources :    Usage  Request Allocated 
	   Cpus                 :     0.85        1         1 
	   Disk (KB)            :   750         750   5106409 
	   Memory (MB)          :   403        1500      1536 
	   Xferslots            :                           0 
...
000 (180474.002.000) 11/17 13:04:29 Job submitted from host: <130.199.48.9:9618?addrs=130.199.48.9-9618&noUDP&sock=12723_c4b4_3>
...
001 (180474.002.000) 11/17 13:04:53 Job executing on host: <130.199.202.110:9618?addrs=130.199.202.110-9618&noUDP&sock=30570_1e5a_3>
...
006 (180474.002.000) 11/17 13:05:01 Image size of job updated: 158316
	70  -  MemoryUsage of job (MB)
	71004  -  ResidentSetSize of job (KB)
...
006 (180474.002.000) 11/17 13:10:01 Image size of job updated: 1201532
	1087  -  MemoryUsage of job (MB)
	1112404  -  ResidentSetSize of job (KB)
...
006 (180474.002.000) 11/17 13:15:01 Image size of job updated: 1376432
	1258  -  MemoryUsage of job (MB)
	1287304  -  ResidentSetSize of job (KB)
...
005 (180474.002.000) 11/17 13:20:54 Job terminated.
	(1) Normal termination (return value 0)
		Usr 0 00:14:31, Sys 0 00:00:16  -  Run Remote Usage
		Usr 0 00:00:00, Sys 0 00:00:00  -  Run Local Usage
		Usr 0 00:14:31, Sys 0 00:00:16  -  Total Remote Usage
		Usr 0 00:00:00, Sys 0 00:00:00  -  Total Local Usage
	0  -  Run Bytes Sent By Job
	0  -  Run Bytes Received By Job
	0  -  Total Bytes Sent By Job
	0  -  Total Bytes Received By Job
	Partitionable Resources :    Usage  Request Allocated 
	   Cpus                 :     0.92        1         1 
	   Disk (KB)            :   750         750   4811687 
	   Memory (MB)          :  1258        1500      1536 
	   Xferslots            :                           0 
...
000 (180475.002.000) 11/17 16:42:12 Job submitted from host: <130.199.48.9:9618?addrs=130.199.48.9-9618&noUDP&sock=12723_c4b4_3>
...
001 (180475.002.000) 11/17 16:43:06 Job executing on host: <130.199.200.92:9618?addrs=130.199.200.92-9618&noUDP&sock=20369_a17f_3>
...
006 (180475.002.000) 11/17 16:43:15 Image size of job updated: 161468
	73  -  MemoryUsage of job (MB)
	74252  -  ResidentSetSize of job (KB)
...
006 (180475.002.000) 11/17 16:48:16 Image size of job updated: 453252
	357  -  MemoryUsage of job (MB)
	364984  -  ResidentSetSize of job (KB)
...
006 (180475.002.000) 11/17 16:53:16 Image size of job updated: 454316
	358  -  MemoryUsage of job (MB)
	366040  -  ResidentSetSize of job (KB)
...
006 (180475.002.000) 11/17 16:54:19 Image size of job updated: 456856
	358  -  MemoryUsage of job (MB)
	366040  -  ResidentSetSize of job (KB)
...
005 (180475.002.000) 11/17 16:54:19 Job terminated.
	(0) Abnormal termination (signal 6)
	(0) No core file
		Usr 0 00:09:58, Sys 0 00:00:11  -  Run Remote Usage
		Usr 0 00:00:00, Sys 0 00:00:00  -  Run Local Usage
		Usr 0 00:09:58, Sys 0 00:00:11  -  Total Remote Usage
		Usr 0 00:00:00, Sys 0 00:00:00  -  Total Local Usage
	0  -  Run Bytes Sent By Job
	0  -  Run Bytes Received By Job
	0  -  Total Bytes Sent By Job
	0  -  Total Bytes Received By Job
	Partitionable Resources :    Usage  Request Allocated 
	   Cpus                 :     0.91        1         1 
	   Disk (KB)            :   750         750   3815130 
	   Memory (MB)          :   358        1500      1536 
	   Xferslots            :                           0 
...
000 (180476.002.000) 11/17 16:59:07 Job submitted from host: <130.199.48.9:9618?addrs=130.199.48.9-9618&noUDP&sock=12723_c4b4_3>
...
001 (180476.002.000) 11/17 16:59:41 Job executing on host: <130.199.202.115:9618?addrs=130.199.202.115-9618&noUDP&sock=32169_2e8f_3>
...
006 (180476.002.000) 11/17 16:59:49 Image size of job updated: 160232
	73  -  MemoryUsage of job (MB)
	73776  -  ResidentSetSize of job (KB)
...
006 (180476.002.000) 11/17 17:04:49 Image size of job updated: 1159196
	1046  -  MemoryUsage of job (MB)
	1070932  -  ResidentSetSize of job (KB)
...
006 (180476.002.000) 11/17 17:09:50 Image size of job updated: 1317008
	1200  -  MemoryUsage of job (MB)
	1228744  -  ResidentSetSize of job (KB)
...
006 (180476.002.000) 11/17 17:14:51 Image size of job updated: 1324092
	1207  -  MemoryUsage of job (MB)
	1235828  -  ResidentSetSize of job (KB)
...
005 (180476.002.000) 11/17 17:16:16 Job terminated.
	(0) Abnormal termination (signal 6)
	(0) No core file
		Usr 0 00:15:07, Sys 0 00:00:18  -  Run Remote Usage
		Usr 0 00:00:00, Sys 0 00:00:00  -  Run Local Usage
		Usr 0 00:15:07, Sys 0 00:00:18  -  Total Remote Usage
		Usr 0 00:00:00, Sys 0 00:00:00  -  Total Local Usage
	0  -  Run Bytes Sent By Job
	0  -  Run Bytes Received By Job
	0  -  Total Bytes Sent By Job
	0  -  Total Bytes Received By Job
	Partitionable Resources :    Usage  Request Allocated 
	   Cpus                 :     0.90        1         1 
	   Disk (KB)            :   750         750   4811694 
	   Memory (MB)          :  1207        1500      1536 
	   Xferslots            :                           0 
...
000 (271840.002.000) 11/19 09:18:26 Job submitted from host: <130.199.48.8:9618?addrs=130.199.48.8-9618&noUDP&sock=14204_7c76_3>
...
001 (271840.002.000) 11/19 09:22:02 Job executing on host: <130.199.157.139:9618?addrs=130.199.157.139-9618&noUDP&sock=216434_ba6b_3>
...
006 (271840.002.000) 11/19 09:22:11 Image size of job updated: 157408
	70  -  MemoryUsage of job (MB)
	70904  -  ResidentSetSize of job (KB)
...
006 (271840.002.000) 11/19 09:24:29 Image size of job updated: 257852
	70  -  MemoryUsage of job (MB)
	70904  -  ResidentSetSize of job (KB)
...
004 (271840.002.000) 11/19 09:24:29 Job was evicted.
	(0) Job was not checkpointed.
		Usr 0 00:01:20, Sys 0 00:00:03  -  Run Remote Usage
		Usr 0 00:00:00, Sys 0 00:00:00  -  Run Local Usage
	0  -  Run Bytes Sent By Job
	0  -  Run Bytes Received By Job
	Partitionable Resources :    Usage  Request Allocated 
	   Cpus                 :     0.64        1         1 
	   Disk (KB)            :   750         750  14337878 
	   Memory (MB)          :    70        1500      1536 
	   Xferslots            :                           0 
...
009 (271840.002.000) 11/19 09:24:29 Job was aborted by the user.
	via condor_rm (by user jeff)
...
000 (271843.002.000) 11/19 09:39:52 Job submitted from host: <130.199.48.8:9618?addrs=130.199.48.8-9618&noUDP&sock=14204_7c76_3>
...
001 (271843.002.000) 11/19 09:40:45 Job executing on host: <130.199.202.106:9618?addrs=130.199.202.106-9618&noUDP&sock=31922_026e_3>
...
006 (271843.002.000) 11/19 09:40:53 Image size of job updated: 159928
	73  -  MemoryUsage of job (MB)
	73772  -  ResidentSetSize of job (KB)
...
006 (271843.002.000) 11/19 09:45:53 Image size of job updated: 315476
	223  -  MemoryUsage of job (MB)
	227912  -  ResidentSetSize of job (KB)
...
006 (271843.002.000) 11/19 09:48:19 Image size of job updated: 347368
	223  -  MemoryUsage of job (MB)
	227912  -  ResidentSetSize of job (KB)
...
005 (271843.002.000) 11/19 09:48:19 Job terminated.
	(0) Abnormal termination (signal 6)
	(0) No core file
		Usr 0 00:06:42, Sys 0 00:00:11  -  Run Remote Usage
		Usr 0 00:00:00, Sys 0 00:00:00  -  Run Local Usage
		Usr 0 00:06:42, Sys 0 00:00:11  -  Total Remote Usage
		Usr 0 00:00:00, Sys 0 00:00:00  -  Total Local Usage
	0  -  Run Bytes Sent By Job
	0  -  Run Bytes Received By Job
	0  -  Total Bytes Sent By Job
	0  -  Total Bytes Received By Job
	Partitionable Resources :    Usage  Request Allocated 
	   Cpus                 :     0.93        1         1 
	   Disk (KB)            :   750         750   4811698 
	   Memory (MB)          :   223        1500      1536 
	   Xferslots            :                           0 
...
000 (271844.002.000) 11/19 10:17:50 Job submitted from host: <130.199.48.8:9618?addrs=130.199.48.8-9618&noUDP&sock=14204_7c76_3>
...
001 (271844.002.000) 11/19 10:19:01 Job executing on host: <130.199.157.7:9618?addrs=130.199.157.7-9618&noUDP&sock=36738_3673_3>
...
006 (271844.002.000) 11/19 10:19:04 Image size of job updated: 750
	0  -  MemoryUsage of job (MB)
	0  -  ResidentSetSize of job (KB)
...
005 (271844.002.000) 11/19 10:19:04 Job terminated.
	(1) Normal termination (return value 1)
		Usr 0 00:00:00, Sys 0 00:00:00  -  Run Remote Usage
		Usr 0 00:00:00, Sys 0 00:00:00  -  Run Local Usage
		Usr 0 00:00:00, Sys 0 00:00:00  -  Total Remote Usage
		Usr 0 00:00:00, Sys 0 00:00:00  -  Total Local Usage
	0  -  Run Bytes Sent By Job
	0  -  Run Bytes Received By Job
	0  -  Total Bytes Sent By Job
	0  -  Total Bytes Received By Job
	Partitionable Resources :    Usage  Request Allocated 
	   Cpus                 :                 1         1 
	   Disk (KB)            :      750      750   6743395 
	   Memory (MB)          :        0     1500      1536 
	   Xferslots            :                           0 
...
000 (271845.002.000) 11/19 10:19:43 Job submitted from host: <130.199.48.8:9618?addrs=130.199.48.8-9618&noUDP&sock=14204_7c76_3>
...
001 (271845.002.000) 11/19 10:22:07 Job executing on host: <130.199.202.108:9618?addrs=130.199.202.108-9618&noUDP&sock=27505_15b3_3>
...
006 (271845.002.000) 11/19 10:22:15 Image size of job updated: 210784
	122  -  MemoryUsage of job (MB)
	123908  -  ResidentSetSize of job (KB)
...
006 (271845.002.000) 11/19 10:27:15 Image size of job updated: 1243176
	1129  -  MemoryUsage of job (MB)
	1155820  -  ResidentSetSize of job (KB)
...
006 (271845.002.000) 11/19 10:32:16 Image size of job updated: 1363144
	1246  -  MemoryUsage of job (MB)
	1275788  -  ResidentSetSize of job (KB)
...
005 (271845.002.000) 11/19 10:37:41 Job terminated.
	(0) Abnormal termination (signal 6)
	(0) No core file
		Usr 0 00:14:10, Sys 0 00:00:17  -  Run Remote Usage
		Usr 0 00:00:00, Sys 0 00:00:00  -  Run Local Usage
		Usr 0 00:14:10, Sys 0 00:00:17  -  Total Remote Usage
		Usr 0 00:00:00, Sys 0 00:00:00  -  Total Local Usage
	0  -  Run Bytes Sent By Job
	0  -  Run Bytes Received By Job
	0  -  Total Bytes Sent By Job
	0  -  Total Bytes Received By Job
	Partitionable Resources :    Usage  Request Allocated 
	   Cpus                 :     0.85        1         1 
	   Disk (KB)            :   750         750   4811752 
	   Memory (MB)          :  1246        1500      1536 
	   Xferslots            :                           0 
...
000 (271846.002.000) 11/19 10:39:42 Job submitted from host: <130.199.48.8:9618?addrs=130.199.48.8-9618&noUDP&sock=14204_7c76_3>
...
000 (271847.002.000) 11/19 10:40:43 Job submitted from host: <130.199.48.8:9618?addrs=130.199.48.8-9618&noUDP&sock=14204_7c76_3>
...
009 (271847.002.000) 11/19 10:40:46 Job was aborted by the user.
	via condor_rm (by user jeff)
...
001 (271846.002.000) 11/19 10:43:56 Job executing on host: <130.199.157.7:9618?addrs=130.199.157.7-9618&noUDP&sock=36738_3673_3>
...
006 (271846.002.000) 11/19 10:44:07 Image size of job updated: 750
	1  -  MemoryUsage of job (MB)
	284  -  ResidentSetSize of job (KB)
...
006 (271846.002.000) 11/19 10:49:07 Image size of job updated: 351352
	258  -  MemoryUsage of job (MB)
	263520  -  ResidentSetSize of job (KB)
...
006 (271846.002.000) 11/19 10:54:07 Image size of job updated: 390912
	296  -  MemoryUsage of job (MB)
	303080  -  ResidentSetSize of job (KB)
...
006 (271846.002.000) 11/19 10:59:08 Image size of job updated: 451404
	355  -  MemoryUsage of job (MB)
	363088  -  ResidentSetSize of job (KB)
...
006 (271846.002.000) 11/19 11:04:08 Image size of job updated: 494100
	397  -  MemoryUsage of job (MB)
	405776  -  ResidentSetSize of job (KB)
...
006 (271846.002.000) 11/19 11:09:08 Image size of job updated: 495040
	398  -  MemoryUsage of job (MB)
	406716  -  ResidentSetSize of job (KB)
...
006 (271846.002.000) 11/19 11:14:09 Image size of job updated: 495932
	399  -  MemoryUsage of job (MB)
	407608  -  ResidentSetSize of job (KB)
...
006 (271846.002.000) 11/19 11:18:30 Image size of job updated: 868128
	399  -  MemoryUsage of job (MB)
	407608  -  ResidentSetSize of job (KB)
...
005 (271846.002.000) 11/19 11:18:31 Job terminated.
	(0) Abnormal termination (signal 6)
	(0) No core file
		Usr 0 00:07:38, Sys 0 00:00:14  -  Run Remote Usage
		Usr 0 00:00:00, Sys 0 00:00:00  -  Run Local Usage
		Usr 0 00:07:38, Sys 0 00:00:14  -  Total Remote Usage
		Usr 0 00:00:00, Sys 0 00:00:00  -  Total Local Usage
	0  -  Run Bytes Sent By Job
	0  -  Run Bytes Received By Job
	0  -  Total Bytes Sent By Job
	0  -  Total Bytes Received By Job
	Partitionable Resources :    Usage  Request Allocated 
	   Cpus                 :     0.32        1         1 
	   Disk (KB)            :   750         750   6743395 
	   Memory (MB)          :   399        1500      1536 
	   Xferslots            :                           0 
...
000 (273103.002.000) 11/20 08:43:51 Job submitted from host: <130.199.48.8:9618?addrs=130.199.48.8-9618&noUDP&sock=14204_7c76_3>
...
001 (273103.002.000) 11/20 08:44:24 Job executing on host: <130.199.157.153:9618?addrs=130.199.157.153-9618&noUDP&sock=215332_f588_3>
...
006 (273103.002.000) 11/20 08:44:25 Image size of job updated: 750
	0  -  MemoryUsage of job (MB)
	0  -  ResidentSetSize of job (KB)
...
005 (273103.002.000) 11/20 08:44:25 Job terminated.
	(1) Normal termination (return value 127)
		Usr 0 00:00:00, Sys 0 00:00:00  -  Run Remote Usage
		Usr 0 00:00:00, Sys 0 00:00:00  -  Run Local Usage
		Usr 0 00:00:00, Sys 0 00:00:00  -  Total Remote Usage
		Usr 0 00:00:00, Sys 0 00:00:00  -  Total Local Usage
	0  -  Run Bytes Sent By Job
	0  -  Run Bytes Received By Job
	0  -  Total Bytes Sent By Job
	0  -  Total Bytes Received By Job
	Partitionable Resources :    Usage  Request Allocated 
	   Cpus                 :                 1         1 
	   Disk (KB)            :      750      750  14337878 
	   Memory (MB)          :        0     1500      1536 
	   Xferslots            :                           0 
...
000 (273104.002.000) 11/20 08:45:01 Job submitted from host: <130.199.48.8:9618?addrs=130.199.48.8-9618&noUDP&sock=14204_7c76_3>
...
001 (273104.002.000) 11/20 08:45:31 Job executing on host: <130.199.202.101:9618?addrs=130.199.202.101-9618&noUDP&sock=30903_8245_3>
...
006 (273104.002.000) 11/20 08:45:40 Image size of job updated: 160248
	73  -  MemoryUsage of job (MB)
	73748  -  ResidentSetSize of job (KB)
...
006 (273104.002.000) 11/20 08:50:41 Image size of job updated: 389868
	295  -  MemoryUsage of job (MB)
	302036  -  ResidentSetSize of job (KB)
...
005 (273104.002.000) 11/20 08:53:13 Job terminated.
	(0) Abnormal termination (signal 6)
	(0) No core file
		Usr 0 00:06:23, Sys 0 00:00:10  -  Run Remote Usage
		Usr 0 00:00:00, Sys 0 00:00:00  -  Run Local Usage
		Usr 0 00:06:23, Sys 0 00:00:10  -  Total Remote Usage
		Usr 0 00:00:00, Sys 0 00:00:00  -  Total Local Usage
	0  -  Run Bytes Sent By Job
	0  -  Run Bytes Received By Job
	0  -  Total Bytes Sent By Job
	0  -  Total Bytes Received By Job
	Partitionable Resources :    Usage  Request Allocated 
	   Cpus                 :     0.99        1         1 
	   Disk (KB)            :   750         750   4811691 
	   Memory (MB)          :   295        1500      1536 
	   Xferslots            :                           0 
...
000 (273105.002.000) 11/20 09:33:59 Job submitted from host: <130.199.48.8:9618?addrs=130.199.48.8-9618&noUDP&sock=14204_7c76_3>
...
001 (273105.002.000) 11/20 09:34:48 Job executing on host: <130.199.157.153:9618?addrs=130.199.157.153-9618&noUDP&sock=215332_f588_3>
...
006 (273105.002.000) 11/20 09:34:57 Image size of job updated: 152440
	62  -  MemoryUsage of job (MB)
	63144  -  ResidentSetSize of job (KB)
...
006 (273105.002.000) 11/20 09:39:58 Image size of job updated: 1242268
	1127  -  MemoryUsage of job (MB)
	1153948  -  ResidentSetSize of job (KB)
...
006 (273105.002.000) 11/20 09:44:59 Image size of job updated: 1330268
	1213  -  MemoryUsage of job (MB)
	1241948  -  ResidentSetSize of job (KB)
...
005 (273105.002.000) 11/20 09:52:27 Job terminated.
	(0) Abnormal termination (signal 6)
	(0) No core file
		Usr 0 00:12:39, Sys 0 00:00:26  -  Run Remote Usage
		Usr 0 00:00:00, Sys 0 00:00:00  -  Run Local Usage
		Usr 0 00:12:39, Sys 0 00:00:26  -  Total Remote Usage
		Usr 0 00:00:00, Sys 0 00:00:00  -  Total Local Usage
	0  -  Run Bytes Sent By Job
	0  -  Run Bytes Received By Job
	0  -  Total Bytes Sent By Job
	0  -  Total Bytes Received By Job
	Partitionable Resources :    Usage  Request Allocated 
	   Cpus                 :     0.80        1         1 
	   Disk (KB)            :   750         750  14337878 
	   Memory (MB)          :  1213        1500      1536 
	   Xferslots            :                           0 
...
000 (305270.001.000) 01/14 09:50:01 Job submitted from host: <130.199.48.8:9618?addrs=130.199.48.8-9618&noUDP&sock=23074_baac_3>
...
001 (305270.001.000) 01/14 09:50:32 Job executing on host: <130.199.202.102:9618?addrs=130.199.202.102-9618&noUDP&sock=23601_849e_3>
...
006 (305270.001.000) 01/14 09:50:41 Image size of job updated: 137412
	66  -  MemoryUsage of job (MB)
	67296  -  ResidentSetSize of job (KB)
...
006 (305270.001.000) 01/14 09:55:41 Image size of job updated: 378676
	284  -  MemoryUsage of job (MB)
	290616  -  ResidentSetSize of job (KB)
...
005 (305270.001.000) 01/14 09:58:52 Job terminated.
	(0) Abnormal termination (signal 6)
	(0) No core file
		Usr 0 00:06:42, Sys 0 00:00:11  -  Run Remote Usage
		Usr 0 00:00:00, Sys 0 00:00:00  -  Run Local Usage
		Usr 0 00:06:42, Sys 0 00:00:11  -  Total Remote Usage
		Usr 0 00:00:00, Sys 0 00:00:00  -  Total Local Usage
	0  -  Run Bytes Sent By Job
	0  -  Run Bytes Received By Job
	0  -  Total Bytes Sent By Job
	0  -  Total Bytes Received By Job
	Partitionable Resources :    Usage  Request Allocated 
	   Cpus                 :     0.82        1         1 
	   Disk (KB)            :   750         750   4811782 
	   Memory (MB)          :   284        1500      1536 
	   Xferslots            :                           0 
...
000 (305271.001.000) 01/14 11:10:52 Job submitted from host: <130.199.48.8:9618?addrs=130.199.48.8-9618&noUDP&sock=23074_baac_3>
...
001 (305271.001.000) 01/14 11:11:07 Job executing on host: <130.199.156.233:9618?addrs=130.199.156.233-9618&noUDP&sock=29928_ef05_3>
...
006 (305271.001.000) 01/14 11:11:15 Image size of job updated: 156924
	69  -  MemoryUsage of job (MB)
	70452  -  ResidentSetSize of job (KB)
...
006 (305271.001.000) 01/14 11:16:15 Image size of job updated: 378780
	284  -  MemoryUsage of job (MB)
	290720  -  ResidentSetSize of job (KB)
...
006 (305271.001.000) 01/14 11:22:53 Image size of job updated: 776284
	284  -  MemoryUsage of job (MB)
	290720  -  ResidentSetSize of job (KB)
...
005 (305271.001.000) 01/14 11:22:53 Job terminated.
	(0) Abnormal termination (signal 6)
	(0) No core file
		Usr 0 00:07:24, Sys 0 00:00:11  -  Run Remote Usage
		Usr 0 00:00:00, Sys 0 00:00:00  -  Run Local Usage
		Usr 0 00:07:24, Sys 0 00:00:11  -  Total Remote Usage
		Usr 0 00:00:00, Sys 0 00:00:00  -  Total Local Usage
	0  -  Run Bytes Sent By Job
	0  -  Run Bytes Received By Job
	0  -  Total Bytes Sent By Job
	0  -  Total Bytes Received By Job
	Partitionable Resources :    Usage  Request Allocated 
	   Cpus                 :     0.67        1         1 
	   Disk (KB)            :   750         750   6743392 
	   Memory (MB)          :   284        1500      1536 
	   Xferslots            :                           0 
...
000 (305272.001.000) 01/14 11:41:30 Job submitted from host: <130.199.48.8:9618?addrs=130.199.48.8-9618&noUDP&sock=23074_baac_3>
...
001 (305272.001.000) 01/14 11:42:08 Job executing on host: <130.199.157.146:9618?addrs=130.199.157.146-9618&noUDP&sock=284771_86a8_3>
...
006 (305272.001.000) 01/14 11:42:17 Image size of job updated: 750
	1  -  MemoryUsage of job (MB)
	88  -  ResidentSetSize of job (KB)
...
006 (305272.001.000) 01/14 11:47:17 Image size of job updated: 340732
	247  -  MemoryUsage of job (MB)
	252672  -  ResidentSetSize of job (KB)
...
006 (305272.001.000) 01/14 11:52:18 Image size of job updated: 378256
	284  -  MemoryUsage of job (MB)
	290196  -  ResidentSetSize of job (KB)
...
006 (305272.001.000) 01/14 11:53:28 Image size of job updated: 378632
	284  -  MemoryUsage of job (MB)
	290196  -  ResidentSetSize of job (KB)
...
005 (305272.001.000) 01/14 11:53:29 Job terminated.
	(0) Abnormal termination (signal 6)
	(0) No core file
		Usr 0 00:05:34, Sys 0 00:00:13  -  Run Remote Usage
		Usr 0 00:00:00, Sys 0 00:00:00  -  Run Local Usage
		Usr 0 00:05:34, Sys 0 00:00:13  -  Total Remote Usage
		Usr 0 00:00:00, Sys 0 00:00:00  -  Total Local Usage
	0  -  Run Bytes Sent By Job
	0  -  Run Bytes Received By Job
	0  -  Total Bytes Sent By Job
	0  -  Total Bytes Received By Job
	Partitionable Resources :    Usage  Request Allocated 
	   Cpus                 :     0.58        1         1 
	   Disk (KB)            :   750         750  14337875 
	   Memory (MB)          :   284        1500      1536 
	   Xferslots            :                           0 
...
000 (305273.001.000) 01/14 12:35:20 Job submitted from host: <130.199.48.8:9618?addrs=130.199.48.8-9618&noUDP&sock=23074_baac_3>
...
001 (305273.001.000) 01/14 12:36:00 Job executing on host: <130.199.156.233:9618?addrs=130.199.156.233-9618&noUDP&sock=29928_ef05_3>
...
006 (305273.001.000) 01/14 12:36:09 Image size of job updated: 156840
	69  -  MemoryUsage of job (MB)
	70440  -  ResidentSetSize of job (KB)
...
006 (305273.001.000) 01/14 12:41:09 Image size of job updated: 354168
	260  -  MemoryUsage of job (MB)
	266216  -  ResidentSetSize of job (KB)
...
006 (305273.001.000) 01/14 12:46:09 Image size of job updated: 354168
	261  -  MemoryUsage of job (MB)
	266268  -  ResidentSetSize of job (KB)
...
006 (305273.001.000) 01/14 12:49:40 Image size of job updated: 377588
	261  -  MemoryUsage of job (MB)
	266268  -  ResidentSetSize of job (KB)
...
005 (305273.001.000) 01/14 12:49:40 Job terminated.
	(0) Abnormal termination (signal 6)
	(0) No core file
		Usr 0 00:07:38, Sys 0 00:00:13  -  Run Remote Usage
		Usr 0 00:00:00, Sys 0 00:00:00  -  Run Local Usage
		Usr 0 00:07:38, Sys 0 00:00:13  -  Total Remote Usage
		Usr 0 00:00:00, Sys 0 00:00:00  -  Total Local Usage
	0  -  Run Bytes Sent By Job
	0  -  Run Bytes Received By Job
	0  -  Total Bytes Sent By Job
	0  -  Total Bytes Received By Job
	Partitionable Resources :    Usage  Request Allocated 
	   Cpus                 :     0.70        1         1 
	   Disk (KB)            :   750         750   6743392 
	   Memory (MB)          :   261        1500      1536 
	   Xferslots            :                           0 
...
000 (192223.001.000) 01/26 11:19:38 Job submitted from host: <130.199.48.9:9618?addrs=130.199.48.9-9618&noUDP&sock=27824_0b53_3>
...
001 (192223.001.000) 01/26 11:20:01 Job executing on host: <130.199.200.109:9618?addrs=130.199.200.109-9618&noUDP&sock=456850_5b6e_3>
...
006 (192223.001.000) 01/26 11:20:10 Image size of job updated: 158424
	71  -  MemoryUsage of job (MB)
	71940  -  ResidentSetSize of job (KB)
...
006 (192223.001.000) 01/26 11:25:10 Image size of job updated: 359500
	266  -  MemoryUsage of job (MB)
	271488  -  ResidentSetSize of job (KB)
...
006 (192223.001.000) 01/26 11:29:42 Image size of job updated: 378144
	266  -  MemoryUsage of job (MB)
	271488  -  ResidentSetSize of job (KB)
...
005 (192223.001.000) 01/26 11:29:42 Job terminated.
	(0) Abnormal termination (signal 6)
	(0) No core file
		Usr 0 00:05:39, Sys 0 00:00:11  -  Run Remote Usage
		Usr 0 00:00:00, Sys 0 00:00:00  -  Run Local Usage
		Usr 0 00:05:39, Sys 0 00:00:11  -  Total Remote Usage
		Usr 0 00:00:00, Sys 0 00:00:00  -  Total Local Usage
	0  -  Run Bytes Sent By Job
	0  -  Run Bytes Received By Job
	0  -  Total Bytes Sent By Job
	0  -  Total Bytes Received By Job
	Partitionable Resources :    Usage  Request Allocated 
	   Cpus                 :     0.66        1         1 
	   Disk (KB)            :   750         750   5106396 
	   Memory (MB)          :   266        1500      1536 
	   Xferslots            :                           0 
...
000 (192972.001.000) 02/01 09:58:32 Job submitted from host: <130.199.48.9:9618?addrs=130.199.48.9-9618&noUDP&sock=27824_0b53_3>
...
001 (192972.001.000) 02/01 09:58:41 Job executing on host: <130.199.202.102:9618?addrs=130.199.202.102-9618&noUDP&sock=23601_849e_3>
...
006 (192972.001.000) 02/01 09:58:50 Image size of job updated: 158444
	71  -  MemoryUsage of job (MB)
	71940  -  ResidentSetSize of job (KB)
...
000 (192973.001.000) 02/01 10:00:37 Job submitted from host: <130.199.48.9:9618?addrs=130.199.48.9-9618&noUDP&sock=27824_0b53_3>
...
001 (192973.001.000) 02/01 10:01:01 Job executing on host: <130.199.156.242:9618?addrs=130.199.156.242-9618&noUDP&sock=88615_a0d8_3>
...
006 (192973.001.000) 02/01 10:01:09 Image size of job updated: 158460
	71  -  MemoryUsage of job (MB)
	71952  -  ResidentSetSize of job (KB)
...
006 (192972.001.000) 02/01 10:01:26 Image size of job updated: 776108
	71  -  MemoryUsage of job (MB)
	71940  -  ResidentSetSize of job (KB)
...
004 (192972.001.000) 02/01 10:01:26 Job was evicted.
	(0) Job was not checkpointed.
		Usr 0 00:02:07, Sys 0 00:00:03  -  Run Remote Usage
		Usr 0 00:00:00, Sys 0 00:00:00  -  Run Local Usage
	0  -  Run Bytes Sent By Job
	0  -  Run Bytes Received By Job
	Partitionable Resources :    Usage  Request Allocated 
	   Cpus                 :     0.85        1         1 
	   Disk (KB)            :   750         750   4811782 
	   Memory (MB)          :    71        1500      1536 
	   Xferslots            :                           0 
...
009 (192972.001.000) 02/01 10:01:26 Job was aborted by the user.
	via condor_rm (by user jeff)
...
006 (192973.001.000) 02/01 10:01:28 Image size of job updated: 414088
	71  -  MemoryUsage of job (MB)
	71952  -  ResidentSetSize of job (KB)
...
004 (192973.001.000) 02/01 10:01:28 Job was evicted.
	(0) Job was not checkpointed.
		Usr 0 00:00:13, Sys 0 00:00:01  -  Run Remote Usage
		Usr 0 00:00:00, Sys 0 00:00:00  -  Run Local Usage
	0  -  Run Bytes Sent By Job
	0  -  Run Bytes Received By Job
	Partitionable Resources :    Usage  Request Allocated 
	   Cpus                 :     0.75        1         1 
	   Disk (KB)            :   750         750   6743386 
	   Memory (MB)          :    71        1500      1536 
	   Xferslots            :                           0 
...
009 (192973.001.000) 02/01 10:01:28 Job was aborted by the user.
	via condor_rm (by user jeff)
...
000 (192974.001.000) 02/01 10:02:51 Job submitted from host: <130.199.48.9:9618?addrs=130.199.48.9-9618&noUDP&sock=27824_0b53_3>
...
000 (192975.001.000) 02/01 10:02:57 Job submitted from host: <130.199.48.9:9618?addrs=130.199.48.9-9618&noUDP&sock=27824_0b53_3>
...
001 (192975.001.000) 02/01 10:03:18 Job executing on host: <130.199.200.110:9618?addrs=130.199.200.110-9618&noUDP&sock=66727_5a45_3>
...
001 (192974.001.000) 02/01 10:03:18 Job executing on host: <130.199.202.114:9618?addrs=130.199.202.114-9618&noUDP&sock=209168_2184_3>
...
006 (192974.001.000) 02/01 10:03:27 Image size of job updated: 158716
	71  -  MemoryUsage of job (MB)
	71944  -  ResidentSetSize of job (KB)
...
006 (192975.001.000) 02/01 10:03:27 Image size of job updated: 337980
	232  -  MemoryUsage of job (MB)
	236608  -  ResidentSetSize of job (KB)
...
006 (192974.001.000) 02/01 10:08:27 Image size of job updated: 436392
	341  -  MemoryUsage of job (MB)
	348312  -  ResidentSetSize of job (KB)
...
006 (192975.001.000) 02/01 10:08:28 Image size of job updated: 470772
	361  -  MemoryUsage of job (MB)
	368908  -  ResidentSetSize of job (KB)
...
005 (192975.001.000) 02/01 10:10:52 Job terminated.
	(0) Abnormal termination (signal 6)
	(0) No core file
		Usr 0 00:06:07, Sys 0 00:00:10  -  Run Remote Usage
		Usr 0 00:00:00, Sys 0 00:00:00  -  Run Local Usage
		Usr 0 00:06:07, Sys 0 00:00:10  -  Total Remote Usage
		Usr 0 00:00:00, Sys 0 00:00:00  -  Total Local Usage
	0  -  Run Bytes Sent By Job
	0  -  Run Bytes Received By Job
	0  -  Total Bytes Sent By Job
	0  -  Total Bytes Received By Job
	Partitionable Resources :    Usage  Request Allocated 
	   Cpus                 :     0.85        1         1 
	   Disk (KB)            :   750         750   5106357 
	   Memory (MB)          :   361        1500      1536 
	   Xferslots            :                           0 
...
006 (192974.001.000) 02/01 10:13:27 Image size of job updated: 504164
	407  -  MemoryUsage of job (MB)
	416084  -  ResidentSetSize of job (KB)
...
006 (192974.001.000) 02/01 10:19:21 Image size of job updated: 508896
	407  -  MemoryUsage of job (MB)
	416084  -  ResidentSetSize of job (KB)
...
005 (192974.001.000) 02/01 10:19:21 Job terminated.
	(0) Abnormal termination (signal 6)
	(0) No core file
		Usr 0 00:14:11, Sys 0 00:00:14  -  Run Remote Usage
		Usr 0 00:00:00, Sys 0 00:00:00  -  Run Local Usage
		Usr 0 00:14:11, Sys 0 00:00:14  -  Total Remote Usage
		Usr 0 00:00:00, Sys 0 00:00:00  -  Total Local Usage
	0  -  Run Bytes Sent By Job
	0  -  Run Bytes Received By Job
	0  -  Total Bytes Sent By Job
	0  -  Total Bytes Received By Job
	Partitionable Resources :    Usage  Request Allocated 
	   Cpus                 :     0.90        1         1 
	   Disk (KB)            :   750         750   4811788 
	   Memory (MB)          :   407        1500      1536 
	   Xferslots            :                           0 
...
000 (307904.001.000) 02/01 11:30:11 Job submitted from host: <130.199.48.8:9618?addrs=130.199.48.8-9618&noUDP&sock=23074_baac_3>
...
000 (307905.001.000) 02/01 11:30:16 Job submitted from host: <130.199.48.8:9618?addrs=130.199.48.8-9618&noUDP&sock=23074_baac_3>
...
001 (307904.001.000) 02/01 11:30:25 Job executing on host: <130.199.200.114:9618?addrs=130.199.200.114-9618&noUDP&sock=355247_4a51_3>
...
001 (307905.001.000) 02/01 11:30:26 Job executing on host: <130.199.157.130:9618?addrs=130.199.157.130-9618&noUDP&sock=246980_26ce_3>
...
006 (307904.001.000) 02/01 11:30:34 Image size of job updated: 325784
	233  -  MemoryUsage of job (MB)
	238020  -  ResidentSetSize of job (KB)
...
006 (307905.001.000) 02/01 11:30:35 Image size of job updated: 26488
	8  -  MemoryUsage of job (MB)
	7400  -  ResidentSetSize of job (KB)
...
006 (307904.001.000) 02/01 11:35:35 Image size of job updated: 424840
	330  -  MemoryUsage of job (MB)
	337020  -  ResidentSetSize of job (KB)
...
006 (307905.001.000) 02/01 11:35:36 Image size of job updated: 1291788
	1176  -  MemoryUsage of job (MB)
	1203464  -  ResidentSetSize of job (KB)
...
005 (307904.001.000) 02/01 11:38:44 Job terminated.
	(0) Abnormal termination (signal 6)
	(0) No core file
		Usr 0 00:06:33, Sys 0 00:00:09  -  Run Remote Usage
		Usr 0 00:00:00, Sys 0 00:00:00  -  Run Local Usage
		Usr 0 00:06:33, Sys 0 00:00:09  -  Total Remote Usage
		Usr 0 00:00:00, Sys 0 00:00:00  -  Total Local Usage
	0  -  Run Bytes Sent By Job
	0  -  Run Bytes Received By Job
	0  -  Total Bytes Sent By Job
	0  -  Total Bytes Received By Job
	Partitionable Resources :    Usage  Request Allocated 
	   Cpus                 :     0.82        1         1 
	   Disk (KB)            :   750         750   5106401 
	   Memory (MB)          :   330        1500      1536 
	   Xferslots            :                           0 
...
006 (307905.001.000) 02/01 11:40:37 Image size of job updated: 1362568
	1245  -  MemoryUsage of job (MB)
	1274244  -  ResidentSetSize of job (KB)
...
006 (307905.001.000) 02/01 11:45:37 Image size of job updated: 1362572
	1245  -  MemoryUsage of job (MB)
	1274248  -  ResidentSetSize of job (KB)
...
005 (307905.001.000) 02/01 11:51:47 Job terminated.
	(0) Abnormal termination (signal 6)
	(0) No core file
		Usr 0 00:13:27, Sys 0 00:00:18  -  Run Remote Usage
		Usr 0 00:00:00, Sys 0 00:00:00  -  Run Local Usage
		Usr 0 00:13:27, Sys 0 00:00:18  -  Total Remote Usage
		Usr 0 00:00:00, Sys 0 00:00:00  -  Total Local Usage
	0  -  Run Bytes Sent By Job
	0  -  Run Bytes Received By Job
	0  -  Total Bytes Sent By Job
	0  -  Total Bytes Received By Job
	Partitionable Resources :    Usage  Request Allocated 
	   Cpus                 :     0.71        1         1 
	   Disk (KB)            :   750         750  14337872 
	   Memory (MB)          :  1245        1500      1536 
	   Xferslots            :                           0 
...
