000 (163792.003.000) 11/16 14:23:59 Job submitted from host: <130.199.48.9:9618?addrs=130.199.48.9-9618&noUDP&sock=12723_c4b4_3>
...
001 (163792.003.000) 11/16 14:24:44 Job executing on host: <130.199.156.231:9618?addrs=130.199.156.231-9618&noUDP&sock=31621_bf2e_3>
...
006 (163792.003.000) 11/16 14:24:55 Image size of job updated: 750
	1  -  MemoryUsage of job (MB)
	256  -  ResidentSetSize of job (KB)
...
006 (163792.003.000) 11/16 14:29:55 Image size of job updated: 295476
	203  -  MemoryUsage of job (MB)
	207732  -  ResidentSetSize of job (KB)
...
006 (163792.003.000) 11/16 14:34:56 Image size of job updated: 295476
	203  -  MemoryUsage of job (MB)
	207736  -  ResidentSetSize of job (KB)
...
005 (163792.003.000) 11/16 14:36:21 Job terminated.
	(1) Normal termination (return value 0)
		Usr 0 00:03:10, Sys 0 00:00:06  -  Run Remote Usage
		Usr 0 00:00:00, Sys 0 00:00:00  -  Run Local Usage
		Usr 0 00:03:10, Sys 0 00:00:06  -  Total Remote Usage
		Usr 0 00:00:00, Sys 0 00:00:00  -  Total Local Usage
	0  -  Run Bytes Sent By Job
	0  -  Run Bytes Received By Job
	0  -  Total Bytes Sent By Job
	0  -  Total Bytes Received By Job
	Partitionable Resources :    Usage  Request Allocated 
	   Cpus                 :     0.48        1         1 
	   Disk (KB)            :   750         750   6743395 
	   Memory (MB)          :   203        1500      1536 
	   Xferslots            :                           0 
...
000 (180469.003.000) 11/16 16:27:52 Job submitted from host: <130.199.48.9:9618?addrs=130.199.48.9-9618&noUDP&sock=12723_c4b4_3>
...
009 (180469.003.000) 11/16 17:38:29 Job was aborted by the user.
	via condor_rm (by user jeff)
...
000 (180470.003.000) 11/16 17:38:34 Job submitted from host: <130.199.48.9:9618?addrs=130.199.48.9-9618&noUDP&sock=12723_c4b4_3>
...
009 (180470.003.000) 11/16 17:40:13 Job was aborted by the user.
	via condor_rm (by user jeff)
...
000 (464514.003.000) 11/16 17:41:01 Job submitted from host: <130.199.48.7:9618?addrs=130.199.48.7-9618&noUDP&sock=14234_fb15_3>
...
001 (464514.003.000) 11/16 17:42:21 Job executing on host: <130.199.157.14:9618?addrs=130.199.157.14-9618&noUDP&sock=36747_0fa3_3>
...
006 (464514.003.000) 11/16 17:42:29 Image size of job updated: 750
	1  -  MemoryUsage of job (MB)
	368  -  ResidentSetSize of job (KB)
...
006 (464514.003.000) 11/16 17:47:29 Image size of job updated: 216064
	211  -  MemoryUsage of job (MB)
	215996  -  ResidentSetSize of job (KB)
...
006 (464514.003.000) 11/16 17:52:30 Image size of job updated: 317832
	311  -  MemoryUsage of job (MB)
	317764  -  ResidentSetSize of job (KB)
...
006 (464514.003.000) 11/16 17:57:30 Image size of job updated: 357672
	350  -  MemoryUsage of job (MB)
	357604  -  ResidentSetSize of job (KB)
...
006 (464514.003.000) 11/16 17:57:57 Image size of job updated: 382344
	350  -  MemoryUsage of job (MB)
	357604  -  ResidentSetSize of job (KB)
...
005 (464514.003.000) 11/16 17:57:58 Job terminated.
	(1) Normal termination (return value 0)
		Usr 0 00:02:53, Sys 0 00:00:06  -  Run Remote Usage
		Usr 0 00:00:00, Sys 0 00:00:00  -  Run Local Usage
		Usr 0 00:02:53, Sys 0 00:00:06  -  Total Remote Usage
		Usr 0 00:00:00, Sys 0 00:00:00  -  Total Local Usage
	0  -  Run Bytes Sent By Job
	0  -  Run Bytes Received By Job
	0  -  Total Bytes Sent By Job
	0  -  Total Bytes Received By Job
	Partitionable Resources :    Usage  Request Allocated 
	   Cpus                 :        0        1         1 
	   Disk (KB)            :      750      750   6743395 
	   Memory (MB)          :      350     1500      1536 
	   Xferslots            :                           0 
...
000 (180471.003.000) 11/17 12:09:35 Job submitted from host: <130.199.48.9:9618?addrs=130.199.48.9-9618&noUDP&sock=12723_c4b4_3>
...
009 (180471.003.000) 11/17 12:09:48 Job was aborted by the user.
	via condor_rm (by user jeff)
...
000 (180472.003.000) 11/17 12:11:28 Job submitted from host: <130.199.48.9:9618?addrs=130.199.48.9-9618&noUDP&sock=12723_c4b4_3>
...
001 (180472.003.000) 11/17 12:12:09 Job executing on host: <130.199.157.152:9618?addrs=130.199.157.152-9618&noUDP&sock=215433_eca1_3>
...
006 (180472.003.000) 11/17 12:12:18 Image size of job updated: 161104
	73  -  MemoryUsage of job (MB)
	74672  -  ResidentSetSize of job (KB)
...
006 (180472.003.000) 11/17 12:16:32 Image size of job updated: 863556
	73  -  MemoryUsage of job (MB)
	74672  -  ResidentSetSize of job (KB)
...
005 (180472.003.000) 11/17 12:16:32 Job terminated.
	(1) Normal termination (return value 0)
		Usr 0 00:02:18, Sys 0 00:00:04  -  Run Remote Usage
		Usr 0 00:00:00, Sys 0 00:00:00  -  Run Local Usage
		Usr 0 00:02:18, Sys 0 00:00:04  -  Total Remote Usage
		Usr 0 00:00:00, Sys 0 00:00:00  -  Total Local Usage
	0  -  Run Bytes Sent By Job
	0  -  Run Bytes Received By Job
	0  -  Total Bytes Sent By Job
	0  -  Total Bytes Received By Job
	Partitionable Resources :    Usage  Request Allocated 
	   Cpus                 :     0.63        1         1 
	   Disk (KB)            :   750         750  14337878 
	   Memory (MB)          :    73        1500      1536 
	   Xferslots            :                           0 
...
000 (180473.003.000) 11/17 12:43:16 Job submitted from host: <130.199.48.9:9618?addrs=130.199.48.9-9618&noUDP&sock=12723_c4b4_3>
...
001 (180473.003.000) 11/17 12:43:42 Job executing on host: <130.199.200.98:9618?addrs=130.199.200.98-9618&noUDP&sock=24289_42e8_3>
...
006 (180473.003.000) 11/17 12:43:51 Image size of job updated: 307128
	215  -  MemoryUsage of job (MB)
	219376  -  ResidentSetSize of job (KB)
...
006 (180473.003.000) 11/17 12:46:56 Image size of job updated: 452496
	215  -  MemoryUsage of job (MB)
	219376  -  ResidentSetSize of job (KB)
...
005 (180473.003.000) 11/17 12:46:56 Job terminated.
	(1) Normal termination (return value 0)
		Usr 0 00:02:30, Sys 0 00:00:04  -  Run Remote Usage
		Usr 0 00:00:00, Sys 0 00:00:00  -  Run Local Usage
		Usr 0 00:02:30, Sys 0 00:00:04  -  Total Remote Usage
		Usr 0 00:00:00, Sys 0 00:00:00  -  Total Local Usage
	0  -  Run Bytes Sent By Job
	0  -  Run Bytes Received By Job
	0  -  Total Bytes Sent By Job
	0  -  Total Bytes Received By Job
	Partitionable Resources :    Usage  Request Allocated 
	   Cpus                 :     0.85        1         1 
	   Disk (KB)            :   750         750   5091738 
	   Memory (MB)          :   215        1500      1536 
	   Xferslots            :                           0 
...
000 (180474.003.000) 11/17 13:04:29 Job submitted from host: <130.199.48.9:9618?addrs=130.199.48.9-9618&noUDP&sock=12723_c4b4_3>
...
001 (180474.003.000) 11/17 13:04:52 Job executing on host: <130.199.202.105:9618?addrs=130.199.202.105-9618&noUDP&sock=29769_9cb7_3>
...
006 (180474.003.000) 11/17 13:05:01 Image size of job updated: 293620
	202  -  MemoryUsage of job (MB)
	205868  -  ResidentSetSize of job (KB)
...
006 (180474.003.000) 11/17 13:10:01 Image size of job updated: 1314020
	1198  -  MemoryUsage of job (MB)
	1225772  -  ResidentSetSize of job (KB)
...
005 (180474.003.000) 11/17 13:11:22 Job terminated.
	(1) Normal termination (return value 0)
		Usr 0 00:05:34, Sys 0 00:00:07  -  Run Remote Usage
		Usr 0 00:00:00, Sys 0 00:00:00  -  Run Local Usage
		Usr 0 00:05:34, Sys 0 00:00:07  -  Total Remote Usage
		Usr 0 00:00:00, Sys 0 00:00:00  -  Total Local Usage
	0  -  Run Bytes Sent By Job
	0  -  Run Bytes Received By Job
	0  -  Total Bytes Sent By Job
	0  -  Total Bytes Received By Job
	Partitionable Resources :    Usage  Request Allocated 
	   Cpus                 :     0.91        1         1 
	   Disk (KB)            :   750         750   4811791 
	   Memory (MB)          :  1198        1500      1536 
	   Xferslots            :                           0 
...
000 (180475.003.000) 11/17 16:42:12 Job submitted from host: <130.199.48.9:9618?addrs=130.199.48.9-9618&noUDP&sock=12723_c4b4_3>
...
001 (180475.003.000) 11/17 16:43:07 Job executing on host: <130.199.158.241:9618?addrs=130.199.158.241-9618&noUDP&sock=26673_c46b_3>
...
006 (180475.003.000) 11/17 16:43:16 Image size of job updated: 79868
	44  -  MemoryUsage of job (MB)
	44932  -  ResidentSetSize of job (KB)
...
006 (180475.003.000) 11/17 16:48:17 Image size of job updated: 445280
	349  -  MemoryUsage of job (MB)
	357012  -  ResidentSetSize of job (KB)
...
006 (180475.003.000) 11/17 16:48:56 Image size of job updated: 452700
	349  -  MemoryUsage of job (MB)
	357012  -  ResidentSetSize of job (KB)
...
005 (180475.003.000) 11/17 16:48:57 Job terminated.
	(0) Abnormal termination (signal 6)
	(0) No core file
		Usr 0 00:04:14, Sys 0 00:00:04  -  Run Remote Usage
		Usr 0 00:00:00, Sys 0 00:00:00  -  Run Local Usage
		Usr 0 00:04:14, Sys 0 00:00:04  -  Total Remote Usage
		Usr 0 00:00:00, Sys 0 00:00:00  -  Total Local Usage
	0  -  Run Bytes Sent By Job
	0  -  Run Bytes Received By Job
	0  -  Total Bytes Sent By Job
	0  -  Total Bytes Received By Job
	Partitionable Resources :    Usage  Request Allocated 
	   Cpus                 :     0.75        1         1 
	   Disk (KB)            :   750         750   7037864 
	   Memory (MB)          :   349        1500      1536 
	   Xferslots            :                           0 
...
000 (180476.003.000) 11/17 16:59:07 Job submitted from host: <130.199.48.9:9618?addrs=130.199.48.9-9618&noUDP&sock=12723_c4b4_3>
...
001 (180476.003.000) 11/17 16:59:40 Job executing on host: <130.199.200.109:9618?addrs=130.199.200.109-9618&noUDP&sock=113959_af32_3>
...
006 (180476.003.000) 11/17 16:59:49 Image size of job updated: 161740
	73  -  MemoryUsage of job (MB)
	74668  -  ResidentSetSize of job (KB)
...
006 (180476.003.000) 11/17 17:04:49 Image size of job updated: 1248404
	1133  -  MemoryUsage of job (MB)
	1159524  -  ResidentSetSize of job (KB)
...
005 (180476.003.000) 11/17 17:06:44 Job terminated.
	(0) Abnormal termination (signal 6)
	(0) No core file
		Usr 0 00:06:15, Sys 0 00:00:10  -  Run Remote Usage
		Usr 0 00:00:00, Sys 0 00:00:00  -  Run Local Usage
		Usr 0 00:06:15, Sys 0 00:00:10  -  Total Remote Usage
		Usr 0 00:00:00, Sys 0 00:00:00  -  Total Local Usage
	0  -  Run Bytes Sent By Job
	0  -  Run Bytes Received By Job
	0  -  Total Bytes Sent By Job
	0  -  Total Bytes Received By Job
	Partitionable Resources :    Usage  Request Allocated 
	   Cpus                 :     0.93        1         1 
	   Disk (KB)            :   750         750   5106398 
	   Memory (MB)          :  1133        1500      1536 
	   Xferslots            :                           0 
...
000 (271840.003.000) 11/19 09:18:26 Job submitted from host: <130.199.48.8:9618?addrs=130.199.48.8-9618&noUDP&sock=14204_7c76_3>
...
001 (271840.003.000) 11/19 09:22:34 Job executing on host: <130.199.157.7:9618?addrs=130.199.157.7-9618&noUDP&sock=36738_3673_3>
...
006 (271840.003.000) 11/19 09:22:47 Image size of job updated: 750
	1  -  MemoryUsage of job (MB)
	264  -  ResidentSetSize of job (KB)
...
006 (271840.003.000) 11/19 09:24:33 Image size of job updated: 284728
	1  -  MemoryUsage of job (MB)
	264  -  ResidentSetSize of job (KB)
...
004 (271840.003.000) 11/19 09:24:56 Job was evicted.
	(0) Job was not checkpointed.
		Usr 0 00:00:03, Sys 0 00:00:01  -  Run Remote Usage
		Usr 0 00:00:00, Sys 0 00:00:00  -  Run Local Usage
	0  -  Run Bytes Sent By Job
	0  -  Run Bytes Received By Job
	Partitionable Resources :    Usage  Request Allocated 
	   Cpus                 :     0.01        1         1 
	   Disk (KB)            :   750         750   6743395 
	   Memory (MB)          :     1        1500      1536 
	   Xferslots            :                           0 
...
009 (271840.003.000) 11/19 09:24:56 Job was aborted by the user.
	via condor_rm (by user jeff)
...
000 (271843.003.000) 11/19 09:39:52 Job submitted from host: <130.199.48.8:9618?addrs=130.199.48.8-9618&noUDP&sock=14204_7c76_3>
...
001 (271843.003.000) 11/19 09:40:50 Job executing on host: <130.199.157.7:9618?addrs=130.199.157.7-9618&noUDP&sock=36738_3673_3>
...
006 (271843.003.000) 11/19 09:40:59 Image size of job updated: 750
	1  -  MemoryUsage of job (MB)
	280  -  ResidentSetSize of job (KB)
...
006 (271843.003.000) 11/19 09:45:59 Image size of job updated: 279300
	187  -  MemoryUsage of job (MB)
	191460  -  ResidentSetSize of job (KB)
...
005 (271843.003.000) 11/19 09:50:17 Job terminated.
	(0) Abnormal termination (signal 6)
	(0) No core file
		Usr 0 00:03:26, Sys 0 00:00:06  -  Run Remote Usage
		Usr 0 00:00:00, Sys 0 00:00:00  -  Run Local Usage
		Usr 0 00:03:26, Sys 0 00:00:06  -  Total Remote Usage
		Usr 0 00:00:00, Sys 0 00:00:00  -  Total Local Usage
	0  -  Run Bytes Sent By Job
	0  -  Run Bytes Received By Job
	0  -  Total Bytes Sent By Job
	0  -  Total Bytes Received By Job
	Partitionable Resources :    Usage  Request Allocated 
	   Cpus                 :     0.68        1         1 
	   Disk (KB)            :   750         750   6743395 
	   Memory (MB)          :   187        1500      1536 
	   Xferslots            :                           0 
...
000 (271844.003.000) 11/19 10:17:50 Job submitted from host: <130.199.48.8:9618?addrs=130.199.48.8-9618&noUDP&sock=14204_7c76_3>
...
001 (271844.003.000) 11/19 10:18:58 Job executing on host: <130.199.200.100:9618?addrs=130.199.200.100-9618&noUDP&sock=117101_1672_3>
...
006 (271844.003.000) 11/19 10:18:58 Image size of job updated: 750
	0  -  MemoryUsage of job (MB)
	0  -  ResidentSetSize of job (KB)
...
005 (271844.003.000) 11/19 10:18:59 Job terminated.
	(1) Normal termination (return value 1)
		Usr 0 00:00:00, Sys 0 00:00:00  -  Run Remote Usage
		Usr 0 00:00:00, Sys 0 00:00:00  -  Run Local Usage
		Usr 0 00:00:00, Sys 0 00:00:00  -  Total Remote Usage
		Usr 0 00:00:00, Sys 0 00:00:00  -  Total Local Usage
	0  -  Run Bytes Sent By Job
	0  -  Run Bytes Received By Job
	0  -  Total Bytes Sent By Job
	0  -  Total Bytes Received By Job
	Partitionable Resources :    Usage  Request Allocated 
	   Cpus                 :                 1         1 
	   Disk (KB)            :      750      750   5106409 
	   Memory (MB)          :        0     1500      1536 
	   Xferslots            :                           0 
...
000 (271845.003.000) 11/19 10:19:43 Job submitted from host: <130.199.48.8:9618?addrs=130.199.48.8-9618&noUDP&sock=14204_7c76_3>
...
001 (271845.003.000) 11/19 10:22:07 Job executing on host: <130.199.202.104:9618?addrs=130.199.202.104-9618&noUDP&sock=30481_f381_3>
...
006 (271845.003.000) 11/19 10:22:18 Image size of job updated: 25692
	8  -  MemoryUsage of job (MB)
	7588  -  ResidentSetSize of job (KB)
...
006 (271845.003.000) 11/19 10:27:19 Image size of job updated: 1326028
	1210  -  MemoryUsage of job (MB)
	1238564  -  ResidentSetSize of job (KB)
...
005 (271845.003.000) 11/19 10:28:32 Job terminated.
	(0) Abnormal termination (signal 6)
	(0) No core file
		Usr 0 00:05:24, Sys 0 00:00:21  -  Run Remote Usage
		Usr 0 00:00:00, Sys 0 00:00:00  -  Run Local Usage
		Usr 0 00:05:24, Sys 0 00:00:21  -  Total Remote Usage
		Usr 0 00:00:00, Sys 0 00:00:00  -  Total Local Usage
	0  -  Run Bytes Sent By Job
	0  -  Run Bytes Received By Job
	0  -  Total Bytes Sent By Job
	0  -  Total Bytes Received By Job
	Partitionable Resources :    Usage  Request Allocated 
	   Cpus                 :     0.97        1         1 
	   Disk (KB)            :   750         750   4811678 
	   Memory (MB)          :  1210        1500      1536 
	   Xferslots            :                           0 
...
000 (271846.003.000) 11/19 10:39:42 Job submitted from host: <130.199.48.8:9618?addrs=130.199.48.8-9618&noUDP&sock=14204_7c76_3>
...
000 (271847.003.000) 11/19 10:40:43 Job submitted from host: <130.199.48.8:9618?addrs=130.199.48.8-9618&noUDP&sock=14204_7c76_3>
...
009 (271847.003.000) 11/19 10:40:46 Job was aborted by the user.
	via condor_rm (by user jeff)
...
001 (271846.003.000) 11/19 10:43:46 Job executing on host: <130.199.157.142:9618?addrs=130.199.157.142-9618&noUDP&sock=215418_2d51_3>
...
006 (271846.003.000) 11/19 10:43:55 Image size of job updated: 23692
	7  -  MemoryUsage of job (MB)
	6308  -  ResidentSetSize of job (KB)
...
006 (271846.003.000) 11/19 10:48:55 Image size of job updated: 438788
	343  -  MemoryUsage of job (MB)
	350472  -  ResidentSetSize of job (KB)
...
005 (271846.003.000) 11/19 10:51:25 Job terminated.
	(0) Abnormal termination (signal 6)
	(0) No core file
		Usr 0 00:02:09, Sys 0 00:00:03  -  Run Remote Usage
		Usr 0 00:00:00, Sys 0 00:00:00  -  Run Local Usage
		Usr 0 00:02:09, Sys 0 00:00:03  -  Total Remote Usage
		Usr 0 00:00:00, Sys 0 00:00:00  -  Total Local Usage
	0  -  Run Bytes Sent By Job
	0  -  Run Bytes Received By Job
	0  -  Total Bytes Sent By Job
	0  -  Total Bytes Received By Job
	Partitionable Resources :    Usage  Request Allocated 
	   Cpus                 :     0.32        1         1 
	   Disk (KB)            :   750         750  14337878 
	   Memory (MB)          :   343        1500      1536 
	   Xferslots            :                           0 
...
000 (273103.003.000) 11/20 08:43:51 Job submitted from host: <130.199.48.8:9618?addrs=130.199.48.8-9618&noUDP&sock=14204_7c76_3>
...
001 (273103.003.000) 11/20 08:44:24 Job executing on host: <130.199.200.99:9618?addrs=130.199.200.99-9618&noUDP&sock=119160_bc35_3>
...
006 (273103.003.000) 11/20 08:44:26 Image size of job updated: 74904
	0  -  MemoryUsage of job (MB)
	0  -  ResidentSetSize of job (KB)
...
005 (273103.003.000) 11/20 08:44:26 Job terminated.
	(1) Normal termination (return value 127)
		Usr 0 00:00:00, Sys 0 00:00:00  -  Run Remote Usage
		Usr 0 00:00:00, Sys 0 00:00:00  -  Run Local Usage
		Usr 0 00:00:00, Sys 0 00:00:00  -  Total Remote Usage
		Usr 0 00:00:00, Sys 0 00:00:00  -  Total Local Usage
	0  -  Run Bytes Sent By Job
	0  -  Run Bytes Received By Job
	0  -  Total Bytes Sent By Job
	0  -  Total Bytes Received By Job
	Partitionable Resources :    Usage  Request Allocated 
	   Cpus                 :        0        1         1 
	   Disk (KB)            :      750      750   5106409 
	   Memory (MB)          :        0     1500      1536 
	   Xferslots            :                           0 
...
000 (273104.003.000) 11/20 08:45:01 Job submitted from host: <130.199.48.8:9618?addrs=130.199.48.8-9618&noUDP&sock=14204_7c76_3>
...
001 (273104.003.000) 11/20 08:45:31 Job executing on host: <130.199.200.109:9618?addrs=130.199.200.109-9618&noUDP&sock=113959_af32_3>
...
006 (273104.003.000) 11/20 08:45:40 Image size of job updated: 219552
	129  -  MemoryUsage of job (MB)
	131768  -  ResidentSetSize of job (KB)
...
006 (273104.003.000) 11/20 08:48:33 Image size of job updated: 395304
	129  -  MemoryUsage of job (MB)
	131768  -  ResidentSetSize of job (KB)
...
005 (273104.003.000) 11/20 08:48:33 Job terminated.
	(0) Abnormal termination (signal 6)
	(0) No core file
		Usr 0 00:02:24, Sys 0 00:00:04  -  Run Remote Usage
		Usr 0 00:00:00, Sys 0 00:00:00  -  Run Local Usage
		Usr 0 00:02:24, Sys 0 00:00:04  -  Total Remote Usage
		Usr 0 00:00:00, Sys 0 00:00:00  -  Total Local Usage
	0  -  Run Bytes Sent By Job
	0  -  Run Bytes Received By Job
	0  -  Total Bytes Sent By Job
	0  -  Total Bytes Received By Job
	Partitionable Resources :    Usage  Request Allocated 
	   Cpus                 :     0.81        1         1 
	   Disk (KB)            :   750         750   5106398 
	   Memory (MB)          :   129        1500      1536 
	   Xferslots            :                           0 
...
000 (273105.003.000) 11/20 09:33:59 Job submitted from host: <130.199.48.8:9618?addrs=130.199.48.8-9618&noUDP&sock=14204_7c76_3>
...
001 (273105.003.000) 11/20 09:34:49 Job executing on host: <130.199.157.156:9618?addrs=130.199.157.156-9618&noUDP&sock=216952_ab2d_3>
...
006 (273105.003.000) 11/20 09:34:58 Image size of job updated: 88412
	48  -  MemoryUsage of job (MB)
	48328  -  ResidentSetSize of job (KB)
...
006 (273105.003.000) 11/20 09:39:58 Image size of job updated: 942756
	835  -  MemoryUsage of job (MB)
	854436  -  ResidentSetSize of job (KB)
...
006 (273105.003.000) 11/20 09:44:58 Image size of job updated: 1326276
	1209  -  MemoryUsage of job (MB)
	1237956  -  ResidentSetSize of job (KB)
...
005 (273105.003.000) 11/20 09:47:51 Job terminated.
	(0) Abnormal termination (signal 6)
	(0) No core file
		Usr 0 00:04:23, Sys 0 00:00:09  -  Run Remote Usage
		Usr 0 00:00:00, Sys 0 00:00:00  -  Run Local Usage
		Usr 0 00:04:23, Sys 0 00:00:09  -  Total Remote Usage
		Usr 0 00:00:00, Sys 0 00:00:00  -  Total Local Usage
	0  -  Run Bytes Sent By Job
	0  -  Run Bytes Received By Job
	0  -  Total Bytes Sent By Job
	0  -  Total Bytes Received By Job
	Partitionable Resources :    Usage  Request Allocated 
	   Cpus                 :     0.30        1         1 
	   Disk (KB)            :   750         750  14337878 
	   Memory (MB)          :  1209        1500      1536 
	   Xferslots            :                           0 
...
000 (305270.002.000) 01/14 09:50:01 Job submitted from host: <130.199.48.8:9618?addrs=130.199.48.8-9618&noUDP&sock=23074_baac_3>
...
001 (305270.002.000) 01/14 09:50:32 Job executing on host: <130.199.202.113:9618?addrs=130.199.202.113-9618&noUDP&sock=99611_b936_3>
...
006 (305270.002.000) 01/14 09:50:41 Image size of job updated: 158060
	70  -  MemoryUsage of job (MB)
	71552  -  ResidentSetSize of job (KB)
...
006 (305270.002.000) 01/14 09:53:23 Image size of job updated: 243392
	71  -  MemoryUsage of job (MB)
	72104  -  ResidentSetSize of job (KB)
...
005 (305270.002.000) 01/14 09:53:23 Job terminated.
	(0) Abnormal termination (signal 6)
	(0) No core file
		Usr 0 00:02:01, Sys 0 00:00:06  -  Run Remote Usage
		Usr 0 00:00:00, Sys 0 00:00:00  -  Run Local Usage
		Usr 0 00:02:01, Sys 0 00:00:06  -  Total Remote Usage
		Usr 0 00:00:00, Sys 0 00:00:00  -  Total Local Usage
	0  -  Run Bytes Sent By Job
	0  -  Run Bytes Received By Job
	0  -  Total Bytes Sent By Job
	0  -  Total Bytes Received By Job
	Partitionable Resources :    Usage  Request Allocated 
	   Cpus                 :     0.88        1         1 
	   Disk (KB)            :   750         750   4811809 
	   Memory (MB)          :    71        1500      1536 
	   Xferslots            :                           0 
...
000 (305271.002.000) 01/14 11:10:52 Job submitted from host: <130.199.48.8:9618?addrs=130.199.48.8-9618&noUDP&sock=23074_baac_3>
...
001 (305271.002.000) 01/14 11:11:05 Job executing on host: <130.199.202.108:9618?addrs=130.199.202.108-9618&noUDP&sock=3480_79be_3>
...
006 (305271.002.000) 01/14 11:11:14 Image size of job updated: 323756
	231  -  MemoryUsage of job (MB)
	235700  -  ResidentSetSize of job (KB)
...
006 (305271.002.000) 01/14 11:13:43 Image size of job updated: 339796
	231  -  MemoryUsage of job (MB)
	235700  -  ResidentSetSize of job (KB)
...
005 (305271.002.000) 01/14 11:13:44 Job terminated.
	(0) Abnormal termination (signal 6)
	(0) No core file
		Usr 0 00:02:01, Sys 0 00:00:05  -  Run Remote Usage
		Usr 0 00:00:00, Sys 0 00:00:00  -  Run Local Usage
		Usr 0 00:02:01, Sys 0 00:00:05  -  Total Remote Usage
		Usr 0 00:00:00, Sys 0 00:00:00  -  Total Local Usage
	0  -  Run Bytes Sent By Job
	0  -  Run Bytes Received By Job
	0  -  Total Bytes Sent By Job
	0  -  Total Bytes Received By Job
	Partitionable Resources :    Usage  Request Allocated 
	   Cpus                 :     0.80        1         1 
	   Disk (KB)            :   750         750   4811780 
	   Memory (MB)          :   231        1500      1536 
	   Xferslots            :                           0 
...
000 (305272.002.000) 01/14 11:41:30 Job submitted from host: <130.199.48.8:9618?addrs=130.199.48.8-9618&noUDP&sock=23074_baac_3>
...
001 (305272.002.000) 01/14 11:41:58 Job executing on host: <130.199.200.106:9618?addrs=130.199.200.106-9618&noUDP&sock=434147_24ee_3>
...
006 (305272.002.000) 01/14 11:42:07 Image size of job updated: 271204
	179  -  MemoryUsage of job (MB)
	183148  -  ResidentSetSize of job (KB)
...
006 (305272.002.000) 01/14 11:44:43 Image size of job updated: 348320
	179  -  MemoryUsage of job (MB)
	183148  -  ResidentSetSize of job (KB)
...
005 (305272.002.000) 01/14 11:44:43 Job terminated.
	(0) Abnormal termination (signal 6)
	(0) No core file
		Usr 0 00:02:00, Sys 0 00:00:04  -  Run Remote Usage
		Usr 0 00:00:00, Sys 0 00:00:00  -  Run Local Usage
		Usr 0 00:02:00, Sys 0 00:00:04  -  Total Remote Usage
		Usr 0 00:00:00, Sys 0 00:00:00  -  Total Local Usage
	0  -  Run Bytes Sent By Job
	0  -  Run Bytes Received By Job
	0  -  Total Bytes Sent By Job
	0  -  Total Bytes Received By Job
	Partitionable Resources :    Usage  Request Allocated 
	   Cpus                 :     0.77        1         1 
	   Disk (KB)            :   750         750   5106395 
	   Memory (MB)          :   179        1500      1536 
	   Xferslots            :                           0 
...
000 (305273.002.000) 01/14 12:35:20 Job submitted from host: <130.199.48.8:9618?addrs=130.199.48.8-9618&noUDP&sock=23074_baac_3>
...
001 (305273.002.000) 01/14 12:35:59 Job executing on host: <130.199.157.149:9618?addrs=130.199.157.149-9618&noUDP&sock=39339_6578_3>
...
006 (305273.002.000) 01/14 12:36:08 Image size of job updated: 84892
	46  -  MemoryUsage of job (MB)
	46392  -  ResidentSetSize of job (KB)
...
006 (305273.002.000) 01/14 12:41:09 Image size of job updated: 359548
	266  -  MemoryUsage of job (MB)
	271556  -  ResidentSetSize of job (KB)
...
005 (305273.002.000) 01/14 12:42:47 Job terminated.
	(0) Abnormal termination (signal 6)
	(0) No core file
		Usr 0 00:02:35, Sys 0 00:00:05  -  Run Remote Usage
		Usr 0 00:00:00, Sys 0 00:00:00  -  Run Local Usage
		Usr 0 00:02:35, Sys 0 00:00:05  -  Total Remote Usage
		Usr 0 00:00:00, Sys 0 00:00:00  -  Total Local Usage
	0  -  Run Bytes Sent By Job
	0  -  Run Bytes Received By Job
	0  -  Total Bytes Sent By Job
	0  -  Total Bytes Received By Job
	Partitionable Resources :    Usage  Request Allocated 
	   Cpus                 :     0.56        1         1 
	   Disk (KB)            :   750         750  14337878 
	   Memory (MB)          :   266        1500      1536 
	   Xferslots            :                           0 
...
000 (192223.002.000) 01/26 11:19:39 Job submitted from host: <130.199.48.9:9618?addrs=130.199.48.9-9618&noUDP&sock=27824_0b53_3>
...
001 (192223.002.000) 01/26 11:20:02 Job executing on host: <130.199.157.4:9618?addrs=130.199.157.4-9618&noUDP&sock=329153_de64_3>
...
006 (192223.002.000) 01/26 11:20:11 Image size of job updated: 157924
	70  -  MemoryUsage of job (MB)
	71456  -  ResidentSetSize of job (KB)
...
006 (192223.002.000) 01/26 11:25:12 Image size of job updated: 347336
	254  -  MemoryUsage of job (MB)
	259496  -  ResidentSetSize of job (KB)
...
006 (192223.002.000) 01/26 11:27:20 Image size of job updated: 349252
	254  -  MemoryUsage of job (MB)
	259496  -  ResidentSetSize of job (KB)
...
005 (192223.002.000) 01/26 11:27:20 Job terminated.
	(0) Abnormal termination (signal 6)
	(0) No core file
		Usr 0 00:03:14, Sys 0 00:00:06  -  Run Remote Usage
		Usr 0 00:00:00, Sys 0 00:00:00  -  Run Local Usage
		Usr 0 00:03:14, Sys 0 00:00:06  -  Total Remote Usage
		Usr 0 00:00:00, Sys 0 00:00:00  -  Total Local Usage
	0  -  Run Bytes Sent By Job
	0  -  Run Bytes Received By Job
	0  -  Total Bytes Sent By Job
	0  -  Total Bytes Received By Job
	Partitionable Resources :    Usage  Request Allocated 
	   Cpus                 :     0.48        1         1 
	   Disk (KB)            :   750         750   6743389 
	   Memory (MB)          :   254        1500      1536 
	   Xferslots            :                           0 
...
000 (192972.002.000) 02/01 09:58:32 Job submitted from host: <130.199.48.9:9618?addrs=130.199.48.9-9618&noUDP&sock=27824_0b53_3>
...
001 (192972.002.000) 02/01 09:58:41 Job executing on host: <130.199.202.113:9618?addrs=130.199.202.113-9618&noUDP&sock=99611_b936_3>
...
006 (192972.002.000) 02/01 09:58:50 Image size of job updated: 271680
	180  -  MemoryUsage of job (MB)
	183852  -  ResidentSetSize of job (KB)
...
000 (192973.002.000) 02/01 10:00:37 Job submitted from host: <130.199.48.9:9618?addrs=130.199.48.9-9618&noUDP&sock=27824_0b53_3>
...
001 (192973.002.000) 02/01 10:01:00 Job executing on host: <130.199.202.114:9618?addrs=130.199.202.114-9618&noUDP&sock=209168_2184_3>
...
006 (192973.002.000) 02/01 10:01:09 Image size of job updated: 158468
	71  -  MemoryUsage of job (MB)
	71960  -  ResidentSetSize of job (KB)
...
006 (192972.002.000) 02/01 10:01:26 Image size of job updated: 347628
	180  -  MemoryUsage of job (MB)
	183852  -  ResidentSetSize of job (KB)
...
004 (192972.002.000) 02/01 10:01:26 Job was evicted.
	(0) Job was not checkpointed.
		Usr 0 00:02:10, Sys 0 00:00:04  -  Run Remote Usage
		Usr 0 00:00:00, Sys 0 00:00:00  -  Run Local Usage
	0  -  Run Bytes Sent By Job
	0  -  Run Bytes Received By Job
	Partitionable Resources :    Usage  Request Allocated 
	   Cpus                 :     0.85        1         1 
	   Disk (KB)            :   750         750   4811809 
	   Memory (MB)          :   180        1500      1536 
	   Xferslots            :                           0 
...
009 (192972.002.000) 02/01 10:01:26 Job was aborted by the user.
	via condor_rm (by user jeff)
...
006 (192973.002.000) 02/01 10:01:28 Image size of job updated: 423452
	71  -  MemoryUsage of job (MB)
	71960  -  ResidentSetSize of job (KB)
...
004 (192973.002.000) 02/01 10:01:28 Job was evicted.
	(0) Job was not checkpointed.
		Usr 0 00:00:16, Sys 0 00:00:01  -  Run Remote Usage
		Usr 0 00:00:00, Sys 0 00:00:00  -  Run Local Usage
	0  -  Run Bytes Sent By Job
	0  -  Run Bytes Received By Job
	Partitionable Resources :    Usage  Request Allocated 
	   Cpus                 :        0        1         1 
	   Disk (KB)            :      750      750   4811788 
	   Memory (MB)          :       71     1500      1536 
	   Xferslots            :                           0 
...
009 (192973.002.000) 02/01 10:01:28 Job was aborted by the user.
	via condor_rm (by user jeff)
...
000 (192974.002.000) 02/01 10:02:51 Job submitted from host: <130.199.48.9:9618?addrs=130.199.48.9-9618&noUDP&sock=27824_0b53_3>
...
000 (192975.002.000) 02/01 10:02:57 Job submitted from host: <130.199.48.9:9618?addrs=130.199.48.9-9618&noUDP&sock=27824_0b53_3>
...
001 (192975.002.000) 02/01 10:03:18 Job executing on host: <130.199.200.89:9618?addrs=130.199.200.89-9618&noUDP&sock=115510_8e68_3>
...
001 (192974.002.000) 02/01 10:03:18 Job executing on host: <130.199.202.101:9618?addrs=130.199.202.101-9618&noUDP&sock=193835_6e14_3>
...
006 (192975.002.000) 02/01 10:03:27 Image size of job updated: 270472
	179  -  MemoryUsage of job (MB)
	182640  -  ResidentSetSize of job (KB)
...
006 (192974.002.000) 02/01 10:03:27 Image size of job updated: 289672
	198  -  MemoryUsage of job (MB)
	201844  -  ResidentSetSize of job (KB)
...
006 (192975.002.000) 02/01 10:07:54 Image size of job updated: 355344
	179  -  MemoryUsage of job (MB)
	182640  -  ResidentSetSize of job (KB)
...
005 (192975.002.000) 02/01 10:07:54 Job terminated.
	(0) Abnormal termination (signal 6)
	(0) No core file
		Usr 0 00:03:52, Sys 0 00:00:06  -  Run Remote Usage
		Usr 0 00:00:00, Sys 0 00:00:00  -  Run Local Usage
		Usr 0 00:03:52, Sys 0 00:00:06  -  Total Remote Usage
		Usr 0 00:00:00, Sys 0 00:00:00  -  Total Local Usage
	0  -  Run Bytes Sent By Job
	0  -  Run Bytes Received By Job
	0  -  Total Bytes Sent By Job
	0  -  Total Bytes Received By Job
	Partitionable Resources :    Usage  Request Allocated 
	   Cpus                 :     0.87        1         1 
	   Disk (KB)            :   750         750   3803740 
	   Memory (MB)          :   179        1500      1536 
	   Xferslots            :                           0 
...
006 (192974.002.000) 02/01 10:08:28 Image size of job updated: 458160
	362  -  MemoryUsage of job (MB)
	369836  -  ResidentSetSize of job (KB)
...
006 (192974.002.000) 02/01 10:09:35 Image size of job updated: 813876
	362  -  MemoryUsage of job (MB)
	369836  -  ResidentSetSize of job (KB)
...
005 (192974.002.000) 02/01 10:09:35 Job terminated.
	(0) Abnormal termination (signal 6)
	(0) No core file
		Usr 0 00:05:28, Sys 0 00:00:07  -  Run Remote Usage
		Usr 0 00:00:00, Sys 0 00:00:00  -  Run Local Usage
		Usr 0 00:05:28, Sys 0 00:00:07  -  Total Remote Usage
		Usr 0 00:00:00, Sys 0 00:00:00  -  Total Local Usage
	0  -  Run Bytes Sent By Job
	0  -  Run Bytes Received By Job
	0  -  Total Bytes Sent By Job
	0  -  Total Bytes Received By Job
	Partitionable Resources :    Usage  Request Allocated 
	   Cpus                 :     0.86        1         1 
	   Disk (KB)            :   750         750   4811790 
	   Memory (MB)          :   362        1500      1536 
	   Xferslots            :                           0 
...
000 (307904.002.000) 02/01 11:30:11 Job submitted from host: <130.199.48.8:9618?addrs=130.199.48.8-9618&noUDP&sock=23074_baac_3>
...
000 (307905.002.000) 02/01 11:30:16 Job submitted from host: <130.199.48.8:9618?addrs=130.199.48.8-9618&noUDP&sock=23074_baac_3>
...
001 (307905.002.000) 02/01 11:30:25 Job executing on host: <130.199.157.154:9618?addrs=130.199.157.154-9618&noUDP&sock=191039_8802_3>
...
001 (307904.002.000) 02/01 11:30:25 Job executing on host: <130.199.156.237:9618?addrs=130.199.156.237-9618&noUDP&sock=3247_bbe7_3>
...
006 (307905.002.000) 02/01 11:30:34 Image size of job updated: 91300
	49  -  MemoryUsage of job (MB)
	49952  -  ResidentSetSize of job (KB)
...
006 (307904.002.000) 02/01 11:30:34 Image size of job updated: 202172
	112  -  MemoryUsage of job (MB)
	114384  -  ResidentSetSize of job (KB)
...
006 (307905.002.000) 02/01 11:35:35 Image size of job updated: 1272708
	1157  -  MemoryUsage of job (MB)
	1184384  -  ResidentSetSize of job (KB)
...
006 (307904.002.000) 02/01 11:35:36 Image size of job updated: 405868
	311  -  MemoryUsage of job (MB)
	318032  -  ResidentSetSize of job (KB)
...
006 (307904.002.000) 02/01 11:36:08 Image size of job updated: 416424
	311  -  MemoryUsage of job (MB)
	318032  -  ResidentSetSize of job (KB)
...
005 (307904.002.000) 02/01 11:36:09 Job terminated.
	(0) Abnormal termination (signal 6)
	(0) No core file
		Usr 0 00:03:19, Sys 0 00:00:06  -  Run Remote Usage
		Usr 0 00:00:00, Sys 0 00:00:00  -  Run Local Usage
		Usr 0 00:03:19, Sys 0 00:00:06  -  Total Remote Usage
		Usr 0 00:00:00, Sys 0 00:00:00  -  Total Local Usage
	0  -  Run Bytes Sent By Job
	0  -  Run Bytes Received By Job
	0  -  Total Bytes Sent By Job
	0  -  Total Bytes Received By Job
	Partitionable Resources :    Usage  Request Allocated 
	   Cpus                 :     0.67        1         1 
	   Disk (KB)            :   750         750   6743384 
	   Memory (MB)          :   311        1500      1536 
	   Xferslots            :                           0 
...
005 (307905.002.000) 02/01 11:39:17 Job terminated.
	(0) Abnormal termination (signal 6)
	(0) No core file
		Usr 0 00:05:19, Sys 0 00:00:07  -  Run Remote Usage
		Usr 0 00:00:00, Sys 0 00:00:00  -  Run Local Usage
		Usr 0 00:05:19, Sys 0 00:00:07  -  Total Remote Usage
		Usr 0 00:00:00, Sys 0 00:00:00  -  Total Local Usage
	0  -  Run Bytes Sent By Job
	0  -  Run Bytes Received By Job
	0  -  Total Bytes Sent By Job
	0  -  Total Bytes Received By Job
	Partitionable Resources :    Usage  Request Allocated 
	   Cpus                 :     0.74        1         1 
	   Disk (KB)            :   750         750  14337870 
	   Memory (MB)          :  1157        1500      1536 
	   Xferslots            :                           0 
...
