000 (163792.005.000) 11/16 14:23:59 Job submitted from host: <130.199.48.9:9618?addrs=130.199.48.9-9618&noUDP&sock=12723_c4b4_3>
...
001 (163792.005.000) 11/16 14:24:41 Job executing on host: <130.199.200.100:9618?addrs=130.199.200.100-9618&noUDP&sock=117101_1672_3>
...
006 (163792.005.000) 11/16 14:24:49 Image size of job updated: 197880
	108  -  MemoryUsage of job (MB)
	110184  -  ResidentSetSize of job (KB)
...
006 (163792.005.000) 11/16 14:29:49 Image size of job updated: 399528
	305  -  MemoryUsage of job (MB)
	311780  -  ResidentSetSize of job (KB)
...
006 (163792.005.000) 11/16 14:30:25 Image size of job updated: 400552
	305  -  MemoryUsage of job (MB)
	311780  -  ResidentSetSize of job (KB)
...
005 (163792.005.000) 11/16 14:30:25 Job terminated.
	(1) Normal termination (return value 0)
		Usr 0 00:04:33, Sys 0 00:00:07  -  Run Remote Usage
		Usr 0 00:00:00, Sys 0 00:00:00  -  Run Local Usage
		Usr 0 00:04:33, Sys 0 00:00:07  -  Total Remote Usage
		Usr 0 00:00:00, Sys 0 00:00:00  -  Total Local Usage
	0  -  Run Bytes Sent By Job
	0  -  Run Bytes Received By Job
	0  -  Total Bytes Sent By Job
	0  -  Total Bytes Received By Job
	Partitionable Resources :    Usage  Request Allocated 
	   Cpus                 :     0.91        1         1 
	   Disk (KB)            :   750         750   5106409 
	   Memory (MB)          :   305        1500      1536 
	   Xferslots            :                           0 
...
000 (180469.005.000) 11/16 16:27:52 Job submitted from host: <130.199.48.9:9618?addrs=130.199.48.9-9618&noUDP&sock=12723_c4b4_3>
...
009 (180469.005.000) 11/16 17:38:29 Job was aborted by the user.
	via condor_rm (by user jeff)
...
000 (180470.005.000) 11/16 17:38:34 Job submitted from host: <130.199.48.9:9618?addrs=130.199.48.9-9618&noUDP&sock=12723_c4b4_3>
...
009 (180470.005.000) 11/16 17:40:13 Job was aborted by the user.
	via condor_rm (by user jeff)
...
000 (464514.005.000) 11/16 17:41:01 Job submitted from host: <130.199.48.7:9618?addrs=130.199.48.7-9618&noUDP&sock=14234_fb15_3>
...
001 (464514.005.000) 11/16 17:42:56 Job executing on host: <130.199.157.5:9618?addrs=130.199.157.5-9618&noUDP&sock=118115_0182_3>
...
006 (464514.005.000) 11/16 17:43:05 Image size of job updated: 79552
	68  -  MemoryUsage of job (MB)
	68884  -  ResidentSetSize of job (KB)
...
006 (464514.005.000) 11/16 17:48:06 Image size of job updated: 355584
	337  -  MemoryUsage of job (MB)
	344724  -  ResidentSetSize of job (KB)
...
006 (464514.005.000) 11/16 17:53:07 Image size of job updated: 401016
	392  -  MemoryUsage of job (MB)
	400936  -  ResidentSetSize of job (KB)
...
006 (464514.005.000) 11/16 17:58:01 Image size of job updated: 404008
	392  -  MemoryUsage of job (MB)
	400936  -  ResidentSetSize of job (KB)
...
005 (464514.005.000) 11/16 17:58:02 Job terminated.
	(0) Abnormal termination (signal 11)
	(0) No core file
		Usr 0 00:05:15, Sys 0 00:00:10  -  Run Remote Usage
		Usr 0 00:00:00, Sys 0 00:00:00  -  Run Local Usage
		Usr 0 00:05:15, Sys 0 00:00:10  -  Total Remote Usage
		Usr 0 00:00:00, Sys 0 00:00:00  -  Total Local Usage
	0  -  Run Bytes Sent By Job
	0  -  Run Bytes Received By Job
	0  -  Total Bytes Sent By Job
	0  -  Total Bytes Received By Job
	Partitionable Resources :    Usage  Request Allocated 
	   Cpus                 :     0.01        1         1 
	   Disk (KB)            :   750         750   6743395 
	   Memory (MB)          :   392        1500      1536 
	   Xferslots            :                           0 
...
000 (180471.005.000) 11/17 12:09:35 Job submitted from host: <130.199.48.9:9618?addrs=130.199.48.9-9618&noUDP&sock=12723_c4b4_3>
...
009 (180471.005.000) 11/17 12:09:48 Job was aborted by the user.
	via condor_rm (by user jeff)
...
000 (180472.005.000) 11/17 12:11:28 Job submitted from host: <130.199.48.9:9618?addrs=130.199.48.9-9618&noUDP&sock=12723_c4b4_3>
...
001 (180472.005.000) 11/17 12:12:10 Job executing on host: <130.199.157.20:9618?addrs=130.199.157.20-9618&noUDP&sock=36855_3de1_3>
...
006 (180472.005.000) 11/17 12:12:19 Image size of job updated: 155320
	68  -  MemoryUsage of job (MB)
	68884  -  ResidentSetSize of job (KB)
...
006 (180472.005.000) 11/17 12:17:19 Image size of job updated: 496720
	399  -  MemoryUsage of job (MB)
	408468  -  ResidentSetSize of job (KB)
...
006 (180472.005.000) 11/17 12:20:39 Image size of job updated: 862940
	399  -  MemoryUsage of job (MB)
	408468  -  ResidentSetSize of job (KB)
...
005 (180472.005.000) 11/17 12:20:39 Job terminated.
	(1) Normal termination (return value 0)
		Usr 0 00:05:37, Sys 0 00:00:08  -  Run Remote Usage
		Usr 0 00:00:00, Sys 0 00:00:00  -  Run Local Usage
		Usr 0 00:05:37, Sys 0 00:00:08  -  Total Remote Usage
		Usr 0 00:00:00, Sys 0 00:00:00  -  Total Local Usage
	0  -  Run Bytes Sent By Job
	0  -  Run Bytes Received By Job
	0  -  Total Bytes Sent By Job
	0  -  Total Bytes Received By Job
	Partitionable Resources :    Usage  Request Allocated 
	   Cpus                 :     0.66        1         1 
	   Disk (KB)            :   750         750   6743395 
	   Memory (MB)          :   399        1500      1536 
	   Xferslots            :                           0 
...
000 (180473.005.000) 11/17 12:43:16 Job submitted from host: <130.199.48.9:9618?addrs=130.199.48.9-9618&noUDP&sock=12723_c4b4_3>
...
001 (180473.005.000) 11/17 12:43:42 Job executing on host: <130.199.202.116:9618?addrs=130.199.202.116-9618&noUDP&sock=31951_3008_3>
...
006 (180473.005.000) 11/17 12:43:51 Image size of job updated: 201924
	112  -  MemoryUsage of job (MB)
	114216  -  ResidentSetSize of job (KB)
...
006 (180473.005.000) 11/17 12:48:51 Image size of job updated: 491680
	394  -  MemoryUsage of job (MB)
	403428  -  ResidentSetSize of job (KB)
...
006 (180473.005.000) 11/17 12:49:57 Image size of job updated: 491940
	394  -  MemoryUsage of job (MB)
	403428  -  ResidentSetSize of job (KB)
...
005 (180473.005.000) 11/17 12:49:57 Job terminated.
	(0) Abnormal termination (signal 11)
	(0) No core file
		Usr 0 00:04:36, Sys 0 00:00:07  -  Run Remote Usage
		Usr 0 00:00:00, Sys 0 00:00:00  -  Run Local Usage
		Usr 0 00:04:36, Sys 0 00:00:07  -  Total Remote Usage
		Usr 0 00:00:00, Sys 0 00:00:00  -  Total Local Usage
	0  -  Run Bytes Sent By Job
	0  -  Run Bytes Received By Job
	0  -  Total Bytes Sent By Job
	0  -  Total Bytes Received By Job
	Partitionable Resources :    Usage  Request Allocated 
	   Cpus                 :     0.83        1         1 
	   Disk (KB)            :   750         750   4811675 
	   Memory (MB)          :   394        1500      1536 
	   Xferslots            :                           0 
...
000 (180474.005.000) 11/17 13:04:29 Job submitted from host: <130.199.48.9:9618?addrs=130.199.48.9-9618&noUDP&sock=12723_c4b4_3>
...
001 (180474.005.000) 11/17 13:04:52 Job executing on host: <130.199.202.104:9618?addrs=130.199.202.104-9618&noUDP&sock=30481_f381_3>
...
006 (180474.005.000) 11/17 13:05:01 Image size of job updated: 279936
	188  -  MemoryUsage of job (MB)
	192180  -  ResidentSetSize of job (KB)
...
006 (180474.005.000) 11/17 13:10:02 Image size of job updated: 1313704
	1197  -  MemoryUsage of job (MB)
	1225452  -  ResidentSetSize of job (KB)
...
006 (180474.005.000) 11/17 13:15:02 Image size of job updated: 1377536
	1260  -  MemoryUsage of job (MB)
	1289284  -  ResidentSetSize of job (KB)
...
005 (180474.005.000) 11/17 13:16:12 Job terminated.
	(1) Normal termination (return value 0)
		Usr 0 00:09:44, Sys 0 00:00:12  -  Run Remote Usage
		Usr 0 00:00:00, Sys 0 00:00:00  -  Run Local Usage
		Usr 0 00:09:44, Sys 0 00:00:12  -  Total Remote Usage
		Usr 0 00:00:00, Sys 0 00:00:00  -  Total Local Usage
	0  -  Run Bytes Sent By Job
	0  -  Run Bytes Received By Job
	0  -  Total Bytes Sent By Job
	0  -  Total Bytes Received By Job
	Partitionable Resources :    Usage  Request Allocated 
	   Cpus                 :     0.87        1         1 
	   Disk (KB)            :   750         750   4811678 
	   Memory (MB)          :  1260        1500      1536 
	   Xferslots            :                           0 
...
000 (180475.005.000) 11/17 16:42:12 Job submitted from host: <130.199.48.9:9618?addrs=130.199.48.9-9618&noUDP&sock=12723_c4b4_3>
...
001 (180475.005.000) 11/17 16:43:11 Job executing on host: <130.199.158.165:9618?addrs=130.199.158.165-9618&noUDP&sock=26327_433b_3>
...
006 (180475.005.000) 11/17 16:43:21 Image size of job updated: 92128
	50  -  MemoryUsage of job (MB)
	50544  -  ResidentSetSize of job (KB)
...
006 (180475.005.000) 11/17 16:48:22 Image size of job updated: 403120
	308  -  MemoryUsage of job (MB)
	315324  -  ResidentSetSize of job (KB)
...
006 (180475.005.000) 11/17 16:53:23 Image size of job updated: 491796
	395  -  MemoryUsage of job (MB)
	403516  -  ResidentSetSize of job (KB)
...
005 (180475.005.000) 11/17 16:55:52 Job terminated.
	(0) Abnormal termination (signal 6)
	(0) No core file
		Usr 0 00:07:06, Sys 0 00:00:10  -  Run Remote Usage
		Usr 0 00:00:00, Sys 0 00:00:00  -  Run Local Usage
		Usr 0 00:07:06, Sys 0 00:00:10  -  Total Remote Usage
		Usr 0 00:00:00, Sys 0 00:00:00  -  Total Local Usage
	0  -  Run Bytes Sent By Job
	0  -  Run Bytes Received By Job
	0  -  Total Bytes Sent By Job
	0  -  Total Bytes Received By Job
	Partitionable Resources :    Usage  Request Allocated 
	   Cpus                 :     0.64        1         1 
	   Disk (KB)            :   750         750   7037864 
	   Memory (MB)          :   395        1500      1536 
	   Xferslots            :                           0 
...
000 (180476.005.000) 11/17 16:59:07 Job submitted from host: <130.199.48.9:9618?addrs=130.199.48.9-9618&noUDP&sock=12723_c4b4_3>
...
001 (180476.005.000) 11/17 16:59:44 Job executing on host: <130.199.157.143:9618?addrs=130.199.157.143-9618&noUDP&sock=215343_70c2_3>
...
006 (180476.005.000) 11/17 16:59:53 Image size of job updated: 152372
	62  -  MemoryUsage of job (MB)
	63136  -  ResidentSetSize of job (KB)
...
006 (180476.005.000) 11/17 17:04:53 Image size of job updated: 1117180
	1005  -  MemoryUsage of job (MB)
	1028912  -  ResidentSetSize of job (KB)
...
006 (180476.005.000) 11/17 17:09:54 Image size of job updated: 1375592
	1258  -  MemoryUsage of job (MB)
	1287324  -  ResidentSetSize of job (KB)
...
006 (180476.005.000) 11/17 17:14:54 Image size of job updated: 1376148
	1258  -  MemoryUsage of job (MB)
	1287880  -  ResidentSetSize of job (KB)
...
005 (180476.005.000) 11/17 17:16:41 Job terminated.
	(0) Abnormal termination (signal 6)
	(0) No core file
		Usr 0 00:09:39, Sys 0 00:00:12  -  Run Remote Usage
		Usr 0 00:00:00, Sys 0 00:00:00  -  Run Local Usage
		Usr 0 00:09:39, Sys 0 00:00:12  -  Total Remote Usage
		Usr 0 00:00:00, Sys 0 00:00:00  -  Total Local Usage
	0  -  Run Bytes Sent By Job
	0  -  Run Bytes Received By Job
	0  -  Total Bytes Sent By Job
	0  -  Total Bytes Received By Job
	Partitionable Resources :    Usage  Request Allocated 
	   Cpus                 :     0.61        1         1 
	   Disk (KB)            :   750         750  14337878 
	   Memory (MB)          :  1258        1500      1536 
	   Xferslots            :                           0 
...
000 (271840.005.000) 11/19 09:18:26 Job submitted from host: <130.199.48.8:9618?addrs=130.199.48.8-9618&noUDP&sock=14204_7c76_3>
...
001 (271840.005.000) 11/19 09:22:02 Job executing on host: <130.199.202.101:9618?addrs=130.199.202.101-9618&noUDP&sock=30903_8245_3>
...
006 (271840.005.000) 11/19 09:22:11 Image size of job updated: 271528
	181  -  MemoryUsage of job (MB)
	184520  -  ResidentSetSize of job (KB)
...
006 (271840.005.000) 11/19 09:24:31 Image size of job updated: 307824
	181  -  MemoryUsage of job (MB)
	184520  -  ResidentSetSize of job (KB)
...
004 (271840.005.000) 11/19 09:24:33 Job was evicted.
	(0) Job was not checkpointed.
		Usr 0 00:02:03, Sys 0 00:00:04  -  Run Remote Usage
		Usr 0 00:00:00, Sys 0 00:00:00  -  Run Local Usage
	0  -  Run Bytes Sent By Job
	0  -  Run Bytes Received By Job
	Partitionable Resources :    Usage  Request Allocated 
	   Cpus                 :     0.88        1         1 
	   Disk (KB)            :   750         750   4811691 
	   Memory (MB)          :   181        1500      1536 
	   Xferslots            :                           0 
...
009 (271840.005.000) 11/19 09:24:33 Job was aborted by the user.
	via condor_rm (by user jeff)
...
000 (271843.005.000) 11/19 09:39:52 Job submitted from host: <130.199.48.8:9618?addrs=130.199.48.8-9618&noUDP&sock=14204_7c76_3>
...
001 (271843.005.000) 11/19 09:40:47 Job executing on host: <130.199.200.109:9618?addrs=130.199.200.109-9618&noUDP&sock=113959_af32_3>
...
006 (271843.005.000) 11/19 09:40:56 Image size of job updated: 197828
	109  -  MemoryUsage of job (MB)
	110684  -  ResidentSetSize of job (KB)
...
006 (271843.005.000) 11/19 09:45:57 Image size of job updated: 294948
	203  -  MemoryUsage of job (MB)
	207796  -  ResidentSetSize of job (KB)
...
005 (271843.005.000) 11/19 09:46:53 Job terminated.
	(0) Abnormal termination (signal 6)
	(0) No core file
		Usr 0 00:05:14, Sys 0 00:00:09  -  Run Remote Usage
		Usr 0 00:00:00, Sys 0 00:00:00  -  Run Local Usage
		Usr 0 00:05:14, Sys 0 00:00:09  -  Total Remote Usage
		Usr 0 00:00:00, Sys 0 00:00:00  -  Total Local Usage
	0  -  Run Bytes Sent By Job
	0  -  Run Bytes Received By Job
	0  -  Total Bytes Sent By Job
	0  -  Total Bytes Received By Job
	Partitionable Resources :    Usage  Request Allocated 
	   Cpus                 :     0.86        1         1 
	   Disk (KB)            :   750         750   5106398 
	   Memory (MB)          :   203        1500      1536 
	   Xferslots            :                           0 
...
000 (271844.005.000) 11/19 10:17:50 Job submitted from host: <130.199.48.8:9618?addrs=130.199.48.8-9618&noUDP&sock=14204_7c76_3>
...
001 (271844.005.000) 11/19 10:18:59 Job executing on host: <130.199.202.110:9618?addrs=130.199.202.110-9618&noUDP&sock=30570_1e5a_3>
...
006 (271844.005.000) 11/19 10:19:09 Image size of job updated: 750
	0  -  MemoryUsage of job (MB)
	0  -  ResidentSetSize of job (KB)
...
005 (271844.005.000) 11/19 10:19:09 Job terminated.
	(1) Normal termination (return value 1)
		Usr 0 00:00:00, Sys 0 00:00:00  -  Run Remote Usage
		Usr 0 00:00:00, Sys 0 00:00:00  -  Run Local Usage
		Usr 0 00:00:00, Sys 0 00:00:00  -  Total Remote Usage
		Usr 0 00:00:00, Sys 0 00:00:00  -  Total Local Usage
	0  -  Run Bytes Sent By Job
	0  -  Run Bytes Received By Job
	0  -  Total Bytes Sent By Job
	0  -  Total Bytes Received By Job
	Partitionable Resources :    Usage  Request Allocated 
	   Cpus                 :        0        1         1 
	   Disk (KB)            :      750      750   4811687 
	   Memory (MB)          :        0     1500      1536 
	   Xferslots            :                           0 
...
000 (271845.005.000) 11/19 10:19:43 Job submitted from host: <130.199.48.8:9618?addrs=130.199.48.8-9618&noUDP&sock=14204_7c76_3>
...
001 (271845.005.000) 11/19 10:22:08 Job executing on host: <130.199.156.234:9618?addrs=130.199.156.234-9618&noUDP&sock=36647_698f_3>
...
006 (271845.005.000) 11/19 10:22:17 Image size of job updated: 155312
	68  -  MemoryUsage of job (MB)
	69040  -  ResidentSetSize of job (KB)
...
006 (271845.005.000) 11/19 10:27:18 Image size of job updated: 724924
	622  -  MemoryUsage of job (MB)
	636600  -  ResidentSetSize of job (KB)
...
006 (271845.005.000) 11/19 10:32:18 Image size of job updated: 1178008
	1065  -  MemoryUsage of job (MB)
	1089684  -  ResidentSetSize of job (KB)
...
006 (271845.005.000) 11/19 10:37:19 Image size of job updated: 1379756
	1262  -  MemoryUsage of job (MB)
	1291432  -  ResidentSetSize of job (KB)
...
000 (271846.005.000) 11/19 10:39:42 Job submitted from host: <130.199.48.8:9618?addrs=130.199.48.8-9618&noUDP&sock=14204_7c76_3>
...
000 (271847.005.000) 11/19 10:40:43 Job submitted from host: <130.199.48.8:9618?addrs=130.199.48.8-9618&noUDP&sock=14204_7c76_3>
...
009 (271847.005.000) 11/19 10:40:46 Job was aborted by the user.
	via condor_rm (by user jeff)
...
005 (271845.005.000) 11/19 10:42:23 Job terminated.
	(0) Abnormal termination (signal 6)
	(0) No core file
		Usr 0 00:11:18, Sys 0 00:00:15  -  Run Remote Usage
		Usr 0 00:00:00, Sys 0 00:00:00  -  Run Local Usage
		Usr 0 00:11:18, Sys 0 00:00:15  -  Total Remote Usage
		Usr 0 00:00:00, Sys 0 00:00:00  -  Total Local Usage
	0  -  Run Bytes Sent By Job
	0  -  Run Bytes Received By Job
	0  -  Total Bytes Sent By Job
	0  -  Total Bytes Received By Job
	Partitionable Resources :    Usage  Request Allocated 
	   Cpus                 :     0.88        1         1 
	   Disk (KB)            :   750         750   6743395 
	   Memory (MB)          :  1262        1500      1536 
	   Xferslots            :                           0 
...
001 (271846.005.000) 11/19 10:43:48 Job executing on host: <130.199.200.99:9618?addrs=130.199.200.99-9618&noUDP&sock=119160_bc35_3>
...
006 (271846.005.000) 11/19 10:43:57 Image size of job updated: 317464
	225  -  MemoryUsage of job (MB)
	229636  -  ResidentSetSize of job (KB)
...
006 (271846.005.000) 11/19 10:48:58 Image size of job updated: 494780
	397  -  MemoryUsage of job (MB)
	406452  -  ResidentSetSize of job (KB)
...
005 (271846.005.000) 11/19 10:49:04 Job terminated.
	(0) Abnormal termination (signal 6)
	(0) No core file
		Usr 0 00:03:57, Sys 0 00:00:08  -  Run Remote Usage
		Usr 0 00:00:00, Sys 0 00:00:00  -  Run Local Usage
		Usr 0 00:03:57, Sys 0 00:00:08  -  Total Remote Usage
		Usr 0 00:00:00, Sys 0 00:00:00  -  Total Local Usage
	0  -  Run Bytes Sent By Job
	0  -  Run Bytes Received By Job
	0  -  Total Bytes Sent By Job
	0  -  Total Bytes Received By Job
	Partitionable Resources :    Usage  Request Allocated 
	   Cpus                 :     0.96        1         1 
	   Disk (KB)            :   750         750   5106409 
	   Memory (MB)          :   397        1500      1536 
	   Xferslots            :                           0 
...
000 (273103.005.000) 11/20 08:43:51 Job submitted from host: <130.199.48.8:9618?addrs=130.199.48.8-9618&noUDP&sock=14204_7c76_3>
...
001 (273103.005.000) 11/20 08:44:25 Job executing on host: <130.199.157.145:9618?addrs=130.199.157.145-9618&noUDP&sock=215844_002a_3>
...
006 (273103.005.000) 11/20 08:44:26 Image size of job updated: 750
	0  -  MemoryUsage of job (MB)
	0  -  ResidentSetSize of job (KB)
...
005 (273103.005.000) 11/20 08:44:26 Job terminated.
	(1) Normal termination (return value 127)
		Usr 0 00:00:00, Sys 0 00:00:00  -  Run Remote Usage
		Usr 0 00:00:00, Sys 0 00:00:00  -  Run Local Usage
		Usr 0 00:00:00, Sys 0 00:00:00  -  Total Remote Usage
		Usr 0 00:00:00, Sys 0 00:00:00  -  Total Local Usage
	0  -  Run Bytes Sent By Job
	0  -  Run Bytes Received By Job
	0  -  Total Bytes Sent By Job
	0  -  Total Bytes Received By Job
	Partitionable Resources :    Usage  Request Allocated 
	   Cpus                 :                 1         1 
	   Disk (KB)            :      750      750  14337878 
	   Memory (MB)          :        0     1500      1536 
	   Xferslots            :                           0 
...
000 (273104.005.000) 11/20 08:45:01 Job submitted from host: <130.199.48.8:9618?addrs=130.199.48.8-9618&noUDP&sock=14204_7c76_3>
...
001 (273104.005.000) 11/20 08:45:31 Job executing on host: <130.199.202.102:9618?addrs=130.199.202.102-9618&noUDP&sock=28446_e63d_3>
...
006 (273104.005.000) 11/20 08:45:40 Image size of job updated: 317088
	224  -  MemoryUsage of job (MB)
	229300  -  ResidentSetSize of job (KB)
...
006 (273104.005.000) 11/20 08:50:05 Image size of job updated: 409360
	224  -  MemoryUsage of job (MB)
	229300  -  ResidentSetSize of job (KB)
...
005 (273104.005.000) 11/20 08:50:05 Job terminated.
	(0) Abnormal termination (signal 6)
	(0) No core file
		Usr 0 00:03:33, Sys 0 00:00:06  -  Run Remote Usage
		Usr 0 00:00:00, Sys 0 00:00:00  -  Run Local Usage
		Usr 0 00:03:33, Sys 0 00:00:06  -  Total Remote Usage
		Usr 0 00:00:00, Sys 0 00:00:00  -  Total Local Usage
	0  -  Run Bytes Sent By Job
	0  -  Run Bytes Received By Job
	0  -  Total Bytes Sent By Job
	0  -  Total Bytes Received By Job
	Partitionable Resources :    Usage  Request Allocated 
	   Cpus                 :     0.84        1         1 
	   Disk (KB)            :   750         750   4811681 
	   Memory (MB)          :   224        1500      1536 
	   Xferslots            :                           0 
...
000 (273105.005.000) 11/20 09:33:59 Job submitted from host: <130.199.48.8:9618?addrs=130.199.48.8-9618&noUDP&sock=14204_7c76_3>
...
001 (273105.005.000) 11/20 09:34:51 Job executing on host: <130.199.157.155:9618?addrs=130.199.157.155-9618&noUDP&sock=218167_3369_3>
...
006 (273105.005.000) 11/20 09:34:59 Image size of job updated: 155412
	68  -  MemoryUsage of job (MB)
	68904  -  ResidentSetSize of job (KB)
...
006 (273105.005.000) 11/20 09:39:59 Image size of job updated: 1250136
	1135  -  MemoryUsage of job (MB)
	1161812  -  ResidentSetSize of job (KB)
...
006 (273105.005.000) 11/20 09:45:00 Image size of job updated: 1337076
	1220  -  MemoryUsage of job (MB)
	1248752  -  ResidentSetSize of job (KB)
...
005 (273105.005.000) 11/20 09:49:49 Job terminated.
	(0) Abnormal termination (signal 6)
	(0) No core file
		Usr 0 00:07:59, Sys 0 00:00:13  -  Run Remote Usage
		Usr 0 00:00:00, Sys 0 00:00:00  -  Run Local Usage
		Usr 0 00:07:59, Sys 0 00:00:13  -  Total Remote Usage
		Usr 0 00:00:00, Sys 0 00:00:00  -  Total Local Usage
	0  -  Run Bytes Sent By Job
	0  -  Run Bytes Received By Job
	0  -  Total Bytes Sent By Job
	0  -  Total Bytes Received By Job
	Partitionable Resources :    Usage  Request Allocated 
	   Cpus                 :     0.65        1         1 
	   Disk (KB)            :   750         750  14337878 
	   Memory (MB)          :  1220        1500      1536 
	   Xferslots            :                           0 
...
000 (305270.004.000) 01/14 09:50:01 Job submitted from host: <130.199.48.8:9618?addrs=130.199.48.8-9618&noUDP&sock=23074_baac_3>
...
001 (305270.004.000) 01/14 09:50:34 Job executing on host: <130.199.157.12:9618?addrs=130.199.157.12-9618&noUDP&sock=11265_546c_3>
...
006 (305270.004.000) 01/14 09:50:43 Image size of job updated: 158048
	70  -  MemoryUsage of job (MB)
	71556  -  ResidentSetSize of job (KB)
...
006 (305270.004.000) 01/14 09:55:43 Image size of job updated: 345324
	252  -  MemoryUsage of job (MB)
	257464  -  ResidentSetSize of job (KB)
...
005 (305270.004.000) 01/14 10:00:46 Job terminated.
	(0) Abnormal termination (signal 6)
	(0) No core file
		Usr 0 00:05:22, Sys 0 00:00:12  -  Run Remote Usage
		Usr 0 00:00:00, Sys 0 00:00:00  -  Run Local Usage
		Usr 0 00:05:22, Sys 0 00:00:12  -  Total Remote Usage
		Usr 0 00:00:00, Sys 0 00:00:00  -  Total Local Usage
	0  -  Run Bytes Sent By Job
	0  -  Run Bytes Received By Job
	0  -  Total Bytes Sent By Job
	0  -  Total Bytes Received By Job
	Partitionable Resources :    Usage  Request Allocated 
	   Cpus                 :     0.70        1         1 
	   Disk (KB)            :   750         750   6743395 
	   Memory (MB)          :   252        1500      1500 
	   Xferslots            :                           0 
...
000 (305271.004.000) 01/14 11:10:52 Job submitted from host: <130.199.48.8:9618?addrs=130.199.48.8-9618&noUDP&sock=23074_baac_3>
...
001 (305271.004.000) 01/14 11:11:06 Job executing on host: <130.199.157.139:9618?addrs=130.199.157.139-9618&noUDP&sock=71639_f048_3>
...
006 (305271.004.000) 01/14 11:11:14 Image size of job updated: 78884
	44  -  MemoryUsage of job (MB)
	44400  -  ResidentSetSize of job (KB)
...
006 (305271.004.000) 01/14 11:16:14 Image size of job updated: 345928
	252  -  MemoryUsage of job (MB)
	257864  -  ResidentSetSize of job (KB)
...
006 (305271.004.000) 01/14 11:18:43 Image size of job updated: 776424
	252  -  MemoryUsage of job (MB)
	257864  -  ResidentSetSize of job (KB)
...
005 (305271.004.000) 01/14 11:18:43 Job terminated.
	(0) Abnormal termination (signal 6)
	(0) No core file
		Usr 0 00:04:16, Sys 0 00:00:09  -  Run Remote Usage
		Usr 0 00:00:00, Sys 0 00:00:00  -  Run Local Usage
		Usr 0 00:04:16, Sys 0 00:00:09  -  Total Remote Usage
		Usr 0 00:00:00, Sys 0 00:00:00  -  Total Local Usage
	0  -  Run Bytes Sent By Job
	0  -  Run Bytes Received By Job
	0  -  Total Bytes Sent By Job
	0  -  Total Bytes Received By Job
	Partitionable Resources :    Usage  Request Allocated 
	   Cpus                 :     0.63        1         1 
	   Disk (KB)            :   750         750  14337870 
	   Memory (MB)          :   252        1500      1536 
	   Xferslots            :                           0 
...
000 (305272.004.000) 01/14 11:41:30 Job submitted from host: <130.199.48.8:9618?addrs=130.199.48.8-9618&noUDP&sock=23074_baac_3>
...
001 (305272.004.000) 01/14 11:41:58 Job executing on host: <130.199.200.99:9618?addrs=130.199.200.99-9618&noUDP&sock=24269_ee7e_3>
...
006 (305272.004.000) 01/14 11:42:06 Image size of job updated: 158504
	71  -  MemoryUsage of job (MB)
	71992  -  ResidentSetSize of job (KB)
...
006 (305272.004.000) 01/14 11:46:34 Image size of job updated: 343652
	71  -  MemoryUsage of job (MB)
	71992  -  ResidentSetSize of job (KB)
...
005 (305272.004.000) 01/14 11:46:34 Job terminated.
	(0) Abnormal termination (signal 6)
	(0) No core file
		Usr 0 00:03:28, Sys 0 00:00:08  -  Run Remote Usage
		Usr 0 00:00:00, Sys 0 00:00:00  -  Run Local Usage
		Usr 0 00:03:28, Sys 0 00:00:08  -  Total Remote Usage
		Usr 0 00:00:00, Sys 0 00:00:00  -  Total Local Usage
	0  -  Run Bytes Sent By Job
	0  -  Run Bytes Received By Job
	0  -  Total Bytes Sent By Job
	0  -  Total Bytes Received By Job
	Partitionable Resources :    Usage  Request Allocated 
	   Cpus                 :     0.81        1         1 
	   Disk (KB)            :   750         750   5106409 
	   Memory (MB)          :    71        1500      1536 
	   Xferslots            :                           0 
...
000 (305273.004.000) 01/14 12:35:20 Job submitted from host: <130.199.48.8:9618?addrs=130.199.48.8-9618&noUDP&sock=23074_baac_3>
...
001 (305273.004.000) 01/14 12:35:58 Job executing on host: <130.199.157.7:9618?addrs=130.199.157.7-9618&noUDP&sock=87902_f909_3>
...
006 (305273.004.000) 01/14 12:36:07 Image size of job updated: 158068
	70  -  MemoryUsage of job (MB)
	71556  -  ResidentSetSize of job (KB)
...
006 (305273.004.000) 01/14 12:41:08 Image size of job updated: 345248
	252  -  MemoryUsage of job (MB)
	257472  -  ResidentSetSize of job (KB)
...
005 (305273.004.000) 01/14 12:46:24 Job terminated.
	(0) Abnormal termination (signal 6)
	(0) No core file
		Usr 0 00:05:28, Sys 0 00:00:10  -  Run Remote Usage
		Usr 0 00:00:00, Sys 0 00:00:00  -  Run Local Usage
		Usr 0 00:05:28, Sys 0 00:00:10  -  Total Remote Usage
		Usr 0 00:00:00, Sys 0 00:00:00  -  Total Local Usage
	0  -  Run Bytes Sent By Job
	0  -  Run Bytes Received By Job
	0  -  Total Bytes Sent By Job
	0  -  Total Bytes Received By Job
	Partitionable Resources :    Usage  Request Allocated 
	   Cpus                 :     0.69        1         1 
	   Disk (KB)            :   750         750   6743390 
	   Memory (MB)          :   252        1500      1536 
	   Xferslots            :                           0 
...
000 (192223.004.000) 01/26 11:19:39 Job submitted from host: <130.199.48.9:9618?addrs=130.199.48.9-9618&noUDP&sock=27824_0b53_3>
...
001 (192223.004.000) 01/26 11:20:02 Job executing on host: <130.199.202.103:9618?addrs=130.199.202.103-9618&noUDP&sock=118491_0151_3>
...
006 (192223.004.000) 01/26 11:20:10 Image size of job updated: 158080
	70  -  MemoryUsage of job (MB)
	71568  -  ResidentSetSize of job (KB)
...
006 (192223.004.000) 01/26 11:25:10 Image size of job updated: 346264
	253  -  MemoryUsage of job (MB)
	258200  -  ResidentSetSize of job (KB)
...
005 (192223.004.000) 01/26 11:26:38 Job terminated.
	(0) Abnormal termination (signal 6)
	(0) No core file
		Usr 0 00:03:43, Sys 0 00:00:11  -  Run Remote Usage
		Usr 0 00:00:00, Sys 0 00:00:00  -  Run Local Usage
		Usr 0 00:03:43, Sys 0 00:00:11  -  Total Remote Usage
		Usr 0 00:00:00, Sys 0 00:00:00  -  Total Local Usage
	0  -  Run Bytes Sent By Job
	0  -  Run Bytes Received By Job
	0  -  Total Bytes Sent By Job
	0  -  Total Bytes Received By Job
	Partitionable Resources :    Usage  Request Allocated 
	   Cpus                 :     0.56        1         1 
	   Disk (KB)            :   750         750   5106351 
	   Memory (MB)          :   253        1500      1536 
	   Xferslots            :                           0 
...
000 (192972.004.000) 02/01 09:58:32 Job submitted from host: <130.199.48.9:9618?addrs=130.199.48.9-9618&noUDP&sock=27824_0b53_3>
...
001 (192972.004.000) 02/01 09:58:41 Job executing on host: <130.199.157.153:9618?addrs=130.199.157.153-9618&noUDP&sock=97828_6d2e_3>
...
006 (192972.004.000) 02/01 09:58:50 Image size of job updated: 125500
	55  -  MemoryUsage of job (MB)
	55928  -  ResidentSetSize of job (KB)
...
000 (192973.004.000) 02/01 10:00:37 Job submitted from host: <130.199.48.9:9618?addrs=130.199.48.9-9618&noUDP&sock=27824_0b53_3>
...
001 (192973.004.000) 02/01 10:01:00 Job executing on host: <130.199.200.114:9618?addrs=130.199.200.114-9618&noUDP&sock=355247_4a51_3>
...
006 (192973.004.000) 02/01 10:01:09 Image size of job updated: 158496
	71  -  MemoryUsage of job (MB)
	71984  -  ResidentSetSize of job (KB)
...
006 (192972.004.000) 02/01 10:01:26 Image size of job updated: 362468
	55  -  MemoryUsage of job (MB)
	55928  -  ResidentSetSize of job (KB)
...
004 (192972.004.000) 02/01 10:01:26 Job was evicted.
	(0) Job was not checkpointed.
		Usr 0 00:01:18, Sys 0 00:00:03  -  Run Remote Usage
		Usr 0 00:00:00, Sys 0 00:00:00  -  Run Local Usage
	0  -  Run Bytes Sent By Job
	0  -  Run Bytes Received By Job
	Partitionable Resources :    Usage  Request Allocated 
	   Cpus                 :     0.57        1         1 
	   Disk (KB)            :   750         750  14337868 
	   Memory (MB)          :    55        1500      1536 
	   Xferslots            :                           0 
...
009 (192972.004.000) 02/01 10:01:26 Job was aborted by the user.
	via condor_rm (by user jeff)
...
006 (192973.004.000) 02/01 10:01:28 Image size of job updated: 432836
	71  -  MemoryUsage of job (MB)
	71984  -  ResidentSetSize of job (KB)
...
004 (192973.004.000) 02/01 10:01:28 Job was evicted.
	(0) Job was not checkpointed.
		Usr 0 00:00:16, Sys 0 00:00:01  -  Run Remote Usage
		Usr 0 00:00:00, Sys 0 00:00:00  -  Run Local Usage
	0  -  Run Bytes Sent By Job
	0  -  Run Bytes Received By Job
	Partitionable Resources :    Usage  Request Allocated 
	   Cpus                 :     0.11        1         1 
	   Disk (KB)            :   750         750   5106401 
	   Memory (MB)          :    71        1500      1536 
	   Xferslots            :                           0 
...
009 (192973.004.000) 02/01 10:01:28 Job was aborted by the user.
	via condor_rm (by user jeff)
...
000 (192974.004.000) 02/01 10:02:51 Job submitted from host: <130.199.48.9:9618?addrs=130.199.48.9-9618&noUDP&sock=27824_0b53_3>
...
000 (192975.004.000) 02/01 10:02:57 Job submitted from host: <130.199.48.9:9618?addrs=130.199.48.9-9618&noUDP&sock=27824_0b53_3>
...
001 (192975.004.000) 02/01 10:03:18 Job executing on host: <130.199.158.249:9618?addrs=130.199.158.249-9618&noUDP&sock=150153_a0e1_3>
...
001 (192974.004.000) 02/01 10:03:18 Job executing on host: <130.199.157.145:9618?addrs=130.199.157.145-9618&noUDP&sock=339893_f171_3>
...
006 (192975.004.000) 02/01 10:03:27 Image size of job updated: 156140
	69  -  MemoryUsage of job (MB)
	69868  -  ResidentSetSize of job (KB)
...
006 (192974.004.000) 02/01 10:03:27 Image size of job updated: 136976
	66  -  MemoryUsage of job (MB)
	66876  -  ResidentSetSize of job (KB)
...
006 (192974.004.000) 02/01 10:08:28 Image size of job updated: 456016
	360  -  MemoryUsage of job (MB)
	367688  -  ResidentSetSize of job (KB)
...
006 (192975.004.000) 02/01 10:08:28 Image size of job updated: 422988
	328  -  MemoryUsage of job (MB)
	335148  -  ResidentSetSize of job (KB)
...
006 (192974.004.000) 02/01 10:13:28 Image size of job updated: 494396
	397  -  MemoryUsage of job (MB)
	406068  -  ResidentSetSize of job (KB)
...
006 (192975.004.000) 02/01 10:13:29 Image size of job updated: 465172
	369  -  MemoryUsage of job (MB)
	376848  -  ResidentSetSize of job (KB)
...
006 (192975.004.000) 02/01 10:13:37 Image size of job updated: 465212
	369  -  MemoryUsage of job (MB)
	376848  -  ResidentSetSize of job (KB)
...
005 (192975.004.000) 02/01 10:13:37 Job terminated.
	(0) Abnormal termination (signal 6)
	(0) No core file
		Usr 0 00:06:37, Sys 0 00:00:07  -  Run Remote Usage
		Usr 0 00:00:00, Sys 0 00:00:00  -  Run Local Usage
		Usr 0 00:06:37, Sys 0 00:00:07  -  Total Remote Usage
		Usr 0 00:00:00, Sys 0 00:00:00  -  Total Local Usage
	0  -  Run Bytes Sent By Job
	0  -  Run Bytes Received By Job
	0  -  Total Bytes Sent By Job
	0  -  Total Bytes Received By Job
	Partitionable Resources :    Usage  Request Allocated 
	   Cpus                 :     0.72        1         1 
	   Disk (KB)            :   750         750   7037864 
	   Memory (MB)          :   369        1500      1536 
	   Xferslots            :                           0 
...
006 (192974.004.000) 02/01 10:18:25 Image size of job updated: 504564
	397  -  MemoryUsage of job (MB)
	406068  -  ResidentSetSize of job (KB)
...
005 (192974.004.000) 02/01 10:18:26 Job terminated.
	(0) Abnormal termination (signal 6)
	(0) No core file
		Usr 0 00:08:45, Sys 0 00:00:11  -  Run Remote Usage
		Usr 0 00:00:00, Sys 0 00:00:00  -  Run Local Usage
		Usr 0 00:08:45, Sys 0 00:00:11  -  Total Remote Usage
		Usr 0 00:00:00, Sys 0 00:00:00  -  Total Local Usage
	0  -  Run Bytes Sent By Job
	0  -  Run Bytes Received By Job
	0  -  Total Bytes Sent By Job
	0  -  Total Bytes Received By Job
	Partitionable Resources :    Usage  Request Allocated 
	   Cpus                 :     0.70        1         1 
	   Disk (KB)            :   750         750  14337854 
	   Memory (MB)          :   397        1500      1536 
	   Xferslots            :                           0 
...
000 (307904.004.000) 02/01 11:30:11 Job submitted from host: <130.199.48.8:9618?addrs=130.199.48.8-9618&noUDP&sock=23074_baac_3>
...
000 (307905.004.000) 02/01 11:30:16 Job submitted from host: <130.199.48.8:9618?addrs=130.199.48.8-9618&noUDP&sock=23074_baac_3>
...
001 (307904.004.000) 02/01 11:30:25 Job executing on host: <130.199.157.18:9618?addrs=130.199.157.18-9618&noUDP&sock=258042_228b_3>
...
001 (307905.004.000) 02/01 11:30:25 Job executing on host: <130.199.157.144:9618?addrs=130.199.157.144-9618&noUDP&sock=85113_4a1d_3>
...
006 (307904.004.000) 02/01 11:30:34 Image size of job updated: 158092
	70  -  MemoryUsage of job (MB)
	71580  -  ResidentSetSize of job (KB)
...
006 (307905.004.000) 02/01 11:30:35 Image size of job updated: 110416
	54  -  MemoryUsage of job (MB)
	54972  -  ResidentSetSize of job (KB)
...
006 (307905.004.000) 02/01 11:35:35 Image size of job updated: 1305256
	1189  -  MemoryUsage of job (MB)
	1216928  -  ResidentSetSize of job (KB)
...
006 (307904.004.000) 02/01 11:35:35 Image size of job updated: 427684
	332  -  MemoryUsage of job (MB)
	339844  -  ResidentSetSize of job (KB)
...
005 (307904.004.000) 02/01 11:39:50 Job terminated.
	(0) Abnormal termination (signal 6)
	(0) No core file
		Usr 0 00:05:52, Sys 0 00:00:08  -  Run Remote Usage
		Usr 0 00:00:00, Sys 0 00:00:00  -  Run Local Usage
		Usr 0 00:05:52, Sys 0 00:00:08  -  Total Remote Usage
		Usr 0 00:00:00, Sys 0 00:00:00  -  Total Local Usage
	0  -  Run Bytes Sent By Job
	0  -  Run Bytes Received By Job
	0  -  Total Bytes Sent By Job
	0  -  Total Bytes Received By Job
	Partitionable Resources :    Usage  Request Allocated 
	   Cpus                 :     0.56        1         1 
	   Disk (KB)            :   750         750   6743395 
	   Memory (MB)          :   332        1500      1536 
	   Xferslots            :                           0 
...
006 (307905.004.000) 02/01 11:40:35 Image size of job updated: 1365288
	1248  -  MemoryUsage of job (MB)
	1276960  -  ResidentSetSize of job (KB)
...
005 (307905.004.000) 02/01 11:46:36 Job terminated.
	(0) Abnormal termination (signal 6)
	(0) No core file
		Usr 0 00:09:18, Sys 0 00:00:13  -  Run Remote Usage
		Usr 0 00:00:00, Sys 0 00:00:00  -  Run Local Usage
		Usr 0 00:09:18, Sys 0 00:00:13  -  Total Remote Usage
		Usr 0 00:00:00, Sys 0 00:00:00  -  Total Local Usage
	0  -  Run Bytes Sent By Job
	0  -  Run Bytes Received By Job
	0  -  Total Bytes Sent By Job
	0  -  Total Bytes Received By Job
	Partitionable Resources :    Usage  Request Allocated 
	   Cpus                 :     0.60        1         1 
	   Disk (KB)            :   750         750  14337878 
	   Memory (MB)          :  1248        1500      1536 
	   Xferslots            :                           0 
...
