000 (163792.006.000) 11/16 14:23:59 Job submitted from host: <130.199.48.9:9618?addrs=130.199.48.9-9618&noUDP&sock=12723_c4b4_3>
...
001 (163792.006.000) 11/16 14:24:41 Job executing on host: <130.199.200.111:9618?addrs=130.199.200.111-9618&noUDP&sock=36784_c568_3>
...
006 (163792.006.000) 11/16 14:24:45 Image size of job updated: 750
	0  -  MemoryUsage of job (MB)
	0  -  ResidentSetSize of job (KB)
...
005 (163792.006.000) 11/16 14:24:45 Job terminated.
	(1) Normal termination (return value 0)
		Usr 0 00:00:00, Sys 0 00:00:00  -  Run Remote Usage
		Usr 0 00:00:00, Sys 0 00:00:00  -  Run Local Usage
		Usr 0 00:00:00, Sys 0 00:00:00  -  Total Remote Usage
		Usr 0 00:00:00, Sys 0 00:00:00  -  Total Local Usage
	0  -  Run Bytes Sent By Job
	0  -  Run Bytes Received By Job
	0  -  Total Bytes Sent By Job
	0  -  Total Bytes Received By Job
	Partitionable Resources :    Usage  Request Allocated 
	   Cpus                 :        0        1         1 
	   Disk (KB)            :      750      750   5106401 
	   Memory (MB)          :        0     1500      1536 
	   Xferslots            :                           0 
...
000 (180469.006.000) 11/16 16:27:52 Job submitted from host: <130.199.48.9:9618?addrs=130.199.48.9-9618&noUDP&sock=12723_c4b4_3>
...
009 (180469.006.000) 11/16 17:38:29 Job was aborted by the user.
	via condor_rm (by user jeff)
...
000 (180470.006.000) 11/16 17:38:34 Job submitted from host: <130.199.48.9:9618?addrs=130.199.48.9-9618&noUDP&sock=12723_c4b4_3>
...
009 (180470.006.000) 11/16 17:40:13 Job was aborted by the user.
	via condor_rm (by user jeff)
...
000 (464514.006.000) 11/16 17:41:01 Job submitted from host: <130.199.48.7:9618?addrs=130.199.48.7-9618&noUDP&sock=14234_fb15_3>
...
001 (464514.006.000) 11/16 17:42:55 Job executing on host: <130.199.157.7:9618?addrs=130.199.157.7-9618&noUDP&sock=36738_3673_3>
...
006 (464514.006.000) 11/16 17:43:02 Image size of job updated: 16980
	0  -  MemoryUsage of job (MB)
	0  -  ResidentSetSize of job (KB)
...
005 (464514.006.000) 11/16 17:43:03 Job terminated.
	(1) Normal termination (return value 0)
		Usr 0 00:00:00, Sys 0 00:00:01  -  Run Remote Usage
		Usr 0 00:00:00, Sys 0 00:00:00  -  Run Local Usage
		Usr 0 00:00:00, Sys 0 00:00:01  -  Total Remote Usage
		Usr 0 00:00:00, Sys 0 00:00:00  -  Total Local Usage
	0  -  Run Bytes Sent By Job
	0  -  Run Bytes Received By Job
	0  -  Total Bytes Sent By Job
	0  -  Total Bytes Received By Job
	Partitionable Resources :    Usage  Request Allocated 
	   Cpus                 :        0        1         1 
	   Disk (KB)            :      750      750   6743395 
	   Memory (MB)          :        0     1500      1536 
	   Xferslots            :                           0 
...
000 (180471.006.000) 11/17 12:09:35 Job submitted from host: <130.199.48.9:9618?addrs=130.199.48.9-9618&noUDP&sock=12723_c4b4_3>
...
009 (180471.006.000) 11/17 12:09:48 Job was aborted by the user.
	via condor_rm (by user jeff)
...
000 (180472.006.000) 11/17 12:11:28 Job submitted from host: <130.199.48.9:9618?addrs=130.199.48.9-9618&noUDP&sock=12723_c4b4_3>
...
001 (180472.006.000) 11/17 12:12:09 Job executing on host: <130.199.157.133:9618?addrs=130.199.157.133-9618&noUDP&sock=215061_30e7_3>
...
006 (180472.006.000) 11/17 12:12:13 Image size of job updated: 147548
	0  -  MemoryUsage of job (MB)
	0  -  ResidentSetSize of job (KB)
...
005 (180472.006.000) 11/17 12:12:13 Job terminated.
	(1) Normal termination (return value 0)
		Usr 0 00:00:00, Sys 0 00:00:00  -  Run Remote Usage
		Usr 0 00:00:00, Sys 0 00:00:00  -  Run Local Usage
		Usr 0 00:00:00, Sys 0 00:00:00  -  Total Remote Usage
		Usr 0 00:00:00, Sys 0 00:00:00  -  Total Local Usage
	0  -  Run Bytes Sent By Job
	0  -  Run Bytes Received By Job
	0  -  Total Bytes Sent By Job
	0  -  Total Bytes Received By Job
	Partitionable Resources :    Usage  Request Allocated 
	   Cpus                 :        0        1         1 
	   Disk (KB)            :      750      750  14337878 
	   Memory (MB)          :        0     1500      1536 
	   Xferslots            :                           0 
...
000 (180473.006.000) 11/17 12:43:16 Job submitted from host: <130.199.48.9:9618?addrs=130.199.48.9-9618&noUDP&sock=12723_c4b4_3>
...
001 (180473.006.000) 11/17 12:43:44 Job executing on host: <130.199.156.234:9618?addrs=130.199.156.234-9618&noUDP&sock=36647_698f_3>
...
006 (180473.006.000) 11/17 12:43:48 Image size of job updated: 750
	0  -  MemoryUsage of job (MB)
	0  -  ResidentSetSize of job (KB)
...
005 (180473.006.000) 11/17 12:43:48 Job terminated.
	(1) Normal termination (return value 0)
		Usr 0 00:00:00, Sys 0 00:00:00  -  Run Remote Usage
		Usr 0 00:00:00, Sys 0 00:00:00  -  Run Local Usage
		Usr 0 00:00:00, Sys 0 00:00:00  -  Total Remote Usage
		Usr 0 00:00:00, Sys 0 00:00:00  -  Total Local Usage
	0  -  Run Bytes Sent By Job
	0  -  Run Bytes Received By Job
	0  -  Total Bytes Sent By Job
	0  -  Total Bytes Received By Job
	Partitionable Resources :    Usage  Request Allocated 
	   Cpus                 :        0        1         1 
	   Disk (KB)            :      750      750   6743395 
	   Memory (MB)          :        0     1500      1536 
	   Xferslots            :                           0 
...
000 (180474.006.000) 11/17 13:04:29 Job submitted from host: <130.199.48.9:9618?addrs=130.199.48.9-9618&noUDP&sock=12723_c4b4_3>
...
001 (180474.006.000) 11/17 13:04:52 Job executing on host: <130.199.202.116:9618?addrs=130.199.202.116-9618&noUDP&sock=31951_3008_3>
...
006 (180474.006.000) 11/17 13:04:56 Image size of job updated: 141236
	0  -  MemoryUsage of job (MB)
	0  -  ResidentSetSize of job (KB)
...
005 (180474.006.000) 11/17 13:04:56 Job terminated.
	(1) Normal termination (return value 0)
		Usr 0 00:00:00, Sys 0 00:00:00  -  Run Remote Usage
		Usr 0 00:00:00, Sys 0 00:00:00  -  Run Local Usage
		Usr 0 00:00:00, Sys 0 00:00:00  -  Total Remote Usage
		Usr 0 00:00:00, Sys 0 00:00:00  -  Total Local Usage
	0  -  Run Bytes Sent By Job
	0  -  Run Bytes Received By Job
	0  -  Total Bytes Sent By Job
	0  -  Total Bytes Received By Job
	Partitionable Resources :    Usage  Request Allocated 
	   Cpus                 :        0        1         1 
	   Disk (KB)            :      750      750   4811675 
	   Memory (MB)          :        0     1500      1536 
	   Xferslots            :                           0 
...
000 (180475.006.000) 11/17 16:42:12 Job submitted from host: <130.199.48.9:9618?addrs=130.199.48.9-9618&noUDP&sock=12723_c4b4_3>
...
001 (180475.006.000) 11/17 16:43:08 Job executing on host: <130.199.156.4:9618?addrs=130.199.156.4-9618&noUDP&sock=19337_0410_3>
...
006 (180475.006.000) 11/17 16:43:16 Image size of job updated: 48332
	29  -  MemoryUsage of job (MB)
	29312  -  ResidentSetSize of job (KB)
...
006 (180475.006.000) 11/17 16:43:26 Image size of job updated: 511072
	29  -  MemoryUsage of job (MB)
	29392  -  ResidentSetSize of job (KB)
...
005 (180475.006.000) 11/17 16:43:26 Job terminated.
	(0) Abnormal termination (signal 6)
	(0) No core file
		Usr 0 00:00:00, Sys 0 00:00:00  -  Run Remote Usage
		Usr 0 00:00:00, Sys 0 00:00:00  -  Run Local Usage
		Usr 0 00:00:00, Sys 0 00:00:00  -  Total Remote Usage
		Usr 0 00:00:00, Sys 0 00:00:00  -  Total Local Usage
	0  -  Run Bytes Sent By Job
	0  -  Run Bytes Received By Job
	0  -  Total Bytes Sent By Job
	0  -  Total Bytes Received By Job
	Partitionable Resources :    Usage  Request Allocated 
	   Cpus                 :        0        1         1 
	   Disk (KB)            :      750      750   3325681 
	   Memory (MB)          :       29     1500      1536 
	   Xferslots            :                           0 
...
000 (180476.006.000) 11/17 16:59:07 Job submitted from host: <130.199.48.9:9618?addrs=130.199.48.9-9618&noUDP&sock=12723_c4b4_3>
...
001 (180476.006.000) 11/17 16:59:41 Job executing on host: <130.199.157.144:9618?addrs=130.199.157.144-9618&noUDP&sock=217177_e0d9_3>
...
006 (180476.006.000) 11/17 16:59:49 Image size of job updated: 141172
	65  -  MemoryUsage of job (MB)
	65976  -  ResidentSetSize of job (KB)
...
005 (180476.006.000) 11/17 16:59:52 Job terminated.
	(0) Abnormal termination (signal 6)
	(0) No core file
		Usr 0 00:00:00, Sys 0 00:00:00  -  Run Remote Usage
		Usr 0 00:00:00, Sys 0 00:00:00  -  Run Local Usage
		Usr 0 00:00:00, Sys 0 00:00:00  -  Total Remote Usage
		Usr 0 00:00:00, Sys 0 00:00:00  -  Total Local Usage
	0  -  Run Bytes Sent By Job
	0  -  Run Bytes Received By Job
	0  -  Total Bytes Sent By Job
	0  -  Total Bytes Received By Job
	Partitionable Resources :    Usage  Request Allocated 
	   Cpus                 :        0        1         1 
	   Disk (KB)            :      750      750  14337878 
	   Memory (MB)          :       65     1500      1536 
	   Xferslots            :                           0 
...
000 (271840.006.000) 11/19 09:18:26 Job submitted from host: <130.199.48.8:9618?addrs=130.199.48.8-9618&noUDP&sock=14204_7c76_3>
...
001 (271840.006.000) 11/19 09:22:02 Job executing on host: <130.199.200.111:9618?addrs=130.199.200.111-9618&noUDP&sock=36784_c568_3>
...
006 (271840.006.000) 11/19 09:22:06 Image size of job updated: 750
	0  -  MemoryUsage of job (MB)
	0  -  ResidentSetSize of job (KB)
...
005 (271840.006.000) 11/19 09:22:07 Job terminated.
	(0) Abnormal termination (signal 6)
	(0) No core file
		Usr 0 00:00:00, Sys 0 00:00:00  -  Run Remote Usage
		Usr 0 00:00:00, Sys 0 00:00:00  -  Run Local Usage
		Usr 0 00:00:00, Sys 0 00:00:00  -  Total Remote Usage
		Usr 0 00:00:00, Sys 0 00:00:00  -  Total Local Usage
	0  -  Run Bytes Sent By Job
	0  -  Run Bytes Received By Job
	0  -  Total Bytes Sent By Job
	0  -  Total Bytes Received By Job
	Partitionable Resources :    Usage  Request Allocated 
	   Cpus                 :        0        1         1 
	   Disk (KB)            :      750      750   5106401 
	   Memory (MB)          :        0     1500      1536 
	   Xferslots            :                           0 
...
000 (271843.006.000) 11/19 09:39:52 Job submitted from host: <130.199.48.8:9618?addrs=130.199.48.8-9618&noUDP&sock=14204_7c76_3>
...
001 (271843.006.000) 11/19 09:41:00 Job executing on host: <130.199.157.152:9618?addrs=130.199.157.152-9618&noUDP&sock=215433_eca1_3>
...
006 (271843.006.000) 11/19 09:41:10 Image size of job updated: 750
	1  -  MemoryUsage of job (MB)
	100  -  ResidentSetSize of job (KB)
...
006 (271843.006.000) 11/19 09:42:02 Image size of job updated: 146572
	1  -  MemoryUsage of job (MB)
	108  -  ResidentSetSize of job (KB)
...
005 (271843.006.000) 11/19 09:42:07 Job terminated.
	(0) Abnormal termination (signal 6)
	(0) No core file
		Usr 0 00:00:00, Sys 0 00:00:00  -  Run Remote Usage
		Usr 0 00:00:00, Sys 0 00:00:00  -  Run Local Usage
		Usr 0 00:00:00, Sys 0 00:00:00  -  Total Remote Usage
		Usr 0 00:00:00, Sys 0 00:00:00  -  Total Local Usage
	0  -  Run Bytes Sent By Job
	0  -  Run Bytes Received By Job
	0  -  Total Bytes Sent By Job
	0  -  Total Bytes Received By Job
	Partitionable Resources :    Usage  Request Allocated 
	   Cpus                 :     0.02        1         1 
	   Disk (KB)            :   750         750  14337878 
	   Memory (MB)          :     1        1500      1536 
	   Xferslots            :                           0 
...
000 (271844.006.000) 11/19 10:17:50 Job submitted from host: <130.199.48.8:9618?addrs=130.199.48.8-9618&noUDP&sock=14204_7c76_3>
...
001 (271844.006.000) 11/19 10:18:58 Job executing on host: <130.199.200.106:9618?addrs=130.199.200.106-9618&noUDP&sock=115694_ca3a_3>
...
006 (271844.006.000) 11/19 10:18:59 Image size of job updated: 750
	0  -  MemoryUsage of job (MB)
	0  -  ResidentSetSize of job (KB)
...
005 (271844.006.000) 11/19 10:18:59 Job terminated.
	(1) Normal termination (return value 1)
		Usr 0 00:00:00, Sys 0 00:00:00  -  Run Remote Usage
		Usr 0 00:00:00, Sys 0 00:00:00  -  Run Local Usage
		Usr 0 00:00:00, Sys 0 00:00:00  -  Total Remote Usage
		Usr 0 00:00:00, Sys 0 00:00:00  -  Total Local Usage
	0  -  Run Bytes Sent By Job
	0  -  Run Bytes Received By Job
	0  -  Total Bytes Sent By Job
	0  -  Total Bytes Received By Job
	Partitionable Resources :    Usage  Request Allocated 
	   Cpus                 :                 1         1 
	   Disk (KB)            :      750      750   5106404 
	   Memory (MB)          :        0     1500      1536 
	   Xferslots            :                           0 
...
000 (271845.006.000) 11/19 10:19:43 Job submitted from host: <130.199.48.8:9618?addrs=130.199.48.8-9618&noUDP&sock=14204_7c76_3>
...
001 (271845.006.000) 11/19 10:22:07 Job executing on host: <130.199.157.150:9618?addrs=130.199.157.150-9618&noUDP&sock=215371_4d57_3>
...
006 (271845.006.000) 11/19 10:22:16 Image size of job updated: 25284
	7  -  MemoryUsage of job (MB)
	7048  -  ResidentSetSize of job (KB)
...
006 (271845.006.000) 11/19 10:22:33 Image size of job updated: 124960
	7  -  MemoryUsage of job (MB)
	7128  -  ResidentSetSize of job (KB)
...
005 (271845.006.000) 11/19 10:22:33 Job terminated.
	(0) Abnormal termination (signal 6)
	(0) No core file
		Usr 0 00:00:00, Sys 0 00:00:00  -  Run Remote Usage
		Usr 0 00:00:00, Sys 0 00:00:00  -  Run Local Usage
		Usr 0 00:00:00, Sys 0 00:00:00  -  Total Remote Usage
		Usr 0 00:00:00, Sys 0 00:00:00  -  Total Local Usage
	0  -  Run Bytes Sent By Job
	0  -  Run Bytes Received By Job
	0  -  Total Bytes Sent By Job
	0  -  Total Bytes Received By Job
	Partitionable Resources :    Usage  Request Allocated 
	   Cpus                 :        0        1         1 
	   Disk (KB)            :      750      750  14337878 
	   Memory (MB)          :        7     1500      1536 
	   Xferslots            :                           0 
...
000 (271846.006.000) 11/19 10:39:42 Job submitted from host: <130.199.48.8:9618?addrs=130.199.48.8-9618&noUDP&sock=14204_7c76_3>
...
000 (271847.006.000) 11/19 10:40:43 Job submitted from host: <130.199.48.8:9618?addrs=130.199.48.8-9618&noUDP&sock=14204_7c76_3>
...
009 (271847.006.000) 11/19 10:40:46 Job was aborted by the user.
	via condor_rm (by user jeff)
...
001 (271846.006.000) 11/19 10:43:46 Job executing on host: <130.199.157.20:9618?addrs=130.199.157.20-9618&noUDP&sock=36855_3de1_3>
...
006 (271846.006.000) 11/19 10:43:55 Image size of job updated: 147392
	61  -  MemoryUsage of job (MB)
	61788  -  ResidentSetSize of job (KB)
...
005 (271846.006.000) 11/19 10:44:18 Job terminated.
	(0) Abnormal termination (signal 6)
	(0) No core file
		Usr 0 00:00:00, Sys 0 00:00:00  -  Run Remote Usage
		Usr 0 00:00:00, Sys 0 00:00:00  -  Run Local Usage
		Usr 0 00:00:00, Sys 0 00:00:00  -  Total Remote Usage
		Usr 0 00:00:00, Sys 0 00:00:00  -  Total Local Usage
	0  -  Run Bytes Sent By Job
	0  -  Run Bytes Received By Job
	0  -  Total Bytes Sent By Job
	0  -  Total Bytes Received By Job
	Partitionable Resources :    Usage  Request Allocated 
	   Cpus                 :     0.00        1         1 
	   Disk (KB)            :   750         750   6743395 
	   Memory (MB)          :    61        1500      1536 
	   Xferslots            :                           0 
...
000 (273103.006.000) 11/20 08:43:51 Job submitted from host: <130.199.48.8:9618?addrs=130.199.48.8-9618&noUDP&sock=14204_7c76_3>
...
001 (273103.006.000) 11/20 08:44:25 Job executing on host: <130.199.157.13:9618?addrs=130.199.157.13-9618&noUDP&sock=37965_8aef_3>
...
006 (273103.006.000) 11/20 08:44:26 Image size of job updated: 750
	0  -  MemoryUsage of job (MB)
	0  -  ResidentSetSize of job (KB)
...
005 (273103.006.000) 11/20 08:44:26 Job terminated.
	(1) Normal termination (return value 127)
		Usr 0 00:00:00, Sys 0 00:00:00  -  Run Remote Usage
		Usr 0 00:00:00, Sys 0 00:00:00  -  Run Local Usage
		Usr 0 00:00:00, Sys 0 00:00:00  -  Total Remote Usage
		Usr 0 00:00:00, Sys 0 00:00:00  -  Total Local Usage
	0  -  Run Bytes Sent By Job
	0  -  Run Bytes Received By Job
	0  -  Total Bytes Sent By Job
	0  -  Total Bytes Received By Job
	Partitionable Resources :    Usage  Request Allocated 
	   Cpus                 :                 1         1 
	   Disk (KB)            :      750      750   6743395 
	   Memory (MB)          :        0     1500      1536 
	   Xferslots            :                           0 
...
000 (273104.006.000) 11/20 08:45:01 Job submitted from host: <130.199.48.8:9618?addrs=130.199.48.8-9618&noUDP&sock=14204_7c76_3>
...
001 (273104.006.000) 11/20 08:45:31 Job executing on host: <130.199.202.104:9618?addrs=130.199.202.104-9618&noUDP&sock=30481_f381_3>
...
006 (273104.006.000) 11/20 08:45:36 Image size of job updated: 16672
	0  -  MemoryUsage of job (MB)
	0  -  ResidentSetSize of job (KB)
...
005 (273104.006.000) 11/20 08:45:36 Job terminated.
	(0) Abnormal termination (signal 6)
	(0) No core file
		Usr 0 00:00:00, Sys 0 00:00:00  -  Run Remote Usage
		Usr 0 00:00:00, Sys 0 00:00:00  -  Run Local Usage
		Usr 0 00:00:00, Sys 0 00:00:00  -  Total Remote Usage
		Usr 0 00:00:00, Sys 0 00:00:00  -  Total Local Usage
	0  -  Run Bytes Sent By Job
	0  -  Run Bytes Received By Job
	0  -  Total Bytes Sent By Job
	0  -  Total Bytes Received By Job
	Partitionable Resources :    Usage  Request Allocated 
	   Cpus                 :        0        1         1 
	   Disk (KB)            :      750      750   4811678 
	   Memory (MB)          :        0     1500      1536 
	   Xferslots            :                           0 
...
000 (273105.006.000) 11/20 09:33:59 Job submitted from host: <130.199.48.8:9618?addrs=130.199.48.8-9618&noUDP&sock=14204_7c76_3>
...
001 (273105.006.000) 11/20 09:34:48 Job executing on host: <130.199.202.108:9618?addrs=130.199.202.108-9618&noUDP&sock=27505_15b3_3>
...
006 (273105.006.000) 11/20 09:34:54 Image size of job updated: 141224
	0  -  MemoryUsage of job (MB)
	0  -  ResidentSetSize of job (KB)
...
005 (273105.006.000) 11/20 09:34:54 Job terminated.
	(0) Abnormal termination (signal 6)
	(0) No core file
		Usr 0 00:00:00, Sys 0 00:00:00  -  Run Remote Usage
		Usr 0 00:00:00, Sys 0 00:00:00  -  Run Local Usage
		Usr 0 00:00:00, Sys 0 00:00:00  -  Total Remote Usage
		Usr 0 00:00:00, Sys 0 00:00:00  -  Total Local Usage
	0  -  Run Bytes Sent By Job
	0  -  Run Bytes Received By Job
	0  -  Total Bytes Sent By Job
	0  -  Total Bytes Received By Job
	Partitionable Resources :    Usage  Request Allocated 
	   Cpus                 :        0        1         1 
	   Disk (KB)            :      750      750   4811752 
	   Memory (MB)          :        0     1500      1536 
	   Xferslots            :                           0 
...
000 (191434.000.000) 12/04 10:24:23 Job submitted from host: <130.199.48.9:9618?addrs=130.199.48.9-9618&noUDP&sock=27824_0b53_3>
...
001 (191434.000.000) 12/04 10:25:02 Job executing on host: <130.199.157.18:9618?addrs=130.199.157.18-9618&noUDP&sock=258042_228b_3>
...
006 (191434.000.000) 12/04 10:25:11 Image size of job updated: 152472
	62  -  MemoryUsage of job (MB)
	63180  -  ResidentSetSize of job (KB)
...
000 (191435.000.000) 12/04 10:26:44 Job submitted from host: <130.199.48.9:9618?addrs=130.199.48.9-9618&noUDP&sock=27824_0b53_3>
...
001 (191435.000.000) 12/04 10:27:27 Job executing on host: <130.199.202.108:9618?addrs=130.199.202.108-9618&noUDP&sock=3480_79be_3>
...
006 (191435.000.000) 12/04 10:27:36 Image size of job updated: 17000
	5  -  MemoryUsage of job (MB)
	4312  -  ResidentSetSize of job (KB)
...
006 (191434.000.000) 12/04 10:30:11 Image size of job updated: 1241980
	1127  -  MemoryUsage of job (MB)
	1153796  -  ResidentSetSize of job (KB)
...
006 (191435.000.000) 12/04 10:32:37 Image size of job updated: 275884
	184  -  MemoryUsage of job (MB)
	188044  -  ResidentSetSize of job (KB)
...
006 (191434.000.000) 12/04 10:35:11 Image size of job updated: 1313056
	1197  -  MemoryUsage of job (MB)
	1224872  -  ResidentSetSize of job (KB)
...
006 (191434.000.000) 12/04 10:40:12 Image size of job updated: 1632076
	1508  -  MemoryUsage of job (MB)
	1543776  -  ResidentSetSize of job (KB)
...
006 (191434.000.000) 12/04 10:45:12 Image size of job updated: 1832628
	1704  -  MemoryUsage of job (MB)
	1744324  -  ResidentSetSize of job (KB)
...
006 (191434.000.000) 12/04 10:50:12 Image size of job updated: 1900940
	1771  -  MemoryUsage of job (MB)
	1812636  -  ResidentSetSize of job (KB)
...
005 (191435.000.000) 12/04 10:50:43 Job terminated.
	(0) Abnormal termination (signal 6)
	(0) No core file
		Usr 0 00:19:32, Sys 0 00:00:39  -  Run Remote Usage
		Usr 0 00:00:00, Sys 0 00:00:00  -  Run Local Usage
		Usr 0 00:19:32, Sys 0 00:00:39  -  Total Remote Usage
		Usr 0 00:00:00, Sys 0 00:00:00  -  Total Local Usage
	0  -  Run Bytes Sent By Job
	0  -  Run Bytes Received By Job
	0  -  Total Bytes Sent By Job
	0  -  Total Bytes Received By Job
	Partitionable Resources :    Usage  Request Allocated 
	   Cpus                 :     0.82        1         1 
	   Disk (KB)            :   750         750   4811780 
	   Memory (MB)          :   184        1500      1536 
	   Xferslots            :                           0 
...
005 (191434.000.000) 12/04 11:03:28 Job terminated.
	(0) Abnormal termination (signal 6)
	(0) No core file
		Usr 0 00:25:14, Sys 0 00:00:32  -  Run Remote Usage
		Usr 0 00:00:00, Sys 0 00:00:00  -  Run Local Usage
		Usr 0 00:25:14, Sys 0 00:00:32  -  Total Remote Usage
		Usr 0 00:00:00, Sys 0 00:00:00  -  Total Local Usage
	0  -  Run Bytes Sent By Job
	0  -  Run Bytes Received By Job
	0  -  Total Bytes Sent By Job
	0  -  Total Bytes Received By Job
	Partitionable Resources :    Usage  Request Allocated 
	   Cpus                 :     0.50        1         1 
	   Disk (KB)            :   750         750   6743395 
	   Memory (MB)          :  1771        1500      1536 
	   Xferslots            :                           0 
...
000 (191451.000.000) 12/17 13:04:51 Job submitted from host: <130.199.48.9:9618?addrs=130.199.48.9-9618&noUDP&sock=27824_0b53_3>
...
001 (191451.000.000) 12/17 13:05:13 Job executing on host: <130.199.156.240:9618?addrs=130.199.156.240-9618&noUDP&sock=454905_ca09_3>
...
006 (191451.000.000) 12/17 13:05:21 Image size of job updated: 157232
	70  -  MemoryUsage of job (MB)
	70764  -  ResidentSetSize of job (KB)
...
000 (191452.000.000) 12/17 13:06:08 Job submitted from host: <130.199.48.9:9618?addrs=130.199.48.9-9618&noUDP&sock=27824_0b53_3>
...
001 (191452.000.000) 12/17 13:06:19 Job executing on host: <130.199.156.240:9618?addrs=130.199.156.240-9618&noUDP&sock=454905_ca09_3>
...
006 (191452.000.000) 12/17 13:06:28 Image size of job updated: 157244
	71  -  MemoryUsage of job (MB)
	71840  -  ResidentSetSize of job (KB)
...
006 (191451.000.000) 12/17 13:10:21 Image size of job updated: 211264
	205  -  MemoryUsage of job (MB)
	209660  -  ResidentSetSize of job (KB)
...
006 (191452.000.000) 12/17 13:11:29 Image size of job updated: 1214824
	1102  -  MemoryUsage of job (MB)
	1128100  -  ResidentSetSize of job (KB)
...
006 (191451.000.000) 12/17 13:15:22 Image size of job updated: 263844
	257  -  MemoryUsage of job (MB)
	262240  -  ResidentSetSize of job (KB)
...
006 (191452.000.000) 12/17 13:16:30 Image size of job updated: 1313812
	1199  -  MemoryUsage of job (MB)
	1227088  -  ResidentSetSize of job (KB)
...
006 (191451.000.000) 12/17 13:20:23 Image size of job updated: 299092
	291  -  MemoryUsage of job (MB)
	297488  -  ResidentSetSize of job (KB)
...
006 (191452.000.000) 12/17 13:21:30 Image size of job updated: 1321272
	1206  -  MemoryUsage of job (MB)
	1234548  -  ResidentSetSize of job (KB)
...
006 (191451.000.000) 12/17 13:25:23 Image size of job updated: 328884
	320  -  MemoryUsage of job (MB)
	327280  -  ResidentSetSize of job (KB)
...
006 (191451.000.000) 12/17 13:30:23 Image size of job updated: 331044
	322  -  MemoryUsage of job (MB)
	329440  -  ResidentSetSize of job (KB)
...
006 (191451.000.000) 12/17 13:35:24 Image size of job updated: 336968
	328  -  MemoryUsage of job (MB)
	335364  -  ResidentSetSize of job (KB)
...
005 (191451.000.000) 12/17 13:35:26 Job terminated.
	(0) Abnormal termination (signal 6)
	(0) No core file
		Usr 0 00:14:17, Sys 0 00:00:21  -  Run Remote Usage
		Usr 0 00:00:00, Sys 0 00:00:00  -  Run Local Usage
		Usr 0 00:14:17, Sys 0 00:00:21  -  Total Remote Usage
		Usr 0 00:00:00, Sys 0 00:00:00  -  Total Local Usage
	0  -  Run Bytes Sent By Job
	0  -  Run Bytes Received By Job
	0  -  Total Bytes Sent By Job
	0  -  Total Bytes Received By Job
	Partitionable Resources :    Usage  Request Allocated 
	   Cpus                 :     0.54        1         1 
	   Disk (KB)            :   750         750   6743395 
	   Memory (MB)          :   328        1500      1536 
	   Xferslots            :                           0 
...
005 (191452.000.000) 12/17 13:55:21 Job terminated.
	(0) Abnormal termination (signal 6)
	(0) No core file
		Usr 0 00:30:03, Sys 0 00:00:39  -  Run Remote Usage
		Usr 0 00:00:00, Sys 0 00:00:00  -  Run Local Usage
		Usr 0 00:30:03, Sys 0 00:00:39  -  Total Remote Usage
		Usr 0 00:00:00, Sys 0 00:00:00  -  Total Local Usage
	0  -  Run Bytes Sent By Job
	0  -  Run Bytes Received By Job
	0  -  Total Bytes Sent By Job
	0  -  Total Bytes Received By Job
	Partitionable Resources :    Usage  Request Allocated 
	   Cpus                 :     0.47        1         1 
	   Disk (KB)            :   750         750   6743395 
	   Memory (MB)          :  1206        1500      1536 
	   Xferslots            :                           0 
...
000 (305270.005.000) 01/14 09:50:01 Job submitted from host: <130.199.48.8:9618?addrs=130.199.48.8-9618&noUDP&sock=23074_baac_3>
...
001 (305270.005.000) 01/14 09:51:10 Job executing on host: <130.199.157.148:9618?addrs=130.199.157.148-9618&noUDP&sock=213067_1d7e_3>
...
006 (305270.005.000) 01/14 09:51:29 Image size of job updated: 750
	1  -  MemoryUsage of job (MB)
	188  -  ResidentSetSize of job (KB)
...
006 (305270.005.000) 01/14 09:56:24 Image size of job updated: 312488
	220  -  MemoryUsage of job (MB)
	224420  -  ResidentSetSize of job (KB)
...
006 (305270.005.000) 01/14 10:01:23 Image size of job updated: 312488
	220  -  MemoryUsage of job (MB)
	224628  -  ResidentSetSize of job (KB)
...
006 (305270.005.000) 01/14 10:04:16 Image size of job updated: 764620
	220  -  MemoryUsage of job (MB)
	224628  -  ResidentSetSize of job (KB)
...
005 (305270.005.000) 01/14 10:04:16 Job terminated.
	(0) Abnormal termination (signal 6)
	(0) No core file
		Usr 0 00:06:24, Sys 0 00:00:13  -  Run Remote Usage
		Usr 0 00:00:00, Sys 0 00:00:00  -  Run Local Usage
		Usr 0 00:06:24, Sys 0 00:00:13  -  Total Remote Usage
		Usr 0 00:00:00, Sys 0 00:00:00  -  Total Local Usage
	0  -  Run Bytes Sent By Job
	0  -  Run Bytes Received By Job
	0  -  Total Bytes Sent By Job
	0  -  Total Bytes Received By Job
	Partitionable Resources :    Usage  Request Allocated 
	   Cpus                 :     0.67        1         1 
	   Disk (KB)            :   750         750  14337878 
	   Memory (MB)          :   220        1500      1536 
	   Xferslots            :                           0 
...
000 (305271.005.000) 01/14 11:10:52 Job submitted from host: <130.199.48.8:9618?addrs=130.199.48.8-9618&noUDP&sock=23074_baac_3>
...
001 (305271.005.000) 01/14 11:11:06 Job executing on host: <130.199.156.230:9618?addrs=130.199.156.230-9618&noUDP&sock=307748_74d9_3>
...
006 (305271.005.000) 01/14 11:11:14 Image size of job updated: 158212
	71  -  MemoryUsage of job (MB)
	71700  -  ResidentSetSize of job (KB)
...
006 (305271.005.000) 01/14 11:16:14 Image size of job updated: 254572
	163  -  MemoryUsage of job (MB)
	166508  -  ResidentSetSize of job (KB)
...
006 (305271.005.000) 01/14 11:21:15 Image size of job updated: 266564
	175  -  MemoryUsage of job (MB)
	178500  -  ResidentSetSize of job (KB)
...
006 (305271.005.000) 01/14 11:26:15 Image size of job updated: 346764
	253  -  MemoryUsage of job (MB)
	258700  -  ResidentSetSize of job (KB)
...
005 (305271.005.000) 01/14 11:31:29 Job terminated.
	(0) Abnormal termination (signal 6)
	(0) No core file
		Usr 0 00:15:19, Sys 0 00:00:22  -  Run Remote Usage
		Usr 0 00:00:00, Sys 0 00:00:00  -  Run Local Usage
		Usr 0 00:15:19, Sys 0 00:00:22  -  Total Remote Usage
		Usr 0 00:00:00, Sys 0 00:00:00  -  Total Local Usage
	0  -  Run Bytes Sent By Job
	0  -  Run Bytes Received By Job
	0  -  Total Bytes Sent By Job
	0  -  Total Bytes Received By Job
	Partitionable Resources :    Usage  Request Allocated 
	   Cpus                 :     0.87        1         1 
	   Disk (KB)            :   750         750   6743395 
	   Memory (MB)          :   253        1500      1536 
	   Xferslots            :                           0 
...
000 (305272.005.000) 01/14 11:41:30 Job submitted from host: <130.199.48.8:9618?addrs=130.199.48.8-9618&noUDP&sock=23074_baac_3>
...
001 (305272.005.000) 01/14 11:41:59 Job executing on host: <130.199.200.110:9618?addrs=130.199.200.110-9618&noUDP&sock=66727_5a45_3>
...
006 (305272.005.000) 01/14 11:42:08 Image size of job updated: 158208
	71  -  MemoryUsage of job (MB)
	71696  -  ResidentSetSize of job (KB)
...
006 (305272.005.000) 01/14 11:47:09 Image size of job updated: 329848
	237  -  MemoryUsage of job (MB)
	241784  -  ResidentSetSize of job (KB)
...
005 (305272.005.000) 01/14 11:54:45 Job terminated.
	(0) Abnormal termination (signal 6)
	(0) No core file
		Usr 0 00:10:50, Sys 0 00:00:19  -  Run Remote Usage
		Usr 0 00:00:00, Sys 0 00:00:00  -  Run Local Usage
		Usr 0 00:10:50, Sys 0 00:00:19  -  Total Remote Usage
		Usr 0 00:00:00, Sys 0 00:00:00  -  Total Local Usage
	0  -  Run Bytes Sent By Job
	0  -  Run Bytes Received By Job
	0  -  Total Bytes Sent By Job
	0  -  Total Bytes Received By Job
	Partitionable Resources :    Usage  Request Allocated 
	   Cpus                 :     0.81        1         1 
	   Disk (KB)            :   750         750   5106357 
	   Memory (MB)          :   237        1500      1536 
	   Xferslots            :                           0 
...
000 (305273.005.000) 01/14 12:35:20 Job submitted from host: <130.199.48.8:9618?addrs=130.199.48.8-9618&noUDP&sock=23074_baac_3>
...
001 (305273.005.000) 01/14 12:35:59 Job executing on host: <130.199.156.241:9618?addrs=130.199.156.241-9618&noUDP&sock=303844_e3c5_3>
...
006 (305273.005.000) 01/14 12:36:07 Image size of job updated: 156544
	69  -  MemoryUsage of job (MB)
	70068  -  ResidentSetSize of job (KB)
...
006 (305273.005.000) 01/14 12:41:07 Image size of job updated: 315008
	222  -  MemoryUsage of job (MB)
	227196  -  ResidentSetSize of job (KB)
...
006 (305273.005.000) 01/14 12:46:07 Image size of job updated: 332820
	240  -  MemoryUsage of job (MB)
	245008  -  ResidentSetSize of job (KB)
...
006 (305273.005.000) 01/14 12:51:08 Image size of job updated: 335360
	242  -  MemoryUsage of job (MB)
	247548  -  ResidentSetSize of job (KB)
...
006 (305273.005.000) 01/14 12:56:08 Image size of job updated: 345436
	252  -  MemoryUsage of job (MB)
	257624  -  ResidentSetSize of job (KB)
...
005 (305273.005.000) 01/14 13:02:10 Job terminated.
	(0) Abnormal termination (signal 6)
	(0) No core file
		Usr 0 00:16:23, Sys 0 00:00:27  -  Run Remote Usage
		Usr 0 00:00:00, Sys 0 00:00:00  -  Run Local Usage
		Usr 0 00:16:23, Sys 0 00:00:27  -  Total Remote Usage
		Usr 0 00:00:00, Sys 0 00:00:00  -  Total Local Usage
	0  -  Run Bytes Sent By Job
	0  -  Run Bytes Received By Job
	0  -  Total Bytes Sent By Job
	0  -  Total Bytes Received By Job
	Partitionable Resources :    Usage  Request Allocated 
	   Cpus                 :     0.83        1         1 
	   Disk (KB)            :   750         750   6743389 
	   Memory (MB)          :   252        1500      1536 
	   Xferslots            :                           0 
...
000 (192223.005.000) 01/26 11:19:39 Job submitted from host: <130.199.48.9:9618?addrs=130.199.48.9-9618&noUDP&sock=27824_0b53_3>
...
001 (192223.005.000) 01/26 11:20:01 Job executing on host: <130.199.200.107:9618?addrs=130.199.200.107-9618&noUDP&sock=407705_95c7_3>
...
006 (192223.005.000) 01/26 11:20:10 Image size of job updated: 156560
	69  -  MemoryUsage of job (MB)
	70068  -  ResidentSetSize of job (KB)
...
006 (192223.005.000) 01/26 11:25:10 Image size of job updated: 261832
	170  -  MemoryUsage of job (MB)
	173832  -  ResidentSetSize of job (KB)
...
006 (192223.005.000) 01/26 11:30:11 Image size of job updated: 333784
	241  -  MemoryUsage of job (MB)
	245784  -  ResidentSetSize of job (KB)
...
006 (192223.005.000) 01/26 11:35:12 Image size of job updated: 339952
	247  -  MemoryUsage of job (MB)
	251952  -  ResidentSetSize of job (KB)
...
005 (192223.005.000) 01/26 11:39:03 Job terminated.
	(0) Abnormal termination (signal 6)
	(0) No core file
		Usr 0 00:12:21, Sys 0 00:00:25  -  Run Remote Usage
		Usr 0 00:00:00, Sys 0 00:00:00  -  Run Local Usage
		Usr 0 00:12:21, Sys 0 00:00:25  -  Total Remote Usage
		Usr 0 00:00:00, Sys 0 00:00:00  -  Total Local Usage
	0  -  Run Bytes Sent By Job
	0  -  Run Bytes Received By Job
	0  -  Total Bytes Sent By Job
	0  -  Total Bytes Received By Job
	Partitionable Resources :    Usage  Request Allocated 
	   Cpus                 :     0.83        1         1 
	   Disk (KB)            :   750         750   5106403 
	   Memory (MB)          :   247        1500      1536 
	   Xferslots            :                           0 
...
000 (192972.005.000) 02/01 09:58:32 Job submitted from host: <130.199.48.9:9618?addrs=130.199.48.9-9618&noUDP&sock=27824_0b53_3>
...
001 (192972.005.000) 02/01 09:58:41 Job executing on host: <130.199.200.101:9618?addrs=130.199.200.101-9618&noUDP&sock=432669_603c_3>
...
006 (192972.005.000) 02/01 09:58:50 Image size of job updated: 158204
	71  -  MemoryUsage of job (MB)
	71696  -  ResidentSetSize of job (KB)
...
000 (192973.005.000) 02/01 10:00:37 Job submitted from host: <130.199.48.9:9618?addrs=130.199.48.9-9618&noUDP&sock=27824_0b53_3>
...
001 (192973.005.000) 02/01 10:01:00 Job executing on host: <130.199.157.3:9618?addrs=130.199.157.3-9618&noUDP&sock=318740_4922_3>
...
006 (192973.005.000) 02/01 10:01:09 Image size of job updated: 158216
	71  -  MemoryUsage of job (MB)
	71704  -  ResidentSetSize of job (KB)
...
006 (192972.005.000) 02/01 10:01:26 Image size of job updated: 768988
	71  -  MemoryUsage of job (MB)
	71696  -  ResidentSetSize of job (KB)
...
004 (192972.005.000) 02/01 10:01:26 Job was evicted.
	(0) Job was not checkpointed.
		Usr 0 00:02:12, Sys 0 00:00:04  -  Run Remote Usage
		Usr 0 00:00:00, Sys 0 00:00:00  -  Run Local Usage
	0  -  Run Bytes Sent By Job
	0  -  Run Bytes Received By Job
	Partitionable Resources :    Usage  Request Allocated 
	   Cpus                 :     0.96        1         1 
	   Disk (KB)            :   750         750   5106344 
	   Memory (MB)          :    71        1500      1536 
	   Xferslots            :                           0 
...
009 (192972.005.000) 02/01 10:01:26 Job was aborted by the user.
	via condor_rm (by user jeff)
...
006 (192973.005.000) 02/01 10:01:28 Image size of job updated: 158324
	71  -  MemoryUsage of job (MB)
	71704  -  ResidentSetSize of job (KB)
...
004 (192973.005.000) 02/01 10:01:28 Job was evicted.
	(0) Job was not checkpointed.
		Usr 0 00:00:01, Sys 0 00:00:00  -  Run Remote Usage
		Usr 0 00:00:00, Sys 0 00:00:00  -  Run Local Usage
	0  -  Run Bytes Sent By Job
	0  -  Run Bytes Received By Job
	Partitionable Resources :    Usage  Request Allocated 
	   Cpus                 :     0.05        1         1 
	   Disk (KB)            :   750         750   6743395 
	   Memory (MB)          :    71        1500      1536 
	   Xferslots            :                           0 
...
009 (192973.005.000) 02/01 10:01:28 Job was aborted by the user.
	via condor_rm (by user jeff)
...
000 (192974.005.000) 02/01 10:02:51 Job submitted from host: <130.199.48.9:9618?addrs=130.199.48.9-9618&noUDP&sock=27824_0b53_3>
...
000 (192975.005.000) 02/01 10:02:57 Job submitted from host: <130.199.48.9:9618?addrs=130.199.48.9-9618&noUDP&sock=27824_0b53_3>
...
001 (192975.005.000) 02/01 10:03:18 Job executing on host: <130.199.156.51:9618?addrs=130.199.156.51-9618&noUDP&sock=3343_1de5_3>
...
001 (192974.005.000) 02/01 10:03:18 Job executing on host: <130.199.202.100:9618?addrs=130.199.202.100-9618&noUDP&sock=83270_00d6_3>
...
006 (192975.005.000) 02/01 10:03:27 Image size of job updated: 88616
	48  -  MemoryUsage of job (MB)
	48460  -  ResidentSetSize of job (KB)
...
006 (192974.005.000) 02/01 10:03:27 Image size of job updated: 158456
	71  -  MemoryUsage of job (MB)
	71944  -  ResidentSetSize of job (KB)
...
006 (192974.005.000) 02/01 10:08:28 Image size of job updated: 470972
	374  -  MemoryUsage of job (MB)
	382644  -  ResidentSetSize of job (KB)
...
006 (192975.005.000) 02/01 10:08:28 Image size of job updated: 313360
	221  -  MemoryUsage of job (MB)
	225520  -  ResidentSetSize of job (KB)
...
006 (192974.005.000) 02/01 10:13:28 Image size of job updated: 486052
	389  -  MemoryUsage of job (MB)
	397724  -  ResidentSetSize of job (KB)
...
006 (192975.005.000) 02/01 10:13:29 Image size of job updated: 414240
	319  -  MemoryUsage of job (MB)
	326400  -  ResidentSetSize of job (KB)
...
006 (192975.005.000) 02/01 10:18:29 Image size of job updated: 455536
	359  -  MemoryUsage of job (MB)
	367212  -  ResidentSetSize of job (KB)
...
006 (192974.005.000) 02/01 10:23:29 Image size of job updated: 498704
	401  -  MemoryUsage of job (MB)
	410376  -  ResidentSetSize of job (KB)
...
006 (192975.005.000) 02/01 10:23:30 Image size of job updated: 456164
	360  -  MemoryUsage of job (MB)
	367840  -  ResidentSetSize of job (KB)
...
006 (192974.005.000) 02/01 10:28:29 Image size of job updated: 502444
	406  -  MemoryUsage of job (MB)
	415212  -  ResidentSetSize of job (KB)
...
006 (192975.005.000) 02/01 10:28:31 Image size of job updated: 477136
	388  -  MemoryUsage of job (MB)
	397140  -  ResidentSetSize of job (KB)
...
005 (192975.005.000) 02/01 10:32:42 Job terminated.
	(0) Abnormal termination (signal 6)
	(0) No core file
		Usr 0 00:23:58, Sys 0 00:00:22  -  Run Remote Usage
		Usr 0 00:00:00, Sys 0 00:00:00  -  Run Local Usage
		Usr 0 00:23:58, Sys 0 00:00:22  -  Total Remote Usage
		Usr 0 00:00:00, Sys 0 00:00:00  -  Total Local Usage
	0  -  Run Bytes Sent By Job
	0  -  Run Bytes Received By Job
	0  -  Total Bytes Sent By Job
	0  -  Total Bytes Received By Job
	Partitionable Resources :    Usage  Request Allocated 
	   Cpus                 :     0.84        1         1 
	   Disk (KB)            :   750         750   3325526 
	   Memory (MB)          :   388        1500      1536 
	   Xferslots            :                           0 
...
006 (192974.005.000) 02/01 10:33:29 Image size of job updated: 502476
	412  -  MemoryUsage of job (MB)
	421200  -  ResidentSetSize of job (KB)
...
005 (192974.005.000) 02/01 10:33:43 Job terminated.
	(0) Abnormal termination (signal 6)
	(0) No core file
		Usr 0 00:28:17, Sys 0 00:00:23  -  Run Remote Usage
		Usr 0 00:00:00, Sys 0 00:00:00  -  Run Local Usage
		Usr 0 00:28:17, Sys 0 00:00:23  -  Total Remote Usage
		Usr 0 00:00:00, Sys 0 00:00:00  -  Total Local Usage
	0  -  Run Bytes Sent By Job
	0  -  Run Bytes Received By Job
	0  -  Total Bytes Sent By Job
	0  -  Total Bytes Received By Job
	Partitionable Resources :    Usage  Request Allocated 
	   Cpus                 :     0.96        1         1 
	   Disk (KB)            :   750         750   4811784 
	   Memory (MB)          :   412        1500      1536 
	   Xferslots            :                           0 
...
000 (307904.005.000) 02/01 11:30:11 Job submitted from host: <130.199.48.8:9618?addrs=130.199.48.8-9618&noUDP&sock=23074_baac_3>
...
000 (307905.005.000) 02/01 11:30:16 Job submitted from host: <130.199.48.8:9618?addrs=130.199.48.8-9618&noUDP&sock=23074_baac_3>
...
001 (307904.005.000) 02/01 11:30:25 Job executing on host: <130.199.156.238:9618?addrs=130.199.156.238-9618&noUDP&sock=304191_b5f9_3>
...
001 (307905.005.000) 02/01 11:30:25 Job executing on host: <130.199.157.145:9618?addrs=130.199.157.145-9618&noUDP&sock=339893_f171_3>
...
006 (307904.005.000) 02/01 11:30:34 Image size of job updated: 158216
	71  -  MemoryUsage of job (MB)
	71704  -  ResidentSetSize of job (KB)
...
006 (307905.005.000) 02/01 11:30:34 Image size of job updated: 158212
	71  -  MemoryUsage of job (MB)
	71724  -  ResidentSetSize of job (KB)
...
006 (307905.005.000) 02/01 11:35:35 Image size of job updated: 1302404
	1186  -  MemoryUsage of job (MB)
	1214104  -  ResidentSetSize of job (KB)
...
006 (307904.005.000) 02/01 11:35:35 Image size of job updated: 388012
	294  -  MemoryUsage of job (MB)
	300172  -  ResidentSetSize of job (KB)
...
006 (307905.005.000) 02/01 11:40:35 Image size of job updated: 1353200
	1236  -  MemoryUsage of job (MB)
	1264900  -  ResidentSetSize of job (KB)
...
006 (307904.005.000) 02/01 11:40:36 Image size of job updated: 419816
	325  -  MemoryUsage of job (MB)
	331976  -  ResidentSetSize of job (KB)
...
006 (307904.005.000) 02/01 11:45:36 Image size of job updated: 419816
	325  -  MemoryUsage of job (MB)
	332080  -  ResidentSetSize of job (KB)
...
006 (307904.005.000) 02/01 11:50:36 Image size of job updated: 434660
	339  -  MemoryUsage of job (MB)
	346820  -  ResidentSetSize of job (KB)
...
006 (307904.005.000) 02/01 11:55:37 Image size of job updated: 438908
	344  -  MemoryUsage of job (MB)
	351360  -  ResidentSetSize of job (KB)
...
005 (307904.005.000) 02/01 11:56:39 Job terminated.
	(0) Abnormal termination (signal 6)
	(0) No core file
		Usr 0 00:18:01, Sys 0 00:00:21  -  Run Remote Usage
		Usr 0 00:00:00, Sys 0 00:00:00  -  Run Local Usage
		Usr 0 00:18:01, Sys 0 00:00:21  -  Total Remote Usage
		Usr 0 00:00:00, Sys 0 00:00:00  -  Total Local Usage
	0  -  Run Bytes Sent By Job
	0  -  Run Bytes Received By Job
	0  -  Total Bytes Sent By Job
	0  -  Total Bytes Received By Job
	Partitionable Resources :    Usage  Request Allocated 
	   Cpus                 :     0.55        1         1 
	   Disk (KB)            :   750         750   6743392 
	   Memory (MB)          :   344        1500      1536 
	   Xferslots            :                           0 
...
006 (307905.005.000) 02/01 12:00:37 Image size of job updated: 1357464
	1240  -  MemoryUsage of job (MB)
	1269164  -  ResidentSetSize of job (KB)
...
006 (307905.005.000) 02/01 12:05:38 Image size of job updated: 1358612
	1241  -  MemoryUsage of job (MB)
	1270312  -  ResidentSetSize of job (KB)
...
005 (307905.005.000) 02/01 12:08:56 Job terminated.
	(0) Abnormal termination (signal 6)
	(0) No core file
		Usr 0 00:29:18, Sys 0 00:00:32  -  Run Remote Usage
		Usr 0 00:00:00, Sys 0 00:00:00  -  Run Local Usage
		Usr 0 00:29:18, Sys 0 00:00:32  -  Total Remote Usage
		Usr 0 00:00:00, Sys 0 00:00:00  -  Total Local Usage
	0  -  Run Bytes Sent By Job
	0  -  Run Bytes Received By Job
	0  -  Total Bytes Sent By Job
	0  -  Total Bytes Received By Job
	Partitionable Resources :    Usage  Request Allocated 
	   Cpus                 :     0.68        1         1 
	   Disk (KB)            :   750         750  14337854 
	   Memory (MB)          :  1241        1500      1536 
	   Xferslots            :                           0 
...
