000 (163792.009.000) 11/16 14:23:59 Job submitted from host: <130.199.48.9:9618?addrs=130.199.48.9-9618&noUDP&sock=12723_c4b4_3>
...
001 (163792.009.000) 11/16 14:24:41 Job executing on host: <130.199.200.113:9618?addrs=130.199.200.113-9618&noUDP&sock=113468_49ff_3>
...
006 (163792.009.000) 11/16 14:24:49 Image size of job updated: 161368
	74  -  MemoryUsage of job (MB)
	74960  -  ResidentSetSize of job (KB)
...
006 (163792.009.000) 11/16 14:29:49 Image size of job updated: 368004
	274  -  MemoryUsage of job (MB)
	280284  -  ResidentSetSize of job (KB)
...
006 (163792.009.000) 11/16 14:34:50 Image size of job updated: 386160
	292  -  MemoryUsage of job (MB)
	298440  -  ResidentSetSize of job (KB)
...
006 (163792.009.000) 11/16 14:43:07 Image size of job updated: 386680
	292  -  MemoryUsage of job (MB)
	298440  -  ResidentSetSize of job (KB)
...
005 (163792.009.000) 11/16 14:43:07 Job terminated.
	(0) Abnormal termination (signal 11)
	(0) No core file
		Usr 0 00:14:04, Sys 0 00:00:21  -  Run Remote Usage
		Usr 0 00:00:00, Sys 0 00:00:00  -  Run Local Usage
		Usr 0 00:14:04, Sys 0 00:00:21  -  Total Remote Usage
		Usr 0 00:00:00, Sys 0 00:00:00  -  Total Local Usage
	0  -  Run Bytes Sent By Job
	0  -  Run Bytes Received By Job
	0  -  Total Bytes Sent By Job
	0  -  Total Bytes Received By Job
	Partitionable Resources :    Usage  Request Allocated 
	   Cpus                 :     0.80        1         1 
	   Disk (KB)            :   750         750   5106409 
	   Memory (MB)          :   292        1500      1536 
	   Xferslots            :                           0 
...
000 (180469.009.000) 11/16 16:27:52 Job submitted from host: <130.199.48.9:9618?addrs=130.199.48.9-9618&noUDP&sock=12723_c4b4_3>
...
009 (180469.009.000) 11/16 17:38:29 Job was aborted by the user.
	via condor_rm (by user jeff)
...
000 (180470.009.000) 11/16 17:38:34 Job submitted from host: <130.199.48.9:9618?addrs=130.199.48.9-9618&noUDP&sock=12723_c4b4_3>
...
009 (180470.009.000) 11/16 17:40:13 Job was aborted by the user.
	via condor_rm (by user jeff)
...
000 (464514.009.000) 11/16 17:41:01 Job submitted from host: <130.199.48.7:9618?addrs=130.199.48.7-9618&noUDP&sock=14234_fb15_3>
...
001 (464514.009.000) 11/16 17:42:55 Job executing on host: <130.199.156.233:9618?addrs=130.199.156.233-9618&noUDP&sock=36613_a6db_3>
...
006 (464514.009.000) 11/16 17:43:04 Image size of job updated: 117936
	74  -  MemoryUsage of job (MB)
	74928  -  ResidentSetSize of job (KB)
...
006 (464514.009.000) 11/16 17:48:05 Image size of job updated: 326724
	277  -  MemoryUsage of job (MB)
	282776  -  ResidentSetSize of job (KB)
...
006 (464514.009.000) 11/16 17:53:06 Image size of job updated: 371840
	320  -  MemoryUsage of job (MB)
	327520  -  ResidentSetSize of job (KB)
...
006 (464514.009.000) 11/16 17:58:06 Image size of job updated: 423992
	371  -  MemoryUsage of job (MB)
	379672  -  ResidentSetSize of job (KB)
...
006 (464514.009.000) 11/16 18:03:06 Image size of job updated: 485004
	431  -  MemoryUsage of job (MB)
	440684  -  ResidentSetSize of job (KB)
...
005 (464514.009.000) 11/16 18:18:05 Job terminated.
	(1) Normal termination (return value 0)
		Usr 0 00:18:23, Sys 0 00:00:26  -  Run Remote Usage
		Usr 0 00:00:00, Sys 0 00:00:00  -  Run Local Usage
		Usr 0 00:18:23, Sys 0 00:00:26  -  Total Remote Usage
		Usr 0 00:00:00, Sys 0 00:00:00  -  Total Local Usage
	0  -  Run Bytes Sent By Job
	0  -  Run Bytes Received By Job
	0  -  Total Bytes Sent By Job
	0  -  Total Bytes Received By Job
	Partitionable Resources :    Usage  Request Allocated 
	   Cpus                 :     0.60        1         1 
	   Disk (KB)            :   750         750   6743395 
	   Memory (MB)          :   431        1500      1536 
	   Xferslots            :                           0 
...
000 (180471.009.000) 11/17 12:09:35 Job submitted from host: <130.199.48.9:9618?addrs=130.199.48.9-9618&noUDP&sock=12723_c4b4_3>
...
009 (180471.009.000) 11/17 12:09:48 Job was aborted by the user.
	via condor_rm (by user jeff)
...
000 (180472.009.000) 11/17 12:11:28 Job submitted from host: <130.199.48.9:9618?addrs=130.199.48.9-9618&noUDP&sock=12723_c4b4_3>
...
001 (180472.009.000) 11/17 12:12:10 Job executing on host: <130.199.202.105:9618?addrs=130.199.202.105-9618&noUDP&sock=29769_9cb7_3>
...
006 (180472.009.000) 11/17 12:12:18 Image size of job updated: 202360
	112  -  MemoryUsage of job (MB)
	114556  -  ResidentSetSize of job (KB)
...
006 (180472.009.000) 11/17 12:17:19 Image size of job updated: 459036
	363  -  MemoryUsage of job (MB)
	370696  -  ResidentSetSize of job (KB)
...
006 (180472.009.000) 11/17 12:22:20 Image size of job updated: 529028
	431  -  MemoryUsage of job (MB)
	440688  -  ResidentSetSize of job (KB)
...
005 (180472.009.000) 11/17 12:27:36 Job terminated.
	(1) Normal termination (return value 0)
		Usr 0 00:11:48, Sys 0 00:00:23  -  Run Remote Usage
		Usr 0 00:00:00, Sys 0 00:00:00  -  Run Local Usage
		Usr 0 00:11:48, Sys 0 00:00:23  -  Total Remote Usage
		Usr 0 00:00:00, Sys 0 00:00:00  -  Total Local Usage
	0  -  Run Bytes Sent By Job
	0  -  Run Bytes Received By Job
	0  -  Total Bytes Sent By Job
	0  -  Total Bytes Received By Job
	Partitionable Resources :    Usage  Request Allocated 
	   Cpus                 :     0.87        1         1 
	   Disk (KB)            :   750         750   4811791 
	   Memory (MB)          :   431        1500      1536 
	   Xferslots            :                           0 
...
000 (180473.009.000) 11/17 12:43:16 Job submitted from host: <130.199.48.9:9618?addrs=130.199.48.9-9618&noUDP&sock=12723_c4b4_3>
...
001 (180473.009.000) 11/17 12:43:44 Job executing on host: <130.199.157.132:9618?addrs=130.199.157.132-9618&noUDP&sock=216811_0b3f_3>
...
006 (180473.009.000) 11/17 12:43:53 Image size of job updated: 161404
	74  -  MemoryUsage of job (MB)
	74972  -  ResidentSetSize of job (KB)
...
006 (180473.009.000) 11/17 12:48:54 Image size of job updated: 414120
	319  -  MemoryUsage of job (MB)
	325788  -  ResidentSetSize of job (KB)
...
006 (180473.009.000) 11/17 12:53:54 Image size of job updated: 472144
	375  -  MemoryUsage of job (MB)
	383804  -  ResidentSetSize of job (KB)
...
004 (180473.009.000) 11/17 13:03:22 Job was evicted.
	(0) Job was not checkpointed.
		Usr 0 00:10:12, Sys 0 00:00:16  -  Run Remote Usage
		Usr 0 00:00:00, Sys 0 00:00:00  -  Run Local Usage
	0  -  Run Bytes Sent By Job
	0  -  Run Bytes Received By Job
	Partitionable Resources :    Usage  Request Allocated 
	   Cpus                 :     0.59        1         1 
	   Disk (KB)            :   750         750  14337878 
	   Memory (MB)          :   375        1500      1536 
	   Xferslots            :                           0 
...
009 (180473.009.000) 11/17 13:03:22 Job was aborted by the user.
	via condor_rm (by user jeff)
...
000 (273103.009.000) 11/20 08:43:51 Job submitted from host: <130.199.48.8:9618?addrs=130.199.48.8-9618&noUDP&sock=14204_7c76_3>
...
001 (273103.009.000) 11/20 08:44:28 Job executing on host: <130.199.157.151:9618?addrs=130.199.157.151-9618&noUDP&sock=218440_9a14_3>
...
006 (273103.009.000) 11/20 08:44:31 Image size of job updated: 750
	0  -  MemoryUsage of job (MB)
	0  -  ResidentSetSize of job (KB)
...
005 (273103.009.000) 11/20 08:44:31 Job terminated.
	(1) Normal termination (return value 127)
		Usr 0 00:00:00, Sys 0 00:00:00  -  Run Remote Usage
		Usr 0 00:00:00, Sys 0 00:00:00  -  Run Local Usage
		Usr 0 00:00:00, Sys 0 00:00:00  -  Total Remote Usage
		Usr 0 00:00:00, Sys 0 00:00:00  -  Total Local Usage
	0  -  Run Bytes Sent By Job
	0  -  Run Bytes Received By Job
	0  -  Total Bytes Sent By Job
	0  -  Total Bytes Received By Job
	Partitionable Resources :    Usage  Request Allocated 
	   Cpus                 :        0        1         1 
	   Disk (KB)            :      750      750  14337878 
	   Memory (MB)          :        0     1500      1536 
	   Xferslots            :                           0 
...
000 (273104.009.000) 11/20 08:45:01 Job submitted from host: <130.199.48.8:9618?addrs=130.199.48.8-9618&noUDP&sock=14204_7c76_3>
...
001 (273104.009.000) 11/20 08:45:32 Job executing on host: <130.199.157.10:9618?addrs=130.199.157.10-9618&noUDP&sock=35025_11e0_3>
...
006 (273104.009.000) 11/20 08:45:40 Image size of job updated: 161456
	74  -  MemoryUsage of job (MB)
	74956  -  ResidentSetSize of job (KB)
...
006 (273104.009.000) 11/20 08:50:40 Image size of job updated: 368320
	274  -  MemoryUsage of job (MB)
	280388  -  ResidentSetSize of job (KB)
...
006 (273104.009.000) 11/20 08:55:40 Image size of job updated: 383236
	289  -  MemoryUsage of job (MB)
	295304  -  ResidentSetSize of job (KB)
...
006 (273104.009.000) 11/20 09:00:41 Image size of job updated: 429644
	334  -  MemoryUsage of job (MB)
	341236  -  ResidentSetSize of job (KB)
...
006 (273104.009.000) 11/20 09:05:41 Image size of job updated: 429944
	334  -  MemoryUsage of job (MB)
	341536  -  ResidentSetSize of job (KB)
...
006 (273104.009.000) 11/20 09:10:41 Image size of job updated: 430448
	335  -  MemoryUsage of job (MB)
	342040  -  ResidentSetSize of job (KB)
...
006 (273104.009.000) 11/20 09:13:02 Image size of job updated: 472324
	335  -  MemoryUsage of job (MB)
	342040  -  ResidentSetSize of job (KB)
...
005 (273104.009.000) 11/20 09:13:02 Job terminated.
	(0) Abnormal termination (signal 6)
	(0) No core file
		Usr 0 00:17:43, Sys 0 00:00:20  -  Run Remote Usage
		Usr 0 00:00:00, Sys 0 00:00:00  -  Run Local Usage
		Usr 0 00:17:43, Sys 0 00:00:20  -  Total Remote Usage
		Usr 0 00:00:00, Sys 0 00:00:00  -  Total Local Usage
	0  -  Run Bytes Sent By Job
	0  -  Run Bytes Received By Job
	0  -  Total Bytes Sent By Job
	0  -  Total Bytes Received By Job
	Partitionable Resources :    Usage  Request Allocated 
	   Cpus                 :     0.67        1         1 
	   Disk (KB)            :   750         750   6742881 
	   Memory (MB)          :   335        1500      1536 
	   Xferslots            :                           0 
...
000 (273105.009.000) 11/20 09:33:59 Job submitted from host: <130.199.48.8:9618?addrs=130.199.48.8-9618&noUDP&sock=14204_7c76_3>
...
001 (273105.009.000) 11/20 09:34:48 Job executing on host: <130.199.200.95:9618?addrs=130.199.200.95-9618&noUDP&sock=18249_ad77_3>
...
006 (273105.009.000) 11/20 09:34:57 Image size of job updated: 201988
	112  -  MemoryUsage of job (MB)
	114144  -  ResidentSetSize of job (KB)
...
006 (273105.009.000) 11/20 09:39:58 Image size of job updated: 363824
	270  -  MemoryUsage of job (MB)
	275976  -  ResidentSetSize of job (KB)
...
006 (273105.009.000) 11/20 09:44:59 Image size of job updated: 380408
	286  -  MemoryUsage of job (MB)
	292560  -  ResidentSetSize of job (KB)
...
005 (273105.009.000) 11/20 09:54:58 Job terminated.
	(0) Abnormal termination (signal 6)
	(0) No core file
		Usr 0 00:16:19, Sys 0 00:00:26  -  Run Remote Usage
		Usr 0 00:00:00, Sys 0 00:00:00  -  Run Local Usage
		Usr 0 00:16:19, Sys 0 00:00:26  -  Total Remote Usage
		Usr 0 00:00:00, Sys 0 00:00:00  -  Total Local Usage
	0  -  Run Bytes Sent By Job
	0  -  Run Bytes Received By Job
	0  -  Total Bytes Sent By Job
	0  -  Total Bytes Received By Job
	Partitionable Resources :    Usage  Request Allocated 
	   Cpus                 :     0.88        1         1 
	   Disk (KB)            :   750         750   3804384 
	   Memory (MB)          :   286        1500      1536 
	   Xferslots            :                           0 
...
