000 (163792.010.000) 11/16 14:23:59 Job submitted from host: <130.199.48.9:9618?addrs=130.199.48.9-9618&noUDP&sock=12723_c4b4_3>
...
001 (163792.010.000) 11/16 14:24:43 Job executing on host: <130.199.156.240:9618?addrs=130.199.156.240-9618&noUDP&sock=36668_0eff_3>
...
006 (163792.010.000) 11/16 14:24:51 Image size of job updated: 156688
	69  -  MemoryUsage of job (MB)
	70288  -  ResidentSetSize of job (KB)
...
006 (163792.010.000) 11/16 14:29:51 Image size of job updated: 318512
	226  -  MemoryUsage of job (MB)
	230768  -  ResidentSetSize of job (KB)
...
006 (163792.010.000) 11/16 14:34:52 Image size of job updated: 348840
	255  -  MemoryUsage of job (MB)
	261092  -  ResidentSetSize of job (KB)
...
006 (163792.010.000) 11/16 14:49:54 Image size of job updated: 350004
	257  -  MemoryUsage of job (MB)
	262256  -  ResidentSetSize of job (KB)
...
006 (163792.010.000) 11/16 15:04:55 Image size of job updated: 350004
	257  -  MemoryUsage of job (MB)
	262912  -  ResidentSetSize of job (KB)
...
006 (163792.010.000) 11/16 15:09:55 Image size of job updated: 350004
	279  -  MemoryUsage of job (MB)
	285592  -  ResidentSetSize of job (KB)
...
006 (163792.010.000) 11/16 15:14:55 Image size of job updated: 350004
	279  -  MemoryUsage of job (MB)
	285616  -  ResidentSetSize of job (KB)
...
006 (163792.010.000) 11/16 15:19:56 Image size of job updated: 350004
	290  -  MemoryUsage of job (MB)
	296876  -  ResidentSetSize of job (KB)
...
006 (163792.010.000) 11/16 15:24:57 Image size of job updated: 350004
	322  -  MemoryUsage of job (MB)
	328988  -  ResidentSetSize of job (KB)
...
006 (163792.010.000) 11/16 15:29:57 Image size of job updated: 350672
	342  -  MemoryUsage of job (MB)
	349920  -  ResidentSetSize of job (KB)
...
006 (163792.010.000) 11/16 15:40:45 Image size of job updated: 809572
	342  -  MemoryUsage of job (MB)
	349920  -  ResidentSetSize of job (KB)
...
005 (163792.010.000) 11/16 15:40:46 Job terminated.
	(0) Abnormal termination (signal 11)
	(0) No core file
		Usr 0 00:45:49, Sys 0 00:01:04  -  Run Remote Usage
		Usr 0 00:00:00, Sys 0 00:00:00  -  Run Local Usage
		Usr 0 00:45:49, Sys 0 00:01:04  -  Total Remote Usage
		Usr 0 00:00:00, Sys 0 00:00:00  -  Total Local Usage
	0  -  Run Bytes Sent By Job
	0  -  Run Bytes Received By Job
	0  -  Total Bytes Sent By Job
	0  -  Total Bytes Received By Job
	Partitionable Resources :    Usage  Request Allocated 
	   Cpus                 :     0.73        1         1 
	   Disk (KB)            :   750         750   6743395 
	   Memory (MB)          :   342        1500      1536 
	   Xferslots            :                           0 
...
000 (180469.010.000) 11/16 16:27:52 Job submitted from host: <130.199.48.9:9618?addrs=130.199.48.9-9618&noUDP&sock=12723_c4b4_3>
...
009 (180469.010.000) 11/16 17:38:29 Job was aborted by the user.
	via condor_rm (by user jeff)
...
000 (180470.010.000) 11/16 17:38:34 Job submitted from host: <130.199.48.9:9618?addrs=130.199.48.9-9618&noUDP&sock=12723_c4b4_3>
...
009 (180470.010.000) 11/16 17:40:13 Job was aborted by the user.
	via condor_rm (by user jeff)
...
000 (464514.010.000) 11/16 17:41:01 Job submitted from host: <130.199.48.7:9618?addrs=130.199.48.7-9618&noUDP&sock=14234_fb15_3>
...
001 (464514.010.000) 11/16 17:42:56 Job executing on host: <130.199.157.17:9618?addrs=130.199.157.17-9618&noUDP&sock=118097_4f22_3>
...
006 (464514.010.000) 11/16 17:43:04 Image size of job updated: 83296
	69  -  MemoryUsage of job (MB)
	70296  -  ResidentSetSize of job (KB)
...
006 (464514.010.000) 11/16 17:48:10 Image size of job updated: 151300
	137  -  MemoryUsage of job (MB)
	139652  -  ResidentSetSize of job (KB)
...
006 (464514.010.000) 11/16 17:53:05 Image size of job updated: 281416
	275  -  MemoryUsage of job (MB)
	281336  -  ResidentSetSize of job (KB)
...
006 (464514.010.000) 11/16 17:58:05 Image size of job updated: 284688
	278  -  MemoryUsage of job (MB)
	284608  -  ResidentSetSize of job (KB)
...
006 (464514.010.000) 11/16 18:03:05 Image size of job updated: 323328
	316  -  MemoryUsage of job (MB)
	323224  -  ResidentSetSize of job (KB)
...
006 (464514.010.000) 11/16 18:08:06 Image size of job updated: 326932
	320  -  MemoryUsage of job (MB)
	326828  -  ResidentSetSize of job (KB)
...
006 (464514.010.000) 11/16 18:13:06 Image size of job updated: 421364
	412  -  MemoryUsage of job (MB)
	421260  -  ResidentSetSize of job (KB)
...
006 (464514.010.000) 11/16 18:43:08 Image size of job updated: 426724
	416  -  MemoryUsage of job (MB)
	425564  -  ResidentSetSize of job (KB)
...
005 (464514.010.000) 11/16 19:02:34 Job terminated.
	(1) Normal termination (return value 0)
		Usr 0 00:40:30, Sys 0 00:00:48  -  Run Remote Usage
		Usr 0 00:00:00, Sys 0 00:00:00  -  Run Local Usage
		Usr 0 00:40:30, Sys 0 00:00:48  -  Total Remote Usage
		Usr 0 00:00:00, Sys 0 00:00:00  -  Total Local Usage
	0  -  Run Bytes Sent By Job
	0  -  Run Bytes Received By Job
	0  -  Total Bytes Sent By Job
	0  -  Total Bytes Received By Job
	Partitionable Resources :    Usage  Request Allocated 
	   Cpus                 :     0.88        1         1 
	   Disk (KB)            :   750         750   6743395 
	   Memory (MB)          :   416        1500      1536 
	   Xferslots            :                           0 
...
000 (180471.010.000) 11/17 12:09:35 Job submitted from host: <130.199.48.9:9618?addrs=130.199.48.9-9618&noUDP&sock=12723_c4b4_3>
...
009 (180471.010.000) 11/17 12:09:48 Job was aborted by the user.
	via condor_rm (by user jeff)
...
000 (180472.010.000) 11/17 12:11:28 Job submitted from host: <130.199.48.9:9618?addrs=130.199.48.9-9618&noUDP&sock=12723_c4b4_3>
...
001 (180472.010.000) 11/17 12:12:10 Job executing on host: <130.199.156.233:9618?addrs=130.199.156.233-9618&noUDP&sock=36613_a6db_3>
...
006 (180472.010.000) 11/17 12:12:19 Image size of job updated: 156728
	69  -  MemoryUsage of job (MB)
	70292  -  ResidentSetSize of job (KB)
...
006 (180472.010.000) 11/17 12:17:20 Image size of job updated: 355716
	262  -  MemoryUsage of job (MB)
	267856  -  ResidentSetSize of job (KB)
...
006 (180472.010.000) 11/17 12:22:20 Image size of job updated: 372244
	278  -  MemoryUsage of job (MB)
	284384  -  ResidentSetSize of job (KB)
...
006 (180472.010.000) 11/17 12:27:20 Image size of job updated: 411556
	316  -  MemoryUsage of job (MB)
	323220  -  ResidentSetSize of job (KB)
...
006 (180472.010.000) 11/17 12:32:21 Image size of job updated: 414980
	319  -  MemoryUsage of job (MB)
	326644  -  ResidentSetSize of job (KB)
...
006 (180472.010.000) 11/17 12:37:21 Image size of job updated: 509852
	412  -  MemoryUsage of job (MB)
	421508  -  ResidentSetSize of job (KB)
...
004 (180472.010.000) 11/17 12:43:12 Job was evicted.
	(0) Job was not checkpointed.
		Usr 0 00:14:56, Sys 0 00:00:22  -  Run Remote Usage
		Usr 0 00:00:00, Sys 0 00:00:00  -  Run Local Usage
	0  -  Run Bytes Sent By Job
	0  -  Run Bytes Received By Job
	Partitionable Resources :    Usage  Request Allocated 
	   Cpus                 :     0.20        1         1 
	   Disk (KB)            :   750         750   6743395 
	   Memory (MB)          :   412        1500      1536 
	   Xferslots            :                           0 
...
009 (180472.010.000) 11/17 12:43:12 Job was aborted by the user.
	via condor_rm (by user jeff)
...
000 (180473.010.000) 11/17 12:43:16 Job submitted from host: <130.199.48.9:9618?addrs=130.199.48.9-9618&noUDP&sock=12723_c4b4_3>
...
001 (180473.010.000) 11/17 12:43:43 Job executing on host: <130.199.157.146:9618?addrs=130.199.157.146-9618&noUDP&sock=215572_ea84_3>
...
006 (180473.010.000) 11/17 12:43:51 Image size of job updated: 156724
	69  -  MemoryUsage of job (MB)
	70288  -  ResidentSetSize of job (KB)
...
006 (180473.010.000) 11/17 12:48:51 Image size of job updated: 365532
	272  -  MemoryUsage of job (MB)
	277672  -  ResidentSetSize of job (KB)
...
006 (180473.010.000) 11/17 12:53:52 Image size of job updated: 372192
	278  -  MemoryUsage of job (MB)
	284332  -  ResidentSetSize of job (KB)
...
006 (180473.010.000) 11/17 12:58:53 Image size of job updated: 411584
	316  -  MemoryUsage of job (MB)
	323248  -  ResidentSetSize of job (KB)
...
006 (180473.010.000) 11/17 13:03:23 Image size of job updated: 414992
	316  -  MemoryUsage of job (MB)
	323248  -  ResidentSetSize of job (KB)
...
004 (180473.010.000) 11/17 13:03:23 Job was evicted.
	(0) Job was not checkpointed.
		Usr 0 00:08:40, Sys 0 00:00:16  -  Run Remote Usage
		Usr 0 00:00:00, Sys 0 00:00:00  -  Run Local Usage
	0  -  Run Bytes Sent By Job
	0  -  Run Bytes Received By Job
	Partitionable Resources :    Usage  Request Allocated 
	   Cpus                 :     0.48        1         1 
	   Disk (KB)            :   750         750  14337878 
	   Memory (MB)          :   316        1500      1536 
	   Xferslots            :                           0 
...
009 (180473.010.000) 11/17 13:03:23 Job was aborted by the user.
	via condor_rm (by user jeff)
...
000 (273103.010.000) 11/20 08:43:51 Job submitted from host: <130.199.48.8:9618?addrs=130.199.48.8-9618&noUDP&sock=14204_7c76_3>
...
001 (273103.010.000) 11/20 08:44:25 Job executing on host: <130.199.157.12:9618?addrs=130.199.157.12-9618&noUDP&sock=37885_3945_3>
...
006 (273103.010.000) 11/20 08:44:26 Image size of job updated: 750
	0  -  MemoryUsage of job (MB)
	0  -  ResidentSetSize of job (KB)
...
005 (273103.010.000) 11/20 08:44:26 Job terminated.
	(1) Normal termination (return value 127)
		Usr 0 00:00:00, Sys 0 00:00:00  -  Run Remote Usage
		Usr 0 00:00:00, Sys 0 00:00:00  -  Run Local Usage
		Usr 0 00:00:00, Sys 0 00:00:00  -  Total Remote Usage
		Usr 0 00:00:00, Sys 0 00:00:00  -  Total Local Usage
	0  -  Run Bytes Sent By Job
	0  -  Run Bytes Received By Job
	0  -  Total Bytes Sent By Job
	0  -  Total Bytes Received By Job
	Partitionable Resources :    Usage  Request Allocated 
	   Cpus                 :                 1         1 
	   Disk (KB)            :      750      750   6743395 
	   Memory (MB)          :        0     1500      1536 
	   Xferslots            :                           0 
...
000 (273104.010.000) 11/20 08:45:01 Job submitted from host: <130.199.48.8:9618?addrs=130.199.48.8-9618&noUDP&sock=14204_7c76_3>
...
001 (273104.010.000) 11/20 08:45:31 Job executing on host: <130.199.200.104:9618?addrs=130.199.200.104-9618&noUDP&sock=115978_ac20_3>
...
006 (273104.010.000) 11/20 08:45:40 Image size of job updated: 158952
	71  -  MemoryUsage of job (MB)
	72448  -  ResidentSetSize of job (KB)
...
006 (273104.010.000) 11/20 08:50:41 Image size of job updated: 355064
	261  -  MemoryUsage of job (MB)
	267128  -  ResidentSetSize of job (KB)
...
006 (273104.010.000) 11/20 08:55:41 Image size of job updated: 372444
	278  -  MemoryUsage of job (MB)
	284508  -  ResidentSetSize of job (KB)
...
006 (273104.010.000) 11/20 09:00:42 Image size of job updated: 416476
	321  -  MemoryUsage of job (MB)
	328064  -  ResidentSetSize of job (KB)
...
006 (273104.010.000) 11/20 09:05:43 Image size of job updated: 459548
	363  -  MemoryUsage of job (MB)
	371128  -  ResidentSetSize of job (KB)
...
006 (273104.010.000) 11/20 09:10:43 Image size of job updated: 516024
	418  -  MemoryUsage of job (MB)
	427604  -  ResidentSetSize of job (KB)
...
005 (273104.010.000) 11/20 09:23:11 Job terminated.
	(0) Abnormal termination (signal 6)
	(0) No core file
		Usr 0 00:26:46, Sys 0 00:00:49  -  Run Remote Usage
		Usr 0 00:00:00, Sys 0 00:00:00  -  Run Local Usage
		Usr 0 00:26:46, Sys 0 00:00:49  -  Total Remote Usage
		Usr 0 00:00:00, Sys 0 00:00:00  -  Total Local Usage
	0  -  Run Bytes Sent By Job
	0  -  Run Bytes Received By Job
	0  -  Total Bytes Sent By Job
	0  -  Total Bytes Received By Job
	Partitionable Resources :    Usage  Request Allocated 
	   Cpus                 :     0.81        1         1 
	   Disk (KB)            :   750         750   5106402 
	   Memory (MB)          :   418        1500      1536 
	   Xferslots            :                           0 
...
000 (273105.010.000) 11/20 09:33:59 Job submitted from host: <130.199.48.8:9618?addrs=130.199.48.8-9618&noUDP&sock=14204_7c76_3>
...
001 (273105.010.000) 11/20 09:34:48 Job executing on host: <130.199.159.236:9618?addrs=130.199.159.236-9618&noUDP&sock=25088_2280_3>
...
006 (273105.010.000) 11/20 09:34:57 Image size of job updated: 182232
	69  -  MemoryUsage of job (MB)
	70320  -  ResidentSetSize of job (KB)
...
006 (273105.010.000) 11/20 09:39:57 Image size of job updated: 340740
	225  -  MemoryUsage of job (MB)
	229680  -  ResidentSetSize of job (KB)
...
006 (273105.010.000) 11/20 09:44:57 Image size of job updated: 341064
	225  -  MemoryUsage of job (MB)
	230004  -  ResidentSetSize of job (KB)
...
006 (273105.010.000) 11/20 09:49:59 Image size of job updated: 341084
	225  -  MemoryUsage of job (MB)
	230024  -  ResidentSetSize of job (KB)
...
006 (273105.010.000) 11/20 09:54:59 Image size of job updated: 343312
	227  -  MemoryUsage of job (MB)
	232252  -  ResidentSetSize of job (KB)
...
006 (273105.010.000) 11/20 10:10:01 Image size of job updated: 346820
	229  -  MemoryUsage of job (MB)
	233608  -  ResidentSetSize of job (KB)
...
006 (273105.010.000) 11/20 10:25:02 Image size of job updated: 355040
	237  -  MemoryUsage of job (MB)
	241748  -  ResidentSetSize of job (KB)
...
006 (273105.010.000) 11/20 10:30:02 Image size of job updated: 363376
	245  -  MemoryUsage of job (MB)
	250084  -  ResidentSetSize of job (KB)
...
004 (273105.010.000) 11/20 10:33:46 Job was evicted.
	(0) Job was not checkpointed.
		Usr 0 00:33:33, Sys 0 00:00:56  -  Run Remote Usage
		Usr 0 00:00:00, Sys 0 00:00:00  -  Run Local Usage
	0  -  Run Bytes Sent By Job
	0  -  Run Bytes Received By Job
	Partitionable Resources :    Usage  Request Allocated 
	   Cpus                 :     0.56        1         1 
	   Disk (KB)            :   750         750   7037770 
	   Memory (MB)          :   245        1500      1536 
	   Xferslots            :                           0 
...
009 (273105.010.000) 11/20 10:33:46 Job was aborted by the user.
	via condor_rm (by user jeff)
...
