000 (163792.012.000) 11/16 14:23:59 Job submitted from host: <130.199.48.9:9618?addrs=130.199.48.9-9618&noUDP&sock=12723_c4b4_3>
...
001 (163792.012.000) 11/16 14:24:41 Job executing on host: <130.199.200.88:9618?addrs=130.199.200.88-9618&noUDP&sock=19259_5471_3>
...
006 (163792.012.000) 11/16 14:24:50 Image size of job updated: 294864
	203  -  MemoryUsage of job (MB)
	207188  -  ResidentSetSize of job (KB)
...
006 (163792.012.000) 11/16 14:25:43 Image size of job updated: 318752
	203  -  MemoryUsage of job (MB)
	207188  -  ResidentSetSize of job (KB)
...
005 (163792.012.000) 11/16 14:25:44 Job terminated.
	(1) Normal termination (return value 0)
		Usr 0 00:00:44, Sys 0 00:00:01  -  Run Remote Usage
		Usr 0 00:00:00, Sys 0 00:00:00  -  Run Local Usage
		Usr 0 00:00:44, Sys 0 00:00:01  -  Total Remote Usage
		Usr 0 00:00:00, Sys 0 00:00:00  -  Total Local Usage
	0  -  Run Bytes Sent By Job
	0  -  Run Bytes Received By Job
	0  -  Total Bytes Sent By Job
	0  -  Total Bytes Received By Job
	Partitionable Resources :    Usage  Request Allocated 
	   Cpus                 :     0.11        1         1 
	   Disk (KB)            :   750         750   3815011 
	   Memory (MB)          :   203        1500      1536 
	   Xferslots            :                           0 
...
000 (180469.012.000) 11/16 16:27:52 Job submitted from host: <130.199.48.9:9618?addrs=130.199.48.9-9618&noUDP&sock=12723_c4b4_3>
...
009 (180469.012.000) 11/16 17:38:29 Job was aborted by the user.
	via condor_rm (by user jeff)
...
000 (180470.012.000) 11/16 17:38:34 Job submitted from host: <130.199.48.9:9618?addrs=130.199.48.9-9618&noUDP&sock=12723_c4b4_3>
...
009 (180470.012.000) 11/16 17:40:13 Job was aborted by the user.
	via condor_rm (by user jeff)
...
000 (464514.012.000) 11/16 17:41:01 Job submitted from host: <130.199.48.7:9618?addrs=130.199.48.7-9618&noUDP&sock=14234_fb15_3>
...
001 (464514.012.000) 11/16 17:42:57 Job executing on host: <130.199.157.17:9618?addrs=130.199.157.17-9618&noUDP&sock=118097_4f22_3>
...
006 (464514.012.000) 11/16 17:43:05 Image size of job updated: 267664
	203  -  MemoryUsage of job (MB)
	207184  -  ResidentSetSize of job (KB)
...
005 (464514.012.000) 11/16 17:44:38 Job terminated.
	(1) Normal termination (return value 0)
		Usr 0 00:00:38, Sys 0 00:00:01  -  Run Remote Usage
		Usr 0 00:00:00, Sys 0 00:00:00  -  Run Local Usage
		Usr 0 00:00:38, Sys 0 00:00:01  -  Total Remote Usage
		Usr 0 00:00:00, Sys 0 00:00:00  -  Total Local Usage
	0  -  Run Bytes Sent By Job
	0  -  Run Bytes Received By Job
	0  -  Total Bytes Sent By Job
	0  -  Total Bytes Received By Job
	Partitionable Resources :    Usage  Request Allocated 
	   Cpus                 :        0        1         1 
	   Disk (KB)            :      750      750   6743395 
	   Memory (MB)          :      203     1500      1536 
	   Xferslots            :                           0 
...
000 (180471.012.000) 11/17 12:09:35 Job submitted from host: <130.199.48.9:9618?addrs=130.199.48.9-9618&noUDP&sock=12723_c4b4_3>
...
009 (180471.012.000) 11/17 12:09:48 Job was aborted by the user.
	via condor_rm (by user jeff)
...
000 (180472.012.000) 11/17 12:11:28 Job submitted from host: <130.199.48.9:9618?addrs=130.199.48.9-9618&noUDP&sock=12723_c4b4_3>
...
001 (180472.012.000) 11/17 12:12:10 Job executing on host: <130.199.156.235:9618?addrs=130.199.156.235-9618&noUDP&sock=116238_f586_3>
...
006 (180472.012.000) 11/17 12:12:19 Image size of job updated: 294964
	203  -  MemoryUsage of job (MB)
	207176  -  ResidentSetSize of job (KB)
...
006 (180472.012.000) 11/17 12:13:23 Image size of job updated: 319760
	203  -  MemoryUsage of job (MB)
	207176  -  ResidentSetSize of job (KB)
...
005 (180472.012.000) 11/17 12:13:23 Job terminated.
	(1) Normal termination (return value 0)
		Usr 0 00:00:39, Sys 0 00:00:02  -  Run Remote Usage
		Usr 0 00:00:00, Sys 0 00:00:00  -  Run Local Usage
		Usr 0 00:00:39, Sys 0 00:00:02  -  Total Remote Usage
		Usr 0 00:00:00, Sys 0 00:00:00  -  Total Local Usage
	0  -  Run Bytes Sent By Job
	0  -  Run Bytes Received By Job
	0  -  Total Bytes Sent By Job
	0  -  Total Bytes Received By Job
	Partitionable Resources :    Usage  Request Allocated 
	   Cpus                 :     0.63        1         1 
	   Disk (KB)            :   750         750   6743395 
	   Memory (MB)          :   203        1500      1536 
	   Xferslots            :                           0 
...
000 (180473.012.000) 11/17 12:43:16 Job submitted from host: <130.199.48.9:9618?addrs=130.199.48.9-9618&noUDP&sock=12723_c4b4_3>
...
001 (180473.012.000) 11/17 12:43:44 Job executing on host: <130.199.156.230:9618?addrs=130.199.156.230-9618&noUDP&sock=31307_5ea8_3>
...
006 (180473.012.000) 11/17 12:43:53 Image size of job updated: 295032
	203  -  MemoryUsage of job (MB)
	207244  -  ResidentSetSize of job (KB)
...
006 (180473.012.000) 11/17 12:44:53 Image size of job updated: 721620
	203  -  MemoryUsage of job (MB)
	207244  -  ResidentSetSize of job (KB)
...
005 (180473.012.000) 11/17 12:44:54 Job terminated.
	(1) Normal termination (return value 0)
		Usr 0 00:00:36, Sys 0 00:00:02  -  Run Remote Usage
		Usr 0 00:00:00, Sys 0 00:00:00  -  Run Local Usage
		Usr 0 00:00:36, Sys 0 00:00:02  -  Total Remote Usage
		Usr 0 00:00:00, Sys 0 00:00:00  -  Total Local Usage
	0  -  Run Bytes Sent By Job
	0  -  Run Bytes Received By Job
	0  -  Total Bytes Sent By Job
	0  -  Total Bytes Received By Job
	Partitionable Resources :    Usage  Request Allocated 
	   Cpus                 :     0.31        1         1 
	   Disk (KB)            :   750         750   6743395 
	   Memory (MB)          :   203        1500      1536 
	   Xferslots            :                           0 
...
000 (273103.012.000) 11/20 08:43:51 Job submitted from host: <130.199.48.8:9618?addrs=130.199.48.8-9618&noUDP&sock=14204_7c76_3>
...
001 (273103.012.000) 11/20 08:44:24 Job executing on host: <130.199.200.103:9618?addrs=130.199.200.103-9618&noUDP&sock=25216_a529_3>
...
006 (273103.012.000) 11/20 08:44:26 Image size of job updated: 750
	0  -  MemoryUsage of job (MB)
	0  -  ResidentSetSize of job (KB)
...
005 (273103.012.000) 11/20 08:44:26 Job terminated.
	(1) Normal termination (return value 127)
		Usr 0 00:00:00, Sys 0 00:00:00  -  Run Remote Usage
		Usr 0 00:00:00, Sys 0 00:00:00  -  Run Local Usage
		Usr 0 00:00:00, Sys 0 00:00:00  -  Total Remote Usage
		Usr 0 00:00:00, Sys 0 00:00:00  -  Total Local Usage
	0  -  Run Bytes Sent By Job
	0  -  Run Bytes Received By Job
	0  -  Total Bytes Sent By Job
	0  -  Total Bytes Received By Job
	Partitionable Resources :    Usage  Request Allocated 
	   Cpus                 :        0        1         1 
	   Disk (KB)            :      750      750   5106407 
	   Memory (MB)          :        0     1500      1536 
	   Xferslots            :                           0 
...
000 (273104.012.000) 11/20 08:45:01 Job submitted from host: <130.199.48.8:9618?addrs=130.199.48.8-9618&noUDP&sock=14204_7c76_3>
...
001 (273104.012.000) 11/20 08:45:36 Job executing on host: <130.199.202.104:9618?addrs=130.199.202.104-9618&noUDP&sock=30481_f381_3>
...
006 (273104.012.000) 11/20 08:45:45 Image size of job updated: 298848
	207  -  MemoryUsage of job (MB)
	211240  -  ResidentSetSize of job (KB)
...
006 (273104.012.000) 11/20 08:46:15 Image size of job updated: 320680
	207  -  MemoryUsage of job (MB)
	211240  -  ResidentSetSize of job (KB)
...
005 (273104.012.000) 11/20 08:46:16 Job terminated.
	(0) Abnormal termination (signal 6)
	(0) No core file
		Usr 0 00:00:27, Sys 0 00:00:01  -  Run Remote Usage
		Usr 0 00:00:00, Sys 0 00:00:00  -  Run Local Usage
		Usr 0 00:00:27, Sys 0 00:00:01  -  Total Remote Usage
		Usr 0 00:00:00, Sys 0 00:00:00  -  Total Local Usage
	0  -  Run Bytes Sent By Job
	0  -  Run Bytes Received By Job
	0  -  Total Bytes Sent By Job
	0  -  Total Bytes Received By Job
	Partitionable Resources :    Usage  Request Allocated 
	   Cpus                 :        0        1         1 
	   Disk (KB)            :      750      750   4811678 
	   Memory (MB)          :      207     1500      1536 
	   Xferslots            :                           0 
...
000 (273105.012.000) 11/20 09:33:59 Job submitted from host: <130.199.48.8:9618?addrs=130.199.48.8-9618&noUDP&sock=14204_7c76_3>
...
001 (273105.012.000) 11/20 09:34:48 Job executing on host: <130.199.158.185:9618?addrs=130.199.158.185-9618&noUDP&sock=24460_6175_3>
...
006 (273105.012.000) 11/20 09:34:56 Image size of job updated: 197732
	108  -  MemoryUsage of job (MB)
	109904  -  ResidentSetSize of job (KB)
...
006 (273105.012.000) 11/20 09:36:06 Image size of job updated: 319416
	108  -  MemoryUsage of job (MB)
	109904  -  ResidentSetSize of job (KB)
...
005 (273105.012.000) 11/20 09:36:06 Job terminated.
	(0) Abnormal termination (signal 6)
	(0) No core file
		Usr 0 00:00:43, Sys 0 00:00:01  -  Run Remote Usage
		Usr 0 00:00:00, Sys 0 00:00:00  -  Run Local Usage
		Usr 0 00:00:43, Sys 0 00:00:01  -  Total Remote Usage
		Usr 0 00:00:00, Sys 0 00:00:00  -  Total Local Usage
	0  -  Run Bytes Sent By Job
	0  -  Run Bytes Received By Job
	0  -  Total Bytes Sent By Job
	0  -  Total Bytes Received By Job
	Partitionable Resources :    Usage  Request Allocated 
	   Cpus                 :     0.65        1         1 
	   Disk (KB)            :   750         750   7037864 
	   Memory (MB)          :   108        1500      1536 
	   Xferslots            :                           0 
...
