000 (163792.015.000) 11/16 14:23:59 Job submitted from host: <130.199.48.9:9618?addrs=130.199.48.9-9618&noUDP&sock=12723_c4b4_3>
...
001 (163792.015.000) 11/16 14:24:41 Job executing on host: <130.199.158.171:9618?addrs=130.199.158.171-9618&noUDP&sock=26173_8609_3>
...
006 (163792.015.000) 11/16 14:24:50 Image size of job updated: 135936
	59  -  MemoryUsage of job (MB)
	60060  -  ResidentSetSize of job (KB)
...
006 (163792.015.000) 11/16 14:29:50 Image size of job updated: 333044
	240  -  MemoryUsage of job (MB)
	245300  -  ResidentSetSize of job (KB)
...
006 (163792.015.000) 11/16 14:34:11 Image size of job updated: 725480
	240  -  MemoryUsage of job (MB)
	245300  -  ResidentSetSize of job (KB)
...
005 (163792.015.000) 11/16 14:34:12 Job terminated.
	(1) Normal termination (return value 0)
		Usr 0 00:05:36, Sys 0 00:00:08  -  Run Remote Usage
		Usr 0 00:00:00, Sys 0 00:00:00  -  Run Local Usage
		Usr 0 00:05:36, Sys 0 00:00:08  -  Total Remote Usage
		Usr 0 00:00:00, Sys 0 00:00:00  -  Total Local Usage
	0  -  Run Bytes Sent By Job
	0  -  Run Bytes Received By Job
	0  -  Total Bytes Sent By Job
	0  -  Total Bytes Received By Job
	Partitionable Resources :    Usage  Request Allocated 
	   Cpus                 :        0        1         1 
	   Disk (KB)            :      750      750   7037864 
	   Memory (MB)          :      240     1500      1536 
	   Xferslots            :                           0 
...
000 (180469.015.000) 11/16 16:27:52 Job submitted from host: <130.199.48.9:9618?addrs=130.199.48.9-9618&noUDP&sock=12723_c4b4_3>
...
009 (180469.015.000) 11/16 17:38:29 Job was aborted by the user.
	via condor_rm (by user jeff)
...
000 (180470.015.000) 11/16 17:38:34 Job submitted from host: <130.199.48.9:9618?addrs=130.199.48.9-9618&noUDP&sock=12723_c4b4_3>
...
009 (180470.015.000) 11/16 17:40:13 Job was aborted by the user.
	via condor_rm (by user jeff)
...
000 (464514.015.000) 11/16 17:41:01 Job submitted from host: <130.199.48.7:9618?addrs=130.199.48.7-9618&noUDP&sock=14234_fb15_3>
...
001 (464514.015.000) 11/16 17:42:59 Job executing on host: <130.199.157.5:9618?addrs=130.199.157.5-9618&noUDP&sock=118115_0182_3>
...
006 (464514.015.000) 11/16 17:43:08 Image size of job updated: 93044
	72  -  MemoryUsage of job (MB)
	73476  -  ResidentSetSize of job (KB)
...
006 (464514.015.000) 11/16 17:48:09 Image size of job updated: 303856
	278  -  MemoryUsage of job (MB)
	283732  -  ResidentSetSize of job (KB)
...
006 (464514.015.000) 11/16 17:53:09 Image size of job updated: 421488
	412  -  MemoryUsage of job (MB)
	421096  -  ResidentSetSize of job (KB)
...
005 (464514.015.000) 11/16 17:57:45 Job terminated.
	(1) Normal termination (return value 0)
		Usr 0 00:05:02, Sys 0 00:00:09  -  Run Remote Usage
		Usr 0 00:00:00, Sys 0 00:00:00  -  Run Local Usage
		Usr 0 00:05:02, Sys 0 00:00:09  -  Total Remote Usage
		Usr 0 00:00:00, Sys 0 00:00:00  -  Total Local Usage
	0  -  Run Bytes Sent By Job
	0  -  Run Bytes Received By Job
	0  -  Total Bytes Sent By Job
	0  -  Total Bytes Received By Job
	Partitionable Resources :    Usage  Request Allocated 
	   Cpus                 :     0.31        1         1 
	   Disk (KB)            :   750         750   6743395 
	   Memory (MB)          :   412        1500      1536 
	   Xferslots            :                           0 
...
000 (180471.015.000) 11/17 12:09:35 Job submitted from host: <130.199.48.9:9618?addrs=130.199.48.9-9618&noUDP&sock=12723_c4b4_3>
...
009 (180471.015.000) 11/17 12:09:48 Job was aborted by the user.
	via condor_rm (by user jeff)
...
000 (180472.015.000) 11/17 12:11:28 Job submitted from host: <130.199.48.9:9618?addrs=130.199.48.9-9618&noUDP&sock=12723_c4b4_3>
...
001 (180472.015.000) 11/17 12:12:09 Job executing on host: <130.199.202.108:9618?addrs=130.199.202.108-9618&noUDP&sock=27505_15b3_3>
...
006 (180472.015.000) 11/17 12:12:17 Image size of job updated: 310576
	218  -  MemoryUsage of job (MB)
	222724  -  ResidentSetSize of job (KB)
...
006 (180472.015.000) 11/17 12:17:17 Image size of job updated: 506300
	409  -  MemoryUsage of job (MB)
	417960  -  ResidentSetSize of job (KB)
...
005 (180472.015.000) 11/17 12:18:04 Job terminated.
	(1) Normal termination (return value 0)
		Usr 0 00:04:26, Sys 0 00:00:07  -  Run Remote Usage
		Usr 0 00:00:00, Sys 0 00:00:00  -  Run Local Usage
		Usr 0 00:04:26, Sys 0 00:00:07  -  Total Remote Usage
		Usr 0 00:00:00, Sys 0 00:00:00  -  Total Local Usage
	0  -  Run Bytes Sent By Job
	0  -  Run Bytes Received By Job
	0  -  Total Bytes Sent By Job
	0  -  Total Bytes Received By Job
	Partitionable Resources :    Usage  Request Allocated 
	   Cpus                 :     0.75        1         1 
	   Disk (KB)            :   750         750   4811752 
	   Memory (MB)          :   409        1500      1536 
	   Xferslots            :                           0 
...
000 (180473.015.000) 11/17 12:43:16 Job submitted from host: <130.199.48.9:9618?addrs=130.199.48.9-9618&noUDP&sock=12723_c4b4_3>
...
001 (180473.015.000) 11/17 12:43:42 Job executing on host: <130.199.202.107:9618?addrs=130.199.202.107-9618&noUDP&sock=32079_b2b1_3>
...
006 (180473.015.000) 11/17 12:43:51 Image size of job updated: 298136
	205  -  MemoryUsage of job (MB)
	209696  -  ResidentSetSize of job (KB)
...
006 (180473.015.000) 11/17 12:48:45 Image size of job updated: 812736
	205  -  MemoryUsage of job (MB)
	209696  -  ResidentSetSize of job (KB)
...
005 (180473.015.000) 11/17 12:48:45 Job terminated.
	(1) Normal termination (return value 0)
		Usr 0 00:03:40, Sys 0 00:00:07  -  Run Remote Usage
		Usr 0 00:00:00, Sys 0 00:00:00  -  Run Local Usage
		Usr 0 00:03:40, Sys 0 00:00:07  -  Total Remote Usage
		Usr 0 00:00:00, Sys 0 00:00:00  -  Total Local Usage
	0  -  Run Bytes Sent By Job
	0  -  Run Bytes Received By Job
	0  -  Total Bytes Sent By Job
	0  -  Total Bytes Received By Job
	Partitionable Resources :    Usage  Request Allocated 
	   Cpus                 :     0.76        1         1 
	   Disk (KB)            :   750         750   4811675 
	   Memory (MB)          :   205        1500      1536 
	   Xferslots            :                           0 
...
000 (273103.015.000) 11/20 08:43:51 Job submitted from host: <130.199.48.8:9618?addrs=130.199.48.8-9618&noUDP&sock=14204_7c76_3>
...
001 (273103.015.000) 11/20 08:44:24 Job executing on host: <130.199.158.207:9618?addrs=130.199.158.207-9618&noUDP&sock=26553_c9ed_3>
...
006 (273103.015.000) 11/20 08:44:26 Image size of job updated: 750
	0  -  MemoryUsage of job (MB)
	0  -  ResidentSetSize of job (KB)
...
005 (273103.015.000) 11/20 08:44:26 Job terminated.
	(1) Normal termination (return value 127)
		Usr 0 00:00:00, Sys 0 00:00:00  -  Run Remote Usage
		Usr 0 00:00:00, Sys 0 00:00:00  -  Run Local Usage
		Usr 0 00:00:00, Sys 0 00:00:00  -  Total Remote Usage
		Usr 0 00:00:00, Sys 0 00:00:00  -  Total Local Usage
	0  -  Run Bytes Sent By Job
	0  -  Run Bytes Received By Job
	0  -  Total Bytes Sent By Job
	0  -  Total Bytes Received By Job
	Partitionable Resources :    Usage  Request Allocated 
	   Cpus                 :        0        1         1 
	   Disk (KB)            :      750      750   7037864 
	   Memory (MB)          :        0     1500      1536 
	   Xferslots            :                           0 
...
000 (273104.015.000) 11/20 08:45:01 Job submitted from host: <130.199.48.8:9618?addrs=130.199.48.8-9618&noUDP&sock=14204_7c76_3>
...
001 (273104.015.000) 11/20 08:45:31 Job executing on host: <130.199.158.174:9618?addrs=130.199.158.174-9618&noUDP&sock=24042_16c7_3>
...
006 (273104.015.000) 11/20 08:45:40 Image size of job updated: 131192
	56  -  MemoryUsage of job (MB)
	56816  -  ResidentSetSize of job (KB)
...
006 (273104.015.000) 11/20 08:50:41 Image size of job updated: 355136
	261  -  MemoryUsage of job (MB)
	267204  -  ResidentSetSize of job (KB)
...
006 (273104.015.000) 11/20 08:55:41 Image size of job updated: 370228
	276  -  MemoryUsage of job (MB)
	282296  -  ResidentSetSize of job (KB)
...
006 (273104.015.000) 11/20 08:55:44 Image size of job updated: 370320
	276  -  MemoryUsage of job (MB)
	282296  -  ResidentSetSize of job (KB)
...
005 (273104.015.000) 11/20 08:55:45 Job terminated.
	(0) Abnormal termination (signal 6)
	(0) No core file
		Usr 0 00:05:00, Sys 0 00:00:09  -  Run Remote Usage
		Usr 0 00:00:00, Sys 0 00:00:00  -  Run Local Usage
		Usr 0 00:05:00, Sys 0 00:00:09  -  Total Remote Usage
		Usr 0 00:00:00, Sys 0 00:00:00  -  Total Local Usage
	0  -  Run Bytes Sent By Job
	0  -  Run Bytes Received By Job
	0  -  Total Bytes Sent By Job
	0  -  Total Bytes Received By Job
	Partitionable Resources :    Usage  Request Allocated 
	   Cpus                 :     0.61        1         1 
	   Disk (KB)            :   750         750   7037864 
	   Memory (MB)          :   276        1500      1536 
	   Xferslots            :                           0 
...
000 (273105.015.000) 11/20 09:33:59 Job submitted from host: <130.199.48.8:9618?addrs=130.199.48.8-9618&noUDP&sock=14204_7c76_3>
...
001 (273105.015.000) 11/20 09:34:48 Job executing on host: <130.199.158.189:9618?addrs=130.199.158.189-9618&noUDP&sock=26288_eb6c_3>
...
006 (273105.015.000) 11/20 09:34:56 Image size of job updated: 152412
	62  -  MemoryUsage of job (MB)
	63128  -  ResidentSetSize of job (KB)
...
006 (273105.015.000) 11/20 09:39:56 Image size of job updated: 329104
	236  -  MemoryUsage of job (MB)
	241256  -  ResidentSetSize of job (KB)
...
006 (273105.015.000) 11/20 09:42:50 Image size of job updated: 332096
	236  -  MemoryUsage of job (MB)
	241256  -  ResidentSetSize of job (KB)
...
005 (273105.015.000) 11/20 09:42:50 Job terminated.
	(0) Abnormal termination (signal 6)
	(0) No core file
		Usr 0 00:04:56, Sys 0 00:00:10  -  Run Remote Usage
		Usr 0 00:00:00, Sys 0 00:00:00  -  Run Local Usage
		Usr 0 00:04:56, Sys 0 00:00:10  -  Total Remote Usage
		Usr 0 00:00:00, Sys 0 00:00:00  -  Total Local Usage
	0  -  Run Bytes Sent By Job
	0  -  Run Bytes Received By Job
	0  -  Total Bytes Sent By Job
	0  -  Total Bytes Received By Job
	Partitionable Resources :    Usage  Request Allocated 
	   Cpus                 :     0.61        1         1 
	   Disk (KB)            :   750         750   7037864 
	   Memory (MB)          :   236        1500      1536 
	   Xferslots            :                           0 
...
