000 (163792.014.000) 11/16 14:23:59 Job submitted from host: <130.199.48.9:9618?addrs=130.199.48.9-9618&noUDP&sock=12723_c4b4_3>
...
001 (163792.014.000) 11/16 14:24:41 Job executing on host: <130.199.158.241:9618?addrs=130.199.158.241-9618&noUDP&sock=26673_c46b_3>
...
006 (163792.014.000) 11/16 14:24:50 Image size of job updated: 152328
	62  -  MemoryUsage of job (MB)
	63116  -  ResidentSetSize of job (KB)
...
006 (163792.014.000) 11/16 14:29:50 Image size of job updated: 355124
	262  -  MemoryUsage of job (MB)
	267380  -  ResidentSetSize of job (KB)
...
006 (163792.014.000) 11/16 14:39:50 Image size of job updated: 367960
	274  -  MemoryUsage of job (MB)
	280216  -  ResidentSetSize of job (KB)
...
006 (163792.014.000) 11/16 14:44:51 Image size of job updated: 442824
	347  -  MemoryUsage of job (MB)
	355080  -  ResidentSetSize of job (KB)
...
005 (163792.014.000) 11/16 14:48:54 Job terminated.
	(1) Normal termination (return value 0)
		Usr 0 00:13:38, Sys 0 00:00:20  -  Run Remote Usage
		Usr 0 00:00:00, Sys 0 00:00:00  -  Run Local Usage
		Usr 0 00:13:38, Sys 0 00:00:20  -  Total Remote Usage
		Usr 0 00:00:00, Sys 0 00:00:00  -  Total Local Usage
	0  -  Run Bytes Sent By Job
	0  -  Run Bytes Received By Job
	0  -  Total Bytes Sent By Job
	0  -  Total Bytes Received By Job
	Partitionable Resources :    Usage  Request Allocated 
	   Cpus                 :     0.69        1         1 
	   Disk (KB)            :   750         750   7037864 
	   Memory (MB)          :   347        1500      1536 
	   Xferslots            :                           0 
...
000 (180469.014.000) 11/16 16:27:52 Job submitted from host: <130.199.48.9:9618?addrs=130.199.48.9-9618&noUDP&sock=12723_c4b4_3>
...
009 (180469.014.000) 11/16 17:38:29 Job was aborted by the user.
	via condor_rm (by user jeff)
...
000 (180470.014.000) 11/16 17:38:34 Job submitted from host: <130.199.48.9:9618?addrs=130.199.48.9-9618&noUDP&sock=12723_c4b4_3>
...
009 (180470.014.000) 11/16 17:40:13 Job was aborted by the user.
	via condor_rm (by user jeff)
...
000 (464514.014.000) 11/16 17:41:01 Job submitted from host: <130.199.48.7:9618?addrs=130.199.48.7-9618&noUDP&sock=14234_fb15_3>
...
001 (464514.014.000) 11/16 17:42:58 Job executing on host: <130.199.157.5:9618?addrs=130.199.157.5-9618&noUDP&sock=118115_0182_3>
...
006 (464514.014.000) 11/16 17:43:06 Image size of job updated: 79344
	72  -  MemoryUsage of job (MB)
	73200  -  ResidentSetSize of job (KB)
...
006 (464514.014.000) 11/16 17:48:06 Image size of job updated: 289936
	277  -  MemoryUsage of job (MB)
	283492  -  ResidentSetSize of job (KB)
...
006 (464514.014.000) 11/16 17:53:07 Image size of job updated: 339656
	332  -  MemoryUsage of job (MB)
	339620  -  ResidentSetSize of job (KB)
...
006 (464514.014.000) 11/16 17:58:07 Image size of job updated: 383088
	375  -  MemoryUsage of job (MB)
	383052  -  ResidentSetSize of job (KB)
...
006 (464514.014.000) 11/16 18:03:07 Image size of job updated: 383504
	375  -  MemoryUsage of job (MB)
	383468  -  ResidentSetSize of job (KB)
...
006 (464514.014.000) 11/16 18:08:08 Image size of job updated: 440872
	431  -  MemoryUsage of job (MB)
	440836  -  ResidentSetSize of job (KB)
...
005 (464514.014.000) 11/16 18:11:52 Job terminated.
	(1) Normal termination (return value 0)
		Usr 0 00:12:04, Sys 0 00:00:24  -  Run Remote Usage
		Usr 0 00:00:00, Sys 0 00:00:00  -  Run Local Usage
		Usr 0 00:12:04, Sys 0 00:00:24  -  Total Remote Usage
		Usr 0 00:00:00, Sys 0 00:00:00  -  Total Local Usage
	0  -  Run Bytes Sent By Job
	0  -  Run Bytes Received By Job
	0  -  Total Bytes Sent By Job
	0  -  Total Bytes Received By Job
	Partitionable Resources :    Usage  Request Allocated 
	   Cpus                 :     0.62        1         1 
	   Disk (KB)            :   750         750   6743395 
	   Memory (MB)          :   431        1500      1536 
	   Xferslots            :                           0 
...
000 (180471.014.000) 11/17 12:09:35 Job submitted from host: <130.199.48.9:9618?addrs=130.199.48.9-9618&noUDP&sock=12723_c4b4_3>
...
009 (180471.014.000) 11/17 12:09:48 Job was aborted by the user.
	via condor_rm (by user jeff)
...
000 (180472.014.000) 11/17 12:11:28 Job submitted from host: <130.199.48.9:9618?addrs=130.199.48.9-9618&noUDP&sock=12723_c4b4_3>
...
001 (180472.014.000) 11/17 12:12:08 Job executing on host: <130.199.200.98:9618?addrs=130.199.200.98-9618&noUDP&sock=24289_42e8_3>
...
006 (180472.014.000) 11/17 12:12:17 Image size of job updated: 302268
	210  -  MemoryUsage of job (MB)
	214464  -  ResidentSetSize of job (KB)
...
006 (180472.014.000) 11/17 12:17:17 Image size of job updated: 471456
	375  -  MemoryUsage of job (MB)
	383116  -  ResidentSetSize of job (KB)
...
006 (180472.014.000) 11/17 12:22:17 Image size of job updated: 471872
	375  -  MemoryUsage of job (MB)
	383532  -  ResidentSetSize of job (KB)
...
006 (180472.014.000) 11/17 12:23:24 Image size of job updated: 472364
	375  -  MemoryUsage of job (MB)
	383532  -  ResidentSetSize of job (KB)
...
005 (180472.014.000) 11/17 12:23:25 Job terminated.
	(1) Normal termination (return value 0)
		Usr 0 00:08:29, Sys 0 00:00:12  -  Run Remote Usage
		Usr 0 00:00:00, Sys 0 00:00:00  -  Run Local Usage
		Usr 0 00:08:29, Sys 0 00:00:12  -  Total Remote Usage
		Usr 0 00:00:00, Sys 0 00:00:00  -  Total Local Usage
	0  -  Run Bytes Sent By Job
	0  -  Run Bytes Received By Job
	0  -  Total Bytes Sent By Job
	0  -  Total Bytes Received By Job
	Partitionable Resources :    Usage  Request Allocated 
	   Cpus                 :     0.76        1         1 
	   Disk (KB)            :   750         750   5091738 
	   Memory (MB)          :   375        1500      1536 
	   Xferslots            :                           0 
...
000 (180473.014.000) 11/17 12:43:16 Job submitted from host: <130.199.48.9:9618?addrs=130.199.48.9-9618&noUDP&sock=12723_c4b4_3>
...
001 (180473.014.000) 11/17 12:43:44 Job executing on host: <130.199.157.4:9618?addrs=130.199.157.4-9618&noUDP&sock=118028_78b3_3>
...
006 (180473.014.000) 11/17 12:43:53 Image size of job updated: 159628
	72  -  MemoryUsage of job (MB)
	73196  -  ResidentSetSize of job (KB)
...
006 (180473.014.000) 11/17 12:48:54 Image size of job updated: 422916
	327  -  MemoryUsage of job (MB)
	334584  -  ResidentSetSize of job (KB)
...
006 (180473.014.000) 11/17 12:53:54 Image size of job updated: 471372
	375  -  MemoryUsage of job (MB)
	383032  -  ResidentSetSize of job (KB)
...
006 (180473.014.000) 11/17 12:58:54 Image size of job updated: 471888
	375  -  MemoryUsage of job (MB)
	383548  -  ResidentSetSize of job (KB)
...
006 (180473.014.000) 11/17 13:03:23 Image size of job updated: 529352
	375  -  MemoryUsage of job (MB)
	383548  -  ResidentSetSize of job (KB)
...
004 (180473.014.000) 11/17 13:03:23 Job was evicted.
	(0) Job was not checkpointed.
		Usr 0 00:10:42, Sys 0 00:00:18  -  Run Remote Usage
		Usr 0 00:00:00, Sys 0 00:00:00  -  Run Local Usage
	0  -  Run Bytes Sent By Job
	0  -  Run Bytes Received By Job
	Partitionable Resources :    Usage  Request Allocated 
	   Cpus                 :     0.54        1         1 
	   Disk (KB)            :   750         750   6743395 
	   Memory (MB)          :   375        1500      1536 
	   Xferslots            :                           0 
...
009 (180473.014.000) 11/17 13:03:23 Job was aborted by the user.
	via condor_rm (by user jeff)
...
000 (273103.014.000) 11/20 08:43:51 Job submitted from host: <130.199.48.8:9618?addrs=130.199.48.8-9618&noUDP&sock=14204_7c76_3>
...
001 (273103.014.000) 11/20 08:44:24 Job executing on host: <130.199.158.206:9618?addrs=130.199.158.206-9618&noUDP&sock=25029_7646_3>
...
006 (273103.014.000) 11/20 08:44:26 Image size of job updated: 750
	0  -  MemoryUsage of job (MB)
	0  -  ResidentSetSize of job (KB)
...
005 (273103.014.000) 11/20 08:44:27 Job terminated.
	(1) Normal termination (return value 127)
		Usr 0 00:00:00, Sys 0 00:00:00  -  Run Remote Usage
		Usr 0 00:00:00, Sys 0 00:00:00  -  Run Local Usage
		Usr 0 00:00:00, Sys 0 00:00:00  -  Total Remote Usage
		Usr 0 00:00:00, Sys 0 00:00:00  -  Total Local Usage
	0  -  Run Bytes Sent By Job
	0  -  Run Bytes Received By Job
	0  -  Total Bytes Sent By Job
	0  -  Total Bytes Received By Job
	Partitionable Resources :    Usage  Request Allocated 
	   Cpus                 :        0        1         1 
	   Disk (KB)            :      750      750   7037864 
	   Memory (MB)          :        0     1500      1536 
	   Xferslots            :                           0 
...
000 (273104.014.000) 11/20 08:45:01 Job submitted from host: <130.199.48.8:9618?addrs=130.199.48.8-9618&noUDP&sock=14204_7c76_3>
...
001 (273104.014.000) 11/20 08:45:31 Job executing on host: <130.199.158.162:9618?addrs=130.199.158.162-9618&noUDP&sock=24486_9bff_3>
...
006 (273104.014.000) 11/20 08:45:40 Image size of job updated: 138180
	58  -  MemoryUsage of job (MB)
	58396  -  ResidentSetSize of job (KB)
...
006 (273104.014.000) 11/20 08:50:41 Image size of job updated: 384180
	290  -  MemoryUsage of job (MB)
	296248  -  ResidentSetSize of job (KB)
...
006 (273104.014.000) 11/20 08:55:42 Image size of job updated: 386584
	292  -  MemoryUsage of job (MB)
	298652  -  ResidentSetSize of job (KB)
...
006 (273104.014.000) 11/20 09:00:42 Image size of job updated: 429168
	333  -  MemoryUsage of job (MB)
	340760  -  ResidentSetSize of job (KB)
...
006 (273104.014.000) 11/20 09:05:43 Image size of job updated: 430168
	334  -  MemoryUsage of job (MB)
	341760  -  ResidentSetSize of job (KB)
...
005 (273104.014.000) 11/20 09:06:27 Job terminated.
	(0) Abnormal termination (signal 6)
	(0) No core file
		Usr 0 00:12:40, Sys 0 00:00:16  -  Run Remote Usage
		Usr 0 00:00:00, Sys 0 00:00:00  -  Run Local Usage
		Usr 0 00:12:40, Sys 0 00:00:16  -  Total Remote Usage
		Usr 0 00:00:00, Sys 0 00:00:00  -  Total Local Usage
	0  -  Run Bytes Sent By Job
	0  -  Run Bytes Received By Job
	0  -  Total Bytes Sent By Job
	0  -  Total Bytes Received By Job
	Partitionable Resources :    Usage  Request Allocated 
	   Cpus                 :     0.56        1         1 
	   Disk (KB)            :   750         750   7037864 
	   Memory (MB)          :   334        1500      1536 
	   Xferslots            :                           0 
...
000 (273105.014.000) 11/20 09:33:59 Job submitted from host: <130.199.48.8:9618?addrs=130.199.48.8-9618&noUDP&sock=14204_7c76_3>
...
001 (273105.014.000) 11/20 09:34:48 Job executing on host: <130.199.158.164:9618?addrs=130.199.158.164-9618&noUDP&sock=24460_6175_3>
...
006 (273105.014.000) 11/20 09:34:56 Image size of job updated: 156852
	69  -  MemoryUsage of job (MB)
	70380  -  ResidentSetSize of job (KB)
...
006 (273105.014.000) 11/20 09:39:56 Image size of job updated: 346076
	253  -  MemoryUsage of job (MB)
	258224  -  ResidentSetSize of job (KB)
...
006 (273105.014.000) 11/20 09:44:57 Image size of job updated: 346336
	253  -  MemoryUsage of job (MB)
	258484  -  ResidentSetSize of job (KB)
...
006 (273105.014.000) 11/20 09:49:57 Image size of job updated: 403780
	309  -  MemoryUsage of job (MB)
	315928  -  ResidentSetSize of job (KB)
...
006 (273105.014.000) 11/20 09:56:35 Image size of job updated: 745552
	309  -  MemoryUsage of job (MB)
	315928  -  ResidentSetSize of job (KB)
...
005 (273105.014.000) 11/20 09:56:35 Job terminated.
	(0) Abnormal termination (signal 6)
	(0) No core file
		Usr 0 00:13:13, Sys 0 00:00:18  -  Run Remote Usage
		Usr 0 00:00:00, Sys 0 00:00:00  -  Run Local Usage
		Usr 0 00:13:13, Sys 0 00:00:18  -  Total Remote Usage
		Usr 0 00:00:00, Sys 0 00:00:00  -  Total Local Usage
	0  -  Run Bytes Sent By Job
	0  -  Run Bytes Received By Job
	0  -  Total Bytes Sent By Job
	0  -  Total Bytes Received By Job
	Partitionable Resources :    Usage  Request Allocated 
	   Cpus                 :     0.36        1         1 
	   Disk (KB)            :   750         750   7037864 
	   Memory (MB)          :   309        1500      1536 
	   Xferslots            :                           0 
...
