000 (163792.016.000) 11/16 14:23:59 Job submitted from host: <130.199.48.9:9618?addrs=130.199.48.9-9618&noUDP&sock=12723_c4b4_3>
...
001 (163792.016.000) 11/16 14:24:41 Job executing on host: <130.199.158.162:9618?addrs=130.199.158.162-9618&noUDP&sock=24486_9bff_3>
...
006 (163792.016.000) 11/16 14:24:50 Image size of job updated: 67044
	38  -  MemoryUsage of job (MB)
	37936  -  ResidentSetSize of job (KB)
...
006 (163792.016.000) 11/16 14:29:50 Image size of job updated: 371168
	277  -  MemoryUsage of job (MB)
	283424  -  ResidentSetSize of job (KB)
...
006 (163792.016.000) 11/16 14:34:50 Image size of job updated: 377724
	368  -  MemoryUsage of job (MB)
	376564  -  ResidentSetSize of job (KB)
...
006 (163792.016.000) 11/16 14:39:51 Image size of job updated: 378940
	369  -  MemoryUsage of job (MB)
	377684  -  ResidentSetSize of job (KB)
...
006 (163792.016.000) 11/16 14:49:52 Image size of job updated: 378952
	369  -  MemoryUsage of job (MB)
	377696  -  ResidentSetSize of job (KB)
...
006 (163792.016.000) 11/16 14:54:53 Image size of job updated: 378964
	369  -  MemoryUsage of job (MB)
	377708  -  ResidentSetSize of job (KB)
...
006 (163792.016.000) 11/16 14:56:17 Image size of job updated: 378968
	369  -  MemoryUsage of job (MB)
	377708  -  ResidentSetSize of job (KB)
...
005 (163792.016.000) 11/16 14:56:17 Job terminated.
	(1) Normal termination (return value 0)
		Usr 0 00:18:20, Sys 0 00:00:27  -  Run Remote Usage
		Usr 0 00:00:00, Sys 0 00:00:00  -  Run Local Usage
		Usr 0 00:18:20, Sys 0 00:00:27  -  Total Remote Usage
		Usr 0 00:00:00, Sys 0 00:00:00  -  Total Local Usage
	0  -  Run Bytes Sent By Job
	0  -  Run Bytes Received By Job
	0  -  Total Bytes Sent By Job
	0  -  Total Bytes Received By Job
	Partitionable Resources :    Usage  Request Allocated 
	   Cpus                 :     0.66        1         1 
	   Disk (KB)            :   750         750   7037864 
	   Memory (MB)          :   369        1500      1536 
	   Xferslots            :                           0 
...
000 (180469.016.000) 11/16 16:27:52 Job submitted from host: <130.199.48.9:9618?addrs=130.199.48.9-9618&noUDP&sock=12723_c4b4_3>
...
009 (180469.016.000) 11/16 17:38:29 Job was aborted by the user.
	via condor_rm (by user jeff)
...
000 (180470.016.000) 11/16 17:38:34 Job submitted from host: <130.199.48.9:9618?addrs=130.199.48.9-9618&noUDP&sock=12723_c4b4_3>
...
009 (180470.016.000) 11/16 17:40:13 Job was aborted by the user.
	via condor_rm (by user jeff)
...
000 (464514.016.000) 11/16 17:41:01 Job submitted from host: <130.199.48.7:9618?addrs=130.199.48.7-9618&noUDP&sock=14234_fb15_3>
...
001 (464514.016.000) 11/16 17:43:00 Job executing on host: <130.199.157.5:9618?addrs=130.199.157.5-9618&noUDP&sock=118115_0182_3>
...
006 (464514.016.000) 11/16 17:43:08 Image size of job updated: 114368
	71  -  MemoryUsage of job (MB)
	72380  -  ResidentSetSize of job (KB)
...
006 (464514.016.000) 11/16 17:48:08 Image size of job updated: 409540
	359  -  MemoryUsage of job (MB)
	366984  -  ResidentSetSize of job (KB)
...
006 (464514.016.000) 11/16 17:53:09 Image size of job updated: 409540
	363  -  MemoryUsage of job (MB)
	371536  -  ResidentSetSize of job (KB)
...
006 (464514.016.000) 11/16 17:58:10 Image size of job updated: 409540
	364  -  MemoryUsage of job (MB)
	372280  -  ResidentSetSize of job (KB)
...
006 (464514.016.000) 11/16 18:03:10 Image size of job updated: 409540
	365  -  MemoryUsage of job (MB)
	373076  -  ResidentSetSize of job (KB)
...
006 (464514.016.000) 11/16 18:08:11 Image size of job updated: 409540
	365  -  MemoryUsage of job (MB)
	373520  -  ResidentSetSize of job (KB)
...
006 (464514.016.000) 11/16 18:13:12 Image size of job updated: 409540
	366  -  MemoryUsage of job (MB)
	373796  -  ResidentSetSize of job (KB)
...
006 (464514.016.000) 11/16 18:18:12 Image size of job updated: 409540
	366  -  MemoryUsage of job (MB)
	374292  -  ResidentSetSize of job (KB)
...
005 (464514.016.000) 11/16 18:21:48 Job terminated.
	(1) Normal termination (return value 0)
		Usr 0 00:20:18, Sys 0 00:00:29  -  Run Remote Usage
		Usr 0 00:00:00, Sys 0 00:00:00  -  Run Local Usage
		Usr 0 00:20:18, Sys 0 00:00:29  -  Total Remote Usage
		Usr 0 00:00:00, Sys 0 00:00:00  -  Total Local Usage
	0  -  Run Bytes Sent By Job
	0  -  Run Bytes Received By Job
	0  -  Total Bytes Sent By Job
	0  -  Total Bytes Received By Job
	Partitionable Resources :    Usage  Request Allocated 
	   Cpus                 :     0.86        1         1 
	   Disk (KB)            :   750         750   6743395 
	   Memory (MB)          :   366        1500      1536 
	   Xferslots            :                           0 
...
000 (180471.016.000) 11/17 12:09:35 Job submitted from host: <130.199.48.9:9618?addrs=130.199.48.9-9618&noUDP&sock=12723_c4b4_3>
...
009 (180471.016.000) 11/17 12:09:48 Job was aborted by the user.
	via condor_rm (by user jeff)
...
000 (180472.016.000) 11/17 12:11:28 Job submitted from host: <130.199.48.9:9618?addrs=130.199.48.9-9618&noUDP&sock=12723_c4b4_3>
...
001 (180472.016.000) 11/17 12:12:10 Job executing on host: <130.199.156.234:9618?addrs=130.199.156.234-9618&noUDP&sock=36647_698f_3>
...
006 (180472.016.000) 11/17 12:12:19 Image size of job updated: 158820
	71  -  MemoryUsage of job (MB)
	72388  -  ResidentSetSize of job (KB)
...
006 (180472.016.000) 11/17 12:17:20 Image size of job updated: 460920
	364  -  MemoryUsage of job (MB)
	372580  -  ResidentSetSize of job (KB)
...
006 (180472.016.000) 11/17 12:22:21 Image size of job updated: 461684
	365  -  MemoryUsage of job (MB)
	373344  -  ResidentSetSize of job (KB)
...
006 (180472.016.000) 11/17 12:27:21 Image size of job updated: 462076
	365  -  MemoryUsage of job (MB)
	373736  -  ResidentSetSize of job (KB)
...
006 (180472.016.000) 11/17 12:32:21 Image size of job updated: 462532
	366  -  MemoryUsage of job (MB)
	374192  -  ResidentSetSize of job (KB)
...
006 (180472.016.000) 11/17 12:37:22 Image size of job updated: 462644
	366  -  MemoryUsage of job (MB)
	374304  -  ResidentSetSize of job (KB)
...
006 (180472.016.000) 11/17 12:42:22 Image size of job updated: 463144
	367  -  MemoryUsage of job (MB)
	374876  -  ResidentSetSize of job (KB)
...
004 (180472.016.000) 11/17 12:43:12 Job was evicted.
	(0) Job was not checkpointed.
		Usr 0 00:20:21, Sys 0 00:00:23  -  Run Remote Usage
		Usr 0 00:00:00, Sys 0 00:00:00  -  Run Local Usage
	0  -  Run Bytes Sent By Job
	0  -  Run Bytes Received By Job
	Partitionable Resources :    Usage  Request Allocated 
	   Cpus                 :     0.75        1         1 
	   Disk (KB)            :   750         750   6743395 
	   Memory (MB)          :   367        1500      1536 
	   Xferslots            :                           0 
...
009 (180472.016.000) 11/17 12:43:12 Job was aborted by the user.
	via condor_rm (by user jeff)
...
000 (180473.016.000) 11/17 12:43:16 Job submitted from host: <130.199.48.9:9618?addrs=130.199.48.9-9618&noUDP&sock=12723_c4b4_3>
...
001 (180473.016.000) 11/17 12:43:44 Job executing on host: <130.199.202.113:9618?addrs=130.199.202.113-9618&noUDP&sock=31957_1628_3>
...
006 (180473.016.000) 11/17 12:43:53 Image size of job updated: 158812
	71  -  MemoryUsage of job (MB)
	72380  -  ResidentSetSize of job (KB)
...
006 (180473.016.000) 11/17 12:48:54 Image size of job updated: 461780
	365  -  MemoryUsage of job (MB)
	373440  -  ResidentSetSize of job (KB)
...
006 (180473.016.000) 11/17 12:53:55 Image size of job updated: 462392
	366  -  MemoryUsage of job (MB)
	374052  -  ResidentSetSize of job (KB)
...
006 (180473.016.000) 11/17 12:58:55 Image size of job updated: 462860
	366  -  MemoryUsage of job (MB)
	374520  -  ResidentSetSize of job (KB)
...
006 (180473.016.000) 11/17 13:03:22 Image size of job updated: 463628
	366  -  MemoryUsage of job (MB)
	374520  -  ResidentSetSize of job (KB)
...
004 (180473.016.000) 11/17 13:03:23 Job was evicted.
	(0) Job was not checkpointed.
		Usr 0 00:16:09, Sys 0 00:00:22  -  Run Remote Usage
		Usr 0 00:00:00, Sys 0 00:00:00  -  Run Local Usage
	0  -  Run Bytes Sent By Job
	0  -  Run Bytes Received By Job
	Partitionable Resources :    Usage  Request Allocated 
	   Cpus                 :     0.88        1         1 
	   Disk (KB)            :   750         750   4811702 
	   Memory (MB)          :   366        1500      1536 
	   Xferslots            :                           0 
...
009 (180473.016.000) 11/17 13:03:23 Job was aborted by the user.
	via condor_rm (by user jeff)
...
000 (273103.016.000) 11/20 08:43:51 Job submitted from host: <130.199.48.8:9618?addrs=130.199.48.8-9618&noUDP&sock=14204_7c76_3>
...
001 (273103.016.000) 11/20 08:44:24 Job executing on host: <130.199.158.184:9618?addrs=130.199.158.184-9618&noUDP&sock=24453_2a50_3>
...
006 (273103.016.000) 11/20 08:44:26 Image size of job updated: 750
	0  -  MemoryUsage of job (MB)
	0  -  ResidentSetSize of job (KB)
...
005 (273103.016.000) 11/20 08:44:26 Job terminated.
	(1) Normal termination (return value 127)
		Usr 0 00:00:00, Sys 0 00:00:00  -  Run Remote Usage
		Usr 0 00:00:00, Sys 0 00:00:00  -  Run Local Usage
		Usr 0 00:00:00, Sys 0 00:00:00  -  Total Remote Usage
		Usr 0 00:00:00, Sys 0 00:00:00  -  Total Local Usage
	0  -  Run Bytes Sent By Job
	0  -  Run Bytes Received By Job
	0  -  Total Bytes Sent By Job
	0  -  Total Bytes Received By Job
	Partitionable Resources :    Usage  Request Allocated 
	   Cpus                 :        0        1         1 
	   Disk (KB)            :      750      750   7037864 
	   Memory (MB)          :        0     1500      1536 
	   Xferslots            :                           0 
...
000 (273104.016.000) 11/20 08:45:01 Job submitted from host: <130.199.48.8:9618?addrs=130.199.48.8-9618&noUDP&sock=14204_7c76_3>
...
001 (273104.016.000) 11/20 08:45:31 Job executing on host: <130.199.158.186:9618?addrs=130.199.158.186-9618&noUDP&sock=24502_ac55_3>
...
006 (273104.016.000) 11/20 08:45:40 Image size of job updated: 156424
	69  -  MemoryUsage of job (MB)
	70156  -  ResidentSetSize of job (KB)
...
006 (273104.016.000) 11/20 08:50:41 Image size of job updated: 460968
	364  -  MemoryUsage of job (MB)
	372552  -  ResidentSetSize of job (KB)
...
006 (273104.016.000) 11/20 08:55:41 Image size of job updated: 461844
	365  -  MemoryUsage of job (MB)
	373428  -  ResidentSetSize of job (KB)
...
006 (273104.016.000) 11/20 09:00:41 Image size of job updated: 462252
	366  -  MemoryUsage of job (MB)
	373836  -  ResidentSetSize of job (KB)
...
006 (273104.016.000) 11/20 09:05:42 Image size of job updated: 462512
	366  -  MemoryUsage of job (MB)
	374096  -  ResidentSetSize of job (KB)
...
006 (273104.016.000) 11/20 09:10:42 Image size of job updated: 462680
	366  -  MemoryUsage of job (MB)
	374264  -  ResidentSetSize of job (KB)
...
006 (273104.016.000) 11/20 09:14:29 Image size of job updated: 462732
	366  -  MemoryUsage of job (MB)
	374264  -  ResidentSetSize of job (KB)
...
005 (273104.016.000) 11/20 09:14:29 Job terminated.
	(0) Abnormal termination (signal 6)
	(0) No core file
		Usr 0 00:17:55, Sys 0 00:00:28  -  Run Remote Usage
		Usr 0 00:00:00, Sys 0 00:00:00  -  Run Local Usage
		Usr 0 00:17:55, Sys 0 00:00:28  -  Total Remote Usage
		Usr 0 00:00:00, Sys 0 00:00:00  -  Total Local Usage
	0  -  Run Bytes Sent By Job
	0  -  Run Bytes Received By Job
	0  -  Total Bytes Sent By Job
	0  -  Total Bytes Received By Job
	Partitionable Resources :    Usage  Request Allocated 
	   Cpus                 :     0.72        1         1 
	   Disk (KB)            :   750         750   7037864 
	   Memory (MB)          :   366        1500      1536 
	   Xferslots            :                           0 
...
000 (273105.016.000) 11/20 09:33:59 Job submitted from host: <130.199.48.8:9618?addrs=130.199.48.8-9618&noUDP&sock=14204_7c76_3>
...
001 (273105.016.000) 11/20 09:34:49 Job executing on host: <130.199.158.202:9618?addrs=130.199.158.202-9618&noUDP&sock=24294_d803_3>
...
006 (273105.016.000) 11/20 09:34:58 Image size of job updated: 87244
	47  -  MemoryUsage of job (MB)
	47668  -  ResidentSetSize of job (KB)
...
006 (273105.016.000) 11/20 09:39:59 Image size of job updated: 373716
	280  -  MemoryUsage of job (MB)
	285868  -  ResidentSetSize of job (KB)
...
006 (273105.016.000) 11/20 09:44:59 Image size of job updated: 373792
	280  -  MemoryUsage of job (MB)
	285944  -  ResidentSetSize of job (KB)
...
006 (273105.016.000) 11/20 09:49:59 Image size of job updated: 375136
	281  -  MemoryUsage of job (MB)
	287288  -  ResidentSetSize of job (KB)
...
006 (273105.016.000) 11/20 10:03:45 Image size of job updated: 732408
	281  -  MemoryUsage of job (MB)
	287652  -  ResidentSetSize of job (KB)
...
005 (273105.016.000) 11/20 10:03:45 Job terminated.
	(0) Abnormal termination (signal 6)
	(0) No core file
		Usr 0 00:18:08, Sys 0 00:00:23  -  Run Remote Usage
		Usr 0 00:00:00, Sys 0 00:00:00  -  Run Local Usage
		Usr 0 00:18:08, Sys 0 00:00:23  -  Total Remote Usage
		Usr 0 00:00:00, Sys 0 00:00:00  -  Total Local Usage
	0  -  Run Bytes Sent By Job
	0  -  Run Bytes Received By Job
	0  -  Total Bytes Sent By Job
	0  -  Total Bytes Received By Job
	Partitionable Resources :    Usage  Request Allocated 
	   Cpus                 :     0.72        1         1 
	   Disk (KB)            :   750         750   7037864 
	   Memory (MB)          :   281        1500      1536 
	   Xferslots            :                           0 
...
