000 (163792.017.000) 11/16 14:23:59 Job submitted from host: <130.199.48.9:9618?addrs=130.199.48.9-9618&noUDP&sock=12723_c4b4_3>
...
001 (163792.017.000) 11/16 14:24:42 Job executing on host: <130.199.158.209:9618?addrs=130.199.158.209-9618&noUDP&sock=26096_276f_3>
...
006 (163792.017.000) 11/16 14:24:50 Image size of job updated: 77780
	43  -  MemoryUsage of job (MB)
	43828  -  ResidentSetSize of job (KB)
...
006 (163792.017.000) 11/16 14:29:50 Image size of job updated: 372688
	279  -  MemoryUsage of job (MB)
	284944  -  ResidentSetSize of job (KB)
...
006 (163792.017.000) 11/16 14:39:51 Image size of job updated: 386124
	292  -  MemoryUsage of job (MB)
	298380  -  ResidentSetSize of job (KB)
...
006 (163792.017.000) 11/16 14:44:52 Image size of job updated: 387440
	293  -  MemoryUsage of job (MB)
	299696  -  ResidentSetSize of job (KB)
...
006 (163792.017.000) 11/16 14:49:51 Image size of job updated: 389820
	295  -  MemoryUsage of job (MB)
	302076  -  ResidentSetSize of job (KB)
...
006 (163792.017.000) 11/16 14:54:52 Image size of job updated: 489620
	392  -  MemoryUsage of job (MB)
	401392  -  ResidentSetSize of job (KB)
...
005 (163792.017.000) 11/16 15:17:09 Job terminated.
	(1) Normal termination (return value 0)
		Usr 0 00:32:41, Sys 0 00:00:50  -  Run Remote Usage
		Usr 0 00:00:00, Sys 0 00:00:00  -  Run Local Usage
		Usr 0 00:32:41, Sys 0 00:00:50  -  Total Remote Usage
		Usr 0 00:00:00, Sys 0 00:00:00  -  Total Local Usage
	0  -  Run Bytes Sent By Job
	0  -  Run Bytes Received By Job
	0  -  Total Bytes Sent By Job
	0  -  Total Bytes Received By Job
	Partitionable Resources :    Usage  Request Allocated 
	   Cpus                 :     0.64        1         1 
	   Disk (KB)            :   750         750   7037864 
	   Memory (MB)          :   392        1500      1536 
	   Xferslots            :                           0 
...
000 (180469.017.000) 11/16 16:27:52 Job submitted from host: <130.199.48.9:9618?addrs=130.199.48.9-9618&noUDP&sock=12723_c4b4_3>
...
009 (180469.017.000) 11/16 17:38:29 Job was aborted by the user.
	via condor_rm (by user jeff)
...
000 (180470.017.000) 11/16 17:38:34 Job submitted from host: <130.199.48.9:9618?addrs=130.199.48.9-9618&noUDP&sock=12723_c4b4_3>
...
009 (180470.017.000) 11/16 17:40:13 Job was aborted by the user.
	via condor_rm (by user jeff)
...
000 (464514.017.000) 11/16 17:41:01 Job submitted from host: <130.199.48.7:9618?addrs=130.199.48.7-9618&noUDP&sock=14234_fb15_3>
...
001 (464514.017.000) 11/16 17:43:03 Job executing on host: <130.199.157.7:9618?addrs=130.199.157.7-9618&noUDP&sock=36738_3673_3>
...
006 (464514.017.000) 11/16 17:43:12 Image size of job updated: 161216
	74  -  MemoryUsage of job (MB)
	74968  -  ResidentSetSize of job (KB)
...
006 (464514.017.000) 11/16 17:48:13 Image size of job updated: 427320
	332  -  MemoryUsage of job (MB)
	339272  -  ResidentSetSize of job (KB)
...
006 (464514.017.000) 11/16 17:53:13 Image size of job updated: 427320
	366  -  MemoryUsage of job (MB)
	374288  -  ResidentSetSize of job (KB)
...
006 (464514.017.000) 11/16 17:58:13 Image size of job updated: 427320
	379  -  MemoryUsage of job (MB)
	387124  -  ResidentSetSize of job (KB)
...
006 (464514.017.000) 11/16 18:13:15 Image size of job updated: 440472
	430  -  MemoryUsage of job (MB)
	440136  -  ResidentSetSize of job (KB)
...
005 (464514.017.000) 11/16 18:33:28 Job terminated.
	(0) Abnormal termination (signal 11)
	(0) No core file
		Usr 0 00:32:27, Sys 0 00:00:41  -  Run Remote Usage
		Usr 0 00:00:00, Sys 0 00:00:00  -  Run Local Usage
		Usr 0 00:32:27, Sys 0 00:00:41  -  Total Remote Usage
		Usr 0 00:00:00, Sys 0 00:00:00  -  Total Local Usage
	0  -  Run Bytes Sent By Job
	0  -  Run Bytes Received By Job
	0  -  Total Bytes Sent By Job
	0  -  Total Bytes Received By Job
	Partitionable Resources :    Usage  Request Allocated 
	   Cpus                 :     0.64        1         1 
	   Disk (KB)            :   750         750   6743395 
	   Memory (MB)          :   430        1500      1536 
	   Xferslots            :                           0 
...
000 (180471.017.000) 11/17 12:09:35 Job submitted from host: <130.199.48.9:9618?addrs=130.199.48.9-9618&noUDP&sock=12723_c4b4_3>
...
009 (180471.017.000) 11/17 12:09:48 Job was aborted by the user.
	via condor_rm (by user jeff)
...
000 (180472.017.000) 11/17 12:11:28 Job submitted from host: <130.199.48.9:9618?addrs=130.199.48.9-9618&noUDP&sock=12723_c4b4_3>
...
001 (180472.017.000) 11/17 12:12:11 Job executing on host: <130.199.157.150:9618?addrs=130.199.157.150-9618&noUDP&sock=215371_4d57_3>
...
006 (180472.017.000) 11/17 12:12:20 Image size of job updated: 160428
	73  -  MemoryUsage of job (MB)
	74032  -  ResidentSetSize of job (KB)
...
006 (180472.017.000) 11/17 12:17:21 Image size of job updated: 461308
	365  -  MemoryUsage of job (MB)
	372968  -  ResidentSetSize of job (KB)
...
006 (180472.017.000) 11/17 12:22:21 Image size of job updated: 475088
	378  -  MemoryUsage of job (MB)
	386748  -  ResidentSetSize of job (KB)
...
006 (180472.017.000) 11/17 12:32:22 Image size of job updated: 528684
	431  -  MemoryUsage of job (MB)
	440344  -  ResidentSetSize of job (KB)
...
006 (180472.017.000) 11/17 12:43:12 Image size of job updated: 816900
	431  -  MemoryUsage of job (MB)
	440344  -  ResidentSetSize of job (KB)
...
004 (180472.017.000) 11/17 12:43:13 Job was evicted.
	(0) Job was not checkpointed.
		Usr 0 00:14:26, Sys 0 00:00:21  -  Run Remote Usage
		Usr 0 00:00:00, Sys 0 00:00:00  -  Run Local Usage
	0  -  Run Bytes Sent By Job
	0  -  Run Bytes Received By Job
	Partitionable Resources :    Usage  Request Allocated 
	   Cpus                 :     0.52        1         1 
	   Disk (KB)            :   750         750  14337878 
	   Memory (MB)          :   431        1500      1536 
	   Xferslots            :                           0 
...
009 (180472.017.000) 11/17 12:43:14 Job was aborted by the user.
	via condor_rm (by user jeff)
...
000 (180473.017.000) 11/17 12:43:16 Job submitted from host: <130.199.48.9:9618?addrs=130.199.48.9-9618&noUDP&sock=12723_c4b4_3>
...
001 (180473.017.000) 11/17 12:43:42 Job executing on host: <130.199.200.110:9618?addrs=130.199.200.110-9618&noUDP&sock=23671_ac12_3>
...
006 (180473.017.000) 11/17 12:43:51 Image size of job updated: 161384
	74  -  MemoryUsage of job (MB)
	74952  -  ResidentSetSize of job (KB)
...
006 (180473.017.000) 11/17 12:48:51 Image size of job updated: 462372
	366  -  MemoryUsage of job (MB)
	374032  -  ResidentSetSize of job (KB)
...
006 (180473.017.000) 11/17 12:53:51 Image size of job updated: 475436
	379  -  MemoryUsage of job (MB)
	387096  -  ResidentSetSize of job (KB)
...
004 (180473.017.000) 11/17 13:03:22 Job was evicted.
	(0) Job was not checkpointed.
		Usr 0 00:14:59, Sys 0 00:00:25  -  Run Remote Usage
		Usr 0 00:00:00, Sys 0 00:00:00  -  Run Local Usage
	0  -  Run Bytes Sent By Job
	0  -  Run Bytes Received By Job
	Partitionable Resources :    Usage  Request Allocated 
	   Cpus                 :     0.89        1         1 
	   Disk (KB)            :   750         750   5106357 
	   Memory (MB)          :   379        1500      1536 
	   Xferslots            :                           0 
...
009 (180473.017.000) 11/17 13:03:22 Job was aborted by the user.
	via condor_rm (by user jeff)
...
000 (273103.017.000) 11/20 08:43:51 Job submitted from host: <130.199.48.8:9618?addrs=130.199.48.8-9618&noUDP&sock=14204_7c76_3>
...
001 (273103.017.000) 11/20 08:44:24 Job executing on host: <130.199.158.188:9618?addrs=130.199.158.188-9618&noUDP&sock=25889_a423_3>
...
006 (273103.017.000) 11/20 08:44:26 Image size of job updated: 750
	0  -  MemoryUsage of job (MB)
	0  -  ResidentSetSize of job (KB)
...
005 (273103.017.000) 11/20 08:44:26 Job terminated.
	(1) Normal termination (return value 127)
		Usr 0 00:00:00, Sys 0 00:00:00  -  Run Remote Usage
		Usr 0 00:00:00, Sys 0 00:00:00  -  Run Local Usage
		Usr 0 00:00:00, Sys 0 00:00:00  -  Total Remote Usage
		Usr 0 00:00:00, Sys 0 00:00:00  -  Total Local Usage
	0  -  Run Bytes Sent By Job
	0  -  Run Bytes Received By Job
	0  -  Total Bytes Sent By Job
	0  -  Total Bytes Received By Job
	Partitionable Resources :    Usage  Request Allocated 
	   Cpus                 :        0        1         1 
	   Disk (KB)            :      750      750   7037864 
	   Memory (MB)          :        0     1500      1536 
	   Xferslots            :                           0 
...
000 (273104.017.000) 11/20 08:45:01 Job submitted from host: <130.199.48.8:9618?addrs=130.199.48.8-9618&noUDP&sock=14204_7c76_3>
...
001 (273104.017.000) 11/20 08:45:31 Job executing on host: <130.199.158.176:9618?addrs=130.199.158.176-9618&noUDP&sock=26186_a34e_3>
...
006 (273104.017.000) 11/20 08:45:40 Image size of job updated: 150596
	68  -  MemoryUsage of job (MB)
	68800  -  ResidentSetSize of job (KB)
...
006 (273104.017.000) 11/20 08:50:41 Image size of job updated: 380912
	287  -  MemoryUsage of job (MB)
	292980  -  ResidentSetSize of job (KB)
...
006 (273104.017.000) 11/20 08:55:41 Image size of job updated: 423568
	328  -  MemoryUsage of job (MB)
	335160  -  ResidentSetSize of job (KB)
...
006 (273104.017.000) 11/20 09:00:41 Image size of job updated: 475588
	379  -  MemoryUsage of job (MB)
	387172  -  ResidentSetSize of job (KB)
...
006 (273104.017.000) 11/20 09:05:42 Image size of job updated: 475652
	379  -  MemoryUsage of job (MB)
	387236  -  ResidentSetSize of job (KB)
...
006 (273104.017.000) 11/20 09:15:42 Image size of job updated: 527792
	430  -  MemoryUsage of job (MB)
	439376  -  ResidentSetSize of job (KB)
...
000 (273105.017.000) 11/20 09:33:59 Job submitted from host: <130.199.48.8:9618?addrs=130.199.48.8-9618&noUDP&sock=14204_7c76_3>
...
001 (273105.017.000) 11/20 09:34:48 Job executing on host: <130.199.158.239:9618?addrs=130.199.158.239-9618&noUDP&sock=26635_bda1_3>
...
006 (273105.017.000) 11/20 09:34:57 Image size of job updated: 141124
	66  -  MemoryUsage of job (MB)
	66836  -  ResidentSetSize of job (KB)
...
005 (273104.017.000) 11/20 09:37:28 Job terminated.
	(0) Abnormal termination (signal 6)
	(0) No core file
		Usr 0 00:33:08, Sys 0 00:00:49  -  Run Remote Usage
		Usr 0 00:00:00, Sys 0 00:00:00  -  Run Local Usage
		Usr 0 00:33:08, Sys 0 00:00:49  -  Total Remote Usage
		Usr 0 00:00:00, Sys 0 00:00:00  -  Total Local Usage
	0  -  Run Bytes Sent By Job
	0  -  Run Bytes Received By Job
	0  -  Total Bytes Sent By Job
	0  -  Total Bytes Received By Job
	Partitionable Resources :    Usage  Request Allocated 
	   Cpus                 :     0.68        1         1 
	   Disk (KB)            :   750         750   7037864 
	   Memory (MB)          :   430        1500      1536 
	   Xferslots            :                           0 
...
006 (273105.017.000) 11/20 09:39:58 Image size of job updated: 373036
	279  -  MemoryUsage of job (MB)
	285188  -  ResidentSetSize of job (KB)
...
006 (273105.017.000) 11/20 09:44:58 Image size of job updated: 385200
	291  -  MemoryUsage of job (MB)
	297352  -  ResidentSetSize of job (KB)
...
006 (273105.017.000) 11/20 09:54:59 Image size of job updated: 386792
	292  -  MemoryUsage of job (MB)
	298944  -  ResidentSetSize of job (KB)
...
006 (273105.017.000) 11/20 10:10:01 Image size of job updated: 427236
	332  -  MemoryUsage of job (MB)
	339388  -  ResidentSetSize of job (KB)
...
005 (273105.017.000) 11/20 10:20:53 Job terminated.
	(0) Abnormal termination (signal 6)
	(0) No core file
		Usr 0 00:29:20, Sys 0 00:00:48  -  Run Remote Usage
		Usr 0 00:00:00, Sys 0 00:00:00  -  Run Local Usage
		Usr 0 00:29:20, Sys 0 00:00:48  -  Total Remote Usage
		Usr 0 00:00:00, Sys 0 00:00:00  -  Total Local Usage
	0  -  Run Bytes Sent By Job
	0  -  Run Bytes Received By Job
	0  -  Total Bytes Sent By Job
	0  -  Total Bytes Received By Job
	Partitionable Resources :    Usage  Request Allocated 
	   Cpus                 :     0.67        1         1 
	   Disk (KB)            :   750         750   7037864 
	   Memory (MB)          :   332        1500      1536 
	   Xferslots            :                           0 
...
