000 (163792.018.000) 11/16 14:23:59 Job submitted from host: <130.199.48.9:9618?addrs=130.199.48.9-9618&noUDP&sock=12723_c4b4_3>
...
001 (163792.018.000) 11/16 14:24:43 Job executing on host: <130.199.158.245:9618?addrs=130.199.158.245-9618&noUDP&sock=26597_b6d7_3>
...
006 (163792.018.000) 11/16 14:24:51 Image size of job updated: 82796
	46  -  MemoryUsage of job (MB)
	46220  -  ResidentSetSize of job (KB)
...
006 (163792.018.000) 11/16 14:29:51 Image size of job updated: 344964
	252  -  MemoryUsage of job (MB)
	257220  -  ResidentSetSize of job (KB)
...
006 (163792.018.000) 11/16 14:34:52 Image size of job updated: 371496
	278  -  MemoryUsage of job (MB)
	283752  -  ResidentSetSize of job (KB)
...
006 (163792.018.000) 11/16 14:39:53 Image size of job updated: 374084
	280  -  MemoryUsage of job (MB)
	286340  -  ResidentSetSize of job (KB)
...
006 (163792.018.000) 11/16 14:44:54 Image size of job updated: 376868
	283  -  MemoryUsage of job (MB)
	289124  -  ResidentSetSize of job (KB)
...
006 (163792.018.000) 11/16 14:59:55 Image size of job updated: 376868
	283  -  MemoryUsage of job (MB)
	289460  -  ResidentSetSize of job (KB)
...
005 (163792.018.000) 11/16 15:04:00 Job terminated.
	(1) Normal termination (return value 0)
		Usr 0 00:16:52, Sys 0 00:00:26  -  Run Remote Usage
		Usr 0 00:00:00, Sys 0 00:00:00  -  Run Local Usage
		Usr 0 00:16:52, Sys 0 00:00:26  -  Total Remote Usage
		Usr 0 00:00:00, Sys 0 00:00:00  -  Total Local Usage
	0  -  Run Bytes Sent By Job
	0  -  Run Bytes Received By Job
	0  -  Total Bytes Sent By Job
	0  -  Total Bytes Received By Job
	Partitionable Resources :    Usage  Request Allocated 
	   Cpus                 :     0.18        1         1 
	   Disk (KB)            :   750         750   7037864 
	   Memory (MB)          :   283        1500      1536 
	   Xferslots            :                           0 
...
000 (180469.018.000) 11/16 16:27:52 Job submitted from host: <130.199.48.9:9618?addrs=130.199.48.9-9618&noUDP&sock=12723_c4b4_3>
...
009 (180469.018.000) 11/16 17:38:29 Job was aborted by the user.
	via condor_rm (by user jeff)
...
000 (180470.018.000) 11/16 17:38:34 Job submitted from host: <130.199.48.9:9618?addrs=130.199.48.9-9618&noUDP&sock=12723_c4b4_3>
...
009 (180470.018.000) 11/16 17:40:13 Job was aborted by the user.
	via condor_rm (by user jeff)
...
000 (464514.018.000) 11/16 17:41:01 Job submitted from host: <130.199.48.7:9618?addrs=130.199.48.7-9618&noUDP&sock=14234_fb15_3>
...
001 (464514.018.000) 11/16 17:43:35 Job executing on host: <130.199.157.14:9618?addrs=130.199.157.14-9618&noUDP&sock=36747_0fa3_3>
...
006 (464514.018.000) 11/16 17:43:43 Image size of job updated: 156384
	69  -  MemoryUsage of job (MB)
	70432  -  ResidentSetSize of job (KB)
...
006 (464514.018.000) 11/16 17:48:43 Image size of job updated: 312616
	222  -  MemoryUsage of job (MB)
	226568  -  ResidentSetSize of job (KB)
...
006 (464514.018.000) 11/16 17:53:44 Image size of job updated: 364648
	272  -  MemoryUsage of job (MB)
	278168  -  ResidentSetSize of job (KB)
...
006 (464514.018.000) 11/16 17:58:45 Image size of job updated: 413724
	320  -  MemoryUsage of job (MB)
	327236  -  ResidentSetSize of job (KB)
...
006 (464514.018.000) 11/16 18:03:45 Image size of job updated: 457444
	363  -  MemoryUsage of job (MB)
	370956  -  ResidentSetSize of job (KB)
...
006 (464514.018.000) 11/16 18:08:45 Image size of job updated: 457640
	363  -  MemoryUsage of job (MB)
	371152  -  ResidentSetSize of job (KB)
...
006 (464514.018.000) 11/16 18:13:46 Image size of job updated: 457640
	363  -  MemoryUsage of job (MB)
	371228  -  ResidentSetSize of job (KB)
...
006 (464514.018.000) 11/16 18:18:47 Image size of job updated: 457640
	365  -  MemoryUsage of job (MB)
	373292  -  ResidentSetSize of job (KB)
...
006 (464514.018.000) 11/16 18:35:49 Image size of job updated: 815400
	365  -  MemoryUsage of job (MB)
	373292  -  ResidentSetSize of job (KB)
...
005 (464514.018.000) 11/16 18:35:49 Job terminated.
	(0) Abnormal termination (signal 11)
	(0) No core file
		Usr 0 00:17:18, Sys 0 00:00:26  -  Run Remote Usage
		Usr 0 00:00:00, Sys 0 00:00:00  -  Run Local Usage
		Usr 0 00:17:18, Sys 0 00:00:26  -  Total Remote Usage
		Usr 0 00:00:00, Sys 0 00:00:00  -  Total Local Usage
	0  -  Run Bytes Sent By Job
	0  -  Run Bytes Received By Job
	0  -  Total Bytes Sent By Job
	0  -  Total Bytes Received By Job
	Partitionable Resources :    Usage  Request Allocated 
	   Cpus                 :     0.59        1         1 
	   Disk (KB)            :   750         750   6743395 
	   Memory (MB)          :   365        1500      1536 
	   Xferslots            :                           0 
...
000 (180471.018.000) 11/17 12:09:35 Job submitted from host: <130.199.48.9:9618?addrs=130.199.48.9-9618&noUDP&sock=12723_c4b4_3>
...
009 (180471.018.000) 11/17 12:09:48 Job was aborted by the user.
	via condor_rm (by user jeff)
...
000 (180472.018.000) 11/17 12:11:28 Job submitted from host: <130.199.48.9:9618?addrs=130.199.48.9-9618&noUDP&sock=12723_c4b4_3>
...
001 (180472.018.000) 11/17 12:12:10 Job executing on host: <130.199.156.237:9618?addrs=130.199.156.237-9618&noUDP&sock=67482_4cf3_3>
...
006 (180472.018.000) 11/17 12:12:19 Image size of job updated: 160836
	73  -  MemoryUsage of job (MB)
	74404  -  ResidentSetSize of job (KB)
...
006 (180472.018.000) 11/17 12:17:20 Image size of job updated: 415496
	320  -  MemoryUsage of job (MB)
	327164  -  ResidentSetSize of job (KB)
...
006 (180472.018.000) 11/17 12:22:20 Image size of job updated: 459728
	363  -  MemoryUsage of job (MB)
	371388  -  ResidentSetSize of job (KB)
...
006 (180472.018.000) 11/17 12:27:20 Image size of job updated: 462108
	366  -  MemoryUsage of job (MB)
	373768  -  ResidentSetSize of job (KB)
...
005 (180472.018.000) 11/17 12:41:37 Job terminated.
	(1) Normal termination (return value 0)
		Usr 0 00:18:42, Sys 0 00:00:22  -  Run Remote Usage
		Usr 0 00:00:00, Sys 0 00:00:00  -  Run Local Usage
		Usr 0 00:18:42, Sys 0 00:00:22  -  Total Remote Usage
		Usr 0 00:00:00, Sys 0 00:00:00  -  Total Local Usage
	0  -  Run Bytes Sent By Job
	0  -  Run Bytes Received By Job
	0  -  Total Bytes Sent By Job
	0  -  Total Bytes Received By Job
	Partitionable Resources :    Usage  Request Allocated 
	   Cpus                 :     0.71        1         1 
	   Disk (KB)            :   750         750   6743384 
	   Memory (MB)          :   366        1500      1536 
	   Xferslots            :                           0 
...
000 (180473.018.000) 11/17 12:43:16 Job submitted from host: <130.199.48.9:9618?addrs=130.199.48.9-9618&noUDP&sock=12723_c4b4_3>
...
001 (180473.018.000) 11/17 12:43:42 Job executing on host: <130.199.200.90:9618?addrs=130.199.200.90-9618&noUDP&sock=18056_9875_3>
...
006 (180473.018.000) 11/17 12:43:51 Image size of job updated: 160828
	73  -  MemoryUsage of job (MB)
	74396  -  ResidentSetSize of job (KB)
...
006 (180473.018.000) 11/17 12:48:52 Image size of job updated: 416792
	321  -  MemoryUsage of job (MB)
	328460  -  ResidentSetSize of job (KB)
...
006 (180473.018.000) 11/17 12:53:52 Image size of job updated: 460980
	364  -  MemoryUsage of job (MB)
	372640  -  ResidentSetSize of job (KB)
...
004 (180473.018.000) 11/17 13:03:22 Job was evicted.
	(0) Job was not checkpointed.
		Usr 0 00:16:00, Sys 0 00:00:19  -  Run Remote Usage
		Usr 0 00:00:00, Sys 0 00:00:00  -  Run Local Usage
	0  -  Run Bytes Sent By Job
	0  -  Run Bytes Received By Job
	Partitionable Resources :    Usage  Request Allocated 
	   Cpus                 :     0.81        1         1 
	   Disk (KB)            :   750         750   3815072 
	   Memory (MB)          :   364        1500      1536 
	   Xferslots            :                           0 
...
009 (180473.018.000) 11/17 13:03:22 Job was aborted by the user.
	via condor_rm (by user jeff)
...
000 (273103.018.000) 11/20 08:43:51 Job submitted from host: <130.199.48.8:9618?addrs=130.199.48.8-9618&noUDP&sock=14204_7c76_3>
...
001 (273103.018.000) 11/20 08:44:24 Job executing on host: <130.199.158.168:9618?addrs=130.199.158.168-9618&noUDP&sock=24500_0a4a_3>
...
006 (273103.018.000) 11/20 08:44:27 Image size of job updated: 750
	0  -  MemoryUsage of job (MB)
	0  -  ResidentSetSize of job (KB)
...
005 (273103.018.000) 11/20 08:44:27 Job terminated.
	(1) Normal termination (return value 127)
		Usr 0 00:00:00, Sys 0 00:00:00  -  Run Remote Usage
		Usr 0 00:00:00, Sys 0 00:00:00  -  Run Local Usage
		Usr 0 00:00:00, Sys 0 00:00:00  -  Total Remote Usage
		Usr 0 00:00:00, Sys 0 00:00:00  -  Total Local Usage
	0  -  Run Bytes Sent By Job
	0  -  Run Bytes Received By Job
	0  -  Total Bytes Sent By Job
	0  -  Total Bytes Received By Job
	Partitionable Resources :    Usage  Request Allocated 
	   Cpus                 :        0        1         1 
	   Disk (KB)            :      750      750   7037864 
	   Memory (MB)          :        0     1500      1536 
	   Xferslots            :                           0 
...
000 (273104.018.000) 11/20 08:45:01 Job submitted from host: <130.199.48.8:9618?addrs=130.199.48.8-9618&noUDP&sock=14204_7c76_3>
...
001 (273104.018.000) 11/20 08:45:31 Job executing on host: <130.199.158.211:9618?addrs=130.199.158.211-9618&noUDP&sock=26693_18d5_3>
...
006 (273104.018.000) 11/20 08:45:40 Image size of job updated: 160932
	73  -  MemoryUsage of job (MB)
	74432  -  ResidentSetSize of job (KB)
...
006 (273104.018.000) 11/20 08:50:41 Image size of job updated: 371380
	277  -  MemoryUsage of job (MB)
	283448  -  ResidentSetSize of job (KB)
...
006 (273104.018.000) 11/20 08:55:41 Image size of job updated: 416048
	320  -  MemoryUsage of job (MB)
	327640  -  ResidentSetSize of job (KB)
...
006 (273104.018.000) 11/20 09:00:41 Image size of job updated: 420168
	324  -  MemoryUsage of job (MB)
	331760  -  ResidentSetSize of job (KB)
...
006 (273104.018.000) 11/20 09:05:42 Image size of job updated: 514664
	417  -  MemoryUsage of job (MB)
	426248  -  ResidentSetSize of job (KB)
...
005 (273104.018.000) 11/20 09:14:41 Job terminated.
	(0) Abnormal termination (signal 6)
	(0) No core file
		Usr 0 00:16:12, Sys 0 00:00:23  -  Run Remote Usage
		Usr 0 00:00:00, Sys 0 00:00:00  -  Run Local Usage
		Usr 0 00:16:12, Sys 0 00:00:23  -  Total Remote Usage
		Usr 0 00:00:00, Sys 0 00:00:00  -  Total Local Usage
	0  -  Run Bytes Sent By Job
	0  -  Run Bytes Received By Job
	0  -  Total Bytes Sent By Job
	0  -  Total Bytes Received By Job
	Partitionable Resources :    Usage  Request Allocated 
	   Cpus                 :     0.71        1         1 
	   Disk (KB)            :   750         750   7037864 
	   Memory (MB)          :   417        1500      1536 
	   Xferslots            :                           0 
...
000 (273105.018.000) 11/20 09:33:59 Job submitted from host: <130.199.48.8:9618?addrs=130.199.48.8-9618&noUDP&sock=14204_7c76_3>
...
001 (273105.018.000) 11/20 09:34:48 Job executing on host: <130.199.158.221:9618?addrs=130.199.158.221-9618&noUDP&sock=28258_6656_3>
...
006 (273105.018.000) 11/20 09:34:57 Image size of job updated: 157400
	70  -  MemoryUsage of job (MB)
	70928  -  ResidentSetSize of job (KB)
...
006 (273105.018.000) 11/20 09:39:58 Image size of job updated: 357400
	264  -  MemoryUsage of job (MB)
	269548  -  ResidentSetSize of job (KB)
...
006 (273105.018.000) 11/20 09:44:59 Image size of job updated: 364676
	271  -  MemoryUsage of job (MB)
	276824  -  ResidentSetSize of job (KB)
...
006 (273105.018.000) 11/20 09:49:59 Image size of job updated: 373248
	279  -  MemoryUsage of job (MB)
	285396  -  ResidentSetSize of job (KB)
...
006 (273105.018.000) 11/20 10:05:00 Image size of job updated: 430472
	335  -  MemoryUsage of job (MB)
	342620  -  ResidentSetSize of job (KB)
...
005 (273105.018.000) 11/20 10:05:30 Job terminated.
	(0) Abnormal termination (signal 6)
	(0) No core file
		Usr 0 00:18:05, Sys 0 00:00:21  -  Run Remote Usage
		Usr 0 00:00:00, Sys 0 00:00:00  -  Run Local Usage
		Usr 0 00:18:05, Sys 0 00:00:21  -  Total Remote Usage
		Usr 0 00:00:00, Sys 0 00:00:00  -  Total Local Usage
	0  -  Run Bytes Sent By Job
	0  -  Run Bytes Received By Job
	0  -  Total Bytes Sent By Job
	0  -  Total Bytes Received By Job
	Partitionable Resources :    Usage  Request Allocated 
	   Cpus                 :     0.71        1         1 
	   Disk (KB)            :   750         750   7037864 
	   Memory (MB)          :   335        1500      1536 
	   Xferslots            :                           0 
...
