*** Error in `condor_exec.exe': double free or corruption (fasttop): 0x0000000001223720 ***
======= Backtrace: =========
/usr/lib64/libc.so.6(+0x7c503)[0x2af632dd2503]
/usr/lib64/libc.so.6(__cxa_finalize+0x9a)[0x2af632d8edba]
/atlasgpfs01/usatlas/workarea/jeff/HadronYieldsAnalysis/lib/libJetHadronSkimmer.so(+0xa9a3)[0x2af631a799a3]
======= Memory map: ========
00400000-0040b000 r-xp 00000000 00:35 5086146                            /gpfs/mnt/atlasgpfs01/usatlas/workarea/jeff/HadronYieldsAnalysis/bin/run.exe
0060a000-0060b000 r--p 0000a000 00:35 5086146                            /gpfs/mnt/atlasgpfs01/usatlas/workarea/jeff/HadronYieldsAnalysis/bin/run.exe
0060b000-0060c000 rw-p 0000b000 00:35 5086146                            /gpfs/mnt/atlasgpfs01/usatlas/workarea/jeff/HadronYieldsAnalysis/bin/run.exe
0060c000-007dc000 rw-p 00000000 00:00 0 
01149000-14b39000 rw-p 00000000 00:00 0                                  [heap]
2af62c557000-2af62c577000 r-xp 00000000 fd:00 2754148                    /usr/lib64/ld-2.17.so
2af62c577000-2af62c5d8000 rw-p 00000000 00:00 0 
2af62c608000-2af62c6d7000 rw-p 00000000 00:00 0 
2af62c708000-2af62c759000 rw-p 00000000 00:00 0 
2af62c759000-2af62c766000 r--p 00000000 00:7a 5044                       /cvmfs/sft.cern.ch/lcg/releases/ROOT/v6.20.06-3f7fd/x86_64-centos7-gcc8-opt/lib/xlocale.h.pcm
2af62c766000-2af62c773000 r--p 00000000 00:7a 5506                       /cvmfs/sft.cern.ch/lcg/releases/ROOT/v6.20.06-3f7fd/x86_64-centos7-gcc8-opt/lib/_Builtin_stddef_max_align_t.pcm
2af62c777000-2af62c778000 r--p 00020000 fd:00 2754148                    /usr/lib64/ld-2.17.so
2af62c778000-2af62c779000 rw-p 00021000 fd:00 2754148                    /usr/lib64/ld-2.17.so
2af62c779000-2af62c77a000 rw-p 00000000 00:00 0 
2af62c77a000-2af62cbd9000 r-xp 00000000 00:7a 5253                       /cvmfs/sft.cern.ch/lcg/releases/ROOT/v6.20.06-3f7fd/x86_64-centos7-gcc8-opt/lib/libGui.so
2af62cbd9000-2af62cdd9000 ---p 0045f000 00:7a 5253                       /cvmfs/sft.cern.ch/lcg/releases/ROOT/v6.20.06-3f7fd/x86_64-centos7-gcc8-opt/lib/libGui.so
2af62cdd9000-2af62ce25000 r--p 0045f000 00:7a 5253                       /cvmfs/sft.cern.ch/lcg/releases/ROOT/v6.20.06-3f7fd/x86_64-centos7-gcc8-opt/lib/libGui.so
2af62ce25000-2af62ce2a000 rw-p 004ab000 00:7a 5253                       /cvmfs/sft.cern.ch/lcg/releases/ROOT/v6.20.06-3f7fd/x86_64-centos7-gcc8-opt/lib/libGui.so
2af62ce2a000-2af62ce3b000 rw-p 00000000 00:00 0 
2af62ce3b000-2af62d310000 r-xp 00000000 00:7a 5344                       /cvmfs/sft.cern.ch/lcg/releases/ROOT/v6.20.06-3f7fd/x86_64-centos7-gcc8-opt/lib/libCore.so
2af62d310000-2af62d50f000 ---p 004d5000 00:7a 5344                       /cvmfs/sft.cern.ch/lcg/releases/ROOT/v6.20.06-3f7fd/x86_64-centos7-gcc8-opt/lib/libCore.so
2af62d50f000-2af62d539000 r--p 004d4000 00:7a 5344                       /cvmfs/sft.cern.ch/lcg/releases/ROOT/v6.20.06-3f7fd/x86_64-centos7-gcc8-opt/lib/libCore.so
2af62d539000-2af62d53f000 rw-p 004fe000 00:7a 5344                       /cvmfs/sft.cern.ch/lcg/releases/ROOT/v6.20.06-3f7fd/x86_64-centos7-gcc8-opt/lib/libCore.so
2af62d53f000-2af62d573000 rw-p 00000000 00:00 0 
2af62d573000-2af62d581000 r-xp 00000000 00:7a 5293                       /cvmfs/sft.cern.ch/lcg/releases/ROOT/v6.20.06-3f7fd/x86_64-centos7-gcc8-opt/lib/libImt.so
2af62d581000-2af62d780000 ---p 0000e000 00:7a 5293                       /cvmfs/sft.cern.ch/lcg/releases/ROOT/v6.20.06-3f7fd/x86_64-centos7-gcc8-opt/lib/libImt.so
2af62d780000-2af62d781000 r--p 0000d000 00:7a 5293                       /cvmfs/sft.cern.ch/lcg/releases/ROOT/v6.20.06-3f7fd/x86_64-centos7-gcc8-opt/lib/libImt.so
2af62d781000-2af62d782000 rw-p 0000e000 00:7a 5293                       /cvmfs/sft.cern.ch/lcg/releases/ROOT/v6.20.06-3f7fd/x86_64-centos7-gcc8-opt/lib/libImt.so
2af62d782000-2af62db16000 r-xp 00000000 00:7a 6317                       /cvmfs/sft.cern.ch/lcg/releases/ROOT/v6.20.06-3f7fd/x86_64-centos7-gcc8-opt/lib/libRIO.so
2af62db16000-2af62dd16000 ---p 00394000 00:7a 6317                       /cvmfs/sft.cern.ch/lcg/releases/ROOT/v6.20.06-3f7fd/x86_64-centos7-gcc8-opt/lib/libRIO.so
2af62dd16000-2af62dd23000 r--p 00394000 00:7a 6317                       /cvmfs/sft.cern.ch/lcg/releases/ROOT/v6.20.06-3f7fd/x86_64-centos7-gcc8-opt/lib/libRIO.so
2af62dd23000-2af62dd26000 rw-p 003a1000 00:7a 6317                       /cvmfs/sft.cern.ch/lcg/releases/ROOT/v6.20.06-3f7fd/x86_64-centos7-gcc8-opt/lib/libRIO.so
2af62dd26000-2af62dd29000 rw-p 00000000 00:00 0 
2af62dd29000-2af62ddf4000 r-xp 00000000 00:7a 5545                       /cvmfs/sft.cern.ch/lcg/releases/ROOT/v6.20.06-3f7fd/x86_64-centos7-gcc8-opt/lib/libNet.so
2af62ddf4000-2af62dff3000 ---p 000cb000 00:7a 5545                       /cvmfs/sft.cern.ch/lcg/releases/ROOT/v6.20.06-3f7fd/x86_64-centos7-gcc8-opt/lib/libNet.so
2af62dff3000-2af62dfff000 r--p 000ca000 00:7a 5545                       /cvmfs/sft.cern.ch/lcg/releases/ROOT/v6.20.06-3f7fd/x86_64-centos7-gcc8-opt/lib/libNet.so
2af62dfff000-2af62e001000 rw-p 000d6000 00:7a 5545                       /cvmfs/sft.cern.ch/lcg/releases/ROOT/v6.20.06-3f7fd/x86_64-centos7-gcc8-opt/lib/libNet.so
2af62e001000-2af62e008000 rw-p 00000000 00:00 0 
2af62e008000-2af62e3c5000 r-xp 00000000 00:7a 5454                       /cvmfs/sft.cern.ch/lcg/releases/ROOT/v6.20.06-3f7fd/x86_64-centos7-gcc8-opt/lib/libHist.so
2af62e3c5000-2af62e5c4000 ---p 003bd000 00:7a 5454                       /cvmfs/sft.cern.ch/lcg/releases/ROOT/v6.20.06-3f7fd/x86_64-centos7-gcc8-opt/lib/libHist.so
2af62e5c4000-2af62e5ee000 r--p 003bc000 00:7a 5454                       /cvmfs/sft.cern.ch/lcg/releases/ROOT/v6.20.06-3f7fd/x86_64-centos7-gcc8-opt/lib/libHist.so
2af62e5ee000-2af62e5f2000 rw-p 003e6000 00:7a 5454                       /cvmfs/sft.cern.ch/lcg/releases/ROOT/v6.20.06-3f7fd/x86_64-centos7-gcc8-opt/lib/libHist.so
2af62e5f2000-2af62e5fd000 rw-p 00000000 00:00 0 
2af62e5fd000-2af62e747000 r-xp 00000000 00:7a 5062                       /cvmfs/sft.cern.ch/lcg/releases/ROOT/v6.20.06-3f7fd/x86_64-centos7-gcc8-opt/lib/libGraf.so
2af62e747000-2af62e946000 ---p 0014a000 00:7a 5062                       /cvmfs/sft.cern.ch/lcg/releases/ROOT/v6.20.06-3f7fd/x86_64-centos7-gcc8-opt/lib/libGraf.so
2af62e946000-2af62e954000 r--p 00149000 00:7a 5062                       /cvmfs/sft.cern.ch/lcg/releases/ROOT/v6.20.06-3f7fd/x86_64-centos7-gcc8-opt/lib/libGraf.so
2af62e954000-2af62e958000 rw-p 00157000 00:7a 5062                       /cvmfs/sft.cern.ch/lcg/releases/ROOT/v6.20.06-3f7fd/x86_64-centos7-gcc8-opt/lib/libGraf.so
2af62e958000-2af62e966000 rw-p 00000000 00:00 0 
2af62e966000-2af62ea05000 r-xp 00000000 00:7a 5416                       /cvmfs/sft.cern.ch/lcg/releases/ROOT/v6.20.06-3f7fd/x86_64-centos7-gcc8-opt/lib/libGraf3d.so
2af62ea05000-2af62ec04000 ---p 0009f000 00:7a 5416                       /cvmfs/sft.cern.ch/lcg/releases/ROOT/v6.20.06-3f7fd/x86_64-centos7-gcc8-opt/lib/libGraf3d.so
2af62ec04000-2af62ec0e000 r--p 0009e000 00:7a 5416                       /cvmfs/sft.cern.ch/lcg/releases/ROOT/v6.20.06-3f7fd/x86_64-centos7-gcc8-opt/lib/libGraf3d.so
2af62ec0e000-2af62ec0f000 rw-p 000a8000 00:7a 5416                       /cvmfs/sft.cern.ch/lcg/releases/ROOT/v6.20.06-3f7fd/x86_64-centos7-gcc8-opt/lib/libGraf3d.so
2af62ec0f000-2af62ec13000 rw-p 00000000 00:00 0 
2af62ec13000-2af62ecee000 r-xp 00000000 00:7a 5089                       /cvmfs/sft.cern.ch/lcg/releases/ROOT/v6.20.06-3f7fd/x86_64-centos7-gcc8-opt/lib/libGpad.so
2af62ecee000-2af62eeed000 ---p 000db000 00:7a 5089                       /cvmfs/sft.cern.ch/lcg/releases/ROOT/v6.20.06-3f7fd/x86_64-centos7-gcc8-opt/lib/libGpad.so
2af62eeed000-2af62eef7000 r--p 000da000 00:7a 5089                       /cvmfs/sft.cern.ch/lcg/releases/ROOT/v6.20.06-3f7fd/x86_64-centos7-gcc8-opt/lib/libGpad.so
2af62eef7000-2af62eef9000 rw-p 000e4000 00:7a 5089                       /cvmfs/sft.cern.ch/lcg/releases/ROOT/v6.20.06-3f7fd/x86_64-centos7-gcc8-opt/lib/libGpad.so
2af62eef9000-2af62eefa000 rw-p 00000000 00:00 0 
2af62eefa000-2af62efcf000 r-xp 00000000 00:7a 5012                       /cvmfs/sft.cern.ch/lcg/releases/ROOT/v6.20.06-3f7fd/x86_64-centos7-gcc8-opt/lib/libROOTVecOps.so
2af62efcf000-2af62f1ce000 ---p 000d5000 00:7a 5012                       /cvmfs/sft.cern.ch/lcg/releases/ROOT/v6.20.06-3f7fd/x86_64-centos7-gcc8-opt/lib/libROOTVecOps.so
2af62f1ce000-2af62f1d0000 r--p 000d4000 00:7a 5012                       /cvmfs/sft.cern.ch/lcg/releases/ROOT/v6.20.06-3f7fd/x86_64-centos7-gcc8-opt/lib/libROOTVecOps.so
2af62f1d0000-2af62f1d1000 rw-p 000d6000 00:7a 5012                       /cvmfs/sft.cern.ch/lcg/releases/ROOT/v6.20.06-3f7fd/x86_64-centos7-gcc8-opt/lib/libROOTVecOps.so
2af62f1d1000-2af62f1d3000 rw-p 00000000 00:00 0 
2af62f1d3000-2af62f33d000 r-xp 00000000 00:7a 5467                       /cvmfs/sft.cern.ch/lcg/releases/ROOT/v6.20.06-3f7fd/x86_64-centos7-gcc8-opt/lib/libTree.so
2af62f33d000-2af62f53c000 ---p 0016a000 00:7a 5467                       /cvmfs/sft.cern.ch/lcg/releases/ROOT/v6.20.06-3f7fd/x86_64-centos7-gcc8-opt/lib/libTree.so
2af62f53c000-2af62f54c000 r--p 00169000 00:7a 5467                       /cvmfs/sft.cern.ch/lcg/releases/ROOT/v6.20.06-3f7fd/x86_64-centos7-gcc8-opt/lib/libTree.so
2af62f54c000-2af62f54f000 rw-p 00179000 00:7a 5467                       /cvmfs/sft.cern.ch/lcg/releases/ROOT/v6.20.06-3f7fd/x86_64-centos7-gcc8-opt/lib/libTree.so
2af62f54f000-2af62f553000 rw-p 00000000 00:00 0 
2af62f553000-2af62f6c7000 r-xp 00000000 00:7a 5262                       /cvmfs/sft.cern.ch/lcg/releases/ROOT/v6.20.06-3f7fd/x86_64-centos7-gcc8-opt/lib/libTreePlayer.so
2af62f6c7000-2af62f8c6000 ---p 00174000 00:7a 5262                       /cvmfs/sft.cern.ch/lcg/releases/ROOT/v6.20.06-3f7fd/x86_64-centos7-gcc8-opt/lib/libTreePlayer.so
2af62f8c6000-2af62f8d1000 r--p 00173000 00:7a 5262                       /cvmfs/sft.cern.ch/lcg/releases/ROOT/v6.20.06-3f7fd/x86_64-centos7-gcc8-opt/lib/libTreePlayer.so
2af62f8d1000-2af62f8d3000 rw-p 0017e000 00:7a 5262                       /cvmfs/sft.cern.ch/lcg/releases/ROOT/v6.20.06-3f7fd/x86_64-centos7-gcc8-opt/lib/libTreePlayer.so
2af62f8d3000-2af62f8da000 rw-p 00000000 00:00 0 
2af62f8da000-2af62f901000 r-xp 00000000 00:7a 5074                       /cvmfs/sft.cern.ch/lcg/releases/ROOT/v6.20.06-3f7fd/x86_64-centos7-gcc8-opt/lib/libRint.so
2af62f901000-2af62fb00000 ---p 00027000 00:7a 5074                       /cvmfs/sft.cern.ch/lcg/releases/ROOT/v6.20.06-3f7fd/x86_64-centos7-gcc8-opt/lib/libRint.so
2af62fb00000-2af62fb02000 r--p 00026000 00:7a 5074                       /cvmfs/sft.cern.ch/lcg/releases/ROOT/v6.20.06-3f7fd/x86_64-centos7-gcc8-opt/lib/libRint.so
2af62fb02000-2af62fb03000 rw-p 00028000 00:7a 5074                       /cvmfs/sft.cern.ch/lcg/releases/ROOT/v6.20.06-3f7fd/x86_64-centos7-gcc8-opt/lib/libRint.so
2af62fb03000-2af62fb72000 r-xp 00000000 00:7a 5439                       /cvmfs/sft.cern.ch/lcg/releases/ROOT/v6.20.06-3f7fd/x86_64-centos7-gcc8-opt/lib/libPostscript.so
2af62fb72000-2af62fd72000 ---p 0006f000 00:7a 5439                       /cvmfs/sft.cern.ch/lcg/releases/ROOT/v6.20.06-3f7fd/x86_64-centos7-gcc8-opt/lib/libPostscript.so
2af62fd72000-2af62fd79000 r--p 0006f000 00:7a 5439                       /cvmfs/sft.cern.ch/lcg/releases/ROOT/v6.20.06-3f7fd/x86_64-centos7-gcc8-opt/lib/libPostscript.so
2af62fd79000-2af62fd7a000 rw-p 00076000 00:7a 5439                       /cvmfs/sft.cern.ch/lcg/releases/ROOT/v6.20.06-3f7fd/x86_64-centos7-gcc8-opt/lib/libPostscript.so
2af62fd7a000-2af62fd7b000 rw-p 00000000 00:00 0 
2af62fd7b000-2af62fee6000 r-xp 00000000 00:7a 5481                       /cvmfs/sft.cern.ch/lcg/releases/ROOT/v6.20.06-3f7fd/x86_64-centos7-gcc8-opt/lib/libMatrix.so
2af62fee6000-2af6300e5000 ---p 0016b000 00:7a 5481                       /cvmfs/sft.cern.ch/lcg/releases/ROOT/v6.20.06-3f7fd/x86_64-centos7-gcc8-opt/lib/libMatrix.so
2af6300e5000-2af6300ed000 r--p 0016a000 00:7a 5481                       /cvmfs/sft.cern.ch/lcg/releases/ROOT/v6.20.06-3f7fd/x86_64-centos7-gcc8-opt/lib/libMatrix.so
2af6300ed000-2af6300ef000 rw-p 00172000 00:7a 5481                       /cvmfs/sft.cern.ch/lcg/releases/ROOT/v6.20.06-3f7fd/x86_64-centos7-gcc8-opt/lib/libMatrix.so
2af6300ef000-2af6300f3000 rw-p 00000000 00:00 0 
2af6300f3000-2af63013b000 r-xp 00000000 00:7a 5097                       /cvmfs/sft.cern.ch/lcg/releases/ROOT/v6.20.06-3f7fd/x86_64-centos7-gcc8-opt/lib/libPhysics.so
2af63013b000-2af63033b000 ---p 00048000 00:7a 5097                       /cvmfs/sft.cern.ch/lcg/releases/ROOT/v6.20.06-3f7fd/x86_64-centos7-gcc8-opt/lib/libPhysics.so
2af63033b000-2af63033e000 r--p 00048000 00:7a 5097                       /cvmfs/sft.cern.ch/lcg/releases/ROOT/v6.20.06-3f7fd/x86_64-centos7-gcc8-opt/lib/libPhysics.so
2af63033e000-2af63033f000 rw-p 0004b000 00:7a 5097                       /cvmfs/sft.cern.ch/lcg/releases/ROOT/v6.20.06-3f7fd/x86_64-centos7-gcc8-opt/lib/libPhysics.so
2af63033f000-2af630340000 rw-p 00000000 00:00 0 
2af630340000-2af63053d000 r-xp 00000000 00:7a 4860                       /cvmfs/sft.cern.ch/lcg/releases/ROOT/v6.20.06-3f7fd/x86_64-centos7-gcc8-opt/lib/libMathCore.so
2af63053d000-2af63073d000 ---p 001fd000 00:7a 4860                       /cvmfs/sft.cern.ch/lcg/releases/ROOT/v6.20.06-3f7fd/x86_64-centos7-gcc8-opt/lib/libMathCore.so
2af63073d000-2af630747000 r--p 001fd000 00:7a 4860                       /cvmfs/sft.cern.ch/lcg/releases/ROOT/v6.20.06-3f7fd/x86_64-centos7-gcc8-opt/lib/libMathCore.so
2af630747000-2af63074a000 rw-p 00207000 00:7a 4860                       /cvmfs/sft.cern.ch/lcg/releases/ROOT/v6.20.06-3f7fd/x86_64-centos7-gcc8-opt/lib/libMathCore.so
2af63074a000-2af630753000 rw-p 00000000 00:00 0 
2af630753000-2af6307a2000 r-xp 00000000 00:7a 5100                       /cvmfs/sft.cern.ch/lcg/releases/ROOT/v6.20.06-3f7fd/x86_64-centos7-gcc8-opt/lib/libThread.so
2af6307a2000-2af6309a1000 ---p 0004f000 00:7a 5100                       /cvmfs/sft.cern.ch/lcg/releases/ROOT/v6.20.06-3f7fd/x86_64-centos7-gcc8-opt/lib/libThread.so
2af6309a1000-2af6309a5000 r--p 0004e000 00:7a 5100                       /cvmfs/sft.cern.ch/lcg/releases/ROOT/v6.20.06-3f7fd/x86_64-centos7-gcc8-opt/lib/libThread.so
2af6309a5000-2af6309a6000 rw-p 00052000 00:7a 5100                       /cvmfs/sft.cern.ch/lcg/releases/ROOT/v6.20.06-3f7fd/x86_64-centos7-gcc8-opt/lib/libThread.so
2af6309a6000-2af6309a8000 rw-p 00000000 00:00 0 
2af6309a8000-2af6309b4000 r-xp 00000000 00:7a 5320                       /cvmfs/sft.cern.ch/lcg/releases/ROOT/v6.20.06-3f7fd/x86_64-centos7-gcc8-opt/lib/libMultiProc.so
2af6309b4000-2af630bb3000 ---p 0000c000 00:7a 5320                       /cvmfs/sft.cern.ch/lcg/releases/ROOT/v6.20.06-3f7fd/x86_64-centos7-gcc8-opt/lib/libMultiProc.so
2af630bb3000-2af630bb4000 r--p 0000b000 00:7a 5320                       /cvmfs/sft.cern.ch/lcg/releases/ROOT/v6.20.06-3f7fd/x86_64-centos7-gcc8-opt/lib/libMultiProc.so
2af630bb4000-2af630bb5000 rw-p 0000c000 00:7a 5320                       /cvmfs/sft.cern.ch/lcg/releases/ROOT/v6.20.06-3f7fd/x86_64-centos7-gcc8-opt/lib/libMultiProc.so
2af630bb5000-2af630c67000 r-xp 00000000 00:7a 5105                       /cvmfs/sft.cern.ch/lcg/releases/ROOT/v6.20.06-3f7fd/x86_64-centos7-gcc8-opt/lib/libROOTDataFrame.so
2af630c67000-2af630e67000 ---p 000b2000 00:7a 5105                       /cvmfs/sft.cern.ch/lcg/releases/ROOT/v6.20.06-3f7fd/x86_64-centos7-gcc8-opt/lib/libROOTDataFrame.so
2af630e67000-2af630e6a000 r--p 000b2000 00:7a 5105                       /cvmfs/sft.cern.ch/lcg/releases/ROOT/v6.20.06-3f7fd/x86_64-centos7-gcc8-opt/lib/libROOTDataFrame.so
2af630e6a000-2af630e6c000 rw-p 000b5000 00:7a 5105                       /cvmfs/sft.cern.ch/lcg/releases/ROOT/v6.20.06-3f7fd/x86_64-centos7-gcc8-opt/lib/libROOTDataFrame.so
2af630e6c000-2af630e6f000 rw-p 00000000 00:00 0 
2af630e6f000-2af630e71000 r-xp 00000000 fd:00 2754161                    /usr/lib64/libdl-2.17.so
2af630e71000-2af631071000 ---p 00002000 fd:00 2754161                    /usr/lib64/libdl-2.17.so
2af631071000-2af631072000 r--p 00002000 fd:00 2754161                    /usr/lib64/libdl-2.17.so
2af631072000-2af631073000 rw-p 00003000 fd:00 2754161                    /usr/lib64/libdl-2.17.so
2af631073000-2af631082000 r-xp 00000000 00:79 3362007893                 /direct/usatlas+u/jeff/RootUtilities/lib/libUtilities.so
2af631082000-2af631281000 ---p 0000f000 00:79 3362007893                 /direct/usatlas+u/jeff/RootUtilities/lib/libUtilities.so
2af631281000-2af631282000 r--p 0000e000 00:79 3362007893                 /direct/usatlas+u/jeff/RootUtilities/lib/libUtilities.so
2af631282000-2af631283000 rw-p 0000f000 00:79 3362007893                 /direct/usatlas+u/jeff/RootUtilities/lib/libUtilities.so
2af631283000-2af63128b000 r-xp 00000000 00:35 56323298                   /gpfs/mnt/atlasgpfs01/usatlas/workarea/jeff/atlas-hi/lib/libAtlasUtils.so
2af63128b000-2af63148a000 ---p 00008000 00:35 56323298                   /gpfs/mnt/atlasgpfs01/usatlas/workarea/jeff/atlas-hi/lib/libAtlasUtils.so
2af63148a000-2af63148b000 r--p 00007000 00:35 56323298                   /gpfs/mnt/atlasgpfs01/usatlas/workarea/jeff/atlas-hi/lib/libAtlasUtils.so
2af63148b000-2af63148c000 rw-p 00008000 00:35 56323298                   /gpfs/mnt/atlasgpfs01/usatlas/workarea/jeff/atlas-hi/lib/libAtlasUtils.so
2af63148c000-2af63148e000 r-xp 00000000 00:35 56323256                   /gpfs/mnt/atlasgpfs01/usatlas/workarea/jeff/atlas-hi/lib/libAtlasStyle.so
2af63148e000-2af63168d000 ---p 00002000 00:35 56323256                   /gpfs/mnt/atlasgpfs01/usatlas/workarea/jeff/atlas-hi/lib/libAtlasStyle.so
2af63168d000-2af63168e000 r--p 00001000 00:35 56323256                   /gpfs/mnt/atlasgpfs01/usatlas/workarea/jeff/atlas-hi/lib/libAtlasStyle.so
2af63168e000-2af63168f000 rw-p 00002000 00:35 56323256                   /gpfs/mnt/atlasgpfs01/usatlas/workarea/jeff/atlas-hi/lib/libAtlasStyle.so
2af63168f000-2af63169e000 r-xp 00000000 00:35 5086140                    /gpfs/mnt/atlasgpfs01/usatlas/workarea/jeff/HadronYieldsAnalysis/lib/libLocalUtilities.so
2af63169e000-2af63189d000 ---p 0000f000 00:35 5086140                    /gpfs/mnt/atlasgpfs01/usatlas/workarea/jeff/HadronYieldsAnalysis/lib/libLocalUtilities.so
2af63189d000-2af63189e000 r--p 0000e000 00:35 5086140                    /gpfs/mnt/atlasgpfs01/usatlas/workarea/jeff/HadronYieldsAnalysis/lib/libLocalUtilities.so
2af63189e000-2af63189f000 rw-p 0000f000 00:35 5086140                    /gpfs/mnt/atlasgpfs01/usatlas/workarea/jeff/HadronYieldsAnalysis/lib/libLocalUtilities.so
2af63189f000-2af631a6f000 rw-p 00000000 00:00 0 
2af631a6f000-2af631a81000 r-xp 00000000 00:35 5086138                    /gpfs/mnt/atlasgpfs01/usatlas/workarea/jeff/HadronYieldsAnalysis/lib/libJetHadronSkimmer.so
2af631a81000-2af631c81000 ---p 00012000 00:35 5086138                    /gpfs/mnt/atlasgpfs01/usatlas/workarea/jeff/HadronYieldsAnalysis/lib/libJetHadronSkimmer.so
2af631c81000-2af631c82000 r--p 00012000 00:35 5086138                    /gpfs/mnt/atlasgpfs01/usatlas/workarea/jeff/HadronYieldsAnalysis/lib/libJetHadronSkimmer.so
2af631c82000-2af631c83000 rw-p 00013000 00:35 5086138                    /gpfs/mnt/atlasgpfs01/usatlas/workarea/jeff/HadronYieldsAnalysis/lib/libJetHadronSkimmer.so
2af631c83000-2af631eb7000 rw-p 00000000 00:00 0 
2af631eb7000-2af631ec5000 r-xp 00000000 00:35 5086141                    /gpfs/mnt/atlasgpfs01/usatlas/workarea/jeff/HadronYieldsAnalysis/lib/libZDCAnalysis.so
2af631ec5000-2af6320c5000 ---p 0000e000 00:35 5086141                    /gpfs/mnt/atlasgpfs01/usatlas/workarea/jeff/HadronYieldsAnalysis/lib/libZDCAnalysis.so
2af6320c5000-2af6320c6000 r--p 0000e000 00:35 5086141                    /gpfs/mnt/atlasgpfs01/usatlas/workarea/jeff/HadronYieldsAnalysis/lib/libZDCAnalysis.so
2af6320c6000-2af6320c7000 rw-p 0000f000 00:35 5086141                    /gpfs/mnt/atlasgpfs01/usatlas/workarea/jeff/HadronYieldsAnalysis/lib/libZDCAnalysis.so
2af6320c7000-2af632297000 rw-p 00000000 00:00 0 
2af632297000-2af632410000 r-xp 00000000 00:7a 368335                     /cvmfs/sft.cern.ch/lcg/releases/gcc/8.3.0-cebb0/x86_64-centos7/lib64/libstdc++.so.6.0.25
2af632410000-2af632610000 ---p 00179000 00:7a 368335                     /cvmfs/sft.cern.ch/lcg/releases/gcc/8.3.0-cebb0/x86_64-centos7/lib64/libstdc++.so.6.0.25
2af632610000-2af63261a000 r--p 00179000 00:7a 368335                     /cvmfs/sft.cern.ch/lcg/releases/gcc/8.3.0-cebb0/x86_64-centos7/lib64/libstdc++.so.6.0.25
2af63261a000-2af63261c000 rw-p 00183000 00:7a 368335                     /cvmfs/sft.cern.ch/lcg/releases/gcc/8.3.0-cebb0/x86_64-centos7/lib64/libstdc++.so.6.0.25
2af63261c000-2af632620000 rw-p 00000000 00:00 0 
2af632620000-2af632720000 r-xp 00000000 fd:00 2754163                    /usr/lib64/libm-2.17.so
2af632720000-2af632920000 ---p 00100000 fd:00 2754163                    /usr/lib64/libm-2.17.so
2af632920000-2af632921000 r--p 00100000 fd:00 2754163                    /usr/lib64/libm-2.17.so
2af632921000-2af632922000 rw-p 00101000 fd:00 2754163                    /usr/lib64/libm-2.17.so
2af632922000-2af632939000 r-xp 00000000 00:7a 368161                     /cvmfs/sft.cern.ch/lcg/releases/gcc/8.3.0-cebb0/x86_64-centos7/lib64/libgcc_s.so.1
2af632939000-2af632b38000 ---p 00017000 00:7a 368161                     /cvmfs/sft.cern.ch/lcg/releases/gcc/8.3.0-cebb0/x86_64-centos7/lib64/libgcc_s.so.1
2af632b38000-2af632b39000 r--p 00016000 00:7a 368161                     /cvmfs/sft.cern.ch/lcg/releases/gcc/8.3.0-cebb0/x86_64-centos7/lib64/libgcc_s.so.1
2af632b39000-2af632b3a000 rw-p 00017000 00:7a 368161                     /cvmfs/sft.cern.ch/lcg/releases/gcc/8.3.0-cebb0/x86_64-centos7/lib64/libgcc_s.so.1
2af632b3a000-2af632b51000 r-xp 00000000 fd:00 2754181                    /usr/lib64/libpthread-2.17.so
2af632b51000-2af632d50000 ---p 00017000 fd:00 2754181                    /usr/lib64/libpthread-2.17.so
2af632d50000-2af632d51000 r--p 00016000 fd:00 2754181                    /usr/lib64/libpthread-2.17.so
2af632d51000-2af632d52000 rw-p 00017000 fd:00 2754181                    /usr/lib64/libpthread-2.17.so
2af632d52000-2af632d56000 rw-p 00000000 00:00 0 
2af632d56000-2af632f0d000 r-xp 00000000 fd:00 2754155                    /usr/lib64/libc-2.17.so
2af632f0d000-2af63310c000 ---p 001b7000 fd:00 2754155                    /usr/lib64/libc-2.17.so
2af63310c000-2af633110000 r--p 001b6000 fd:00 2754155                    /usr/lib64/libc-2.17.so
2af633110000-2af633112000 rw-p 001ba000 fd:00 2754155                    /usr/lib64/libc-2.17.so
2af633112000-2af633117000 rw-p 00000000 00:00 0 
2af633117000-2af63313c000 r-xp 00000000 fd:00 2754397                    /usr/lib64/liblzma.so.5.2.2
2af63313c000-2af63333b000 ---p 00025000 fd:00 2754397                    /usr/lib64/liblzma.so.5.2.2
2af63333b000-2af63333c000 r--p 00024000 fd:00 2754397                    /usr/lib64/liblzma.so.5.2.2
2af63333c000-2af63333d000 rw-p 00025000 fd:00 2754397                    /usr/lib64/liblzma.so.5.2.2
2af63333d000-2af633356000 r-xp 00000000 00:7a 349771                     /cvmfs/sft.cern.ch/lcg/releases/zlib/1.2.11-da225/x86_64-centos7-gcc8-opt/lib/libz.so.1.2.11
2af633356000-2af633555000 ---p 00019000 00:7a 349771                     /cvmfs/sft.cern.ch/lcg/releases/zlib/1.2.11-da225/x86_64-centos7-gcc8-opt/lib/libz.so.1.2.11
2af633555000-2af633556000 r--p 00018000 00:7a 349771                     /cvmfs/sft.cern.ch/lcg/releases/zlib/1.2.11-da225/x86_64-centos7-gcc8-opt/lib/libz.so.1.2.11
2af633556000-2af633557000 rw-p 00019000 00:7a 349771                     /cvmfs/sft.cern.ch/lcg/releases/zlib/1.2.11-da225/x86_64-centos7-gcc8-opt/lib/libz.so.1.2.11
2af633557000-2af633595000 r-xp 00000000 00:7a 365369                     /cvmfs/sft.cern.ch/lcg/releases/tbb/2020_U1-bbcac/x86_64-centos7-gcc8-opt/lib/libtbb.so.2
2af633595000-2af633794000 ---p 0003e000 00:7a 365369                     /cvmfs/sft.cern.ch/lcg/releases/tbb/2020_U1-bbcac/x86_64-centos7-gcc8-opt/lib/libtbb.so.2
2af633794000-2af633796000 r--p 0003d000 00:7a 365369                     /cvmfs/sft.cern.ch/lcg/releases/tbb/2020_U1-bbcac/x86_64-centos7-gcc8-opt/lib/libtbb.so.2
2af633796000-2af633799000 rw-p 0003f000 00:7a 365369                     /cvmfs/sft.cern.ch/lcg/releases/tbb/2020_U1-bbcac/x86_64-centos7-gcc8-opt/lib/libtbb.so.2
2af633799000-2af63379b000 rw-p 00000000 00:00 0 
2af63379b000-2af633802000 r-xp 00000000 fd:00 2764200                    /usr/lib64/libssl.so.1.0.2k
2af633802000-2af633a01000 ---p 00067000 fd:00 2764200                    /usr/lib64/libssl.so.1.0.2k
2af633a01000-2af633a05000 r--p 00066000 fd:00 2764200                    /usr/lib64/libssl.so.1.0.2k
2af633a05000-2af633a0c000 rw-p 0006a000 fd:00 2764200                    /usr/lib64/libssl.so.1.0.2k
2af633a0c000-2af633c40000 r-xp 00000000 fd:00 2764198                    /usr/lib64/libcrypto.so.1.0.2k
2af633c40000-2af633e40000 ---p 00234000 fd:00 2764198                    /usr/lib64/libcrypto.so.1.0.2k
2af633e40000-2af633e5c000 r--p 00234000 fd:00 2764198                    /usr/lib64/libcrypto.so.1.0.2k
2af633e5c000-2af633e69000 rw-p 00250000 fd:00 2764198                    /usr/lib64/libcrypto.so.1.0.2k
2af633e69000-2af633e6d000 rw-p 00000000 00:00 0 
2af633e6d000-2af633f0d000 r-xp 00000000 fd:00 2754338                    /usr/lib64/libfreetype.so.6.10.0
2af633f0d000-2af63410c000 ---p 000a0000 fd:00 2754338                    /usr/lib64/libfreetype.so.6.10.0
2af63410c000-2af634112000 r--p 0009f000 fd:00 2754338                    /usr/lib64/libfreetype.so.6.10.0
2af634112000-2af634113000 rw-p 000a5000 fd:00 2754338                    /usr/lib64/libfreetype.so.6.10.0
2af634113000-2af63411e000 r-xp 00000000 00:7a 365197                     /cvmfs/sft.cern.ch/lcg/releases/vdt/0.4.3-992df/x86_64-centos7-gcc8-opt/lib/libvdt.so
2af63411e000-2af63431e000 ---p 0000b000 00:7a 365197                     /cvmfs/sft.cern.ch/lcg/releases/vdt/0.4.3-992df/x86_64-centos7-gcc8-opt/lib/libvdt.so
2af63431e000-2af63431f000 r--p 0000b000 00:7a 365197                     /cvmfs/sft.cern.ch/lcg/releases/vdt/0.4.3-992df/x86_64-centos7-gcc8-opt/lib/libvdt.so
2af63431f000-2af634320000 rw-p 0000c000 00:7a 365197                     /cvmfs/sft.cern.ch/lcg/releases/vdt/0.4.3-992df/x86_64-centos7-gcc8-opt/lib/libvdt.so
2af634320000-2af63437b000 r-xp 00000000 00:7a 5301                       /cvmfs/sft.cern.ch/lcg/releases/ROOT/v6.20.06-3f7fd/x86_64-centos7-gcc8-opt/lib/libROOTNTuple.so
2af63437b000-2af63457b000 ---p 0005b000 00:7a 5301                       /cvmfs/sft.cern.ch/lcg/releases/ROOT/v6.20.06-3f7fd/x86_64-centos7-gcc8-opt/lib/libROOTNTuple.so
2af63457b000-2af63457d000 r--p 0005b000 00:7a 5301                       /cvmfs/sft.cern.ch/lcg/releases/ROOT/v6.20.06-3f7fd/x86_64-centos7-gcc8-opt/lib/libROOTNTuple.so
2af63457d000-2af63457e000 rw-p 0005d000 00:7a 5301                       /cvmfs/sft.cern.ch/lcg/releases/ROOT/v6.20.06-3f7fd/x86_64-centos7-gcc8-opt/lib/libROOTNTuple.so
2af63457e000-2af63457f000 rw-p 00000000 00:00 0 
2af63457f000-2af634689000 r-xp 00000000 00:7a 67507                      /cvmfs/sft.cern.ch/lcg/releases/sqlite/3280000-472f2/x86_64-centos7-gcc8-opt/lib/libsqlite3.so.0.8.6
2af634689000-2af634888000 ---p 0010a000 00:7a 67507                      /cvmfs/sft.cern.ch/lcg/releases/sqlite/3280000-472f2/x86_64-centos7-gcc8-opt/lib/libsqlite3.so.0.8.6
2af634888000-2af63488b000 r--p 00109000 00:7a 67507                      /cvmfs/sft.cern.ch/lcg/releases/sqlite/3280000-472f2/x86_64-centos7-gcc8-opt/lib/libsqlite3.so.0.8.6
2af63488b000-2af63488e000 rw-p 0010c000 00:7a 67507                      /cvmfs/sft.cern.ch/lcg/releases/sqlite/3280000-472f2/x86_64-centos7-gcc8-opt/lib/libsqlite3.so.0.8.6
2af63488e000-2af63488f000 rw-p 00000000 00:00 0 
2af63488f000-2af634896000 r-xp 00000000 fd:00 2754185                    /usr/lib64/librt-2.17.so
2af634896000-2af634a95000 ---p 00007000 fd:00 2754185                    /usr/lib64/librt-2.17.so
2af634a95000-2af634a96000 r--p 00006000 fd:00 2754185                    /usr/lib64/librt-2.17.so
2af634a96000-2af634a97000 rw-p 00007000 fd:00 2754185                    /usr/lib64/librt-2.17.so
2af634a97000-2af634ae2000 r-xp 00000000 fd:00 2764176                    /usr/lib64/libgssapi_krb5.so.2.2
2af634ae2000-2af634ce2000 ---p 0004b000 fd:00 2764176                    /usr/lib64/libgssapi_krb5.so.2.2
2af634ce2000-2af634ce3000 r--p 0004b000 fd:00 2764176                    /usr/lib64/libgssapi_krb5.so.2.2
2af634ce3000-2af634ce5000 rw-p 0004c000 fd:00 2764176                    /usr/lib64/libgssapi_krb5.so.2.2
2af634ce5000-2af634dbb000 r-xp 00000000 fd:00 2764186                    /usr/lib64/libkrb5.so.3.3
2af634dbb000-2af634fbb000 ---p 000d6000 fd:00 2764186                    /usr/lib64/libkrb5.so.3.3
2af634fbb000-2af634fc9000 r--p 000d6000 fd:00 2764186                    /usr/lib64/libkrb5.so.3.3
2af634fc9000-2af634fcc000 rw-p 000e4000 fd:00 2764186                    /usr/lib64/libkrb5.so.3.3
2af634fcc000-2af634fcf000 r-xp 00000000 fd:00 2754340                    /usr/lib64/libcom_err.so.2.1
2af634fcf000-2af6351ce000 ---p 00003000 fd:00 2754340                    /usr/lib64/libcom_err.so.2.1
2af6351ce000-2af6351cf000 r--p 00002000 fd:00 2754340                    /usr/lib64/libcom_err.so.2.1
2af6351cf000-2af6351d0000 rw-p 00003000 fd:00 2754340                    /usr/lib64/libcom_err.so.2.1
2af6351d0000-2af6351ff000 r-xp 00000000 fd:00 2764180                    /usr/lib64/libk5crypto.so.3.1
2af6351ff000-2af6353fe000 ---p 0002f000 fd:00 2764180                    /usr/lib64/libk5crypto.so.3.1
2af6353fe000-2af635400000 r--p 0002e000 fd:00 2764180                    /usr/lib64/libk5crypto.so.3.1
2af635400000-2af635401000 rw-p 00030000 fd:00 2764180                    /usr/lib64/libk5crypto.so.3.1
2af635401000-2af635402000 rw-p 00000000 00:00 0 
2af635402000-2af63540f000 r-xp 00000000 fd:00 2764188                    /usr/lib64/libkrb5support.so.0.1
2af63540f000-2af63560f000 ---p 0000d000 fd:00 2764188                    /usr/lib64/libkrb5support.so.0.1
2af63560f000-2af635610000 r--p 0000d000 fd:00 2764188                    /usr/lib64/libkrb5support.so.0.1
2af635610000-2af635611000 rw-p 0000e000 fd:00 2764188                    /usr/lib64/libkrb5support.so.0.1
2af635611000-2af635614000 r-xp 00000000 fd:00 2754627                    /usr/lib64/libkeyutils.so.1.5
2af635614000-2af635813000 ---p 00003000 fd:00 2754627                    /usr/lib64/libkeyutils.so.1.5
2af635813000-2af635814000 r--p 00002000 fd:00 2754627                    /usr/lib64/libkeyutils.so.1.5
2af635814000-2af635815000 rw-p 00003000 fd:00 2754627                    /usr/lib64/libkeyutils.so.1.5
2af635815000-2af63582b000 r-xp 00000000 fd:00 2754183                    /usr/lib64/libresolv-2.17.so
2af63582b000-2af635a2b000 ---p 00016000 fd:00 2754183                    /usr/lib64/libresolv-2.17.so
2af635a2b000-2af635a2c000 r--p 00016000 fd:00 2754183                    /usr/lib64/libresolv-2.17.so
2af635a2c000-2af635a2d000 rw-p 00017000 fd:00 2754183                    /usr/lib64/libresolv-2.17.so
2af635a2d000-2af635a2f000 rw-p 00000000 00:00 0 
2af635a2f000-2af635a53000 r-xp 00000000 fd:00 2784441                    /usr/lib64/libselinux.so.1
2af635a53000-2af635c52000 ---p 00024000 fd:00 2784441                    /usr/lib64/libselinux.so.1
2af635c52000-2af635c53000 r--p 00023000 fd:00 2784441                    /usr/lib64/libselinux.so.1
2af635c53000-2af635c54000 rw-p 00024000 fd:00 2784441                    /usr/lib64/libselinux.so.1
2af635c54000-2af635c56000 rw-p 00000000 00:00 0 
2af635c56000-2af635cb6000 r-xp 00000000 fd:00 2754313                    /usr/lib64/libpcre.so.1.2.0
2af635cb6000-2af635eb5000 ---p 00060000 fd:00 2754313                    /usr/lib64/libpcre.so.1.2.0
2af635eb5000-2af635eb6000 r--p 0005f000 fd:00 2754313                    /usr/lib64/libpcre.so.1.2.0
2af635eb6000-2af635eb7000 rw-p 00060000 fd:00 2754313                    /usr/lib64/libpcre.so.1.2.0
2af635eb7000-2af6366b7000 rw-p 00000000 00:00 0 
2af6366b7000-2af6395a0000 r-xp 00000000 00:7a 5420                       /cvmfs/sft.cern.ch/lcg/releases/ROOT/v6.20.06-3f7fd/x86_64-centos7-gcc8-opt/lib/libCling.so
2af6395a0000-2af6397a0000 ---p 02ee9000 00:7a 5420                       /cvmfs/sft.cern.ch/lcg/releases/ROOT/v6.20.06-3f7fd/x86_64-centos7-gcc8-opt/lib/libCling.so
2af6397a0000-2af6399b2000 r--p 02ee9000 00:7a 5420                       /cvmfs/sft.cern.ch/lcg/releases/ROOT/v6.20.06-3f7fd/x86_64-centos7-gcc8-opt/lib/libCling.so
2af6399b2000-2af6399bd000 rw-p 030fb000 00:7a 5420                       /cvmfs/sft.cern.ch/lcg/releases/ROOT/v6.20.06-3f7fd/x86_64-centos7-gcc8-opt/lib/libCling.so
2af6399bd000-2af6399ea000 rw-p 00000000 00:00 0 
2af6399ea000-2af639a0f000 r-xp 00000000 fd:00 2754223                    /usr/lib64/libtinfo.so.5.9
2af639a0f000-2af639c0f000 ---p 00025000 fd:00 2754223                    /usr/lib64/libtinfo.so.5.9
2af639c0f000-2af639c13000 r--p 00025000 fd:00 2754223                    /usr/lib64/libtinfo.so.5.9
2af639c13000-2af639c14000 rw-p 00029000 fd:00 2754223                    /usr/lib64/libtinfo.so.5.9
2af639c14000-2af639c45000 rw-p 00000000 00:00 0 
2af639c45000-2af63af79000 r--p 00000000 00:7a 5355                       /cvmfs/sft.cern.ch/lcg/releases/ROOT/v6.20.06-3f7fd/x86_64-centos7-gcc8-opt/lib/std.pcm
2af63af79000-2af63b0b9000 r--p 00000000 00:7a 5331                       /cvmfs/sft.cern.ch/lcg/releases/ROOT/v6.20.06-3f7fd/x86_64-centos7-gcc8-opt/lib/libc.pcm
2af63b0b9000-2af63b0d6000 r--p 00000000 00:7a 5358                       /cvmfs/sft.cern.ch/lcg/releases/ROOT/v6.20.06-3f7fd/x86_64-centos7-gcc8-opt/lib/Cling_Runtime.pcm
2af63b0d6000-2af63b101000 r--p 00000000 00:7a 5284                       /cvmfs/sft.cern.ch/lcg/releases/ROOT/v6.20.06-3f7fd/x86_64-centos7-gcc8-opt/lib/Cling_Runtime_Extra.pcm
2af63b101000-2af63b149000 r--p 00000000 00:7a 5390                       /cvmfs/sft.cern.ch/lcg/releases/ROOT/v6.20.06-3f7fd/x86_64-centos7-gcc8-opt/lib/ROOT_Foundation_C.pcm
2af63b149000-2af63b162000 r--p 00000000 00:7a 5050                       /cvmfs/sft.cern.ch/lcg/releases/ROOT/v6.20.06-3f7fd/x86_64-centos7-gcc8-opt/lib/ROOT_Rtypes.pcm
2af63b162000-2af63b180000 r--p 00000000 00:7a 5332                       /cvmfs/sft.cern.ch/lcg/releases/ROOT/v6.20.06-3f7fd/x86_64-centos7-gcc8-opt/lib/ROOT_Config.pcm
2af63b180000-2af63b20e000 r--p 00000000 00:7a 5369                       /cvmfs/sft.cern.ch/lcg/releases/ROOT/v6.20.06-3f7fd/x86_64-centos7-gcc8-opt/lib/ProofBench.pcm
2af63b276000-2af63b302000 r--p 00000000 00:7a 5289                       /cvmfs/sft.cern.ch/lcg/releases/ROOT/v6.20.06-3f7fd/x86_64-centos7-gcc8-opt/lib/Unfold.pcm
2af63b302000-2af63b36d000 r--p 00000000 00:7a 5070                       /cvmfs/sft.cern.ch/lcg/releases/ROOT/v6.20.06-3f7fd/x86_64-centos7-gcc8-opt/lib/RHTTPSniff.pcm
2af63b376000-2af63b76a000 r--p 00000000 00:7a 5263                       /cvmfs/sft.cern.ch/lcg/releases/ROOT/v6.20.06-3f7fd/x86_64-centos7-gcc8-opt/lib/_Builtin_intrinsics.pcm
2af63b76a000-2af63b81b000 r--p 00000000 00:7a 5266                       /cvmfs/sft.cern.ch/lcg/releases/ROOT/v6.20.06-3f7fd/x86_64-centos7-gcc8-opt/lib/ROOT_Foundation_Stage1_NoRTTI.pcm
2af63b81b000-2af63c144000 r--p 00000000 00:7a 5316                       /cvmfs/sft.cern.ch/lcg/releases/ROOT/v6.20.06-3f7fd/x86_64-centos7-gcc8-opt/lib/Core.pcm
2af63c144000-2af63c26c000 r--p 00000000 00:7a 5449                       /cvmfs/sft.cern.ch/lcg/releases/ROOT/v6.20.06-3f7fd/x86_64-centos7-gcc8-opt/lib/Gdml.pcm
2af63c26c000-2af63c3c9000 r--p 00000000 00:7a 4767                       /cvmfs/sft.cern.ch/lcg/releases/ROOT/v6.20.06-3f7fd/x86_64-centos7-gcc8-opt/lib/WebGui6.pcm
2af63c3e8000-2af63c6c6000 r--p 00000000 00:7a 5350                       /cvmfs/sft.cern.ch/lcg/releases/ROOT/v6.20.06-3f7fd/x86_64-centos7-gcc8-opt/lib/RIO.pcm
2af63c6c6000-2af63c856000 r--p 00000000 00:7a 5380                       /cvmfs/sft.cern.ch/lcg/releases/ROOT/v6.20.06-3f7fd/x86_64-centos7-gcc8-opt/lib/Thread.pcm
2af63c856000-2af63cc9b000 r--p 00000000 00:7a 5298                       /cvmfs/sft.cern.ch/lcg/releases/ROOT/v6.20.06-3f7fd/x86_64-centos7-gcc8-opt/lib/Hist.pcm
2af63cc9b000-2af63d48b000 r--p 00000000 00:7a 5504                       /cvmfs/sft.cern.ch/lcg/releases/ROOT/v6.20.06-3f7fd/x86_64-centos7-gcc8-opt/lib/MathCore.pcm
2af63d48b000-2af63d550000 r--p 00000000 00:7a 5373                       /cvmfs/sft.cern.ch/lcg/releases/ROOT/v6.20.06-3f7fd/x86_64-centos7-gcc8-opt/lib/Imt.pcm
2af63d550000-2af63d6cb000 r--p 00000000 00:7a 5335                       /cvmfs/sft.cern.ch/lcg/releases/ROOT/v6.20.06-3f7fd/x86_64-centos7-gcc8-opt/lib/Matrix.pcm
2af63d6cb000-2af63d741000 r--p 00000000 00:7a 5400                       /cvmfs/sft.cern.ch/lcg/releases/ROOT/v6.20.06-3f7fd/x86_64-centos7-gcc8-opt/lib/XMLParser.pcm
2af63d741000-2af63d86e000 r--p 00000000 00:7a 4760                       /cvmfs/sft.cern.ch/lcg/releases/ROOT/v6.20.06-3f7fd/x86_64-centos7-gcc8-opt/lib/RHTTP.pcm
2af63d86e000-2af63d912000 r--p 00000000 00:7a 5057                       /cvmfs/sft.cern.ch/lcg/releases/ROOT/v6.20.06-3f7fd/x86_64-centos7-gcc8-opt/lib/FitPanel.pcm
2af63d912000-2af63dc3f000 r--p 00000000 00:7a 5377                       /cvmfs/sft.cern.ch/lcg/releases/ROOT/v6.20.06-3f7fd/x86_64-centos7-gcc8-opt/lib/Gui.pcm
2af63dc3f000-2af63dd3a000 r--p 00000000 00:7a 4757                       /cvmfs/sft.cern.ch/lcg/releases/ROOT/v6.20.06-3f7fd/x86_64-centos7-gcc8-opt/lib/Graf.pcm
2af63dd3a000-2af63dfd3000 r--p 00000000 00:7a 5595                       /cvmfs/sft.cern.ch/lcg/releases/ROOT/v6.20.06-3f7fd/x86_64-centos7-gcc8-opt/lib/ROOTVecOps.pcm
2af63dfd3000-2af63e069000 r--p 00000000 00:7a 5282                       /cvmfs/sft.cern.ch/lcg/releases/ROOT/v6.20.06-3f7fd/x86_64-centos7-gcc8-opt/lib/RDAVIX.pcm
2af63e069000-2af63e154000 r--p 00000000 00:7a 5323                       /cvmfs/sft.cern.ch/lcg/releases/ROOT/v6.20.06-3f7fd/x86_64-centos7-gcc8-opt/lib/RMySQL.pcm
2af63e154000-2af63e25f000 r--p 00000000 00:7a 5288                       /cvmfs/sft.cern.ch/lcg/releases/ROOT/v6.20.06-3f7fd/x86_64-centos7-gcc8-opt/lib/Net.pcm
2af63e25f000-2af63e2cc000 r--p 00000000 00:7a 5313                       /cvmfs/sft.cern.ch/lcg/releases/ROOT/v6.20.06-3f7fd/x86_64-centos7-gcc8-opt/lib/GFAL.pcm
2af63e301000-2af63e3b8000 r--p 00000000 00:7a 5531                       /cvmfs/sft.cern.ch/lcg/releases/ROOT/v6.20.06-3f7fd/x86_64-centos7-gcc8-opt/lib/Physics.pcm
2af63e3b8000-2af63e431000 r--p 00000000 00:7a 5514                       /cvmfs/sft.cern.ch/lcg/releases/ROOT/v6.20.06-3f7fd/x86_64-centos7-gcc8-opt/lib/Genetic.pcm
2af63e431000-2af63e693000 r--p 00000000 00:7a 5387                       /cvmfs/sft.cern.ch/lcg/releases/ROOT/v6.20.06-3f7fd/x86_64-centos7-gcc8-opt/lib/Tree.pcm
2af63e693000-2af63e707000 r--p 00000000 00:7a 5348                       /cvmfs/sft.cern.ch/lcg/releases/ROOT/v6.20.06-3f7fd/x86_64-centos7-gcc8-opt/lib/DCache.pcm
2af63e707000-2af63e7d8000 r--p 00000000 00:7a 5366                       /cvmfs/sft.cern.ch/lcg/releases/ROOT/v6.20.06-3f7fd/x86_64-centos7-gcc8-opt/lib/Gpad.pcm
2af63e7d8000-2af63ecb8000 r--p 00000000 00:7a 5341                       /cvmfs/sft.cern.ch/lcg/releases/ROOT/v6.20.06-3f7fd/x86_64-centos7-gcc8-opt/lib/RGL.pcm
2af63ecb8000-2af63eda7000 r--p 00000000 00:7a 5425                       /cvmfs/sft.cern.ch/lcg/releases/ROOT/v6.20.06-3f7fd/x86_64-centos7-gcc8-opt/lib/Ged.pcm
2af63eda7000-2af63ee0f000 r--p 00000000 00:7a 5386                       /cvmfs/sft.cern.ch/lcg/releases/ROOT/v6.20.06-3f7fd/x86_64-centos7-gcc8-opt/lib/RCsg.pcm
2af63ee0f000-2af63f333000 r--p 00000000 00:7a 5396                       /cvmfs/sft.cern.ch/lcg/releases/ROOT/v6.20.06-3f7fd/x86_64-centos7-gcc8-opt/lib/ROOTEve.pcm
2af63f333000-2af63f625000 r--p 00000000 00:7a 5285                       /cvmfs/sft.cern.ch/lcg/releases/ROOT/v6.20.06-3f7fd/x86_64-centos7-gcc8-opt/lib/Geom.pcm
2af63f625000-2af63f7b1000 r--p 00000000 00:7a 5338                       /cvmfs/sft.cern.ch/lcg/releases/ROOT/v6.20.06-3f7fd/x86_64-centos7-gcc8-opt/lib/ROOTWebDisplay.pcm
2af63f7b1000-2af63f844000 r--p 00000000 00:7a 5037                       /cvmfs/sft.cern.ch/lcg/releases/ROOT/v6.20.06-3f7fd/x86_64-centos7-gcc8-opt/lib/EG.pcm
2af63f844000-2af63f917000 r--p 00000000 00:7a 5376                       /cvmfs/sft.cern.ch/lcg/releases/ROOT/v6.20.06-3f7fd/x86_64-centos7-gcc8-opt/lib/Graf3d.pcm
2af63f917000-2af63f978000 rw-p 00000000 00:00 0 
2af63f978000-2af63fcff000 r--p 00000000 00:7a 5002                       /cvmfs/sft.cern.ch/lcg/releases/ROOT/v6.20.06-3f7fd/x86_64-centos7-gcc8-opt/lib/TreePlayer.pcm
2af63fcff000-2af63fe10000 r--p 00000000 00:7a 5269                       /cvmfs/sft.cern.ch/lcg/releases/ROOT/v6.20.06-3f7fd/x86_64-centos7-gcc8-opt/lib/MultiProc.pcm
2af63fe10000-2af63fe7d000 r--p 00000000 00:7a 5393                       /cvmfs/sft.cern.ch/lcg/releases/ROOT/v6.20.06-3f7fd/x86_64-centos7-gcc8-opt/lib/SPlot.pcm
2af63fe7d000-2af63feef000 r--p 00000000 00:7a 5343                       /cvmfs/sft.cern.ch/lcg/releases/ROOT/v6.20.06-3f7fd/x86_64-centos7-gcc8-opt/lib/Hbook.pcm
2af63feef000-2af63ffc8000 r--p 00000000 00:7a 5292                       /cvmfs/sft.cern.ch/lcg/releases/ROOT/v6.20.06-3f7fd/x86_64-centos7-gcc8-opt/lib/GeomBuilder.pcm
2af63ffc8000-2af640039000 r--p 00000000 00:7a 4873                       /cvmfs/sft.cern.ch/lcg/releases/ROOT/v6.20.06-3f7fd/x86_64-centos7-gcc8-opt/lib/Rint.pcm
2af640039000-2af6401b3000 r--p 00000000 00:7a 5317                       /cvmfs/sft.cern.ch/lcg/releases/ROOT/v6.20.06-3f7fd/x86_64-centos7-gcc8-opt/lib/Proof.pcm
2af6401b3000-2af640240000 r--p 00000000 00:7a 5361                       /cvmfs/sft.cern.ch/lcg/releases/ROOT/v6.20.06-3f7fd/x86_64-centos7-gcc8-opt/lib/Recorder.pcm
2af640240000-2af6402cd000 r--p 00000000 00:7a 4753                       /cvmfs/sft.cern.ch/lcg/releases/ROOT/v6.20.06-3f7fd/x86_64-centos7-gcc8-opt/lib/GuiBld.pcm
2af6402cd000-2af6403c2000 r--p 00000000 00:7a 4758                       /cvmfs/sft.cern.ch/lcg/releases/ROOT/v6.20.06-3f7fd/x86_64-centos7-gcc8-opt/lib/XMLIO.pcm
2af6403c2000-2af640430000 r--p 00000000 00:7a 5495                       /cvmfs/sft.cern.ch/lcg/releases/ROOT/v6.20.06-3f7fd/x86_64-centos7-gcc8-opt/lib/GX11TTF.pcm
2af640430000-2af6404a7000 r--p 00000000 00:7a 5352                       /cvmfs/sft.cern.ch/lcg/releases/ROOT/v6.20.06-3f7fd/x86_64-centos7-gcc8-opt/lib/GX11.pcm
2af6404a7000-2af640568000 r--p 00000000 00:7a 5325                       /cvmfs/sft.cern.ch/lcg/releases/ROOT/v6.20.06-3f7fd/x86_64-centos7-gcc8-opt/lib/ProofPlayer.pcm
2af640568000-2af6408e4000 r--p 00000000 00:7a 5337                       /cvmfs/sft.cern.ch/lcg/releases/ROOT/v6.20.06-3f7fd/x86_64-centos7-gcc8-opt/lib/ROOTHistDraw.pcm
2af6408e4000-2af640e40000 r--p 00000000 00:7a 7523                       /cvmfs/sft.cern.ch/lcg/releases/ROOT/v6.20.06-3f7fd/x86_64-centos7-gcc8-opt/lib/ROOTGpadv7.pcm
2af640e40000-2af6410d6000 r--p 00000000 00:7a 5244                       /cvmfs/sft.cern.ch/lcg/releases/ROOT/v6.20.06-3f7fd/x86_64-centos7-gcc8-opt/lib/ROOTHist.pcm
2af6410d6000-2af641206000 r--p 00000000 00:7a 5328                       /cvmfs/sft.cern.ch/lcg/releases/ROOT/v6.20.06-3f7fd/x86_64-centos7-gcc8-opt/lib/MathMore.pcm
2af641206000-2af641279000 r--p 00000000 00:7a 4973                       /cvmfs/sft.cern.ch/lcg/releases/ROOT/v6.20.06-3f7fd/x86_64-centos7-gcc8-opt/lib/Netx.pcm
2af641279000-2af6412ea000 r--p 00000000 00:7a 6455                       /cvmfs/sft.cern.ch/lcg/releases/ROOT/v6.20.06-3f7fd/x86_64-centos7-gcc8-opt/lib/SpectrumPainter.pcm
2af6412ea000-2af641374000 r--p 00000000 00:7a 5321                       /cvmfs/sft.cern.ch/lcg/releases/ROOT/v6.20.06-3f7fd/x86_64-centos7-gcc8-opt/lib/NetxNG.pcm
2af641374000-2af6413ff000 r--p 00000000 00:7a 5265                       /cvmfs/sft.cern.ch/lcg/releases/ROOT/v6.20.06-3f7fd/x86_64-centos7-gcc8-opt/lib/Minuit.pcm
2af6413ff000-2af6423e0000 r--p 00000000 00:7a 5273                       /cvmfs/sft.cern.ch/lcg/releases/ROOT/v6.20.06-3f7fd/x86_64-centos7-gcc8-opt/lib/TMVA.pcm
2af6423e0000-2af642f2e000 r--p 00000000 00:7a 5513                       /cvmfs/sft.cern.ch/lcg/releases/ROOT/v6.20.06-3f7fd/x86_64-centos7-gcc8-opt/lib/ROOTDataFrame.pcm
2af642f2e000-2af64302f000 rw-p 00000000 00:00 0 
2af64302f000-2af643576000 rw-p 00000000 00:00 0 
2af643576000-2af643688000 r--p 00000000 00:7a 5368                       /cvmfs/sft.cern.ch/lcg/releases/ROOT/v6.20.06-3f7fd/x86_64-centos7-gcc8-opt/lib/ROOTFitPanelv7.pcm
2af643688000-2af64393f000 r--p 00000000 00:7a 5383                       /cvmfs/sft.cern.ch/lcg/releases/ROOT/v6.20.06-3f7fd/x86_64-centos7-gcc8-opt/lib/Smatrix.pcm
2af64393f000-2af6439c3000 r--p 00000000 00:7a 5043                       /cvmfs/sft.cern.ch/lcg/releases/ROOT/v6.20.06-3f7fd/x86_64-centos7-gcc8-opt/lib/PyROOT.pcm
2af6439c3000-2af643a6a000 r--p 00000000 00:7a 5395                       /cvmfs/sft.cern.ch/lcg/releases/ROOT/v6.20.06-3f7fd/x86_64-centos7-gcc8-opt/lib/SessionViewer.pcm
2af643a6a000-2af643af9000 r--p 00000000 00:7a 4822                       /cvmfs/sft.cern.ch/lcg/releases/ROOT/v6.20.06-3f7fd/x86_64-centos7-gcc8-opt/lib/PyMVA.pcm
2af643af9000-2af643b84000 r--p 00000000 00:7a 5345                       /cvmfs/sft.cern.ch/lcg/releases/ROOT/v6.20.06-3f7fd/x86_64-centos7-gcc8-opt/lib/HistPainter.pcm
2af643b84000-2af643c51000 r--p 00000000 00:7a 5452                       /cvmfs/sft.cern.ch/lcg/releases/ROOT/v6.20.06-3f7fd/x86_64-centos7-gcc8-opt/lib/ProofDraw.pcm
2af643c51000-2af643cfd000 r--p 00000000 00:7a 5277                       /cvmfs/sft.cern.ch/lcg/releases/ROOT/v6.20.06-3f7fd/x86_64-centos7-gcc8-opt/lib/Unuran.pcm
2af643cfd000-2af643d94000 r--p 00000000 00:7a 5319                       /cvmfs/sft.cern.ch/lcg/releases/ROOT/v6.20.06-3f7fd/x86_64-centos7-gcc8-opt/lib/Quadp.pcm
2af643d94000-2af6442ab000 r--p 00000000 00:7a 5492                       /cvmfs/sft.cern.ch/lcg/releases/ROOT/v6.20.06-3f7fd/x86_64-centos7-gcc8-opt/lib/Eve.pcm
2af6442ab000-2af64435a000 r--p 00000000 00:7a 5862                       /cvmfs/sft.cern.ch/lcg/releases/ROOT/v6.20.06-3f7fd/x86_64-centos7-gcc8-opt/lib/TreeViewer.pcm
2af64435a000-2af6443dd000 r--p 00000000 00:7a 5308                       /cvmfs/sft.cern.ch/lcg/releases/ROOT/v6.20.06-3f7fd/x86_64-centos7-gcc8-opt/lib/GeomPainter.pcm
2af6443dd000-2af644a65000 r--p 00000000 00:7a 5291                       /cvmfs/sft.cern.ch/lcg/releases/ROOT/v6.20.06-3f7fd/x86_64-centos7-gcc8-opt/lib/ROOTNTuple.pcm
2af644a65000-2af644d61000 r--p 00000000 00:7a 5225                       /cvmfs/sft.cern.ch/lcg/releases/ROOT/v6.20.06-3f7fd/x86_64-centos7-gcc8-opt/lib/HistFactory.pcm
2af644d61000-2af645c37000 r--p 00000000 00:7a 5401                       /cvmfs/sft.cern.ch/lcg/releases/ROOT/v6.20.06-3f7fd/x86_64-centos7-gcc8-opt/lib/RooFitCore.pcm
2af645c37000-2af645cb8000 r--p 00000000 00:7a 5315                       /cvmfs/sft.cern.ch/lcg/releases/ROOT/v6.20.06-3f7fd/x86_64-centos7-gcc8-opt/lib/Foam.pcm
2af645cb8000-2af645d48000 r--p 00000000 00:7a 5389                       /cvmfs/sft.cern.ch/lcg/releases/ROOT/v6.20.06-3f7fd/x86_64-centos7-gcc8-opt/lib/Spectrum.pcm
2af645d48000-2af645de1000 r--p 00000000 00:7a 5399                       /cvmfs/sft.cern.ch/lcg/releases/ROOT/v6.20.06-3f7fd/x86_64-centos7-gcc8-opt/lib/GuiHtml.pcm
2af645de1000-2af645e6a000 r--p 00000000 00:7a 5446                       /cvmfs/sft.cern.ch/lcg/releases/ROOT/v6.20.06-3f7fd/x86_64-centos7-gcc8-opt/lib/Postscript.pcm
2af645e6a000-2af645f01000 r--p 00000000 00:7a 5367                       /cvmfs/sft.cern.ch/lcg/releases/ROOT/v6.20.06-3f7fd/x86_64-centos7-gcc8-opt/lib/TMVAGui.pcm
2af645f01000-2af6460ac000 r--p 00000000 00:7a 5421                       /cvmfs/sft.cern.ch/lcg/releases/ROOT/v6.20.06-3f7fd/x86_64-centos7-gcc8-opt/lib/Html.pcm
2af6460ac000-2af646120000 r--p 00000000 00:7a 5005                       /cvmfs/sft.cern.ch/lcg/releases/ROOT/v6.20.06-3f7fd/x86_64-centos7-gcc8-opt/lib/Fumili.pcm
2af646120000-2af64619f000 r--p 00000000 00:7a 5324                       /cvmfs/sft.cern.ch/lcg/releases/ROOT/v6.20.06-3f7fd/x86_64-centos7-gcc8-opt/lib/RooFitMore.pcm
2af64619f000-2af646211000 r--p 00000000 00:7a 5360                       /cvmfs/sft.cern.ch/lcg/releases/ROOT/v6.20.06-3f7fd/x86_64-centos7-gcc8-opt/lib/X3d.pcm
2af646211000-2af6466cb000 r--p 00000000 00:7a 5275                       /cvmfs/sft.cern.ch/lcg/releases/ROOT/v6.20.06-3f7fd/x86_64-centos7-gcc8-opt/lib/Oracle.pcm
2af6466cb000-2af646807000 rw-p 00000000 00:00 0 
2af646807000-2af647561000 r--p 00000000 00:7a 5297                       /cvmfs/sft.cern.ch/lcg/releases/ROOT/v6.20.06-3f7fd/x86_64-centos7-gcc8-opt/lib/RooFit.pcm
2af647561000-2af6478db000 r--p 00000000 00:7a 5267                       /cvmfs/sft.cern.ch/lcg/releases/ROOT/v6.20.06-3f7fd/x86_64-centos7-gcc8-opt/lib/RooStats.pcm
2af6478db000-2af647950000 r--p 00000000 00:7a 5283                       /cvmfs/sft.cern.ch/lcg/releases/ROOT/v6.20.06-3f7fd/x86_64-centos7-gcc8-opt/lib/FFTW.pcm
2af647950000-2af6479f0000 r--p 00000000 00:7a 8077                       /cvmfs/sft.cern.ch/lcg/releases/ROOT/v6.20.06-3f7fd/x86_64-centos7-gcc8-opt/lib/SQLIO.pcm
2af6479f0000-2af647a6b000 r--p 00000000 00:7a 5310                       /cvmfs/sft.cern.ch/lcg/releases/ROOT/v6.20.06-3f7fd/x86_64-centos7-gcc8-opt/lib/ASImage.pcm
2af647a6b000-2af647b12000 r--p 00000000 00:7a 5309                       /cvmfs/sft.cern.ch/lcg/releases/ROOT/v6.20.06-3f7fd/x86_64-centos7-gcc8-opt/lib/Proofx.pcm
2af647b12000-2af647db5000 r--p 00000000 00:7a 5108                       /cvmfs/sft.cern.ch/lcg/releases/ROOT/v6.20.06-3f7fd/x86_64-centos7-gcc8-opt/lib/Minuit2.pcm
2af647db5000-2af647e2f000 r--p 00000000 00:7a 5351                       /cvmfs/sft.cern.ch/lcg/releases/ROOT/v6.20.06-3f7fd/x86_64-centos7-gcc8-opt/lib/MLP.pcm
2af647e2f000-2af6480d3000 r--p 00000000 00:7a 5422                       /cvmfs/sft.cern.ch/lcg/releases/ROOT/v6.20.06-3f7fd/x86_64-centos7-gcc8-opt/lib/GenVector.pcm
2af6480d3000-2af648279000 r--p 00000000 00:7a 5409                       /cvmfs/sft.cern.ch/lcg/releases/ROOT/v6.20.06-3f7fd/x86_64-centos7-gcc8-opt/lib/ROOTBrowserv7.pcm
2af648279000-2af6482f4000 r--p 00000000 00:7a 5385                       /cvmfs/sft.cern.ch/lcg/releases/ROOT/v6.20.06-3f7fd/x86_64-centos7-gcc8-opt/lib/RootAuth.pcm
2af6482f4000-2af648365000 r--p 00000000 00:7a 5318                       /cvmfs/sft.cern.ch/lcg/releases/ROOT/v6.20.06-3f7fd/x86_64-centos7-gcc8-opt/lib/ASImageGui.pcm
2af648365000-2af6483e7000 r--p 00000000 00:7a 5370                       /cvmfs/sft.cern.ch/lcg/releases/ROOT/v6.20.06-3f7fd/x86_64-centos7-gcc8-opt/lib/Gviz3d.pcm
2af6483e7000-2af64847d000 r--p 00000000 00:7a 4871                       /cvmfs/sft.cern.ch/lcg/releases/ROOT/v6.20.06-3f7fd/x86_64-centos7-gcc8-opt/lib/ROOTGraphicsPrimitives.pcm
2af64847d000-2af64849d000 r-xp 00000000 fd:00 2754148                    /usr/lib64/ld-2.17.so
2af64849d000-2af64869d000 ---p 00020000 fd:00 2754148                    /usr/lib64/ld-2.17.so
2af64869d000-2af64869e000 r--p 00020000 fd:00 2754148                    /usr/lib64/ld-2.17.so
2af64869e000-2af64869f000 rw-p 00021000 fd:00 2754148                    /usr/lib64/ld-2.17.so
2af64869f000-2af6486a0000 rw-p 00000000 00:00 0 
7ffe9b87f000-7ffe9b8a5000 rw-p 00000000 00:00 0                          [stack]
7ffe9b9d7000-7ffe9b9d9000 r-xp 00000000 00:00 0                          [vdso]
ffffffffff600000-ffffffffff601000 r-xp 00000000 00:00 0                  [vsyscall]
