*** Error in `condor_exec.exe': double free or corruption (fasttop): 0x000000000106b720 ***
======= Backtrace: =========
/usr/lib64/libc.so.6(+0x7c503)[0x2b98a06ee503]
/usr/lib64/libc.so.6(__cxa_finalize+0x9a)[0x2b98a06aadba]
/atlasgpfs01/usatlas/workarea/jeff/HadronYieldsAnalysis/lib/libJetHadronSkimmer.so(+0xaa43)[0x2b989f394a43]
======= Memory map: ========
00400000-0040b000 r-xp 00000000 00:32 53678769                           /gpfs/mnt/atlasgpfs01/usatlas/workarea/jeff/HadronYieldsAnalysis/bin/run.exe
0060a000-0060b000 r--p 0000a000 00:32 53678769                           /gpfs/mnt/atlasgpfs01/usatlas/workarea/jeff/HadronYieldsAnalysis/bin/run.exe
0060b000-0060c000 rw-p 0000b000 00:32 53678769                           /gpfs/mnt/atlasgpfs01/usatlas/workarea/jeff/HadronYieldsAnalysis/bin/run.exe
0060c000-007dc000 rw-p 00000000 00:00 0 
00f91000-04346000 rw-p 00000000 00:00 0                                  [heap]
2b9899e72000-2b9899e92000 r-xp 00000000 fd:00 3147233                    /usr/lib64/ld-2.17.so
2b9899e92000-2b9899ef3000 rw-p 00000000 00:00 0 
2b9899f23000-2b9899ff2000 rw-p 00000000 00:00 0 
2b989a023000-2b989a074000 rw-p 00000000 00:00 0 
2b989a074000-2b989a081000 r--p 00000000 00:36 5069                       /cvmfs/sft.cern.ch/lcg/releases/ROOT/v6.20.06-3f7fd/x86_64-centos7-gcc8-opt/lib/xlocale.h.pcm
2b989a081000-2b989a08e000 r--p 00000000 00:36 5531                       /cvmfs/sft.cern.ch/lcg/releases/ROOT/v6.20.06-3f7fd/x86_64-centos7-gcc8-opt/lib/_Builtin_stddef_max_align_t.pcm
2b989a092000-2b989a093000 r--p 00020000 fd:00 3147233                    /usr/lib64/ld-2.17.so
2b989a093000-2b989a094000 rw-p 00021000 fd:00 3147233                    /usr/lib64/ld-2.17.so
2b989a094000-2b989a095000 rw-p 00000000 00:00 0 
2b989a095000-2b989a4f4000 r-xp 00000000 00:36 5278                       /cvmfs/sft.cern.ch/lcg/releases/ROOT/v6.20.06-3f7fd/x86_64-centos7-gcc8-opt/lib/libGui.so
2b989a4f4000-2b989a6f4000 ---p 0045f000 00:36 5278                       /cvmfs/sft.cern.ch/lcg/releases/ROOT/v6.20.06-3f7fd/x86_64-centos7-gcc8-opt/lib/libGui.so
2b989a6f4000-2b989a740000 r--p 0045f000 00:36 5278                       /cvmfs/sft.cern.ch/lcg/releases/ROOT/v6.20.06-3f7fd/x86_64-centos7-gcc8-opt/lib/libGui.so
2b989a740000-2b989a745000 rw-p 004ab000 00:36 5278                       /cvmfs/sft.cern.ch/lcg/releases/ROOT/v6.20.06-3f7fd/x86_64-centos7-gcc8-opt/lib/libGui.so
2b989a745000-2b989a756000 rw-p 00000000 00:00 0 
2b989a756000-2b989ac2b000 r-xp 00000000 00:36 5369                       /cvmfs/sft.cern.ch/lcg/releases/ROOT/v6.20.06-3f7fd/x86_64-centos7-gcc8-opt/lib/libCore.so
2b989ac2b000-2b989ae2a000 ---p 004d5000 00:36 5369                       /cvmfs/sft.cern.ch/lcg/releases/ROOT/v6.20.06-3f7fd/x86_64-centos7-gcc8-opt/lib/libCore.so
2b989ae2a000-2b989ae54000 r--p 004d4000 00:36 5369                       /cvmfs/sft.cern.ch/lcg/releases/ROOT/v6.20.06-3f7fd/x86_64-centos7-gcc8-opt/lib/libCore.so
2b989ae54000-2b989ae5a000 rw-p 004fe000 00:36 5369                       /cvmfs/sft.cern.ch/lcg/releases/ROOT/v6.20.06-3f7fd/x86_64-centos7-gcc8-opt/lib/libCore.so
2b989ae5a000-2b989ae8e000 rw-p 00000000 00:00 0 
2b989ae8e000-2b989ae9c000 r-xp 00000000 00:36 5318                       /cvmfs/sft.cern.ch/lcg/releases/ROOT/v6.20.06-3f7fd/x86_64-centos7-gcc8-opt/lib/libImt.so
2b989ae9c000-2b989b09b000 ---p 0000e000 00:36 5318                       /cvmfs/sft.cern.ch/lcg/releases/ROOT/v6.20.06-3f7fd/x86_64-centos7-gcc8-opt/lib/libImt.so
2b989b09b000-2b989b09c000 r--p 0000d000 00:36 5318                       /cvmfs/sft.cern.ch/lcg/releases/ROOT/v6.20.06-3f7fd/x86_64-centos7-gcc8-opt/lib/libImt.so
2b989b09c000-2b989b09d000 rw-p 0000e000 00:36 5318                       /cvmfs/sft.cern.ch/lcg/releases/ROOT/v6.20.06-3f7fd/x86_64-centos7-gcc8-opt/lib/libImt.so
2b989b09d000-2b989b431000 r-xp 00000000 00:36 6342                       /cvmfs/sft.cern.ch/lcg/releases/ROOT/v6.20.06-3f7fd/x86_64-centos7-gcc8-opt/lib/libRIO.so
2b989b431000-2b989b631000 ---p 00394000 00:36 6342                       /cvmfs/sft.cern.ch/lcg/releases/ROOT/v6.20.06-3f7fd/x86_64-centos7-gcc8-opt/lib/libRIO.so
2b989b631000-2b989b63e000 r--p 00394000 00:36 6342                       /cvmfs/sft.cern.ch/lcg/releases/ROOT/v6.20.06-3f7fd/x86_64-centos7-gcc8-opt/lib/libRIO.so
2b989b63e000-2b989b641000 rw-p 003a1000 00:36 6342                       /cvmfs/sft.cern.ch/lcg/releases/ROOT/v6.20.06-3f7fd/x86_64-centos7-gcc8-opt/lib/libRIO.so
2b989b641000-2b989b644000 rw-p 00000000 00:00 0 
2b989b644000-2b989b70f000 r-xp 00000000 00:36 5570                       /cvmfs/sft.cern.ch/lcg/releases/ROOT/v6.20.06-3f7fd/x86_64-centos7-gcc8-opt/lib/libNet.so
2b989b70f000-2b989b90e000 ---p 000cb000 00:36 5570                       /cvmfs/sft.cern.ch/lcg/releases/ROOT/v6.20.06-3f7fd/x86_64-centos7-gcc8-opt/lib/libNet.so
2b989b90e000-2b989b91a000 r--p 000ca000 00:36 5570                       /cvmfs/sft.cern.ch/lcg/releases/ROOT/v6.20.06-3f7fd/x86_64-centos7-gcc8-opt/lib/libNet.so
2b989b91a000-2b989b91c000 rw-p 000d6000 00:36 5570                       /cvmfs/sft.cern.ch/lcg/releases/ROOT/v6.20.06-3f7fd/x86_64-centos7-gcc8-opt/lib/libNet.so
2b989b91c000-2b989b923000 rw-p 00000000 00:00 0 
2b989b923000-2b989bce0000 r-xp 00000000 00:36 5479                       /cvmfs/sft.cern.ch/lcg/releases/ROOT/v6.20.06-3f7fd/x86_64-centos7-gcc8-opt/lib/libHist.so
2b989bce0000-2b989bedf000 ---p 003bd000 00:36 5479                       /cvmfs/sft.cern.ch/lcg/releases/ROOT/v6.20.06-3f7fd/x86_64-centos7-gcc8-opt/lib/libHist.so
2b989bedf000-2b989bf09000 r--p 003bc000 00:36 5479                       /cvmfs/sft.cern.ch/lcg/releases/ROOT/v6.20.06-3f7fd/x86_64-centos7-gcc8-opt/lib/libHist.so
2b989bf09000-2b989bf0d000 rw-p 003e6000 00:36 5479                       /cvmfs/sft.cern.ch/lcg/releases/ROOT/v6.20.06-3f7fd/x86_64-centos7-gcc8-opt/lib/libHist.so
2b989bf0d000-2b989bf18000 rw-p 00000000 00:00 0 
2b989bf18000-2b989c062000 r-xp 00000000 00:36 5087                       /cvmfs/sft.cern.ch/lcg/releases/ROOT/v6.20.06-3f7fd/x86_64-centos7-gcc8-opt/lib/libGraf.so
2b989c062000-2b989c261000 ---p 0014a000 00:36 5087                       /cvmfs/sft.cern.ch/lcg/releases/ROOT/v6.20.06-3f7fd/x86_64-centos7-gcc8-opt/lib/libGraf.so
2b989c261000-2b989c26f000 r--p 00149000 00:36 5087                       /cvmfs/sft.cern.ch/lcg/releases/ROOT/v6.20.06-3f7fd/x86_64-centos7-gcc8-opt/lib/libGraf.so
2b989c26f000-2b989c273000 rw-p 00157000 00:36 5087                       /cvmfs/sft.cern.ch/lcg/releases/ROOT/v6.20.06-3f7fd/x86_64-centos7-gcc8-opt/lib/libGraf.so
2b989c273000-2b989c281000 rw-p 00000000 00:00 0 
2b989c281000-2b989c320000 r-xp 00000000 00:36 5441                       /cvmfs/sft.cern.ch/lcg/releases/ROOT/v6.20.06-3f7fd/x86_64-centos7-gcc8-opt/lib/libGraf3d.so
2b989c320000-2b989c51f000 ---p 0009f000 00:36 5441                       /cvmfs/sft.cern.ch/lcg/releases/ROOT/v6.20.06-3f7fd/x86_64-centos7-gcc8-opt/lib/libGraf3d.so
2b989c51f000-2b989c529000 r--p 0009e000 00:36 5441                       /cvmfs/sft.cern.ch/lcg/releases/ROOT/v6.20.06-3f7fd/x86_64-centos7-gcc8-opt/lib/libGraf3d.so
2b989c529000-2b989c52a000 rw-p 000a8000 00:36 5441                       /cvmfs/sft.cern.ch/lcg/releases/ROOT/v6.20.06-3f7fd/x86_64-centos7-gcc8-opt/lib/libGraf3d.so
2b989c52a000-2b989c52e000 rw-p 00000000 00:00 0 
2b989c52e000-2b989c609000 r-xp 00000000 00:36 5114                       /cvmfs/sft.cern.ch/lcg/releases/ROOT/v6.20.06-3f7fd/x86_64-centos7-gcc8-opt/lib/libGpad.so
2b989c609000-2b989c808000 ---p 000db000 00:36 5114                       /cvmfs/sft.cern.ch/lcg/releases/ROOT/v6.20.06-3f7fd/x86_64-centos7-gcc8-opt/lib/libGpad.so
2b989c808000-2b989c812000 r--p 000da000 00:36 5114                       /cvmfs/sft.cern.ch/lcg/releases/ROOT/v6.20.06-3f7fd/x86_64-centos7-gcc8-opt/lib/libGpad.so
2b989c812000-2b989c814000 rw-p 000e4000 00:36 5114                       /cvmfs/sft.cern.ch/lcg/releases/ROOT/v6.20.06-3f7fd/x86_64-centos7-gcc8-opt/lib/libGpad.so
2b989c814000-2b989c815000 rw-p 00000000 00:00 0 
2b989c815000-2b989c8ea000 r-xp 00000000 00:36 5037                       /cvmfs/sft.cern.ch/lcg/releases/ROOT/v6.20.06-3f7fd/x86_64-centos7-gcc8-opt/lib/libROOTVecOps.so
2b989c8ea000-2b989cae9000 ---p 000d5000 00:36 5037                       /cvmfs/sft.cern.ch/lcg/releases/ROOT/v6.20.06-3f7fd/x86_64-centos7-gcc8-opt/lib/libROOTVecOps.so
2b989cae9000-2b989caeb000 r--p 000d4000 00:36 5037                       /cvmfs/sft.cern.ch/lcg/releases/ROOT/v6.20.06-3f7fd/x86_64-centos7-gcc8-opt/lib/libROOTVecOps.so
2b989caeb000-2b989caec000 rw-p 000d6000 00:36 5037                       /cvmfs/sft.cern.ch/lcg/releases/ROOT/v6.20.06-3f7fd/x86_64-centos7-gcc8-opt/lib/libROOTVecOps.so
2b989caec000-2b989caee000 rw-p 00000000 00:00 0 
2b989caee000-2b989cc58000 r-xp 00000000 00:36 5492                       /cvmfs/sft.cern.ch/lcg/releases/ROOT/v6.20.06-3f7fd/x86_64-centos7-gcc8-opt/lib/libTree.so
2b989cc58000-2b989ce57000 ---p 0016a000 00:36 5492                       /cvmfs/sft.cern.ch/lcg/releases/ROOT/v6.20.06-3f7fd/x86_64-centos7-gcc8-opt/lib/libTree.so
2b989ce57000-2b989ce67000 r--p 00169000 00:36 5492                       /cvmfs/sft.cern.ch/lcg/releases/ROOT/v6.20.06-3f7fd/x86_64-centos7-gcc8-opt/lib/libTree.so
2b989ce67000-2b989ce6a000 rw-p 00179000 00:36 5492                       /cvmfs/sft.cern.ch/lcg/releases/ROOT/v6.20.06-3f7fd/x86_64-centos7-gcc8-opt/lib/libTree.so
2b989ce6a000-2b989ce6e000 rw-p 00000000 00:00 0 
2b989ce6e000-2b989cfe2000 r-xp 00000000 00:36 5287                       /cvmfs/sft.cern.ch/lcg/releases/ROOT/v6.20.06-3f7fd/x86_64-centos7-gcc8-opt/lib/libTreePlayer.so
2b989cfe2000-2b989d1e1000 ---p 00174000 00:36 5287                       /cvmfs/sft.cern.ch/lcg/releases/ROOT/v6.20.06-3f7fd/x86_64-centos7-gcc8-opt/lib/libTreePlayer.so
2b989d1e1000-2b989d1ec000 r--p 00173000 00:36 5287                       /cvmfs/sft.cern.ch/lcg/releases/ROOT/v6.20.06-3f7fd/x86_64-centos7-gcc8-opt/lib/libTreePlayer.so
2b989d1ec000-2b989d1ee000 rw-p 0017e000 00:36 5287                       /cvmfs/sft.cern.ch/lcg/releases/ROOT/v6.20.06-3f7fd/x86_64-centos7-gcc8-opt/lib/libTreePlayer.so
2b989d1ee000-2b989d1f5000 rw-p 00000000 00:00 0 
2b989d1f5000-2b989d21c000 r-xp 00000000 00:36 5099                       /cvmfs/sft.cern.ch/lcg/releases/ROOT/v6.20.06-3f7fd/x86_64-centos7-gcc8-opt/lib/libRint.so
2b989d21c000-2b989d41b000 ---p 00027000 00:36 5099                       /cvmfs/sft.cern.ch/lcg/releases/ROOT/v6.20.06-3f7fd/x86_64-centos7-gcc8-opt/lib/libRint.so
2b989d41b000-2b989d41d000 r--p 00026000 00:36 5099                       /cvmfs/sft.cern.ch/lcg/releases/ROOT/v6.20.06-3f7fd/x86_64-centos7-gcc8-opt/lib/libRint.so
2b989d41d000-2b989d41e000 rw-p 00028000 00:36 5099                       /cvmfs/sft.cern.ch/lcg/releases/ROOT/v6.20.06-3f7fd/x86_64-centos7-gcc8-opt/lib/libRint.so
2b989d41e000-2b989d48d000 r-xp 00000000 00:36 5464                       /cvmfs/sft.cern.ch/lcg/releases/ROOT/v6.20.06-3f7fd/x86_64-centos7-gcc8-opt/lib/libPostscript.so
2b989d48d000-2b989d68d000 ---p 0006f000 00:36 5464                       /cvmfs/sft.cern.ch/lcg/releases/ROOT/v6.20.06-3f7fd/x86_64-centos7-gcc8-opt/lib/libPostscript.so
2b989d68d000-2b989d694000 r--p 0006f000 00:36 5464                       /cvmfs/sft.cern.ch/lcg/releases/ROOT/v6.20.06-3f7fd/x86_64-centos7-gcc8-opt/lib/libPostscript.so
2b989d694000-2b989d695000 rw-p 00076000 00:36 5464                       /cvmfs/sft.cern.ch/lcg/releases/ROOT/v6.20.06-3f7fd/x86_64-centos7-gcc8-opt/lib/libPostscript.so
2b989d695000-2b989d696000 rw-p 00000000 00:00 0 
2b989d696000-2b989d801000 r-xp 00000000 00:36 5506                       /cvmfs/sft.cern.ch/lcg/releases/ROOT/v6.20.06-3f7fd/x86_64-centos7-gcc8-opt/lib/libMatrix.so
2b989d801000-2b989da00000 ---p 0016b000 00:36 5506                       /cvmfs/sft.cern.ch/lcg/releases/ROOT/v6.20.06-3f7fd/x86_64-centos7-gcc8-opt/lib/libMatrix.so
2b989da00000-2b989da08000 r--p 0016a000 00:36 5506                       /cvmfs/sft.cern.ch/lcg/releases/ROOT/v6.20.06-3f7fd/x86_64-centos7-gcc8-opt/lib/libMatrix.so
2b989da08000-2b989da0a000 rw-p 00172000 00:36 5506                       /cvmfs/sft.cern.ch/lcg/releases/ROOT/v6.20.06-3f7fd/x86_64-centos7-gcc8-opt/lib/libMatrix.so
2b989da0a000-2b989da0e000 rw-p 00000000 00:00 0 
2b989da0e000-2b989da56000 r-xp 00000000 00:36 5122                       /cvmfs/sft.cern.ch/lcg/releases/ROOT/v6.20.06-3f7fd/x86_64-centos7-gcc8-opt/lib/libPhysics.so
2b989da56000-2b989dc56000 ---p 00048000 00:36 5122                       /cvmfs/sft.cern.ch/lcg/releases/ROOT/v6.20.06-3f7fd/x86_64-centos7-gcc8-opt/lib/libPhysics.so
2b989dc56000-2b989dc59000 r--p 00048000 00:36 5122                       /cvmfs/sft.cern.ch/lcg/releases/ROOT/v6.20.06-3f7fd/x86_64-centos7-gcc8-opt/lib/libPhysics.so
2b989dc59000-2b989dc5a000 rw-p 0004b000 00:36 5122                       /cvmfs/sft.cern.ch/lcg/releases/ROOT/v6.20.06-3f7fd/x86_64-centos7-gcc8-opt/lib/libPhysics.so
2b989dc5a000-2b989dc5b000 rw-p 00000000 00:00 0 
2b989dc5b000-2b989de58000 r-xp 00000000 00:36 4885                       /cvmfs/sft.cern.ch/lcg/releases/ROOT/v6.20.06-3f7fd/x86_64-centos7-gcc8-opt/lib/libMathCore.so
2b989de58000-2b989e058000 ---p 001fd000 00:36 4885                       /cvmfs/sft.cern.ch/lcg/releases/ROOT/v6.20.06-3f7fd/x86_64-centos7-gcc8-opt/lib/libMathCore.so
2b989e058000-2b989e062000 r--p 001fd000 00:36 4885                       /cvmfs/sft.cern.ch/lcg/releases/ROOT/v6.20.06-3f7fd/x86_64-centos7-gcc8-opt/lib/libMathCore.so
2b989e062000-2b989e065000 rw-p 00207000 00:36 4885                       /cvmfs/sft.cern.ch/lcg/releases/ROOT/v6.20.06-3f7fd/x86_64-centos7-gcc8-opt/lib/libMathCore.so
2b989e065000-2b989e06e000 rw-p 00000000 00:00 0 
2b989e06e000-2b989e0bd000 r-xp 00000000 00:36 5125                       /cvmfs/sft.cern.ch/lcg/releases/ROOT/v6.20.06-3f7fd/x86_64-centos7-gcc8-opt/lib/libThread.so
2b989e0bd000-2b989e2bc000 ---p 0004f000 00:36 5125                       /cvmfs/sft.cern.ch/lcg/releases/ROOT/v6.20.06-3f7fd/x86_64-centos7-gcc8-opt/lib/libThread.so
2b989e2bc000-2b989e2c0000 r--p 0004e000 00:36 5125                       /cvmfs/sft.cern.ch/lcg/releases/ROOT/v6.20.06-3f7fd/x86_64-centos7-gcc8-opt/lib/libThread.so
2b989e2c0000-2b989e2c1000 rw-p 00052000 00:36 5125                       /cvmfs/sft.cern.ch/lcg/releases/ROOT/v6.20.06-3f7fd/x86_64-centos7-gcc8-opt/lib/libThread.so
2b989e2c1000-2b989e2c3000 rw-p 00000000 00:00 0 
2b989e2c3000-2b989e2cf000 r-xp 00000000 00:36 5345                       /cvmfs/sft.cern.ch/lcg/releases/ROOT/v6.20.06-3f7fd/x86_64-centos7-gcc8-opt/lib/libMultiProc.so
2b989e2cf000-2b989e4ce000 ---p 0000c000 00:36 5345                       /cvmfs/sft.cern.ch/lcg/releases/ROOT/v6.20.06-3f7fd/x86_64-centos7-gcc8-opt/lib/libMultiProc.so
2b989e4ce000-2b989e4cf000 r--p 0000b000 00:36 5345                       /cvmfs/sft.cern.ch/lcg/releases/ROOT/v6.20.06-3f7fd/x86_64-centos7-gcc8-opt/lib/libMultiProc.so
2b989e4cf000-2b989e4d0000 rw-p 0000c000 00:36 5345                       /cvmfs/sft.cern.ch/lcg/releases/ROOT/v6.20.06-3f7fd/x86_64-centos7-gcc8-opt/lib/libMultiProc.so
2b989e4d0000-2b989e582000 r-xp 00000000 00:36 5130                       /cvmfs/sft.cern.ch/lcg/releases/ROOT/v6.20.06-3f7fd/x86_64-centos7-gcc8-opt/lib/libROOTDataFrame.so
2b989e582000-2b989e782000 ---p 000b2000 00:36 5130                       /cvmfs/sft.cern.ch/lcg/releases/ROOT/v6.20.06-3f7fd/x86_64-centos7-gcc8-opt/lib/libROOTDataFrame.so
2b989e782000-2b989e785000 r--p 000b2000 00:36 5130                       /cvmfs/sft.cern.ch/lcg/releases/ROOT/v6.20.06-3f7fd/x86_64-centos7-gcc8-opt/lib/libROOTDataFrame.so
2b989e785000-2b989e787000 rw-p 000b5000 00:36 5130                       /cvmfs/sft.cern.ch/lcg/releases/ROOT/v6.20.06-3f7fd/x86_64-centos7-gcc8-opt/lib/libROOTDataFrame.so
2b989e787000-2b989e78a000 rw-p 00000000 00:00 0 
2b989e78a000-2b989e78c000 r-xp 00000000 fd:00 3147246                    /usr/lib64/libdl-2.17.so
2b989e78c000-2b989e98c000 ---p 00002000 fd:00 3147246                    /usr/lib64/libdl-2.17.so
2b989e98c000-2b989e98d000 r--p 00002000 fd:00 3147246                    /usr/lib64/libdl-2.17.so
2b989e98d000-2b989e98e000 rw-p 00003000 fd:00 3147246                    /usr/lib64/libdl-2.17.so
2b989e98e000-2b989e99d000 r-xp 00000000 00:2e 3362007890                 /direct/usatlas+u/jeff/RootUtilities/lib/libUtilities.so
2b989e99d000-2b989eb9c000 ---p 0000f000 00:2e 3362007890                 /direct/usatlas+u/jeff/RootUtilities/lib/libUtilities.so
2b989eb9c000-2b989eb9d000 r--p 0000e000 00:2e 3362007890                 /direct/usatlas+u/jeff/RootUtilities/lib/libUtilities.so
2b989eb9d000-2b989eb9e000 rw-p 0000f000 00:2e 3362007890                 /direct/usatlas+u/jeff/RootUtilities/lib/libUtilities.so
2b989eb9e000-2b989eba6000 r-xp 00000000 00:32 56323298                   /gpfs/mnt/atlasgpfs01/usatlas/workarea/jeff/atlas-hi/lib/libAtlasUtils.so
2b989eba6000-2b989eda5000 ---p 00008000 00:32 56323298                   /gpfs/mnt/atlasgpfs01/usatlas/workarea/jeff/atlas-hi/lib/libAtlasUtils.so
2b989eda5000-2b989eda6000 r--p 00007000 00:32 56323298                   /gpfs/mnt/atlasgpfs01/usatlas/workarea/jeff/atlas-hi/lib/libAtlasUtils.so
2b989eda6000-2b989eda7000 rw-p 00008000 00:32 56323298                   /gpfs/mnt/atlasgpfs01/usatlas/workarea/jeff/atlas-hi/lib/libAtlasUtils.so
2b989eda7000-2b989eda9000 r-xp 00000000 00:32 56323256                   /gpfs/mnt/atlasgpfs01/usatlas/workarea/jeff/atlas-hi/lib/libAtlasStyle.so
2b989eda9000-2b989efa8000 ---p 00002000 00:32 56323256                   /gpfs/mnt/atlasgpfs01/usatlas/workarea/jeff/atlas-hi/lib/libAtlasStyle.so
2b989efa8000-2b989efa9000 r--p 00001000 00:32 56323256                   /gpfs/mnt/atlasgpfs01/usatlas/workarea/jeff/atlas-hi/lib/libAtlasStyle.so
2b989efa9000-2b989efaa000 rw-p 00002000 00:32 56323256                   /gpfs/mnt/atlasgpfs01/usatlas/workarea/jeff/atlas-hi/lib/libAtlasStyle.so
2b989efaa000-2b989efb9000 r-xp 00000000 00:32 53678773                   /gpfs/mnt/atlasgpfs01/usatlas/workarea/jeff/HadronYieldsAnalysis/lib/libLocalUtilities.so
2b989efb9000-2b989f1b8000 ---p 0000f000 00:32 53678773                   /gpfs/mnt/atlasgpfs01/usatlas/workarea/jeff/HadronYieldsAnalysis/lib/libLocalUtilities.so
2b989f1b8000-2b989f1b9000 r--p 0000e000 00:32 53678773                   /gpfs/mnt/atlasgpfs01/usatlas/workarea/jeff/HadronYieldsAnalysis/lib/libLocalUtilities.so
2b989f1b9000-2b989f1ba000 rw-p 0000f000 00:32 53678773                   /gpfs/mnt/atlasgpfs01/usatlas/workarea/jeff/HadronYieldsAnalysis/lib/libLocalUtilities.so
2b989f1ba000-2b989f38a000 rw-p 00000000 00:00 0 
2b989f38a000-2b989f39c000 r-xp 00000000 00:32 53678777                   /gpfs/mnt/atlasgpfs01/usatlas/workarea/jeff/HadronYieldsAnalysis/lib/libJetHadronSkimmer.so
2b989f39c000-2b989f59c000 ---p 00012000 00:32 53678777                   /gpfs/mnt/atlasgpfs01/usatlas/workarea/jeff/HadronYieldsAnalysis/lib/libJetHadronSkimmer.so
2b989f59c000-2b989f59d000 r--p 00012000 00:32 53678777                   /gpfs/mnt/atlasgpfs01/usatlas/workarea/jeff/HadronYieldsAnalysis/lib/libJetHadronSkimmer.so
2b989f59d000-2b989f59e000 rw-p 00013000 00:32 53678777                   /gpfs/mnt/atlasgpfs01/usatlas/workarea/jeff/HadronYieldsAnalysis/lib/libJetHadronSkimmer.so
2b989f59e000-2b989f7d3000 rw-p 00000000 00:00 0 
2b989f7d3000-2b989f7e1000 r-xp 00000000 00:32 53678774                   /gpfs/mnt/atlasgpfs01/usatlas/workarea/jeff/HadronYieldsAnalysis/lib/libZDCAnalysis.so
2b989f7e1000-2b989f9e1000 ---p 0000e000 00:32 53678774                   /gpfs/mnt/atlasgpfs01/usatlas/workarea/jeff/HadronYieldsAnalysis/lib/libZDCAnalysis.so
2b989f9e1000-2b989f9e2000 r--p 0000e000 00:32 53678774                   /gpfs/mnt/atlasgpfs01/usatlas/workarea/jeff/HadronYieldsAnalysis/lib/libZDCAnalysis.so
2b989f9e2000-2b989f9e3000 rw-p 0000f000 00:32 53678774                   /gpfs/mnt/atlasgpfs01/usatlas/workarea/jeff/HadronYieldsAnalysis/lib/libZDCAnalysis.so
2b989f9e3000-2b989fbb3000 rw-p 00000000 00:00 0 
2b989fbb3000-2b989fd2c000 r-xp 00000000 00:36 373469                     /cvmfs/sft.cern.ch/lcg/releases/gcc/8.3.0-cebb0/x86_64-centos7/lib64/libstdc++.so.6.0.25
2b989fd2c000-2b989ff2c000 ---p 00179000 00:36 373469                     /cvmfs/sft.cern.ch/lcg/releases/gcc/8.3.0-cebb0/x86_64-centos7/lib64/libstdc++.so.6.0.25
2b989ff2c000-2b989ff36000 r--p 00179000 00:36 373469                     /cvmfs/sft.cern.ch/lcg/releases/gcc/8.3.0-cebb0/x86_64-centos7/lib64/libstdc++.so.6.0.25
2b989ff36000-2b989ff38000 rw-p 00183000 00:36 373469                     /cvmfs/sft.cern.ch/lcg/releases/gcc/8.3.0-cebb0/x86_64-centos7/lib64/libstdc++.so.6.0.25
2b989ff38000-2b989ff3c000 rw-p 00000000 00:00 0 
2b989ff3c000-2b98a003c000 r-xp 00000000 fd:00 3147248                    /usr/lib64/libm-2.17.so
2b98a003c000-2b98a023c000 ---p 00100000 fd:00 3147248                    /usr/lib64/libm-2.17.so
2b98a023c000-2b98a023d000 r--p 00100000 fd:00 3147248                    /usr/lib64/libm-2.17.so
2b98a023d000-2b98a023e000 rw-p 00101000 fd:00 3147248                    /usr/lib64/libm-2.17.so
2b98a023e000-2b98a0255000 r-xp 00000000 00:36 373295                     /cvmfs/sft.cern.ch/lcg/releases/gcc/8.3.0-cebb0/x86_64-centos7/lib64/libgcc_s.so.1
2b98a0255000-2b98a0454000 ---p 00017000 00:36 373295                     /cvmfs/sft.cern.ch/lcg/releases/gcc/8.3.0-cebb0/x86_64-centos7/lib64/libgcc_s.so.1
2b98a0454000-2b98a0455000 r--p 00016000 00:36 373295                     /cvmfs/sft.cern.ch/lcg/releases/gcc/8.3.0-cebb0/x86_64-centos7/lib64/libgcc_s.so.1
2b98a0455000-2b98a0456000 rw-p 00017000 00:36 373295                     /cvmfs/sft.cern.ch/lcg/releases/gcc/8.3.0-cebb0/x86_64-centos7/lib64/libgcc_s.so.1
2b98a0456000-2b98a046d000 r-xp 00000000 fd:00 3147266                    /usr/lib64/libpthread-2.17.so
2b98a046d000-2b98a066c000 ---p 00017000 fd:00 3147266                    /usr/lib64/libpthread-2.17.so
2b98a066c000-2b98a066d000 r--p 00016000 fd:00 3147266                    /usr/lib64/libpthread-2.17.so
2b98a066d000-2b98a066e000 rw-p 00017000 fd:00 3147266                    /usr/lib64/libpthread-2.17.so
2b98a066e000-2b98a0672000 rw-p 00000000 00:00 0 
2b98a0672000-2b98a0829000 r-xp 00000000 fd:00 3147240                    /usr/lib64/libc-2.17.so
2b98a0829000-2b98a0a28000 ---p 001b7000 fd:00 3147240                    /usr/lib64/libc-2.17.so
2b98a0a28000-2b98a0a2c000 r--p 001b6000 fd:00 3147240                    /usr/lib64/libc-2.17.so
2b98a0a2c000-2b98a0a2e000 rw-p 001ba000 fd:00 3147240                    /usr/lib64/libc-2.17.so
2b98a0a2e000-2b98a0a33000 rw-p 00000000 00:00 0 
2b98a0a33000-2b98a0a58000 r-xp 00000000 fd:00 3147482                    /usr/lib64/liblzma.so.5.2.2
2b98a0a58000-2b98a0c57000 ---p 00025000 fd:00 3147482                    /usr/lib64/liblzma.so.5.2.2
2b98a0c57000-2b98a0c58000 r--p 00024000 fd:00 3147482                    /usr/lib64/liblzma.so.5.2.2
2b98a0c58000-2b98a0c59000 rw-p 00025000 fd:00 3147482                    /usr/lib64/liblzma.so.5.2.2
2b98a0c59000-2b98a0c72000 r-xp 00000000 00:36 353485                     /cvmfs/sft.cern.ch/lcg/releases/zlib/1.2.11-da225/x86_64-centos7-gcc8-opt/lib/libz.so.1.2.11
2b98a0c72000-2b98a0e71000 ---p 00019000 00:36 353485                     /cvmfs/sft.cern.ch/lcg/releases/zlib/1.2.11-da225/x86_64-centos7-gcc8-opt/lib/libz.so.1.2.11
2b98a0e71000-2b98a0e72000 r--p 00018000 00:36 353485                     /cvmfs/sft.cern.ch/lcg/releases/zlib/1.2.11-da225/x86_64-centos7-gcc8-opt/lib/libz.so.1.2.11
2b98a0e72000-2b98a0e73000 rw-p 00019000 00:36 353485                     /cvmfs/sft.cern.ch/lcg/releases/zlib/1.2.11-da225/x86_64-centos7-gcc8-opt/lib/libz.so.1.2.11
2b98a0e73000-2b98a0eb1000 r-xp 00000000 00:36 370503                     /cvmfs/sft.cern.ch/lcg/releases/tbb/2020_U1-bbcac/x86_64-centos7-gcc8-opt/lib/libtbb.so.2
2b98a0eb1000-2b98a10b0000 ---p 0003e000 00:36 370503                     /cvmfs/sft.cern.ch/lcg/releases/tbb/2020_U1-bbcac/x86_64-centos7-gcc8-opt/lib/libtbb.so.2
2b98a10b0000-2b98a10b2000 r--p 0003d000 00:36 370503                     /cvmfs/sft.cern.ch/lcg/releases/tbb/2020_U1-bbcac/x86_64-centos7-gcc8-opt/lib/libtbb.so.2
2b98a10b2000-2b98a10b5000 rw-p 0003f000 00:36 370503                     /cvmfs/sft.cern.ch/lcg/releases/tbb/2020_U1-bbcac/x86_64-centos7-gcc8-opt/lib/libtbb.so.2
2b98a10b5000-2b98a10b7000 rw-p 00000000 00:00 0 
2b98a10b7000-2b98a111e000 r-xp 00000000 fd:00 3157974                    /usr/lib64/libssl.so.1.0.2k
2b98a111e000-2b98a131d000 ---p 00067000 fd:00 3157974                    /usr/lib64/libssl.so.1.0.2k
2b98a131d000-2b98a1321000 r--p 00066000 fd:00 3157974                    /usr/lib64/libssl.so.1.0.2k
2b98a1321000-2b98a1328000 rw-p 0006a000 fd:00 3157974                    /usr/lib64/libssl.so.1.0.2k
2b98a1328000-2b98a155c000 r-xp 00000000 fd:00 3157972                    /usr/lib64/libcrypto.so.1.0.2k
2b98a155c000-2b98a175c000 ---p 00234000 fd:00 3157972                    /usr/lib64/libcrypto.so.1.0.2k
2b98a175c000-2b98a1778000 r--p 00234000 fd:00 3157972                    /usr/lib64/libcrypto.so.1.0.2k
2b98a1778000-2b98a1785000 rw-p 00250000 fd:00 3157972                    /usr/lib64/libcrypto.so.1.0.2k
2b98a1785000-2b98a1789000 rw-p 00000000 00:00 0 
2b98a1789000-2b98a1829000 r-xp 00000000 fd:00 3147423                    /usr/lib64/libfreetype.so.6.10.0
2b98a1829000-2b98a1a28000 ---p 000a0000 fd:00 3147423                    /usr/lib64/libfreetype.so.6.10.0
2b98a1a28000-2b98a1a2e000 r--p 0009f000 fd:00 3147423                    /usr/lib64/libfreetype.so.6.10.0
2b98a1a2e000-2b98a1a2f000 rw-p 000a5000 fd:00 3147423                    /usr/lib64/libfreetype.so.6.10.0
2b98a1a2f000-2b98a1a3a000 r-xp 00000000 00:36 370331                     /cvmfs/sft.cern.ch/lcg/releases/vdt/0.4.3-992df/x86_64-centos7-gcc8-opt/lib/libvdt.so
2b98a1a3a000-2b98a1c3a000 ---p 0000b000 00:36 370331                     /cvmfs/sft.cern.ch/lcg/releases/vdt/0.4.3-992df/x86_64-centos7-gcc8-opt/lib/libvdt.so
2b98a1c3a000-2b98a1c3b000 r--p 0000b000 00:36 370331                     /cvmfs/sft.cern.ch/lcg/releases/vdt/0.4.3-992df/x86_64-centos7-gcc8-opt/lib/libvdt.so
2b98a1c3b000-2b98a1c3c000 rw-p 0000c000 00:36 370331                     /cvmfs/sft.cern.ch/lcg/releases/vdt/0.4.3-992df/x86_64-centos7-gcc8-opt/lib/libvdt.so
2b98a1c3c000-2b98a1c97000 r-xp 00000000 00:36 5326                       /cvmfs/sft.cern.ch/lcg/releases/ROOT/v6.20.06-3f7fd/x86_64-centos7-gcc8-opt/lib/libROOTNTuple.so
2b98a1c97000-2b98a1e97000 ---p 0005b000 00:36 5326                       /cvmfs/sft.cern.ch/lcg/releases/ROOT/v6.20.06-3f7fd/x86_64-centos7-gcc8-opt/lib/libROOTNTuple.so
2b98a1e97000-2b98a1e99000 r--p 0005b000 00:36 5326                       /cvmfs/sft.cern.ch/lcg/releases/ROOT/v6.20.06-3f7fd/x86_64-centos7-gcc8-opt/lib/libROOTNTuple.so
2b98a1e99000-2b98a1e9a000 rw-p 0005d000 00:36 5326                       /cvmfs/sft.cern.ch/lcg/releases/ROOT/v6.20.06-3f7fd/x86_64-centos7-gcc8-opt/lib/libROOTNTuple.so
2b98a1e9a000-2b98a1e9b000 rw-p 00000000 00:00 0 
2b98a1e9b000-2b98a1fa5000 r-xp 00000000 00:36 71070                      /cvmfs/sft.cern.ch/lcg/releases/sqlite/3280000-472f2/x86_64-centos7-gcc8-opt/lib/libsqlite3.so.0.8.6
2b98a1fa5000-2b98a21a4000 ---p 0010a000 00:36 71070                      /cvmfs/sft.cern.ch/lcg/releases/sqlite/3280000-472f2/x86_64-centos7-gcc8-opt/lib/libsqlite3.so.0.8.6
2b98a21a4000-2b98a21a7000 r--p 00109000 00:36 71070                      /cvmfs/sft.cern.ch/lcg/releases/sqlite/3280000-472f2/x86_64-centos7-gcc8-opt/lib/libsqlite3.so.0.8.6
2b98a21a7000-2b98a21aa000 rw-p 0010c000 00:36 71070                      /cvmfs/sft.cern.ch/lcg/releases/sqlite/3280000-472f2/x86_64-centos7-gcc8-opt/lib/libsqlite3.so.0.8.6
2b98a21aa000-2b98a21ab000 rw-p 00000000 00:00 0 
2b98a21ab000-2b98a21b2000 r-xp 00000000 fd:00 3147270                    /usr/lib64/librt-2.17.so
2b98a21b2000-2b98a23b1000 ---p 00007000 fd:00 3147270                    /usr/lib64/librt-2.17.so
2b98a23b1000-2b98a23b2000 r--p 00006000 fd:00 3147270                    /usr/lib64/librt-2.17.so
2b98a23b2000-2b98a23b3000 rw-p 00007000 fd:00 3147270                    /usr/lib64/librt-2.17.so
2b98a23b3000-2b98a23fe000 r-xp 00000000 fd:00 3157949                    /usr/lib64/libgssapi_krb5.so.2.2
2b98a23fe000-2b98a25fe000 ---p 0004b000 fd:00 3157949                    /usr/lib64/libgssapi_krb5.so.2.2
2b98a25fe000-2b98a25ff000 r--p 0004b000 fd:00 3157949                    /usr/lib64/libgssapi_krb5.so.2.2
2b98a25ff000-2b98a2601000 rw-p 0004c000 fd:00 3157949                    /usr/lib64/libgssapi_krb5.so.2.2
2b98a2601000-2b98a26d7000 r-xp 00000000 fd:00 3157959                    /usr/lib64/libkrb5.so.3.3
2b98a26d7000-2b98a28d7000 ---p 000d6000 fd:00 3157959                    /usr/lib64/libkrb5.so.3.3
2b98a28d7000-2b98a28e5000 r--p 000d6000 fd:00 3157959                    /usr/lib64/libkrb5.so.3.3
2b98a28e5000-2b98a28e8000 rw-p 000e4000 fd:00 3157959                    /usr/lib64/libkrb5.so.3.3
2b98a28e8000-2b98a28eb000 r-xp 00000000 fd:00 3147425                    /usr/lib64/libcom_err.so.2.1
2b98a28eb000-2b98a2aea000 ---p 00003000 fd:00 3147425                    /usr/lib64/libcom_err.so.2.1
2b98a2aea000-2b98a2aeb000 r--p 00002000 fd:00 3147425                    /usr/lib64/libcom_err.so.2.1
2b98a2aeb000-2b98a2aec000 rw-p 00003000 fd:00 3147425                    /usr/lib64/libcom_err.so.2.1
2b98a2aec000-2b98a2b1b000 r-xp 00000000 fd:00 3157953                    /usr/lib64/libk5crypto.so.3.1
2b98a2b1b000-2b98a2d1a000 ---p 0002f000 fd:00 3157953                    /usr/lib64/libk5crypto.so.3.1
2b98a2d1a000-2b98a2d1c000 r--p 0002e000 fd:00 3157953                    /usr/lib64/libk5crypto.so.3.1
2b98a2d1c000-2b98a2d1d000 rw-p 00030000 fd:00 3157953                    /usr/lib64/libk5crypto.so.3.1
2b98a2d1d000-2b98a2d1e000 rw-p 00000000 00:00 0 
2b98a2d1e000-2b98a2d2b000 r-xp 00000000 fd:00 3157961                    /usr/lib64/libkrb5support.so.0.1
2b98a2d2b000-2b98a2f2b000 ---p 0000d000 fd:00 3157961                    /usr/lib64/libkrb5support.so.0.1
2b98a2f2b000-2b98a2f2c000 r--p 0000d000 fd:00 3157961                    /usr/lib64/libkrb5support.so.0.1
2b98a2f2c000-2b98a2f2d000 rw-p 0000e000 fd:00 3157961                    /usr/lib64/libkrb5support.so.0.1
2b98a2f2d000-2b98a2f30000 r-xp 00000000 fd:00 3147716                    /usr/lib64/libkeyutils.so.1.5
2b98a2f30000-2b98a312f000 ---p 00003000 fd:00 3147716                    /usr/lib64/libkeyutils.so.1.5
2b98a312f000-2b98a3130000 r--p 00002000 fd:00 3147716                    /usr/lib64/libkeyutils.so.1.5
2b98a3130000-2b98a3131000 rw-p 00003000 fd:00 3147716                    /usr/lib64/libkeyutils.so.1.5
2b98a3131000-2b98a3147000 r-xp 00000000 fd:00 3147268                    /usr/lib64/libresolv-2.17.so
2b98a3147000-2b98a3347000 ---p 00016000 fd:00 3147268                    /usr/lib64/libresolv-2.17.so
2b98a3347000-2b98a3348000 r--p 00016000 fd:00 3147268                    /usr/lib64/libresolv-2.17.so
2b98a3348000-2b98a3349000 rw-p 00017000 fd:00 3147268                    /usr/lib64/libresolv-2.17.so
2b98a3349000-2b98a334b000 rw-p 00000000 00:00 0 
2b98a334b000-2b98a336f000 r-xp 00000000 fd:00 3147408                    /usr/lib64/libselinux.so.1
2b98a336f000-2b98a356e000 ---p 00024000 fd:00 3147408                    /usr/lib64/libselinux.so.1
2b98a356e000-2b98a356f000 r--p 00023000 fd:00 3147408                    /usr/lib64/libselinux.so.1
2b98a356f000-2b98a3570000 rw-p 00024000 fd:00 3147408                    /usr/lib64/libselinux.so.1
2b98a3570000-2b98a3572000 rw-p 00000000 00:00 0 
2b98a3572000-2b98a35d2000 r-xp 00000000 fd:00 3147399                    /usr/lib64/libpcre.so.1.2.0
2b98a35d2000-2b98a37d1000 ---p 00060000 fd:00 3147399                    /usr/lib64/libpcre.so.1.2.0
2b98a37d1000-2b98a37d2000 r--p 0005f000 fd:00 3147399                    /usr/lib64/libpcre.so.1.2.0
2b98a37d2000-2b98a37d3000 rw-p 00060000 fd:00 3147399                    /usr/lib64/libpcre.so.1.2.0
2b98a37d3000-2b98a3fd3000 rw-p 00000000 00:00 0 
2b98a3fd3000-2b98a6ebc000 r-xp 00000000 00:36 5445                       /cvmfs/sft.cern.ch/lcg/releases/ROOT/v6.20.06-3f7fd/x86_64-centos7-gcc8-opt/lib/libCling.so
2b98a6ebc000-2b98a70bc000 ---p 02ee9000 00:36 5445                       /cvmfs/sft.cern.ch/lcg/releases/ROOT/v6.20.06-3f7fd/x86_64-centos7-gcc8-opt/lib/libCling.so
2b98a70bc000-2b98a72ce000 r--p 02ee9000 00:36 5445                       /cvmfs/sft.cern.ch/lcg/releases/ROOT/v6.20.06-3f7fd/x86_64-centos7-gcc8-opt/lib/libCling.so
2b98a72ce000-2b98a72d9000 rw-p 030fb000 00:36 5445                       /cvmfs/sft.cern.ch/lcg/releases/ROOT/v6.20.06-3f7fd/x86_64-centos7-gcc8-opt/lib/libCling.so
2b98a72d9000-2b98a7306000 rw-p 00000000 00:00 0 
2b98a7306000-2b98a732b000 r-xp 00000000 fd:00 3147308                    /usr/lib64/libtinfo.so.5.9
2b98a732b000-2b98a752b000 ---p 00025000 fd:00 3147308                    /usr/lib64/libtinfo.so.5.9
2b98a752b000-2b98a752f000 r--p 00025000 fd:00 3147308                    /usr/lib64/libtinfo.so.5.9
2b98a752f000-2b98a7530000 rw-p 00029000 fd:00 3147308                    /usr/lib64/libtinfo.so.5.9
2b98a7530000-2b98a7561000 rw-p 00000000 00:00 0 
2b98a7561000-2b98a8895000 r--p 00000000 00:36 5380                       /cvmfs/sft.cern.ch/lcg/releases/ROOT/v6.20.06-3f7fd/x86_64-centos7-gcc8-opt/lib/std.pcm
2b98a8895000-2b98a89d5000 r--p 00000000 00:36 5356                       /cvmfs/sft.cern.ch/lcg/releases/ROOT/v6.20.06-3f7fd/x86_64-centos7-gcc8-opt/lib/libc.pcm
2b98a89d5000-2b98a89f2000 r--p 00000000 00:36 5383                       /cvmfs/sft.cern.ch/lcg/releases/ROOT/v6.20.06-3f7fd/x86_64-centos7-gcc8-opt/lib/Cling_Runtime.pcm
2b98a89f2000-2b98a8a1d000 r--p 00000000 00:36 5309                       /cvmfs/sft.cern.ch/lcg/releases/ROOT/v6.20.06-3f7fd/x86_64-centos7-gcc8-opt/lib/Cling_Runtime_Extra.pcm
2b98a8a1d000-2b98a8a65000 r--p 00000000 00:36 5415                       /cvmfs/sft.cern.ch/lcg/releases/ROOT/v6.20.06-3f7fd/x86_64-centos7-gcc8-opt/lib/ROOT_Foundation_C.pcm
2b98a8a65000-2b98a8a7e000 r--p 00000000 00:36 5075                       /cvmfs/sft.cern.ch/lcg/releases/ROOT/v6.20.06-3f7fd/x86_64-centos7-gcc8-opt/lib/ROOT_Rtypes.pcm
2b98a8a7e000-2b98a8a9c000 r--p 00000000 00:36 5357                       /cvmfs/sft.cern.ch/lcg/releases/ROOT/v6.20.06-3f7fd/x86_64-centos7-gcc8-opt/lib/ROOT_Config.pcm
2b98a8a9c000-2b98a8b2a000 r--p 00000000 00:36 5394                       /cvmfs/sft.cern.ch/lcg/releases/ROOT/v6.20.06-3f7fd/x86_64-centos7-gcc8-opt/lib/ProofBench.pcm
2b98a8b92000-2b98a8c1e000 r--p 00000000 00:36 5314                       /cvmfs/sft.cern.ch/lcg/releases/ROOT/v6.20.06-3f7fd/x86_64-centos7-gcc8-opt/lib/Unfold.pcm
2b98a8c1e000-2b98a8c89000 r--p 00000000 00:36 5095                       /cvmfs/sft.cern.ch/lcg/releases/ROOT/v6.20.06-3f7fd/x86_64-centos7-gcc8-opt/lib/RHTTPSniff.pcm
2b98a8c92000-2b98a9086000 r--p 00000000 00:36 5288                       /cvmfs/sft.cern.ch/lcg/releases/ROOT/v6.20.06-3f7fd/x86_64-centos7-gcc8-opt/lib/_Builtin_intrinsics.pcm
2b98a9086000-2b98a9137000 r--p 00000000 00:36 5291                       /cvmfs/sft.cern.ch/lcg/releases/ROOT/v6.20.06-3f7fd/x86_64-centos7-gcc8-opt/lib/ROOT_Foundation_Stage1_NoRTTI.pcm
2b98a9137000-2b98a9a60000 r--p 00000000 00:36 5341                       /cvmfs/sft.cern.ch/lcg/releases/ROOT/v6.20.06-3f7fd/x86_64-centos7-gcc8-opt/lib/Core.pcm
2b98a9a60000-2b98a9b88000 r--p 00000000 00:36 5474                       /cvmfs/sft.cern.ch/lcg/releases/ROOT/v6.20.06-3f7fd/x86_64-centos7-gcc8-opt/lib/Gdml.pcm
2b98a9b88000-2b98a9ce5000 r--p 00000000 00:36 4792                       /cvmfs/sft.cern.ch/lcg/releases/ROOT/v6.20.06-3f7fd/x86_64-centos7-gcc8-opt/lib/WebGui6.pcm
2b98a9d04000-2b98a9fe2000 r--p 00000000 00:36 5375                       /cvmfs/sft.cern.ch/lcg/releases/ROOT/v6.20.06-3f7fd/x86_64-centos7-gcc8-opt/lib/RIO.pcm
2b98a9fe2000-2b98aa172000 r--p 00000000 00:36 5405                       /cvmfs/sft.cern.ch/lcg/releases/ROOT/v6.20.06-3f7fd/x86_64-centos7-gcc8-opt/lib/Thread.pcm
2b98aa172000-2b98aa5b7000 r--p 00000000 00:36 5323                       /cvmfs/sft.cern.ch/lcg/releases/ROOT/v6.20.06-3f7fd/x86_64-centos7-gcc8-opt/lib/Hist.pcm
2b98aa5b7000-2b98aada7000 r--p 00000000 00:36 5529                       /cvmfs/sft.cern.ch/lcg/releases/ROOT/v6.20.06-3f7fd/x86_64-centos7-gcc8-opt/lib/MathCore.pcm
2b98aada7000-2b98aae6c000 r--p 00000000 00:36 5398                       /cvmfs/sft.cern.ch/lcg/releases/ROOT/v6.20.06-3f7fd/x86_64-centos7-gcc8-opt/lib/Imt.pcm
2b98aae6c000-2b98aafe7000 r--p 00000000 00:36 5360                       /cvmfs/sft.cern.ch/lcg/releases/ROOT/v6.20.06-3f7fd/x86_64-centos7-gcc8-opt/lib/Matrix.pcm
2b98aafe7000-2b98ab05d000 r--p 00000000 00:36 5425                       /cvmfs/sft.cern.ch/lcg/releases/ROOT/v6.20.06-3f7fd/x86_64-centos7-gcc8-opt/lib/XMLParser.pcm
2b98ab05d000-2b98ab18a000 r--p 00000000 00:36 4785                       /cvmfs/sft.cern.ch/lcg/releases/ROOT/v6.20.06-3f7fd/x86_64-centos7-gcc8-opt/lib/RHTTP.pcm
2b98ab18a000-2b98ab22e000 r--p 00000000 00:36 5082                       /cvmfs/sft.cern.ch/lcg/releases/ROOT/v6.20.06-3f7fd/x86_64-centos7-gcc8-opt/lib/FitPanel.pcm
2b98ab22e000-2b98ab55b000 r--p 00000000 00:36 5402                       /cvmfs/sft.cern.ch/lcg/releases/ROOT/v6.20.06-3f7fd/x86_64-centos7-gcc8-opt/lib/Gui.pcm
2b98ab55b000-2b98ab656000 r--p 00000000 00:36 4782                       /cvmfs/sft.cern.ch/lcg/releases/ROOT/v6.20.06-3f7fd/x86_64-centos7-gcc8-opt/lib/Graf.pcm
2b98ab656000-2b98ab8ef000 r--p 00000000 00:36 5620                       /cvmfs/sft.cern.ch/lcg/releases/ROOT/v6.20.06-3f7fd/x86_64-centos7-gcc8-opt/lib/ROOTVecOps.pcm
2b98ab8ef000-2b98ab985000 r--p 00000000 00:36 5307                       /cvmfs/sft.cern.ch/lcg/releases/ROOT/v6.20.06-3f7fd/x86_64-centos7-gcc8-opt/lib/RDAVIX.pcm
2b98ab985000-2b98aba70000 r--p 00000000 00:36 5348                       /cvmfs/sft.cern.ch/lcg/releases/ROOT/v6.20.06-3f7fd/x86_64-centos7-gcc8-opt/lib/RMySQL.pcm
2b98aba70000-2b98abb7b000 r--p 00000000 00:36 5313                       /cvmfs/sft.cern.ch/lcg/releases/ROOT/v6.20.06-3f7fd/x86_64-centos7-gcc8-opt/lib/Net.pcm
2b98abb7b000-2b98abbe8000 r--p 00000000 00:36 5338                       /cvmfs/sft.cern.ch/lcg/releases/ROOT/v6.20.06-3f7fd/x86_64-centos7-gcc8-opt/lib/GFAL.pcm
2b98abc1d000-2b98abcd4000 r--p 00000000 00:36 5556                       /cvmfs/sft.cern.ch/lcg/releases/ROOT/v6.20.06-3f7fd/x86_64-centos7-gcc8-opt/lib/Physics.pcm
2b98abcd4000-2b98abd4d000 r--p 00000000 00:36 5539                       /cvmfs/sft.cern.ch/lcg/releases/ROOT/v6.20.06-3f7fd/x86_64-centos7-gcc8-opt/lib/Genetic.pcm
2b98abd4d000-2b98abfaf000 r--p 00000000 00:36 5412                       /cvmfs/sft.cern.ch/lcg/releases/ROOT/v6.20.06-3f7fd/x86_64-centos7-gcc8-opt/lib/Tree.pcm
2b98abfaf000-2b98ac023000 r--p 00000000 00:36 5373                       /cvmfs/sft.cern.ch/lcg/releases/ROOT/v6.20.06-3f7fd/x86_64-centos7-gcc8-opt/lib/DCache.pcm
2b98ac023000-2b98ac0f4000 r--p 00000000 00:36 5391                       /cvmfs/sft.cern.ch/lcg/releases/ROOT/v6.20.06-3f7fd/x86_64-centos7-gcc8-opt/lib/Gpad.pcm
2b98ac0f4000-2b98ac5d4000 r--p 00000000 00:36 5366                       /cvmfs/sft.cern.ch/lcg/releases/ROOT/v6.20.06-3f7fd/x86_64-centos7-gcc8-opt/lib/RGL.pcm
2b98ac5d4000-2b98ac6c3000 r--p 00000000 00:36 5450                       /cvmfs/sft.cern.ch/lcg/releases/ROOT/v6.20.06-3f7fd/x86_64-centos7-gcc8-opt/lib/Ged.pcm
2b98ac6c3000-2b98ac72b000 r--p 00000000 00:36 5411                       /cvmfs/sft.cern.ch/lcg/releases/ROOT/v6.20.06-3f7fd/x86_64-centos7-gcc8-opt/lib/RCsg.pcm
2b98ac72b000-2b98acc4f000 r--p 00000000 00:36 5421                       /cvmfs/sft.cern.ch/lcg/releases/ROOT/v6.20.06-3f7fd/x86_64-centos7-gcc8-opt/lib/ROOTEve.pcm
2b98acc4f000-2b98acf41000 r--p 00000000 00:36 5310                       /cvmfs/sft.cern.ch/lcg/releases/ROOT/v6.20.06-3f7fd/x86_64-centos7-gcc8-opt/lib/Geom.pcm
2b98acf41000-2b98ad0cd000 r--p 00000000 00:36 5363                       /cvmfs/sft.cern.ch/lcg/releases/ROOT/v6.20.06-3f7fd/x86_64-centos7-gcc8-opt/lib/ROOTWebDisplay.pcm
2b98ad0cd000-2b98ad160000 r--p 00000000 00:36 5062                       /cvmfs/sft.cern.ch/lcg/releases/ROOT/v6.20.06-3f7fd/x86_64-centos7-gcc8-opt/lib/EG.pcm
2b98ad160000-2b98ad233000 r--p 00000000 00:36 5401                       /cvmfs/sft.cern.ch/lcg/releases/ROOT/v6.20.06-3f7fd/x86_64-centos7-gcc8-opt/lib/Graf3d.pcm
2b98ad233000-2b98ad294000 rw-p 00000000 00:00 0 
2b98ad294000-2b98ad61b000 r--p 00000000 00:36 5027                       /cvmfs/sft.cern.ch/lcg/releases/ROOT/v6.20.06-3f7fd/x86_64-centos7-gcc8-opt/lib/TreePlayer.pcm
2b98ad61b000-2b98ad72c000 r--p 00000000 00:36 5294                       /cvmfs/sft.cern.ch/lcg/releases/ROOT/v6.20.06-3f7fd/x86_64-centos7-gcc8-opt/lib/MultiProc.pcm
2b98ad72c000-2b98ad799000 r--p 00000000 00:36 5418                       /cvmfs/sft.cern.ch/lcg/releases/ROOT/v6.20.06-3f7fd/x86_64-centos7-gcc8-opt/lib/SPlot.pcm
2b98ad799000-2b98ad80b000 r--p 00000000 00:36 5368                       /cvmfs/sft.cern.ch/lcg/releases/ROOT/v6.20.06-3f7fd/x86_64-centos7-gcc8-opt/lib/Hbook.pcm
2b98ad80b000-2b98ad8e4000 r--p 00000000 00:36 5317                       /cvmfs/sft.cern.ch/lcg/releases/ROOT/v6.20.06-3f7fd/x86_64-centos7-gcc8-opt/lib/GeomBuilder.pcm
2b98ad8e4000-2b98ad955000 r--p 00000000 00:36 4898                       /cvmfs/sft.cern.ch/lcg/releases/ROOT/v6.20.06-3f7fd/x86_64-centos7-gcc8-opt/lib/Rint.pcm
2b98ad955000-2b98adacf000 r--p 00000000 00:36 5342                       /cvmfs/sft.cern.ch/lcg/releases/ROOT/v6.20.06-3f7fd/x86_64-centos7-gcc8-opt/lib/Proof.pcm
2b98adacf000-2b98adb5c000 r--p 00000000 00:36 5386                       /cvmfs/sft.cern.ch/lcg/releases/ROOT/v6.20.06-3f7fd/x86_64-centos7-gcc8-opt/lib/Recorder.pcm
2b98adb5c000-2b98adbe9000 r--p 00000000 00:36 4778                       /cvmfs/sft.cern.ch/lcg/releases/ROOT/v6.20.06-3f7fd/x86_64-centos7-gcc8-opt/lib/GuiBld.pcm
2b98adbe9000-2b98adcde000 r--p 00000000 00:36 4783                       /cvmfs/sft.cern.ch/lcg/releases/ROOT/v6.20.06-3f7fd/x86_64-centos7-gcc8-opt/lib/XMLIO.pcm
2b98adcde000-2b98add4c000 r--p 00000000 00:36 5520                       /cvmfs/sft.cern.ch/lcg/releases/ROOT/v6.20.06-3f7fd/x86_64-centos7-gcc8-opt/lib/GX11TTF.pcm
2b98add4c000-2b98addc3000 r--p 00000000 00:36 5377                       /cvmfs/sft.cern.ch/lcg/releases/ROOT/v6.20.06-3f7fd/x86_64-centos7-gcc8-opt/lib/GX11.pcm
2b98addc3000-2b98ade84000 r--p 00000000 00:36 5350                       /cvmfs/sft.cern.ch/lcg/releases/ROOT/v6.20.06-3f7fd/x86_64-centos7-gcc8-opt/lib/ProofPlayer.pcm
2b98ade84000-2b98ae200000 r--p 00000000 00:36 5362                       /cvmfs/sft.cern.ch/lcg/releases/ROOT/v6.20.06-3f7fd/x86_64-centos7-gcc8-opt/lib/ROOTHistDraw.pcm
2b98ae200000-2b98ae75c000 r--p 00000000 00:36 7548                       /cvmfs/sft.cern.ch/lcg/releases/ROOT/v6.20.06-3f7fd/x86_64-centos7-gcc8-opt/lib/ROOTGpadv7.pcm
2b98ae75c000-2b98ae9f2000 r--p 00000000 00:36 5269                       /cvmfs/sft.cern.ch/lcg/releases/ROOT/v6.20.06-3f7fd/x86_64-centos7-gcc8-opt/lib/ROOTHist.pcm
2b98ae9f2000-2b98aeb22000 r--p 00000000 00:36 5353                       /cvmfs/sft.cern.ch/lcg/releases/ROOT/v6.20.06-3f7fd/x86_64-centos7-gcc8-opt/lib/MathMore.pcm
2b98aeb22000-2b98aeb95000 r--p 00000000 00:36 4998                       /cvmfs/sft.cern.ch/lcg/releases/ROOT/v6.20.06-3f7fd/x86_64-centos7-gcc8-opt/lib/Netx.pcm
2b98aeb95000-2b98aec06000 r--p 00000000 00:36 6480                       /cvmfs/sft.cern.ch/lcg/releases/ROOT/v6.20.06-3f7fd/x86_64-centos7-gcc8-opt/lib/SpectrumPainter.pcm
2b98aec06000-2b98aec90000 r--p 00000000 00:36 5346                       /cvmfs/sft.cern.ch/lcg/releases/ROOT/v6.20.06-3f7fd/x86_64-centos7-gcc8-opt/lib/NetxNG.pcm
2b98aec90000-2b98aed1b000 r--p 00000000 00:36 5290                       /cvmfs/sft.cern.ch/lcg/releases/ROOT/v6.20.06-3f7fd/x86_64-centos7-gcc8-opt/lib/Minuit.pcm
2b98aed1b000-2b98afcfc000 r--p 00000000 00:36 5298                       /cvmfs/sft.cern.ch/lcg/releases/ROOT/v6.20.06-3f7fd/x86_64-centos7-gcc8-opt/lib/TMVA.pcm
2b98afcfc000-2b98b084a000 r--p 00000000 00:36 5538                       /cvmfs/sft.cern.ch/lcg/releases/ROOT/v6.20.06-3f7fd/x86_64-centos7-gcc8-opt/lib/ROOTDataFrame.pcm
2b98b084a000-2b98b094b000 rw-p 00000000 00:00 0 
2b98b094b000-2b98b0e92000 rw-p 00000000 00:00 0 
2b98b0e92000-2b98b0fa4000 r--p 00000000 00:36 5393                       /cvmfs/sft.cern.ch/lcg/releases/ROOT/v6.20.06-3f7fd/x86_64-centos7-gcc8-opt/lib/ROOTFitPanelv7.pcm
2b98b0fa4000-2b98b125b000 r--p 00000000 00:36 5408                       /cvmfs/sft.cern.ch/lcg/releases/ROOT/v6.20.06-3f7fd/x86_64-centos7-gcc8-opt/lib/Smatrix.pcm
2b98b125b000-2b98b12df000 r--p 00000000 00:36 5068                       /cvmfs/sft.cern.ch/lcg/releases/ROOT/v6.20.06-3f7fd/x86_64-centos7-gcc8-opt/lib/PyROOT.pcm
2b98b12df000-2b98b1386000 r--p 00000000 00:36 5420                       /cvmfs/sft.cern.ch/lcg/releases/ROOT/v6.20.06-3f7fd/x86_64-centos7-gcc8-opt/lib/SessionViewer.pcm
2b98b1386000-2b98b1415000 r--p 00000000 00:36 4847                       /cvmfs/sft.cern.ch/lcg/releases/ROOT/v6.20.06-3f7fd/x86_64-centos7-gcc8-opt/lib/PyMVA.pcm
2b98b1415000-2b98b14a0000 r--p 00000000 00:36 5370                       /cvmfs/sft.cern.ch/lcg/releases/ROOT/v6.20.06-3f7fd/x86_64-centos7-gcc8-opt/lib/HistPainter.pcm
2b98b14a0000-2b98b156d000 r--p 00000000 00:36 5477                       /cvmfs/sft.cern.ch/lcg/releases/ROOT/v6.20.06-3f7fd/x86_64-centos7-gcc8-opt/lib/ProofDraw.pcm
2b98b156d000-2b98b1619000 r--p 00000000 00:36 5302                       /cvmfs/sft.cern.ch/lcg/releases/ROOT/v6.20.06-3f7fd/x86_64-centos7-gcc8-opt/lib/Unuran.pcm
2b98b1619000-2b98b16b0000 r--p 00000000 00:36 5344                       /cvmfs/sft.cern.ch/lcg/releases/ROOT/v6.20.06-3f7fd/x86_64-centos7-gcc8-opt/lib/Quadp.pcm
2b98b16b0000-2b98b1bc7000 r--p 00000000 00:36 5517                       /cvmfs/sft.cern.ch/lcg/releases/ROOT/v6.20.06-3f7fd/x86_64-centos7-gcc8-opt/lib/Eve.pcm
2b98b1bc7000-2b98b1c76000 r--p 00000000 00:36 5887                       /cvmfs/sft.cern.ch/lcg/releases/ROOT/v6.20.06-3f7fd/x86_64-centos7-gcc8-opt/lib/TreeViewer.pcm
2b98b1c76000-2b98b1cf9000 r--p 00000000 00:36 5333                       /cvmfs/sft.cern.ch/lcg/releases/ROOT/v6.20.06-3f7fd/x86_64-centos7-gcc8-opt/lib/GeomPainter.pcm
2b98b1cf9000-2b98b2381000 r--p 00000000 00:36 5316                       /cvmfs/sft.cern.ch/lcg/releases/ROOT/v6.20.06-3f7fd/x86_64-centos7-gcc8-opt/lib/ROOTNTuple.pcm
2b98b2381000-2b98b267d000 r--p 00000000 00:36 5250                       /cvmfs/sft.cern.ch/lcg/releases/ROOT/v6.20.06-3f7fd/x86_64-centos7-gcc8-opt/lib/HistFactory.pcm
2b98b267d000-2b98b3553000 r--p 00000000 00:36 5426                       /cvmfs/sft.cern.ch/lcg/releases/ROOT/v6.20.06-3f7fd/x86_64-centos7-gcc8-opt/lib/RooFitCore.pcm
2b98b3553000-2b98b35d4000 r--p 00000000 00:36 5340                       /cvmfs/sft.cern.ch/lcg/releases/ROOT/v6.20.06-3f7fd/x86_64-centos7-gcc8-opt/lib/Foam.pcm
2b98b35d4000-2b98b3664000 r--p 00000000 00:36 5414                       /cvmfs/sft.cern.ch/lcg/releases/ROOT/v6.20.06-3f7fd/x86_64-centos7-gcc8-opt/lib/Spectrum.pcm
2b98b3664000-2b98b36fd000 r--p 00000000 00:36 5424                       /cvmfs/sft.cern.ch/lcg/releases/ROOT/v6.20.06-3f7fd/x86_64-centos7-gcc8-opt/lib/GuiHtml.pcm
2b98b36fd000-2b98b3786000 r--p 00000000 00:36 5471                       /cvmfs/sft.cern.ch/lcg/releases/ROOT/v6.20.06-3f7fd/x86_64-centos7-gcc8-opt/lib/Postscript.pcm
2b98b3786000-2b98b381d000 r--p 00000000 00:36 5392                       /cvmfs/sft.cern.ch/lcg/releases/ROOT/v6.20.06-3f7fd/x86_64-centos7-gcc8-opt/lib/TMVAGui.pcm
2b98b381d000-2b98b39c8000 r--p 00000000 00:36 5446                       /cvmfs/sft.cern.ch/lcg/releases/ROOT/v6.20.06-3f7fd/x86_64-centos7-gcc8-opt/lib/Html.pcm
2b98b39c8000-2b98b3a3c000 r--p 00000000 00:36 5030                       /cvmfs/sft.cern.ch/lcg/releases/ROOT/v6.20.06-3f7fd/x86_64-centos7-gcc8-opt/lib/Fumili.pcm
2b98b3a3c000-2b98b3abb000 r--p 00000000 00:36 5349                       /cvmfs/sft.cern.ch/lcg/releases/ROOT/v6.20.06-3f7fd/x86_64-centos7-gcc8-opt/lib/RooFitMore.pcm
2b98b3abb000-2b98b3b2d000 r--p 00000000 00:36 5385                       /cvmfs/sft.cern.ch/lcg/releases/ROOT/v6.20.06-3f7fd/x86_64-centos7-gcc8-opt/lib/X3d.pcm
2b98b3b2d000-2b98b3fe7000 r--p 00000000 00:36 5300                       /cvmfs/sft.cern.ch/lcg/releases/ROOT/v6.20.06-3f7fd/x86_64-centos7-gcc8-opt/lib/Oracle.pcm
2b98b3fe7000-2b98b4123000 rw-p 00000000 00:00 0 
2b98b4123000-2b98b4e7d000 r--p 00000000 00:36 5322                       /cvmfs/sft.cern.ch/lcg/releases/ROOT/v6.20.06-3f7fd/x86_64-centos7-gcc8-opt/lib/RooFit.pcm
2b98b4e7d000-2b98b51f7000 r--p 00000000 00:36 5292                       /cvmfs/sft.cern.ch/lcg/releases/ROOT/v6.20.06-3f7fd/x86_64-centos7-gcc8-opt/lib/RooStats.pcm
2b98b51f7000-2b98b526c000 r--p 00000000 00:36 5308                       /cvmfs/sft.cern.ch/lcg/releases/ROOT/v6.20.06-3f7fd/x86_64-centos7-gcc8-opt/lib/FFTW.pcm
2b98b526c000-2b98b530c000 r--p 00000000 00:36 8102                       /cvmfs/sft.cern.ch/lcg/releases/ROOT/v6.20.06-3f7fd/x86_64-centos7-gcc8-opt/lib/SQLIO.pcm
2b98b530c000-2b98b5387000 r--p 00000000 00:36 5335                       /cvmfs/sft.cern.ch/lcg/releases/ROOT/v6.20.06-3f7fd/x86_64-centos7-gcc8-opt/lib/ASImage.pcm
2b98b5387000-2b98b542e000 r--p 00000000 00:36 5334                       /cvmfs/sft.cern.ch/lcg/releases/ROOT/v6.20.06-3f7fd/x86_64-centos7-gcc8-opt/lib/Proofx.pcm
2b98b542e000-2b98b56d1000 r--p 00000000 00:36 5133                       /cvmfs/sft.cern.ch/lcg/releases/ROOT/v6.20.06-3f7fd/x86_64-centos7-gcc8-opt/lib/Minuit2.pcm
2b98b56d1000-2b98b574b000 r--p 00000000 00:36 5376                       /cvmfs/sft.cern.ch/lcg/releases/ROOT/v6.20.06-3f7fd/x86_64-centos7-gcc8-opt/lib/MLP.pcm
2b98b574b000-2b98b59ef000 r--p 00000000 00:36 5447                       /cvmfs/sft.cern.ch/lcg/releases/ROOT/v6.20.06-3f7fd/x86_64-centos7-gcc8-opt/lib/GenVector.pcm
2b98b59ef000-2b98b5b95000 r--p 00000000 00:36 5434                       /cvmfs/sft.cern.ch/lcg/releases/ROOT/v6.20.06-3f7fd/x86_64-centos7-gcc8-opt/lib/ROOTBrowserv7.pcm
2b98b5b95000-2b98b5c10000 r--p 00000000 00:36 5410                       /cvmfs/sft.cern.ch/lcg/releases/ROOT/v6.20.06-3f7fd/x86_64-centos7-gcc8-opt/lib/RootAuth.pcm
2b98b5c10000-2b98b5c81000 r--p 00000000 00:36 5343                       /cvmfs/sft.cern.ch/lcg/releases/ROOT/v6.20.06-3f7fd/x86_64-centos7-gcc8-opt/lib/ASImageGui.pcm
2b98b5c81000-2b98b5d03000 r--p 00000000 00:36 5395                       /cvmfs/sft.cern.ch/lcg/releases/ROOT/v6.20.06-3f7fd/x86_64-centos7-gcc8-opt/lib/Gviz3d.pcm
2b98b5d03000-2b98b5d99000 r--p 00000000 00:36 4896                       /cvmfs/sft.cern.ch/lcg/releases/ROOT/v6.20.06-3f7fd/x86_64-centos7-gcc8-opt/lib/ROOTGraphicsPrimitives.pcm
2b98b5d99000-2b98b5db9000 r-xp 00000000 fd:00 3147233                    /usr/lib64/ld-2.17.so
2b98b5db9000-2b98b5fb9000 ---p 00020000 fd:00 3147233                    /usr/lib64/ld-2.17.so
2b98b5fb9000-2b98b5fba000 r--p 00020000 fd:00 3147233                    /usr/lib64/ld-2.17.so
2b98b5fba000-2b98b5fbb000 rw-p 00021000 fd:00 3147233                    /usr/lib64/ld-2.17.so
2b98b5fbb000-2b98b5fbc000 rw-p 00000000 00:00 0 
7fff29d33000-7fff29d59000 rw-p 00000000 00:00 0                          [stack]
7fff29da5000-7fff29da7000 r-xp 00000000 00:00 0                          [vdso]
ffffffffff600000-ffffffffff601000 r-xp 00000000 00:00 0                  [vsyscall]
