Error in <TChain::SetBranchAddress>: unknown branch -> HLT_mb_sptrk_decision
Error in <TChain::SetBranchAddress>: unknown branch -> HLT_mb_sptrk_prescale
Error in <TTree::SetBranchStatus>: unknown branch -> HLT_mb_sptrk_decision
Error in <TTree::SetBranchStatus>: unknown branch -> HLT_mb_sptrk_prescale
Error in <TTree::SetBranchStatus>: unknown branch -> HLT_mb_sptrk_decision
Error in <TTree::SetBranchStatus>: unknown branch -> HLT_mb_sptrk_prescale
Error in <TTree::SetBranchStatus>: unknown branch -> HLT_mb_sptrk_decision
Error in <TTree::SetBranchStatus>: unknown branch -> HLT_mb_sptrk_prescale
Error in <TTree::SetBranchStatus>: unknown branch -> HLT_mb_sptrk_decision
Error in <TTree::SetBranchStatus>: unknown branch -> HLT_mb_sptrk_prescale
Error in <TTree::SetBranchStatus>: unknown branch -> HLT_mb_sptrk_decision
Error in <TTree::SetBranchStatus>: unknown branch -> HLT_mb_sptrk_prescale
Error in <TTree::SetBranchStatus>: unknown branch -> HLT_mb_sptrk_decision
Error in <TTree::SetBranchStatus>: unknown branch -> HLT_mb_sptrk_prescale
Error in <TTree::SetBranchStatus>: unknown branch -> HLT_mb_sptrk_decision
Error in <TTree::SetBranchStatus>: unknown branch -> HLT_mb_sptrk_prescale
*** Error in `condor_exec.exe': double free or corruption (fasttop): 0x0000000001f69720 ***
======= Backtrace: =========
/usr/lib64/libc.so.6(+0x7c503)[0x2b2c59798503]
/usr/lib64/libc.so.6(__cxa_finalize+0x9a)[0x2b2c59754dba]
/atlasgpfs01/usatlas/workarea/jeff/HadronYieldsAnalysis/lib/libJetHadronSkimmer.so(+0xa9a3)[0x2b2c5843f9a3]
======= Memory map: ========
00400000-0040b000 r-xp 00000000 00:57 5086146                            /gpfs/mnt/atlasgpfs01/usatlas/workarea/jeff/HadronYieldsAnalysis/bin/run.exe
0060a000-0060b000 r--p 0000a000 00:57 5086146                            /gpfs/mnt/atlasgpfs01/usatlas/workarea/jeff/HadronYieldsAnalysis/bin/run.exe
0060b000-0060c000 rw-p 0000b000 00:57 5086146                            /gpfs/mnt/atlasgpfs01/usatlas/workarea/jeff/HadronYieldsAnalysis/bin/run.exe
0060c000-007dc000 rw-p 00000000 00:00 0 
01e8f000-0f6a6000 rw-p 00000000 00:00 0                                  [heap]
2b2c52f1d000-2b2c52f3d000 r-xp 00000000 fd:00 263649                     /usr/lib64/ld-2.17.so
2b2c52f3d000-2b2c52f9e000 rw-p 00000000 00:00 0 
2b2c52fce000-2b2c5309d000 rw-p 00000000 00:00 0 
2b2c530ce000-2b2c5311f000 rw-p 00000000 00:00 0 
2b2c5311f000-2b2c5312c000 r--p 00000000 00:36 5044                       /cvmfs/sft.cern.ch/lcg/releases/ROOT/v6.20.06-3f7fd/x86_64-centos7-gcc8-opt/lib/xlocale.h.pcm
2b2c5312c000-2b2c53139000 r--p 00000000 00:36 5506                       /cvmfs/sft.cern.ch/lcg/releases/ROOT/v6.20.06-3f7fd/x86_64-centos7-gcc8-opt/lib/_Builtin_stddef_max_align_t.pcm
2b2c5313d000-2b2c5313e000 r--p 00020000 fd:00 263649                     /usr/lib64/ld-2.17.so
2b2c5313e000-2b2c5313f000 rw-p 00021000 fd:00 263649                     /usr/lib64/ld-2.17.so
2b2c5313f000-2b2c53140000 rw-p 00000000 00:00 0 
2b2c53140000-2b2c5359f000 r-xp 00000000 00:36 5253                       /cvmfs/sft.cern.ch/lcg/releases/ROOT/v6.20.06-3f7fd/x86_64-centos7-gcc8-opt/lib/libGui.so
2b2c5359f000-2b2c5379f000 ---p 0045f000 00:36 5253                       /cvmfs/sft.cern.ch/lcg/releases/ROOT/v6.20.06-3f7fd/x86_64-centos7-gcc8-opt/lib/libGui.so
2b2c5379f000-2b2c537eb000 r--p 0045f000 00:36 5253                       /cvmfs/sft.cern.ch/lcg/releases/ROOT/v6.20.06-3f7fd/x86_64-centos7-gcc8-opt/lib/libGui.so
2b2c537eb000-2b2c537f0000 rw-p 004ab000 00:36 5253                       /cvmfs/sft.cern.ch/lcg/releases/ROOT/v6.20.06-3f7fd/x86_64-centos7-gcc8-opt/lib/libGui.so
2b2c537f0000-2b2c53801000 rw-p 00000000 00:00 0 
2b2c53801000-2b2c53cd6000 r-xp 00000000 00:36 5344                       /cvmfs/sft.cern.ch/lcg/releases/ROOT/v6.20.06-3f7fd/x86_64-centos7-gcc8-opt/lib/libCore.so
2b2c53cd6000-2b2c53ed5000 ---p 004d5000 00:36 5344                       /cvmfs/sft.cern.ch/lcg/releases/ROOT/v6.20.06-3f7fd/x86_64-centos7-gcc8-opt/lib/libCore.so
2b2c53ed5000-2b2c53eff000 r--p 004d4000 00:36 5344                       /cvmfs/sft.cern.ch/lcg/releases/ROOT/v6.20.06-3f7fd/x86_64-centos7-gcc8-opt/lib/libCore.so
2b2c53eff000-2b2c53f05000 rw-p 004fe000 00:36 5344                       /cvmfs/sft.cern.ch/lcg/releases/ROOT/v6.20.06-3f7fd/x86_64-centos7-gcc8-opt/lib/libCore.so
2b2c53f05000-2b2c53f39000 rw-p 00000000 00:00 0 
2b2c53f39000-2b2c53f47000 r-xp 00000000 00:36 5293                       /cvmfs/sft.cern.ch/lcg/releases/ROOT/v6.20.06-3f7fd/x86_64-centos7-gcc8-opt/lib/libImt.so
2b2c53f47000-2b2c54146000 ---p 0000e000 00:36 5293                       /cvmfs/sft.cern.ch/lcg/releases/ROOT/v6.20.06-3f7fd/x86_64-centos7-gcc8-opt/lib/libImt.so
2b2c54146000-2b2c54147000 r--p 0000d000 00:36 5293                       /cvmfs/sft.cern.ch/lcg/releases/ROOT/v6.20.06-3f7fd/x86_64-centos7-gcc8-opt/lib/libImt.so
2b2c54147000-2b2c54148000 rw-p 0000e000 00:36 5293                       /cvmfs/sft.cern.ch/lcg/releases/ROOT/v6.20.06-3f7fd/x86_64-centos7-gcc8-opt/lib/libImt.so
2b2c54148000-2b2c544dc000 r-xp 00000000 00:36 6317                       /cvmfs/sft.cern.ch/lcg/releases/ROOT/v6.20.06-3f7fd/x86_64-centos7-gcc8-opt/lib/libRIO.so
2b2c544dc000-2b2c546dc000 ---p 00394000 00:36 6317                       /cvmfs/sft.cern.ch/lcg/releases/ROOT/v6.20.06-3f7fd/x86_64-centos7-gcc8-opt/lib/libRIO.so
2b2c546dc000-2b2c546e9000 r--p 00394000 00:36 6317                       /cvmfs/sft.cern.ch/lcg/releases/ROOT/v6.20.06-3f7fd/x86_64-centos7-gcc8-opt/lib/libRIO.so
2b2c546e9000-2b2c546ec000 rw-p 003a1000 00:36 6317                       /cvmfs/sft.cern.ch/lcg/releases/ROOT/v6.20.06-3f7fd/x86_64-centos7-gcc8-opt/lib/libRIO.so
2b2c546ec000-2b2c546ef000 rw-p 00000000 00:00 0 
2b2c546ef000-2b2c547ba000 r-xp 00000000 00:36 5545                       /cvmfs/sft.cern.ch/lcg/releases/ROOT/v6.20.06-3f7fd/x86_64-centos7-gcc8-opt/lib/libNet.so
2b2c547ba000-2b2c549b9000 ---p 000cb000 00:36 5545                       /cvmfs/sft.cern.ch/lcg/releases/ROOT/v6.20.06-3f7fd/x86_64-centos7-gcc8-opt/lib/libNet.so
2b2c549b9000-2b2c549c5000 r--p 000ca000 00:36 5545                       /cvmfs/sft.cern.ch/lcg/releases/ROOT/v6.20.06-3f7fd/x86_64-centos7-gcc8-opt/lib/libNet.so
2b2c549c5000-2b2c549c7000 rw-p 000d6000 00:36 5545                       /cvmfs/sft.cern.ch/lcg/releases/ROOT/v6.20.06-3f7fd/x86_64-centos7-gcc8-opt/lib/libNet.so
2b2c549c7000-2b2c549ce000 rw-p 00000000 00:00 0 
2b2c549ce000-2b2c54d8b000 r-xp 00000000 00:36 5454                       /cvmfs/sft.cern.ch/lcg/releases/ROOT/v6.20.06-3f7fd/x86_64-centos7-gcc8-opt/lib/libHist.so
2b2c54d8b000-2b2c54f8a000 ---p 003bd000 00:36 5454                       /cvmfs/sft.cern.ch/lcg/releases/ROOT/v6.20.06-3f7fd/x86_64-centos7-gcc8-opt/lib/libHist.so
2b2c54f8a000-2b2c54fb4000 r--p 003bc000 00:36 5454                       /cvmfs/sft.cern.ch/lcg/releases/ROOT/v6.20.06-3f7fd/x86_64-centos7-gcc8-opt/lib/libHist.so
2b2c54fb4000-2b2c54fb8000 rw-p 003e6000 00:36 5454                       /cvmfs/sft.cern.ch/lcg/releases/ROOT/v6.20.06-3f7fd/x86_64-centos7-gcc8-opt/lib/libHist.so
2b2c54fb8000-2b2c54fc3000 rw-p 00000000 00:00 0 
2b2c54fc3000-2b2c5510d000 r-xp 00000000 00:36 5062                       /cvmfs/sft.cern.ch/lcg/releases/ROOT/v6.20.06-3f7fd/x86_64-centos7-gcc8-opt/lib/libGraf.so
2b2c5510d000-2b2c5530c000 ---p 0014a000 00:36 5062                       /cvmfs/sft.cern.ch/lcg/releases/ROOT/v6.20.06-3f7fd/x86_64-centos7-gcc8-opt/lib/libGraf.so
2b2c5530c000-2b2c5531a000 r--p 00149000 00:36 5062                       /cvmfs/sft.cern.ch/lcg/releases/ROOT/v6.20.06-3f7fd/x86_64-centos7-gcc8-opt/lib/libGraf.so
2b2c5531a000-2b2c5531e000 rw-p 00157000 00:36 5062                       /cvmfs/sft.cern.ch/lcg/releases/ROOT/v6.20.06-3f7fd/x86_64-centos7-gcc8-opt/lib/libGraf.so
2b2c5531e000-2b2c5532c000 rw-p 00000000 00:00 0 
2b2c5532c000-2b2c553cb000 r-xp 00000000 00:36 5416                       /cvmfs/sft.cern.ch/lcg/releases/ROOT/v6.20.06-3f7fd/x86_64-centos7-gcc8-opt/lib/libGraf3d.so
2b2c553cb000-2b2c555ca000 ---p 0009f000 00:36 5416                       /cvmfs/sft.cern.ch/lcg/releases/ROOT/v6.20.06-3f7fd/x86_64-centos7-gcc8-opt/lib/libGraf3d.so
2b2c555ca000-2b2c555d4000 r--p 0009e000 00:36 5416                       /cvmfs/sft.cern.ch/lcg/releases/ROOT/v6.20.06-3f7fd/x86_64-centos7-gcc8-opt/lib/libGraf3d.so
2b2c555d4000-2b2c555d5000 rw-p 000a8000 00:36 5416                       /cvmfs/sft.cern.ch/lcg/releases/ROOT/v6.20.06-3f7fd/x86_64-centos7-gcc8-opt/lib/libGraf3d.so
2b2c555d5000-2b2c555d9000 rw-p 00000000 00:00 0 
2b2c555d9000-2b2c556b4000 r-xp 00000000 00:36 5089                       /cvmfs/sft.cern.ch/lcg/releases/ROOT/v6.20.06-3f7fd/x86_64-centos7-gcc8-opt/lib/libGpad.so
2b2c556b4000-2b2c558b3000 ---p 000db000 00:36 5089                       /cvmfs/sft.cern.ch/lcg/releases/ROOT/v6.20.06-3f7fd/x86_64-centos7-gcc8-opt/lib/libGpad.so
2b2c558b3000-2b2c558bd000 r--p 000da000 00:36 5089                       /cvmfs/sft.cern.ch/lcg/releases/ROOT/v6.20.06-3f7fd/x86_64-centos7-gcc8-opt/lib/libGpad.so
2b2c558bd000-2b2c558bf000 rw-p 000e4000 00:36 5089                       /cvmfs/sft.cern.ch/lcg/releases/ROOT/v6.20.06-3f7fd/x86_64-centos7-gcc8-opt/lib/libGpad.so
2b2c558bf000-2b2c558c0000 rw-p 00000000 00:00 0 
2b2c558c0000-2b2c55995000 r-xp 00000000 00:36 5012                       /cvmfs/sft.cern.ch/lcg/releases/ROOT/v6.20.06-3f7fd/x86_64-centos7-gcc8-opt/lib/libROOTVecOps.so
2b2c55995000-2b2c55b94000 ---p 000d5000 00:36 5012                       /cvmfs/sft.cern.ch/lcg/releases/ROOT/v6.20.06-3f7fd/x86_64-centos7-gcc8-opt/lib/libROOTVecOps.so
2b2c55b94000-2b2c55b96000 r--p 000d4000 00:36 5012                       /cvmfs/sft.cern.ch/lcg/releases/ROOT/v6.20.06-3f7fd/x86_64-centos7-gcc8-opt/lib/libROOTVecOps.so
2b2c55b96000-2b2c55b97000 rw-p 000d6000 00:36 5012                       /cvmfs/sft.cern.ch/lcg/releases/ROOT/v6.20.06-3f7fd/x86_64-centos7-gcc8-opt/lib/libROOTVecOps.so
2b2c55b97000-2b2c55b99000 rw-p 00000000 00:00 0 
2b2c55b99000-2b2c55d03000 r-xp 00000000 00:36 5467                       /cvmfs/sft.cern.ch/lcg/releases/ROOT/v6.20.06-3f7fd/x86_64-centos7-gcc8-opt/lib/libTree.so
2b2c55d03000-2b2c55f02000 ---p 0016a000 00:36 5467                       /cvmfs/sft.cern.ch/lcg/releases/ROOT/v6.20.06-3f7fd/x86_64-centos7-gcc8-opt/lib/libTree.so
2b2c55f02000-2b2c55f12000 r--p 00169000 00:36 5467                       /cvmfs/sft.cern.ch/lcg/releases/ROOT/v6.20.06-3f7fd/x86_64-centos7-gcc8-opt/lib/libTree.so
2b2c55f12000-2b2c55f15000 rw-p 00179000 00:36 5467                       /cvmfs/sft.cern.ch/lcg/releases/ROOT/v6.20.06-3f7fd/x86_64-centos7-gcc8-opt/lib/libTree.so
2b2c55f15000-2b2c55f19000 rw-p 00000000 00:00 0 
2b2c55f19000-2b2c5608d000 r-xp 00000000 00:36 5262                       /cvmfs/sft.cern.ch/lcg/releases/ROOT/v6.20.06-3f7fd/x86_64-centos7-gcc8-opt/lib/libTreePlayer.so
2b2c5608d000-2b2c5628c000 ---p 00174000 00:36 5262                       /cvmfs/sft.cern.ch/lcg/releases/ROOT/v6.20.06-3f7fd/x86_64-centos7-gcc8-opt/lib/libTreePlayer.so
2b2c5628c000-2b2c56297000 r--p 00173000 00:36 5262                       /cvmfs/sft.cern.ch/lcg/releases/ROOT/v6.20.06-3f7fd/x86_64-centos7-gcc8-opt/lib/libTreePlayer.so
2b2c56297000-2b2c56299000 rw-p 0017e000 00:36 5262                       /cvmfs/sft.cern.ch/lcg/releases/ROOT/v6.20.06-3f7fd/x86_64-centos7-gcc8-opt/lib/libTreePlayer.so
2b2c56299000-2b2c562a0000 rw-p 00000000 00:00 0 
2b2c562a0000-2b2c562c7000 r-xp 00000000 00:36 5074                       /cvmfs/sft.cern.ch/lcg/releases/ROOT/v6.20.06-3f7fd/x86_64-centos7-gcc8-opt/lib/libRint.so
2b2c562c7000-2b2c564c6000 ---p 00027000 00:36 5074                       /cvmfs/sft.cern.ch/lcg/releases/ROOT/v6.20.06-3f7fd/x86_64-centos7-gcc8-opt/lib/libRint.so
2b2c564c6000-2b2c564c8000 r--p 00026000 00:36 5074                       /cvmfs/sft.cern.ch/lcg/releases/ROOT/v6.20.06-3f7fd/x86_64-centos7-gcc8-opt/lib/libRint.so
2b2c564c8000-2b2c564c9000 rw-p 00028000 00:36 5074                       /cvmfs/sft.cern.ch/lcg/releases/ROOT/v6.20.06-3f7fd/x86_64-centos7-gcc8-opt/lib/libRint.so
2b2c564c9000-2b2c56538000 r-xp 00000000 00:36 5439                       /cvmfs/sft.cern.ch/lcg/releases/ROOT/v6.20.06-3f7fd/x86_64-centos7-gcc8-opt/lib/libPostscript.so
2b2c56538000-2b2c56738000 ---p 0006f000 00:36 5439                       /cvmfs/sft.cern.ch/lcg/releases/ROOT/v6.20.06-3f7fd/x86_64-centos7-gcc8-opt/lib/libPostscript.so
2b2c56738000-2b2c5673f000 r--p 0006f000 00:36 5439                       /cvmfs/sft.cern.ch/lcg/releases/ROOT/v6.20.06-3f7fd/x86_64-centos7-gcc8-opt/lib/libPostscript.so
2b2c5673f000-2b2c56740000 rw-p 00076000 00:36 5439                       /cvmfs/sft.cern.ch/lcg/releases/ROOT/v6.20.06-3f7fd/x86_64-centos7-gcc8-opt/lib/libPostscript.so
2b2c56740000-2b2c56741000 rw-p 00000000 00:00 0 
2b2c56741000-2b2c568ac000 r-xp 00000000 00:36 5481                       /cvmfs/sft.cern.ch/lcg/releases/ROOT/v6.20.06-3f7fd/x86_64-centos7-gcc8-opt/lib/libMatrix.so
2b2c568ac000-2b2c56aab000 ---p 0016b000 00:36 5481                       /cvmfs/sft.cern.ch/lcg/releases/ROOT/v6.20.06-3f7fd/x86_64-centos7-gcc8-opt/lib/libMatrix.so
2b2c56aab000-2b2c56ab3000 r--p 0016a000 00:36 5481                       /cvmfs/sft.cern.ch/lcg/releases/ROOT/v6.20.06-3f7fd/x86_64-centos7-gcc8-opt/lib/libMatrix.so
2b2c56ab3000-2b2c56ab5000 rw-p 00172000 00:36 5481                       /cvmfs/sft.cern.ch/lcg/releases/ROOT/v6.20.06-3f7fd/x86_64-centos7-gcc8-opt/lib/libMatrix.so
2b2c56ab5000-2b2c56ab9000 rw-p 00000000 00:00 0 
2b2c56ab9000-2b2c56b01000 r-xp 00000000 00:36 5097                       /cvmfs/sft.cern.ch/lcg/releases/ROOT/v6.20.06-3f7fd/x86_64-centos7-gcc8-opt/lib/libPhysics.so
2b2c56b01000-2b2c56d01000 ---p 00048000 00:36 5097                       /cvmfs/sft.cern.ch/lcg/releases/ROOT/v6.20.06-3f7fd/x86_64-centos7-gcc8-opt/lib/libPhysics.so
2b2c56d01000-2b2c56d04000 r--p 00048000 00:36 5097                       /cvmfs/sft.cern.ch/lcg/releases/ROOT/v6.20.06-3f7fd/x86_64-centos7-gcc8-opt/lib/libPhysics.so
2b2c56d04000-2b2c56d05000 rw-p 0004b000 00:36 5097                       /cvmfs/sft.cern.ch/lcg/releases/ROOT/v6.20.06-3f7fd/x86_64-centos7-gcc8-opt/lib/libPhysics.so
2b2c56d05000-2b2c56d06000 rw-p 00000000 00:00 0 
2b2c56d06000-2b2c56f03000 r-xp 00000000 00:36 4860                       /cvmfs/sft.cern.ch/lcg/releases/ROOT/v6.20.06-3f7fd/x86_64-centos7-gcc8-opt/lib/libMathCore.so
2b2c56f03000-2b2c57103000 ---p 001fd000 00:36 4860                       /cvmfs/sft.cern.ch/lcg/releases/ROOT/v6.20.06-3f7fd/x86_64-centos7-gcc8-opt/lib/libMathCore.so
2b2c57103000-2b2c5710d000 r--p 001fd000 00:36 4860                       /cvmfs/sft.cern.ch/lcg/releases/ROOT/v6.20.06-3f7fd/x86_64-centos7-gcc8-opt/lib/libMathCore.so
2b2c5710d000-2b2c57110000 rw-p 00207000 00:36 4860                       /cvmfs/sft.cern.ch/lcg/releases/ROOT/v6.20.06-3f7fd/x86_64-centos7-gcc8-opt/lib/libMathCore.so
2b2c57110000-2b2c57119000 rw-p 00000000 00:00 0 
2b2c57119000-2b2c57168000 r-xp 00000000 00:36 5100                       /cvmfs/sft.cern.ch/lcg/releases/ROOT/v6.20.06-3f7fd/x86_64-centos7-gcc8-opt/lib/libThread.so
2b2c57168000-2b2c57367000 ---p 0004f000 00:36 5100                       /cvmfs/sft.cern.ch/lcg/releases/ROOT/v6.20.06-3f7fd/x86_64-centos7-gcc8-opt/lib/libThread.so
2b2c57367000-2b2c5736b000 r--p 0004e000 00:36 5100                       /cvmfs/sft.cern.ch/lcg/releases/ROOT/v6.20.06-3f7fd/x86_64-centos7-gcc8-opt/lib/libThread.so
2b2c5736b000-2b2c5736c000 rw-p 00052000 00:36 5100                       /cvmfs/sft.cern.ch/lcg/releases/ROOT/v6.20.06-3f7fd/x86_64-centos7-gcc8-opt/lib/libThread.so
2b2c5736c000-2b2c5736e000 rw-p 00000000 00:00 0 
2b2c5736e000-2b2c5737a000 r-xp 00000000 00:36 5320                       /cvmfs/sft.cern.ch/lcg/releases/ROOT/v6.20.06-3f7fd/x86_64-centos7-gcc8-opt/lib/libMultiProc.so
2b2c5737a000-2b2c57579000 ---p 0000c000 00:36 5320                       /cvmfs/sft.cern.ch/lcg/releases/ROOT/v6.20.06-3f7fd/x86_64-centos7-gcc8-opt/lib/libMultiProc.so
2b2c57579000-2b2c5757a000 r--p 0000b000 00:36 5320                       /cvmfs/sft.cern.ch/lcg/releases/ROOT/v6.20.06-3f7fd/x86_64-centos7-gcc8-opt/lib/libMultiProc.so
2b2c5757a000-2b2c5757b000 rw-p 0000c000 00:36 5320                       /cvmfs/sft.cern.ch/lcg/releases/ROOT/v6.20.06-3f7fd/x86_64-centos7-gcc8-opt/lib/libMultiProc.so
2b2c5757b000-2b2c5762d000 r-xp 00000000 00:36 5105                       /cvmfs/sft.cern.ch/lcg/releases/ROOT/v6.20.06-3f7fd/x86_64-centos7-gcc8-opt/lib/libROOTDataFrame.so
2b2c5762d000-2b2c5782d000 ---p 000b2000 00:36 5105                       /cvmfs/sft.cern.ch/lcg/releases/ROOT/v6.20.06-3f7fd/x86_64-centos7-gcc8-opt/lib/libROOTDataFrame.so
2b2c5782d000-2b2c57830000 r--p 000b2000 00:36 5105                       /cvmfs/sft.cern.ch/lcg/releases/ROOT/v6.20.06-3f7fd/x86_64-centos7-gcc8-opt/lib/libROOTDataFrame.so
2b2c57830000-2b2c57832000 rw-p 000b5000 00:36 5105                       /cvmfs/sft.cern.ch/lcg/releases/ROOT/v6.20.06-3f7fd/x86_64-centos7-gcc8-opt/lib/libROOTDataFrame.so
2b2c57832000-2b2c57835000 rw-p 00000000 00:00 0 
2b2c57835000-2b2c57837000 r-xp 00000000 fd:00 263662                     /usr/lib64/libdl-2.17.so
2b2c57837000-2b2c57a37000 ---p 00002000 fd:00 263662                     /usr/lib64/libdl-2.17.so
2b2c57a37000-2b2c57a38000 r--p 00002000 fd:00 263662                     /usr/lib64/libdl-2.17.so
2b2c57a38000-2b2c57a39000 rw-p 00003000 fd:00 263662                     /usr/lib64/libdl-2.17.so
2b2c57a39000-2b2c57a48000 r-xp 00000000 00:2f 3362007893                 /direct/usatlas+u/jeff/RootUtilities/lib/libUtilities.so
2b2c57a48000-2b2c57c47000 ---p 0000f000 00:2f 3362007893                 /direct/usatlas+u/jeff/RootUtilities/lib/libUtilities.so
2b2c57c47000-2b2c57c48000 r--p 0000e000 00:2f 3362007893                 /direct/usatlas+u/jeff/RootUtilities/lib/libUtilities.so
2b2c57c48000-2b2c57c49000 rw-p 0000f000 00:2f 3362007893                 /direct/usatlas+u/jeff/RootUtilities/lib/libUtilities.so
2b2c57c49000-2b2c57c51000 r-xp 00000000 00:57 56323298                   /gpfs/mnt/atlasgpfs01/usatlas/workarea/jeff/atlas-hi/lib/libAtlasUtils.so
2b2c57c51000-2b2c57e50000 ---p 00008000 00:57 56323298                   /gpfs/mnt/atlasgpfs01/usatlas/workarea/jeff/atlas-hi/lib/libAtlasUtils.so
2b2c57e50000-2b2c57e51000 r--p 00007000 00:57 56323298                   /gpfs/mnt/atlasgpfs01/usatlas/workarea/jeff/atlas-hi/lib/libAtlasUtils.so
2b2c57e51000-2b2c57e52000 rw-p 00008000 00:57 56323298                   /gpfs/mnt/atlasgpfs01/usatlas/workarea/jeff/atlas-hi/lib/libAtlasUtils.so
2b2c57e52000-2b2c57e54000 r-xp 00000000 00:57 56323256                   /gpfs/mnt/atlasgpfs01/usatlas/workarea/jeff/atlas-hi/lib/libAtlasStyle.so
2b2c57e54000-2b2c58053000 ---p 00002000 00:57 56323256                   /gpfs/mnt/atlasgpfs01/usatlas/workarea/jeff/atlas-hi/lib/libAtlasStyle.so
2b2c58053000-2b2c58054000 r--p 00001000 00:57 56323256                   /gpfs/mnt/atlasgpfs01/usatlas/workarea/jeff/atlas-hi/lib/libAtlasStyle.so
2b2c58054000-2b2c58055000 rw-p 00002000 00:57 56323256                   /gpfs/mnt/atlasgpfs01/usatlas/workarea/jeff/atlas-hi/lib/libAtlasStyle.so
2b2c58055000-2b2c58064000 r-xp 00000000 00:57 5086140                    /gpfs/mnt/atlasgpfs01/usatlas/workarea/jeff/HadronYieldsAnalysis/lib/libLocalUtilities.so
2b2c58064000-2b2c58263000 ---p 0000f000 00:57 5086140                    /gpfs/mnt/atlasgpfs01/usatlas/workarea/jeff/HadronYieldsAnalysis/lib/libLocalUtilities.so
2b2c58263000-2b2c58264000 r--p 0000e000 00:57 5086140                    /gpfs/mnt/atlasgpfs01/usatlas/workarea/jeff/HadronYieldsAnalysis/lib/libLocalUtilities.so
2b2c58264000-2b2c58265000 rw-p 0000f000 00:57 5086140                    /gpfs/mnt/atlasgpfs01/usatlas/workarea/jeff/HadronYieldsAnalysis/lib/libLocalUtilities.so
2b2c58265000-2b2c58435000 rw-p 00000000 00:00 0 
2b2c58435000-2b2c58447000 r-xp 00000000 00:57 5086138                    /gpfs/mnt/atlasgpfs01/usatlas/workarea/jeff/HadronYieldsAnalysis/lib/libJetHadronSkimmer.so
2b2c58447000-2b2c58647000 ---p 00012000 00:57 5086138                    /gpfs/mnt/atlasgpfs01/usatlas/workarea/jeff/HadronYieldsAnalysis/lib/libJetHadronSkimmer.so
2b2c58647000-2b2c58648000 r--p 00012000 00:57 5086138                    /gpfs/mnt/atlasgpfs01/usatlas/workarea/jeff/HadronYieldsAnalysis/lib/libJetHadronSkimmer.so
2b2c58648000-2b2c58649000 rw-p 00013000 00:57 5086138                    /gpfs/mnt/atlasgpfs01/usatlas/workarea/jeff/HadronYieldsAnalysis/lib/libJetHadronSkimmer.so
2b2c58649000-2b2c5887d000 rw-p 00000000 00:00 0 
2b2c5887d000-2b2c5888b000 r-xp 00000000 00:57 5086141                    /gpfs/mnt/atlasgpfs01/usatlas/workarea/jeff/HadronYieldsAnalysis/lib/libZDCAnalysis.so
2b2c5888b000-2b2c58a8b000 ---p 0000e000 00:57 5086141                    /gpfs/mnt/atlasgpfs01/usatlas/workarea/jeff/HadronYieldsAnalysis/lib/libZDCAnalysis.so
2b2c58a8b000-2b2c58a8c000 r--p 0000e000 00:57 5086141                    /gpfs/mnt/atlasgpfs01/usatlas/workarea/jeff/HadronYieldsAnalysis/lib/libZDCAnalysis.so
2b2c58a8c000-2b2c58a8d000 rw-p 0000f000 00:57 5086141                    /gpfs/mnt/atlasgpfs01/usatlas/workarea/jeff/HadronYieldsAnalysis/lib/libZDCAnalysis.so
2b2c58a8d000-2b2c58c5d000 rw-p 00000000 00:00 0 
2b2c58c5d000-2b2c58dd6000 r-xp 00000000 00:36 368335                     /cvmfs/sft.cern.ch/lcg/releases/gcc/8.3.0-cebb0/x86_64-centos7/lib64/libstdc++.so.6.0.25
2b2c58dd6000-2b2c58fd6000 ---p 00179000 00:36 368335                     /cvmfs/sft.cern.ch/lcg/releases/gcc/8.3.0-cebb0/x86_64-centos7/lib64/libstdc++.so.6.0.25
2b2c58fd6000-2b2c58fe0000 r--p 00179000 00:36 368335                     /cvmfs/sft.cern.ch/lcg/releases/gcc/8.3.0-cebb0/x86_64-centos7/lib64/libstdc++.so.6.0.25
2b2c58fe0000-2b2c58fe2000 rw-p 00183000 00:36 368335                     /cvmfs/sft.cern.ch/lcg/releases/gcc/8.3.0-cebb0/x86_64-centos7/lib64/libstdc++.so.6.0.25
2b2c58fe2000-2b2c58fe6000 rw-p 00000000 00:00 0 
2b2c58fe6000-2b2c590e6000 r-xp 00000000 fd:00 263664                     /usr/lib64/libm-2.17.so
2b2c590e6000-2b2c592e6000 ---p 00100000 fd:00 263664                     /usr/lib64/libm-2.17.so
2b2c592e6000-2b2c592e7000 r--p 00100000 fd:00 263664                     /usr/lib64/libm-2.17.so
2b2c592e7000-2b2c592e8000 rw-p 00101000 fd:00 263664                     /usr/lib64/libm-2.17.so
2b2c592e8000-2b2c592ff000 r-xp 00000000 00:36 368161                     /cvmfs/sft.cern.ch/lcg/releases/gcc/8.3.0-cebb0/x86_64-centos7/lib64/libgcc_s.so.1
2b2c592ff000-2b2c594fe000 ---p 00017000 00:36 368161                     /cvmfs/sft.cern.ch/lcg/releases/gcc/8.3.0-cebb0/x86_64-centos7/lib64/libgcc_s.so.1
2b2c594fe000-2b2c594ff000 r--p 00016000 00:36 368161                     /cvmfs/sft.cern.ch/lcg/releases/gcc/8.3.0-cebb0/x86_64-centos7/lib64/libgcc_s.so.1
2b2c594ff000-2b2c59500000 rw-p 00017000 00:36 368161                     /cvmfs/sft.cern.ch/lcg/releases/gcc/8.3.0-cebb0/x86_64-centos7/lib64/libgcc_s.so.1
2b2c59500000-2b2c59517000 r-xp 00000000 fd:00 263682                     /usr/lib64/libpthread-2.17.so
2b2c59517000-2b2c59716000 ---p 00017000 fd:00 263682                     /usr/lib64/libpthread-2.17.so
2b2c59716000-2b2c59717000 r--p 00016000 fd:00 263682                     /usr/lib64/libpthread-2.17.so
2b2c59717000-2b2c59718000 rw-p 00017000 fd:00 263682                     /usr/lib64/libpthread-2.17.so
2b2c59718000-2b2c5971c000 rw-p 00000000 00:00 0 
2b2c5971c000-2b2c598d3000 r-xp 00000000 fd:00 263656                     /usr/lib64/libc-2.17.so
2b2c598d3000-2b2c59ad2000 ---p 001b7000 fd:00 263656                     /usr/lib64/libc-2.17.so
2b2c59ad2000-2b2c59ad6000 r--p 001b6000 fd:00 263656                     /usr/lib64/libc-2.17.so
2b2c59ad6000-2b2c59ad8000 rw-p 001ba000 fd:00 263656                     /usr/lib64/libc-2.17.so
2b2c59ad8000-2b2c59add000 rw-p 00000000 00:00 0 
2b2c59add000-2b2c59b02000 r-xp 00000000 fd:00 263898                     /usr/lib64/liblzma.so.5.2.2
2b2c59b02000-2b2c59d01000 ---p 00025000 fd:00 263898                     /usr/lib64/liblzma.so.5.2.2
2b2c59d01000-2b2c59d02000 r--p 00024000 fd:00 263898                     /usr/lib64/liblzma.so.5.2.2
2b2c59d02000-2b2c59d03000 rw-p 00025000 fd:00 263898                     /usr/lib64/liblzma.so.5.2.2
2b2c59d03000-2b2c59d1c000 r-xp 00000000 00:36 349771                     /cvmfs/sft.cern.ch/lcg/releases/zlib/1.2.11-da225/x86_64-centos7-gcc8-opt/lib/libz.so.1.2.11
2b2c59d1c000-2b2c59f1b000 ---p 00019000 00:36 349771                     /cvmfs/sft.cern.ch/lcg/releases/zlib/1.2.11-da225/x86_64-centos7-gcc8-opt/lib/libz.so.1.2.11
2b2c59f1b000-2b2c59f1c000 r--p 00018000 00:36 349771                     /cvmfs/sft.cern.ch/lcg/releases/zlib/1.2.11-da225/x86_64-centos7-gcc8-opt/lib/libz.so.1.2.11
2b2c59f1c000-2b2c59f1d000 rw-p 00019000 00:36 349771                     /cvmfs/sft.cern.ch/lcg/releases/zlib/1.2.11-da225/x86_64-centos7-gcc8-opt/lib/libz.so.1.2.11
2b2c59f1d000-2b2c59f5b000 r-xp 00000000 00:36 365369                     /cvmfs/sft.cern.ch/lcg/releases/tbb/2020_U1-bbcac/x86_64-centos7-gcc8-opt/lib/libtbb.so.2
2b2c59f5b000-2b2c5a15a000 ---p 0003e000 00:36 365369                     /cvmfs/sft.cern.ch/lcg/releases/tbb/2020_U1-bbcac/x86_64-centos7-gcc8-opt/lib/libtbb.so.2
2b2c5a15a000-2b2c5a15c000 r--p 0003d000 00:36 365369                     /cvmfs/sft.cern.ch/lcg/releases/tbb/2020_U1-bbcac/x86_64-centos7-gcc8-opt/lib/libtbb.so.2
2b2c5a15c000-2b2c5a15f000 rw-p 0003f000 00:36 365369                     /cvmfs/sft.cern.ch/lcg/releases/tbb/2020_U1-bbcac/x86_64-centos7-gcc8-opt/lib/libtbb.so.2
2b2c5a15f000-2b2c5a161000 rw-p 00000000 00:00 0 
2b2c5a161000-2b2c5a1c8000 r-xp 00000000 fd:00 274237                     /usr/lib64/libssl.so.1.0.2k
2b2c5a1c8000-2b2c5a3c7000 ---p 00067000 fd:00 274237                     /usr/lib64/libssl.so.1.0.2k
2b2c5a3c7000-2b2c5a3cb000 r--p 00066000 fd:00 274237                     /usr/lib64/libssl.so.1.0.2k
2b2c5a3cb000-2b2c5a3d2000 rw-p 0006a000 fd:00 274237                     /usr/lib64/libssl.so.1.0.2k
2b2c5a3d2000-2b2c5a606000 r-xp 00000000 fd:00 274235                     /usr/lib64/libcrypto.so.1.0.2k
2b2c5a606000-2b2c5a806000 ---p 00234000 fd:00 274235                     /usr/lib64/libcrypto.so.1.0.2k
2b2c5a806000-2b2c5a822000 r--p 00234000 fd:00 274235                     /usr/lib64/libcrypto.so.1.0.2k
2b2c5a822000-2b2c5a82f000 rw-p 00250000 fd:00 274235                     /usr/lib64/libcrypto.so.1.0.2k
2b2c5a82f000-2b2c5a833000 rw-p 00000000 00:00 0 
2b2c5a833000-2b2c5a8d3000 r-xp 00000000 fd:00 263839                     /usr/lib64/libfreetype.so.6.10.0
2b2c5a8d3000-2b2c5aad2000 ---p 000a0000 fd:00 263839                     /usr/lib64/libfreetype.so.6.10.0
2b2c5aad2000-2b2c5aad8000 r--p 0009f000 fd:00 263839                     /usr/lib64/libfreetype.so.6.10.0
2b2c5aad8000-2b2c5aad9000 rw-p 000a5000 fd:00 263839                     /usr/lib64/libfreetype.so.6.10.0
2b2c5aad9000-2b2c5aae4000 r-xp 00000000 00:36 365197                     /cvmfs/sft.cern.ch/lcg/releases/vdt/0.4.3-992df/x86_64-centos7-gcc8-opt/lib/libvdt.so
2b2c5aae4000-2b2c5ace4000 ---p 0000b000 00:36 365197                     /cvmfs/sft.cern.ch/lcg/releases/vdt/0.4.3-992df/x86_64-centos7-gcc8-opt/lib/libvdt.so
2b2c5ace4000-2b2c5ace5000 r--p 0000b000 00:36 365197                     /cvmfs/sft.cern.ch/lcg/releases/vdt/0.4.3-992df/x86_64-centos7-gcc8-opt/lib/libvdt.so
2b2c5ace5000-2b2c5ace6000 rw-p 0000c000 00:36 365197                     /cvmfs/sft.cern.ch/lcg/releases/vdt/0.4.3-992df/x86_64-centos7-gcc8-opt/lib/libvdt.so
2b2c5ace6000-2b2c5ad41000 r-xp 00000000 00:36 5301                       /cvmfs/sft.cern.ch/lcg/releases/ROOT/v6.20.06-3f7fd/x86_64-centos7-gcc8-opt/lib/libROOTNTuple.so
2b2c5ad41000-2b2c5af41000 ---p 0005b000 00:36 5301                       /cvmfs/sft.cern.ch/lcg/releases/ROOT/v6.20.06-3f7fd/x86_64-centos7-gcc8-opt/lib/libROOTNTuple.so
2b2c5af41000-2b2c5af43000 r--p 0005b000 00:36 5301                       /cvmfs/sft.cern.ch/lcg/releases/ROOT/v6.20.06-3f7fd/x86_64-centos7-gcc8-opt/lib/libROOTNTuple.so
2b2c5af43000-2b2c5af44000 rw-p 0005d000 00:36 5301                       /cvmfs/sft.cern.ch/lcg/releases/ROOT/v6.20.06-3f7fd/x86_64-centos7-gcc8-opt/lib/libROOTNTuple.so
2b2c5af44000-2b2c5af45000 rw-p 00000000 00:00 0 
2b2c5af45000-2b2c5b04f000 r-xp 00000000 00:36 67507                      /cvmfs/sft.cern.ch/lcg/releases/sqlite/3280000-472f2/x86_64-centos7-gcc8-opt/lib/libsqlite3.so.0.8.6
2b2c5b04f000-2b2c5b24e000 ---p 0010a000 00:36 67507                      /cvmfs/sft.cern.ch/lcg/releases/sqlite/3280000-472f2/x86_64-centos7-gcc8-opt/lib/libsqlite3.so.0.8.6
2b2c5b24e000-2b2c5b251000 r--p 00109000 00:36 67507                      /cvmfs/sft.cern.ch/lcg/releases/sqlite/3280000-472f2/x86_64-centos7-gcc8-opt/lib/libsqlite3.so.0.8.6
2b2c5b251000-2b2c5b254000 rw-p 0010c000 00:36 67507                      /cvmfs/sft.cern.ch/lcg/releases/sqlite/3280000-472f2/x86_64-centos7-gcc8-opt/lib/libsqlite3.so.0.8.6
2b2c5b254000-2b2c5b255000 rw-p 00000000 00:00 0 
2b2c5b255000-2b2c5b25c000 r-xp 00000000 fd:00 263686                     /usr/lib64/librt-2.17.so
2b2c5b25c000-2b2c5b45b000 ---p 00007000 fd:00 263686                     /usr/lib64/librt-2.17.so
2b2c5b45b000-2b2c5b45c000 r--p 00006000 fd:00 263686                     /usr/lib64/librt-2.17.so
2b2c5b45c000-2b2c5b45d000 rw-p 00007000 fd:00 263686                     /usr/lib64/librt-2.17.so
2b2c5b45d000-2b2c5b4a8000 r-xp 00000000 fd:00 274212                     /usr/lib64/libgssapi_krb5.so.2.2
2b2c5b4a8000-2b2c5b6a8000 ---p 0004b000 fd:00 274212                     /usr/lib64/libgssapi_krb5.so.2.2
2b2c5b6a8000-2b2c5b6a9000 r--p 0004b000 fd:00 274212                     /usr/lib64/libgssapi_krb5.so.2.2
2b2c5b6a9000-2b2c5b6ab000 rw-p 0004c000 fd:00 274212                     /usr/lib64/libgssapi_krb5.so.2.2
2b2c5b6ab000-2b2c5b781000 r-xp 00000000 fd:00 274222                     /usr/lib64/libkrb5.so.3.3
2b2c5b781000-2b2c5b981000 ---p 000d6000 fd:00 274222                     /usr/lib64/libkrb5.so.3.3
2b2c5b981000-2b2c5b98f000 r--p 000d6000 fd:00 274222                     /usr/lib64/libkrb5.so.3.3
2b2c5b98f000-2b2c5b992000 rw-p 000e4000 fd:00 274222                     /usr/lib64/libkrb5.so.3.3
2b2c5b992000-2b2c5b995000 r-xp 00000000 fd:00 263841                     /usr/lib64/libcom_err.so.2.1
2b2c5b995000-2b2c5bb94000 ---p 00003000 fd:00 263841                     /usr/lib64/libcom_err.so.2.1
2b2c5bb94000-2b2c5bb95000 r--p 00002000 fd:00 263841                     /usr/lib64/libcom_err.so.2.1
2b2c5bb95000-2b2c5bb96000 rw-p 00003000 fd:00 263841                     /usr/lib64/libcom_err.so.2.1
2b2c5bb96000-2b2c5bbc5000 r-xp 00000000 fd:00 274216                     /usr/lib64/libk5crypto.so.3.1
2b2c5bbc5000-2b2c5bdc4000 ---p 0002f000 fd:00 274216                     /usr/lib64/libk5crypto.so.3.1
2b2c5bdc4000-2b2c5bdc6000 r--p 0002e000 fd:00 274216                     /usr/lib64/libk5crypto.so.3.1
2b2c5bdc6000-2b2c5bdc7000 rw-p 00030000 fd:00 274216                     /usr/lib64/libk5crypto.so.3.1
2b2c5bdc7000-2b2c5bdc8000 rw-p 00000000 00:00 0 
2b2c5bdc8000-2b2c5bdd5000 r-xp 00000000 fd:00 274224                     /usr/lib64/libkrb5support.so.0.1
2b2c5bdd5000-2b2c5bfd5000 ---p 0000d000 fd:00 274224                     /usr/lib64/libkrb5support.so.0.1
2b2c5bfd5000-2b2c5bfd6000 r--p 0000d000 fd:00 274224                     /usr/lib64/libkrb5support.so.0.1
2b2c5bfd6000-2b2c5bfd7000 rw-p 0000e000 fd:00 274224                     /usr/lib64/libkrb5support.so.0.1
2b2c5bfd7000-2b2c5bfda000 r-xp 00000000 fd:00 264132                     /usr/lib64/libkeyutils.so.1.5
2b2c5bfda000-2b2c5c1d9000 ---p 00003000 fd:00 264132                     /usr/lib64/libkeyutils.so.1.5
2b2c5c1d9000-2b2c5c1da000 r--p 00002000 fd:00 264132                     /usr/lib64/libkeyutils.so.1.5
2b2c5c1da000-2b2c5c1db000 rw-p 00003000 fd:00 264132                     /usr/lib64/libkeyutils.so.1.5
2b2c5c1db000-2b2c5c1f1000 r-xp 00000000 fd:00 263684                     /usr/lib64/libresolv-2.17.so
2b2c5c1f1000-2b2c5c3f1000 ---p 00016000 fd:00 263684                     /usr/lib64/libresolv-2.17.so
2b2c5c3f1000-2b2c5c3f2000 r--p 00016000 fd:00 263684                     /usr/lib64/libresolv-2.17.so
2b2c5c3f2000-2b2c5c3f3000 rw-p 00017000 fd:00 263684                     /usr/lib64/libresolv-2.17.so
2b2c5c3f3000-2b2c5c3f5000 rw-p 00000000 00:00 0 
2b2c5c3f5000-2b2c5c419000 r-xp 00000000 fd:00 263824                     /usr/lib64/libselinux.so.1
2b2c5c419000-2b2c5c618000 ---p 00024000 fd:00 263824                     /usr/lib64/libselinux.so.1
2b2c5c618000-2b2c5c619000 r--p 00023000 fd:00 263824                     /usr/lib64/libselinux.so.1
2b2c5c619000-2b2c5c61a000 rw-p 00024000 fd:00 263824                     /usr/lib64/libselinux.so.1
2b2c5c61a000-2b2c5c61c000 rw-p 00000000 00:00 0 
2b2c5c61c000-2b2c5c67c000 r-xp 00000000 fd:00 263815                     /usr/lib64/libpcre.so.1.2.0
2b2c5c67c000-2b2c5c87b000 ---p 00060000 fd:00 263815                     /usr/lib64/libpcre.so.1.2.0
2b2c5c87b000-2b2c5c87c000 r--p 0005f000 fd:00 263815                     /usr/lib64/libpcre.so.1.2.0
2b2c5c87c000-2b2c5c87d000 rw-p 00060000 fd:00 263815                     /usr/lib64/libpcre.so.1.2.0
2b2c5c87d000-2b2c5d07d000 rw-p 00000000 00:00 0 
2b2c5d07d000-2b2c5ff66000 r-xp 00000000 00:36 5420                       /cvmfs/sft.cern.ch/lcg/releases/ROOT/v6.20.06-3f7fd/x86_64-centos7-gcc8-opt/lib/libCling.so
2b2c5ff66000-2b2c60166000 ---p 02ee9000 00:36 5420                       /cvmfs/sft.cern.ch/lcg/releases/ROOT/v6.20.06-3f7fd/x86_64-centos7-gcc8-opt/lib/libCling.so
2b2c60166000-2b2c60378000 r--p 02ee9000 00:36 5420                       /cvmfs/sft.cern.ch/lcg/releases/ROOT/v6.20.06-3f7fd/x86_64-centos7-gcc8-opt/lib/libCling.so
2b2c60378000-2b2c60383000 rw-p 030fb000 00:36 5420                       /cvmfs/sft.cern.ch/lcg/releases/ROOT/v6.20.06-3f7fd/x86_64-centos7-gcc8-opt/lib/libCling.so
2b2c60383000-2b2c603b0000 rw-p 00000000 00:00 0 
2b2c603b0000-2b2c603d5000 r-xp 00000000 fd:00 263724                     /usr/lib64/libtinfo.so.5.9
2b2c603d5000-2b2c605d5000 ---p 00025000 fd:00 263724                     /usr/lib64/libtinfo.so.5.9
2b2c605d5000-2b2c605d9000 r--p 00025000 fd:00 263724                     /usr/lib64/libtinfo.so.5.9
2b2c605d9000-2b2c605da000 rw-p 00029000 fd:00 263724                     /usr/lib64/libtinfo.so.5.9
2b2c605da000-2b2c6060b000 rw-p 00000000 00:00 0 
2b2c6060b000-2b2c6193f000 r--p 00000000 00:36 5355                       /cvmfs/sft.cern.ch/lcg/releases/ROOT/v6.20.06-3f7fd/x86_64-centos7-gcc8-opt/lib/std.pcm
2b2c6193f000-2b2c61a7f000 r--p 00000000 00:36 5331                       /cvmfs/sft.cern.ch/lcg/releases/ROOT/v6.20.06-3f7fd/x86_64-centos7-gcc8-opt/lib/libc.pcm
2b2c61a7f000-2b2c61a9c000 r--p 00000000 00:36 5358                       /cvmfs/sft.cern.ch/lcg/releases/ROOT/v6.20.06-3f7fd/x86_64-centos7-gcc8-opt/lib/Cling_Runtime.pcm
2b2c61a9c000-2b2c61ac7000 r--p 00000000 00:36 5284                       /cvmfs/sft.cern.ch/lcg/releases/ROOT/v6.20.06-3f7fd/x86_64-centos7-gcc8-opt/lib/Cling_Runtime_Extra.pcm
2b2c61ac7000-2b2c61b0f000 r--p 00000000 00:36 5390                       /cvmfs/sft.cern.ch/lcg/releases/ROOT/v6.20.06-3f7fd/x86_64-centos7-gcc8-opt/lib/ROOT_Foundation_C.pcm
2b2c61b0f000-2b2c61b28000 r--p 00000000 00:36 5050                       /cvmfs/sft.cern.ch/lcg/releases/ROOT/v6.20.06-3f7fd/x86_64-centos7-gcc8-opt/lib/ROOT_Rtypes.pcm
2b2c61b28000-2b2c61b46000 r--p 00000000 00:36 5332                       /cvmfs/sft.cern.ch/lcg/releases/ROOT/v6.20.06-3f7fd/x86_64-centos7-gcc8-opt/lib/ROOT_Config.pcm
2b2c61b46000-2b2c61bd4000 r--p 00000000 00:36 5369                       /cvmfs/sft.cern.ch/lcg/releases/ROOT/v6.20.06-3f7fd/x86_64-centos7-gcc8-opt/lib/ProofBench.pcm
2b2c61c3c000-2b2c61cc8000 r--p 00000000 00:36 5289                       /cvmfs/sft.cern.ch/lcg/releases/ROOT/v6.20.06-3f7fd/x86_64-centos7-gcc8-opt/lib/Unfold.pcm
2b2c61cc8000-2b2c61d33000 r--p 00000000 00:36 5070                       /cvmfs/sft.cern.ch/lcg/releases/ROOT/v6.20.06-3f7fd/x86_64-centos7-gcc8-opt/lib/RHTTPSniff.pcm
2b2c61d3c000-2b2c62130000 r--p 00000000 00:36 5263                       /cvmfs/sft.cern.ch/lcg/releases/ROOT/v6.20.06-3f7fd/x86_64-centos7-gcc8-opt/lib/_Builtin_intrinsics.pcm
2b2c62130000-2b2c621e1000 r--p 00000000 00:36 5266                       /cvmfs/sft.cern.ch/lcg/releases/ROOT/v6.20.06-3f7fd/x86_64-centos7-gcc8-opt/lib/ROOT_Foundation_Stage1_NoRTTI.pcm
2b2c621e1000-2b2c62b0a000 r--p 00000000 00:36 5316                       /cvmfs/sft.cern.ch/lcg/releases/ROOT/v6.20.06-3f7fd/x86_64-centos7-gcc8-opt/lib/Core.pcm
2b2c62b0a000-2b2c62c32000 r--p 00000000 00:36 5449                       /cvmfs/sft.cern.ch/lcg/releases/ROOT/v6.20.06-3f7fd/x86_64-centos7-gcc8-opt/lib/Gdml.pcm
2b2c62c32000-2b2c62d8f000 r--p 00000000 00:36 4767                       /cvmfs/sft.cern.ch/lcg/releases/ROOT/v6.20.06-3f7fd/x86_64-centos7-gcc8-opt/lib/WebGui6.pcm
2b2c62dae000-2b2c6308c000 r--p 00000000 00:36 5350                       /cvmfs/sft.cern.ch/lcg/releases/ROOT/v6.20.06-3f7fd/x86_64-centos7-gcc8-opt/lib/RIO.pcm
2b2c6308c000-2b2c6321c000 r--p 00000000 00:36 5380                       /cvmfs/sft.cern.ch/lcg/releases/ROOT/v6.20.06-3f7fd/x86_64-centos7-gcc8-opt/lib/Thread.pcm
2b2c6321c000-2b2c63661000 r--p 00000000 00:36 5298                       /cvmfs/sft.cern.ch/lcg/releases/ROOT/v6.20.06-3f7fd/x86_64-centos7-gcc8-opt/lib/Hist.pcm
2b2c63661000-2b2c63e51000 r--p 00000000 00:36 5504                       /cvmfs/sft.cern.ch/lcg/releases/ROOT/v6.20.06-3f7fd/x86_64-centos7-gcc8-opt/lib/MathCore.pcm
2b2c63e51000-2b2c63f16000 r--p 00000000 00:36 5373                       /cvmfs/sft.cern.ch/lcg/releases/ROOT/v6.20.06-3f7fd/x86_64-centos7-gcc8-opt/lib/Imt.pcm
2b2c63f16000-2b2c64091000 r--p 00000000 00:36 5335                       /cvmfs/sft.cern.ch/lcg/releases/ROOT/v6.20.06-3f7fd/x86_64-centos7-gcc8-opt/lib/Matrix.pcm
2b2c64091000-2b2c64107000 r--p 00000000 00:36 5400                       /cvmfs/sft.cern.ch/lcg/releases/ROOT/v6.20.06-3f7fd/x86_64-centos7-gcc8-opt/lib/XMLParser.pcm
2b2c64107000-2b2c64234000 r--p 00000000 00:36 4760                       /cvmfs/sft.cern.ch/lcg/releases/ROOT/v6.20.06-3f7fd/x86_64-centos7-gcc8-opt/lib/RHTTP.pcm
2b2c64234000-2b2c642d8000 r--p 00000000 00:36 5057                       /cvmfs/sft.cern.ch/lcg/releases/ROOT/v6.20.06-3f7fd/x86_64-centos7-gcc8-opt/lib/FitPanel.pcm
2b2c642d8000-2b2c64605000 r--p 00000000 00:36 5377                       /cvmfs/sft.cern.ch/lcg/releases/ROOT/v6.20.06-3f7fd/x86_64-centos7-gcc8-opt/lib/Gui.pcm
2b2c64605000-2b2c64700000 r--p 00000000 00:36 4757                       /cvmfs/sft.cern.ch/lcg/releases/ROOT/v6.20.06-3f7fd/x86_64-centos7-gcc8-opt/lib/Graf.pcm
2b2c64700000-2b2c64999000 r--p 00000000 00:36 5595                       /cvmfs/sft.cern.ch/lcg/releases/ROOT/v6.20.06-3f7fd/x86_64-centos7-gcc8-opt/lib/ROOTVecOps.pcm
2b2c64999000-2b2c64a2f000 r--p 00000000 00:36 5282                       /cvmfs/sft.cern.ch/lcg/releases/ROOT/v6.20.06-3f7fd/x86_64-centos7-gcc8-opt/lib/RDAVIX.pcm
2b2c64a2f000-2b2c64b1a000 r--p 00000000 00:36 5323                       /cvmfs/sft.cern.ch/lcg/releases/ROOT/v6.20.06-3f7fd/x86_64-centos7-gcc8-opt/lib/RMySQL.pcm
2b2c64b1a000-2b2c64c25000 r--p 00000000 00:36 5288                       /cvmfs/sft.cern.ch/lcg/releases/ROOT/v6.20.06-3f7fd/x86_64-centos7-gcc8-opt/lib/Net.pcm
2b2c64c25000-2b2c64c92000 r--p 00000000 00:36 5313                       /cvmfs/sft.cern.ch/lcg/releases/ROOT/v6.20.06-3f7fd/x86_64-centos7-gcc8-opt/lib/GFAL.pcm
2b2c64cc7000-2b2c64d7e000 r--p 00000000 00:36 5531                       /cvmfs/sft.cern.ch/lcg/releases/ROOT/v6.20.06-3f7fd/x86_64-centos7-gcc8-opt/lib/Physics.pcm
2b2c64d7e000-2b2c64df7000 r--p 00000000 00:36 5514                       /cvmfs/sft.cern.ch/lcg/releases/ROOT/v6.20.06-3f7fd/x86_64-centos7-gcc8-opt/lib/Genetic.pcm
2b2c64df7000-2b2c65059000 r--p 00000000 00:36 5387                       /cvmfs/sft.cern.ch/lcg/releases/ROOT/v6.20.06-3f7fd/x86_64-centos7-gcc8-opt/lib/Tree.pcm
2b2c65059000-2b2c650cd000 r--p 00000000 00:36 5348                       /cvmfs/sft.cern.ch/lcg/releases/ROOT/v6.20.06-3f7fd/x86_64-centos7-gcc8-opt/lib/DCache.pcm
2b2c650cd000-2b2c6519e000 r--p 00000000 00:36 5366                       /cvmfs/sft.cern.ch/lcg/releases/ROOT/v6.20.06-3f7fd/x86_64-centos7-gcc8-opt/lib/Gpad.pcm
2b2c6519e000-2b2c6567e000 r--p 00000000 00:36 5341                       /cvmfs/sft.cern.ch/lcg/releases/ROOT/v6.20.06-3f7fd/x86_64-centos7-gcc8-opt/lib/RGL.pcm
2b2c6567e000-2b2c6576d000 r--p 00000000 00:36 5425                       /cvmfs/sft.cern.ch/lcg/releases/ROOT/v6.20.06-3f7fd/x86_64-centos7-gcc8-opt/lib/Ged.pcm
2b2c6576d000-2b2c657d5000 r--p 00000000 00:36 5386                       /cvmfs/sft.cern.ch/lcg/releases/ROOT/v6.20.06-3f7fd/x86_64-centos7-gcc8-opt/lib/RCsg.pcm
2b2c657d5000-2b2c65cf9000 r--p 00000000 00:36 5396                       /cvmfs/sft.cern.ch/lcg/releases/ROOT/v6.20.06-3f7fd/x86_64-centos7-gcc8-opt/lib/ROOTEve.pcm
2b2c65cf9000-2b2c65feb000 r--p 00000000 00:36 5285                       /cvmfs/sft.cern.ch/lcg/releases/ROOT/v6.20.06-3f7fd/x86_64-centos7-gcc8-opt/lib/Geom.pcm
2b2c65feb000-2b2c66177000 r--p 00000000 00:36 5338                       /cvmfs/sft.cern.ch/lcg/releases/ROOT/v6.20.06-3f7fd/x86_64-centos7-gcc8-opt/lib/ROOTWebDisplay.pcm
2b2c66177000-2b2c6620a000 r--p 00000000 00:36 5037                       /cvmfs/sft.cern.ch/lcg/releases/ROOT/v6.20.06-3f7fd/x86_64-centos7-gcc8-opt/lib/EG.pcm
2b2c6620a000-2b2c662dd000 r--p 00000000 00:36 5376                       /cvmfs/sft.cern.ch/lcg/releases/ROOT/v6.20.06-3f7fd/x86_64-centos7-gcc8-opt/lib/Graf3d.pcm
2b2c662dd000-2b2c6633e000 rw-p 00000000 00:00 0 
2b2c6633e000-2b2c666c5000 r--p 00000000 00:36 5002                       /cvmfs/sft.cern.ch/lcg/releases/ROOT/v6.20.06-3f7fd/x86_64-centos7-gcc8-opt/lib/TreePlayer.pcm
2b2c666c5000-2b2c667d6000 r--p 00000000 00:36 5269                       /cvmfs/sft.cern.ch/lcg/releases/ROOT/v6.20.06-3f7fd/x86_64-centos7-gcc8-opt/lib/MultiProc.pcm
2b2c667d6000-2b2c66843000 r--p 00000000 00:36 5393                       /cvmfs/sft.cern.ch/lcg/releases/ROOT/v6.20.06-3f7fd/x86_64-centos7-gcc8-opt/lib/SPlot.pcm
2b2c66843000-2b2c668b5000 r--p 00000000 00:36 5343                       /cvmfs/sft.cern.ch/lcg/releases/ROOT/v6.20.06-3f7fd/x86_64-centos7-gcc8-opt/lib/Hbook.pcm
2b2c668b5000-2b2c6698e000 r--p 00000000 00:36 5292                       /cvmfs/sft.cern.ch/lcg/releases/ROOT/v6.20.06-3f7fd/x86_64-centos7-gcc8-opt/lib/GeomBuilder.pcm
2b2c6698e000-2b2c669ff000 r--p 00000000 00:36 4873                       /cvmfs/sft.cern.ch/lcg/releases/ROOT/v6.20.06-3f7fd/x86_64-centos7-gcc8-opt/lib/Rint.pcm
2b2c669ff000-2b2c66b79000 r--p 00000000 00:36 5317                       /cvmfs/sft.cern.ch/lcg/releases/ROOT/v6.20.06-3f7fd/x86_64-centos7-gcc8-opt/lib/Proof.pcm
2b2c66b79000-2b2c66c06000 r--p 00000000 00:36 5361                       /cvmfs/sft.cern.ch/lcg/releases/ROOT/v6.20.06-3f7fd/x86_64-centos7-gcc8-opt/lib/Recorder.pcm
2b2c66c06000-2b2c66c93000 r--p 00000000 00:36 4753                       /cvmfs/sft.cern.ch/lcg/releases/ROOT/v6.20.06-3f7fd/x86_64-centos7-gcc8-opt/lib/GuiBld.pcm
2b2c66c93000-2b2c66d88000 r--p 00000000 00:36 4758                       /cvmfs/sft.cern.ch/lcg/releases/ROOT/v6.20.06-3f7fd/x86_64-centos7-gcc8-opt/lib/XMLIO.pcm
2b2c66d88000-2b2c66df6000 r--p 00000000 00:36 5495                       /cvmfs/sft.cern.ch/lcg/releases/ROOT/v6.20.06-3f7fd/x86_64-centos7-gcc8-opt/lib/GX11TTF.pcm
2b2c66df6000-2b2c66e6d000 r--p 00000000 00:36 5352                       /cvmfs/sft.cern.ch/lcg/releases/ROOT/v6.20.06-3f7fd/x86_64-centos7-gcc8-opt/lib/GX11.pcm
2b2c66e6d000-2b2c66f2e000 r--p 00000000 00:36 5325                       /cvmfs/sft.cern.ch/lcg/releases/ROOT/v6.20.06-3f7fd/x86_64-centos7-gcc8-opt/lib/ProofPlayer.pcm
2b2c66f2e000-2b2c672aa000 r--p 00000000 00:36 5337                       /cvmfs/sft.cern.ch/lcg/releases/ROOT/v6.20.06-3f7fd/x86_64-centos7-gcc8-opt/lib/ROOTHistDraw.pcm
2b2c672aa000-2b2c67806000 r--p 00000000 00:36 7523                       /cvmfs/sft.cern.ch/lcg/releases/ROOT/v6.20.06-3f7fd/x86_64-centos7-gcc8-opt/lib/ROOTGpadv7.pcm
2b2c67806000-2b2c67a9c000 r--p 00000000 00:36 5244                       /cvmfs/sft.cern.ch/lcg/releases/ROOT/v6.20.06-3f7fd/x86_64-centos7-gcc8-opt/lib/ROOTHist.pcm
2b2c67a9c000-2b2c67bcc000 r--p 00000000 00:36 5328                       /cvmfs/sft.cern.ch/lcg/releases/ROOT/v6.20.06-3f7fd/x86_64-centos7-gcc8-opt/lib/MathMore.pcm
2b2c67bcc000-2b2c67c3f000 r--p 00000000 00:36 4973                       /cvmfs/sft.cern.ch/lcg/releases/ROOT/v6.20.06-3f7fd/x86_64-centos7-gcc8-opt/lib/Netx.pcm
2b2c67c3f000-2b2c67cb0000 r--p 00000000 00:36 6455                       /cvmfs/sft.cern.ch/lcg/releases/ROOT/v6.20.06-3f7fd/x86_64-centos7-gcc8-opt/lib/SpectrumPainter.pcm
2b2c67cb0000-2b2c67d3a000 r--p 00000000 00:36 5321                       /cvmfs/sft.cern.ch/lcg/releases/ROOT/v6.20.06-3f7fd/x86_64-centos7-gcc8-opt/lib/NetxNG.pcm
2b2c67d3a000-2b2c67dc5000 r--p 00000000 00:36 5265                       /cvmfs/sft.cern.ch/lcg/releases/ROOT/v6.20.06-3f7fd/x86_64-centos7-gcc8-opt/lib/Minuit.pcm
2b2c67dc5000-2b2c68da6000 r--p 00000000 00:36 5273                       /cvmfs/sft.cern.ch/lcg/releases/ROOT/v6.20.06-3f7fd/x86_64-centos7-gcc8-opt/lib/TMVA.pcm
2b2c68da6000-2b2c698f4000 r--p 00000000 00:36 5513                       /cvmfs/sft.cern.ch/lcg/releases/ROOT/v6.20.06-3f7fd/x86_64-centos7-gcc8-opt/lib/ROOTDataFrame.pcm
2b2c698f4000-2b2c699f5000 rw-p 00000000 00:00 0 
2b2c699f5000-2b2c69f3c000 rw-p 00000000 00:00 0 
2b2c69f3c000-2b2c6a04e000 r--p 00000000 00:36 5368                       /cvmfs/sft.cern.ch/lcg/releases/ROOT/v6.20.06-3f7fd/x86_64-centos7-gcc8-opt/lib/ROOTFitPanelv7.pcm
2b2c6a04e000-2b2c6a305000 r--p 00000000 00:36 5383                       /cvmfs/sft.cern.ch/lcg/releases/ROOT/v6.20.06-3f7fd/x86_64-centos7-gcc8-opt/lib/Smatrix.pcm
2b2c6a305000-2b2c6a389000 r--p 00000000 00:36 5043                       /cvmfs/sft.cern.ch/lcg/releases/ROOT/v6.20.06-3f7fd/x86_64-centos7-gcc8-opt/lib/PyROOT.pcm
2b2c6a389000-2b2c6a430000 r--p 00000000 00:36 5395                       /cvmfs/sft.cern.ch/lcg/releases/ROOT/v6.20.06-3f7fd/x86_64-centos7-gcc8-opt/lib/SessionViewer.pcm
2b2c6a430000-2b2c6a4bf000 r--p 00000000 00:36 4822                       /cvmfs/sft.cern.ch/lcg/releases/ROOT/v6.20.06-3f7fd/x86_64-centos7-gcc8-opt/lib/PyMVA.pcm
2b2c6a4bf000-2b2c6a54a000 r--p 00000000 00:36 5345                       /cvmfs/sft.cern.ch/lcg/releases/ROOT/v6.20.06-3f7fd/x86_64-centos7-gcc8-opt/lib/HistPainter.pcm
2b2c6a54a000-2b2c6a617000 r--p 00000000 00:36 5452                       /cvmfs/sft.cern.ch/lcg/releases/ROOT/v6.20.06-3f7fd/x86_64-centos7-gcc8-opt/lib/ProofDraw.pcm
2b2c6a617000-2b2c6a6c3000 r--p 00000000 00:36 5277                       /cvmfs/sft.cern.ch/lcg/releases/ROOT/v6.20.06-3f7fd/x86_64-centos7-gcc8-opt/lib/Unuran.pcm
2b2c6a6c3000-2b2c6a75a000 r--p 00000000 00:36 5319                       /cvmfs/sft.cern.ch/lcg/releases/ROOT/v6.20.06-3f7fd/x86_64-centos7-gcc8-opt/lib/Quadp.pcm
2b2c6a75a000-2b2c6ac71000 r--p 00000000 00:36 5492                       /cvmfs/sft.cern.ch/lcg/releases/ROOT/v6.20.06-3f7fd/x86_64-centos7-gcc8-opt/lib/Eve.pcm
2b2c6ac71000-2b2c6ad20000 r--p 00000000 00:36 5862                       /cvmfs/sft.cern.ch/lcg/releases/ROOT/v6.20.06-3f7fd/x86_64-centos7-gcc8-opt/lib/TreeViewer.pcm
2b2c6ad20000-2b2c6ada3000 r--p 00000000 00:36 5308                       /cvmfs/sft.cern.ch/lcg/releases/ROOT/v6.20.06-3f7fd/x86_64-centos7-gcc8-opt/lib/GeomPainter.pcm
2b2c6ada3000-2b2c6b42b000 r--p 00000000 00:36 5291                       /cvmfs/sft.cern.ch/lcg/releases/ROOT/v6.20.06-3f7fd/x86_64-centos7-gcc8-opt/lib/ROOTNTuple.pcm
2b2c6b42b000-2b2c6b727000 r--p 00000000 00:36 5225                       /cvmfs/sft.cern.ch/lcg/releases/ROOT/v6.20.06-3f7fd/x86_64-centos7-gcc8-opt/lib/HistFactory.pcm
2b2c6b727000-2b2c6c5fd000 r--p 00000000 00:36 5401                       /cvmfs/sft.cern.ch/lcg/releases/ROOT/v6.20.06-3f7fd/x86_64-centos7-gcc8-opt/lib/RooFitCore.pcm
2b2c6c5fd000-2b2c6c67e000 r--p 00000000 00:36 5315                       /cvmfs/sft.cern.ch/lcg/releases/ROOT/v6.20.06-3f7fd/x86_64-centos7-gcc8-opt/lib/Foam.pcm
2b2c6c67e000-2b2c6c70e000 r--p 00000000 00:36 5389                       /cvmfs/sft.cern.ch/lcg/releases/ROOT/v6.20.06-3f7fd/x86_64-centos7-gcc8-opt/lib/Spectrum.pcm
2b2c6c70e000-2b2c6c7a7000 r--p 00000000 00:36 5399                       /cvmfs/sft.cern.ch/lcg/releases/ROOT/v6.20.06-3f7fd/x86_64-centos7-gcc8-opt/lib/GuiHtml.pcm
2b2c6c7a7000-2b2c6c830000 r--p 00000000 00:36 5446                       /cvmfs/sft.cern.ch/lcg/releases/ROOT/v6.20.06-3f7fd/x86_64-centos7-gcc8-opt/lib/Postscript.pcm
2b2c6c830000-2b2c6c8c7000 r--p 00000000 00:36 5367                       /cvmfs/sft.cern.ch/lcg/releases/ROOT/v6.20.06-3f7fd/x86_64-centos7-gcc8-opt/lib/TMVAGui.pcm
2b2c6c8c7000-2b2c6ca72000 r--p 00000000 00:36 5421                       /cvmfs/sft.cern.ch/lcg/releases/ROOT/v6.20.06-3f7fd/x86_64-centos7-gcc8-opt/lib/Html.pcm
2b2c6ca72000-2b2c6cae6000 r--p 00000000 00:36 5005                       /cvmfs/sft.cern.ch/lcg/releases/ROOT/v6.20.06-3f7fd/x86_64-centos7-gcc8-opt/lib/Fumili.pcm
2b2c6cae6000-2b2c6cb65000 r--p 00000000 00:36 5324                       /cvmfs/sft.cern.ch/lcg/releases/ROOT/v6.20.06-3f7fd/x86_64-centos7-gcc8-opt/lib/RooFitMore.pcm
2b2c6cb65000-2b2c6cbd7000 r--p 00000000 00:36 5360                       /cvmfs/sft.cern.ch/lcg/releases/ROOT/v6.20.06-3f7fd/x86_64-centos7-gcc8-opt/lib/X3d.pcm
2b2c6cbd7000-2b2c6d091000 r--p 00000000 00:36 5275                       /cvmfs/sft.cern.ch/lcg/releases/ROOT/v6.20.06-3f7fd/x86_64-centos7-gcc8-opt/lib/Oracle.pcm
2b2c6d091000-2b2c6d1cd000 rw-p 00000000 00:00 0 
2b2c6d1cd000-2b2c6df27000 r--p 00000000 00:36 5297                       /cvmfs/sft.cern.ch/lcg/releases/ROOT/v6.20.06-3f7fd/x86_64-centos7-gcc8-opt/lib/RooFit.pcm
2b2c6df27000-2b2c6e2a1000 r--p 00000000 00:36 5267                       /cvmfs/sft.cern.ch/lcg/releases/ROOT/v6.20.06-3f7fd/x86_64-centos7-gcc8-opt/lib/RooStats.pcm
2b2c6e2a1000-2b2c6e316000 r--p 00000000 00:36 5283                       /cvmfs/sft.cern.ch/lcg/releases/ROOT/v6.20.06-3f7fd/x86_64-centos7-gcc8-opt/lib/FFTW.pcm
2b2c6e316000-2b2c6e3b6000 r--p 00000000 00:36 8077                       /cvmfs/sft.cern.ch/lcg/releases/ROOT/v6.20.06-3f7fd/x86_64-centos7-gcc8-opt/lib/SQLIO.pcm
2b2c6e3b6000-2b2c6e431000 r--p 00000000 00:36 5310                       /cvmfs/sft.cern.ch/lcg/releases/ROOT/v6.20.06-3f7fd/x86_64-centos7-gcc8-opt/lib/ASImage.pcm
2b2c6e431000-2b2c6e4d8000 r--p 00000000 00:36 5309                       /cvmfs/sft.cern.ch/lcg/releases/ROOT/v6.20.06-3f7fd/x86_64-centos7-gcc8-opt/lib/Proofx.pcm
2b2c6e4d8000-2b2c6e77b000 r--p 00000000 00:36 5108                       /cvmfs/sft.cern.ch/lcg/releases/ROOT/v6.20.06-3f7fd/x86_64-centos7-gcc8-opt/lib/Minuit2.pcm
2b2c6e77b000-2b2c6e7f5000 r--p 00000000 00:36 5351                       /cvmfs/sft.cern.ch/lcg/releases/ROOT/v6.20.06-3f7fd/x86_64-centos7-gcc8-opt/lib/MLP.pcm
2b2c6e7f5000-2b2c6ea99000 r--p 00000000 00:36 5422                       /cvmfs/sft.cern.ch/lcg/releases/ROOT/v6.20.06-3f7fd/x86_64-centos7-gcc8-opt/lib/GenVector.pcm
2b2c6ea99000-2b2c6ec3f000 r--p 00000000 00:36 5409                       /cvmfs/sft.cern.ch/lcg/releases/ROOT/v6.20.06-3f7fd/x86_64-centos7-gcc8-opt/lib/ROOTBrowserv7.pcm
2b2c6ec3f000-2b2c6ecba000 r--p 00000000 00:36 5385                       /cvmfs/sft.cern.ch/lcg/releases/ROOT/v6.20.06-3f7fd/x86_64-centos7-gcc8-opt/lib/RootAuth.pcm
2b2c6ecba000-2b2c6ed2b000 r--p 00000000 00:36 5318                       /cvmfs/sft.cern.ch/lcg/releases/ROOT/v6.20.06-3f7fd/x86_64-centos7-gcc8-opt/lib/ASImageGui.pcm
2b2c6ed2b000-2b2c6edad000 r--p 00000000 00:36 5370                       /cvmfs/sft.cern.ch/lcg/releases/ROOT/v6.20.06-3f7fd/x86_64-centos7-gcc8-opt/lib/Gviz3d.pcm
2b2c6edad000-2b2c6ee43000 r--p 00000000 00:36 4871                       /cvmfs/sft.cern.ch/lcg/releases/ROOT/v6.20.06-3f7fd/x86_64-centos7-gcc8-opt/lib/ROOTGraphicsPrimitives.pcm
2b2c6ee43000-2b2c6ee63000 r-xp 00000000 fd:00 263649                     /usr/lib64/ld-2.17.so
2b2c6ee63000-2b2c6f063000 ---p 00020000 fd:00 263649                     /usr/lib64/ld-2.17.so
2b2c6f063000-2b2c6f064000 r--p 00020000 fd:00 263649                     /usr/lib64/ld-2.17.so
2b2c6f064000-2b2c6f065000 rw-p 00021000 fd:00 263649                     /usr/lib64/ld-2.17.so
2b2c6f065000-2b2c6f066000 rw-p 00000000 00:00 0 
7fff43023000-7fff43049000 rw-p 00000000 00:00 0                          [stack]
7fff43130000-7fff43132000 r-xp 00000000 00:00 0                          [vdso]
ffffffffff600000-ffffffffff601000 r-xp 00000000 00:00 0                  [vsyscall]
