Error in <TChain::SetBranchAddress>: unknown branch -> HLT_mb_sptrk_decision
Error in <TChain::SetBranchAddress>: unknown branch -> HLT_mb_sptrk_prescale
Error in <TTree::SetBranchStatus>: unknown branch -> HLT_mb_sptrk_decision
Error in <TTree::SetBranchStatus>: unknown branch -> HLT_mb_sptrk_prescale
Error in <TTree::SetBranchStatus>: unknown branch -> HLT_mb_sptrk_decision
Error in <TTree::SetBranchStatus>: unknown branch -> HLT_mb_sptrk_prescale
Error in <TTree::SetBranchStatus>: unknown branch -> HLT_mb_sptrk_decision
Error in <TTree::SetBranchStatus>: unknown branch -> HLT_mb_sptrk_prescale
*** Error in `condor_exec.exe': double free or corruption (fasttop): 0x0000000001c57720 ***
======= Backtrace: =========
/usr/lib64/libc.so.6(+0x7c503)[0x2b30ba8b5503]
/usr/lib64/libc.so.6(__cxa_finalize+0x9a)[0x2b30ba871dba]
/atlasgpfs01/usatlas/workarea/jeff/HadronYieldsAnalysis/lib/libJetHadronSkimmer.so(+0xa9a3)[0x2b30b955c9a3]
======= Memory map: ========
00400000-0040b000 r-xp 00000000 00:3b 5086146                            /gpfs/mnt/atlasgpfs01/usatlas/workarea/jeff/HadronYieldsAnalysis/bin/run.exe
0060a000-0060b000 r--p 0000a000 00:3b 5086146                            /gpfs/mnt/atlasgpfs01/usatlas/workarea/jeff/HadronYieldsAnalysis/bin/run.exe
0060b000-0060c000 rw-p 0000b000 00:3b 5086146                            /gpfs/mnt/atlasgpfs01/usatlas/workarea/jeff/HadronYieldsAnalysis/bin/run.exe
0060c000-007dc000 rw-p 00000000 00:00 0 
01b7d000-0f469000 rw-p 00000000 00:00 0                                  [heap]
2b30b403a000-2b30b405a000 r-xp 00000000 fd:00 3671654                    /usr/lib64/ld-2.17.so
2b30b405a000-2b30b40bb000 rw-p 00000000 00:00 0 
2b30b40eb000-2b30b41ba000 rw-p 00000000 00:00 0 
2b30b41eb000-2b30b423c000 rw-p 00000000 00:00 0 
2b30b423c000-2b30b4249000 r--p 00000000 00:38 5044                       /cvmfs/sft.cern.ch/lcg/releases/ROOT/v6.20.06-3f7fd/x86_64-centos7-gcc8-opt/lib/xlocale.h.pcm
2b30b4249000-2b30b4256000 r--p 00000000 00:38 5506                       /cvmfs/sft.cern.ch/lcg/releases/ROOT/v6.20.06-3f7fd/x86_64-centos7-gcc8-opt/lib/_Builtin_stddef_max_align_t.pcm
2b30b425a000-2b30b425b000 r--p 00020000 fd:00 3671654                    /usr/lib64/ld-2.17.so
2b30b425b000-2b30b425c000 rw-p 00021000 fd:00 3671654                    /usr/lib64/ld-2.17.so
2b30b425c000-2b30b425d000 rw-p 00000000 00:00 0 
2b30b425d000-2b30b46bc000 r-xp 00000000 00:38 5253                       /cvmfs/sft.cern.ch/lcg/releases/ROOT/v6.20.06-3f7fd/x86_64-centos7-gcc8-opt/lib/libGui.so
2b30b46bc000-2b30b48bc000 ---p 0045f000 00:38 5253                       /cvmfs/sft.cern.ch/lcg/releases/ROOT/v6.20.06-3f7fd/x86_64-centos7-gcc8-opt/lib/libGui.so
2b30b48bc000-2b30b4908000 r--p 0045f000 00:38 5253                       /cvmfs/sft.cern.ch/lcg/releases/ROOT/v6.20.06-3f7fd/x86_64-centos7-gcc8-opt/lib/libGui.so
2b30b4908000-2b30b490d000 rw-p 004ab000 00:38 5253                       /cvmfs/sft.cern.ch/lcg/releases/ROOT/v6.20.06-3f7fd/x86_64-centos7-gcc8-opt/lib/libGui.so
2b30b490d000-2b30b491e000 rw-p 00000000 00:00 0 
2b30b491e000-2b30b4df3000 r-xp 00000000 00:38 5344                       /cvmfs/sft.cern.ch/lcg/releases/ROOT/v6.20.06-3f7fd/x86_64-centos7-gcc8-opt/lib/libCore.so
2b30b4df3000-2b30b4ff2000 ---p 004d5000 00:38 5344                       /cvmfs/sft.cern.ch/lcg/releases/ROOT/v6.20.06-3f7fd/x86_64-centos7-gcc8-opt/lib/libCore.so
2b30b4ff2000-2b30b501c000 r--p 004d4000 00:38 5344                       /cvmfs/sft.cern.ch/lcg/releases/ROOT/v6.20.06-3f7fd/x86_64-centos7-gcc8-opt/lib/libCore.so
2b30b501c000-2b30b5022000 rw-p 004fe000 00:38 5344                       /cvmfs/sft.cern.ch/lcg/releases/ROOT/v6.20.06-3f7fd/x86_64-centos7-gcc8-opt/lib/libCore.so
2b30b5022000-2b30b5056000 rw-p 00000000 00:00 0 
2b30b5056000-2b30b5064000 r-xp 00000000 00:38 5293                       /cvmfs/sft.cern.ch/lcg/releases/ROOT/v6.20.06-3f7fd/x86_64-centos7-gcc8-opt/lib/libImt.so
2b30b5064000-2b30b5263000 ---p 0000e000 00:38 5293                       /cvmfs/sft.cern.ch/lcg/releases/ROOT/v6.20.06-3f7fd/x86_64-centos7-gcc8-opt/lib/libImt.so
2b30b5263000-2b30b5264000 r--p 0000d000 00:38 5293                       /cvmfs/sft.cern.ch/lcg/releases/ROOT/v6.20.06-3f7fd/x86_64-centos7-gcc8-opt/lib/libImt.so
2b30b5264000-2b30b5265000 rw-p 0000e000 00:38 5293                       /cvmfs/sft.cern.ch/lcg/releases/ROOT/v6.20.06-3f7fd/x86_64-centos7-gcc8-opt/lib/libImt.so
2b30b5265000-2b30b55f9000 r-xp 00000000 00:38 6317                       /cvmfs/sft.cern.ch/lcg/releases/ROOT/v6.20.06-3f7fd/x86_64-centos7-gcc8-opt/lib/libRIO.so
2b30b55f9000-2b30b57f9000 ---p 00394000 00:38 6317                       /cvmfs/sft.cern.ch/lcg/releases/ROOT/v6.20.06-3f7fd/x86_64-centos7-gcc8-opt/lib/libRIO.so
2b30b57f9000-2b30b5806000 r--p 00394000 00:38 6317                       /cvmfs/sft.cern.ch/lcg/releases/ROOT/v6.20.06-3f7fd/x86_64-centos7-gcc8-opt/lib/libRIO.so
2b30b5806000-2b30b5809000 rw-p 003a1000 00:38 6317                       /cvmfs/sft.cern.ch/lcg/releases/ROOT/v6.20.06-3f7fd/x86_64-centos7-gcc8-opt/lib/libRIO.so
2b30b5809000-2b30b580c000 rw-p 00000000 00:00 0 
2b30b580c000-2b30b58d7000 r-xp 00000000 00:38 5545                       /cvmfs/sft.cern.ch/lcg/releases/ROOT/v6.20.06-3f7fd/x86_64-centos7-gcc8-opt/lib/libNet.so
2b30b58d7000-2b30b5ad6000 ---p 000cb000 00:38 5545                       /cvmfs/sft.cern.ch/lcg/releases/ROOT/v6.20.06-3f7fd/x86_64-centos7-gcc8-opt/lib/libNet.so
2b30b5ad6000-2b30b5ae2000 r--p 000ca000 00:38 5545                       /cvmfs/sft.cern.ch/lcg/releases/ROOT/v6.20.06-3f7fd/x86_64-centos7-gcc8-opt/lib/libNet.so
2b30b5ae2000-2b30b5ae4000 rw-p 000d6000 00:38 5545                       /cvmfs/sft.cern.ch/lcg/releases/ROOT/v6.20.06-3f7fd/x86_64-centos7-gcc8-opt/lib/libNet.so
2b30b5ae4000-2b30b5aeb000 rw-p 00000000 00:00 0 
2b30b5aeb000-2b30b5ea8000 r-xp 00000000 00:38 5454                       /cvmfs/sft.cern.ch/lcg/releases/ROOT/v6.20.06-3f7fd/x86_64-centos7-gcc8-opt/lib/libHist.so
2b30b5ea8000-2b30b60a7000 ---p 003bd000 00:38 5454                       /cvmfs/sft.cern.ch/lcg/releases/ROOT/v6.20.06-3f7fd/x86_64-centos7-gcc8-opt/lib/libHist.so
2b30b60a7000-2b30b60d1000 r--p 003bc000 00:38 5454                       /cvmfs/sft.cern.ch/lcg/releases/ROOT/v6.20.06-3f7fd/x86_64-centos7-gcc8-opt/lib/libHist.so
2b30b60d1000-2b30b60d5000 rw-p 003e6000 00:38 5454                       /cvmfs/sft.cern.ch/lcg/releases/ROOT/v6.20.06-3f7fd/x86_64-centos7-gcc8-opt/lib/libHist.so
2b30b60d5000-2b30b60e0000 rw-p 00000000 00:00 0 
2b30b60e0000-2b30b622a000 r-xp 00000000 00:38 5062                       /cvmfs/sft.cern.ch/lcg/releases/ROOT/v6.20.06-3f7fd/x86_64-centos7-gcc8-opt/lib/libGraf.so
2b30b622a000-2b30b6429000 ---p 0014a000 00:38 5062                       /cvmfs/sft.cern.ch/lcg/releases/ROOT/v6.20.06-3f7fd/x86_64-centos7-gcc8-opt/lib/libGraf.so
2b30b6429000-2b30b6437000 r--p 00149000 00:38 5062                       /cvmfs/sft.cern.ch/lcg/releases/ROOT/v6.20.06-3f7fd/x86_64-centos7-gcc8-opt/lib/libGraf.so
2b30b6437000-2b30b643b000 rw-p 00157000 00:38 5062                       /cvmfs/sft.cern.ch/lcg/releases/ROOT/v6.20.06-3f7fd/x86_64-centos7-gcc8-opt/lib/libGraf.so
2b30b643b000-2b30b6449000 rw-p 00000000 00:00 0 
2b30b6449000-2b30b64e8000 r-xp 00000000 00:38 5416                       /cvmfs/sft.cern.ch/lcg/releases/ROOT/v6.20.06-3f7fd/x86_64-centos7-gcc8-opt/lib/libGraf3d.so
2b30b64e8000-2b30b66e7000 ---p 0009f000 00:38 5416                       /cvmfs/sft.cern.ch/lcg/releases/ROOT/v6.20.06-3f7fd/x86_64-centos7-gcc8-opt/lib/libGraf3d.so
2b30b66e7000-2b30b66f1000 r--p 0009e000 00:38 5416                       /cvmfs/sft.cern.ch/lcg/releases/ROOT/v6.20.06-3f7fd/x86_64-centos7-gcc8-opt/lib/libGraf3d.so
2b30b66f1000-2b30b66f2000 rw-p 000a8000 00:38 5416                       /cvmfs/sft.cern.ch/lcg/releases/ROOT/v6.20.06-3f7fd/x86_64-centos7-gcc8-opt/lib/libGraf3d.so
2b30b66f2000-2b30b66f6000 rw-p 00000000 00:00 0 
2b30b66f6000-2b30b67d1000 r-xp 00000000 00:38 5089                       /cvmfs/sft.cern.ch/lcg/releases/ROOT/v6.20.06-3f7fd/x86_64-centos7-gcc8-opt/lib/libGpad.so
2b30b67d1000-2b30b69d0000 ---p 000db000 00:38 5089                       /cvmfs/sft.cern.ch/lcg/releases/ROOT/v6.20.06-3f7fd/x86_64-centos7-gcc8-opt/lib/libGpad.so
2b30b69d0000-2b30b69da000 r--p 000da000 00:38 5089                       /cvmfs/sft.cern.ch/lcg/releases/ROOT/v6.20.06-3f7fd/x86_64-centos7-gcc8-opt/lib/libGpad.so
2b30b69da000-2b30b69dc000 rw-p 000e4000 00:38 5089                       /cvmfs/sft.cern.ch/lcg/releases/ROOT/v6.20.06-3f7fd/x86_64-centos7-gcc8-opt/lib/libGpad.so
2b30b69dc000-2b30b69dd000 rw-p 00000000 00:00 0 
2b30b69dd000-2b30b6ab2000 r-xp 00000000 00:38 5012                       /cvmfs/sft.cern.ch/lcg/releases/ROOT/v6.20.06-3f7fd/x86_64-centos7-gcc8-opt/lib/libROOTVecOps.so
2b30b6ab2000-2b30b6cb1000 ---p 000d5000 00:38 5012                       /cvmfs/sft.cern.ch/lcg/releases/ROOT/v6.20.06-3f7fd/x86_64-centos7-gcc8-opt/lib/libROOTVecOps.so
2b30b6cb1000-2b30b6cb3000 r--p 000d4000 00:38 5012                       /cvmfs/sft.cern.ch/lcg/releases/ROOT/v6.20.06-3f7fd/x86_64-centos7-gcc8-opt/lib/libROOTVecOps.so
2b30b6cb3000-2b30b6cb4000 rw-p 000d6000 00:38 5012                       /cvmfs/sft.cern.ch/lcg/releases/ROOT/v6.20.06-3f7fd/x86_64-centos7-gcc8-opt/lib/libROOTVecOps.so
2b30b6cb4000-2b30b6cb6000 rw-p 00000000 00:00 0 
2b30b6cb6000-2b30b6e20000 r-xp 00000000 00:38 5467                       /cvmfs/sft.cern.ch/lcg/releases/ROOT/v6.20.06-3f7fd/x86_64-centos7-gcc8-opt/lib/libTree.so
2b30b6e20000-2b30b701f000 ---p 0016a000 00:38 5467                       /cvmfs/sft.cern.ch/lcg/releases/ROOT/v6.20.06-3f7fd/x86_64-centos7-gcc8-opt/lib/libTree.so
2b30b701f000-2b30b702f000 r--p 00169000 00:38 5467                       /cvmfs/sft.cern.ch/lcg/releases/ROOT/v6.20.06-3f7fd/x86_64-centos7-gcc8-opt/lib/libTree.so
2b30b702f000-2b30b7032000 rw-p 00179000 00:38 5467                       /cvmfs/sft.cern.ch/lcg/releases/ROOT/v6.20.06-3f7fd/x86_64-centos7-gcc8-opt/lib/libTree.so
2b30b7032000-2b30b7036000 rw-p 00000000 00:00 0 
2b30b7036000-2b30b71aa000 r-xp 00000000 00:38 5262                       /cvmfs/sft.cern.ch/lcg/releases/ROOT/v6.20.06-3f7fd/x86_64-centos7-gcc8-opt/lib/libTreePlayer.so
2b30b71aa000-2b30b73a9000 ---p 00174000 00:38 5262                       /cvmfs/sft.cern.ch/lcg/releases/ROOT/v6.20.06-3f7fd/x86_64-centos7-gcc8-opt/lib/libTreePlayer.so
2b30b73a9000-2b30b73b4000 r--p 00173000 00:38 5262                       /cvmfs/sft.cern.ch/lcg/releases/ROOT/v6.20.06-3f7fd/x86_64-centos7-gcc8-opt/lib/libTreePlayer.so
2b30b73b4000-2b30b73b6000 rw-p 0017e000 00:38 5262                       /cvmfs/sft.cern.ch/lcg/releases/ROOT/v6.20.06-3f7fd/x86_64-centos7-gcc8-opt/lib/libTreePlayer.so
2b30b73b6000-2b30b73bd000 rw-p 00000000 00:00 0 
2b30b73bd000-2b30b73e4000 r-xp 00000000 00:38 5074                       /cvmfs/sft.cern.ch/lcg/releases/ROOT/v6.20.06-3f7fd/x86_64-centos7-gcc8-opt/lib/libRint.so
2b30b73e4000-2b30b75e3000 ---p 00027000 00:38 5074                       /cvmfs/sft.cern.ch/lcg/releases/ROOT/v6.20.06-3f7fd/x86_64-centos7-gcc8-opt/lib/libRint.so
2b30b75e3000-2b30b75e5000 r--p 00026000 00:38 5074                       /cvmfs/sft.cern.ch/lcg/releases/ROOT/v6.20.06-3f7fd/x86_64-centos7-gcc8-opt/lib/libRint.so
2b30b75e5000-2b30b75e6000 rw-p 00028000 00:38 5074                       /cvmfs/sft.cern.ch/lcg/releases/ROOT/v6.20.06-3f7fd/x86_64-centos7-gcc8-opt/lib/libRint.so
2b30b75e6000-2b30b7655000 r-xp 00000000 00:38 5439                       /cvmfs/sft.cern.ch/lcg/releases/ROOT/v6.20.06-3f7fd/x86_64-centos7-gcc8-opt/lib/libPostscript.so
2b30b7655000-2b30b7855000 ---p 0006f000 00:38 5439                       /cvmfs/sft.cern.ch/lcg/releases/ROOT/v6.20.06-3f7fd/x86_64-centos7-gcc8-opt/lib/libPostscript.so
2b30b7855000-2b30b785c000 r--p 0006f000 00:38 5439                       /cvmfs/sft.cern.ch/lcg/releases/ROOT/v6.20.06-3f7fd/x86_64-centos7-gcc8-opt/lib/libPostscript.so
2b30b785c000-2b30b785d000 rw-p 00076000 00:38 5439                       /cvmfs/sft.cern.ch/lcg/releases/ROOT/v6.20.06-3f7fd/x86_64-centos7-gcc8-opt/lib/libPostscript.so
2b30b785d000-2b30b785e000 rw-p 00000000 00:00 0 
2b30b785e000-2b30b79c9000 r-xp 00000000 00:38 5481                       /cvmfs/sft.cern.ch/lcg/releases/ROOT/v6.20.06-3f7fd/x86_64-centos7-gcc8-opt/lib/libMatrix.so
2b30b79c9000-2b30b7bc8000 ---p 0016b000 00:38 5481                       /cvmfs/sft.cern.ch/lcg/releases/ROOT/v6.20.06-3f7fd/x86_64-centos7-gcc8-opt/lib/libMatrix.so
2b30b7bc8000-2b30b7bd0000 r--p 0016a000 00:38 5481                       /cvmfs/sft.cern.ch/lcg/releases/ROOT/v6.20.06-3f7fd/x86_64-centos7-gcc8-opt/lib/libMatrix.so
2b30b7bd0000-2b30b7bd2000 rw-p 00172000 00:38 5481                       /cvmfs/sft.cern.ch/lcg/releases/ROOT/v6.20.06-3f7fd/x86_64-centos7-gcc8-opt/lib/libMatrix.so
2b30b7bd2000-2b30b7bd6000 rw-p 00000000 00:00 0 
2b30b7bd6000-2b30b7c1e000 r-xp 00000000 00:38 5097                       /cvmfs/sft.cern.ch/lcg/releases/ROOT/v6.20.06-3f7fd/x86_64-centos7-gcc8-opt/lib/libPhysics.so
2b30b7c1e000-2b30b7e1e000 ---p 00048000 00:38 5097                       /cvmfs/sft.cern.ch/lcg/releases/ROOT/v6.20.06-3f7fd/x86_64-centos7-gcc8-opt/lib/libPhysics.so
2b30b7e1e000-2b30b7e21000 r--p 00048000 00:38 5097                       /cvmfs/sft.cern.ch/lcg/releases/ROOT/v6.20.06-3f7fd/x86_64-centos7-gcc8-opt/lib/libPhysics.so
2b30b7e21000-2b30b7e22000 rw-p 0004b000 00:38 5097                       /cvmfs/sft.cern.ch/lcg/releases/ROOT/v6.20.06-3f7fd/x86_64-centos7-gcc8-opt/lib/libPhysics.so
2b30b7e22000-2b30b7e23000 rw-p 00000000 00:00 0 
2b30b7e23000-2b30b8020000 r-xp 00000000 00:38 4860                       /cvmfs/sft.cern.ch/lcg/releases/ROOT/v6.20.06-3f7fd/x86_64-centos7-gcc8-opt/lib/libMathCore.so
2b30b8020000-2b30b8220000 ---p 001fd000 00:38 4860                       /cvmfs/sft.cern.ch/lcg/releases/ROOT/v6.20.06-3f7fd/x86_64-centos7-gcc8-opt/lib/libMathCore.so
2b30b8220000-2b30b822a000 r--p 001fd000 00:38 4860                       /cvmfs/sft.cern.ch/lcg/releases/ROOT/v6.20.06-3f7fd/x86_64-centos7-gcc8-opt/lib/libMathCore.so
2b30b822a000-2b30b822d000 rw-p 00207000 00:38 4860                       /cvmfs/sft.cern.ch/lcg/releases/ROOT/v6.20.06-3f7fd/x86_64-centos7-gcc8-opt/lib/libMathCore.so
2b30b822d000-2b30b8236000 rw-p 00000000 00:00 0 
2b30b8236000-2b30b8285000 r-xp 00000000 00:38 5100                       /cvmfs/sft.cern.ch/lcg/releases/ROOT/v6.20.06-3f7fd/x86_64-centos7-gcc8-opt/lib/libThread.so
2b30b8285000-2b30b8484000 ---p 0004f000 00:38 5100                       /cvmfs/sft.cern.ch/lcg/releases/ROOT/v6.20.06-3f7fd/x86_64-centos7-gcc8-opt/lib/libThread.so
2b30b8484000-2b30b8488000 r--p 0004e000 00:38 5100                       /cvmfs/sft.cern.ch/lcg/releases/ROOT/v6.20.06-3f7fd/x86_64-centos7-gcc8-opt/lib/libThread.so
2b30b8488000-2b30b8489000 rw-p 00052000 00:38 5100                       /cvmfs/sft.cern.ch/lcg/releases/ROOT/v6.20.06-3f7fd/x86_64-centos7-gcc8-opt/lib/libThread.so
2b30b8489000-2b30b848b000 rw-p 00000000 00:00 0 
2b30b848b000-2b30b8497000 r-xp 00000000 00:38 5320                       /cvmfs/sft.cern.ch/lcg/releases/ROOT/v6.20.06-3f7fd/x86_64-centos7-gcc8-opt/lib/libMultiProc.so
2b30b8497000-2b30b8696000 ---p 0000c000 00:38 5320                       /cvmfs/sft.cern.ch/lcg/releases/ROOT/v6.20.06-3f7fd/x86_64-centos7-gcc8-opt/lib/libMultiProc.so
2b30b8696000-2b30b8697000 r--p 0000b000 00:38 5320                       /cvmfs/sft.cern.ch/lcg/releases/ROOT/v6.20.06-3f7fd/x86_64-centos7-gcc8-opt/lib/libMultiProc.so
2b30b8697000-2b30b8698000 rw-p 0000c000 00:38 5320                       /cvmfs/sft.cern.ch/lcg/releases/ROOT/v6.20.06-3f7fd/x86_64-centos7-gcc8-opt/lib/libMultiProc.so
2b30b8698000-2b30b874a000 r-xp 00000000 00:38 5105                       /cvmfs/sft.cern.ch/lcg/releases/ROOT/v6.20.06-3f7fd/x86_64-centos7-gcc8-opt/lib/libROOTDataFrame.so
2b30b874a000-2b30b894a000 ---p 000b2000 00:38 5105                       /cvmfs/sft.cern.ch/lcg/releases/ROOT/v6.20.06-3f7fd/x86_64-centos7-gcc8-opt/lib/libROOTDataFrame.so
2b30b894a000-2b30b894d000 r--p 000b2000 00:38 5105                       /cvmfs/sft.cern.ch/lcg/releases/ROOT/v6.20.06-3f7fd/x86_64-centos7-gcc8-opt/lib/libROOTDataFrame.so
2b30b894d000-2b30b894f000 rw-p 000b5000 00:38 5105                       /cvmfs/sft.cern.ch/lcg/releases/ROOT/v6.20.06-3f7fd/x86_64-centos7-gcc8-opt/lib/libROOTDataFrame.so
2b30b894f000-2b30b8952000 rw-p 00000000 00:00 0 
2b30b8952000-2b30b8954000 r-xp 00000000 fd:00 3671667                    /usr/lib64/libdl-2.17.so
2b30b8954000-2b30b8b54000 ---p 00002000 fd:00 3671667                    /usr/lib64/libdl-2.17.so
2b30b8b54000-2b30b8b55000 r--p 00002000 fd:00 3671667                    /usr/lib64/libdl-2.17.so
2b30b8b55000-2b30b8b56000 rw-p 00003000 fd:00 3671667                    /usr/lib64/libdl-2.17.so
2b30b8b56000-2b30b8b65000 r-xp 00000000 00:35 3362007893                 /direct/usatlas+u/jeff/RootUtilities/lib/libUtilities.so
2b30b8b65000-2b30b8d64000 ---p 0000f000 00:35 3362007893                 /direct/usatlas+u/jeff/RootUtilities/lib/libUtilities.so
2b30b8d64000-2b30b8d65000 r--p 0000e000 00:35 3362007893                 /direct/usatlas+u/jeff/RootUtilities/lib/libUtilities.so
2b30b8d65000-2b30b8d66000 rw-p 0000f000 00:35 3362007893                 /direct/usatlas+u/jeff/RootUtilities/lib/libUtilities.so
2b30b8d66000-2b30b8d6e000 r-xp 00000000 00:3b 56323298                   /gpfs/mnt/atlasgpfs01/usatlas/workarea/jeff/atlas-hi/lib/libAtlasUtils.so
2b30b8d6e000-2b30b8f6d000 ---p 00008000 00:3b 56323298                   /gpfs/mnt/atlasgpfs01/usatlas/workarea/jeff/atlas-hi/lib/libAtlasUtils.so
2b30b8f6d000-2b30b8f6e000 r--p 00007000 00:3b 56323298                   /gpfs/mnt/atlasgpfs01/usatlas/workarea/jeff/atlas-hi/lib/libAtlasUtils.so
2b30b8f6e000-2b30b8f6f000 rw-p 00008000 00:3b 56323298                   /gpfs/mnt/atlasgpfs01/usatlas/workarea/jeff/atlas-hi/lib/libAtlasUtils.so
2b30b8f6f000-2b30b8f71000 r-xp 00000000 00:3b 56323256                   /gpfs/mnt/atlasgpfs01/usatlas/workarea/jeff/atlas-hi/lib/libAtlasStyle.so
2b30b8f71000-2b30b9170000 ---p 00002000 00:3b 56323256                   /gpfs/mnt/atlasgpfs01/usatlas/workarea/jeff/atlas-hi/lib/libAtlasStyle.so
2b30b9170000-2b30b9171000 r--p 00001000 00:3b 56323256                   /gpfs/mnt/atlasgpfs01/usatlas/workarea/jeff/atlas-hi/lib/libAtlasStyle.so
2b30b9171000-2b30b9172000 rw-p 00002000 00:3b 56323256                   /gpfs/mnt/atlasgpfs01/usatlas/workarea/jeff/atlas-hi/lib/libAtlasStyle.so
2b30b9172000-2b30b9181000 r-xp 00000000 00:3b 5086140                    /gpfs/mnt/atlasgpfs01/usatlas/workarea/jeff/HadronYieldsAnalysis/lib/libLocalUtilities.so
2b30b9181000-2b30b9380000 ---p 0000f000 00:3b 5086140                    /gpfs/mnt/atlasgpfs01/usatlas/workarea/jeff/HadronYieldsAnalysis/lib/libLocalUtilities.so
2b30b9380000-2b30b9381000 r--p 0000e000 00:3b 5086140                    /gpfs/mnt/atlasgpfs01/usatlas/workarea/jeff/HadronYieldsAnalysis/lib/libLocalUtilities.so
2b30b9381000-2b30b9382000 rw-p 0000f000 00:3b 5086140                    /gpfs/mnt/atlasgpfs01/usatlas/workarea/jeff/HadronYieldsAnalysis/lib/libLocalUtilities.so
2b30b9382000-2b30b9552000 rw-p 00000000 00:00 0 
2b30b9552000-2b30b9564000 r-xp 00000000 00:3b 5086138                    /gpfs/mnt/atlasgpfs01/usatlas/workarea/jeff/HadronYieldsAnalysis/lib/libJetHadronSkimmer.so
2b30b9564000-2b30b9764000 ---p 00012000 00:3b 5086138                    /gpfs/mnt/atlasgpfs01/usatlas/workarea/jeff/HadronYieldsAnalysis/lib/libJetHadronSkimmer.so
2b30b9764000-2b30b9765000 r--p 00012000 00:3b 5086138                    /gpfs/mnt/atlasgpfs01/usatlas/workarea/jeff/HadronYieldsAnalysis/lib/libJetHadronSkimmer.so
2b30b9765000-2b30b9766000 rw-p 00013000 00:3b 5086138                    /gpfs/mnt/atlasgpfs01/usatlas/workarea/jeff/HadronYieldsAnalysis/lib/libJetHadronSkimmer.so
2b30b9766000-2b30b999a000 rw-p 00000000 00:00 0 
2b30b999a000-2b30b99a8000 r-xp 00000000 00:3b 5086141                    /gpfs/mnt/atlasgpfs01/usatlas/workarea/jeff/HadronYieldsAnalysis/lib/libZDCAnalysis.so
2b30b99a8000-2b30b9ba8000 ---p 0000e000 00:3b 5086141                    /gpfs/mnt/atlasgpfs01/usatlas/workarea/jeff/HadronYieldsAnalysis/lib/libZDCAnalysis.so
2b30b9ba8000-2b30b9ba9000 r--p 0000e000 00:3b 5086141                    /gpfs/mnt/atlasgpfs01/usatlas/workarea/jeff/HadronYieldsAnalysis/lib/libZDCAnalysis.so
2b30b9ba9000-2b30b9baa000 rw-p 0000f000 00:3b 5086141                    /gpfs/mnt/atlasgpfs01/usatlas/workarea/jeff/HadronYieldsAnalysis/lib/libZDCAnalysis.so
2b30b9baa000-2b30b9d7a000 rw-p 00000000 00:00 0 
2b30b9d7a000-2b30b9ef3000 r-xp 00000000 00:38 368335                     /cvmfs/sft.cern.ch/lcg/releases/gcc/8.3.0-cebb0/x86_64-centos7/lib64/libstdc++.so.6.0.25
2b30b9ef3000-2b30ba0f3000 ---p 00179000 00:38 368335                     /cvmfs/sft.cern.ch/lcg/releases/gcc/8.3.0-cebb0/x86_64-centos7/lib64/libstdc++.so.6.0.25
2b30ba0f3000-2b30ba0fd000 r--p 00179000 00:38 368335                     /cvmfs/sft.cern.ch/lcg/releases/gcc/8.3.0-cebb0/x86_64-centos7/lib64/libstdc++.so.6.0.25
2b30ba0fd000-2b30ba0ff000 rw-p 00183000 00:38 368335                     /cvmfs/sft.cern.ch/lcg/releases/gcc/8.3.0-cebb0/x86_64-centos7/lib64/libstdc++.so.6.0.25
2b30ba0ff000-2b30ba103000 rw-p 00000000 00:00 0 
2b30ba103000-2b30ba203000 r-xp 00000000 fd:00 3671669                    /usr/lib64/libm-2.17.so
2b30ba203000-2b30ba403000 ---p 00100000 fd:00 3671669                    /usr/lib64/libm-2.17.so
2b30ba403000-2b30ba404000 r--p 00100000 fd:00 3671669                    /usr/lib64/libm-2.17.so
2b30ba404000-2b30ba405000 rw-p 00101000 fd:00 3671669                    /usr/lib64/libm-2.17.so
2b30ba405000-2b30ba41c000 r-xp 00000000 00:38 368161                     /cvmfs/sft.cern.ch/lcg/releases/gcc/8.3.0-cebb0/x86_64-centos7/lib64/libgcc_s.so.1
2b30ba41c000-2b30ba61b000 ---p 00017000 00:38 368161                     /cvmfs/sft.cern.ch/lcg/releases/gcc/8.3.0-cebb0/x86_64-centos7/lib64/libgcc_s.so.1
2b30ba61b000-2b30ba61c000 r--p 00016000 00:38 368161                     /cvmfs/sft.cern.ch/lcg/releases/gcc/8.3.0-cebb0/x86_64-centos7/lib64/libgcc_s.so.1
2b30ba61c000-2b30ba61d000 rw-p 00017000 00:38 368161                     /cvmfs/sft.cern.ch/lcg/releases/gcc/8.3.0-cebb0/x86_64-centos7/lib64/libgcc_s.so.1
2b30ba61d000-2b30ba634000 r-xp 00000000 fd:00 3671687                    /usr/lib64/libpthread-2.17.so
2b30ba634000-2b30ba833000 ---p 00017000 fd:00 3671687                    /usr/lib64/libpthread-2.17.so
2b30ba833000-2b30ba834000 r--p 00016000 fd:00 3671687                    /usr/lib64/libpthread-2.17.so
2b30ba834000-2b30ba835000 rw-p 00017000 fd:00 3671687                    /usr/lib64/libpthread-2.17.so
2b30ba835000-2b30ba839000 rw-p 00000000 00:00 0 
2b30ba839000-2b30ba9f0000 r-xp 00000000 fd:00 3671661                    /usr/lib64/libc-2.17.so
2b30ba9f0000-2b30babef000 ---p 001b7000 fd:00 3671661                    /usr/lib64/libc-2.17.so
2b30babef000-2b30babf3000 r--p 001b6000 fd:00 3671661                    /usr/lib64/libc-2.17.so
2b30babf3000-2b30babf5000 rw-p 001ba000 fd:00 3671661                    /usr/lib64/libc-2.17.so
2b30babf5000-2b30babfa000 rw-p 00000000 00:00 0 
2b30babfa000-2b30bac1f000 r-xp 00000000 fd:00 3671904                    /usr/lib64/liblzma.so.5.2.2
2b30bac1f000-2b30bae1e000 ---p 00025000 fd:00 3671904                    /usr/lib64/liblzma.so.5.2.2
2b30bae1e000-2b30bae1f000 r--p 00024000 fd:00 3671904                    /usr/lib64/liblzma.so.5.2.2
2b30bae1f000-2b30bae20000 rw-p 00025000 fd:00 3671904                    /usr/lib64/liblzma.so.5.2.2
2b30bae20000-2b30bae39000 r-xp 00000000 00:38 349771                     /cvmfs/sft.cern.ch/lcg/releases/zlib/1.2.11-da225/x86_64-centos7-gcc8-opt/lib/libz.so.1.2.11
2b30bae39000-2b30bb038000 ---p 00019000 00:38 349771                     /cvmfs/sft.cern.ch/lcg/releases/zlib/1.2.11-da225/x86_64-centos7-gcc8-opt/lib/libz.so.1.2.11
2b30bb038000-2b30bb039000 r--p 00018000 00:38 349771                     /cvmfs/sft.cern.ch/lcg/releases/zlib/1.2.11-da225/x86_64-centos7-gcc8-opt/lib/libz.so.1.2.11
2b30bb039000-2b30bb03a000 rw-p 00019000 00:38 349771                     /cvmfs/sft.cern.ch/lcg/releases/zlib/1.2.11-da225/x86_64-centos7-gcc8-opt/lib/libz.so.1.2.11
2b30bb03a000-2b30bb078000 r-xp 00000000 00:38 365369                     /cvmfs/sft.cern.ch/lcg/releases/tbb/2020_U1-bbcac/x86_64-centos7-gcc8-opt/lib/libtbb.so.2
2b30bb078000-2b30bb277000 ---p 0003e000 00:38 365369                     /cvmfs/sft.cern.ch/lcg/releases/tbb/2020_U1-bbcac/x86_64-centos7-gcc8-opt/lib/libtbb.so.2
2b30bb277000-2b30bb279000 r--p 0003d000 00:38 365369                     /cvmfs/sft.cern.ch/lcg/releases/tbb/2020_U1-bbcac/x86_64-centos7-gcc8-opt/lib/libtbb.so.2
2b30bb279000-2b30bb27c000 rw-p 0003f000 00:38 365369                     /cvmfs/sft.cern.ch/lcg/releases/tbb/2020_U1-bbcac/x86_64-centos7-gcc8-opt/lib/libtbb.so.2
2b30bb27c000-2b30bb27e000 rw-p 00000000 00:00 0 
2b30bb27e000-2b30bb2e5000 r-xp 00000000 fd:00 3682461                    /usr/lib64/libssl.so.1.0.2k
2b30bb2e5000-2b30bb4e4000 ---p 00067000 fd:00 3682461                    /usr/lib64/libssl.so.1.0.2k
2b30bb4e4000-2b30bb4e8000 r--p 00066000 fd:00 3682461                    /usr/lib64/libssl.so.1.0.2k
2b30bb4e8000-2b30bb4ef000 rw-p 0006a000 fd:00 3682461                    /usr/lib64/libssl.so.1.0.2k
2b30bb4ef000-2b30bb723000 r-xp 00000000 fd:00 3682459                    /usr/lib64/libcrypto.so.1.0.2k
2b30bb723000-2b30bb923000 ---p 00234000 fd:00 3682459                    /usr/lib64/libcrypto.so.1.0.2k
2b30bb923000-2b30bb93f000 r--p 00234000 fd:00 3682459                    /usr/lib64/libcrypto.so.1.0.2k
2b30bb93f000-2b30bb94c000 rw-p 00250000 fd:00 3682459                    /usr/lib64/libcrypto.so.1.0.2k
2b30bb94c000-2b30bb950000 rw-p 00000000 00:00 0 
2b30bb950000-2b30bb9f0000 r-xp 00000000 fd:00 3671845                    /usr/lib64/libfreetype.so.6.10.0
2b30bb9f0000-2b30bbbef000 ---p 000a0000 fd:00 3671845                    /usr/lib64/libfreetype.so.6.10.0
2b30bbbef000-2b30bbbf5000 r--p 0009f000 fd:00 3671845                    /usr/lib64/libfreetype.so.6.10.0
2b30bbbf5000-2b30bbbf6000 rw-p 000a5000 fd:00 3671845                    /usr/lib64/libfreetype.so.6.10.0
2b30bbbf6000-2b30bbc01000 r-xp 00000000 00:38 365197                     /cvmfs/sft.cern.ch/lcg/releases/vdt/0.4.3-992df/x86_64-centos7-gcc8-opt/lib/libvdt.so
2b30bbc01000-2b30bbe01000 ---p 0000b000 00:38 365197                     /cvmfs/sft.cern.ch/lcg/releases/vdt/0.4.3-992df/x86_64-centos7-gcc8-opt/lib/libvdt.so
2b30bbe01000-2b30bbe02000 r--p 0000b000 00:38 365197                     /cvmfs/sft.cern.ch/lcg/releases/vdt/0.4.3-992df/x86_64-centos7-gcc8-opt/lib/libvdt.so
2b30bbe02000-2b30bbe03000 rw-p 0000c000 00:38 365197                     /cvmfs/sft.cern.ch/lcg/releases/vdt/0.4.3-992df/x86_64-centos7-gcc8-opt/lib/libvdt.so
2b30bbe03000-2b30bbe5e000 r-xp 00000000 00:38 5301                       /cvmfs/sft.cern.ch/lcg/releases/ROOT/v6.20.06-3f7fd/x86_64-centos7-gcc8-opt/lib/libROOTNTuple.so
2b30bbe5e000-2b30bc05e000 ---p 0005b000 00:38 5301                       /cvmfs/sft.cern.ch/lcg/releases/ROOT/v6.20.06-3f7fd/x86_64-centos7-gcc8-opt/lib/libROOTNTuple.so
2b30bc05e000-2b30bc060000 r--p 0005b000 00:38 5301                       /cvmfs/sft.cern.ch/lcg/releases/ROOT/v6.20.06-3f7fd/x86_64-centos7-gcc8-opt/lib/libROOTNTuple.so
2b30bc060000-2b30bc061000 rw-p 0005d000 00:38 5301                       /cvmfs/sft.cern.ch/lcg/releases/ROOT/v6.20.06-3f7fd/x86_64-centos7-gcc8-opt/lib/libROOTNTuple.so
2b30bc061000-2b30bc062000 rw-p 00000000 00:00 0 
2b30bc062000-2b30bc16c000 r-xp 00000000 00:38 67507                      /cvmfs/sft.cern.ch/lcg/releases/sqlite/3280000-472f2/x86_64-centos7-gcc8-opt/lib/libsqlite3.so.0.8.6
2b30bc16c000-2b30bc36b000 ---p 0010a000 00:38 67507                      /cvmfs/sft.cern.ch/lcg/releases/sqlite/3280000-472f2/x86_64-centos7-gcc8-opt/lib/libsqlite3.so.0.8.6
2b30bc36b000-2b30bc36e000 r--p 00109000 00:38 67507                      /cvmfs/sft.cern.ch/lcg/releases/sqlite/3280000-472f2/x86_64-centos7-gcc8-opt/lib/libsqlite3.so.0.8.6
2b30bc36e000-2b30bc371000 rw-p 0010c000 00:38 67507                      /cvmfs/sft.cern.ch/lcg/releases/sqlite/3280000-472f2/x86_64-centos7-gcc8-opt/lib/libsqlite3.so.0.8.6
2b30bc371000-2b30bc372000 rw-p 00000000 00:00 0 
2b30bc372000-2b30bc379000 r-xp 00000000 fd:00 3671691                    /usr/lib64/librt-2.17.so
2b30bc379000-2b30bc578000 ---p 00007000 fd:00 3671691                    /usr/lib64/librt-2.17.so
2b30bc578000-2b30bc579000 r--p 00006000 fd:00 3671691                    /usr/lib64/librt-2.17.so
2b30bc579000-2b30bc57a000 rw-p 00007000 fd:00 3671691                    /usr/lib64/librt-2.17.so
2b30bc57a000-2b30bc5c5000 r-xp 00000000 fd:00 3682436                    /usr/lib64/libgssapi_krb5.so.2.2
2b30bc5c5000-2b30bc7c5000 ---p 0004b000 fd:00 3682436                    /usr/lib64/libgssapi_krb5.so.2.2
2b30bc7c5000-2b30bc7c6000 r--p 0004b000 fd:00 3682436                    /usr/lib64/libgssapi_krb5.so.2.2
2b30bc7c6000-2b30bc7c8000 rw-p 0004c000 fd:00 3682436                    /usr/lib64/libgssapi_krb5.so.2.2
2b30bc7c8000-2b30bc89e000 r-xp 00000000 fd:00 3682446                    /usr/lib64/libkrb5.so.3.3
2b30bc89e000-2b30bca9e000 ---p 000d6000 fd:00 3682446                    /usr/lib64/libkrb5.so.3.3
2b30bca9e000-2b30bcaac000 r--p 000d6000 fd:00 3682446                    /usr/lib64/libkrb5.so.3.3
2b30bcaac000-2b30bcaaf000 rw-p 000e4000 fd:00 3682446                    /usr/lib64/libkrb5.so.3.3
2b30bcaaf000-2b30bcab2000 r-xp 00000000 fd:00 3671847                    /usr/lib64/libcom_err.so.2.1
2b30bcab2000-2b30bccb1000 ---p 00003000 fd:00 3671847                    /usr/lib64/libcom_err.so.2.1
2b30bccb1000-2b30bccb2000 r--p 00002000 fd:00 3671847                    /usr/lib64/libcom_err.so.2.1
2b30bccb2000-2b30bccb3000 rw-p 00003000 fd:00 3671847                    /usr/lib64/libcom_err.so.2.1
2b30bccb3000-2b30bcce2000 r-xp 00000000 fd:00 3682440                    /usr/lib64/libk5crypto.so.3.1
2b30bcce2000-2b30bcee1000 ---p 0002f000 fd:00 3682440                    /usr/lib64/libk5crypto.so.3.1
2b30bcee1000-2b30bcee3000 r--p 0002e000 fd:00 3682440                    /usr/lib64/libk5crypto.so.3.1
2b30bcee3000-2b30bcee4000 rw-p 00030000 fd:00 3682440                    /usr/lib64/libk5crypto.so.3.1
2b30bcee4000-2b30bcee5000 rw-p 00000000 00:00 0 
2b30bcee5000-2b30bcef2000 r-xp 00000000 fd:00 3682448                    /usr/lib64/libkrb5support.so.0.1
2b30bcef2000-2b30bd0f2000 ---p 0000d000 fd:00 3682448                    /usr/lib64/libkrb5support.so.0.1
2b30bd0f2000-2b30bd0f3000 r--p 0000d000 fd:00 3682448                    /usr/lib64/libkrb5support.so.0.1
2b30bd0f3000-2b30bd0f4000 rw-p 0000e000 fd:00 3682448                    /usr/lib64/libkrb5support.so.0.1
2b30bd0f4000-2b30bd0f7000 r-xp 00000000 fd:00 3672134                    /usr/lib64/libkeyutils.so.1.5
2b30bd0f7000-2b30bd2f6000 ---p 00003000 fd:00 3672134                    /usr/lib64/libkeyutils.so.1.5
2b30bd2f6000-2b30bd2f7000 r--p 00002000 fd:00 3672134                    /usr/lib64/libkeyutils.so.1.5
2b30bd2f7000-2b30bd2f8000 rw-p 00003000 fd:00 3672134                    /usr/lib64/libkeyutils.so.1.5
2b30bd2f8000-2b30bd30e000 r-xp 00000000 fd:00 3671689                    /usr/lib64/libresolv-2.17.so
2b30bd30e000-2b30bd50e000 ---p 00016000 fd:00 3671689                    /usr/lib64/libresolv-2.17.so
2b30bd50e000-2b30bd50f000 r--p 00016000 fd:00 3671689                    /usr/lib64/libresolv-2.17.so
2b30bd50f000-2b30bd510000 rw-p 00017000 fd:00 3671689                    /usr/lib64/libresolv-2.17.so
2b30bd510000-2b30bd512000 rw-p 00000000 00:00 0 
2b30bd512000-2b30bd536000 r-xp 00000000 fd:00 3671830                    /usr/lib64/libselinux.so.1
2b30bd536000-2b30bd735000 ---p 00024000 fd:00 3671830                    /usr/lib64/libselinux.so.1
2b30bd735000-2b30bd736000 r--p 00023000 fd:00 3671830                    /usr/lib64/libselinux.so.1
2b30bd736000-2b30bd737000 rw-p 00024000 fd:00 3671830                    /usr/lib64/libselinux.so.1
2b30bd737000-2b30bd739000 rw-p 00000000 00:00 0 
2b30bd739000-2b30bd799000 r-xp 00000000 fd:00 3671821                    /usr/lib64/libpcre.so.1.2.0
2b30bd799000-2b30bd998000 ---p 00060000 fd:00 3671821                    /usr/lib64/libpcre.so.1.2.0
2b30bd998000-2b30bd999000 r--p 0005f000 fd:00 3671821                    /usr/lib64/libpcre.so.1.2.0
2b30bd999000-2b30bd99a000 rw-p 00060000 fd:00 3671821                    /usr/lib64/libpcre.so.1.2.0
2b30bd99a000-2b30be19a000 rw-p 00000000 00:00 0 
2b30be19a000-2b30c1083000 r-xp 00000000 00:38 5420                       /cvmfs/sft.cern.ch/lcg/releases/ROOT/v6.20.06-3f7fd/x86_64-centos7-gcc8-opt/lib/libCling.so
2b30c1083000-2b30c1283000 ---p 02ee9000 00:38 5420                       /cvmfs/sft.cern.ch/lcg/releases/ROOT/v6.20.06-3f7fd/x86_64-centos7-gcc8-opt/lib/libCling.so
2b30c1283000-2b30c1495000 r--p 02ee9000 00:38 5420                       /cvmfs/sft.cern.ch/lcg/releases/ROOT/v6.20.06-3f7fd/x86_64-centos7-gcc8-opt/lib/libCling.so
2b30c1495000-2b30c14a0000 rw-p 030fb000 00:38 5420                       /cvmfs/sft.cern.ch/lcg/releases/ROOT/v6.20.06-3f7fd/x86_64-centos7-gcc8-opt/lib/libCling.so
2b30c14a0000-2b30c14cd000 rw-p 00000000 00:00 0 
2b30c14cd000-2b30c14f2000 r-xp 00000000 fd:00 3671730                    /usr/lib64/libtinfo.so.5.9
2b30c14f2000-2b30c16f2000 ---p 00025000 fd:00 3671730                    /usr/lib64/libtinfo.so.5.9
2b30c16f2000-2b30c16f6000 r--p 00025000 fd:00 3671730                    /usr/lib64/libtinfo.so.5.9
2b30c16f6000-2b30c16f7000 rw-p 00029000 fd:00 3671730                    /usr/lib64/libtinfo.so.5.9
2b30c16f7000-2b30c1728000 rw-p 00000000 00:00 0 
2b30c1728000-2b30c2a5c000 r--p 00000000 00:38 5355                       /cvmfs/sft.cern.ch/lcg/releases/ROOT/v6.20.06-3f7fd/x86_64-centos7-gcc8-opt/lib/std.pcm
2b30c2a5c000-2b30c2b9c000 r--p 00000000 00:38 5331                       /cvmfs/sft.cern.ch/lcg/releases/ROOT/v6.20.06-3f7fd/x86_64-centos7-gcc8-opt/lib/libc.pcm
2b30c2b9c000-2b30c2bb9000 r--p 00000000 00:38 5358                       /cvmfs/sft.cern.ch/lcg/releases/ROOT/v6.20.06-3f7fd/x86_64-centos7-gcc8-opt/lib/Cling_Runtime.pcm
2b30c2bb9000-2b30c2be4000 r--p 00000000 00:38 5284                       /cvmfs/sft.cern.ch/lcg/releases/ROOT/v6.20.06-3f7fd/x86_64-centos7-gcc8-opt/lib/Cling_Runtime_Extra.pcm
2b30c2be4000-2b30c2c2c000 r--p 00000000 00:38 5390                       /cvmfs/sft.cern.ch/lcg/releases/ROOT/v6.20.06-3f7fd/x86_64-centos7-gcc8-opt/lib/ROOT_Foundation_C.pcm
2b30c2c2c000-2b30c2c45000 r--p 00000000 00:38 5050                       /cvmfs/sft.cern.ch/lcg/releases/ROOT/v6.20.06-3f7fd/x86_64-centos7-gcc8-opt/lib/ROOT_Rtypes.pcm
2b30c2c45000-2b30c2c63000 r--p 00000000 00:38 5332                       /cvmfs/sft.cern.ch/lcg/releases/ROOT/v6.20.06-3f7fd/x86_64-centos7-gcc8-opt/lib/ROOT_Config.pcm
2b30c2c63000-2b30c2cf1000 r--p 00000000 00:38 5369                       /cvmfs/sft.cern.ch/lcg/releases/ROOT/v6.20.06-3f7fd/x86_64-centos7-gcc8-opt/lib/ProofBench.pcm
2b30c2d59000-2b30c2de5000 r--p 00000000 00:38 5289                       /cvmfs/sft.cern.ch/lcg/releases/ROOT/v6.20.06-3f7fd/x86_64-centos7-gcc8-opt/lib/Unfold.pcm
2b30c2de5000-2b30c2e50000 r--p 00000000 00:38 5070                       /cvmfs/sft.cern.ch/lcg/releases/ROOT/v6.20.06-3f7fd/x86_64-centos7-gcc8-opt/lib/RHTTPSniff.pcm
2b30c2e59000-2b30c324d000 r--p 00000000 00:38 5263                       /cvmfs/sft.cern.ch/lcg/releases/ROOT/v6.20.06-3f7fd/x86_64-centos7-gcc8-opt/lib/_Builtin_intrinsics.pcm
2b30c324d000-2b30c32fe000 r--p 00000000 00:38 5266                       /cvmfs/sft.cern.ch/lcg/releases/ROOT/v6.20.06-3f7fd/x86_64-centos7-gcc8-opt/lib/ROOT_Foundation_Stage1_NoRTTI.pcm
2b30c32fe000-2b30c3c27000 r--p 00000000 00:38 5316                       /cvmfs/sft.cern.ch/lcg/releases/ROOT/v6.20.06-3f7fd/x86_64-centos7-gcc8-opt/lib/Core.pcm
2b30c3c27000-2b30c3d4f000 r--p 00000000 00:38 5449                       /cvmfs/sft.cern.ch/lcg/releases/ROOT/v6.20.06-3f7fd/x86_64-centos7-gcc8-opt/lib/Gdml.pcm
2b30c3d4f000-2b30c3eac000 r--p 00000000 00:38 4767                       /cvmfs/sft.cern.ch/lcg/releases/ROOT/v6.20.06-3f7fd/x86_64-centos7-gcc8-opt/lib/WebGui6.pcm
2b30c3ecb000-2b30c41a9000 r--p 00000000 00:38 5350                       /cvmfs/sft.cern.ch/lcg/releases/ROOT/v6.20.06-3f7fd/x86_64-centos7-gcc8-opt/lib/RIO.pcm
2b30c41a9000-2b30c4339000 r--p 00000000 00:38 5380                       /cvmfs/sft.cern.ch/lcg/releases/ROOT/v6.20.06-3f7fd/x86_64-centos7-gcc8-opt/lib/Thread.pcm
2b30c4339000-2b30c477e000 r--p 00000000 00:38 5298                       /cvmfs/sft.cern.ch/lcg/releases/ROOT/v6.20.06-3f7fd/x86_64-centos7-gcc8-opt/lib/Hist.pcm
2b30c477e000-2b30c4f6e000 r--p 00000000 00:38 5504                       /cvmfs/sft.cern.ch/lcg/releases/ROOT/v6.20.06-3f7fd/x86_64-centos7-gcc8-opt/lib/MathCore.pcm
2b30c4f6e000-2b30c5033000 r--p 00000000 00:38 5373                       /cvmfs/sft.cern.ch/lcg/releases/ROOT/v6.20.06-3f7fd/x86_64-centos7-gcc8-opt/lib/Imt.pcm
2b30c5033000-2b30c51ae000 r--p 00000000 00:38 5335                       /cvmfs/sft.cern.ch/lcg/releases/ROOT/v6.20.06-3f7fd/x86_64-centos7-gcc8-opt/lib/Matrix.pcm
2b30c51ae000-2b30c5224000 r--p 00000000 00:38 5400                       /cvmfs/sft.cern.ch/lcg/releases/ROOT/v6.20.06-3f7fd/x86_64-centos7-gcc8-opt/lib/XMLParser.pcm
2b30c5224000-2b30c5351000 r--p 00000000 00:38 4760                       /cvmfs/sft.cern.ch/lcg/releases/ROOT/v6.20.06-3f7fd/x86_64-centos7-gcc8-opt/lib/RHTTP.pcm
2b30c5351000-2b30c53f5000 r--p 00000000 00:38 5057                       /cvmfs/sft.cern.ch/lcg/releases/ROOT/v6.20.06-3f7fd/x86_64-centos7-gcc8-opt/lib/FitPanel.pcm
2b30c53f5000-2b30c5722000 r--p 00000000 00:38 5377                       /cvmfs/sft.cern.ch/lcg/releases/ROOT/v6.20.06-3f7fd/x86_64-centos7-gcc8-opt/lib/Gui.pcm
2b30c5722000-2b30c581d000 r--p 00000000 00:38 4757                       /cvmfs/sft.cern.ch/lcg/releases/ROOT/v6.20.06-3f7fd/x86_64-centos7-gcc8-opt/lib/Graf.pcm
2b30c581d000-2b30c5ab6000 r--p 00000000 00:38 5595                       /cvmfs/sft.cern.ch/lcg/releases/ROOT/v6.20.06-3f7fd/x86_64-centos7-gcc8-opt/lib/ROOTVecOps.pcm
2b30c5ab6000-2b30c5b4c000 r--p 00000000 00:38 5282                       /cvmfs/sft.cern.ch/lcg/releases/ROOT/v6.20.06-3f7fd/x86_64-centos7-gcc8-opt/lib/RDAVIX.pcm
2b30c5b4c000-2b30c5c37000 r--p 00000000 00:38 5323                       /cvmfs/sft.cern.ch/lcg/releases/ROOT/v6.20.06-3f7fd/x86_64-centos7-gcc8-opt/lib/RMySQL.pcm
2b30c5c37000-2b30c5d42000 r--p 00000000 00:38 5288                       /cvmfs/sft.cern.ch/lcg/releases/ROOT/v6.20.06-3f7fd/x86_64-centos7-gcc8-opt/lib/Net.pcm
2b30c5d42000-2b30c5daf000 r--p 00000000 00:38 5313                       /cvmfs/sft.cern.ch/lcg/releases/ROOT/v6.20.06-3f7fd/x86_64-centos7-gcc8-opt/lib/GFAL.pcm
2b30c5de4000-2b30c5e9b000 r--p 00000000 00:38 5531                       /cvmfs/sft.cern.ch/lcg/releases/ROOT/v6.20.06-3f7fd/x86_64-centos7-gcc8-opt/lib/Physics.pcm
2b30c5e9b000-2b30c5f14000 r--p 00000000 00:38 5514                       /cvmfs/sft.cern.ch/lcg/releases/ROOT/v6.20.06-3f7fd/x86_64-centos7-gcc8-opt/lib/Genetic.pcm
2b30c5f14000-2b30c6176000 r--p 00000000 00:38 5387                       /cvmfs/sft.cern.ch/lcg/releases/ROOT/v6.20.06-3f7fd/x86_64-centos7-gcc8-opt/lib/Tree.pcm
2b30c6176000-2b30c61ea000 r--p 00000000 00:38 5348                       /cvmfs/sft.cern.ch/lcg/releases/ROOT/v6.20.06-3f7fd/x86_64-centos7-gcc8-opt/lib/DCache.pcm
2b30c61ea000-2b30c62bb000 r--p 00000000 00:38 5366                       /cvmfs/sft.cern.ch/lcg/releases/ROOT/v6.20.06-3f7fd/x86_64-centos7-gcc8-opt/lib/Gpad.pcm
2b30c62bb000-2b30c679b000 r--p 00000000 00:38 5341                       /cvmfs/sft.cern.ch/lcg/releases/ROOT/v6.20.06-3f7fd/x86_64-centos7-gcc8-opt/lib/RGL.pcm
2b30c679b000-2b30c688a000 r--p 00000000 00:38 5425                       /cvmfs/sft.cern.ch/lcg/releases/ROOT/v6.20.06-3f7fd/x86_64-centos7-gcc8-opt/lib/Ged.pcm
2b30c688a000-2b30c68f2000 r--p 00000000 00:38 5386                       /cvmfs/sft.cern.ch/lcg/releases/ROOT/v6.20.06-3f7fd/x86_64-centos7-gcc8-opt/lib/RCsg.pcm
2b30c68f2000-2b30c6e16000 r--p 00000000 00:38 5396                       /cvmfs/sft.cern.ch/lcg/releases/ROOT/v6.20.06-3f7fd/x86_64-centos7-gcc8-opt/lib/ROOTEve.pcm
2b30c6e16000-2b30c7108000 r--p 00000000 00:38 5285                       /cvmfs/sft.cern.ch/lcg/releases/ROOT/v6.20.06-3f7fd/x86_64-centos7-gcc8-opt/lib/Geom.pcm
2b30c7108000-2b30c7294000 r--p 00000000 00:38 5338                       /cvmfs/sft.cern.ch/lcg/releases/ROOT/v6.20.06-3f7fd/x86_64-centos7-gcc8-opt/lib/ROOTWebDisplay.pcm
2b30c7294000-2b30c7327000 r--p 00000000 00:38 5037                       /cvmfs/sft.cern.ch/lcg/releases/ROOT/v6.20.06-3f7fd/x86_64-centos7-gcc8-opt/lib/EG.pcm
2b30c7327000-2b30c73fa000 r--p 00000000 00:38 5376                       /cvmfs/sft.cern.ch/lcg/releases/ROOT/v6.20.06-3f7fd/x86_64-centos7-gcc8-opt/lib/Graf3d.pcm
2b30c73fa000-2b30c745b000 rw-p 00000000 00:00 0 
2b30c745b000-2b30c77e2000 r--p 00000000 00:38 5002                       /cvmfs/sft.cern.ch/lcg/releases/ROOT/v6.20.06-3f7fd/x86_64-centos7-gcc8-opt/lib/TreePlayer.pcm
2b30c77e2000-2b30c78f3000 r--p 00000000 00:38 5269                       /cvmfs/sft.cern.ch/lcg/releases/ROOT/v6.20.06-3f7fd/x86_64-centos7-gcc8-opt/lib/MultiProc.pcm
2b30c78f3000-2b30c7960000 r--p 00000000 00:38 5393                       /cvmfs/sft.cern.ch/lcg/releases/ROOT/v6.20.06-3f7fd/x86_64-centos7-gcc8-opt/lib/SPlot.pcm
2b30c7960000-2b30c79d2000 r--p 00000000 00:38 5343                       /cvmfs/sft.cern.ch/lcg/releases/ROOT/v6.20.06-3f7fd/x86_64-centos7-gcc8-opt/lib/Hbook.pcm
2b30c79d2000-2b30c7aab000 r--p 00000000 00:38 5292                       /cvmfs/sft.cern.ch/lcg/releases/ROOT/v6.20.06-3f7fd/x86_64-centos7-gcc8-opt/lib/GeomBuilder.pcm
2b30c7aab000-2b30c7b1c000 r--p 00000000 00:38 4873                       /cvmfs/sft.cern.ch/lcg/releases/ROOT/v6.20.06-3f7fd/x86_64-centos7-gcc8-opt/lib/Rint.pcm
2b30c7b1c000-2b30c7c96000 r--p 00000000 00:38 5317                       /cvmfs/sft.cern.ch/lcg/releases/ROOT/v6.20.06-3f7fd/x86_64-centos7-gcc8-opt/lib/Proof.pcm
2b30c7c96000-2b30c7d23000 r--p 00000000 00:38 5361                       /cvmfs/sft.cern.ch/lcg/releases/ROOT/v6.20.06-3f7fd/x86_64-centos7-gcc8-opt/lib/Recorder.pcm
2b30c7d23000-2b30c7db0000 r--p 00000000 00:38 4753                       /cvmfs/sft.cern.ch/lcg/releases/ROOT/v6.20.06-3f7fd/x86_64-centos7-gcc8-opt/lib/GuiBld.pcm
2b30c7db0000-2b30c7ea5000 r--p 00000000 00:38 4758                       /cvmfs/sft.cern.ch/lcg/releases/ROOT/v6.20.06-3f7fd/x86_64-centos7-gcc8-opt/lib/XMLIO.pcm
2b30c7ea5000-2b30c7f13000 r--p 00000000 00:38 5495                       /cvmfs/sft.cern.ch/lcg/releases/ROOT/v6.20.06-3f7fd/x86_64-centos7-gcc8-opt/lib/GX11TTF.pcm
2b30c7f13000-2b30c7f8a000 r--p 00000000 00:38 5352                       /cvmfs/sft.cern.ch/lcg/releases/ROOT/v6.20.06-3f7fd/x86_64-centos7-gcc8-opt/lib/GX11.pcm
2b30c7f8a000-2b30c804b000 r--p 00000000 00:38 5325                       /cvmfs/sft.cern.ch/lcg/releases/ROOT/v6.20.06-3f7fd/x86_64-centos7-gcc8-opt/lib/ProofPlayer.pcm
2b30c804b000-2b30c83c7000 r--p 00000000 00:38 5337                       /cvmfs/sft.cern.ch/lcg/releases/ROOT/v6.20.06-3f7fd/x86_64-centos7-gcc8-opt/lib/ROOTHistDraw.pcm
2b30c83c7000-2b30c8923000 r--p 00000000 00:38 7523                       /cvmfs/sft.cern.ch/lcg/releases/ROOT/v6.20.06-3f7fd/x86_64-centos7-gcc8-opt/lib/ROOTGpadv7.pcm
2b30c8923000-2b30c8bb9000 r--p 00000000 00:38 5244                       /cvmfs/sft.cern.ch/lcg/releases/ROOT/v6.20.06-3f7fd/x86_64-centos7-gcc8-opt/lib/ROOTHist.pcm
2b30c8bb9000-2b30c8ce9000 r--p 00000000 00:38 5328                       /cvmfs/sft.cern.ch/lcg/releases/ROOT/v6.20.06-3f7fd/x86_64-centos7-gcc8-opt/lib/MathMore.pcm
2b30c8ce9000-2b30c8d5c000 r--p 00000000 00:38 4973                       /cvmfs/sft.cern.ch/lcg/releases/ROOT/v6.20.06-3f7fd/x86_64-centos7-gcc8-opt/lib/Netx.pcm
2b30c8d5c000-2b30c8dcd000 r--p 00000000 00:38 6455                       /cvmfs/sft.cern.ch/lcg/releases/ROOT/v6.20.06-3f7fd/x86_64-centos7-gcc8-opt/lib/SpectrumPainter.pcm
2b30c8dcd000-2b30c8e57000 r--p 00000000 00:38 5321                       /cvmfs/sft.cern.ch/lcg/releases/ROOT/v6.20.06-3f7fd/x86_64-centos7-gcc8-opt/lib/NetxNG.pcm
2b30c8e57000-2b30c8ee2000 r--p 00000000 00:38 5265                       /cvmfs/sft.cern.ch/lcg/releases/ROOT/v6.20.06-3f7fd/x86_64-centos7-gcc8-opt/lib/Minuit.pcm
2b30c8ee2000-2b30c9ec3000 r--p 00000000 00:38 5273                       /cvmfs/sft.cern.ch/lcg/releases/ROOT/v6.20.06-3f7fd/x86_64-centos7-gcc8-opt/lib/TMVA.pcm
2b30c9ec3000-2b30caa11000 r--p 00000000 00:38 5513                       /cvmfs/sft.cern.ch/lcg/releases/ROOT/v6.20.06-3f7fd/x86_64-centos7-gcc8-opt/lib/ROOTDataFrame.pcm
2b30caa11000-2b30cab12000 rw-p 00000000 00:00 0 
2b30cab12000-2b30cb059000 rw-p 00000000 00:00 0 
2b30cb059000-2b30cb16b000 r--p 00000000 00:38 5368                       /cvmfs/sft.cern.ch/lcg/releases/ROOT/v6.20.06-3f7fd/x86_64-centos7-gcc8-opt/lib/ROOTFitPanelv7.pcm
2b30cb16b000-2b30cb422000 r--p 00000000 00:38 5383                       /cvmfs/sft.cern.ch/lcg/releases/ROOT/v6.20.06-3f7fd/x86_64-centos7-gcc8-opt/lib/Smatrix.pcm
2b30cb422000-2b30cb4a6000 r--p 00000000 00:38 5043                       /cvmfs/sft.cern.ch/lcg/releases/ROOT/v6.20.06-3f7fd/x86_64-centos7-gcc8-opt/lib/PyROOT.pcm
2b30cb4a6000-2b30cb54d000 r--p 00000000 00:38 5395                       /cvmfs/sft.cern.ch/lcg/releases/ROOT/v6.20.06-3f7fd/x86_64-centos7-gcc8-opt/lib/SessionViewer.pcm
2b30cb54d000-2b30cb5dc000 r--p 00000000 00:38 4822                       /cvmfs/sft.cern.ch/lcg/releases/ROOT/v6.20.06-3f7fd/x86_64-centos7-gcc8-opt/lib/PyMVA.pcm
2b30cb5dc000-2b30cb667000 r--p 00000000 00:38 5345                       /cvmfs/sft.cern.ch/lcg/releases/ROOT/v6.20.06-3f7fd/x86_64-centos7-gcc8-opt/lib/HistPainter.pcm
2b30cb667000-2b30cb734000 r--p 00000000 00:38 5452                       /cvmfs/sft.cern.ch/lcg/releases/ROOT/v6.20.06-3f7fd/x86_64-centos7-gcc8-opt/lib/ProofDraw.pcm
2b30cb734000-2b30cb7e0000 r--p 00000000 00:38 5277                       /cvmfs/sft.cern.ch/lcg/releases/ROOT/v6.20.06-3f7fd/x86_64-centos7-gcc8-opt/lib/Unuran.pcm
2b30cb7e0000-2b30cb877000 r--p 00000000 00:38 5319                       /cvmfs/sft.cern.ch/lcg/releases/ROOT/v6.20.06-3f7fd/x86_64-centos7-gcc8-opt/lib/Quadp.pcm
2b30cb877000-2b30cbd8e000 r--p 00000000 00:38 5492                       /cvmfs/sft.cern.ch/lcg/releases/ROOT/v6.20.06-3f7fd/x86_64-centos7-gcc8-opt/lib/Eve.pcm
2b30cbd8e000-2b30cbe3d000 r--p 00000000 00:38 5862                       /cvmfs/sft.cern.ch/lcg/releases/ROOT/v6.20.06-3f7fd/x86_64-centos7-gcc8-opt/lib/TreeViewer.pcm
2b30cbe3d000-2b30cbec0000 r--p 00000000 00:38 5308                       /cvmfs/sft.cern.ch/lcg/releases/ROOT/v6.20.06-3f7fd/x86_64-centos7-gcc8-opt/lib/GeomPainter.pcm
2b30cbec0000-2b30cc548000 r--p 00000000 00:38 5291                       /cvmfs/sft.cern.ch/lcg/releases/ROOT/v6.20.06-3f7fd/x86_64-centos7-gcc8-opt/lib/ROOTNTuple.pcm
2b30cc548000-2b30cc844000 r--p 00000000 00:38 5225                       /cvmfs/sft.cern.ch/lcg/releases/ROOT/v6.20.06-3f7fd/x86_64-centos7-gcc8-opt/lib/HistFactory.pcm
2b30cc844000-2b30cd71a000 r--p 00000000 00:38 5401                       /cvmfs/sft.cern.ch/lcg/releases/ROOT/v6.20.06-3f7fd/x86_64-centos7-gcc8-opt/lib/RooFitCore.pcm
2b30cd71a000-2b30cd79b000 r--p 00000000 00:38 5315                       /cvmfs/sft.cern.ch/lcg/releases/ROOT/v6.20.06-3f7fd/x86_64-centos7-gcc8-opt/lib/Foam.pcm
2b30cd79b000-2b30cd82b000 r--p 00000000 00:38 5389                       /cvmfs/sft.cern.ch/lcg/releases/ROOT/v6.20.06-3f7fd/x86_64-centos7-gcc8-opt/lib/Spectrum.pcm
2b30cd82b000-2b30cd8c4000 r--p 00000000 00:38 5399                       /cvmfs/sft.cern.ch/lcg/releases/ROOT/v6.20.06-3f7fd/x86_64-centos7-gcc8-opt/lib/GuiHtml.pcm
2b30cd8c4000-2b30cd94d000 r--p 00000000 00:38 5446                       /cvmfs/sft.cern.ch/lcg/releases/ROOT/v6.20.06-3f7fd/x86_64-centos7-gcc8-opt/lib/Postscript.pcm
2b30cd94d000-2b30cd9e4000 r--p 00000000 00:38 5367                       /cvmfs/sft.cern.ch/lcg/releases/ROOT/v6.20.06-3f7fd/x86_64-centos7-gcc8-opt/lib/TMVAGui.pcm
2b30cd9e4000-2b30cdb8f000 r--p 00000000 00:38 5421                       /cvmfs/sft.cern.ch/lcg/releases/ROOT/v6.20.06-3f7fd/x86_64-centos7-gcc8-opt/lib/Html.pcm
2b30cdb8f000-2b30cdc03000 r--p 00000000 00:38 5005                       /cvmfs/sft.cern.ch/lcg/releases/ROOT/v6.20.06-3f7fd/x86_64-centos7-gcc8-opt/lib/Fumili.pcm
2b30cdc03000-2b30cdc82000 r--p 00000000 00:38 5324                       /cvmfs/sft.cern.ch/lcg/releases/ROOT/v6.20.06-3f7fd/x86_64-centos7-gcc8-opt/lib/RooFitMore.pcm
2b30cdc82000-2b30cdcf4000 r--p 00000000 00:38 5360                       /cvmfs/sft.cern.ch/lcg/releases/ROOT/v6.20.06-3f7fd/x86_64-centos7-gcc8-opt/lib/X3d.pcm
2b30cdcf4000-2b30ce1ae000 r--p 00000000 00:38 5275                       /cvmfs/sft.cern.ch/lcg/releases/ROOT/v6.20.06-3f7fd/x86_64-centos7-gcc8-opt/lib/Oracle.pcm
2b30ce1ae000-2b30ce2ea000 rw-p 00000000 00:00 0 
2b30ce2ea000-2b30cf044000 r--p 00000000 00:38 5297                       /cvmfs/sft.cern.ch/lcg/releases/ROOT/v6.20.06-3f7fd/x86_64-centos7-gcc8-opt/lib/RooFit.pcm
2b30cf044000-2b30cf3be000 r--p 00000000 00:38 5267                       /cvmfs/sft.cern.ch/lcg/releases/ROOT/v6.20.06-3f7fd/x86_64-centos7-gcc8-opt/lib/RooStats.pcm
2b30cf3be000-2b30cf433000 r--p 00000000 00:38 5283                       /cvmfs/sft.cern.ch/lcg/releases/ROOT/v6.20.06-3f7fd/x86_64-centos7-gcc8-opt/lib/FFTW.pcm
2b30cf433000-2b30cf4d3000 r--p 00000000 00:38 8077                       /cvmfs/sft.cern.ch/lcg/releases/ROOT/v6.20.06-3f7fd/x86_64-centos7-gcc8-opt/lib/SQLIO.pcm
2b30cf4d3000-2b30cf54e000 r--p 00000000 00:38 5310                       /cvmfs/sft.cern.ch/lcg/releases/ROOT/v6.20.06-3f7fd/x86_64-centos7-gcc8-opt/lib/ASImage.pcm
2b30cf54e000-2b30cf5f5000 r--p 00000000 00:38 5309                       /cvmfs/sft.cern.ch/lcg/releases/ROOT/v6.20.06-3f7fd/x86_64-centos7-gcc8-opt/lib/Proofx.pcm
2b30cf5f5000-2b30cf898000 r--p 00000000 00:38 5108                       /cvmfs/sft.cern.ch/lcg/releases/ROOT/v6.20.06-3f7fd/x86_64-centos7-gcc8-opt/lib/Minuit2.pcm
2b30cf898000-2b30cf912000 r--p 00000000 00:38 5351                       /cvmfs/sft.cern.ch/lcg/releases/ROOT/v6.20.06-3f7fd/x86_64-centos7-gcc8-opt/lib/MLP.pcm
2b30cf912000-2b30cfbb6000 r--p 00000000 00:38 5422                       /cvmfs/sft.cern.ch/lcg/releases/ROOT/v6.20.06-3f7fd/x86_64-centos7-gcc8-opt/lib/GenVector.pcm
2b30cfbb6000-2b30cfd5c000 r--p 00000000 00:38 5409                       /cvmfs/sft.cern.ch/lcg/releases/ROOT/v6.20.06-3f7fd/x86_64-centos7-gcc8-opt/lib/ROOTBrowserv7.pcm
2b30cfd5c000-2b30cfdd7000 r--p 00000000 00:38 5385                       /cvmfs/sft.cern.ch/lcg/releases/ROOT/v6.20.06-3f7fd/x86_64-centos7-gcc8-opt/lib/RootAuth.pcm
2b30cfdd7000-2b30cfe48000 r--p 00000000 00:38 5318                       /cvmfs/sft.cern.ch/lcg/releases/ROOT/v6.20.06-3f7fd/x86_64-centos7-gcc8-opt/lib/ASImageGui.pcm
2b30cfe48000-2b30cfeca000 r--p 00000000 00:38 5370                       /cvmfs/sft.cern.ch/lcg/releases/ROOT/v6.20.06-3f7fd/x86_64-centos7-gcc8-opt/lib/Gviz3d.pcm
2b30cfeca000-2b30cff60000 r--p 00000000 00:38 4871                       /cvmfs/sft.cern.ch/lcg/releases/ROOT/v6.20.06-3f7fd/x86_64-centos7-gcc8-opt/lib/ROOTGraphicsPrimitives.pcm
2b30cff60000-2b30cff80000 r-xp 00000000 fd:00 3671654                    /usr/lib64/ld-2.17.so
2b30cff80000-2b30d0180000 ---p 00020000 fd:00 3671654                    /usr/lib64/ld-2.17.so
2b30d0180000-2b30d0181000 r--p 00020000 fd:00 3671654                    /usr/lib64/ld-2.17.so
2b30d0181000-2b30d0182000 rw-p 00021000 fd:00 3671654                    /usr/lib64/ld-2.17.so
2b30d0182000-2b30d0183000 rw-p 00000000 00:00 0 
7ffedc9b6000-7ffedc9dc000 rw-p 00000000 00:00 0                          [stack]
7ffedc9fb000-7ffedc9fd000 r-xp 00000000 00:00 0                          [vdso]
ffffffffff600000-ffffffffff601000 r-xp 00000000 00:00 0                  [vsyscall]
