Error in <TChain::SetBranchAddress>: unknown branch -> HLT_mb_sptrk_decision
Error in <TChain::SetBranchAddress>: unknown branch -> HLT_mb_sptrk_prescale
Error in <TTree::SetBranchStatus>: unknown branch -> HLT_mb_sptrk_decision
Error in <TTree::SetBranchStatus>: unknown branch -> HLT_mb_sptrk_prescale
Error in <TTree::SetBranchStatus>: unknown branch -> HLT_mb_sptrk_decision
Error in <TTree::SetBranchStatus>: unknown branch -> HLT_mb_sptrk_prescale
Error in <TTree::SetBranchStatus>: unknown branch -> HLT_mb_sptrk_decision
Error in <TTree::SetBranchStatus>: unknown branch -> HLT_mb_sptrk_prescale
Error in <TTree::SetBranchStatus>: unknown branch -> HLT_mb_sptrk_decision
Error in <TTree::SetBranchStatus>: unknown branch -> HLT_mb_sptrk_prescale
Error in <TTree::SetBranchStatus>: unknown branch -> HLT_mb_sptrk_decision
Error in <TTree::SetBranchStatus>: unknown branch -> HLT_mb_sptrk_prescale
Error in <TTree::SetBranchStatus>: unknown branch -> HLT_mb_sptrk_decision
Error in <TTree::SetBranchStatus>: unknown branch -> HLT_mb_sptrk_prescale
Error in <TTree::SetBranchStatus>: unknown branch -> HLT_mb_sptrk_decision
Error in <TTree::SetBranchStatus>: unknown branch -> HLT_mb_sptrk_prescale
Error in <TTree::SetBranchStatus>: unknown branch -> HLT_mb_sptrk_decision
Error in <TTree::SetBranchStatus>: unknown branch -> HLT_mb_sptrk_prescale
Error in <TTree::SetBranchStatus>: unknown branch -> HLT_mb_sptrk_decision
Error in <TTree::SetBranchStatus>: unknown branch -> HLT_mb_sptrk_prescale
Error in <TTree::SetBranchStatus>: unknown branch -> HLT_mb_sptrk_decision
Error in <TTree::SetBranchStatus>: unknown branch -> HLT_mb_sptrk_prescale
Error in <TTree::SetBranchStatus>: unknown branch -> HLT_mb_sptrk_decision
Error in <TTree::SetBranchStatus>: unknown branch -> HLT_mb_sptrk_prescale
Error in <TTree::SetBranchStatus>: unknown branch -> HLT_mb_sptrk_decision
Error in <TTree::SetBranchStatus>: unknown branch -> HLT_mb_sptrk_prescale
Error in <TTree::SetBranchStatus>: unknown branch -> HLT_mb_sptrk_decision
Error in <TTree::SetBranchStatus>: unknown branch -> HLT_mb_sptrk_prescale
Error in <TTree::SetBranchStatus>: unknown branch -> HLT_mb_sptrk_decision
Error in <TTree::SetBranchStatus>: unknown branch -> HLT_mb_sptrk_prescale
Error in <TTree::SetBranchStatus>: unknown branch -> HLT_mb_sptrk_decision
Error in <TTree::SetBranchStatus>: unknown branch -> HLT_mb_sptrk_prescale
Error in <TTree::SetBranchStatus>: unknown branch -> HLT_mb_sptrk_decision
Error in <TTree::SetBranchStatus>: unknown branch -> HLT_mb_sptrk_prescale
Error in <TTree::SetBranchStatus>: unknown branch -> HLT_mb_sptrk_decision
Error in <TTree::SetBranchStatus>: unknown branch -> HLT_mb_sptrk_prescale
Error in <TTree::SetBranchStatus>: unknown branch -> HLT_mb_sptrk_decision
Error in <TTree::SetBranchStatus>: unknown branch -> HLT_mb_sptrk_prescale
Error in <TTree::SetBranchStatus>: unknown branch -> HLT_mb_sptrk_decision
Error in <TTree::SetBranchStatus>: unknown branch -> HLT_mb_sptrk_prescale
Error in <TTree::SetBranchStatus>: unknown branch -> HLT_mb_sptrk_decision
Error in <TTree::SetBranchStatus>: unknown branch -> HLT_mb_sptrk_prescale
Error in <TTree::SetBranchStatus>: unknown branch -> HLT_mb_sptrk_decision
Error in <TTree::SetBranchStatus>: unknown branch -> HLT_mb_sptrk_prescale
Error in <TTree::SetBranchStatus>: unknown branch -> HLT_mb_sptrk_decision
Error in <TTree::SetBranchStatus>: unknown branch -> HLT_mb_sptrk_prescale
Error in <TTree::SetBranchStatus>: unknown branch -> HLT_mb_sptrk_decision
Error in <TTree::SetBranchStatus>: unknown branch -> HLT_mb_sptrk_prescale
Error in <TTree::SetBranchStatus>: unknown branch -> HLT_mb_sptrk_decision
Error in <TTree::SetBranchStatus>: unknown branch -> HLT_mb_sptrk_prescale
Error in <TTree::SetBranchStatus>: unknown branch -> HLT_mb_sptrk_decision
Error in <TTree::SetBranchStatus>: unknown branch -> HLT_mb_sptrk_prescale
*** Error in `condor_exec.exe': double free or corruption (fasttop): 0x0000000001a12720 ***
======= Backtrace: =========
/usr/lib64/libc.so.6(+0x7c503)[0x2ae6ccc6a503]
/usr/lib64/libc.so.6(__cxa_finalize+0x9a)[0x2ae6ccc26dba]
/atlasgpfs01/usatlas/workarea/jeff/HadronYieldsAnalysis/lib/libJetHadronSkimmer.so(+0xa9a3)[0x2ae6cb9119a3]
======= Memory map: ========
00400000-0040b000 r-xp 00000000 00:32 5086146                            /gpfs/mnt/atlasgpfs01/usatlas/workarea/jeff/HadronYieldsAnalysis/bin/run.exe
0060a000-0060b000 r--p 0000a000 00:32 5086146                            /gpfs/mnt/atlasgpfs01/usatlas/workarea/jeff/HadronYieldsAnalysis/bin/run.exe
0060b000-0060c000 rw-p 0000b000 00:32 5086146                            /gpfs/mnt/atlasgpfs01/usatlas/workarea/jeff/HadronYieldsAnalysis/bin/run.exe
0060c000-007dc000 rw-p 00000000 00:00 0 
01938000-0f310000 rw-p 00000000 00:00 0                                  [heap]
2ae6c63ef000-2ae6c640f000 r-xp 00000000 08:02 1967596                    /usr/lib64/ld-2.17.so
2ae6c640f000-2ae6c6470000 rw-p 00000000 00:00 0 
2ae6c64a0000-2ae6c656f000 rw-p 00000000 00:00 0 
2ae6c65a0000-2ae6c65f1000 rw-p 00000000 00:00 0 
2ae6c65f1000-2ae6c65fe000 r--p 00000000 00:53 5044                       /cvmfs/sft.cern.ch/lcg/releases/ROOT/v6.20.06-3f7fd/x86_64-centos7-gcc8-opt/lib/xlocale.h.pcm
2ae6c65fe000-2ae6c660b000 r--p 00000000 00:53 5506                       /cvmfs/sft.cern.ch/lcg/releases/ROOT/v6.20.06-3f7fd/x86_64-centos7-gcc8-opt/lib/_Builtin_stddef_max_align_t.pcm
2ae6c660f000-2ae6c6610000 r--p 00020000 08:02 1967596                    /usr/lib64/ld-2.17.so
2ae6c6610000-2ae6c6611000 rw-p 00021000 08:02 1967596                    /usr/lib64/ld-2.17.so
2ae6c6611000-2ae6c6612000 rw-p 00000000 00:00 0 
2ae6c6612000-2ae6c6a71000 r-xp 00000000 00:53 5253                       /cvmfs/sft.cern.ch/lcg/releases/ROOT/v6.20.06-3f7fd/x86_64-centos7-gcc8-opt/lib/libGui.so
2ae6c6a71000-2ae6c6c71000 ---p 0045f000 00:53 5253                       /cvmfs/sft.cern.ch/lcg/releases/ROOT/v6.20.06-3f7fd/x86_64-centos7-gcc8-opt/lib/libGui.so
2ae6c6c71000-2ae6c6cbd000 r--p 0045f000 00:53 5253                       /cvmfs/sft.cern.ch/lcg/releases/ROOT/v6.20.06-3f7fd/x86_64-centos7-gcc8-opt/lib/libGui.so
2ae6c6cbd000-2ae6c6cc2000 rw-p 004ab000 00:53 5253                       /cvmfs/sft.cern.ch/lcg/releases/ROOT/v6.20.06-3f7fd/x86_64-centos7-gcc8-opt/lib/libGui.so
2ae6c6cc2000-2ae6c6cd3000 rw-p 00000000 00:00 0 
2ae6c6cd3000-2ae6c71a8000 r-xp 00000000 00:53 5344                       /cvmfs/sft.cern.ch/lcg/releases/ROOT/v6.20.06-3f7fd/x86_64-centos7-gcc8-opt/lib/libCore.so
2ae6c71a8000-2ae6c73a7000 ---p 004d5000 00:53 5344                       /cvmfs/sft.cern.ch/lcg/releases/ROOT/v6.20.06-3f7fd/x86_64-centos7-gcc8-opt/lib/libCore.so
2ae6c73a7000-2ae6c73d1000 r--p 004d4000 00:53 5344                       /cvmfs/sft.cern.ch/lcg/releases/ROOT/v6.20.06-3f7fd/x86_64-centos7-gcc8-opt/lib/libCore.so
2ae6c73d1000-2ae6c73d7000 rw-p 004fe000 00:53 5344                       /cvmfs/sft.cern.ch/lcg/releases/ROOT/v6.20.06-3f7fd/x86_64-centos7-gcc8-opt/lib/libCore.so
2ae6c73d7000-2ae6c740b000 rw-p 00000000 00:00 0 
2ae6c740b000-2ae6c7419000 r-xp 00000000 00:53 5293                       /cvmfs/sft.cern.ch/lcg/releases/ROOT/v6.20.06-3f7fd/x86_64-centos7-gcc8-opt/lib/libImt.so
2ae6c7419000-2ae6c7618000 ---p 0000e000 00:53 5293                       /cvmfs/sft.cern.ch/lcg/releases/ROOT/v6.20.06-3f7fd/x86_64-centos7-gcc8-opt/lib/libImt.so
2ae6c7618000-2ae6c7619000 r--p 0000d000 00:53 5293                       /cvmfs/sft.cern.ch/lcg/releases/ROOT/v6.20.06-3f7fd/x86_64-centos7-gcc8-opt/lib/libImt.so
2ae6c7619000-2ae6c761a000 rw-p 0000e000 00:53 5293                       /cvmfs/sft.cern.ch/lcg/releases/ROOT/v6.20.06-3f7fd/x86_64-centos7-gcc8-opt/lib/libImt.so
2ae6c761a000-2ae6c79ae000 r-xp 00000000 00:53 6317                       /cvmfs/sft.cern.ch/lcg/releases/ROOT/v6.20.06-3f7fd/x86_64-centos7-gcc8-opt/lib/libRIO.so
2ae6c79ae000-2ae6c7bae000 ---p 00394000 00:53 6317                       /cvmfs/sft.cern.ch/lcg/releases/ROOT/v6.20.06-3f7fd/x86_64-centos7-gcc8-opt/lib/libRIO.so
2ae6c7bae000-2ae6c7bbb000 r--p 00394000 00:53 6317                       /cvmfs/sft.cern.ch/lcg/releases/ROOT/v6.20.06-3f7fd/x86_64-centos7-gcc8-opt/lib/libRIO.so
2ae6c7bbb000-2ae6c7bbe000 rw-p 003a1000 00:53 6317                       /cvmfs/sft.cern.ch/lcg/releases/ROOT/v6.20.06-3f7fd/x86_64-centos7-gcc8-opt/lib/libRIO.so
2ae6c7bbe000-2ae6c7bc1000 rw-p 00000000 00:00 0 
2ae6c7bc1000-2ae6c7c8c000 r-xp 00000000 00:53 5545                       /cvmfs/sft.cern.ch/lcg/releases/ROOT/v6.20.06-3f7fd/x86_64-centos7-gcc8-opt/lib/libNet.so
2ae6c7c8c000-2ae6c7e8b000 ---p 000cb000 00:53 5545                       /cvmfs/sft.cern.ch/lcg/releases/ROOT/v6.20.06-3f7fd/x86_64-centos7-gcc8-opt/lib/libNet.so
2ae6c7e8b000-2ae6c7e97000 r--p 000ca000 00:53 5545                       /cvmfs/sft.cern.ch/lcg/releases/ROOT/v6.20.06-3f7fd/x86_64-centos7-gcc8-opt/lib/libNet.so
2ae6c7e97000-2ae6c7e99000 rw-p 000d6000 00:53 5545                       /cvmfs/sft.cern.ch/lcg/releases/ROOT/v6.20.06-3f7fd/x86_64-centos7-gcc8-opt/lib/libNet.so
2ae6c7e99000-2ae6c7ea0000 rw-p 00000000 00:00 0 
2ae6c7ea0000-2ae6c825d000 r-xp 00000000 00:53 5454                       /cvmfs/sft.cern.ch/lcg/releases/ROOT/v6.20.06-3f7fd/x86_64-centos7-gcc8-opt/lib/libHist.so
2ae6c825d000-2ae6c845c000 ---p 003bd000 00:53 5454                       /cvmfs/sft.cern.ch/lcg/releases/ROOT/v6.20.06-3f7fd/x86_64-centos7-gcc8-opt/lib/libHist.so
2ae6c845c000-2ae6c8486000 r--p 003bc000 00:53 5454                       /cvmfs/sft.cern.ch/lcg/releases/ROOT/v6.20.06-3f7fd/x86_64-centos7-gcc8-opt/lib/libHist.so
2ae6c8486000-2ae6c848a000 rw-p 003e6000 00:53 5454                       /cvmfs/sft.cern.ch/lcg/releases/ROOT/v6.20.06-3f7fd/x86_64-centos7-gcc8-opt/lib/libHist.so
2ae6c848a000-2ae6c8495000 rw-p 00000000 00:00 0 
2ae6c8495000-2ae6c85df000 r-xp 00000000 00:53 5062                       /cvmfs/sft.cern.ch/lcg/releases/ROOT/v6.20.06-3f7fd/x86_64-centos7-gcc8-opt/lib/libGraf.so
2ae6c85df000-2ae6c87de000 ---p 0014a000 00:53 5062                       /cvmfs/sft.cern.ch/lcg/releases/ROOT/v6.20.06-3f7fd/x86_64-centos7-gcc8-opt/lib/libGraf.so
2ae6c87de000-2ae6c87ec000 r--p 00149000 00:53 5062                       /cvmfs/sft.cern.ch/lcg/releases/ROOT/v6.20.06-3f7fd/x86_64-centos7-gcc8-opt/lib/libGraf.so
2ae6c87ec000-2ae6c87f0000 rw-p 00157000 00:53 5062                       /cvmfs/sft.cern.ch/lcg/releases/ROOT/v6.20.06-3f7fd/x86_64-centos7-gcc8-opt/lib/libGraf.so
2ae6c87f0000-2ae6c87fe000 rw-p 00000000 00:00 0 
2ae6c87fe000-2ae6c889d000 r-xp 00000000 00:53 5416                       /cvmfs/sft.cern.ch/lcg/releases/ROOT/v6.20.06-3f7fd/x86_64-centos7-gcc8-opt/lib/libGraf3d.so
2ae6c889d000-2ae6c8a9c000 ---p 0009f000 00:53 5416                       /cvmfs/sft.cern.ch/lcg/releases/ROOT/v6.20.06-3f7fd/x86_64-centos7-gcc8-opt/lib/libGraf3d.so
2ae6c8a9c000-2ae6c8aa6000 r--p 0009e000 00:53 5416                       /cvmfs/sft.cern.ch/lcg/releases/ROOT/v6.20.06-3f7fd/x86_64-centos7-gcc8-opt/lib/libGraf3d.so
2ae6c8aa6000-2ae6c8aa7000 rw-p 000a8000 00:53 5416                       /cvmfs/sft.cern.ch/lcg/releases/ROOT/v6.20.06-3f7fd/x86_64-centos7-gcc8-opt/lib/libGraf3d.so
2ae6c8aa7000-2ae6c8aab000 rw-p 00000000 00:00 0 
2ae6c8aab000-2ae6c8b86000 r-xp 00000000 00:53 5089                       /cvmfs/sft.cern.ch/lcg/releases/ROOT/v6.20.06-3f7fd/x86_64-centos7-gcc8-opt/lib/libGpad.so
2ae6c8b86000-2ae6c8d85000 ---p 000db000 00:53 5089                       /cvmfs/sft.cern.ch/lcg/releases/ROOT/v6.20.06-3f7fd/x86_64-centos7-gcc8-opt/lib/libGpad.so
2ae6c8d85000-2ae6c8d8f000 r--p 000da000 00:53 5089                       /cvmfs/sft.cern.ch/lcg/releases/ROOT/v6.20.06-3f7fd/x86_64-centos7-gcc8-opt/lib/libGpad.so
2ae6c8d8f000-2ae6c8d91000 rw-p 000e4000 00:53 5089                       /cvmfs/sft.cern.ch/lcg/releases/ROOT/v6.20.06-3f7fd/x86_64-centos7-gcc8-opt/lib/libGpad.so
2ae6c8d91000-2ae6c8d92000 rw-p 00000000 00:00 0 
2ae6c8d92000-2ae6c8e67000 r-xp 00000000 00:53 5012                       /cvmfs/sft.cern.ch/lcg/releases/ROOT/v6.20.06-3f7fd/x86_64-centos7-gcc8-opt/lib/libROOTVecOps.so
2ae6c8e67000-2ae6c9066000 ---p 000d5000 00:53 5012                       /cvmfs/sft.cern.ch/lcg/releases/ROOT/v6.20.06-3f7fd/x86_64-centos7-gcc8-opt/lib/libROOTVecOps.so
2ae6c9066000-2ae6c9068000 r--p 000d4000 00:53 5012                       /cvmfs/sft.cern.ch/lcg/releases/ROOT/v6.20.06-3f7fd/x86_64-centos7-gcc8-opt/lib/libROOTVecOps.so
2ae6c9068000-2ae6c9069000 rw-p 000d6000 00:53 5012                       /cvmfs/sft.cern.ch/lcg/releases/ROOT/v6.20.06-3f7fd/x86_64-centos7-gcc8-opt/lib/libROOTVecOps.so
2ae6c9069000-2ae6c906b000 rw-p 00000000 00:00 0 
2ae6c906b000-2ae6c91d5000 r-xp 00000000 00:53 5467                       /cvmfs/sft.cern.ch/lcg/releases/ROOT/v6.20.06-3f7fd/x86_64-centos7-gcc8-opt/lib/libTree.so
2ae6c91d5000-2ae6c93d4000 ---p 0016a000 00:53 5467                       /cvmfs/sft.cern.ch/lcg/releases/ROOT/v6.20.06-3f7fd/x86_64-centos7-gcc8-opt/lib/libTree.so
2ae6c93d4000-2ae6c93e4000 r--p 00169000 00:53 5467                       /cvmfs/sft.cern.ch/lcg/releases/ROOT/v6.20.06-3f7fd/x86_64-centos7-gcc8-opt/lib/libTree.so
2ae6c93e4000-2ae6c93e7000 rw-p 00179000 00:53 5467                       /cvmfs/sft.cern.ch/lcg/releases/ROOT/v6.20.06-3f7fd/x86_64-centos7-gcc8-opt/lib/libTree.so
2ae6c93e7000-2ae6c93eb000 rw-p 00000000 00:00 0 
2ae6c93eb000-2ae6c955f000 r-xp 00000000 00:53 5262                       /cvmfs/sft.cern.ch/lcg/releases/ROOT/v6.20.06-3f7fd/x86_64-centos7-gcc8-opt/lib/libTreePlayer.so
2ae6c955f000-2ae6c975e000 ---p 00174000 00:53 5262                       /cvmfs/sft.cern.ch/lcg/releases/ROOT/v6.20.06-3f7fd/x86_64-centos7-gcc8-opt/lib/libTreePlayer.so
2ae6c975e000-2ae6c9769000 r--p 00173000 00:53 5262                       /cvmfs/sft.cern.ch/lcg/releases/ROOT/v6.20.06-3f7fd/x86_64-centos7-gcc8-opt/lib/libTreePlayer.so
2ae6c9769000-2ae6c976b000 rw-p 0017e000 00:53 5262                       /cvmfs/sft.cern.ch/lcg/releases/ROOT/v6.20.06-3f7fd/x86_64-centos7-gcc8-opt/lib/libTreePlayer.so
2ae6c976b000-2ae6c9772000 rw-p 00000000 00:00 0 
2ae6c9772000-2ae6c9799000 r-xp 00000000 00:53 5074                       /cvmfs/sft.cern.ch/lcg/releases/ROOT/v6.20.06-3f7fd/x86_64-centos7-gcc8-opt/lib/libRint.so
2ae6c9799000-2ae6c9998000 ---p 00027000 00:53 5074                       /cvmfs/sft.cern.ch/lcg/releases/ROOT/v6.20.06-3f7fd/x86_64-centos7-gcc8-opt/lib/libRint.so
2ae6c9998000-2ae6c999a000 r--p 00026000 00:53 5074                       /cvmfs/sft.cern.ch/lcg/releases/ROOT/v6.20.06-3f7fd/x86_64-centos7-gcc8-opt/lib/libRint.so
2ae6c999a000-2ae6c999b000 rw-p 00028000 00:53 5074                       /cvmfs/sft.cern.ch/lcg/releases/ROOT/v6.20.06-3f7fd/x86_64-centos7-gcc8-opt/lib/libRint.so
2ae6c999b000-2ae6c9a0a000 r-xp 00000000 00:53 5439                       /cvmfs/sft.cern.ch/lcg/releases/ROOT/v6.20.06-3f7fd/x86_64-centos7-gcc8-opt/lib/libPostscript.so
2ae6c9a0a000-2ae6c9c0a000 ---p 0006f000 00:53 5439                       /cvmfs/sft.cern.ch/lcg/releases/ROOT/v6.20.06-3f7fd/x86_64-centos7-gcc8-opt/lib/libPostscript.so
2ae6c9c0a000-2ae6c9c11000 r--p 0006f000 00:53 5439                       /cvmfs/sft.cern.ch/lcg/releases/ROOT/v6.20.06-3f7fd/x86_64-centos7-gcc8-opt/lib/libPostscript.so
2ae6c9c11000-2ae6c9c12000 rw-p 00076000 00:53 5439                       /cvmfs/sft.cern.ch/lcg/releases/ROOT/v6.20.06-3f7fd/x86_64-centos7-gcc8-opt/lib/libPostscript.so
2ae6c9c12000-2ae6c9c13000 rw-p 00000000 00:00 0 
2ae6c9c13000-2ae6c9d7e000 r-xp 00000000 00:53 5481                       /cvmfs/sft.cern.ch/lcg/releases/ROOT/v6.20.06-3f7fd/x86_64-centos7-gcc8-opt/lib/libMatrix.so
2ae6c9d7e000-2ae6c9f7d000 ---p 0016b000 00:53 5481                       /cvmfs/sft.cern.ch/lcg/releases/ROOT/v6.20.06-3f7fd/x86_64-centos7-gcc8-opt/lib/libMatrix.so
2ae6c9f7d000-2ae6c9f85000 r--p 0016a000 00:53 5481                       /cvmfs/sft.cern.ch/lcg/releases/ROOT/v6.20.06-3f7fd/x86_64-centos7-gcc8-opt/lib/libMatrix.so
2ae6c9f85000-2ae6c9f87000 rw-p 00172000 00:53 5481                       /cvmfs/sft.cern.ch/lcg/releases/ROOT/v6.20.06-3f7fd/x86_64-centos7-gcc8-opt/lib/libMatrix.so
2ae6c9f87000-2ae6c9f8b000 rw-p 00000000 00:00 0 
2ae6c9f8b000-2ae6c9fd3000 r-xp 00000000 00:53 5097                       /cvmfs/sft.cern.ch/lcg/releases/ROOT/v6.20.06-3f7fd/x86_64-centos7-gcc8-opt/lib/libPhysics.so
2ae6c9fd3000-2ae6ca1d3000 ---p 00048000 00:53 5097                       /cvmfs/sft.cern.ch/lcg/releases/ROOT/v6.20.06-3f7fd/x86_64-centos7-gcc8-opt/lib/libPhysics.so
2ae6ca1d3000-2ae6ca1d6000 r--p 00048000 00:53 5097                       /cvmfs/sft.cern.ch/lcg/releases/ROOT/v6.20.06-3f7fd/x86_64-centos7-gcc8-opt/lib/libPhysics.so
2ae6ca1d6000-2ae6ca1d7000 rw-p 0004b000 00:53 5097                       /cvmfs/sft.cern.ch/lcg/releases/ROOT/v6.20.06-3f7fd/x86_64-centos7-gcc8-opt/lib/libPhysics.so
2ae6ca1d7000-2ae6ca1d8000 rw-p 00000000 00:00 0 
2ae6ca1d8000-2ae6ca3d5000 r-xp 00000000 00:53 4860                       /cvmfs/sft.cern.ch/lcg/releases/ROOT/v6.20.06-3f7fd/x86_64-centos7-gcc8-opt/lib/libMathCore.so
2ae6ca3d5000-2ae6ca5d5000 ---p 001fd000 00:53 4860                       /cvmfs/sft.cern.ch/lcg/releases/ROOT/v6.20.06-3f7fd/x86_64-centos7-gcc8-opt/lib/libMathCore.so
2ae6ca5d5000-2ae6ca5df000 r--p 001fd000 00:53 4860                       /cvmfs/sft.cern.ch/lcg/releases/ROOT/v6.20.06-3f7fd/x86_64-centos7-gcc8-opt/lib/libMathCore.so
2ae6ca5df000-2ae6ca5e2000 rw-p 00207000 00:53 4860                       /cvmfs/sft.cern.ch/lcg/releases/ROOT/v6.20.06-3f7fd/x86_64-centos7-gcc8-opt/lib/libMathCore.so
2ae6ca5e2000-2ae6ca5eb000 rw-p 00000000 00:00 0 
2ae6ca5eb000-2ae6ca63a000 r-xp 00000000 00:53 5100                       /cvmfs/sft.cern.ch/lcg/releases/ROOT/v6.20.06-3f7fd/x86_64-centos7-gcc8-opt/lib/libThread.so
2ae6ca63a000-2ae6ca839000 ---p 0004f000 00:53 5100                       /cvmfs/sft.cern.ch/lcg/releases/ROOT/v6.20.06-3f7fd/x86_64-centos7-gcc8-opt/lib/libThread.so
2ae6ca839000-2ae6ca83d000 r--p 0004e000 00:53 5100                       /cvmfs/sft.cern.ch/lcg/releases/ROOT/v6.20.06-3f7fd/x86_64-centos7-gcc8-opt/lib/libThread.so
2ae6ca83d000-2ae6ca83e000 rw-p 00052000 00:53 5100                       /cvmfs/sft.cern.ch/lcg/releases/ROOT/v6.20.06-3f7fd/x86_64-centos7-gcc8-opt/lib/libThread.so
2ae6ca83e000-2ae6ca840000 rw-p 00000000 00:00 0 
2ae6ca840000-2ae6ca84c000 r-xp 00000000 00:53 5320                       /cvmfs/sft.cern.ch/lcg/releases/ROOT/v6.20.06-3f7fd/x86_64-centos7-gcc8-opt/lib/libMultiProc.so
2ae6ca84c000-2ae6caa4b000 ---p 0000c000 00:53 5320                       /cvmfs/sft.cern.ch/lcg/releases/ROOT/v6.20.06-3f7fd/x86_64-centos7-gcc8-opt/lib/libMultiProc.so
2ae6caa4b000-2ae6caa4c000 r--p 0000b000 00:53 5320                       /cvmfs/sft.cern.ch/lcg/releases/ROOT/v6.20.06-3f7fd/x86_64-centos7-gcc8-opt/lib/libMultiProc.so
2ae6caa4c000-2ae6caa4d000 rw-p 0000c000 00:53 5320                       /cvmfs/sft.cern.ch/lcg/releases/ROOT/v6.20.06-3f7fd/x86_64-centos7-gcc8-opt/lib/libMultiProc.so
2ae6caa4d000-2ae6caaff000 r-xp 00000000 00:53 5105                       /cvmfs/sft.cern.ch/lcg/releases/ROOT/v6.20.06-3f7fd/x86_64-centos7-gcc8-opt/lib/libROOTDataFrame.so
2ae6caaff000-2ae6cacff000 ---p 000b2000 00:53 5105                       /cvmfs/sft.cern.ch/lcg/releases/ROOT/v6.20.06-3f7fd/x86_64-centos7-gcc8-opt/lib/libROOTDataFrame.so
2ae6cacff000-2ae6cad02000 r--p 000b2000 00:53 5105                       /cvmfs/sft.cern.ch/lcg/releases/ROOT/v6.20.06-3f7fd/x86_64-centos7-gcc8-opt/lib/libROOTDataFrame.so
2ae6cad02000-2ae6cad04000 rw-p 000b5000 00:53 5105                       /cvmfs/sft.cern.ch/lcg/releases/ROOT/v6.20.06-3f7fd/x86_64-centos7-gcc8-opt/lib/libROOTDataFrame.so
2ae6cad04000-2ae6cad07000 rw-p 00000000 00:00 0 
2ae6cad07000-2ae6cad09000 r-xp 00000000 08:02 1967609                    /usr/lib64/libdl-2.17.so
2ae6cad09000-2ae6caf09000 ---p 00002000 08:02 1967609                    /usr/lib64/libdl-2.17.so
2ae6caf09000-2ae6caf0a000 r--p 00002000 08:02 1967609                    /usr/lib64/libdl-2.17.so
2ae6caf0a000-2ae6caf0b000 rw-p 00003000 08:02 1967609                    /usr/lib64/libdl-2.17.so
2ae6caf0b000-2ae6caf1a000 r-xp 00000000 00:52 3362007893                 /direct/usatlas+u/jeff/RootUtilities/lib/libUtilities.so
2ae6caf1a000-2ae6cb119000 ---p 0000f000 00:52 3362007893                 /direct/usatlas+u/jeff/RootUtilities/lib/libUtilities.so
2ae6cb119000-2ae6cb11a000 r--p 0000e000 00:52 3362007893                 /direct/usatlas+u/jeff/RootUtilities/lib/libUtilities.so
2ae6cb11a000-2ae6cb11b000 rw-p 0000f000 00:52 3362007893                 /direct/usatlas+u/jeff/RootUtilities/lib/libUtilities.so
2ae6cb11b000-2ae6cb123000 r-xp 00000000 00:32 56323298                   /gpfs/mnt/atlasgpfs01/usatlas/workarea/jeff/atlas-hi/lib/libAtlasUtils.so
2ae6cb123000-2ae6cb322000 ---p 00008000 00:32 56323298                   /gpfs/mnt/atlasgpfs01/usatlas/workarea/jeff/atlas-hi/lib/libAtlasUtils.so
2ae6cb322000-2ae6cb323000 r--p 00007000 00:32 56323298                   /gpfs/mnt/atlasgpfs01/usatlas/workarea/jeff/atlas-hi/lib/libAtlasUtils.so
2ae6cb323000-2ae6cb324000 rw-p 00008000 00:32 56323298                   /gpfs/mnt/atlasgpfs01/usatlas/workarea/jeff/atlas-hi/lib/libAtlasUtils.so
2ae6cb324000-2ae6cb326000 r-xp 00000000 00:32 56323256                   /gpfs/mnt/atlasgpfs01/usatlas/workarea/jeff/atlas-hi/lib/libAtlasStyle.so
2ae6cb326000-2ae6cb525000 ---p 00002000 00:32 56323256                   /gpfs/mnt/atlasgpfs01/usatlas/workarea/jeff/atlas-hi/lib/libAtlasStyle.so
2ae6cb525000-2ae6cb526000 r--p 00001000 00:32 56323256                   /gpfs/mnt/atlasgpfs01/usatlas/workarea/jeff/atlas-hi/lib/libAtlasStyle.so
2ae6cb526000-2ae6cb527000 rw-p 00002000 00:32 56323256                   /gpfs/mnt/atlasgpfs01/usatlas/workarea/jeff/atlas-hi/lib/libAtlasStyle.so
2ae6cb527000-2ae6cb536000 r-xp 00000000 00:32 5086140                    /gpfs/mnt/atlasgpfs01/usatlas/workarea/jeff/HadronYieldsAnalysis/lib/libLocalUtilities.so
2ae6cb536000-2ae6cb735000 ---p 0000f000 00:32 5086140                    /gpfs/mnt/atlasgpfs01/usatlas/workarea/jeff/HadronYieldsAnalysis/lib/libLocalUtilities.so
2ae6cb735000-2ae6cb736000 r--p 0000e000 00:32 5086140                    /gpfs/mnt/atlasgpfs01/usatlas/workarea/jeff/HadronYieldsAnalysis/lib/libLocalUtilities.so
2ae6cb736000-2ae6cb737000 rw-p 0000f000 00:32 5086140                    /gpfs/mnt/atlasgpfs01/usatlas/workarea/jeff/HadronYieldsAnalysis/lib/libLocalUtilities.so
2ae6cb737000-2ae6cb907000 rw-p 00000000 00:00 0 
2ae6cb907000-2ae6cb919000 r-xp 00000000 00:32 5086138                    /gpfs/mnt/atlasgpfs01/usatlas/workarea/jeff/HadronYieldsAnalysis/lib/libJetHadronSkimmer.so
2ae6cb919000-2ae6cbb19000 ---p 00012000 00:32 5086138                    /gpfs/mnt/atlasgpfs01/usatlas/workarea/jeff/HadronYieldsAnalysis/lib/libJetHadronSkimmer.so
2ae6cbb19000-2ae6cbb1a000 r--p 00012000 00:32 5086138                    /gpfs/mnt/atlasgpfs01/usatlas/workarea/jeff/HadronYieldsAnalysis/lib/libJetHadronSkimmer.so
2ae6cbb1a000-2ae6cbb1b000 rw-p 00013000 00:32 5086138                    /gpfs/mnt/atlasgpfs01/usatlas/workarea/jeff/HadronYieldsAnalysis/lib/libJetHadronSkimmer.so
2ae6cbb1b000-2ae6cbd4f000 rw-p 00000000 00:00 0 
2ae6cbd4f000-2ae6cbd5d000 r-xp 00000000 00:32 5086141                    /gpfs/mnt/atlasgpfs01/usatlas/workarea/jeff/HadronYieldsAnalysis/lib/libZDCAnalysis.so
2ae6cbd5d000-2ae6cbf5d000 ---p 0000e000 00:32 5086141                    /gpfs/mnt/atlasgpfs01/usatlas/workarea/jeff/HadronYieldsAnalysis/lib/libZDCAnalysis.so
2ae6cbf5d000-2ae6cbf5e000 r--p 0000e000 00:32 5086141                    /gpfs/mnt/atlasgpfs01/usatlas/workarea/jeff/HadronYieldsAnalysis/lib/libZDCAnalysis.so
2ae6cbf5e000-2ae6cbf5f000 rw-p 0000f000 00:32 5086141                    /gpfs/mnt/atlasgpfs01/usatlas/workarea/jeff/HadronYieldsAnalysis/lib/libZDCAnalysis.so
2ae6cbf5f000-2ae6cc12f000 rw-p 00000000 00:00 0 
2ae6cc12f000-2ae6cc2a8000 r-xp 00000000 00:53 368335                     /cvmfs/sft.cern.ch/lcg/releases/gcc/8.3.0-cebb0/x86_64-centos7/lib64/libstdc++.so.6.0.25
2ae6cc2a8000-2ae6cc4a8000 ---p 00179000 00:53 368335                     /cvmfs/sft.cern.ch/lcg/releases/gcc/8.3.0-cebb0/x86_64-centos7/lib64/libstdc++.so.6.0.25
2ae6cc4a8000-2ae6cc4b2000 r--p 00179000 00:53 368335                     /cvmfs/sft.cern.ch/lcg/releases/gcc/8.3.0-cebb0/x86_64-centos7/lib64/libstdc++.so.6.0.25
2ae6cc4b2000-2ae6cc4b4000 rw-p 00183000 00:53 368335                     /cvmfs/sft.cern.ch/lcg/releases/gcc/8.3.0-cebb0/x86_64-centos7/lib64/libstdc++.so.6.0.25
2ae6cc4b4000-2ae6cc4b8000 rw-p 00000000 00:00 0 
2ae6cc4b8000-2ae6cc5b8000 r-xp 00000000 08:02 1967611                    /usr/lib64/libm-2.17.so
2ae6cc5b8000-2ae6cc7b8000 ---p 00100000 08:02 1967611                    /usr/lib64/libm-2.17.so
2ae6cc7b8000-2ae6cc7b9000 r--p 00100000 08:02 1967611                    /usr/lib64/libm-2.17.so
2ae6cc7b9000-2ae6cc7ba000 rw-p 00101000 08:02 1967611                    /usr/lib64/libm-2.17.so
2ae6cc7ba000-2ae6cc7d1000 r-xp 00000000 00:53 368161                     /cvmfs/sft.cern.ch/lcg/releases/gcc/8.3.0-cebb0/x86_64-centos7/lib64/libgcc_s.so.1
2ae6cc7d1000-2ae6cc9d0000 ---p 00017000 00:53 368161                     /cvmfs/sft.cern.ch/lcg/releases/gcc/8.3.0-cebb0/x86_64-centos7/lib64/libgcc_s.so.1
2ae6cc9d0000-2ae6cc9d1000 r--p 00016000 00:53 368161                     /cvmfs/sft.cern.ch/lcg/releases/gcc/8.3.0-cebb0/x86_64-centos7/lib64/libgcc_s.so.1
2ae6cc9d1000-2ae6cc9d2000 rw-p 00017000 00:53 368161                     /cvmfs/sft.cern.ch/lcg/releases/gcc/8.3.0-cebb0/x86_64-centos7/lib64/libgcc_s.so.1
2ae6cc9d2000-2ae6cc9e9000 r-xp 00000000 08:02 1967629                    /usr/lib64/libpthread-2.17.so
2ae6cc9e9000-2ae6ccbe8000 ---p 00017000 08:02 1967629                    /usr/lib64/libpthread-2.17.so
2ae6ccbe8000-2ae6ccbe9000 r--p 00016000 08:02 1967629                    /usr/lib64/libpthread-2.17.so
2ae6ccbe9000-2ae6ccbea000 rw-p 00017000 08:02 1967629                    /usr/lib64/libpthread-2.17.so
2ae6ccbea000-2ae6ccbee000 rw-p 00000000 00:00 0 
2ae6ccbee000-2ae6ccda5000 r-xp 00000000 08:02 1967603                    /usr/lib64/libc-2.17.so
2ae6ccda5000-2ae6ccfa4000 ---p 001b7000 08:02 1967603                    /usr/lib64/libc-2.17.so
2ae6ccfa4000-2ae6ccfa8000 r--p 001b6000 08:02 1967603                    /usr/lib64/libc-2.17.so
2ae6ccfa8000-2ae6ccfaa000 rw-p 001ba000 08:02 1967603                    /usr/lib64/libc-2.17.so
2ae6ccfaa000-2ae6ccfaf000 rw-p 00000000 00:00 0 
2ae6ccfaf000-2ae6ccfd4000 r-xp 00000000 08:02 1967844                    /usr/lib64/liblzma.so.5.2.2
2ae6ccfd4000-2ae6cd1d3000 ---p 00025000 08:02 1967844                    /usr/lib64/liblzma.so.5.2.2
2ae6cd1d3000-2ae6cd1d4000 r--p 00024000 08:02 1967844                    /usr/lib64/liblzma.so.5.2.2
2ae6cd1d4000-2ae6cd1d5000 rw-p 00025000 08:02 1967844                    /usr/lib64/liblzma.so.5.2.2
2ae6cd1d5000-2ae6cd1ee000 r-xp 00000000 00:53 349771                     /cvmfs/sft.cern.ch/lcg/releases/zlib/1.2.11-da225/x86_64-centos7-gcc8-opt/lib/libz.so.1.2.11
2ae6cd1ee000-2ae6cd3ed000 ---p 00019000 00:53 349771                     /cvmfs/sft.cern.ch/lcg/releases/zlib/1.2.11-da225/x86_64-centos7-gcc8-opt/lib/libz.so.1.2.11
2ae6cd3ed000-2ae6cd3ee000 r--p 00018000 00:53 349771                     /cvmfs/sft.cern.ch/lcg/releases/zlib/1.2.11-da225/x86_64-centos7-gcc8-opt/lib/libz.so.1.2.11
2ae6cd3ee000-2ae6cd3ef000 rw-p 00019000 00:53 349771                     /cvmfs/sft.cern.ch/lcg/releases/zlib/1.2.11-da225/x86_64-centos7-gcc8-opt/lib/libz.so.1.2.11
2ae6cd3ef000-2ae6cd42d000 r-xp 00000000 00:53 365369                     /cvmfs/sft.cern.ch/lcg/releases/tbb/2020_U1-bbcac/x86_64-centos7-gcc8-opt/lib/libtbb.so.2
2ae6cd42d000-2ae6cd62c000 ---p 0003e000 00:53 365369                     /cvmfs/sft.cern.ch/lcg/releases/tbb/2020_U1-bbcac/x86_64-centos7-gcc8-opt/lib/libtbb.so.2
2ae6cd62c000-2ae6cd62e000 r--p 0003d000 00:53 365369                     /cvmfs/sft.cern.ch/lcg/releases/tbb/2020_U1-bbcac/x86_64-centos7-gcc8-opt/lib/libtbb.so.2
2ae6cd62e000-2ae6cd631000 rw-p 0003f000 00:53 365369                     /cvmfs/sft.cern.ch/lcg/releases/tbb/2020_U1-bbcac/x86_64-centos7-gcc8-opt/lib/libtbb.so.2
2ae6cd631000-2ae6cd633000 rw-p 00000000 00:00 0 
2ae6cd633000-2ae6cd69a000 r-xp 00000000 08:02 1977546                    /usr/lib64/libssl.so.1.0.2k
2ae6cd69a000-2ae6cd899000 ---p 00067000 08:02 1977546                    /usr/lib64/libssl.so.1.0.2k
2ae6cd899000-2ae6cd89d000 r--p 00066000 08:02 1977546                    /usr/lib64/libssl.so.1.0.2k
2ae6cd89d000-2ae6cd8a4000 rw-p 0006a000 08:02 1977546                    /usr/lib64/libssl.so.1.0.2k
2ae6cd8a4000-2ae6cdad8000 r-xp 00000000 08:02 1977544                    /usr/lib64/libcrypto.so.1.0.2k
2ae6cdad8000-2ae6cdcd8000 ---p 00234000 08:02 1977544                    /usr/lib64/libcrypto.so.1.0.2k
2ae6cdcd8000-2ae6cdcf4000 r--p 00234000 08:02 1977544                    /usr/lib64/libcrypto.so.1.0.2k
2ae6cdcf4000-2ae6cdd01000 rw-p 00250000 08:02 1977544                    /usr/lib64/libcrypto.so.1.0.2k
2ae6cdd01000-2ae6cdd05000 rw-p 00000000 00:00 0 
2ae6cdd05000-2ae6cdda5000 r-xp 00000000 08:02 1967787                    /usr/lib64/libfreetype.so.6.10.0
2ae6cdda5000-2ae6cdfa4000 ---p 000a0000 08:02 1967787                    /usr/lib64/libfreetype.so.6.10.0
2ae6cdfa4000-2ae6cdfaa000 r--p 0009f000 08:02 1967787                    /usr/lib64/libfreetype.so.6.10.0
2ae6cdfaa000-2ae6cdfab000 rw-p 000a5000 08:02 1967787                    /usr/lib64/libfreetype.so.6.10.0
2ae6cdfab000-2ae6cdfb6000 r-xp 00000000 00:53 365197                     /cvmfs/sft.cern.ch/lcg/releases/vdt/0.4.3-992df/x86_64-centos7-gcc8-opt/lib/libvdt.so
2ae6cdfb6000-2ae6ce1b6000 ---p 0000b000 00:53 365197                     /cvmfs/sft.cern.ch/lcg/releases/vdt/0.4.3-992df/x86_64-centos7-gcc8-opt/lib/libvdt.so
2ae6ce1b6000-2ae6ce1b7000 r--p 0000b000 00:53 365197                     /cvmfs/sft.cern.ch/lcg/releases/vdt/0.4.3-992df/x86_64-centos7-gcc8-opt/lib/libvdt.so
2ae6ce1b7000-2ae6ce1b8000 rw-p 0000c000 00:53 365197                     /cvmfs/sft.cern.ch/lcg/releases/vdt/0.4.3-992df/x86_64-centos7-gcc8-opt/lib/libvdt.so
2ae6ce1b8000-2ae6ce213000 r-xp 00000000 00:53 5301                       /cvmfs/sft.cern.ch/lcg/releases/ROOT/v6.20.06-3f7fd/x86_64-centos7-gcc8-opt/lib/libROOTNTuple.so
2ae6ce213000-2ae6ce413000 ---p 0005b000 00:53 5301                       /cvmfs/sft.cern.ch/lcg/releases/ROOT/v6.20.06-3f7fd/x86_64-centos7-gcc8-opt/lib/libROOTNTuple.so
2ae6ce413000-2ae6ce415000 r--p 0005b000 00:53 5301                       /cvmfs/sft.cern.ch/lcg/releases/ROOT/v6.20.06-3f7fd/x86_64-centos7-gcc8-opt/lib/libROOTNTuple.so
2ae6ce415000-2ae6ce416000 rw-p 0005d000 00:53 5301                       /cvmfs/sft.cern.ch/lcg/releases/ROOT/v6.20.06-3f7fd/x86_64-centos7-gcc8-opt/lib/libROOTNTuple.so
2ae6ce416000-2ae6ce417000 rw-p 00000000 00:00 0 
2ae6ce417000-2ae6ce521000 r-xp 00000000 00:53 67507                      /cvmfs/sft.cern.ch/lcg/releases/sqlite/3280000-472f2/x86_64-centos7-gcc8-opt/lib/libsqlite3.so.0.8.6
2ae6ce521000-2ae6ce720000 ---p 0010a000 00:53 67507                      /cvmfs/sft.cern.ch/lcg/releases/sqlite/3280000-472f2/x86_64-centos7-gcc8-opt/lib/libsqlite3.so.0.8.6
2ae6ce720000-2ae6ce723000 r--p 00109000 00:53 67507                      /cvmfs/sft.cern.ch/lcg/releases/sqlite/3280000-472f2/x86_64-centos7-gcc8-opt/lib/libsqlite3.so.0.8.6
2ae6ce723000-2ae6ce726000 rw-p 0010c000 00:53 67507                      /cvmfs/sft.cern.ch/lcg/releases/sqlite/3280000-472f2/x86_64-centos7-gcc8-opt/lib/libsqlite3.so.0.8.6
2ae6ce726000-2ae6ce727000 rw-p 00000000 00:00 0 
2ae6ce727000-2ae6ce72e000 r-xp 00000000 08:02 1967633                    /usr/lib64/librt-2.17.so
2ae6ce72e000-2ae6ce92d000 ---p 00007000 08:02 1967633                    /usr/lib64/librt-2.17.so
2ae6ce92d000-2ae6ce92e000 r--p 00006000 08:02 1967633                    /usr/lib64/librt-2.17.so
2ae6ce92e000-2ae6ce92f000 rw-p 00007000 08:02 1967633                    /usr/lib64/librt-2.17.so
2ae6ce92f000-2ae6ce97a000 r-xp 00000000 08:02 1977521                    /usr/lib64/libgssapi_krb5.so.2.2
2ae6ce97a000-2ae6ceb7a000 ---p 0004b000 08:02 1977521                    /usr/lib64/libgssapi_krb5.so.2.2
2ae6ceb7a000-2ae6ceb7b000 r--p 0004b000 08:02 1977521                    /usr/lib64/libgssapi_krb5.so.2.2
2ae6ceb7b000-2ae6ceb7d000 rw-p 0004c000 08:02 1977521                    /usr/lib64/libgssapi_krb5.so.2.2
2ae6ceb7d000-2ae6cec53000 r-xp 00000000 08:02 1977531                    /usr/lib64/libkrb5.so.3.3
2ae6cec53000-2ae6cee53000 ---p 000d6000 08:02 1977531                    /usr/lib64/libkrb5.so.3.3
2ae6cee53000-2ae6cee61000 r--p 000d6000 08:02 1977531                    /usr/lib64/libkrb5.so.3.3
2ae6cee61000-2ae6cee64000 rw-p 000e4000 08:02 1977531                    /usr/lib64/libkrb5.so.3.3
2ae6cee64000-2ae6cee67000 r-xp 00000000 08:02 1967789                    /usr/lib64/libcom_err.so.2.1
2ae6cee67000-2ae6cf066000 ---p 00003000 08:02 1967789                    /usr/lib64/libcom_err.so.2.1
2ae6cf066000-2ae6cf067000 r--p 00002000 08:02 1967789                    /usr/lib64/libcom_err.so.2.1
2ae6cf067000-2ae6cf068000 rw-p 00003000 08:02 1967789                    /usr/lib64/libcom_err.so.2.1
2ae6cf068000-2ae6cf097000 r-xp 00000000 08:02 1977525                    /usr/lib64/libk5crypto.so.3.1
2ae6cf097000-2ae6cf296000 ---p 0002f000 08:02 1977525                    /usr/lib64/libk5crypto.so.3.1
2ae6cf296000-2ae6cf298000 r--p 0002e000 08:02 1977525                    /usr/lib64/libk5crypto.so.3.1
2ae6cf298000-2ae6cf299000 rw-p 00030000 08:02 1977525                    /usr/lib64/libk5crypto.so.3.1
2ae6cf299000-2ae6cf29a000 rw-p 00000000 00:00 0 
2ae6cf29a000-2ae6cf2a7000 r-xp 00000000 08:02 1977533                    /usr/lib64/libkrb5support.so.0.1
2ae6cf2a7000-2ae6cf4a7000 ---p 0000d000 08:02 1977533                    /usr/lib64/libkrb5support.so.0.1
2ae6cf4a7000-2ae6cf4a8000 r--p 0000d000 08:02 1977533                    /usr/lib64/libkrb5support.so.0.1
2ae6cf4a8000-2ae6cf4a9000 rw-p 0000e000 08:02 1977533                    /usr/lib64/libkrb5support.so.0.1
2ae6cf4a9000-2ae6cf4ac000 r-xp 00000000 08:02 1968084                    /usr/lib64/libkeyutils.so.1.5
2ae6cf4ac000-2ae6cf6ab000 ---p 00003000 08:02 1968084                    /usr/lib64/libkeyutils.so.1.5
2ae6cf6ab000-2ae6cf6ac000 r--p 00002000 08:02 1968084                    /usr/lib64/libkeyutils.so.1.5
2ae6cf6ac000-2ae6cf6ad000 rw-p 00003000 08:02 1968084                    /usr/lib64/libkeyutils.so.1.5
2ae6cf6ad000-2ae6cf6c3000 r-xp 00000000 08:02 1967631                    /usr/lib64/libresolv-2.17.so
2ae6cf6c3000-2ae6cf8c3000 ---p 00016000 08:02 1967631                    /usr/lib64/libresolv-2.17.so
2ae6cf8c3000-2ae6cf8c4000 r--p 00016000 08:02 1967631                    /usr/lib64/libresolv-2.17.so
2ae6cf8c4000-2ae6cf8c5000 rw-p 00017000 08:02 1967631                    /usr/lib64/libresolv-2.17.so
2ae6cf8c5000-2ae6cf8c7000 rw-p 00000000 00:00 0 
2ae6cf8c7000-2ae6cf8eb000 r-xp 00000000 08:02 1967761                    /usr/lib64/libselinux.so.1
2ae6cf8eb000-2ae6cfaea000 ---p 00024000 08:02 1967761                    /usr/lib64/libselinux.so.1
2ae6cfaea000-2ae6cfaeb000 r--p 00023000 08:02 1967761                    /usr/lib64/libselinux.so.1
2ae6cfaeb000-2ae6cfaec000 rw-p 00024000 08:02 1967761                    /usr/lib64/libselinux.so.1
2ae6cfaec000-2ae6cfaee000 rw-p 00000000 00:00 0 
2ae6cfaee000-2ae6cfb4e000 r-xp 00000000 08:02 1967763                    /usr/lib64/libpcre.so.1.2.0
2ae6cfb4e000-2ae6cfd4d000 ---p 00060000 08:02 1967763                    /usr/lib64/libpcre.so.1.2.0
2ae6cfd4d000-2ae6cfd4e000 r--p 0005f000 08:02 1967763                    /usr/lib64/libpcre.so.1.2.0
2ae6cfd4e000-2ae6cfd4f000 rw-p 00060000 08:02 1967763                    /usr/lib64/libpcre.so.1.2.0
2ae6cfd4f000-2ae6d054f000 rw-p 00000000 00:00 0 
2ae6d054f000-2ae6d3438000 r-xp 00000000 00:53 5420                       /cvmfs/sft.cern.ch/lcg/releases/ROOT/v6.20.06-3f7fd/x86_64-centos7-gcc8-opt/lib/libCling.so
2ae6d3438000-2ae6d3638000 ---p 02ee9000 00:53 5420                       /cvmfs/sft.cern.ch/lcg/releases/ROOT/v6.20.06-3f7fd/x86_64-centos7-gcc8-opt/lib/libCling.so
2ae6d3638000-2ae6d384a000 r--p 02ee9000 00:53 5420                       /cvmfs/sft.cern.ch/lcg/releases/ROOT/v6.20.06-3f7fd/x86_64-centos7-gcc8-opt/lib/libCling.so
2ae6d384a000-2ae6d3855000 rw-p 030fb000 00:53 5420                       /cvmfs/sft.cern.ch/lcg/releases/ROOT/v6.20.06-3f7fd/x86_64-centos7-gcc8-opt/lib/libCling.so
2ae6d3855000-2ae6d3882000 rw-p 00000000 00:00 0 
2ae6d3882000-2ae6d38a7000 r-xp 00000000 08:02 1967672                    /usr/lib64/libtinfo.so.5.9
2ae6d38a7000-2ae6d3aa7000 ---p 00025000 08:02 1967672                    /usr/lib64/libtinfo.so.5.9
2ae6d3aa7000-2ae6d3aab000 r--p 00025000 08:02 1967672                    /usr/lib64/libtinfo.so.5.9
2ae6d3aab000-2ae6d3aac000 rw-p 00029000 08:02 1967672                    /usr/lib64/libtinfo.so.5.9
2ae6d3aac000-2ae6d3add000 rw-p 00000000 00:00 0 
2ae6d3add000-2ae6d4e11000 r--p 00000000 00:53 5355                       /cvmfs/sft.cern.ch/lcg/releases/ROOT/v6.20.06-3f7fd/x86_64-centos7-gcc8-opt/lib/std.pcm
2ae6d4e11000-2ae6d4f51000 r--p 00000000 00:53 5331                       /cvmfs/sft.cern.ch/lcg/releases/ROOT/v6.20.06-3f7fd/x86_64-centos7-gcc8-opt/lib/libc.pcm
2ae6d4f51000-2ae6d4f6e000 r--p 00000000 00:53 5358                       /cvmfs/sft.cern.ch/lcg/releases/ROOT/v6.20.06-3f7fd/x86_64-centos7-gcc8-opt/lib/Cling_Runtime.pcm
2ae6d4f6e000-2ae6d4f99000 r--p 00000000 00:53 5284                       /cvmfs/sft.cern.ch/lcg/releases/ROOT/v6.20.06-3f7fd/x86_64-centos7-gcc8-opt/lib/Cling_Runtime_Extra.pcm
2ae6d4f99000-2ae6d4fe1000 r--p 00000000 00:53 5390                       /cvmfs/sft.cern.ch/lcg/releases/ROOT/v6.20.06-3f7fd/x86_64-centos7-gcc8-opt/lib/ROOT_Foundation_C.pcm
2ae6d4fe1000-2ae6d4ffa000 r--p 00000000 00:53 5050                       /cvmfs/sft.cern.ch/lcg/releases/ROOT/v6.20.06-3f7fd/x86_64-centos7-gcc8-opt/lib/ROOT_Rtypes.pcm
2ae6d4ffa000-2ae6d5018000 r--p 00000000 00:53 5332                       /cvmfs/sft.cern.ch/lcg/releases/ROOT/v6.20.06-3f7fd/x86_64-centos7-gcc8-opt/lib/ROOT_Config.pcm
2ae6d5018000-2ae6d50a6000 r--p 00000000 00:53 5369                       /cvmfs/sft.cern.ch/lcg/releases/ROOT/v6.20.06-3f7fd/x86_64-centos7-gcc8-opt/lib/ProofBench.pcm
2ae6d510e000-2ae6d519a000 r--p 00000000 00:53 5289                       /cvmfs/sft.cern.ch/lcg/releases/ROOT/v6.20.06-3f7fd/x86_64-centos7-gcc8-opt/lib/Unfold.pcm
2ae6d519a000-2ae6d5205000 r--p 00000000 00:53 5070                       /cvmfs/sft.cern.ch/lcg/releases/ROOT/v6.20.06-3f7fd/x86_64-centos7-gcc8-opt/lib/RHTTPSniff.pcm
2ae6d520e000-2ae6d5602000 r--p 00000000 00:53 5263                       /cvmfs/sft.cern.ch/lcg/releases/ROOT/v6.20.06-3f7fd/x86_64-centos7-gcc8-opt/lib/_Builtin_intrinsics.pcm
2ae6d5602000-2ae6d56b3000 r--p 00000000 00:53 5266                       /cvmfs/sft.cern.ch/lcg/releases/ROOT/v6.20.06-3f7fd/x86_64-centos7-gcc8-opt/lib/ROOT_Foundation_Stage1_NoRTTI.pcm
2ae6d56b3000-2ae6d5fdc000 r--p 00000000 00:53 5316                       /cvmfs/sft.cern.ch/lcg/releases/ROOT/v6.20.06-3f7fd/x86_64-centos7-gcc8-opt/lib/Core.pcm
2ae6d5fdc000-2ae6d6104000 r--p 00000000 00:53 5449                       /cvmfs/sft.cern.ch/lcg/releases/ROOT/v6.20.06-3f7fd/x86_64-centos7-gcc8-opt/lib/Gdml.pcm
2ae6d6104000-2ae6d6261000 r--p 00000000 00:53 4767                       /cvmfs/sft.cern.ch/lcg/releases/ROOT/v6.20.06-3f7fd/x86_64-centos7-gcc8-opt/lib/WebGui6.pcm
2ae6d6280000-2ae6d655e000 r--p 00000000 00:53 5350                       /cvmfs/sft.cern.ch/lcg/releases/ROOT/v6.20.06-3f7fd/x86_64-centos7-gcc8-opt/lib/RIO.pcm
2ae6d655e000-2ae6d66ee000 r--p 00000000 00:53 5380                       /cvmfs/sft.cern.ch/lcg/releases/ROOT/v6.20.06-3f7fd/x86_64-centos7-gcc8-opt/lib/Thread.pcm
2ae6d66ee000-2ae6d6b33000 r--p 00000000 00:53 5298                       /cvmfs/sft.cern.ch/lcg/releases/ROOT/v6.20.06-3f7fd/x86_64-centos7-gcc8-opt/lib/Hist.pcm
2ae6d6b33000-2ae6d7323000 r--p 00000000 00:53 5504                       /cvmfs/sft.cern.ch/lcg/releases/ROOT/v6.20.06-3f7fd/x86_64-centos7-gcc8-opt/lib/MathCore.pcm
2ae6d7323000-2ae6d73e8000 r--p 00000000 00:53 5373                       /cvmfs/sft.cern.ch/lcg/releases/ROOT/v6.20.06-3f7fd/x86_64-centos7-gcc8-opt/lib/Imt.pcm
2ae6d73e8000-2ae6d7563000 r--p 00000000 00:53 5335                       /cvmfs/sft.cern.ch/lcg/releases/ROOT/v6.20.06-3f7fd/x86_64-centos7-gcc8-opt/lib/Matrix.pcm
2ae6d7563000-2ae6d75d9000 r--p 00000000 00:53 5400                       /cvmfs/sft.cern.ch/lcg/releases/ROOT/v6.20.06-3f7fd/x86_64-centos7-gcc8-opt/lib/XMLParser.pcm
2ae6d75d9000-2ae6d7706000 r--p 00000000 00:53 4760                       /cvmfs/sft.cern.ch/lcg/releases/ROOT/v6.20.06-3f7fd/x86_64-centos7-gcc8-opt/lib/RHTTP.pcm
2ae6d7706000-2ae6d77aa000 r--p 00000000 00:53 5057                       /cvmfs/sft.cern.ch/lcg/releases/ROOT/v6.20.06-3f7fd/x86_64-centos7-gcc8-opt/lib/FitPanel.pcm
2ae6d77aa000-2ae6d7ad7000 r--p 00000000 00:53 5377                       /cvmfs/sft.cern.ch/lcg/releases/ROOT/v6.20.06-3f7fd/x86_64-centos7-gcc8-opt/lib/Gui.pcm
2ae6d7ad7000-2ae6d7bd2000 r--p 00000000 00:53 4757                       /cvmfs/sft.cern.ch/lcg/releases/ROOT/v6.20.06-3f7fd/x86_64-centos7-gcc8-opt/lib/Graf.pcm
2ae6d7bd2000-2ae6d7e6b000 r--p 00000000 00:53 5595                       /cvmfs/sft.cern.ch/lcg/releases/ROOT/v6.20.06-3f7fd/x86_64-centos7-gcc8-opt/lib/ROOTVecOps.pcm
2ae6d7e6b000-2ae6d7f01000 r--p 00000000 00:53 5282                       /cvmfs/sft.cern.ch/lcg/releases/ROOT/v6.20.06-3f7fd/x86_64-centos7-gcc8-opt/lib/RDAVIX.pcm
2ae6d7f01000-2ae6d7fec000 r--p 00000000 00:53 5323                       /cvmfs/sft.cern.ch/lcg/releases/ROOT/v6.20.06-3f7fd/x86_64-centos7-gcc8-opt/lib/RMySQL.pcm
2ae6d7fec000-2ae6d80f7000 r--p 00000000 00:53 5288                       /cvmfs/sft.cern.ch/lcg/releases/ROOT/v6.20.06-3f7fd/x86_64-centos7-gcc8-opt/lib/Net.pcm
2ae6d80f7000-2ae6d8164000 r--p 00000000 00:53 5313                       /cvmfs/sft.cern.ch/lcg/releases/ROOT/v6.20.06-3f7fd/x86_64-centos7-gcc8-opt/lib/GFAL.pcm
2ae6d8199000-2ae6d8250000 r--p 00000000 00:53 5531                       /cvmfs/sft.cern.ch/lcg/releases/ROOT/v6.20.06-3f7fd/x86_64-centos7-gcc8-opt/lib/Physics.pcm
2ae6d8250000-2ae6d82c9000 r--p 00000000 00:53 5514                       /cvmfs/sft.cern.ch/lcg/releases/ROOT/v6.20.06-3f7fd/x86_64-centos7-gcc8-opt/lib/Genetic.pcm
2ae6d82c9000-2ae6d852b000 r--p 00000000 00:53 5387                       /cvmfs/sft.cern.ch/lcg/releases/ROOT/v6.20.06-3f7fd/x86_64-centos7-gcc8-opt/lib/Tree.pcm
2ae6d852b000-2ae6d859f000 r--p 00000000 00:53 5348                       /cvmfs/sft.cern.ch/lcg/releases/ROOT/v6.20.06-3f7fd/x86_64-centos7-gcc8-opt/lib/DCache.pcm
2ae6d859f000-2ae6d8670000 r--p 00000000 00:53 5366                       /cvmfs/sft.cern.ch/lcg/releases/ROOT/v6.20.06-3f7fd/x86_64-centos7-gcc8-opt/lib/Gpad.pcm
2ae6d8670000-2ae6d8b50000 r--p 00000000 00:53 5341                       /cvmfs/sft.cern.ch/lcg/releases/ROOT/v6.20.06-3f7fd/x86_64-centos7-gcc8-opt/lib/RGL.pcm
2ae6d8b50000-2ae6d8c3f000 r--p 00000000 00:53 5425                       /cvmfs/sft.cern.ch/lcg/releases/ROOT/v6.20.06-3f7fd/x86_64-centos7-gcc8-opt/lib/Ged.pcm
2ae6d8c3f000-2ae6d8ca7000 r--p 00000000 00:53 5386                       /cvmfs/sft.cern.ch/lcg/releases/ROOT/v6.20.06-3f7fd/x86_64-centos7-gcc8-opt/lib/RCsg.pcm
2ae6d8ca7000-2ae6d91cb000 r--p 00000000 00:53 5396                       /cvmfs/sft.cern.ch/lcg/releases/ROOT/v6.20.06-3f7fd/x86_64-centos7-gcc8-opt/lib/ROOTEve.pcm
2ae6d91cb000-2ae6d94bd000 r--p 00000000 00:53 5285                       /cvmfs/sft.cern.ch/lcg/releases/ROOT/v6.20.06-3f7fd/x86_64-centos7-gcc8-opt/lib/Geom.pcm
2ae6d94bd000-2ae6d9649000 r--p 00000000 00:53 5338                       /cvmfs/sft.cern.ch/lcg/releases/ROOT/v6.20.06-3f7fd/x86_64-centos7-gcc8-opt/lib/ROOTWebDisplay.pcm
2ae6d9649000-2ae6d96dc000 r--p 00000000 00:53 5037                       /cvmfs/sft.cern.ch/lcg/releases/ROOT/v6.20.06-3f7fd/x86_64-centos7-gcc8-opt/lib/EG.pcm
2ae6d96dc000-2ae6d97af000 r--p 00000000 00:53 5376                       /cvmfs/sft.cern.ch/lcg/releases/ROOT/v6.20.06-3f7fd/x86_64-centos7-gcc8-opt/lib/Graf3d.pcm
2ae6d97af000-2ae6d9810000 rw-p 00000000 00:00 0 
2ae6d9810000-2ae6d9b97000 r--p 00000000 00:53 5002                       /cvmfs/sft.cern.ch/lcg/releases/ROOT/v6.20.06-3f7fd/x86_64-centos7-gcc8-opt/lib/TreePlayer.pcm
2ae6d9b97000-2ae6d9ca8000 r--p 00000000 00:53 5269                       /cvmfs/sft.cern.ch/lcg/releases/ROOT/v6.20.06-3f7fd/x86_64-centos7-gcc8-opt/lib/MultiProc.pcm
2ae6d9ca8000-2ae6d9d15000 r--p 00000000 00:53 5393                       /cvmfs/sft.cern.ch/lcg/releases/ROOT/v6.20.06-3f7fd/x86_64-centos7-gcc8-opt/lib/SPlot.pcm
2ae6d9d15000-2ae6d9d87000 r--p 00000000 00:53 5343                       /cvmfs/sft.cern.ch/lcg/releases/ROOT/v6.20.06-3f7fd/x86_64-centos7-gcc8-opt/lib/Hbook.pcm
2ae6d9d87000-2ae6d9e60000 r--p 00000000 00:53 5292                       /cvmfs/sft.cern.ch/lcg/releases/ROOT/v6.20.06-3f7fd/x86_64-centos7-gcc8-opt/lib/GeomBuilder.pcm
2ae6d9e60000-2ae6d9ed1000 r--p 00000000 00:53 4873                       /cvmfs/sft.cern.ch/lcg/releases/ROOT/v6.20.06-3f7fd/x86_64-centos7-gcc8-opt/lib/Rint.pcm
2ae6d9ed1000-2ae6da04b000 r--p 00000000 00:53 5317                       /cvmfs/sft.cern.ch/lcg/releases/ROOT/v6.20.06-3f7fd/x86_64-centos7-gcc8-opt/lib/Proof.pcm
2ae6da04b000-2ae6da0d8000 r--p 00000000 00:53 5361                       /cvmfs/sft.cern.ch/lcg/releases/ROOT/v6.20.06-3f7fd/x86_64-centos7-gcc8-opt/lib/Recorder.pcm
2ae6da0d8000-2ae6da165000 r--p 00000000 00:53 4753                       /cvmfs/sft.cern.ch/lcg/releases/ROOT/v6.20.06-3f7fd/x86_64-centos7-gcc8-opt/lib/GuiBld.pcm
2ae6da165000-2ae6da25a000 r--p 00000000 00:53 4758                       /cvmfs/sft.cern.ch/lcg/releases/ROOT/v6.20.06-3f7fd/x86_64-centos7-gcc8-opt/lib/XMLIO.pcm
2ae6da25a000-2ae6da2c8000 r--p 00000000 00:53 5495                       /cvmfs/sft.cern.ch/lcg/releases/ROOT/v6.20.06-3f7fd/x86_64-centos7-gcc8-opt/lib/GX11TTF.pcm
2ae6da2c8000-2ae6da33f000 r--p 00000000 00:53 5352                       /cvmfs/sft.cern.ch/lcg/releases/ROOT/v6.20.06-3f7fd/x86_64-centos7-gcc8-opt/lib/GX11.pcm
2ae6da33f000-2ae6da400000 r--p 00000000 00:53 5325                       /cvmfs/sft.cern.ch/lcg/releases/ROOT/v6.20.06-3f7fd/x86_64-centos7-gcc8-opt/lib/ProofPlayer.pcm
2ae6da400000-2ae6da77c000 r--p 00000000 00:53 5337                       /cvmfs/sft.cern.ch/lcg/releases/ROOT/v6.20.06-3f7fd/x86_64-centos7-gcc8-opt/lib/ROOTHistDraw.pcm
2ae6da77c000-2ae6dacd8000 r--p 00000000 00:53 7523                       /cvmfs/sft.cern.ch/lcg/releases/ROOT/v6.20.06-3f7fd/x86_64-centos7-gcc8-opt/lib/ROOTGpadv7.pcm
2ae6dacd8000-2ae6daf6e000 r--p 00000000 00:53 5244                       /cvmfs/sft.cern.ch/lcg/releases/ROOT/v6.20.06-3f7fd/x86_64-centos7-gcc8-opt/lib/ROOTHist.pcm
2ae6daf6e000-2ae6db09e000 r--p 00000000 00:53 5328                       /cvmfs/sft.cern.ch/lcg/releases/ROOT/v6.20.06-3f7fd/x86_64-centos7-gcc8-opt/lib/MathMore.pcm
2ae6db09e000-2ae6db111000 r--p 00000000 00:53 4973                       /cvmfs/sft.cern.ch/lcg/releases/ROOT/v6.20.06-3f7fd/x86_64-centos7-gcc8-opt/lib/Netx.pcm
2ae6db111000-2ae6db182000 r--p 00000000 00:53 6455                       /cvmfs/sft.cern.ch/lcg/releases/ROOT/v6.20.06-3f7fd/x86_64-centos7-gcc8-opt/lib/SpectrumPainter.pcm
2ae6db182000-2ae6db20c000 r--p 00000000 00:53 5321                       /cvmfs/sft.cern.ch/lcg/releases/ROOT/v6.20.06-3f7fd/x86_64-centos7-gcc8-opt/lib/NetxNG.pcm
2ae6db20c000-2ae6db297000 r--p 00000000 00:53 5265                       /cvmfs/sft.cern.ch/lcg/releases/ROOT/v6.20.06-3f7fd/x86_64-centos7-gcc8-opt/lib/Minuit.pcm
2ae6db297000-2ae6dc278000 r--p 00000000 00:53 5273                       /cvmfs/sft.cern.ch/lcg/releases/ROOT/v6.20.06-3f7fd/x86_64-centos7-gcc8-opt/lib/TMVA.pcm
2ae6dc278000-2ae6dcdc6000 r--p 00000000 00:53 5513                       /cvmfs/sft.cern.ch/lcg/releases/ROOT/v6.20.06-3f7fd/x86_64-centos7-gcc8-opt/lib/ROOTDataFrame.pcm
2ae6dcdc6000-2ae6dcec7000 rw-p 00000000 00:00 0 
2ae6dcec7000-2ae6dd40e000 rw-p 00000000 00:00 0 
2ae6dd40e000-2ae6dd520000 r--p 00000000 00:53 5368                       /cvmfs/sft.cern.ch/lcg/releases/ROOT/v6.20.06-3f7fd/x86_64-centos7-gcc8-opt/lib/ROOTFitPanelv7.pcm
2ae6dd520000-2ae6dd7d7000 r--p 00000000 00:53 5383                       /cvmfs/sft.cern.ch/lcg/releases/ROOT/v6.20.06-3f7fd/x86_64-centos7-gcc8-opt/lib/Smatrix.pcm
2ae6dd7d7000-2ae6dd85b000 r--p 00000000 00:53 5043                       /cvmfs/sft.cern.ch/lcg/releases/ROOT/v6.20.06-3f7fd/x86_64-centos7-gcc8-opt/lib/PyROOT.pcm
2ae6dd85b000-2ae6dd902000 r--p 00000000 00:53 5395                       /cvmfs/sft.cern.ch/lcg/releases/ROOT/v6.20.06-3f7fd/x86_64-centos7-gcc8-opt/lib/SessionViewer.pcm
2ae6dd902000-2ae6dd991000 r--p 00000000 00:53 4822                       /cvmfs/sft.cern.ch/lcg/releases/ROOT/v6.20.06-3f7fd/x86_64-centos7-gcc8-opt/lib/PyMVA.pcm
2ae6dd991000-2ae6dda1c000 r--p 00000000 00:53 5345                       /cvmfs/sft.cern.ch/lcg/releases/ROOT/v6.20.06-3f7fd/x86_64-centos7-gcc8-opt/lib/HistPainter.pcm
2ae6dda1c000-2ae6ddae9000 r--p 00000000 00:53 5452                       /cvmfs/sft.cern.ch/lcg/releases/ROOT/v6.20.06-3f7fd/x86_64-centos7-gcc8-opt/lib/ProofDraw.pcm
2ae6ddae9000-2ae6ddb95000 r--p 00000000 00:53 5277                       /cvmfs/sft.cern.ch/lcg/releases/ROOT/v6.20.06-3f7fd/x86_64-centos7-gcc8-opt/lib/Unuran.pcm
2ae6ddb95000-2ae6ddc2c000 r--p 00000000 00:53 5319                       /cvmfs/sft.cern.ch/lcg/releases/ROOT/v6.20.06-3f7fd/x86_64-centos7-gcc8-opt/lib/Quadp.pcm
2ae6ddc2c000-2ae6de143000 r--p 00000000 00:53 5492                       /cvmfs/sft.cern.ch/lcg/releases/ROOT/v6.20.06-3f7fd/x86_64-centos7-gcc8-opt/lib/Eve.pcm
2ae6de143000-2ae6de1f2000 r--p 00000000 00:53 5862                       /cvmfs/sft.cern.ch/lcg/releases/ROOT/v6.20.06-3f7fd/x86_64-centos7-gcc8-opt/lib/TreeViewer.pcm
2ae6de1f2000-2ae6de275000 r--p 00000000 00:53 5308                       /cvmfs/sft.cern.ch/lcg/releases/ROOT/v6.20.06-3f7fd/x86_64-centos7-gcc8-opt/lib/GeomPainter.pcm
2ae6de275000-2ae6de8fd000 r--p 00000000 00:53 5291                       /cvmfs/sft.cern.ch/lcg/releases/ROOT/v6.20.06-3f7fd/x86_64-centos7-gcc8-opt/lib/ROOTNTuple.pcm
2ae6de8fd000-2ae6debf9000 r--p 00000000 00:53 5225                       /cvmfs/sft.cern.ch/lcg/releases/ROOT/v6.20.06-3f7fd/x86_64-centos7-gcc8-opt/lib/HistFactory.pcm
2ae6debf9000-2ae6dfacf000 r--p 00000000 00:53 5401                       /cvmfs/sft.cern.ch/lcg/releases/ROOT/v6.20.06-3f7fd/x86_64-centos7-gcc8-opt/lib/RooFitCore.pcm
2ae6dfacf000-2ae6dfb50000 r--p 00000000 00:53 5315                       /cvmfs/sft.cern.ch/lcg/releases/ROOT/v6.20.06-3f7fd/x86_64-centos7-gcc8-opt/lib/Foam.pcm
2ae6dfb50000-2ae6dfbe0000 r--p 00000000 00:53 5389                       /cvmfs/sft.cern.ch/lcg/releases/ROOT/v6.20.06-3f7fd/x86_64-centos7-gcc8-opt/lib/Spectrum.pcm
2ae6dfbe0000-2ae6dfc79000 r--p 00000000 00:53 5399                       /cvmfs/sft.cern.ch/lcg/releases/ROOT/v6.20.06-3f7fd/x86_64-centos7-gcc8-opt/lib/GuiHtml.pcm
2ae6dfc79000-2ae6dfd02000 r--p 00000000 00:53 5446                       /cvmfs/sft.cern.ch/lcg/releases/ROOT/v6.20.06-3f7fd/x86_64-centos7-gcc8-opt/lib/Postscript.pcm
2ae6dfd02000-2ae6dfd99000 r--p 00000000 00:53 5367                       /cvmfs/sft.cern.ch/lcg/releases/ROOT/v6.20.06-3f7fd/x86_64-centos7-gcc8-opt/lib/TMVAGui.pcm
2ae6dfd99000-2ae6dff44000 r--p 00000000 00:53 5421                       /cvmfs/sft.cern.ch/lcg/releases/ROOT/v6.20.06-3f7fd/x86_64-centos7-gcc8-opt/lib/Html.pcm
2ae6dff44000-2ae6dffb8000 r--p 00000000 00:53 5005                       /cvmfs/sft.cern.ch/lcg/releases/ROOT/v6.20.06-3f7fd/x86_64-centos7-gcc8-opt/lib/Fumili.pcm
2ae6dffb8000-2ae6e0037000 r--p 00000000 00:53 5324                       /cvmfs/sft.cern.ch/lcg/releases/ROOT/v6.20.06-3f7fd/x86_64-centos7-gcc8-opt/lib/RooFitMore.pcm
2ae6e0037000-2ae6e00a9000 r--p 00000000 00:53 5360                       /cvmfs/sft.cern.ch/lcg/releases/ROOT/v6.20.06-3f7fd/x86_64-centos7-gcc8-opt/lib/X3d.pcm
2ae6e00a9000-2ae6e0563000 r--p 00000000 00:53 5275                       /cvmfs/sft.cern.ch/lcg/releases/ROOT/v6.20.06-3f7fd/x86_64-centos7-gcc8-opt/lib/Oracle.pcm
2ae6e0563000-2ae6e069f000 rw-p 00000000 00:00 0 
2ae6e069f000-2ae6e13f9000 r--p 00000000 00:53 5297                       /cvmfs/sft.cern.ch/lcg/releases/ROOT/v6.20.06-3f7fd/x86_64-centos7-gcc8-opt/lib/RooFit.pcm
2ae6e13f9000-2ae6e1773000 r--p 00000000 00:53 5267                       /cvmfs/sft.cern.ch/lcg/releases/ROOT/v6.20.06-3f7fd/x86_64-centos7-gcc8-opt/lib/RooStats.pcm
2ae6e1773000-2ae6e17e8000 r--p 00000000 00:53 5283                       /cvmfs/sft.cern.ch/lcg/releases/ROOT/v6.20.06-3f7fd/x86_64-centos7-gcc8-opt/lib/FFTW.pcm
2ae6e17e8000-2ae6e1888000 r--p 00000000 00:53 8077                       /cvmfs/sft.cern.ch/lcg/releases/ROOT/v6.20.06-3f7fd/x86_64-centos7-gcc8-opt/lib/SQLIO.pcm
2ae6e1888000-2ae6e1903000 r--p 00000000 00:53 5310                       /cvmfs/sft.cern.ch/lcg/releases/ROOT/v6.20.06-3f7fd/x86_64-centos7-gcc8-opt/lib/ASImage.pcm
2ae6e1903000-2ae6e19aa000 r--p 00000000 00:53 5309                       /cvmfs/sft.cern.ch/lcg/releases/ROOT/v6.20.06-3f7fd/x86_64-centos7-gcc8-opt/lib/Proofx.pcm
2ae6e19aa000-2ae6e1c4d000 r--p 00000000 00:53 5108                       /cvmfs/sft.cern.ch/lcg/releases/ROOT/v6.20.06-3f7fd/x86_64-centos7-gcc8-opt/lib/Minuit2.pcm
2ae6e1c4d000-2ae6e1cc7000 r--p 00000000 00:53 5351                       /cvmfs/sft.cern.ch/lcg/releases/ROOT/v6.20.06-3f7fd/x86_64-centos7-gcc8-opt/lib/MLP.pcm
2ae6e1cc7000-2ae6e1f6b000 r--p 00000000 00:53 5422                       /cvmfs/sft.cern.ch/lcg/releases/ROOT/v6.20.06-3f7fd/x86_64-centos7-gcc8-opt/lib/GenVector.pcm
2ae6e1f6b000-2ae6e2111000 r--p 00000000 00:53 5409                       /cvmfs/sft.cern.ch/lcg/releases/ROOT/v6.20.06-3f7fd/x86_64-centos7-gcc8-opt/lib/ROOTBrowserv7.pcm
2ae6e2111000-2ae6e218c000 r--p 00000000 00:53 5385                       /cvmfs/sft.cern.ch/lcg/releases/ROOT/v6.20.06-3f7fd/x86_64-centos7-gcc8-opt/lib/RootAuth.pcm
2ae6e218c000-2ae6e21fd000 r--p 00000000 00:53 5318                       /cvmfs/sft.cern.ch/lcg/releases/ROOT/v6.20.06-3f7fd/x86_64-centos7-gcc8-opt/lib/ASImageGui.pcm
2ae6e21fd000-2ae6e227f000 r--p 00000000 00:53 5370                       /cvmfs/sft.cern.ch/lcg/releases/ROOT/v6.20.06-3f7fd/x86_64-centos7-gcc8-opt/lib/Gviz3d.pcm
2ae6e227f000-2ae6e2315000 r--p 00000000 00:53 4871                       /cvmfs/sft.cern.ch/lcg/releases/ROOT/v6.20.06-3f7fd/x86_64-centos7-gcc8-opt/lib/ROOTGraphicsPrimitives.pcm
2ae6e2315000-2ae6e2335000 r-xp 00000000 08:02 1967596                    /usr/lib64/ld-2.17.so
2ae6e2335000-2ae6e2535000 ---p 00020000 08:02 1967596                    /usr/lib64/ld-2.17.so
2ae6e2535000-2ae6e2536000 r--p 00020000 08:02 1967596                    /usr/lib64/ld-2.17.so
2ae6e2536000-2ae6e2537000 rw-p 00021000 08:02 1967596                    /usr/lib64/ld-2.17.so
2ae6e2537000-2ae6e2538000 rw-p 00000000 00:00 0 
7ffebb01b000-7ffebb041000 rw-p 00000000 00:00 0                          [stack]
7ffebb1d2000-7ffebb1d4000 r-xp 00000000 00:00 0                          [vdso]
ffffffffff600000-ffffffffff601000 r-xp 00000000 00:00 0                  [vsyscall]
