Error in <TChain::SetBranchAddress>: unknown branch -> HLT_mb_sptrk_decision
Error in <TChain::SetBranchAddress>: unknown branch -> HLT_mb_sptrk_prescale
Error in <TTree::SetBranchStatus>: unknown branch -> HLT_mb_sptrk_decision
Error in <TTree::SetBranchStatus>: unknown branch -> HLT_mb_sptrk_prescale
Error in <TTree::SetBranchStatus>: unknown branch -> HLT_mb_sptrk_decision
Error in <TTree::SetBranchStatus>: unknown branch -> HLT_mb_sptrk_prescale
Error in <TTree::SetBranchStatus>: unknown branch -> HLT_mb_sptrk_decision
Error in <TTree::SetBranchStatus>: unknown branch -> HLT_mb_sptrk_prescale
Error in <TTree::SetBranchStatus>: unknown branch -> HLT_mb_sptrk_decision
Error in <TTree::SetBranchStatus>: unknown branch -> HLT_mb_sptrk_prescale
Error in <TTree::SetBranchStatus>: unknown branch -> HLT_mb_sptrk_decision
Error in <TTree::SetBranchStatus>: unknown branch -> HLT_mb_sptrk_prescale
Error in <TTree::SetBranchStatus>: unknown branch -> HLT_mb_sptrk_decision
Error in <TTree::SetBranchStatus>: unknown branch -> HLT_mb_sptrk_prescale
Error in <TTree::SetBranchStatus>: unknown branch -> HLT_mb_sptrk_decision
Error in <TTree::SetBranchStatus>: unknown branch -> HLT_mb_sptrk_prescale
Error in <TTree::SetBranchStatus>: unknown branch -> HLT_mb_sptrk_decision
Error in <TTree::SetBranchStatus>: unknown branch -> HLT_mb_sptrk_prescale
Error in <TTree::SetBranchStatus>: unknown branch -> HLT_mb_sptrk_decision
Error in <TTree::SetBranchStatus>: unknown branch -> HLT_mb_sptrk_prescale
Error in <TTree::SetBranchStatus>: unknown branch -> HLT_mb_sptrk_decision
Error in <TTree::SetBranchStatus>: unknown branch -> HLT_mb_sptrk_prescale
Error in <TTree::SetBranchStatus>: unknown branch -> HLT_mb_sptrk_decision
Error in <TTree::SetBranchStatus>: unknown branch -> HLT_mb_sptrk_prescale
Error in <TTree::SetBranchStatus>: unknown branch -> HLT_mb_sptrk_decision
Error in <TTree::SetBranchStatus>: unknown branch -> HLT_mb_sptrk_prescale
Error in <TTree::SetBranchStatus>: unknown branch -> HLT_mb_sptrk_decision
Error in <TTree::SetBranchStatus>: unknown branch -> HLT_mb_sptrk_prescale
Error in <TTree::SetBranchStatus>: unknown branch -> HLT_mb_sptrk_decision
Error in <TTree::SetBranchStatus>: unknown branch -> HLT_mb_sptrk_prescale
*** Error in `condor_exec.exe': double free or corruption (fasttop): 0x000000000210a720 ***
======= Backtrace: =========
/usr/lib64/libc.so.6(+0x7c503)[0x2abe0fe3d503]
/usr/lib64/libc.so.6(__cxa_finalize+0x9a)[0x2abe0fdf9dba]
/atlasgpfs01/usatlas/workarea/jeff/HadronYieldsAnalysis/lib/libJetHadronSkimmer.so(+0xa9a3)[0x2abe0eae49a3]
======= Memory map: ========
00400000-0040b000 r-xp 00000000 00:38 5086146                            /gpfs/mnt/atlasgpfs01/usatlas/workarea/jeff/HadronYieldsAnalysis/bin/run.exe
0060a000-0060b000 r--p 0000a000 00:38 5086146                            /gpfs/mnt/atlasgpfs01/usatlas/workarea/jeff/HadronYieldsAnalysis/bin/run.exe
0060b000-0060c000 rw-p 0000b000 00:38 5086146                            /gpfs/mnt/atlasgpfs01/usatlas/workarea/jeff/HadronYieldsAnalysis/bin/run.exe
0060c000-007dc000 rw-p 00000000 00:00 0 
02030000-0fa2b000 rw-p 00000000 00:00 0                                  [heap]
2abe095c2000-2abe095e2000 r-xp 00000000 fd:00 3147229                    /usr/lib64/ld-2.17.so
2abe095e2000-2abe09643000 rw-p 00000000 00:00 0 
2abe09673000-2abe09742000 rw-p 00000000 00:00 0 
2abe09773000-2abe097c4000 rw-p 00000000 00:00 0 
2abe097c4000-2abe097d1000 r--p 00000000 00:37 5044                       /cvmfs/sft.cern.ch/lcg/releases/ROOT/v6.20.06-3f7fd/x86_64-centos7-gcc8-opt/lib/xlocale.h.pcm
2abe097d1000-2abe097de000 r--p 00000000 00:37 5506                       /cvmfs/sft.cern.ch/lcg/releases/ROOT/v6.20.06-3f7fd/x86_64-centos7-gcc8-opt/lib/_Builtin_stddef_max_align_t.pcm
2abe097e2000-2abe097e3000 r--p 00020000 fd:00 3147229                    /usr/lib64/ld-2.17.so
2abe097e3000-2abe097e4000 rw-p 00021000 fd:00 3147229                    /usr/lib64/ld-2.17.so
2abe097e4000-2abe097e5000 rw-p 00000000 00:00 0 
2abe097e5000-2abe09c44000 r-xp 00000000 00:37 5253                       /cvmfs/sft.cern.ch/lcg/releases/ROOT/v6.20.06-3f7fd/x86_64-centos7-gcc8-opt/lib/libGui.so
2abe09c44000-2abe09e44000 ---p 0045f000 00:37 5253                       /cvmfs/sft.cern.ch/lcg/releases/ROOT/v6.20.06-3f7fd/x86_64-centos7-gcc8-opt/lib/libGui.so
2abe09e44000-2abe09e90000 r--p 0045f000 00:37 5253                       /cvmfs/sft.cern.ch/lcg/releases/ROOT/v6.20.06-3f7fd/x86_64-centos7-gcc8-opt/lib/libGui.so
2abe09e90000-2abe09e95000 rw-p 004ab000 00:37 5253                       /cvmfs/sft.cern.ch/lcg/releases/ROOT/v6.20.06-3f7fd/x86_64-centos7-gcc8-opt/lib/libGui.so
2abe09e95000-2abe09ea6000 rw-p 00000000 00:00 0 
2abe09ea6000-2abe0a37b000 r-xp 00000000 00:37 5344                       /cvmfs/sft.cern.ch/lcg/releases/ROOT/v6.20.06-3f7fd/x86_64-centos7-gcc8-opt/lib/libCore.so
2abe0a37b000-2abe0a57a000 ---p 004d5000 00:37 5344                       /cvmfs/sft.cern.ch/lcg/releases/ROOT/v6.20.06-3f7fd/x86_64-centos7-gcc8-opt/lib/libCore.so
2abe0a57a000-2abe0a5a4000 r--p 004d4000 00:37 5344                       /cvmfs/sft.cern.ch/lcg/releases/ROOT/v6.20.06-3f7fd/x86_64-centos7-gcc8-opt/lib/libCore.so
2abe0a5a4000-2abe0a5aa000 rw-p 004fe000 00:37 5344                       /cvmfs/sft.cern.ch/lcg/releases/ROOT/v6.20.06-3f7fd/x86_64-centos7-gcc8-opt/lib/libCore.so
2abe0a5aa000-2abe0a5de000 rw-p 00000000 00:00 0 
2abe0a5de000-2abe0a5ec000 r-xp 00000000 00:37 5293                       /cvmfs/sft.cern.ch/lcg/releases/ROOT/v6.20.06-3f7fd/x86_64-centos7-gcc8-opt/lib/libImt.so
2abe0a5ec000-2abe0a7eb000 ---p 0000e000 00:37 5293                       /cvmfs/sft.cern.ch/lcg/releases/ROOT/v6.20.06-3f7fd/x86_64-centos7-gcc8-opt/lib/libImt.so
2abe0a7eb000-2abe0a7ec000 r--p 0000d000 00:37 5293                       /cvmfs/sft.cern.ch/lcg/releases/ROOT/v6.20.06-3f7fd/x86_64-centos7-gcc8-opt/lib/libImt.so
2abe0a7ec000-2abe0a7ed000 rw-p 0000e000 00:37 5293                       /cvmfs/sft.cern.ch/lcg/releases/ROOT/v6.20.06-3f7fd/x86_64-centos7-gcc8-opt/lib/libImt.so
2abe0a7ed000-2abe0ab81000 r-xp 00000000 00:37 6317                       /cvmfs/sft.cern.ch/lcg/releases/ROOT/v6.20.06-3f7fd/x86_64-centos7-gcc8-opt/lib/libRIO.so
2abe0ab81000-2abe0ad81000 ---p 00394000 00:37 6317                       /cvmfs/sft.cern.ch/lcg/releases/ROOT/v6.20.06-3f7fd/x86_64-centos7-gcc8-opt/lib/libRIO.so
2abe0ad81000-2abe0ad8e000 r--p 00394000 00:37 6317                       /cvmfs/sft.cern.ch/lcg/releases/ROOT/v6.20.06-3f7fd/x86_64-centos7-gcc8-opt/lib/libRIO.so
2abe0ad8e000-2abe0ad91000 rw-p 003a1000 00:37 6317                       /cvmfs/sft.cern.ch/lcg/releases/ROOT/v6.20.06-3f7fd/x86_64-centos7-gcc8-opt/lib/libRIO.so
2abe0ad91000-2abe0ad94000 rw-p 00000000 00:00 0 
2abe0ad94000-2abe0ae5f000 r-xp 00000000 00:37 5545                       /cvmfs/sft.cern.ch/lcg/releases/ROOT/v6.20.06-3f7fd/x86_64-centos7-gcc8-opt/lib/libNet.so
2abe0ae5f000-2abe0b05e000 ---p 000cb000 00:37 5545                       /cvmfs/sft.cern.ch/lcg/releases/ROOT/v6.20.06-3f7fd/x86_64-centos7-gcc8-opt/lib/libNet.so
2abe0b05e000-2abe0b06a000 r--p 000ca000 00:37 5545                       /cvmfs/sft.cern.ch/lcg/releases/ROOT/v6.20.06-3f7fd/x86_64-centos7-gcc8-opt/lib/libNet.so
2abe0b06a000-2abe0b06c000 rw-p 000d6000 00:37 5545                       /cvmfs/sft.cern.ch/lcg/releases/ROOT/v6.20.06-3f7fd/x86_64-centos7-gcc8-opt/lib/libNet.so
2abe0b06c000-2abe0b073000 rw-p 00000000 00:00 0 
2abe0b073000-2abe0b430000 r-xp 00000000 00:37 5454                       /cvmfs/sft.cern.ch/lcg/releases/ROOT/v6.20.06-3f7fd/x86_64-centos7-gcc8-opt/lib/libHist.so
2abe0b430000-2abe0b62f000 ---p 003bd000 00:37 5454                       /cvmfs/sft.cern.ch/lcg/releases/ROOT/v6.20.06-3f7fd/x86_64-centos7-gcc8-opt/lib/libHist.so
2abe0b62f000-2abe0b659000 r--p 003bc000 00:37 5454                       /cvmfs/sft.cern.ch/lcg/releases/ROOT/v6.20.06-3f7fd/x86_64-centos7-gcc8-opt/lib/libHist.so
2abe0b659000-2abe0b65d000 rw-p 003e6000 00:37 5454                       /cvmfs/sft.cern.ch/lcg/releases/ROOT/v6.20.06-3f7fd/x86_64-centos7-gcc8-opt/lib/libHist.so
2abe0b65d000-2abe0b668000 rw-p 00000000 00:00 0 
2abe0b668000-2abe0b7b2000 r-xp 00000000 00:37 5062                       /cvmfs/sft.cern.ch/lcg/releases/ROOT/v6.20.06-3f7fd/x86_64-centos7-gcc8-opt/lib/libGraf.so
2abe0b7b2000-2abe0b9b1000 ---p 0014a000 00:37 5062                       /cvmfs/sft.cern.ch/lcg/releases/ROOT/v6.20.06-3f7fd/x86_64-centos7-gcc8-opt/lib/libGraf.so
2abe0b9b1000-2abe0b9bf000 r--p 00149000 00:37 5062                       /cvmfs/sft.cern.ch/lcg/releases/ROOT/v6.20.06-3f7fd/x86_64-centos7-gcc8-opt/lib/libGraf.so
2abe0b9bf000-2abe0b9c3000 rw-p 00157000 00:37 5062                       /cvmfs/sft.cern.ch/lcg/releases/ROOT/v6.20.06-3f7fd/x86_64-centos7-gcc8-opt/lib/libGraf.so
2abe0b9c3000-2abe0b9d1000 rw-p 00000000 00:00 0 
2abe0b9d1000-2abe0ba70000 r-xp 00000000 00:37 5416                       /cvmfs/sft.cern.ch/lcg/releases/ROOT/v6.20.06-3f7fd/x86_64-centos7-gcc8-opt/lib/libGraf3d.so
2abe0ba70000-2abe0bc6f000 ---p 0009f000 00:37 5416                       /cvmfs/sft.cern.ch/lcg/releases/ROOT/v6.20.06-3f7fd/x86_64-centos7-gcc8-opt/lib/libGraf3d.so
2abe0bc6f000-2abe0bc79000 r--p 0009e000 00:37 5416                       /cvmfs/sft.cern.ch/lcg/releases/ROOT/v6.20.06-3f7fd/x86_64-centos7-gcc8-opt/lib/libGraf3d.so
2abe0bc79000-2abe0bc7a000 rw-p 000a8000 00:37 5416                       /cvmfs/sft.cern.ch/lcg/releases/ROOT/v6.20.06-3f7fd/x86_64-centos7-gcc8-opt/lib/libGraf3d.so
2abe0bc7a000-2abe0bc7e000 rw-p 00000000 00:00 0 
2abe0bc7e000-2abe0bd59000 r-xp 00000000 00:37 5089                       /cvmfs/sft.cern.ch/lcg/releases/ROOT/v6.20.06-3f7fd/x86_64-centos7-gcc8-opt/lib/libGpad.so
2abe0bd59000-2abe0bf58000 ---p 000db000 00:37 5089                       /cvmfs/sft.cern.ch/lcg/releases/ROOT/v6.20.06-3f7fd/x86_64-centos7-gcc8-opt/lib/libGpad.so
2abe0bf58000-2abe0bf62000 r--p 000da000 00:37 5089                       /cvmfs/sft.cern.ch/lcg/releases/ROOT/v6.20.06-3f7fd/x86_64-centos7-gcc8-opt/lib/libGpad.so
2abe0bf62000-2abe0bf64000 rw-p 000e4000 00:37 5089                       /cvmfs/sft.cern.ch/lcg/releases/ROOT/v6.20.06-3f7fd/x86_64-centos7-gcc8-opt/lib/libGpad.so
2abe0bf64000-2abe0bf65000 rw-p 00000000 00:00 0 
2abe0bf65000-2abe0c03a000 r-xp 00000000 00:37 5012                       /cvmfs/sft.cern.ch/lcg/releases/ROOT/v6.20.06-3f7fd/x86_64-centos7-gcc8-opt/lib/libROOTVecOps.so
2abe0c03a000-2abe0c239000 ---p 000d5000 00:37 5012                       /cvmfs/sft.cern.ch/lcg/releases/ROOT/v6.20.06-3f7fd/x86_64-centos7-gcc8-opt/lib/libROOTVecOps.so
2abe0c239000-2abe0c23b000 r--p 000d4000 00:37 5012                       /cvmfs/sft.cern.ch/lcg/releases/ROOT/v6.20.06-3f7fd/x86_64-centos7-gcc8-opt/lib/libROOTVecOps.so
2abe0c23b000-2abe0c23c000 rw-p 000d6000 00:37 5012                       /cvmfs/sft.cern.ch/lcg/releases/ROOT/v6.20.06-3f7fd/x86_64-centos7-gcc8-opt/lib/libROOTVecOps.so
2abe0c23c000-2abe0c23e000 rw-p 00000000 00:00 0 
2abe0c23e000-2abe0c3a8000 r-xp 00000000 00:37 5467                       /cvmfs/sft.cern.ch/lcg/releases/ROOT/v6.20.06-3f7fd/x86_64-centos7-gcc8-opt/lib/libTree.so
2abe0c3a8000-2abe0c5a7000 ---p 0016a000 00:37 5467                       /cvmfs/sft.cern.ch/lcg/releases/ROOT/v6.20.06-3f7fd/x86_64-centos7-gcc8-opt/lib/libTree.so
2abe0c5a7000-2abe0c5b7000 r--p 00169000 00:37 5467                       /cvmfs/sft.cern.ch/lcg/releases/ROOT/v6.20.06-3f7fd/x86_64-centos7-gcc8-opt/lib/libTree.so
2abe0c5b7000-2abe0c5ba000 rw-p 00179000 00:37 5467                       /cvmfs/sft.cern.ch/lcg/releases/ROOT/v6.20.06-3f7fd/x86_64-centos7-gcc8-opt/lib/libTree.so
2abe0c5ba000-2abe0c5be000 rw-p 00000000 00:00 0 
2abe0c5be000-2abe0c732000 r-xp 00000000 00:37 5262                       /cvmfs/sft.cern.ch/lcg/releases/ROOT/v6.20.06-3f7fd/x86_64-centos7-gcc8-opt/lib/libTreePlayer.so
2abe0c732000-2abe0c931000 ---p 00174000 00:37 5262                       /cvmfs/sft.cern.ch/lcg/releases/ROOT/v6.20.06-3f7fd/x86_64-centos7-gcc8-opt/lib/libTreePlayer.so
2abe0c931000-2abe0c93c000 r--p 00173000 00:37 5262                       /cvmfs/sft.cern.ch/lcg/releases/ROOT/v6.20.06-3f7fd/x86_64-centos7-gcc8-opt/lib/libTreePlayer.so
2abe0c93c000-2abe0c93e000 rw-p 0017e000 00:37 5262                       /cvmfs/sft.cern.ch/lcg/releases/ROOT/v6.20.06-3f7fd/x86_64-centos7-gcc8-opt/lib/libTreePlayer.so
2abe0c93e000-2abe0c945000 rw-p 00000000 00:00 0 
2abe0c945000-2abe0c96c000 r-xp 00000000 00:37 5074                       /cvmfs/sft.cern.ch/lcg/releases/ROOT/v6.20.06-3f7fd/x86_64-centos7-gcc8-opt/lib/libRint.so
2abe0c96c000-2abe0cb6b000 ---p 00027000 00:37 5074                       /cvmfs/sft.cern.ch/lcg/releases/ROOT/v6.20.06-3f7fd/x86_64-centos7-gcc8-opt/lib/libRint.so
2abe0cb6b000-2abe0cb6d000 r--p 00026000 00:37 5074                       /cvmfs/sft.cern.ch/lcg/releases/ROOT/v6.20.06-3f7fd/x86_64-centos7-gcc8-opt/lib/libRint.so
2abe0cb6d000-2abe0cb6e000 rw-p 00028000 00:37 5074                       /cvmfs/sft.cern.ch/lcg/releases/ROOT/v6.20.06-3f7fd/x86_64-centos7-gcc8-opt/lib/libRint.so
2abe0cb6e000-2abe0cbdd000 r-xp 00000000 00:37 5439                       /cvmfs/sft.cern.ch/lcg/releases/ROOT/v6.20.06-3f7fd/x86_64-centos7-gcc8-opt/lib/libPostscript.so
2abe0cbdd000-2abe0cddd000 ---p 0006f000 00:37 5439                       /cvmfs/sft.cern.ch/lcg/releases/ROOT/v6.20.06-3f7fd/x86_64-centos7-gcc8-opt/lib/libPostscript.so
2abe0cddd000-2abe0cde4000 r--p 0006f000 00:37 5439                       /cvmfs/sft.cern.ch/lcg/releases/ROOT/v6.20.06-3f7fd/x86_64-centos7-gcc8-opt/lib/libPostscript.so
2abe0cde4000-2abe0cde5000 rw-p 00076000 00:37 5439                       /cvmfs/sft.cern.ch/lcg/releases/ROOT/v6.20.06-3f7fd/x86_64-centos7-gcc8-opt/lib/libPostscript.so
2abe0cde5000-2abe0cde6000 rw-p 00000000 00:00 0 
2abe0cde6000-2abe0cf51000 r-xp 00000000 00:37 5481                       /cvmfs/sft.cern.ch/lcg/releases/ROOT/v6.20.06-3f7fd/x86_64-centos7-gcc8-opt/lib/libMatrix.so
2abe0cf51000-2abe0d150000 ---p 0016b000 00:37 5481                       /cvmfs/sft.cern.ch/lcg/releases/ROOT/v6.20.06-3f7fd/x86_64-centos7-gcc8-opt/lib/libMatrix.so
2abe0d150000-2abe0d158000 r--p 0016a000 00:37 5481                       /cvmfs/sft.cern.ch/lcg/releases/ROOT/v6.20.06-3f7fd/x86_64-centos7-gcc8-opt/lib/libMatrix.so
2abe0d158000-2abe0d15a000 rw-p 00172000 00:37 5481                       /cvmfs/sft.cern.ch/lcg/releases/ROOT/v6.20.06-3f7fd/x86_64-centos7-gcc8-opt/lib/libMatrix.so
2abe0d15a000-2abe0d15e000 rw-p 00000000 00:00 0 
2abe0d15e000-2abe0d1a6000 r-xp 00000000 00:37 5097                       /cvmfs/sft.cern.ch/lcg/releases/ROOT/v6.20.06-3f7fd/x86_64-centos7-gcc8-opt/lib/libPhysics.so
2abe0d1a6000-2abe0d3a6000 ---p 00048000 00:37 5097                       /cvmfs/sft.cern.ch/lcg/releases/ROOT/v6.20.06-3f7fd/x86_64-centos7-gcc8-opt/lib/libPhysics.so
2abe0d3a6000-2abe0d3a9000 r--p 00048000 00:37 5097                       /cvmfs/sft.cern.ch/lcg/releases/ROOT/v6.20.06-3f7fd/x86_64-centos7-gcc8-opt/lib/libPhysics.so
2abe0d3a9000-2abe0d3aa000 rw-p 0004b000 00:37 5097                       /cvmfs/sft.cern.ch/lcg/releases/ROOT/v6.20.06-3f7fd/x86_64-centos7-gcc8-opt/lib/libPhysics.so
2abe0d3aa000-2abe0d3ab000 rw-p 00000000 00:00 0 
2abe0d3ab000-2abe0d5a8000 r-xp 00000000 00:37 4860                       /cvmfs/sft.cern.ch/lcg/releases/ROOT/v6.20.06-3f7fd/x86_64-centos7-gcc8-opt/lib/libMathCore.so
2abe0d5a8000-2abe0d7a8000 ---p 001fd000 00:37 4860                       /cvmfs/sft.cern.ch/lcg/releases/ROOT/v6.20.06-3f7fd/x86_64-centos7-gcc8-opt/lib/libMathCore.so
2abe0d7a8000-2abe0d7b2000 r--p 001fd000 00:37 4860                       /cvmfs/sft.cern.ch/lcg/releases/ROOT/v6.20.06-3f7fd/x86_64-centos7-gcc8-opt/lib/libMathCore.so
2abe0d7b2000-2abe0d7b5000 rw-p 00207000 00:37 4860                       /cvmfs/sft.cern.ch/lcg/releases/ROOT/v6.20.06-3f7fd/x86_64-centos7-gcc8-opt/lib/libMathCore.so
2abe0d7b5000-2abe0d7be000 rw-p 00000000 00:00 0 
2abe0d7be000-2abe0d80d000 r-xp 00000000 00:37 5100                       /cvmfs/sft.cern.ch/lcg/releases/ROOT/v6.20.06-3f7fd/x86_64-centos7-gcc8-opt/lib/libThread.so
2abe0d80d000-2abe0da0c000 ---p 0004f000 00:37 5100                       /cvmfs/sft.cern.ch/lcg/releases/ROOT/v6.20.06-3f7fd/x86_64-centos7-gcc8-opt/lib/libThread.so
2abe0da0c000-2abe0da10000 r--p 0004e000 00:37 5100                       /cvmfs/sft.cern.ch/lcg/releases/ROOT/v6.20.06-3f7fd/x86_64-centos7-gcc8-opt/lib/libThread.so
2abe0da10000-2abe0da11000 rw-p 00052000 00:37 5100                       /cvmfs/sft.cern.ch/lcg/releases/ROOT/v6.20.06-3f7fd/x86_64-centos7-gcc8-opt/lib/libThread.so
2abe0da11000-2abe0da13000 rw-p 00000000 00:00 0 
2abe0da13000-2abe0da1f000 r-xp 00000000 00:37 5320                       /cvmfs/sft.cern.ch/lcg/releases/ROOT/v6.20.06-3f7fd/x86_64-centos7-gcc8-opt/lib/libMultiProc.so
2abe0da1f000-2abe0dc1e000 ---p 0000c000 00:37 5320                       /cvmfs/sft.cern.ch/lcg/releases/ROOT/v6.20.06-3f7fd/x86_64-centos7-gcc8-opt/lib/libMultiProc.so
2abe0dc1e000-2abe0dc1f000 r--p 0000b000 00:37 5320                       /cvmfs/sft.cern.ch/lcg/releases/ROOT/v6.20.06-3f7fd/x86_64-centos7-gcc8-opt/lib/libMultiProc.so
2abe0dc1f000-2abe0dc20000 rw-p 0000c000 00:37 5320                       /cvmfs/sft.cern.ch/lcg/releases/ROOT/v6.20.06-3f7fd/x86_64-centos7-gcc8-opt/lib/libMultiProc.so
2abe0dc20000-2abe0dcd2000 r-xp 00000000 00:37 5105                       /cvmfs/sft.cern.ch/lcg/releases/ROOT/v6.20.06-3f7fd/x86_64-centos7-gcc8-opt/lib/libROOTDataFrame.so
2abe0dcd2000-2abe0ded2000 ---p 000b2000 00:37 5105                       /cvmfs/sft.cern.ch/lcg/releases/ROOT/v6.20.06-3f7fd/x86_64-centos7-gcc8-opt/lib/libROOTDataFrame.so
2abe0ded2000-2abe0ded5000 r--p 000b2000 00:37 5105                       /cvmfs/sft.cern.ch/lcg/releases/ROOT/v6.20.06-3f7fd/x86_64-centos7-gcc8-opt/lib/libROOTDataFrame.so
2abe0ded5000-2abe0ded7000 rw-p 000b5000 00:37 5105                       /cvmfs/sft.cern.ch/lcg/releases/ROOT/v6.20.06-3f7fd/x86_64-centos7-gcc8-opt/lib/libROOTDataFrame.so
2abe0ded7000-2abe0deda000 rw-p 00000000 00:00 0 
2abe0deda000-2abe0dedc000 r-xp 00000000 fd:00 3147242                    /usr/lib64/libdl-2.17.so
2abe0dedc000-2abe0e0dc000 ---p 00002000 fd:00 3147242                    /usr/lib64/libdl-2.17.so
2abe0e0dc000-2abe0e0dd000 r--p 00002000 fd:00 3147242                    /usr/lib64/libdl-2.17.so
2abe0e0dd000-2abe0e0de000 rw-p 00003000 fd:00 3147242                    /usr/lib64/libdl-2.17.so
2abe0e0de000-2abe0e0ed000 r-xp 00000000 00:35 3362007893                 /direct/usatlas+u/jeff/RootUtilities/lib/libUtilities.so
2abe0e0ed000-2abe0e2ec000 ---p 0000f000 00:35 3362007893                 /direct/usatlas+u/jeff/RootUtilities/lib/libUtilities.so
2abe0e2ec000-2abe0e2ed000 r--p 0000e000 00:35 3362007893                 /direct/usatlas+u/jeff/RootUtilities/lib/libUtilities.so
2abe0e2ed000-2abe0e2ee000 rw-p 0000f000 00:35 3362007893                 /direct/usatlas+u/jeff/RootUtilities/lib/libUtilities.so
2abe0e2ee000-2abe0e2f6000 r-xp 00000000 00:38 56323298                   /gpfs/mnt/atlasgpfs01/usatlas/workarea/jeff/atlas-hi/lib/libAtlasUtils.so
2abe0e2f6000-2abe0e4f5000 ---p 00008000 00:38 56323298                   /gpfs/mnt/atlasgpfs01/usatlas/workarea/jeff/atlas-hi/lib/libAtlasUtils.so
2abe0e4f5000-2abe0e4f6000 r--p 00007000 00:38 56323298                   /gpfs/mnt/atlasgpfs01/usatlas/workarea/jeff/atlas-hi/lib/libAtlasUtils.so
2abe0e4f6000-2abe0e4f7000 rw-p 00008000 00:38 56323298                   /gpfs/mnt/atlasgpfs01/usatlas/workarea/jeff/atlas-hi/lib/libAtlasUtils.so
2abe0e4f7000-2abe0e4f9000 r-xp 00000000 00:38 56323256                   /gpfs/mnt/atlasgpfs01/usatlas/workarea/jeff/atlas-hi/lib/libAtlasStyle.so
2abe0e4f9000-2abe0e6f8000 ---p 00002000 00:38 56323256                   /gpfs/mnt/atlasgpfs01/usatlas/workarea/jeff/atlas-hi/lib/libAtlasStyle.so
2abe0e6f8000-2abe0e6f9000 r--p 00001000 00:38 56323256                   /gpfs/mnt/atlasgpfs01/usatlas/workarea/jeff/atlas-hi/lib/libAtlasStyle.so
2abe0e6f9000-2abe0e6fa000 rw-p 00002000 00:38 56323256                   /gpfs/mnt/atlasgpfs01/usatlas/workarea/jeff/atlas-hi/lib/libAtlasStyle.so
2abe0e6fa000-2abe0e709000 r-xp 00000000 00:38 5086140                    /gpfs/mnt/atlasgpfs01/usatlas/workarea/jeff/HadronYieldsAnalysis/lib/libLocalUtilities.so
2abe0e709000-2abe0e908000 ---p 0000f000 00:38 5086140                    /gpfs/mnt/atlasgpfs01/usatlas/workarea/jeff/HadronYieldsAnalysis/lib/libLocalUtilities.so
2abe0e908000-2abe0e909000 r--p 0000e000 00:38 5086140                    /gpfs/mnt/atlasgpfs01/usatlas/workarea/jeff/HadronYieldsAnalysis/lib/libLocalUtilities.so
2abe0e909000-2abe0e90a000 rw-p 0000f000 00:38 5086140                    /gpfs/mnt/atlasgpfs01/usatlas/workarea/jeff/HadronYieldsAnalysis/lib/libLocalUtilities.so
2abe0e90a000-2abe0eada000 rw-p 00000000 00:00 0 
2abe0eada000-2abe0eaec000 r-xp 00000000 00:38 5086138                    /gpfs/mnt/atlasgpfs01/usatlas/workarea/jeff/HadronYieldsAnalysis/lib/libJetHadronSkimmer.so
2abe0eaec000-2abe0ecec000 ---p 00012000 00:38 5086138                    /gpfs/mnt/atlasgpfs01/usatlas/workarea/jeff/HadronYieldsAnalysis/lib/libJetHadronSkimmer.so
2abe0ecec000-2abe0eced000 r--p 00012000 00:38 5086138                    /gpfs/mnt/atlasgpfs01/usatlas/workarea/jeff/HadronYieldsAnalysis/lib/libJetHadronSkimmer.so
2abe0eced000-2abe0ecee000 rw-p 00013000 00:38 5086138                    /gpfs/mnt/atlasgpfs01/usatlas/workarea/jeff/HadronYieldsAnalysis/lib/libJetHadronSkimmer.so
2abe0ecee000-2abe0ef22000 rw-p 00000000 00:00 0 
2abe0ef22000-2abe0ef30000 r-xp 00000000 00:38 5086141                    /gpfs/mnt/atlasgpfs01/usatlas/workarea/jeff/HadronYieldsAnalysis/lib/libZDCAnalysis.so
2abe0ef30000-2abe0f130000 ---p 0000e000 00:38 5086141                    /gpfs/mnt/atlasgpfs01/usatlas/workarea/jeff/HadronYieldsAnalysis/lib/libZDCAnalysis.so
2abe0f130000-2abe0f131000 r--p 0000e000 00:38 5086141                    /gpfs/mnt/atlasgpfs01/usatlas/workarea/jeff/HadronYieldsAnalysis/lib/libZDCAnalysis.so
2abe0f131000-2abe0f132000 rw-p 0000f000 00:38 5086141                    /gpfs/mnt/atlasgpfs01/usatlas/workarea/jeff/HadronYieldsAnalysis/lib/libZDCAnalysis.so
2abe0f132000-2abe0f302000 rw-p 00000000 00:00 0 
2abe0f302000-2abe0f47b000 r-xp 00000000 00:37 368335                     /cvmfs/sft.cern.ch/lcg/releases/gcc/8.3.0-cebb0/x86_64-centos7/lib64/libstdc++.so.6.0.25
2abe0f47b000-2abe0f67b000 ---p 00179000 00:37 368335                     /cvmfs/sft.cern.ch/lcg/releases/gcc/8.3.0-cebb0/x86_64-centos7/lib64/libstdc++.so.6.0.25
2abe0f67b000-2abe0f685000 r--p 00179000 00:37 368335                     /cvmfs/sft.cern.ch/lcg/releases/gcc/8.3.0-cebb0/x86_64-centos7/lib64/libstdc++.so.6.0.25
2abe0f685000-2abe0f687000 rw-p 00183000 00:37 368335                     /cvmfs/sft.cern.ch/lcg/releases/gcc/8.3.0-cebb0/x86_64-centos7/lib64/libstdc++.so.6.0.25
2abe0f687000-2abe0f68b000 rw-p 00000000 00:00 0 
2abe0f68b000-2abe0f78b000 r-xp 00000000 fd:00 3147244                    /usr/lib64/libm-2.17.so
2abe0f78b000-2abe0f98b000 ---p 00100000 fd:00 3147244                    /usr/lib64/libm-2.17.so
2abe0f98b000-2abe0f98c000 r--p 00100000 fd:00 3147244                    /usr/lib64/libm-2.17.so
2abe0f98c000-2abe0f98d000 rw-p 00101000 fd:00 3147244                    /usr/lib64/libm-2.17.so
2abe0f98d000-2abe0f9a4000 r-xp 00000000 00:37 368161                     /cvmfs/sft.cern.ch/lcg/releases/gcc/8.3.0-cebb0/x86_64-centos7/lib64/libgcc_s.so.1
2abe0f9a4000-2abe0fba3000 ---p 00017000 00:37 368161                     /cvmfs/sft.cern.ch/lcg/releases/gcc/8.3.0-cebb0/x86_64-centos7/lib64/libgcc_s.so.1
2abe0fba3000-2abe0fba4000 r--p 00016000 00:37 368161                     /cvmfs/sft.cern.ch/lcg/releases/gcc/8.3.0-cebb0/x86_64-centos7/lib64/libgcc_s.so.1
2abe0fba4000-2abe0fba5000 rw-p 00017000 00:37 368161                     /cvmfs/sft.cern.ch/lcg/releases/gcc/8.3.0-cebb0/x86_64-centos7/lib64/libgcc_s.so.1
2abe0fba5000-2abe0fbbc000 r-xp 00000000 fd:00 3147262                    /usr/lib64/libpthread-2.17.so
2abe0fbbc000-2abe0fdbb000 ---p 00017000 fd:00 3147262                    /usr/lib64/libpthread-2.17.so
2abe0fdbb000-2abe0fdbc000 r--p 00016000 fd:00 3147262                    /usr/lib64/libpthread-2.17.so
2abe0fdbc000-2abe0fdbd000 rw-p 00017000 fd:00 3147262                    /usr/lib64/libpthread-2.17.so
2abe0fdbd000-2abe0fdc1000 rw-p 00000000 00:00 0 
2abe0fdc1000-2abe0ff78000 r-xp 00000000 fd:00 3147236                    /usr/lib64/libc-2.17.so
2abe0ff78000-2abe10177000 ---p 001b7000 fd:00 3147236                    /usr/lib64/libc-2.17.so
2abe10177000-2abe1017b000 r--p 001b6000 fd:00 3147236                    /usr/lib64/libc-2.17.so
2abe1017b000-2abe1017d000 rw-p 001ba000 fd:00 3147236                    /usr/lib64/libc-2.17.so
2abe1017d000-2abe10182000 rw-p 00000000 00:00 0 
2abe10182000-2abe101a7000 r-xp 00000000 fd:00 3147480                    /usr/lib64/liblzma.so.5.2.2
2abe101a7000-2abe103a6000 ---p 00025000 fd:00 3147480                    /usr/lib64/liblzma.so.5.2.2
2abe103a6000-2abe103a7000 r--p 00024000 fd:00 3147480                    /usr/lib64/liblzma.so.5.2.2
2abe103a7000-2abe103a8000 rw-p 00025000 fd:00 3147480                    /usr/lib64/liblzma.so.5.2.2
2abe103a8000-2abe103c1000 r-xp 00000000 00:37 349771                     /cvmfs/sft.cern.ch/lcg/releases/zlib/1.2.11-da225/x86_64-centos7-gcc8-opt/lib/libz.so.1.2.11
2abe103c1000-2abe105c0000 ---p 00019000 00:37 349771                     /cvmfs/sft.cern.ch/lcg/releases/zlib/1.2.11-da225/x86_64-centos7-gcc8-opt/lib/libz.so.1.2.11
2abe105c0000-2abe105c1000 r--p 00018000 00:37 349771                     /cvmfs/sft.cern.ch/lcg/releases/zlib/1.2.11-da225/x86_64-centos7-gcc8-opt/lib/libz.so.1.2.11
2abe105c1000-2abe105c2000 rw-p 00019000 00:37 349771                     /cvmfs/sft.cern.ch/lcg/releases/zlib/1.2.11-da225/x86_64-centos7-gcc8-opt/lib/libz.so.1.2.11
2abe105c2000-2abe10600000 r-xp 00000000 00:37 365369                     /cvmfs/sft.cern.ch/lcg/releases/tbb/2020_U1-bbcac/x86_64-centos7-gcc8-opt/lib/libtbb.so.2
2abe10600000-2abe107ff000 ---p 0003e000 00:37 365369                     /cvmfs/sft.cern.ch/lcg/releases/tbb/2020_U1-bbcac/x86_64-centos7-gcc8-opt/lib/libtbb.so.2
2abe107ff000-2abe10801000 r--p 0003d000 00:37 365369                     /cvmfs/sft.cern.ch/lcg/releases/tbb/2020_U1-bbcac/x86_64-centos7-gcc8-opt/lib/libtbb.so.2
2abe10801000-2abe10804000 rw-p 0003f000 00:37 365369                     /cvmfs/sft.cern.ch/lcg/releases/tbb/2020_U1-bbcac/x86_64-centos7-gcc8-opt/lib/libtbb.so.2
2abe10804000-2abe10806000 rw-p 00000000 00:00 0 
2abe10806000-2abe1086d000 r-xp 00000000 fd:00 3157741                    /usr/lib64/libssl.so.1.0.2k
2abe1086d000-2abe10a6c000 ---p 00067000 fd:00 3157741                    /usr/lib64/libssl.so.1.0.2k
2abe10a6c000-2abe10a70000 r--p 00066000 fd:00 3157741                    /usr/lib64/libssl.so.1.0.2k
2abe10a70000-2abe10a77000 rw-p 0006a000 fd:00 3157741                    /usr/lib64/libssl.so.1.0.2k
2abe10a77000-2abe10cab000 r-xp 00000000 fd:00 3157739                    /usr/lib64/libcrypto.so.1.0.2k
2abe10cab000-2abe10eab000 ---p 00234000 fd:00 3157739                    /usr/lib64/libcrypto.so.1.0.2k
2abe10eab000-2abe10ec7000 r--p 00234000 fd:00 3157739                    /usr/lib64/libcrypto.so.1.0.2k
2abe10ec7000-2abe10ed4000 rw-p 00250000 fd:00 3157739                    /usr/lib64/libcrypto.so.1.0.2k
2abe10ed4000-2abe10ed8000 rw-p 00000000 00:00 0 
2abe10ed8000-2abe10f78000 r-xp 00000000 fd:00 3147419                    /usr/lib64/libfreetype.so.6.10.0
2abe10f78000-2abe11177000 ---p 000a0000 fd:00 3147419                    /usr/lib64/libfreetype.so.6.10.0
2abe11177000-2abe1117d000 r--p 0009f000 fd:00 3147419                    /usr/lib64/libfreetype.so.6.10.0
2abe1117d000-2abe1117e000 rw-p 000a5000 fd:00 3147419                    /usr/lib64/libfreetype.so.6.10.0
2abe1117e000-2abe11189000 r-xp 00000000 00:37 365197                     /cvmfs/sft.cern.ch/lcg/releases/vdt/0.4.3-992df/x86_64-centos7-gcc8-opt/lib/libvdt.so
2abe11189000-2abe11389000 ---p 0000b000 00:37 365197                     /cvmfs/sft.cern.ch/lcg/releases/vdt/0.4.3-992df/x86_64-centos7-gcc8-opt/lib/libvdt.so
2abe11389000-2abe1138a000 r--p 0000b000 00:37 365197                     /cvmfs/sft.cern.ch/lcg/releases/vdt/0.4.3-992df/x86_64-centos7-gcc8-opt/lib/libvdt.so
2abe1138a000-2abe1138b000 rw-p 0000c000 00:37 365197                     /cvmfs/sft.cern.ch/lcg/releases/vdt/0.4.3-992df/x86_64-centos7-gcc8-opt/lib/libvdt.so
2abe1138b000-2abe113e6000 r-xp 00000000 00:37 5301                       /cvmfs/sft.cern.ch/lcg/releases/ROOT/v6.20.06-3f7fd/x86_64-centos7-gcc8-opt/lib/libROOTNTuple.so
2abe113e6000-2abe115e6000 ---p 0005b000 00:37 5301                       /cvmfs/sft.cern.ch/lcg/releases/ROOT/v6.20.06-3f7fd/x86_64-centos7-gcc8-opt/lib/libROOTNTuple.so
2abe115e6000-2abe115e8000 r--p 0005b000 00:37 5301                       /cvmfs/sft.cern.ch/lcg/releases/ROOT/v6.20.06-3f7fd/x86_64-centos7-gcc8-opt/lib/libROOTNTuple.so
2abe115e8000-2abe115e9000 rw-p 0005d000 00:37 5301                       /cvmfs/sft.cern.ch/lcg/releases/ROOT/v6.20.06-3f7fd/x86_64-centos7-gcc8-opt/lib/libROOTNTuple.so
2abe115e9000-2abe115ea000 rw-p 00000000 00:00 0 
2abe115ea000-2abe116f4000 r-xp 00000000 00:37 67507                      /cvmfs/sft.cern.ch/lcg/releases/sqlite/3280000-472f2/x86_64-centos7-gcc8-opt/lib/libsqlite3.so.0.8.6
2abe116f4000-2abe118f3000 ---p 0010a000 00:37 67507                      /cvmfs/sft.cern.ch/lcg/releases/sqlite/3280000-472f2/x86_64-centos7-gcc8-opt/lib/libsqlite3.so.0.8.6
2abe118f3000-2abe118f6000 r--p 00109000 00:37 67507                      /cvmfs/sft.cern.ch/lcg/releases/sqlite/3280000-472f2/x86_64-centos7-gcc8-opt/lib/libsqlite3.so.0.8.6
2abe118f6000-2abe118f9000 rw-p 0010c000 00:37 67507                      /cvmfs/sft.cern.ch/lcg/releases/sqlite/3280000-472f2/x86_64-centos7-gcc8-opt/lib/libsqlite3.so.0.8.6
2abe118f9000-2abe118fa000 rw-p 00000000 00:00 0 
2abe118fa000-2abe11901000 r-xp 00000000 fd:00 3147266                    /usr/lib64/librt-2.17.so
2abe11901000-2abe11b00000 ---p 00007000 fd:00 3147266                    /usr/lib64/librt-2.17.so
2abe11b00000-2abe11b01000 r--p 00006000 fd:00 3147266                    /usr/lib64/librt-2.17.so
2abe11b01000-2abe11b02000 rw-p 00007000 fd:00 3147266                    /usr/lib64/librt-2.17.so
2abe11b02000-2abe11b4d000 r-xp 00000000 fd:00 3157716                    /usr/lib64/libgssapi_krb5.so.2.2
2abe11b4d000-2abe11d4d000 ---p 0004b000 fd:00 3157716                    /usr/lib64/libgssapi_krb5.so.2.2
2abe11d4d000-2abe11d4e000 r--p 0004b000 fd:00 3157716                    /usr/lib64/libgssapi_krb5.so.2.2
2abe11d4e000-2abe11d50000 rw-p 0004c000 fd:00 3157716                    /usr/lib64/libgssapi_krb5.so.2.2
2abe11d50000-2abe11e26000 r-xp 00000000 fd:00 3157726                    /usr/lib64/libkrb5.so.3.3
2abe11e26000-2abe12026000 ---p 000d6000 fd:00 3157726                    /usr/lib64/libkrb5.so.3.3
2abe12026000-2abe12034000 r--p 000d6000 fd:00 3157726                    /usr/lib64/libkrb5.so.3.3
2abe12034000-2abe12037000 rw-p 000e4000 fd:00 3157726                    /usr/lib64/libkrb5.so.3.3
2abe12037000-2abe1203a000 r-xp 00000000 fd:00 3147421                    /usr/lib64/libcom_err.so.2.1
2abe1203a000-2abe12239000 ---p 00003000 fd:00 3147421                    /usr/lib64/libcom_err.so.2.1
2abe12239000-2abe1223a000 r--p 00002000 fd:00 3147421                    /usr/lib64/libcom_err.so.2.1
2abe1223a000-2abe1223b000 rw-p 00003000 fd:00 3147421                    /usr/lib64/libcom_err.so.2.1
2abe1223b000-2abe1226a000 r-xp 00000000 fd:00 3157720                    /usr/lib64/libk5crypto.so.3.1
2abe1226a000-2abe12469000 ---p 0002f000 fd:00 3157720                    /usr/lib64/libk5crypto.so.3.1
2abe12469000-2abe1246b000 r--p 0002e000 fd:00 3157720                    /usr/lib64/libk5crypto.so.3.1
2abe1246b000-2abe1246c000 rw-p 00030000 fd:00 3157720                    /usr/lib64/libk5crypto.so.3.1
2abe1246c000-2abe1246d000 rw-p 00000000 00:00 0 
2abe1246d000-2abe1247a000 r-xp 00000000 fd:00 3157728                    /usr/lib64/libkrb5support.so.0.1
2abe1247a000-2abe1267a000 ---p 0000d000 fd:00 3157728                    /usr/lib64/libkrb5support.so.0.1
2abe1267a000-2abe1267b000 r--p 0000d000 fd:00 3157728                    /usr/lib64/libkrb5support.so.0.1
2abe1267b000-2abe1267c000 rw-p 0000e000 fd:00 3157728                    /usr/lib64/libkrb5support.so.0.1
2abe1267c000-2abe1267f000 r-xp 00000000 fd:00 3147719                    /usr/lib64/libkeyutils.so.1.5
2abe1267f000-2abe1287e000 ---p 00003000 fd:00 3147719                    /usr/lib64/libkeyutils.so.1.5
2abe1287e000-2abe1287f000 r--p 00002000 fd:00 3147719                    /usr/lib64/libkeyutils.so.1.5
2abe1287f000-2abe12880000 rw-p 00003000 fd:00 3147719                    /usr/lib64/libkeyutils.so.1.5
2abe12880000-2abe12896000 r-xp 00000000 fd:00 3147264                    /usr/lib64/libresolv-2.17.so
2abe12896000-2abe12a96000 ---p 00016000 fd:00 3147264                    /usr/lib64/libresolv-2.17.so
2abe12a96000-2abe12a97000 r--p 00016000 fd:00 3147264                    /usr/lib64/libresolv-2.17.so
2abe12a97000-2abe12a98000 rw-p 00017000 fd:00 3147264                    /usr/lib64/libresolv-2.17.so
2abe12a98000-2abe12a9a000 rw-p 00000000 00:00 0 
2abe12a9a000-2abe12abe000 r-xp 00000000 fd:00 3147404                    /usr/lib64/libselinux.so.1
2abe12abe000-2abe12cbd000 ---p 00024000 fd:00 3147404                    /usr/lib64/libselinux.so.1
2abe12cbd000-2abe12cbe000 r--p 00023000 fd:00 3147404                    /usr/lib64/libselinux.so.1
2abe12cbe000-2abe12cbf000 rw-p 00024000 fd:00 3147404                    /usr/lib64/libselinux.so.1
2abe12cbf000-2abe12cc1000 rw-p 00000000 00:00 0 
2abe12cc1000-2abe12d21000 r-xp 00000000 fd:00 3147395                    /usr/lib64/libpcre.so.1.2.0
2abe12d21000-2abe12f20000 ---p 00060000 fd:00 3147395                    /usr/lib64/libpcre.so.1.2.0
2abe12f20000-2abe12f21000 r--p 0005f000 fd:00 3147395                    /usr/lib64/libpcre.so.1.2.0
2abe12f21000-2abe12f22000 rw-p 00060000 fd:00 3147395                    /usr/lib64/libpcre.so.1.2.0
2abe12f22000-2abe13722000 rw-p 00000000 00:00 0 
2abe13722000-2abe1660b000 r-xp 00000000 00:37 5420                       /cvmfs/sft.cern.ch/lcg/releases/ROOT/v6.20.06-3f7fd/x86_64-centos7-gcc8-opt/lib/libCling.so
2abe1660b000-2abe1680b000 ---p 02ee9000 00:37 5420                       /cvmfs/sft.cern.ch/lcg/releases/ROOT/v6.20.06-3f7fd/x86_64-centos7-gcc8-opt/lib/libCling.so
2abe1680b000-2abe16a1d000 r--p 02ee9000 00:37 5420                       /cvmfs/sft.cern.ch/lcg/releases/ROOT/v6.20.06-3f7fd/x86_64-centos7-gcc8-opt/lib/libCling.so
2abe16a1d000-2abe16a28000 rw-p 030fb000 00:37 5420                       /cvmfs/sft.cern.ch/lcg/releases/ROOT/v6.20.06-3f7fd/x86_64-centos7-gcc8-opt/lib/libCling.so
2abe16a28000-2abe16a55000 rw-p 00000000 00:00 0 
2abe16a55000-2abe16a7a000 r-xp 00000000 fd:00 3147304                    /usr/lib64/libtinfo.so.5.9
2abe16a7a000-2abe16c7a000 ---p 00025000 fd:00 3147304                    /usr/lib64/libtinfo.so.5.9
2abe16c7a000-2abe16c7e000 r--p 00025000 fd:00 3147304                    /usr/lib64/libtinfo.so.5.9
2abe16c7e000-2abe16c7f000 rw-p 00029000 fd:00 3147304                    /usr/lib64/libtinfo.so.5.9
2abe16c7f000-2abe16cb0000 rw-p 00000000 00:00 0 
2abe16cb0000-2abe17fe4000 r--p 00000000 00:37 5355                       /cvmfs/sft.cern.ch/lcg/releases/ROOT/v6.20.06-3f7fd/x86_64-centos7-gcc8-opt/lib/std.pcm
2abe17fe4000-2abe18124000 r--p 00000000 00:37 5331                       /cvmfs/sft.cern.ch/lcg/releases/ROOT/v6.20.06-3f7fd/x86_64-centos7-gcc8-opt/lib/libc.pcm
2abe18124000-2abe18141000 r--p 00000000 00:37 5358                       /cvmfs/sft.cern.ch/lcg/releases/ROOT/v6.20.06-3f7fd/x86_64-centos7-gcc8-opt/lib/Cling_Runtime.pcm
2abe18141000-2abe1816c000 r--p 00000000 00:37 5284                       /cvmfs/sft.cern.ch/lcg/releases/ROOT/v6.20.06-3f7fd/x86_64-centos7-gcc8-opt/lib/Cling_Runtime_Extra.pcm
2abe1816c000-2abe181b4000 r--p 00000000 00:37 5390                       /cvmfs/sft.cern.ch/lcg/releases/ROOT/v6.20.06-3f7fd/x86_64-centos7-gcc8-opt/lib/ROOT_Foundation_C.pcm
2abe181b4000-2abe181cd000 r--p 00000000 00:37 5050                       /cvmfs/sft.cern.ch/lcg/releases/ROOT/v6.20.06-3f7fd/x86_64-centos7-gcc8-opt/lib/ROOT_Rtypes.pcm
2abe181cd000-2abe181eb000 r--p 00000000 00:37 5332                       /cvmfs/sft.cern.ch/lcg/releases/ROOT/v6.20.06-3f7fd/x86_64-centos7-gcc8-opt/lib/ROOT_Config.pcm
2abe181eb000-2abe18279000 r--p 00000000 00:37 5369                       /cvmfs/sft.cern.ch/lcg/releases/ROOT/v6.20.06-3f7fd/x86_64-centos7-gcc8-opt/lib/ProofBench.pcm
2abe182e1000-2abe1836d000 r--p 00000000 00:37 5289                       /cvmfs/sft.cern.ch/lcg/releases/ROOT/v6.20.06-3f7fd/x86_64-centos7-gcc8-opt/lib/Unfold.pcm
2abe1836d000-2abe183d8000 r--p 00000000 00:37 5070                       /cvmfs/sft.cern.ch/lcg/releases/ROOT/v6.20.06-3f7fd/x86_64-centos7-gcc8-opt/lib/RHTTPSniff.pcm
2abe183e1000-2abe187d5000 r--p 00000000 00:37 5263                       /cvmfs/sft.cern.ch/lcg/releases/ROOT/v6.20.06-3f7fd/x86_64-centos7-gcc8-opt/lib/_Builtin_intrinsics.pcm
2abe187d5000-2abe18886000 r--p 00000000 00:37 5266                       /cvmfs/sft.cern.ch/lcg/releases/ROOT/v6.20.06-3f7fd/x86_64-centos7-gcc8-opt/lib/ROOT_Foundation_Stage1_NoRTTI.pcm
2abe18886000-2abe191af000 r--p 00000000 00:37 5316                       /cvmfs/sft.cern.ch/lcg/releases/ROOT/v6.20.06-3f7fd/x86_64-centos7-gcc8-opt/lib/Core.pcm
2abe191af000-2abe192d7000 r--p 00000000 00:37 5449                       /cvmfs/sft.cern.ch/lcg/releases/ROOT/v6.20.06-3f7fd/x86_64-centos7-gcc8-opt/lib/Gdml.pcm
2abe192d7000-2abe19434000 r--p 00000000 00:37 4767                       /cvmfs/sft.cern.ch/lcg/releases/ROOT/v6.20.06-3f7fd/x86_64-centos7-gcc8-opt/lib/WebGui6.pcm
2abe19453000-2abe19731000 r--p 00000000 00:37 5350                       /cvmfs/sft.cern.ch/lcg/releases/ROOT/v6.20.06-3f7fd/x86_64-centos7-gcc8-opt/lib/RIO.pcm
2abe19731000-2abe198c1000 r--p 00000000 00:37 5380                       /cvmfs/sft.cern.ch/lcg/releases/ROOT/v6.20.06-3f7fd/x86_64-centos7-gcc8-opt/lib/Thread.pcm
2abe198c1000-2abe19d06000 r--p 00000000 00:37 5298                       /cvmfs/sft.cern.ch/lcg/releases/ROOT/v6.20.06-3f7fd/x86_64-centos7-gcc8-opt/lib/Hist.pcm
2abe19d06000-2abe1a4f6000 r--p 00000000 00:37 5504                       /cvmfs/sft.cern.ch/lcg/releases/ROOT/v6.20.06-3f7fd/x86_64-centos7-gcc8-opt/lib/MathCore.pcm
2abe1a4f6000-2abe1a5bb000 r--p 00000000 00:37 5373                       /cvmfs/sft.cern.ch/lcg/releases/ROOT/v6.20.06-3f7fd/x86_64-centos7-gcc8-opt/lib/Imt.pcm
2abe1a5bb000-2abe1a736000 r--p 00000000 00:37 5335                       /cvmfs/sft.cern.ch/lcg/releases/ROOT/v6.20.06-3f7fd/x86_64-centos7-gcc8-opt/lib/Matrix.pcm
2abe1a736000-2abe1a7ac000 r--p 00000000 00:37 5400                       /cvmfs/sft.cern.ch/lcg/releases/ROOT/v6.20.06-3f7fd/x86_64-centos7-gcc8-opt/lib/XMLParser.pcm
2abe1a7ac000-2abe1a8d9000 r--p 00000000 00:37 4760                       /cvmfs/sft.cern.ch/lcg/releases/ROOT/v6.20.06-3f7fd/x86_64-centos7-gcc8-opt/lib/RHTTP.pcm
2abe1a8d9000-2abe1a97d000 r--p 00000000 00:37 5057                       /cvmfs/sft.cern.ch/lcg/releases/ROOT/v6.20.06-3f7fd/x86_64-centos7-gcc8-opt/lib/FitPanel.pcm
2abe1a97d000-2abe1acaa000 r--p 00000000 00:37 5377                       /cvmfs/sft.cern.ch/lcg/releases/ROOT/v6.20.06-3f7fd/x86_64-centos7-gcc8-opt/lib/Gui.pcm
2abe1acaa000-2abe1ada5000 r--p 00000000 00:37 4757                       /cvmfs/sft.cern.ch/lcg/releases/ROOT/v6.20.06-3f7fd/x86_64-centos7-gcc8-opt/lib/Graf.pcm
2abe1ada5000-2abe1b03e000 r--p 00000000 00:37 5595                       /cvmfs/sft.cern.ch/lcg/releases/ROOT/v6.20.06-3f7fd/x86_64-centos7-gcc8-opt/lib/ROOTVecOps.pcm
2abe1b03e000-2abe1b0d4000 r--p 00000000 00:37 5282                       /cvmfs/sft.cern.ch/lcg/releases/ROOT/v6.20.06-3f7fd/x86_64-centos7-gcc8-opt/lib/RDAVIX.pcm
2abe1b0d4000-2abe1b1bf000 r--p 00000000 00:37 5323                       /cvmfs/sft.cern.ch/lcg/releases/ROOT/v6.20.06-3f7fd/x86_64-centos7-gcc8-opt/lib/RMySQL.pcm
2abe1b1bf000-2abe1b2ca000 r--p 00000000 00:37 5288                       /cvmfs/sft.cern.ch/lcg/releases/ROOT/v6.20.06-3f7fd/x86_64-centos7-gcc8-opt/lib/Net.pcm
2abe1b2ca000-2abe1b337000 r--p 00000000 00:37 5313                       /cvmfs/sft.cern.ch/lcg/releases/ROOT/v6.20.06-3f7fd/x86_64-centos7-gcc8-opt/lib/GFAL.pcm
2abe1b36c000-2abe1b423000 r--p 00000000 00:37 5531                       /cvmfs/sft.cern.ch/lcg/releases/ROOT/v6.20.06-3f7fd/x86_64-centos7-gcc8-opt/lib/Physics.pcm
2abe1b423000-2abe1b49c000 r--p 00000000 00:37 5514                       /cvmfs/sft.cern.ch/lcg/releases/ROOT/v6.20.06-3f7fd/x86_64-centos7-gcc8-opt/lib/Genetic.pcm
2abe1b49c000-2abe1b6fe000 r--p 00000000 00:37 5387                       /cvmfs/sft.cern.ch/lcg/releases/ROOT/v6.20.06-3f7fd/x86_64-centos7-gcc8-opt/lib/Tree.pcm
2abe1b6fe000-2abe1b772000 r--p 00000000 00:37 5348                       /cvmfs/sft.cern.ch/lcg/releases/ROOT/v6.20.06-3f7fd/x86_64-centos7-gcc8-opt/lib/DCache.pcm
2abe1b772000-2abe1b843000 r--p 00000000 00:37 5366                       /cvmfs/sft.cern.ch/lcg/releases/ROOT/v6.20.06-3f7fd/x86_64-centos7-gcc8-opt/lib/Gpad.pcm
2abe1b843000-2abe1bd23000 r--p 00000000 00:37 5341                       /cvmfs/sft.cern.ch/lcg/releases/ROOT/v6.20.06-3f7fd/x86_64-centos7-gcc8-opt/lib/RGL.pcm
2abe1bd23000-2abe1be12000 r--p 00000000 00:37 5425                       /cvmfs/sft.cern.ch/lcg/releases/ROOT/v6.20.06-3f7fd/x86_64-centos7-gcc8-opt/lib/Ged.pcm
2abe1be12000-2abe1be7a000 r--p 00000000 00:37 5386                       /cvmfs/sft.cern.ch/lcg/releases/ROOT/v6.20.06-3f7fd/x86_64-centos7-gcc8-opt/lib/RCsg.pcm
2abe1be7a000-2abe1c39e000 r--p 00000000 00:37 5396                       /cvmfs/sft.cern.ch/lcg/releases/ROOT/v6.20.06-3f7fd/x86_64-centos7-gcc8-opt/lib/ROOTEve.pcm
2abe1c39e000-2abe1c690000 r--p 00000000 00:37 5285                       /cvmfs/sft.cern.ch/lcg/releases/ROOT/v6.20.06-3f7fd/x86_64-centos7-gcc8-opt/lib/Geom.pcm
2abe1c690000-2abe1c81c000 r--p 00000000 00:37 5338                       /cvmfs/sft.cern.ch/lcg/releases/ROOT/v6.20.06-3f7fd/x86_64-centos7-gcc8-opt/lib/ROOTWebDisplay.pcm
2abe1c81c000-2abe1c8af000 r--p 00000000 00:37 5037                       /cvmfs/sft.cern.ch/lcg/releases/ROOT/v6.20.06-3f7fd/x86_64-centos7-gcc8-opt/lib/EG.pcm
2abe1c8af000-2abe1c982000 r--p 00000000 00:37 5376                       /cvmfs/sft.cern.ch/lcg/releases/ROOT/v6.20.06-3f7fd/x86_64-centos7-gcc8-opt/lib/Graf3d.pcm
2abe1c982000-2abe1c9e3000 rw-p 00000000 00:00 0 
2abe1c9e3000-2abe1cd6a000 r--p 00000000 00:37 5002                       /cvmfs/sft.cern.ch/lcg/releases/ROOT/v6.20.06-3f7fd/x86_64-centos7-gcc8-opt/lib/TreePlayer.pcm
2abe1cd6a000-2abe1ce7b000 r--p 00000000 00:37 5269                       /cvmfs/sft.cern.ch/lcg/releases/ROOT/v6.20.06-3f7fd/x86_64-centos7-gcc8-opt/lib/MultiProc.pcm
2abe1ce7b000-2abe1cee8000 r--p 00000000 00:37 5393                       /cvmfs/sft.cern.ch/lcg/releases/ROOT/v6.20.06-3f7fd/x86_64-centos7-gcc8-opt/lib/SPlot.pcm
2abe1cee8000-2abe1cf5a000 r--p 00000000 00:37 5343                       /cvmfs/sft.cern.ch/lcg/releases/ROOT/v6.20.06-3f7fd/x86_64-centos7-gcc8-opt/lib/Hbook.pcm
2abe1cf5a000-2abe1d033000 r--p 00000000 00:37 5292                       /cvmfs/sft.cern.ch/lcg/releases/ROOT/v6.20.06-3f7fd/x86_64-centos7-gcc8-opt/lib/GeomBuilder.pcm
2abe1d033000-2abe1d0a4000 r--p 00000000 00:37 4873                       /cvmfs/sft.cern.ch/lcg/releases/ROOT/v6.20.06-3f7fd/x86_64-centos7-gcc8-opt/lib/Rint.pcm
2abe1d0a4000-2abe1d21e000 r--p 00000000 00:37 5317                       /cvmfs/sft.cern.ch/lcg/releases/ROOT/v6.20.06-3f7fd/x86_64-centos7-gcc8-opt/lib/Proof.pcm
2abe1d21e000-2abe1d2ab000 r--p 00000000 00:37 5361                       /cvmfs/sft.cern.ch/lcg/releases/ROOT/v6.20.06-3f7fd/x86_64-centos7-gcc8-opt/lib/Recorder.pcm
2abe1d2ab000-2abe1d338000 r--p 00000000 00:37 4753                       /cvmfs/sft.cern.ch/lcg/releases/ROOT/v6.20.06-3f7fd/x86_64-centos7-gcc8-opt/lib/GuiBld.pcm
2abe1d338000-2abe1d42d000 r--p 00000000 00:37 4758                       /cvmfs/sft.cern.ch/lcg/releases/ROOT/v6.20.06-3f7fd/x86_64-centos7-gcc8-opt/lib/XMLIO.pcm
2abe1d42d000-2abe1d49b000 r--p 00000000 00:37 5495                       /cvmfs/sft.cern.ch/lcg/releases/ROOT/v6.20.06-3f7fd/x86_64-centos7-gcc8-opt/lib/GX11TTF.pcm
2abe1d49b000-2abe1d512000 r--p 00000000 00:37 5352                       /cvmfs/sft.cern.ch/lcg/releases/ROOT/v6.20.06-3f7fd/x86_64-centos7-gcc8-opt/lib/GX11.pcm
2abe1d512000-2abe1d5d3000 r--p 00000000 00:37 5325                       /cvmfs/sft.cern.ch/lcg/releases/ROOT/v6.20.06-3f7fd/x86_64-centos7-gcc8-opt/lib/ProofPlayer.pcm
2abe1d5d3000-2abe1d94f000 r--p 00000000 00:37 5337                       /cvmfs/sft.cern.ch/lcg/releases/ROOT/v6.20.06-3f7fd/x86_64-centos7-gcc8-opt/lib/ROOTHistDraw.pcm
2abe1d94f000-2abe1deab000 r--p 00000000 00:37 7523                       /cvmfs/sft.cern.ch/lcg/releases/ROOT/v6.20.06-3f7fd/x86_64-centos7-gcc8-opt/lib/ROOTGpadv7.pcm
2abe1deab000-2abe1e141000 r--p 00000000 00:37 5244                       /cvmfs/sft.cern.ch/lcg/releases/ROOT/v6.20.06-3f7fd/x86_64-centos7-gcc8-opt/lib/ROOTHist.pcm
2abe1e141000-2abe1e271000 r--p 00000000 00:37 5328                       /cvmfs/sft.cern.ch/lcg/releases/ROOT/v6.20.06-3f7fd/x86_64-centos7-gcc8-opt/lib/MathMore.pcm
2abe1e271000-2abe1e2e4000 r--p 00000000 00:37 4973                       /cvmfs/sft.cern.ch/lcg/releases/ROOT/v6.20.06-3f7fd/x86_64-centos7-gcc8-opt/lib/Netx.pcm
2abe1e2e4000-2abe1e355000 r--p 00000000 00:37 6455                       /cvmfs/sft.cern.ch/lcg/releases/ROOT/v6.20.06-3f7fd/x86_64-centos7-gcc8-opt/lib/SpectrumPainter.pcm
2abe1e355000-2abe1e3df000 r--p 00000000 00:37 5321                       /cvmfs/sft.cern.ch/lcg/releases/ROOT/v6.20.06-3f7fd/x86_64-centos7-gcc8-opt/lib/NetxNG.pcm
2abe1e3df000-2abe1e46a000 r--p 00000000 00:37 5265                       /cvmfs/sft.cern.ch/lcg/releases/ROOT/v6.20.06-3f7fd/x86_64-centos7-gcc8-opt/lib/Minuit.pcm
2abe1e46a000-2abe1f44b000 r--p 00000000 00:37 5273                       /cvmfs/sft.cern.ch/lcg/releases/ROOT/v6.20.06-3f7fd/x86_64-centos7-gcc8-opt/lib/TMVA.pcm
2abe1f44b000-2abe1ff99000 r--p 00000000 00:37 5513                       /cvmfs/sft.cern.ch/lcg/releases/ROOT/v6.20.06-3f7fd/x86_64-centos7-gcc8-opt/lib/ROOTDataFrame.pcm
2abe1ff99000-2abe2009a000 rw-p 00000000 00:00 0 
2abe2009a000-2abe205e1000 rw-p 00000000 00:00 0 
2abe205e1000-2abe206f3000 r--p 00000000 00:37 5368                       /cvmfs/sft.cern.ch/lcg/releases/ROOT/v6.20.06-3f7fd/x86_64-centos7-gcc8-opt/lib/ROOTFitPanelv7.pcm
2abe206f3000-2abe209aa000 r--p 00000000 00:37 5383                       /cvmfs/sft.cern.ch/lcg/releases/ROOT/v6.20.06-3f7fd/x86_64-centos7-gcc8-opt/lib/Smatrix.pcm
2abe209aa000-2abe20a2e000 r--p 00000000 00:37 5043                       /cvmfs/sft.cern.ch/lcg/releases/ROOT/v6.20.06-3f7fd/x86_64-centos7-gcc8-opt/lib/PyROOT.pcm
2abe20a2e000-2abe20ad5000 r--p 00000000 00:37 5395                       /cvmfs/sft.cern.ch/lcg/releases/ROOT/v6.20.06-3f7fd/x86_64-centos7-gcc8-opt/lib/SessionViewer.pcm
2abe20ad5000-2abe20b64000 r--p 00000000 00:37 4822                       /cvmfs/sft.cern.ch/lcg/releases/ROOT/v6.20.06-3f7fd/x86_64-centos7-gcc8-opt/lib/PyMVA.pcm
2abe20b64000-2abe20bef000 r--p 00000000 00:37 5345                       /cvmfs/sft.cern.ch/lcg/releases/ROOT/v6.20.06-3f7fd/x86_64-centos7-gcc8-opt/lib/HistPainter.pcm
2abe20bef000-2abe20cbc000 r--p 00000000 00:37 5452                       /cvmfs/sft.cern.ch/lcg/releases/ROOT/v6.20.06-3f7fd/x86_64-centos7-gcc8-opt/lib/ProofDraw.pcm
2abe20cbc000-2abe20d68000 r--p 00000000 00:37 5277                       /cvmfs/sft.cern.ch/lcg/releases/ROOT/v6.20.06-3f7fd/x86_64-centos7-gcc8-opt/lib/Unuran.pcm
2abe20d68000-2abe20dff000 r--p 00000000 00:37 5319                       /cvmfs/sft.cern.ch/lcg/releases/ROOT/v6.20.06-3f7fd/x86_64-centos7-gcc8-opt/lib/Quadp.pcm
2abe20dff000-2abe21316000 r--p 00000000 00:37 5492                       /cvmfs/sft.cern.ch/lcg/releases/ROOT/v6.20.06-3f7fd/x86_64-centos7-gcc8-opt/lib/Eve.pcm
2abe21316000-2abe213c5000 r--p 00000000 00:37 5862                       /cvmfs/sft.cern.ch/lcg/releases/ROOT/v6.20.06-3f7fd/x86_64-centos7-gcc8-opt/lib/TreeViewer.pcm
2abe213c5000-2abe21448000 r--p 00000000 00:37 5308                       /cvmfs/sft.cern.ch/lcg/releases/ROOT/v6.20.06-3f7fd/x86_64-centos7-gcc8-opt/lib/GeomPainter.pcm
2abe21448000-2abe21ad0000 r--p 00000000 00:37 5291                       /cvmfs/sft.cern.ch/lcg/releases/ROOT/v6.20.06-3f7fd/x86_64-centos7-gcc8-opt/lib/ROOTNTuple.pcm
2abe21ad0000-2abe21dcc000 r--p 00000000 00:37 5225                       /cvmfs/sft.cern.ch/lcg/releases/ROOT/v6.20.06-3f7fd/x86_64-centos7-gcc8-opt/lib/HistFactory.pcm
2abe21dcc000-2abe22ca2000 r--p 00000000 00:37 5401                       /cvmfs/sft.cern.ch/lcg/releases/ROOT/v6.20.06-3f7fd/x86_64-centos7-gcc8-opt/lib/RooFitCore.pcm
2abe22ca2000-2abe22d23000 r--p 00000000 00:37 5315                       /cvmfs/sft.cern.ch/lcg/releases/ROOT/v6.20.06-3f7fd/x86_64-centos7-gcc8-opt/lib/Foam.pcm
2abe22d23000-2abe22db3000 r--p 00000000 00:37 5389                       /cvmfs/sft.cern.ch/lcg/releases/ROOT/v6.20.06-3f7fd/x86_64-centos7-gcc8-opt/lib/Spectrum.pcm
2abe22db3000-2abe22e4c000 r--p 00000000 00:37 5399                       /cvmfs/sft.cern.ch/lcg/releases/ROOT/v6.20.06-3f7fd/x86_64-centos7-gcc8-opt/lib/GuiHtml.pcm
2abe22e4c000-2abe22ed5000 r--p 00000000 00:37 5446                       /cvmfs/sft.cern.ch/lcg/releases/ROOT/v6.20.06-3f7fd/x86_64-centos7-gcc8-opt/lib/Postscript.pcm
2abe22ed5000-2abe22f6c000 r--p 00000000 00:37 5367                       /cvmfs/sft.cern.ch/lcg/releases/ROOT/v6.20.06-3f7fd/x86_64-centos7-gcc8-opt/lib/TMVAGui.pcm
2abe22f6c000-2abe23117000 r--p 00000000 00:37 5421                       /cvmfs/sft.cern.ch/lcg/releases/ROOT/v6.20.06-3f7fd/x86_64-centos7-gcc8-opt/lib/Html.pcm
2abe23117000-2abe2318b000 r--p 00000000 00:37 5005                       /cvmfs/sft.cern.ch/lcg/releases/ROOT/v6.20.06-3f7fd/x86_64-centos7-gcc8-opt/lib/Fumili.pcm
2abe2318b000-2abe2320a000 r--p 00000000 00:37 5324                       /cvmfs/sft.cern.ch/lcg/releases/ROOT/v6.20.06-3f7fd/x86_64-centos7-gcc8-opt/lib/RooFitMore.pcm
2abe2320a000-2abe2327c000 r--p 00000000 00:37 5360                       /cvmfs/sft.cern.ch/lcg/releases/ROOT/v6.20.06-3f7fd/x86_64-centos7-gcc8-opt/lib/X3d.pcm
2abe2327c000-2abe23736000 r--p 00000000 00:37 5275                       /cvmfs/sft.cern.ch/lcg/releases/ROOT/v6.20.06-3f7fd/x86_64-centos7-gcc8-opt/lib/Oracle.pcm
2abe23736000-2abe23872000 rw-p 00000000 00:00 0 
2abe23872000-2abe245cc000 r--p 00000000 00:37 5297                       /cvmfs/sft.cern.ch/lcg/releases/ROOT/v6.20.06-3f7fd/x86_64-centos7-gcc8-opt/lib/RooFit.pcm
2abe245cc000-2abe24946000 r--p 00000000 00:37 5267                       /cvmfs/sft.cern.ch/lcg/releases/ROOT/v6.20.06-3f7fd/x86_64-centos7-gcc8-opt/lib/RooStats.pcm
2abe24946000-2abe249bb000 r--p 00000000 00:37 5283                       /cvmfs/sft.cern.ch/lcg/releases/ROOT/v6.20.06-3f7fd/x86_64-centos7-gcc8-opt/lib/FFTW.pcm
2abe249bb000-2abe24a5b000 r--p 00000000 00:37 8077                       /cvmfs/sft.cern.ch/lcg/releases/ROOT/v6.20.06-3f7fd/x86_64-centos7-gcc8-opt/lib/SQLIO.pcm
2abe24a5b000-2abe24ad6000 r--p 00000000 00:37 5310                       /cvmfs/sft.cern.ch/lcg/releases/ROOT/v6.20.06-3f7fd/x86_64-centos7-gcc8-opt/lib/ASImage.pcm
2abe24ad6000-2abe24b7d000 r--p 00000000 00:37 5309                       /cvmfs/sft.cern.ch/lcg/releases/ROOT/v6.20.06-3f7fd/x86_64-centos7-gcc8-opt/lib/Proofx.pcm
2abe24b7d000-2abe24e20000 r--p 00000000 00:37 5108                       /cvmfs/sft.cern.ch/lcg/releases/ROOT/v6.20.06-3f7fd/x86_64-centos7-gcc8-opt/lib/Minuit2.pcm
2abe24e20000-2abe24e9a000 r--p 00000000 00:37 5351                       /cvmfs/sft.cern.ch/lcg/releases/ROOT/v6.20.06-3f7fd/x86_64-centos7-gcc8-opt/lib/MLP.pcm
2abe24e9a000-2abe2513e000 r--p 00000000 00:37 5422                       /cvmfs/sft.cern.ch/lcg/releases/ROOT/v6.20.06-3f7fd/x86_64-centos7-gcc8-opt/lib/GenVector.pcm
2abe2513e000-2abe252e4000 r--p 00000000 00:37 5409                       /cvmfs/sft.cern.ch/lcg/releases/ROOT/v6.20.06-3f7fd/x86_64-centos7-gcc8-opt/lib/ROOTBrowserv7.pcm
2abe252e4000-2abe2535f000 r--p 00000000 00:37 5385                       /cvmfs/sft.cern.ch/lcg/releases/ROOT/v6.20.06-3f7fd/x86_64-centos7-gcc8-opt/lib/RootAuth.pcm
2abe2535f000-2abe253d0000 r--p 00000000 00:37 5318                       /cvmfs/sft.cern.ch/lcg/releases/ROOT/v6.20.06-3f7fd/x86_64-centos7-gcc8-opt/lib/ASImageGui.pcm
2abe253d0000-2abe25452000 r--p 00000000 00:37 5370                       /cvmfs/sft.cern.ch/lcg/releases/ROOT/v6.20.06-3f7fd/x86_64-centos7-gcc8-opt/lib/Gviz3d.pcm
2abe25452000-2abe254e8000 r--p 00000000 00:37 4871                       /cvmfs/sft.cern.ch/lcg/releases/ROOT/v6.20.06-3f7fd/x86_64-centos7-gcc8-opt/lib/ROOTGraphicsPrimitives.pcm
2abe254e8000-2abe25508000 r-xp 00000000 fd:00 3147229                    /usr/lib64/ld-2.17.so
2abe25508000-2abe25708000 ---p 00020000 fd:00 3147229                    /usr/lib64/ld-2.17.so
2abe25708000-2abe25709000 r--p 00020000 fd:00 3147229                    /usr/lib64/ld-2.17.so
2abe25709000-2abe2570a000 rw-p 00021000 fd:00 3147229                    /usr/lib64/ld-2.17.so
2abe2570a000-2abe2570b000 rw-p 00000000 00:00 0 
7ffd0f436000-7ffd0f45c000 rw-p 00000000 00:00 0                          [stack]
7ffd0f5ef000-7ffd0f5f1000 r-xp 00000000 00:00 0                          [vdso]
ffffffffff600000-ffffffffff601000 r-xp 00000000 00:00 0                  [vsyscall]
