Error in <TChain::SetBranchAddress>: unknown branch -> HLT_mb_sptrk_decision
Error in <TChain::SetBranchAddress>: unknown branch -> HLT_mb_sptrk_prescale
Error in <TTree::SetBranchStatus>: unknown branch -> HLT_mb_sptrk_decision
Error in <TTree::SetBranchStatus>: unknown branch -> HLT_mb_sptrk_prescale
Error in <TTree::SetBranchStatus>: unknown branch -> HLT_mb_sptrk_decision
Error in <TTree::SetBranchStatus>: unknown branch -> HLT_mb_sptrk_prescale
*** Error in `condor_exec.exe': double free or corruption (fasttop): 0x00000000009a0720 ***
======= Backtrace: =========
/usr/lib64/libc.so.6(+0x7c503)[0x2b1841916503]
/usr/lib64/libc.so.6(__cxa_finalize+0x9a)[0x2b18418d2dba]
/atlasgpfs01/usatlas/workarea/jeff/HadronYieldsAnalysis/lib/libJetHadronSkimmer.so(+0xa9a3)[0x2b18405bd9a3]
======= Memory map: ========
00400000-0040b000 r-xp 00000000 00:38 5086146                            /gpfs/mnt/atlasgpfs01/usatlas/workarea/jeff/HadronYieldsAnalysis/bin/run.exe
0060a000-0060b000 r--p 0000a000 00:38 5086146                            /gpfs/mnt/atlasgpfs01/usatlas/workarea/jeff/HadronYieldsAnalysis/bin/run.exe
0060b000-0060c000 rw-p 0000b000 00:38 5086146                            /gpfs/mnt/atlasgpfs01/usatlas/workarea/jeff/HadronYieldsAnalysis/bin/run.exe
0060c000-007dc000 rw-p 00000000 00:00 0 
008c6000-07896000 rw-p 00000000 00:00 0                                  [heap]
2b183b09b000-2b183b0bb000 r-xp 00000000 fd:00 2885162                    /usr/lib64/ld-2.17.so
2b183b0bb000-2b183b11c000 rw-p 00000000 00:00 0 
2b183b14c000-2b183b21b000 rw-p 00000000 00:00 0 
2b183b24c000-2b183b29d000 rw-p 00000000 00:00 0 
2b183b29d000-2b183b2aa000 r--p 00000000 00:5f 5044                       /cvmfs/sft.cern.ch/lcg/releases/ROOT/v6.20.06-3f7fd/x86_64-centos7-gcc8-opt/lib/xlocale.h.pcm
2b183b2aa000-2b183b2b7000 r--p 00000000 00:5f 5506                       /cvmfs/sft.cern.ch/lcg/releases/ROOT/v6.20.06-3f7fd/x86_64-centos7-gcc8-opt/lib/_Builtin_stddef_max_align_t.pcm
2b183b2bb000-2b183b2bc000 r--p 00020000 fd:00 2885162                    /usr/lib64/ld-2.17.so
2b183b2bc000-2b183b2bd000 rw-p 00021000 fd:00 2885162                    /usr/lib64/ld-2.17.so
2b183b2bd000-2b183b2be000 rw-p 00000000 00:00 0 
2b183b2be000-2b183b71d000 r-xp 00000000 00:5f 5253                       /cvmfs/sft.cern.ch/lcg/releases/ROOT/v6.20.06-3f7fd/x86_64-centos7-gcc8-opt/lib/libGui.so
2b183b71d000-2b183b91d000 ---p 0045f000 00:5f 5253                       /cvmfs/sft.cern.ch/lcg/releases/ROOT/v6.20.06-3f7fd/x86_64-centos7-gcc8-opt/lib/libGui.so
2b183b91d000-2b183b969000 r--p 0045f000 00:5f 5253                       /cvmfs/sft.cern.ch/lcg/releases/ROOT/v6.20.06-3f7fd/x86_64-centos7-gcc8-opt/lib/libGui.so
2b183b969000-2b183b96e000 rw-p 004ab000 00:5f 5253                       /cvmfs/sft.cern.ch/lcg/releases/ROOT/v6.20.06-3f7fd/x86_64-centos7-gcc8-opt/lib/libGui.so
2b183b96e000-2b183b97f000 rw-p 00000000 00:00 0 
2b183b97f000-2b183be54000 r-xp 00000000 00:5f 5344                       /cvmfs/sft.cern.ch/lcg/releases/ROOT/v6.20.06-3f7fd/x86_64-centos7-gcc8-opt/lib/libCore.so
2b183be54000-2b183c053000 ---p 004d5000 00:5f 5344                       /cvmfs/sft.cern.ch/lcg/releases/ROOT/v6.20.06-3f7fd/x86_64-centos7-gcc8-opt/lib/libCore.so
2b183c053000-2b183c07d000 r--p 004d4000 00:5f 5344                       /cvmfs/sft.cern.ch/lcg/releases/ROOT/v6.20.06-3f7fd/x86_64-centos7-gcc8-opt/lib/libCore.so
2b183c07d000-2b183c083000 rw-p 004fe000 00:5f 5344                       /cvmfs/sft.cern.ch/lcg/releases/ROOT/v6.20.06-3f7fd/x86_64-centos7-gcc8-opt/lib/libCore.so
2b183c083000-2b183c0b7000 rw-p 00000000 00:00 0 
2b183c0b7000-2b183c0c5000 r-xp 00000000 00:5f 5293                       /cvmfs/sft.cern.ch/lcg/releases/ROOT/v6.20.06-3f7fd/x86_64-centos7-gcc8-opt/lib/libImt.so
2b183c0c5000-2b183c2c4000 ---p 0000e000 00:5f 5293                       /cvmfs/sft.cern.ch/lcg/releases/ROOT/v6.20.06-3f7fd/x86_64-centos7-gcc8-opt/lib/libImt.so
2b183c2c4000-2b183c2c5000 r--p 0000d000 00:5f 5293                       /cvmfs/sft.cern.ch/lcg/releases/ROOT/v6.20.06-3f7fd/x86_64-centos7-gcc8-opt/lib/libImt.so
2b183c2c5000-2b183c2c6000 rw-p 0000e000 00:5f 5293                       /cvmfs/sft.cern.ch/lcg/releases/ROOT/v6.20.06-3f7fd/x86_64-centos7-gcc8-opt/lib/libImt.so
2b183c2c6000-2b183c65a000 r-xp 00000000 00:5f 6317                       /cvmfs/sft.cern.ch/lcg/releases/ROOT/v6.20.06-3f7fd/x86_64-centos7-gcc8-opt/lib/libRIO.so
2b183c65a000-2b183c85a000 ---p 00394000 00:5f 6317                       /cvmfs/sft.cern.ch/lcg/releases/ROOT/v6.20.06-3f7fd/x86_64-centos7-gcc8-opt/lib/libRIO.so
2b183c85a000-2b183c867000 r--p 00394000 00:5f 6317                       /cvmfs/sft.cern.ch/lcg/releases/ROOT/v6.20.06-3f7fd/x86_64-centos7-gcc8-opt/lib/libRIO.so
2b183c867000-2b183c86a000 rw-p 003a1000 00:5f 6317                       /cvmfs/sft.cern.ch/lcg/releases/ROOT/v6.20.06-3f7fd/x86_64-centos7-gcc8-opt/lib/libRIO.so
2b183c86a000-2b183c86d000 rw-p 00000000 00:00 0 
2b183c86d000-2b183c938000 r-xp 00000000 00:5f 5545                       /cvmfs/sft.cern.ch/lcg/releases/ROOT/v6.20.06-3f7fd/x86_64-centos7-gcc8-opt/lib/libNet.so
2b183c938000-2b183cb37000 ---p 000cb000 00:5f 5545                       /cvmfs/sft.cern.ch/lcg/releases/ROOT/v6.20.06-3f7fd/x86_64-centos7-gcc8-opt/lib/libNet.so
2b183cb37000-2b183cb43000 r--p 000ca000 00:5f 5545                       /cvmfs/sft.cern.ch/lcg/releases/ROOT/v6.20.06-3f7fd/x86_64-centos7-gcc8-opt/lib/libNet.so
2b183cb43000-2b183cb45000 rw-p 000d6000 00:5f 5545                       /cvmfs/sft.cern.ch/lcg/releases/ROOT/v6.20.06-3f7fd/x86_64-centos7-gcc8-opt/lib/libNet.so
2b183cb45000-2b183cb4c000 rw-p 00000000 00:00 0 
2b183cb4c000-2b183cf09000 r-xp 00000000 00:5f 5454                       /cvmfs/sft.cern.ch/lcg/releases/ROOT/v6.20.06-3f7fd/x86_64-centos7-gcc8-opt/lib/libHist.so
2b183cf09000-2b183d108000 ---p 003bd000 00:5f 5454                       /cvmfs/sft.cern.ch/lcg/releases/ROOT/v6.20.06-3f7fd/x86_64-centos7-gcc8-opt/lib/libHist.so
2b183d108000-2b183d132000 r--p 003bc000 00:5f 5454                       /cvmfs/sft.cern.ch/lcg/releases/ROOT/v6.20.06-3f7fd/x86_64-centos7-gcc8-opt/lib/libHist.so
2b183d132000-2b183d136000 rw-p 003e6000 00:5f 5454                       /cvmfs/sft.cern.ch/lcg/releases/ROOT/v6.20.06-3f7fd/x86_64-centos7-gcc8-opt/lib/libHist.so
2b183d136000-2b183d141000 rw-p 00000000 00:00 0 
2b183d141000-2b183d28b000 r-xp 00000000 00:5f 5062                       /cvmfs/sft.cern.ch/lcg/releases/ROOT/v6.20.06-3f7fd/x86_64-centos7-gcc8-opt/lib/libGraf.so
2b183d28b000-2b183d48a000 ---p 0014a000 00:5f 5062                       /cvmfs/sft.cern.ch/lcg/releases/ROOT/v6.20.06-3f7fd/x86_64-centos7-gcc8-opt/lib/libGraf.so
2b183d48a000-2b183d498000 r--p 00149000 00:5f 5062                       /cvmfs/sft.cern.ch/lcg/releases/ROOT/v6.20.06-3f7fd/x86_64-centos7-gcc8-opt/lib/libGraf.so
2b183d498000-2b183d49c000 rw-p 00157000 00:5f 5062                       /cvmfs/sft.cern.ch/lcg/releases/ROOT/v6.20.06-3f7fd/x86_64-centos7-gcc8-opt/lib/libGraf.so
2b183d49c000-2b183d4aa000 rw-p 00000000 00:00 0 
2b183d4aa000-2b183d549000 r-xp 00000000 00:5f 5416                       /cvmfs/sft.cern.ch/lcg/releases/ROOT/v6.20.06-3f7fd/x86_64-centos7-gcc8-opt/lib/libGraf3d.so
2b183d549000-2b183d748000 ---p 0009f000 00:5f 5416                       /cvmfs/sft.cern.ch/lcg/releases/ROOT/v6.20.06-3f7fd/x86_64-centos7-gcc8-opt/lib/libGraf3d.so
2b183d748000-2b183d752000 r--p 0009e000 00:5f 5416                       /cvmfs/sft.cern.ch/lcg/releases/ROOT/v6.20.06-3f7fd/x86_64-centos7-gcc8-opt/lib/libGraf3d.so
2b183d752000-2b183d753000 rw-p 000a8000 00:5f 5416                       /cvmfs/sft.cern.ch/lcg/releases/ROOT/v6.20.06-3f7fd/x86_64-centos7-gcc8-opt/lib/libGraf3d.so
2b183d753000-2b183d757000 rw-p 00000000 00:00 0 
2b183d757000-2b183d832000 r-xp 00000000 00:5f 5089                       /cvmfs/sft.cern.ch/lcg/releases/ROOT/v6.20.06-3f7fd/x86_64-centos7-gcc8-opt/lib/libGpad.so
2b183d832000-2b183da31000 ---p 000db000 00:5f 5089                       /cvmfs/sft.cern.ch/lcg/releases/ROOT/v6.20.06-3f7fd/x86_64-centos7-gcc8-opt/lib/libGpad.so
2b183da31000-2b183da3b000 r--p 000da000 00:5f 5089                       /cvmfs/sft.cern.ch/lcg/releases/ROOT/v6.20.06-3f7fd/x86_64-centos7-gcc8-opt/lib/libGpad.so
2b183da3b000-2b183da3d000 rw-p 000e4000 00:5f 5089                       /cvmfs/sft.cern.ch/lcg/releases/ROOT/v6.20.06-3f7fd/x86_64-centos7-gcc8-opt/lib/libGpad.so
2b183da3d000-2b183da3e000 rw-p 00000000 00:00 0 
2b183da3e000-2b183db13000 r-xp 00000000 00:5f 5012                       /cvmfs/sft.cern.ch/lcg/releases/ROOT/v6.20.06-3f7fd/x86_64-centos7-gcc8-opt/lib/libROOTVecOps.so
2b183db13000-2b183dd12000 ---p 000d5000 00:5f 5012                       /cvmfs/sft.cern.ch/lcg/releases/ROOT/v6.20.06-3f7fd/x86_64-centos7-gcc8-opt/lib/libROOTVecOps.so
2b183dd12000-2b183dd14000 r--p 000d4000 00:5f 5012                       /cvmfs/sft.cern.ch/lcg/releases/ROOT/v6.20.06-3f7fd/x86_64-centos7-gcc8-opt/lib/libROOTVecOps.so
2b183dd14000-2b183dd15000 rw-p 000d6000 00:5f 5012                       /cvmfs/sft.cern.ch/lcg/releases/ROOT/v6.20.06-3f7fd/x86_64-centos7-gcc8-opt/lib/libROOTVecOps.so
2b183dd15000-2b183dd17000 rw-p 00000000 00:00 0 
2b183dd17000-2b183de81000 r-xp 00000000 00:5f 5467                       /cvmfs/sft.cern.ch/lcg/releases/ROOT/v6.20.06-3f7fd/x86_64-centos7-gcc8-opt/lib/libTree.so
2b183de81000-2b183e080000 ---p 0016a000 00:5f 5467                       /cvmfs/sft.cern.ch/lcg/releases/ROOT/v6.20.06-3f7fd/x86_64-centos7-gcc8-opt/lib/libTree.so
2b183e080000-2b183e090000 r--p 00169000 00:5f 5467                       /cvmfs/sft.cern.ch/lcg/releases/ROOT/v6.20.06-3f7fd/x86_64-centos7-gcc8-opt/lib/libTree.so
2b183e090000-2b183e093000 rw-p 00179000 00:5f 5467                       /cvmfs/sft.cern.ch/lcg/releases/ROOT/v6.20.06-3f7fd/x86_64-centos7-gcc8-opt/lib/libTree.so
2b183e093000-2b183e097000 rw-p 00000000 00:00 0 
2b183e097000-2b183e20b000 r-xp 00000000 00:5f 5262                       /cvmfs/sft.cern.ch/lcg/releases/ROOT/v6.20.06-3f7fd/x86_64-centos7-gcc8-opt/lib/libTreePlayer.so
2b183e20b000-2b183e40a000 ---p 00174000 00:5f 5262                       /cvmfs/sft.cern.ch/lcg/releases/ROOT/v6.20.06-3f7fd/x86_64-centos7-gcc8-opt/lib/libTreePlayer.so
2b183e40a000-2b183e415000 r--p 00173000 00:5f 5262                       /cvmfs/sft.cern.ch/lcg/releases/ROOT/v6.20.06-3f7fd/x86_64-centos7-gcc8-opt/lib/libTreePlayer.so
2b183e415000-2b183e417000 rw-p 0017e000 00:5f 5262                       /cvmfs/sft.cern.ch/lcg/releases/ROOT/v6.20.06-3f7fd/x86_64-centos7-gcc8-opt/lib/libTreePlayer.so
2b183e417000-2b183e41e000 rw-p 00000000 00:00 0 
2b183e41e000-2b183e445000 r-xp 00000000 00:5f 5074                       /cvmfs/sft.cern.ch/lcg/releases/ROOT/v6.20.06-3f7fd/x86_64-centos7-gcc8-opt/lib/libRint.so
2b183e445000-2b183e644000 ---p 00027000 00:5f 5074                       /cvmfs/sft.cern.ch/lcg/releases/ROOT/v6.20.06-3f7fd/x86_64-centos7-gcc8-opt/lib/libRint.so
2b183e644000-2b183e646000 r--p 00026000 00:5f 5074                       /cvmfs/sft.cern.ch/lcg/releases/ROOT/v6.20.06-3f7fd/x86_64-centos7-gcc8-opt/lib/libRint.so
2b183e646000-2b183e647000 rw-p 00028000 00:5f 5074                       /cvmfs/sft.cern.ch/lcg/releases/ROOT/v6.20.06-3f7fd/x86_64-centos7-gcc8-opt/lib/libRint.so
2b183e647000-2b183e6b6000 r-xp 00000000 00:5f 5439                       /cvmfs/sft.cern.ch/lcg/releases/ROOT/v6.20.06-3f7fd/x86_64-centos7-gcc8-opt/lib/libPostscript.so
2b183e6b6000-2b183e8b6000 ---p 0006f000 00:5f 5439                       /cvmfs/sft.cern.ch/lcg/releases/ROOT/v6.20.06-3f7fd/x86_64-centos7-gcc8-opt/lib/libPostscript.so
2b183e8b6000-2b183e8bd000 r--p 0006f000 00:5f 5439                       /cvmfs/sft.cern.ch/lcg/releases/ROOT/v6.20.06-3f7fd/x86_64-centos7-gcc8-opt/lib/libPostscript.so
2b183e8bd000-2b183e8be000 rw-p 00076000 00:5f 5439                       /cvmfs/sft.cern.ch/lcg/releases/ROOT/v6.20.06-3f7fd/x86_64-centos7-gcc8-opt/lib/libPostscript.so
2b183e8be000-2b183e8bf000 rw-p 00000000 00:00 0 
2b183e8bf000-2b183ea2a000 r-xp 00000000 00:5f 5481                       /cvmfs/sft.cern.ch/lcg/releases/ROOT/v6.20.06-3f7fd/x86_64-centos7-gcc8-opt/lib/libMatrix.so
2b183ea2a000-2b183ec29000 ---p 0016b000 00:5f 5481                       /cvmfs/sft.cern.ch/lcg/releases/ROOT/v6.20.06-3f7fd/x86_64-centos7-gcc8-opt/lib/libMatrix.so
2b183ec29000-2b183ec31000 r--p 0016a000 00:5f 5481                       /cvmfs/sft.cern.ch/lcg/releases/ROOT/v6.20.06-3f7fd/x86_64-centos7-gcc8-opt/lib/libMatrix.so
2b183ec31000-2b183ec33000 rw-p 00172000 00:5f 5481                       /cvmfs/sft.cern.ch/lcg/releases/ROOT/v6.20.06-3f7fd/x86_64-centos7-gcc8-opt/lib/libMatrix.so
2b183ec33000-2b183ec37000 rw-p 00000000 00:00 0 
2b183ec37000-2b183ec7f000 r-xp 00000000 00:5f 5097                       /cvmfs/sft.cern.ch/lcg/releases/ROOT/v6.20.06-3f7fd/x86_64-centos7-gcc8-opt/lib/libPhysics.so
2b183ec7f000-2b183ee7f000 ---p 00048000 00:5f 5097                       /cvmfs/sft.cern.ch/lcg/releases/ROOT/v6.20.06-3f7fd/x86_64-centos7-gcc8-opt/lib/libPhysics.so
2b183ee7f000-2b183ee82000 r--p 00048000 00:5f 5097                       /cvmfs/sft.cern.ch/lcg/releases/ROOT/v6.20.06-3f7fd/x86_64-centos7-gcc8-opt/lib/libPhysics.so
2b183ee82000-2b183ee83000 rw-p 0004b000 00:5f 5097                       /cvmfs/sft.cern.ch/lcg/releases/ROOT/v6.20.06-3f7fd/x86_64-centos7-gcc8-opt/lib/libPhysics.so
2b183ee83000-2b183ee84000 rw-p 00000000 00:00 0 
2b183ee84000-2b183f081000 r-xp 00000000 00:5f 4860                       /cvmfs/sft.cern.ch/lcg/releases/ROOT/v6.20.06-3f7fd/x86_64-centos7-gcc8-opt/lib/libMathCore.so
2b183f081000-2b183f281000 ---p 001fd000 00:5f 4860                       /cvmfs/sft.cern.ch/lcg/releases/ROOT/v6.20.06-3f7fd/x86_64-centos7-gcc8-opt/lib/libMathCore.so
2b183f281000-2b183f28b000 r--p 001fd000 00:5f 4860                       /cvmfs/sft.cern.ch/lcg/releases/ROOT/v6.20.06-3f7fd/x86_64-centos7-gcc8-opt/lib/libMathCore.so
2b183f28b000-2b183f28e000 rw-p 00207000 00:5f 4860                       /cvmfs/sft.cern.ch/lcg/releases/ROOT/v6.20.06-3f7fd/x86_64-centos7-gcc8-opt/lib/libMathCore.so
2b183f28e000-2b183f297000 rw-p 00000000 00:00 0 
2b183f297000-2b183f2e6000 r-xp 00000000 00:5f 5100                       /cvmfs/sft.cern.ch/lcg/releases/ROOT/v6.20.06-3f7fd/x86_64-centos7-gcc8-opt/lib/libThread.so
2b183f2e6000-2b183f4e5000 ---p 0004f000 00:5f 5100                       /cvmfs/sft.cern.ch/lcg/releases/ROOT/v6.20.06-3f7fd/x86_64-centos7-gcc8-opt/lib/libThread.so
2b183f4e5000-2b183f4e9000 r--p 0004e000 00:5f 5100                       /cvmfs/sft.cern.ch/lcg/releases/ROOT/v6.20.06-3f7fd/x86_64-centos7-gcc8-opt/lib/libThread.so
2b183f4e9000-2b183f4ea000 rw-p 00052000 00:5f 5100                       /cvmfs/sft.cern.ch/lcg/releases/ROOT/v6.20.06-3f7fd/x86_64-centos7-gcc8-opt/lib/libThread.so
2b183f4ea000-2b183f4ec000 rw-p 00000000 00:00 0 
2b183f4ec000-2b183f4f8000 r-xp 00000000 00:5f 5320                       /cvmfs/sft.cern.ch/lcg/releases/ROOT/v6.20.06-3f7fd/x86_64-centos7-gcc8-opt/lib/libMultiProc.so
2b183f4f8000-2b183f6f7000 ---p 0000c000 00:5f 5320                       /cvmfs/sft.cern.ch/lcg/releases/ROOT/v6.20.06-3f7fd/x86_64-centos7-gcc8-opt/lib/libMultiProc.so
2b183f6f7000-2b183f6f8000 r--p 0000b000 00:5f 5320                       /cvmfs/sft.cern.ch/lcg/releases/ROOT/v6.20.06-3f7fd/x86_64-centos7-gcc8-opt/lib/libMultiProc.so
2b183f6f8000-2b183f6f9000 rw-p 0000c000 00:5f 5320                       /cvmfs/sft.cern.ch/lcg/releases/ROOT/v6.20.06-3f7fd/x86_64-centos7-gcc8-opt/lib/libMultiProc.so
2b183f6f9000-2b183f7ab000 r-xp 00000000 00:5f 5105                       /cvmfs/sft.cern.ch/lcg/releases/ROOT/v6.20.06-3f7fd/x86_64-centos7-gcc8-opt/lib/libROOTDataFrame.so
2b183f7ab000-2b183f9ab000 ---p 000b2000 00:5f 5105                       /cvmfs/sft.cern.ch/lcg/releases/ROOT/v6.20.06-3f7fd/x86_64-centos7-gcc8-opt/lib/libROOTDataFrame.so
2b183f9ab000-2b183f9ae000 r--p 000b2000 00:5f 5105                       /cvmfs/sft.cern.ch/lcg/releases/ROOT/v6.20.06-3f7fd/x86_64-centos7-gcc8-opt/lib/libROOTDataFrame.so
2b183f9ae000-2b183f9b0000 rw-p 000b5000 00:5f 5105                       /cvmfs/sft.cern.ch/lcg/releases/ROOT/v6.20.06-3f7fd/x86_64-centos7-gcc8-opt/lib/libROOTDataFrame.so
2b183f9b0000-2b183f9b3000 rw-p 00000000 00:00 0 
2b183f9b3000-2b183f9b5000 r-xp 00000000 fd:00 2885175                    /usr/lib64/libdl-2.17.so
2b183f9b5000-2b183fbb5000 ---p 00002000 fd:00 2885175                    /usr/lib64/libdl-2.17.so
2b183fbb5000-2b183fbb6000 r--p 00002000 fd:00 2885175                    /usr/lib64/libdl-2.17.so
2b183fbb6000-2b183fbb7000 rw-p 00003000 fd:00 2885175                    /usr/lib64/libdl-2.17.so
2b183fbb7000-2b183fbc6000 r-xp 00000000 00:5e 3362007893                 /direct/usatlas+u/jeff/RootUtilities/lib/libUtilities.so
2b183fbc6000-2b183fdc5000 ---p 0000f000 00:5e 3362007893                 /direct/usatlas+u/jeff/RootUtilities/lib/libUtilities.so
2b183fdc5000-2b183fdc6000 r--p 0000e000 00:5e 3362007893                 /direct/usatlas+u/jeff/RootUtilities/lib/libUtilities.so
2b183fdc6000-2b183fdc7000 rw-p 0000f000 00:5e 3362007893                 /direct/usatlas+u/jeff/RootUtilities/lib/libUtilities.so
2b183fdc7000-2b183fdcf000 r-xp 00000000 00:38 56323298                   /gpfs/mnt/atlasgpfs01/usatlas/workarea/jeff/atlas-hi/lib/libAtlasUtils.so
2b183fdcf000-2b183ffce000 ---p 00008000 00:38 56323298                   /gpfs/mnt/atlasgpfs01/usatlas/workarea/jeff/atlas-hi/lib/libAtlasUtils.so
2b183ffce000-2b183ffcf000 r--p 00007000 00:38 56323298                   /gpfs/mnt/atlasgpfs01/usatlas/workarea/jeff/atlas-hi/lib/libAtlasUtils.so
2b183ffcf000-2b183ffd0000 rw-p 00008000 00:38 56323298                   /gpfs/mnt/atlasgpfs01/usatlas/workarea/jeff/atlas-hi/lib/libAtlasUtils.so
2b183ffd0000-2b183ffd2000 r-xp 00000000 00:38 56323256                   /gpfs/mnt/atlasgpfs01/usatlas/workarea/jeff/atlas-hi/lib/libAtlasStyle.so
2b183ffd2000-2b18401d1000 ---p 00002000 00:38 56323256                   /gpfs/mnt/atlasgpfs01/usatlas/workarea/jeff/atlas-hi/lib/libAtlasStyle.so
2b18401d1000-2b18401d2000 r--p 00001000 00:38 56323256                   /gpfs/mnt/atlasgpfs01/usatlas/workarea/jeff/atlas-hi/lib/libAtlasStyle.so
2b18401d2000-2b18401d3000 rw-p 00002000 00:38 56323256                   /gpfs/mnt/atlasgpfs01/usatlas/workarea/jeff/atlas-hi/lib/libAtlasStyle.so
2b18401d3000-2b18401e2000 r-xp 00000000 00:38 5086140                    /gpfs/mnt/atlasgpfs01/usatlas/workarea/jeff/HadronYieldsAnalysis/lib/libLocalUtilities.so
2b18401e2000-2b18403e1000 ---p 0000f000 00:38 5086140                    /gpfs/mnt/atlasgpfs01/usatlas/workarea/jeff/HadronYieldsAnalysis/lib/libLocalUtilities.so
2b18403e1000-2b18403e2000 r--p 0000e000 00:38 5086140                    /gpfs/mnt/atlasgpfs01/usatlas/workarea/jeff/HadronYieldsAnalysis/lib/libLocalUtilities.so
2b18403e2000-2b18403e3000 rw-p 0000f000 00:38 5086140                    /gpfs/mnt/atlasgpfs01/usatlas/workarea/jeff/HadronYieldsAnalysis/lib/libLocalUtilities.so
2b18403e3000-2b18405b3000 rw-p 00000000 00:00 0 
2b18405b3000-2b18405c5000 r-xp 00000000 00:38 5086138                    /gpfs/mnt/atlasgpfs01/usatlas/workarea/jeff/HadronYieldsAnalysis/lib/libJetHadronSkimmer.so
2b18405c5000-2b18407c5000 ---p 00012000 00:38 5086138                    /gpfs/mnt/atlasgpfs01/usatlas/workarea/jeff/HadronYieldsAnalysis/lib/libJetHadronSkimmer.so
2b18407c5000-2b18407c6000 r--p 00012000 00:38 5086138                    /gpfs/mnt/atlasgpfs01/usatlas/workarea/jeff/HadronYieldsAnalysis/lib/libJetHadronSkimmer.so
2b18407c6000-2b18407c7000 rw-p 00013000 00:38 5086138                    /gpfs/mnt/atlasgpfs01/usatlas/workarea/jeff/HadronYieldsAnalysis/lib/libJetHadronSkimmer.so
2b18407c7000-2b18409fb000 rw-p 00000000 00:00 0 
2b18409fb000-2b1840a09000 r-xp 00000000 00:38 5086141                    /gpfs/mnt/atlasgpfs01/usatlas/workarea/jeff/HadronYieldsAnalysis/lib/libZDCAnalysis.so
2b1840a09000-2b1840c09000 ---p 0000e000 00:38 5086141                    /gpfs/mnt/atlasgpfs01/usatlas/workarea/jeff/HadronYieldsAnalysis/lib/libZDCAnalysis.so
2b1840c09000-2b1840c0a000 r--p 0000e000 00:38 5086141                    /gpfs/mnt/atlasgpfs01/usatlas/workarea/jeff/HadronYieldsAnalysis/lib/libZDCAnalysis.so
2b1840c0a000-2b1840c0b000 rw-p 0000f000 00:38 5086141                    /gpfs/mnt/atlasgpfs01/usatlas/workarea/jeff/HadronYieldsAnalysis/lib/libZDCAnalysis.so
2b1840c0b000-2b1840ddb000 rw-p 00000000 00:00 0 
2b1840ddb000-2b1840f54000 r-xp 00000000 00:5f 368335                     /cvmfs/sft.cern.ch/lcg/releases/gcc/8.3.0-cebb0/x86_64-centos7/lib64/libstdc++.so.6.0.25
2b1840f54000-2b1841154000 ---p 00179000 00:5f 368335                     /cvmfs/sft.cern.ch/lcg/releases/gcc/8.3.0-cebb0/x86_64-centos7/lib64/libstdc++.so.6.0.25
2b1841154000-2b184115e000 r--p 00179000 00:5f 368335                     /cvmfs/sft.cern.ch/lcg/releases/gcc/8.3.0-cebb0/x86_64-centos7/lib64/libstdc++.so.6.0.25
2b184115e000-2b1841160000 rw-p 00183000 00:5f 368335                     /cvmfs/sft.cern.ch/lcg/releases/gcc/8.3.0-cebb0/x86_64-centos7/lib64/libstdc++.so.6.0.25
2b1841160000-2b1841164000 rw-p 00000000 00:00 0 
2b1841164000-2b1841264000 r-xp 00000000 fd:00 2885177                    /usr/lib64/libm-2.17.so
2b1841264000-2b1841464000 ---p 00100000 fd:00 2885177                    /usr/lib64/libm-2.17.so
2b1841464000-2b1841465000 r--p 00100000 fd:00 2885177                    /usr/lib64/libm-2.17.so
2b1841465000-2b1841466000 rw-p 00101000 fd:00 2885177                    /usr/lib64/libm-2.17.so
2b1841466000-2b184147d000 r-xp 00000000 00:5f 368161                     /cvmfs/sft.cern.ch/lcg/releases/gcc/8.3.0-cebb0/x86_64-centos7/lib64/libgcc_s.so.1
2b184147d000-2b184167c000 ---p 00017000 00:5f 368161                     /cvmfs/sft.cern.ch/lcg/releases/gcc/8.3.0-cebb0/x86_64-centos7/lib64/libgcc_s.so.1
2b184167c000-2b184167d000 r--p 00016000 00:5f 368161                     /cvmfs/sft.cern.ch/lcg/releases/gcc/8.3.0-cebb0/x86_64-centos7/lib64/libgcc_s.so.1
2b184167d000-2b184167e000 rw-p 00017000 00:5f 368161                     /cvmfs/sft.cern.ch/lcg/releases/gcc/8.3.0-cebb0/x86_64-centos7/lib64/libgcc_s.so.1
2b184167e000-2b1841695000 r-xp 00000000 fd:00 2885195                    /usr/lib64/libpthread-2.17.so
2b1841695000-2b1841894000 ---p 00017000 fd:00 2885195                    /usr/lib64/libpthread-2.17.so
2b1841894000-2b1841895000 r--p 00016000 fd:00 2885195                    /usr/lib64/libpthread-2.17.so
2b1841895000-2b1841896000 rw-p 00017000 fd:00 2885195                    /usr/lib64/libpthread-2.17.so
2b1841896000-2b184189a000 rw-p 00000000 00:00 0 
2b184189a000-2b1841a51000 r-xp 00000000 fd:00 2885169                    /usr/lib64/libc-2.17.so
2b1841a51000-2b1841c50000 ---p 001b7000 fd:00 2885169                    /usr/lib64/libc-2.17.so
2b1841c50000-2b1841c54000 r--p 001b6000 fd:00 2885169                    /usr/lib64/libc-2.17.so
2b1841c54000-2b1841c56000 rw-p 001ba000 fd:00 2885169                    /usr/lib64/libc-2.17.so
2b1841c56000-2b1841c5b000 rw-p 00000000 00:00 0 
2b1841c5b000-2b1841c80000 r-xp 00000000 fd:00 2885414                    /usr/lib64/liblzma.so.5.2.2
2b1841c80000-2b1841e7f000 ---p 00025000 fd:00 2885414                    /usr/lib64/liblzma.so.5.2.2
2b1841e7f000-2b1841e80000 r--p 00024000 fd:00 2885414                    /usr/lib64/liblzma.so.5.2.2
2b1841e80000-2b1841e81000 rw-p 00025000 fd:00 2885414                    /usr/lib64/liblzma.so.5.2.2
2b1841e81000-2b1841e9a000 r-xp 00000000 00:5f 349771                     /cvmfs/sft.cern.ch/lcg/releases/zlib/1.2.11-da225/x86_64-centos7-gcc8-opt/lib/libz.so.1.2.11
2b1841e9a000-2b1842099000 ---p 00019000 00:5f 349771                     /cvmfs/sft.cern.ch/lcg/releases/zlib/1.2.11-da225/x86_64-centos7-gcc8-opt/lib/libz.so.1.2.11
2b1842099000-2b184209a000 r--p 00018000 00:5f 349771                     /cvmfs/sft.cern.ch/lcg/releases/zlib/1.2.11-da225/x86_64-centos7-gcc8-opt/lib/libz.so.1.2.11
2b184209a000-2b184209b000 rw-p 00019000 00:5f 349771                     /cvmfs/sft.cern.ch/lcg/releases/zlib/1.2.11-da225/x86_64-centos7-gcc8-opt/lib/libz.so.1.2.11
2b184209b000-2b18420d9000 r-xp 00000000 00:5f 365369                     /cvmfs/sft.cern.ch/lcg/releases/tbb/2020_U1-bbcac/x86_64-centos7-gcc8-opt/lib/libtbb.so.2
2b18420d9000-2b18422d8000 ---p 0003e000 00:5f 365369                     /cvmfs/sft.cern.ch/lcg/releases/tbb/2020_U1-bbcac/x86_64-centos7-gcc8-opt/lib/libtbb.so.2
2b18422d8000-2b18422da000 r--p 0003d000 00:5f 365369                     /cvmfs/sft.cern.ch/lcg/releases/tbb/2020_U1-bbcac/x86_64-centos7-gcc8-opt/lib/libtbb.so.2
2b18422da000-2b18422dd000 rw-p 0003f000 00:5f 365369                     /cvmfs/sft.cern.ch/lcg/releases/tbb/2020_U1-bbcac/x86_64-centos7-gcc8-opt/lib/libtbb.so.2
2b18422dd000-2b18422df000 rw-p 00000000 00:00 0 
2b18422df000-2b1842346000 r-xp 00000000 fd:00 2895993                    /usr/lib64/libssl.so.1.0.2k
2b1842346000-2b1842545000 ---p 00067000 fd:00 2895993                    /usr/lib64/libssl.so.1.0.2k
2b1842545000-2b1842549000 r--p 00066000 fd:00 2895993                    /usr/lib64/libssl.so.1.0.2k
2b1842549000-2b1842550000 rw-p 0006a000 fd:00 2895993                    /usr/lib64/libssl.so.1.0.2k
2b1842550000-2b1842784000 r-xp 00000000 fd:00 2895991                    /usr/lib64/libcrypto.so.1.0.2k
2b1842784000-2b1842984000 ---p 00234000 fd:00 2895991                    /usr/lib64/libcrypto.so.1.0.2k
2b1842984000-2b18429a0000 r--p 00234000 fd:00 2895991                    /usr/lib64/libcrypto.so.1.0.2k
2b18429a0000-2b18429ad000 rw-p 00250000 fd:00 2895991                    /usr/lib64/libcrypto.so.1.0.2k
2b18429ad000-2b18429b1000 rw-p 00000000 00:00 0 
2b18429b1000-2b1842a51000 r-xp 00000000 fd:00 2885353                    /usr/lib64/libfreetype.so.6.10.0
2b1842a51000-2b1842c50000 ---p 000a0000 fd:00 2885353                    /usr/lib64/libfreetype.so.6.10.0
2b1842c50000-2b1842c56000 r--p 0009f000 fd:00 2885353                    /usr/lib64/libfreetype.so.6.10.0
2b1842c56000-2b1842c57000 rw-p 000a5000 fd:00 2885353                    /usr/lib64/libfreetype.so.6.10.0
2b1842c57000-2b1842c62000 r-xp 00000000 00:5f 365197                     /cvmfs/sft.cern.ch/lcg/releases/vdt/0.4.3-992df/x86_64-centos7-gcc8-opt/lib/libvdt.so
2b1842c62000-2b1842e62000 ---p 0000b000 00:5f 365197                     /cvmfs/sft.cern.ch/lcg/releases/vdt/0.4.3-992df/x86_64-centos7-gcc8-opt/lib/libvdt.so
2b1842e62000-2b1842e63000 r--p 0000b000 00:5f 365197                     /cvmfs/sft.cern.ch/lcg/releases/vdt/0.4.3-992df/x86_64-centos7-gcc8-opt/lib/libvdt.so
2b1842e63000-2b1842e64000 rw-p 0000c000 00:5f 365197                     /cvmfs/sft.cern.ch/lcg/releases/vdt/0.4.3-992df/x86_64-centos7-gcc8-opt/lib/libvdt.so
2b1842e64000-2b1842ebf000 r-xp 00000000 00:5f 5301                       /cvmfs/sft.cern.ch/lcg/releases/ROOT/v6.20.06-3f7fd/x86_64-centos7-gcc8-opt/lib/libROOTNTuple.so
2b1842ebf000-2b18430bf000 ---p 0005b000 00:5f 5301                       /cvmfs/sft.cern.ch/lcg/releases/ROOT/v6.20.06-3f7fd/x86_64-centos7-gcc8-opt/lib/libROOTNTuple.so
2b18430bf000-2b18430c1000 r--p 0005b000 00:5f 5301                       /cvmfs/sft.cern.ch/lcg/releases/ROOT/v6.20.06-3f7fd/x86_64-centos7-gcc8-opt/lib/libROOTNTuple.so
2b18430c1000-2b18430c2000 rw-p 0005d000 00:5f 5301                       /cvmfs/sft.cern.ch/lcg/releases/ROOT/v6.20.06-3f7fd/x86_64-centos7-gcc8-opt/lib/libROOTNTuple.so
2b18430c2000-2b18430c3000 rw-p 00000000 00:00 0 
2b18430c3000-2b18431cd000 r-xp 00000000 00:5f 67507                      /cvmfs/sft.cern.ch/lcg/releases/sqlite/3280000-472f2/x86_64-centos7-gcc8-opt/lib/libsqlite3.so.0.8.6
2b18431cd000-2b18433cc000 ---p 0010a000 00:5f 67507                      /cvmfs/sft.cern.ch/lcg/releases/sqlite/3280000-472f2/x86_64-centos7-gcc8-opt/lib/libsqlite3.so.0.8.6
2b18433cc000-2b18433cf000 r--p 00109000 00:5f 67507                      /cvmfs/sft.cern.ch/lcg/releases/sqlite/3280000-472f2/x86_64-centos7-gcc8-opt/lib/libsqlite3.so.0.8.6
2b18433cf000-2b18433d2000 rw-p 0010c000 00:5f 67507                      /cvmfs/sft.cern.ch/lcg/releases/sqlite/3280000-472f2/x86_64-centos7-gcc8-opt/lib/libsqlite3.so.0.8.6
2b18433d2000-2b18433d3000 rw-p 00000000 00:00 0 
2b18433d3000-2b18433da000 r-xp 00000000 fd:00 2885199                    /usr/lib64/librt-2.17.so
2b18433da000-2b18435d9000 ---p 00007000 fd:00 2885199                    /usr/lib64/librt-2.17.so
2b18435d9000-2b18435da000 r--p 00006000 fd:00 2885199                    /usr/lib64/librt-2.17.so
2b18435da000-2b18435db000 rw-p 00007000 fd:00 2885199                    /usr/lib64/librt-2.17.so
2b18435db000-2b1843626000 r-xp 00000000 fd:00 2895968                    /usr/lib64/libgssapi_krb5.so.2.2
2b1843626000-2b1843826000 ---p 0004b000 fd:00 2895968                    /usr/lib64/libgssapi_krb5.so.2.2
2b1843826000-2b1843827000 r--p 0004b000 fd:00 2895968                    /usr/lib64/libgssapi_krb5.so.2.2
2b1843827000-2b1843829000 rw-p 0004c000 fd:00 2895968                    /usr/lib64/libgssapi_krb5.so.2.2
2b1843829000-2b18438ff000 r-xp 00000000 fd:00 2895978                    /usr/lib64/libkrb5.so.3.3
2b18438ff000-2b1843aff000 ---p 000d6000 fd:00 2895978                    /usr/lib64/libkrb5.so.3.3
2b1843aff000-2b1843b0d000 r--p 000d6000 fd:00 2895978                    /usr/lib64/libkrb5.so.3.3
2b1843b0d000-2b1843b10000 rw-p 000e4000 fd:00 2895978                    /usr/lib64/libkrb5.so.3.3
2b1843b10000-2b1843b13000 r-xp 00000000 fd:00 2885355                    /usr/lib64/libcom_err.so.2.1
2b1843b13000-2b1843d12000 ---p 00003000 fd:00 2885355                    /usr/lib64/libcom_err.so.2.1
2b1843d12000-2b1843d13000 r--p 00002000 fd:00 2885355                    /usr/lib64/libcom_err.so.2.1
2b1843d13000-2b1843d14000 rw-p 00003000 fd:00 2885355                    /usr/lib64/libcom_err.so.2.1
2b1843d14000-2b1843d43000 r-xp 00000000 fd:00 2895972                    /usr/lib64/libk5crypto.so.3.1
2b1843d43000-2b1843f42000 ---p 0002f000 fd:00 2895972                    /usr/lib64/libk5crypto.so.3.1
2b1843f42000-2b1843f44000 r--p 0002e000 fd:00 2895972                    /usr/lib64/libk5crypto.so.3.1
2b1843f44000-2b1843f45000 rw-p 00030000 fd:00 2895972                    /usr/lib64/libk5crypto.so.3.1
2b1843f45000-2b1843f46000 rw-p 00000000 00:00 0 
2b1843f46000-2b1843f53000 r-xp 00000000 fd:00 2895980                    /usr/lib64/libkrb5support.so.0.1
2b1843f53000-2b1844153000 ---p 0000d000 fd:00 2895980                    /usr/lib64/libkrb5support.so.0.1
2b1844153000-2b1844154000 r--p 0000d000 fd:00 2895980                    /usr/lib64/libkrb5support.so.0.1
2b1844154000-2b1844155000 rw-p 0000e000 fd:00 2895980                    /usr/lib64/libkrb5support.so.0.1
2b1844155000-2b1844158000 r-xp 00000000 fd:00 2885653                    /usr/lib64/libkeyutils.so.1.5
2b1844158000-2b1844357000 ---p 00003000 fd:00 2885653                    /usr/lib64/libkeyutils.so.1.5
2b1844357000-2b1844358000 r--p 00002000 fd:00 2885653                    /usr/lib64/libkeyutils.so.1.5
2b1844358000-2b1844359000 rw-p 00003000 fd:00 2885653                    /usr/lib64/libkeyutils.so.1.5
2b1844359000-2b184436f000 r-xp 00000000 fd:00 2885197                    /usr/lib64/libresolv-2.17.so
2b184436f000-2b184456f000 ---p 00016000 fd:00 2885197                    /usr/lib64/libresolv-2.17.so
2b184456f000-2b1844570000 r--p 00016000 fd:00 2885197                    /usr/lib64/libresolv-2.17.so
2b1844570000-2b1844571000 rw-p 00017000 fd:00 2885197                    /usr/lib64/libresolv-2.17.so
2b1844571000-2b1844573000 rw-p 00000000 00:00 0 
2b1844573000-2b1844597000 r-xp 00000000 fd:00 2885338                    /usr/lib64/libselinux.so.1
2b1844597000-2b1844796000 ---p 00024000 fd:00 2885338                    /usr/lib64/libselinux.so.1
2b1844796000-2b1844797000 r--p 00023000 fd:00 2885338                    /usr/lib64/libselinux.so.1
2b1844797000-2b1844798000 rw-p 00024000 fd:00 2885338                    /usr/lib64/libselinux.so.1
2b1844798000-2b184479a000 rw-p 00000000 00:00 0 
2b184479a000-2b18447fa000 r-xp 00000000 fd:00 2885329                    /usr/lib64/libpcre.so.1.2.0
2b18447fa000-2b18449f9000 ---p 00060000 fd:00 2885329                    /usr/lib64/libpcre.so.1.2.0
2b18449f9000-2b18449fa000 r--p 0005f000 fd:00 2885329                    /usr/lib64/libpcre.so.1.2.0
2b18449fa000-2b18449fb000 rw-p 00060000 fd:00 2885329                    /usr/lib64/libpcre.so.1.2.0
2b18449fb000-2b18451fb000 rw-p 00000000 00:00 0 
2b18451fb000-2b18480e4000 r-xp 00000000 00:5f 5420                       /cvmfs/sft.cern.ch/lcg/releases/ROOT/v6.20.06-3f7fd/x86_64-centos7-gcc8-opt/lib/libCling.so
2b18480e4000-2b18482e4000 ---p 02ee9000 00:5f 5420                       /cvmfs/sft.cern.ch/lcg/releases/ROOT/v6.20.06-3f7fd/x86_64-centos7-gcc8-opt/lib/libCling.so
2b18482e4000-2b18484f6000 r--p 02ee9000 00:5f 5420                       /cvmfs/sft.cern.ch/lcg/releases/ROOT/v6.20.06-3f7fd/x86_64-centos7-gcc8-opt/lib/libCling.so
2b18484f6000-2b1848501000 rw-p 030fb000 00:5f 5420                       /cvmfs/sft.cern.ch/lcg/releases/ROOT/v6.20.06-3f7fd/x86_64-centos7-gcc8-opt/lib/libCling.so
2b1848501000-2b184852e000 rw-p 00000000 00:00 0 
2b184852e000-2b1848553000 r-xp 00000000 fd:00 2885238                    /usr/lib64/libtinfo.so.5.9
2b1848553000-2b1848753000 ---p 00025000 fd:00 2885238                    /usr/lib64/libtinfo.so.5.9
2b1848753000-2b1848757000 r--p 00025000 fd:00 2885238                    /usr/lib64/libtinfo.so.5.9
2b1848757000-2b1848758000 rw-p 00029000 fd:00 2885238                    /usr/lib64/libtinfo.so.5.9
2b1848758000-2b1848789000 rw-p 00000000 00:00 0 
2b1848789000-2b1849abd000 r--p 00000000 00:5f 5355                       /cvmfs/sft.cern.ch/lcg/releases/ROOT/v6.20.06-3f7fd/x86_64-centos7-gcc8-opt/lib/std.pcm
2b1849abd000-2b1849bfd000 r--p 00000000 00:5f 5331                       /cvmfs/sft.cern.ch/lcg/releases/ROOT/v6.20.06-3f7fd/x86_64-centos7-gcc8-opt/lib/libc.pcm
2b1849bfd000-2b1849c1a000 r--p 00000000 00:5f 5358                       /cvmfs/sft.cern.ch/lcg/releases/ROOT/v6.20.06-3f7fd/x86_64-centos7-gcc8-opt/lib/Cling_Runtime.pcm
2b1849c1a000-2b1849c45000 r--p 00000000 00:5f 5284                       /cvmfs/sft.cern.ch/lcg/releases/ROOT/v6.20.06-3f7fd/x86_64-centos7-gcc8-opt/lib/Cling_Runtime_Extra.pcm
2b1849c45000-2b1849c8d000 r--p 00000000 00:5f 5390                       /cvmfs/sft.cern.ch/lcg/releases/ROOT/v6.20.06-3f7fd/x86_64-centos7-gcc8-opt/lib/ROOT_Foundation_C.pcm
2b1849c8d000-2b1849ca6000 r--p 00000000 00:5f 5050                       /cvmfs/sft.cern.ch/lcg/releases/ROOT/v6.20.06-3f7fd/x86_64-centos7-gcc8-opt/lib/ROOT_Rtypes.pcm
2b1849ca6000-2b1849cc4000 r--p 00000000 00:5f 5332                       /cvmfs/sft.cern.ch/lcg/releases/ROOT/v6.20.06-3f7fd/x86_64-centos7-gcc8-opt/lib/ROOT_Config.pcm
2b1849cc4000-2b1849d52000 r--p 00000000 00:5f 5369                       /cvmfs/sft.cern.ch/lcg/releases/ROOT/v6.20.06-3f7fd/x86_64-centos7-gcc8-opt/lib/ProofBench.pcm
2b1849dba000-2b1849e46000 r--p 00000000 00:5f 5289                       /cvmfs/sft.cern.ch/lcg/releases/ROOT/v6.20.06-3f7fd/x86_64-centos7-gcc8-opt/lib/Unfold.pcm
2b1849e46000-2b1849eb1000 r--p 00000000 00:5f 5070                       /cvmfs/sft.cern.ch/lcg/releases/ROOT/v6.20.06-3f7fd/x86_64-centos7-gcc8-opt/lib/RHTTPSniff.pcm
2b1849eba000-2b184a2ae000 r--p 00000000 00:5f 5263                       /cvmfs/sft.cern.ch/lcg/releases/ROOT/v6.20.06-3f7fd/x86_64-centos7-gcc8-opt/lib/_Builtin_intrinsics.pcm
2b184a2ae000-2b184a35f000 r--p 00000000 00:5f 5266                       /cvmfs/sft.cern.ch/lcg/releases/ROOT/v6.20.06-3f7fd/x86_64-centos7-gcc8-opt/lib/ROOT_Foundation_Stage1_NoRTTI.pcm
2b184a35f000-2b184ac88000 r--p 00000000 00:5f 5316                       /cvmfs/sft.cern.ch/lcg/releases/ROOT/v6.20.06-3f7fd/x86_64-centos7-gcc8-opt/lib/Core.pcm
2b184ac88000-2b184adb0000 r--p 00000000 00:5f 5449                       /cvmfs/sft.cern.ch/lcg/releases/ROOT/v6.20.06-3f7fd/x86_64-centos7-gcc8-opt/lib/Gdml.pcm
2b184adb0000-2b184af0d000 r--p 00000000 00:5f 4767                       /cvmfs/sft.cern.ch/lcg/releases/ROOT/v6.20.06-3f7fd/x86_64-centos7-gcc8-opt/lib/WebGui6.pcm
2b184af2c000-2b184b20a000 r--p 00000000 00:5f 5350                       /cvmfs/sft.cern.ch/lcg/releases/ROOT/v6.20.06-3f7fd/x86_64-centos7-gcc8-opt/lib/RIO.pcm
2b184b20a000-2b184b39a000 r--p 00000000 00:5f 5380                       /cvmfs/sft.cern.ch/lcg/releases/ROOT/v6.20.06-3f7fd/x86_64-centos7-gcc8-opt/lib/Thread.pcm
2b184b39a000-2b184b7df000 r--p 00000000 00:5f 5298                       /cvmfs/sft.cern.ch/lcg/releases/ROOT/v6.20.06-3f7fd/x86_64-centos7-gcc8-opt/lib/Hist.pcm
2b184b7df000-2b184bfcf000 r--p 00000000 00:5f 5504                       /cvmfs/sft.cern.ch/lcg/releases/ROOT/v6.20.06-3f7fd/x86_64-centos7-gcc8-opt/lib/MathCore.pcm
2b184bfcf000-2b184c094000 r--p 00000000 00:5f 5373                       /cvmfs/sft.cern.ch/lcg/releases/ROOT/v6.20.06-3f7fd/x86_64-centos7-gcc8-opt/lib/Imt.pcm
2b184c094000-2b184c20f000 r--p 00000000 00:5f 5335                       /cvmfs/sft.cern.ch/lcg/releases/ROOT/v6.20.06-3f7fd/x86_64-centos7-gcc8-opt/lib/Matrix.pcm
2b184c20f000-2b184c285000 r--p 00000000 00:5f 5400                       /cvmfs/sft.cern.ch/lcg/releases/ROOT/v6.20.06-3f7fd/x86_64-centos7-gcc8-opt/lib/XMLParser.pcm
2b184c285000-2b184c3b2000 r--p 00000000 00:5f 4760                       /cvmfs/sft.cern.ch/lcg/releases/ROOT/v6.20.06-3f7fd/x86_64-centos7-gcc8-opt/lib/RHTTP.pcm
2b184c3b2000-2b184c456000 r--p 00000000 00:5f 5057                       /cvmfs/sft.cern.ch/lcg/releases/ROOT/v6.20.06-3f7fd/x86_64-centos7-gcc8-opt/lib/FitPanel.pcm
2b184c456000-2b184c783000 r--p 00000000 00:5f 5377                       /cvmfs/sft.cern.ch/lcg/releases/ROOT/v6.20.06-3f7fd/x86_64-centos7-gcc8-opt/lib/Gui.pcm
2b184c783000-2b184c87e000 r--p 00000000 00:5f 4757                       /cvmfs/sft.cern.ch/lcg/releases/ROOT/v6.20.06-3f7fd/x86_64-centos7-gcc8-opt/lib/Graf.pcm
2b184c87e000-2b184cb17000 r--p 00000000 00:5f 5595                       /cvmfs/sft.cern.ch/lcg/releases/ROOT/v6.20.06-3f7fd/x86_64-centos7-gcc8-opt/lib/ROOTVecOps.pcm
2b184cb17000-2b184cbad000 r--p 00000000 00:5f 5282                       /cvmfs/sft.cern.ch/lcg/releases/ROOT/v6.20.06-3f7fd/x86_64-centos7-gcc8-opt/lib/RDAVIX.pcm
2b184cbad000-2b184cc98000 r--p 00000000 00:5f 5323                       /cvmfs/sft.cern.ch/lcg/releases/ROOT/v6.20.06-3f7fd/x86_64-centos7-gcc8-opt/lib/RMySQL.pcm
2b184cc98000-2b184cda3000 r--p 00000000 00:5f 5288                       /cvmfs/sft.cern.ch/lcg/releases/ROOT/v6.20.06-3f7fd/x86_64-centos7-gcc8-opt/lib/Net.pcm
2b184cda3000-2b184ce10000 r--p 00000000 00:5f 5313                       /cvmfs/sft.cern.ch/lcg/releases/ROOT/v6.20.06-3f7fd/x86_64-centos7-gcc8-opt/lib/GFAL.pcm
2b184ce45000-2b184cefc000 r--p 00000000 00:5f 5531                       /cvmfs/sft.cern.ch/lcg/releases/ROOT/v6.20.06-3f7fd/x86_64-centos7-gcc8-opt/lib/Physics.pcm
2b184cefc000-2b184cf75000 r--p 00000000 00:5f 5514                       /cvmfs/sft.cern.ch/lcg/releases/ROOT/v6.20.06-3f7fd/x86_64-centos7-gcc8-opt/lib/Genetic.pcm
2b184cf75000-2b184d1d7000 r--p 00000000 00:5f 5387                       /cvmfs/sft.cern.ch/lcg/releases/ROOT/v6.20.06-3f7fd/x86_64-centos7-gcc8-opt/lib/Tree.pcm
2b184d1d7000-2b184d24b000 r--p 00000000 00:5f 5348                       /cvmfs/sft.cern.ch/lcg/releases/ROOT/v6.20.06-3f7fd/x86_64-centos7-gcc8-opt/lib/DCache.pcm
2b184d24b000-2b184d31c000 r--p 00000000 00:5f 5366                       /cvmfs/sft.cern.ch/lcg/releases/ROOT/v6.20.06-3f7fd/x86_64-centos7-gcc8-opt/lib/Gpad.pcm
2b184d31c000-2b184d7fc000 r--p 00000000 00:5f 5341                       /cvmfs/sft.cern.ch/lcg/releases/ROOT/v6.20.06-3f7fd/x86_64-centos7-gcc8-opt/lib/RGL.pcm
2b184d7fc000-2b184d8eb000 r--p 00000000 00:5f 5425                       /cvmfs/sft.cern.ch/lcg/releases/ROOT/v6.20.06-3f7fd/x86_64-centos7-gcc8-opt/lib/Ged.pcm
2b184d8eb000-2b184d953000 r--p 00000000 00:5f 5386                       /cvmfs/sft.cern.ch/lcg/releases/ROOT/v6.20.06-3f7fd/x86_64-centos7-gcc8-opt/lib/RCsg.pcm
2b184d953000-2b184de77000 r--p 00000000 00:5f 5396                       /cvmfs/sft.cern.ch/lcg/releases/ROOT/v6.20.06-3f7fd/x86_64-centos7-gcc8-opt/lib/ROOTEve.pcm
2b184de77000-2b184e169000 r--p 00000000 00:5f 5285                       /cvmfs/sft.cern.ch/lcg/releases/ROOT/v6.20.06-3f7fd/x86_64-centos7-gcc8-opt/lib/Geom.pcm
2b184e169000-2b184e2f5000 r--p 00000000 00:5f 5338                       /cvmfs/sft.cern.ch/lcg/releases/ROOT/v6.20.06-3f7fd/x86_64-centos7-gcc8-opt/lib/ROOTWebDisplay.pcm
2b184e2f5000-2b184e388000 r--p 00000000 00:5f 5037                       /cvmfs/sft.cern.ch/lcg/releases/ROOT/v6.20.06-3f7fd/x86_64-centos7-gcc8-opt/lib/EG.pcm
2b184e388000-2b184e45b000 r--p 00000000 00:5f 5376                       /cvmfs/sft.cern.ch/lcg/releases/ROOT/v6.20.06-3f7fd/x86_64-centos7-gcc8-opt/lib/Graf3d.pcm
2b184e45b000-2b184e4bc000 rw-p 00000000 00:00 0 
2b184e4bc000-2b184e843000 r--p 00000000 00:5f 5002                       /cvmfs/sft.cern.ch/lcg/releases/ROOT/v6.20.06-3f7fd/x86_64-centos7-gcc8-opt/lib/TreePlayer.pcm
2b184e843000-2b184e954000 r--p 00000000 00:5f 5269                       /cvmfs/sft.cern.ch/lcg/releases/ROOT/v6.20.06-3f7fd/x86_64-centos7-gcc8-opt/lib/MultiProc.pcm
2b184e954000-2b184e9c1000 r--p 00000000 00:5f 5393                       /cvmfs/sft.cern.ch/lcg/releases/ROOT/v6.20.06-3f7fd/x86_64-centos7-gcc8-opt/lib/SPlot.pcm
2b184e9c1000-2b184ea33000 r--p 00000000 00:5f 5343                       /cvmfs/sft.cern.ch/lcg/releases/ROOT/v6.20.06-3f7fd/x86_64-centos7-gcc8-opt/lib/Hbook.pcm
2b184ea33000-2b184eb0c000 r--p 00000000 00:5f 5292                       /cvmfs/sft.cern.ch/lcg/releases/ROOT/v6.20.06-3f7fd/x86_64-centos7-gcc8-opt/lib/GeomBuilder.pcm
2b184eb0c000-2b184eb7d000 r--p 00000000 00:5f 4873                       /cvmfs/sft.cern.ch/lcg/releases/ROOT/v6.20.06-3f7fd/x86_64-centos7-gcc8-opt/lib/Rint.pcm
2b184eb7d000-2b184ecf7000 r--p 00000000 00:5f 5317                       /cvmfs/sft.cern.ch/lcg/releases/ROOT/v6.20.06-3f7fd/x86_64-centos7-gcc8-opt/lib/Proof.pcm
2b184ecf7000-2b184ed84000 r--p 00000000 00:5f 5361                       /cvmfs/sft.cern.ch/lcg/releases/ROOT/v6.20.06-3f7fd/x86_64-centos7-gcc8-opt/lib/Recorder.pcm
2b184ed84000-2b184ee11000 r--p 00000000 00:5f 4753                       /cvmfs/sft.cern.ch/lcg/releases/ROOT/v6.20.06-3f7fd/x86_64-centos7-gcc8-opt/lib/GuiBld.pcm
2b184ee11000-2b184ef06000 r--p 00000000 00:5f 4758                       /cvmfs/sft.cern.ch/lcg/releases/ROOT/v6.20.06-3f7fd/x86_64-centos7-gcc8-opt/lib/XMLIO.pcm
2b184ef06000-2b184ef74000 r--p 00000000 00:5f 5495                       /cvmfs/sft.cern.ch/lcg/releases/ROOT/v6.20.06-3f7fd/x86_64-centos7-gcc8-opt/lib/GX11TTF.pcm
2b184ef74000-2b184efeb000 r--p 00000000 00:5f 5352                       /cvmfs/sft.cern.ch/lcg/releases/ROOT/v6.20.06-3f7fd/x86_64-centos7-gcc8-opt/lib/GX11.pcm
2b184efeb000-2b184f0ac000 r--p 00000000 00:5f 5325                       /cvmfs/sft.cern.ch/lcg/releases/ROOT/v6.20.06-3f7fd/x86_64-centos7-gcc8-opt/lib/ProofPlayer.pcm
2b184f0ac000-2b184f428000 r--p 00000000 00:5f 5337                       /cvmfs/sft.cern.ch/lcg/releases/ROOT/v6.20.06-3f7fd/x86_64-centos7-gcc8-opt/lib/ROOTHistDraw.pcm
2b184f428000-2b184f984000 r--p 00000000 00:5f 7523                       /cvmfs/sft.cern.ch/lcg/releases/ROOT/v6.20.06-3f7fd/x86_64-centos7-gcc8-opt/lib/ROOTGpadv7.pcm
2b184f984000-2b184fc1a000 r--p 00000000 00:5f 5244                       /cvmfs/sft.cern.ch/lcg/releases/ROOT/v6.20.06-3f7fd/x86_64-centos7-gcc8-opt/lib/ROOTHist.pcm
2b184fc1a000-2b184fd4a000 r--p 00000000 00:5f 5328                       /cvmfs/sft.cern.ch/lcg/releases/ROOT/v6.20.06-3f7fd/x86_64-centos7-gcc8-opt/lib/MathMore.pcm
2b184fd4a000-2b184fdbd000 r--p 00000000 00:5f 4973                       /cvmfs/sft.cern.ch/lcg/releases/ROOT/v6.20.06-3f7fd/x86_64-centos7-gcc8-opt/lib/Netx.pcm
2b184fdbd000-2b184fe2e000 r--p 00000000 00:5f 6455                       /cvmfs/sft.cern.ch/lcg/releases/ROOT/v6.20.06-3f7fd/x86_64-centos7-gcc8-opt/lib/SpectrumPainter.pcm
2b184fe2e000-2b184feb8000 r--p 00000000 00:5f 5321                       /cvmfs/sft.cern.ch/lcg/releases/ROOT/v6.20.06-3f7fd/x86_64-centos7-gcc8-opt/lib/NetxNG.pcm
2b184feb8000-2b184ff43000 r--p 00000000 00:5f 5265                       /cvmfs/sft.cern.ch/lcg/releases/ROOT/v6.20.06-3f7fd/x86_64-centos7-gcc8-opt/lib/Minuit.pcm
2b184ff43000-2b1850f24000 r--p 00000000 00:5f 5273                       /cvmfs/sft.cern.ch/lcg/releases/ROOT/v6.20.06-3f7fd/x86_64-centos7-gcc8-opt/lib/TMVA.pcm
2b1850f24000-2b1851a72000 r--p 00000000 00:5f 5513                       /cvmfs/sft.cern.ch/lcg/releases/ROOT/v6.20.06-3f7fd/x86_64-centos7-gcc8-opt/lib/ROOTDataFrame.pcm
2b1851a72000-2b1851b73000 rw-p 00000000 00:00 0 
2b1851b73000-2b18520ba000 rw-p 00000000 00:00 0 
2b18520ba000-2b18521cc000 r--p 00000000 00:5f 5368                       /cvmfs/sft.cern.ch/lcg/releases/ROOT/v6.20.06-3f7fd/x86_64-centos7-gcc8-opt/lib/ROOTFitPanelv7.pcm
2b18521cc000-2b1852483000 r--p 00000000 00:5f 5383                       /cvmfs/sft.cern.ch/lcg/releases/ROOT/v6.20.06-3f7fd/x86_64-centos7-gcc8-opt/lib/Smatrix.pcm
2b1852483000-2b1852507000 r--p 00000000 00:5f 5043                       /cvmfs/sft.cern.ch/lcg/releases/ROOT/v6.20.06-3f7fd/x86_64-centos7-gcc8-opt/lib/PyROOT.pcm
2b1852507000-2b18525ae000 r--p 00000000 00:5f 5395                       /cvmfs/sft.cern.ch/lcg/releases/ROOT/v6.20.06-3f7fd/x86_64-centos7-gcc8-opt/lib/SessionViewer.pcm
2b18525ae000-2b185263d000 r--p 00000000 00:5f 4822                       /cvmfs/sft.cern.ch/lcg/releases/ROOT/v6.20.06-3f7fd/x86_64-centos7-gcc8-opt/lib/PyMVA.pcm
2b185263d000-2b18526c8000 r--p 00000000 00:5f 5345                       /cvmfs/sft.cern.ch/lcg/releases/ROOT/v6.20.06-3f7fd/x86_64-centos7-gcc8-opt/lib/HistPainter.pcm
2b18526c8000-2b1852795000 r--p 00000000 00:5f 5452                       /cvmfs/sft.cern.ch/lcg/releases/ROOT/v6.20.06-3f7fd/x86_64-centos7-gcc8-opt/lib/ProofDraw.pcm
2b1852795000-2b1852841000 r--p 00000000 00:5f 5277                       /cvmfs/sft.cern.ch/lcg/releases/ROOT/v6.20.06-3f7fd/x86_64-centos7-gcc8-opt/lib/Unuran.pcm
2b1852841000-2b18528d8000 r--p 00000000 00:5f 5319                       /cvmfs/sft.cern.ch/lcg/releases/ROOT/v6.20.06-3f7fd/x86_64-centos7-gcc8-opt/lib/Quadp.pcm
2b18528d8000-2b1852def000 r--p 00000000 00:5f 5492                       /cvmfs/sft.cern.ch/lcg/releases/ROOT/v6.20.06-3f7fd/x86_64-centos7-gcc8-opt/lib/Eve.pcm
2b1852def000-2b1852e9e000 r--p 00000000 00:5f 5862                       /cvmfs/sft.cern.ch/lcg/releases/ROOT/v6.20.06-3f7fd/x86_64-centos7-gcc8-opt/lib/TreeViewer.pcm
2b1852e9e000-2b1852f21000 r--p 00000000 00:5f 5308                       /cvmfs/sft.cern.ch/lcg/releases/ROOT/v6.20.06-3f7fd/x86_64-centos7-gcc8-opt/lib/GeomPainter.pcm
2b1852f21000-2b18535a9000 r--p 00000000 00:5f 5291                       /cvmfs/sft.cern.ch/lcg/releases/ROOT/v6.20.06-3f7fd/x86_64-centos7-gcc8-opt/lib/ROOTNTuple.pcm
2b18535a9000-2b18538a5000 r--p 00000000 00:5f 5225                       /cvmfs/sft.cern.ch/lcg/releases/ROOT/v6.20.06-3f7fd/x86_64-centos7-gcc8-opt/lib/HistFactory.pcm
2b18538a5000-2b185477b000 r--p 00000000 00:5f 5401                       /cvmfs/sft.cern.ch/lcg/releases/ROOT/v6.20.06-3f7fd/x86_64-centos7-gcc8-opt/lib/RooFitCore.pcm
2b185477b000-2b18547fc000 r--p 00000000 00:5f 5315                       /cvmfs/sft.cern.ch/lcg/releases/ROOT/v6.20.06-3f7fd/x86_64-centos7-gcc8-opt/lib/Foam.pcm
2b18547fc000-2b185488c000 r--p 00000000 00:5f 5389                       /cvmfs/sft.cern.ch/lcg/releases/ROOT/v6.20.06-3f7fd/x86_64-centos7-gcc8-opt/lib/Spectrum.pcm
2b185488c000-2b1854925000 r--p 00000000 00:5f 5399                       /cvmfs/sft.cern.ch/lcg/releases/ROOT/v6.20.06-3f7fd/x86_64-centos7-gcc8-opt/lib/GuiHtml.pcm
2b1854925000-2b18549ae000 r--p 00000000 00:5f 5446                       /cvmfs/sft.cern.ch/lcg/releases/ROOT/v6.20.06-3f7fd/x86_64-centos7-gcc8-opt/lib/Postscript.pcm
2b18549ae000-2b1854a45000 r--p 00000000 00:5f 5367                       /cvmfs/sft.cern.ch/lcg/releases/ROOT/v6.20.06-3f7fd/x86_64-centos7-gcc8-opt/lib/TMVAGui.pcm
2b1854a45000-2b1854bf0000 r--p 00000000 00:5f 5421                       /cvmfs/sft.cern.ch/lcg/releases/ROOT/v6.20.06-3f7fd/x86_64-centos7-gcc8-opt/lib/Html.pcm
2b1854bf0000-2b1854c64000 r--p 00000000 00:5f 5005                       /cvmfs/sft.cern.ch/lcg/releases/ROOT/v6.20.06-3f7fd/x86_64-centos7-gcc8-opt/lib/Fumili.pcm
2b1854c64000-2b1854ce3000 r--p 00000000 00:5f 5324                       /cvmfs/sft.cern.ch/lcg/releases/ROOT/v6.20.06-3f7fd/x86_64-centos7-gcc8-opt/lib/RooFitMore.pcm
2b1854ce3000-2b1854d55000 r--p 00000000 00:5f 5360                       /cvmfs/sft.cern.ch/lcg/releases/ROOT/v6.20.06-3f7fd/x86_64-centos7-gcc8-opt/lib/X3d.pcm
2b1854d55000-2b185520f000 r--p 00000000 00:5f 5275                       /cvmfs/sft.cern.ch/lcg/releases/ROOT/v6.20.06-3f7fd/x86_64-centos7-gcc8-opt/lib/Oracle.pcm
2b185520f000-2b185534b000 rw-p 00000000 00:00 0 
2b185534b000-2b18560a5000 r--p 00000000 00:5f 5297                       /cvmfs/sft.cern.ch/lcg/releases/ROOT/v6.20.06-3f7fd/x86_64-centos7-gcc8-opt/lib/RooFit.pcm
2b18560a5000-2b185641f000 r--p 00000000 00:5f 5267                       /cvmfs/sft.cern.ch/lcg/releases/ROOT/v6.20.06-3f7fd/x86_64-centos7-gcc8-opt/lib/RooStats.pcm
2b185641f000-2b1856494000 r--p 00000000 00:5f 5283                       /cvmfs/sft.cern.ch/lcg/releases/ROOT/v6.20.06-3f7fd/x86_64-centos7-gcc8-opt/lib/FFTW.pcm
2b1856494000-2b1856534000 r--p 00000000 00:5f 8077                       /cvmfs/sft.cern.ch/lcg/releases/ROOT/v6.20.06-3f7fd/x86_64-centos7-gcc8-opt/lib/SQLIO.pcm
2b1856534000-2b18565af000 r--p 00000000 00:5f 5310                       /cvmfs/sft.cern.ch/lcg/releases/ROOT/v6.20.06-3f7fd/x86_64-centos7-gcc8-opt/lib/ASImage.pcm
2b18565af000-2b1856656000 r--p 00000000 00:5f 5309                       /cvmfs/sft.cern.ch/lcg/releases/ROOT/v6.20.06-3f7fd/x86_64-centos7-gcc8-opt/lib/Proofx.pcm
2b1856656000-2b18568f9000 r--p 00000000 00:5f 5108                       /cvmfs/sft.cern.ch/lcg/releases/ROOT/v6.20.06-3f7fd/x86_64-centos7-gcc8-opt/lib/Minuit2.pcm
2b18568f9000-2b1856973000 r--p 00000000 00:5f 5351                       /cvmfs/sft.cern.ch/lcg/releases/ROOT/v6.20.06-3f7fd/x86_64-centos7-gcc8-opt/lib/MLP.pcm
2b1856973000-2b1856c17000 r--p 00000000 00:5f 5422                       /cvmfs/sft.cern.ch/lcg/releases/ROOT/v6.20.06-3f7fd/x86_64-centos7-gcc8-opt/lib/GenVector.pcm
2b1856c17000-2b1856dbd000 r--p 00000000 00:5f 5409                       /cvmfs/sft.cern.ch/lcg/releases/ROOT/v6.20.06-3f7fd/x86_64-centos7-gcc8-opt/lib/ROOTBrowserv7.pcm
2b1856dbd000-2b1856e38000 r--p 00000000 00:5f 5385                       /cvmfs/sft.cern.ch/lcg/releases/ROOT/v6.20.06-3f7fd/x86_64-centos7-gcc8-opt/lib/RootAuth.pcm
2b1856e38000-2b1856ea9000 r--p 00000000 00:5f 5318                       /cvmfs/sft.cern.ch/lcg/releases/ROOT/v6.20.06-3f7fd/x86_64-centos7-gcc8-opt/lib/ASImageGui.pcm
2b1856ea9000-2b1856f2b000 r--p 00000000 00:5f 5370                       /cvmfs/sft.cern.ch/lcg/releases/ROOT/v6.20.06-3f7fd/x86_64-centos7-gcc8-opt/lib/Gviz3d.pcm
2b1856f2b000-2b1856fc1000 r--p 00000000 00:5f 4871                       /cvmfs/sft.cern.ch/lcg/releases/ROOT/v6.20.06-3f7fd/x86_64-centos7-gcc8-opt/lib/ROOTGraphicsPrimitives.pcm
2b18570c9000-2b18570e9000 r-xp 00000000 fd:00 2885162                    /usr/lib64/ld-2.17.so
2b18570e9000-2b18572e9000 ---p 00020000 fd:00 2885162                    /usr/lib64/ld-2.17.so
2b18572e9000-2b18572ea000 r--p 00020000 fd:00 2885162                    /usr/lib64/ld-2.17.so
2b18572ea000-2b18572eb000 rw-p 00021000 fd:00 2885162                    /usr/lib64/ld-2.17.so
2b18572eb000-2b18572ec000 rw-p 00000000 00:00 0 
7fff5c9b1000-7fff5c9d7000 rw-p 00000000 00:00 0                          [stack]
7fff5c9fa000-7fff5c9fc000 r-xp 00000000 00:00 0                          [vdso]
ffffffffff600000-ffffffffff601000 r-xp 00000000 00:00 0                  [vsyscall]
