Error in <TChain::SetBranchAddress>: unknown branch -> HLT_mb_sptrk_decision
Error in <TChain::SetBranchAddress>: unknown branch -> HLT_mb_sptrk_prescale
Error in <TTree::SetBranchStatus>: unknown branch -> HLT_mb_sptrk_decision
Error in <TTree::SetBranchStatus>: unknown branch -> HLT_mb_sptrk_prescale
Error in <TTree::SetBranchStatus>: unknown branch -> HLT_mb_sptrk_decision
Error in <TTree::SetBranchStatus>: unknown branch -> HLT_mb_sptrk_prescale
Error in <TTree::SetBranchStatus>: unknown branch -> HLT_mb_sptrk_decision
Error in <TTree::SetBranchStatus>: unknown branch -> HLT_mb_sptrk_prescale
Error in <TTree::SetBranchStatus>: unknown branch -> HLT_mb_sptrk_decision
Error in <TTree::SetBranchStatus>: unknown branch -> HLT_mb_sptrk_prescale
Error in <TTree::SetBranchStatus>: unknown branch -> HLT_mb_sptrk_decision
Error in <TTree::SetBranchStatus>: unknown branch -> HLT_mb_sptrk_prescale
Error in <TTree::SetBranchStatus>: unknown branch -> HLT_mb_sptrk_decision
Error in <TTree::SetBranchStatus>: unknown branch -> HLT_mb_sptrk_prescale
Error in <TTree::SetBranchStatus>: unknown branch -> HLT_mb_sptrk_decision
Error in <TTree::SetBranchStatus>: unknown branch -> HLT_mb_sptrk_prescale
Error in <TTree::SetBranchStatus>: unknown branch -> HLT_mb_sptrk_decision
Error in <TTree::SetBranchStatus>: unknown branch -> HLT_mb_sptrk_prescale
Error in <TTree::SetBranchStatus>: unknown branch -> HLT_mb_sptrk_decision
Error in <TTree::SetBranchStatus>: unknown branch -> HLT_mb_sptrk_prescale
Error in <TTree::SetBranchStatus>: unknown branch -> HLT_mb_sptrk_decision
Error in <TTree::SetBranchStatus>: unknown branch -> HLT_mb_sptrk_prescale
Error in <TTree::SetBranchStatus>: unknown branch -> HLT_mb_sptrk_decision
Error in <TTree::SetBranchStatus>: unknown branch -> HLT_mb_sptrk_prescale
Error in <TTree::SetBranchStatus>: unknown branch -> HLT_mb_sptrk_decision
Error in <TTree::SetBranchStatus>: unknown branch -> HLT_mb_sptrk_prescale
Error in <TTree::SetBranchStatus>: unknown branch -> HLT_mb_sptrk_decision
Error in <TTree::SetBranchStatus>: unknown branch -> HLT_mb_sptrk_prescale
Error in <TTree::SetBranchStatus>: unknown branch -> HLT_mb_sptrk_decision
Error in <TTree::SetBranchStatus>: unknown branch -> HLT_mb_sptrk_prescale
Error in <TTree::SetBranchStatus>: unknown branch -> HLT_mb_sptrk_decision
Error in <TTree::SetBranchStatus>: unknown branch -> HLT_mb_sptrk_prescale
Error in <TTree::SetBranchStatus>: unknown branch -> HLT_mb_sptrk_decision
Error in <TTree::SetBranchStatus>: unknown branch -> HLT_mb_sptrk_prescale
Error in <TTree::SetBranchStatus>: unknown branch -> HLT_mb_sptrk_decision
Error in <TTree::SetBranchStatus>: unknown branch -> HLT_mb_sptrk_prescale
Error in <TTree::SetBranchStatus>: unknown branch -> HLT_mb_sptrk_decision
Error in <TTree::SetBranchStatus>: unknown branch -> HLT_mb_sptrk_prescale
Error in <TTree::SetBranchStatus>: unknown branch -> HLT_mb_sptrk_decision
Error in <TTree::SetBranchStatus>: unknown branch -> HLT_mb_sptrk_prescale
Error in <TTree::SetBranchStatus>: unknown branch -> HLT_mb_sptrk_decision
Error in <TTree::SetBranchStatus>: unknown branch -> HLT_mb_sptrk_prescale
Error in <TTree::SetBranchStatus>: unknown branch -> HLT_mb_sptrk_decision
Error in <TTree::SetBranchStatus>: unknown branch -> HLT_mb_sptrk_prescale
Error in <TTree::SetBranchStatus>: unknown branch -> HLT_mb_sptrk_decision
Error in <TTree::SetBranchStatus>: unknown branch -> HLT_mb_sptrk_prescale
Error in <TTree::SetBranchStatus>: unknown branch -> HLT_mb_sptrk_decision
Error in <TTree::SetBranchStatus>: unknown branch -> HLT_mb_sptrk_prescale
Error in <TTree::SetBranchStatus>: unknown branch -> HLT_mb_sptrk_decision
Error in <TTree::SetBranchStatus>: unknown branch -> HLT_mb_sptrk_prescale
Error in <TTree::SetBranchStatus>: unknown branch -> HLT_mb_sptrk_decision
Error in <TTree::SetBranchStatus>: unknown branch -> HLT_mb_sptrk_prescale
Error in <TTree::SetBranchStatus>: unknown branch -> HLT_mb_sptrk_decision
Error in <TTree::SetBranchStatus>: unknown branch -> HLT_mb_sptrk_prescale
Error in <TTree::SetBranchStatus>: unknown branch -> HLT_mb_sptrk_decision
Error in <TTree::SetBranchStatus>: unknown branch -> HLT_mb_sptrk_prescale
Error in <TTree::SetBranchStatus>: unknown branch -> HLT_mb_sptrk_decision
Error in <TTree::SetBranchStatus>: unknown branch -> HLT_mb_sptrk_prescale
Error in <TTree::SetBranchStatus>: unknown branch -> HLT_mb_sptrk_decision
Error in <TTree::SetBranchStatus>: unknown branch -> HLT_mb_sptrk_prescale
*** Error in `condor_exec.exe': double free or corruption (fasttop): 0x0000000001b8b720 ***
======= Backtrace: =========
/usr/lib64/libc.so.6(+0x7c503)[0x2b9f5d843503]
/usr/lib64/libc.so.6(__cxa_finalize+0x9a)[0x2b9f5d7ffdba]
/atlasgpfs01/usatlas/workarea/jeff/HadronYieldsAnalysis/lib/libJetHadronSkimmer.so(+0xa9a3)[0x2b9f5c4ea9a3]
======= Memory map: ========
00400000-0040b000 r-xp 00000000 00:33 5086146                            /gpfs/mnt/atlasgpfs01/usatlas/workarea/jeff/HadronYieldsAnalysis/bin/run.exe
0060a000-0060b000 r--p 0000a000 00:33 5086146                            /gpfs/mnt/atlasgpfs01/usatlas/workarea/jeff/HadronYieldsAnalysis/bin/run.exe
0060b000-0060c000 rw-p 0000b000 00:33 5086146                            /gpfs/mnt/atlasgpfs01/usatlas/workarea/jeff/HadronYieldsAnalysis/bin/run.exe
0060c000-007dc000 rw-p 00000000 00:00 0 
01ab1000-0f00d000 rw-p 00000000 00:00 0                                  [heap]
2b9f56fc8000-2b9f56fe8000 r-xp 00000000 fd:00 656861                     /usr/lib64/ld-2.17.so
2b9f56fe8000-2b9f57049000 rw-p 00000000 00:00 0 
2b9f57079000-2b9f57148000 rw-p 00000000 00:00 0 
2b9f57179000-2b9f571ca000 rw-p 00000000 00:00 0 
2b9f571ca000-2b9f571d7000 r--p 00000000 00:37 5044                       /cvmfs/sft.cern.ch/lcg/releases/ROOT/v6.20.06-3f7fd/x86_64-centos7-gcc8-opt/lib/xlocale.h.pcm
2b9f571d7000-2b9f571e4000 r--p 00000000 00:37 5506                       /cvmfs/sft.cern.ch/lcg/releases/ROOT/v6.20.06-3f7fd/x86_64-centos7-gcc8-opt/lib/_Builtin_stddef_max_align_t.pcm
2b9f571e8000-2b9f571e9000 r--p 00020000 fd:00 656861                     /usr/lib64/ld-2.17.so
2b9f571e9000-2b9f571ea000 rw-p 00021000 fd:00 656861                     /usr/lib64/ld-2.17.so
2b9f571ea000-2b9f571eb000 rw-p 00000000 00:00 0 
2b9f571eb000-2b9f5764a000 r-xp 00000000 00:37 5253                       /cvmfs/sft.cern.ch/lcg/releases/ROOT/v6.20.06-3f7fd/x86_64-centos7-gcc8-opt/lib/libGui.so
2b9f5764a000-2b9f5784a000 ---p 0045f000 00:37 5253                       /cvmfs/sft.cern.ch/lcg/releases/ROOT/v6.20.06-3f7fd/x86_64-centos7-gcc8-opt/lib/libGui.so
2b9f5784a000-2b9f57896000 r--p 0045f000 00:37 5253                       /cvmfs/sft.cern.ch/lcg/releases/ROOT/v6.20.06-3f7fd/x86_64-centos7-gcc8-opt/lib/libGui.so
2b9f57896000-2b9f5789b000 rw-p 004ab000 00:37 5253                       /cvmfs/sft.cern.ch/lcg/releases/ROOT/v6.20.06-3f7fd/x86_64-centos7-gcc8-opt/lib/libGui.so
2b9f5789b000-2b9f578ac000 rw-p 00000000 00:00 0 
2b9f578ac000-2b9f57d81000 r-xp 00000000 00:37 5344                       /cvmfs/sft.cern.ch/lcg/releases/ROOT/v6.20.06-3f7fd/x86_64-centos7-gcc8-opt/lib/libCore.so
2b9f57d81000-2b9f57f80000 ---p 004d5000 00:37 5344                       /cvmfs/sft.cern.ch/lcg/releases/ROOT/v6.20.06-3f7fd/x86_64-centos7-gcc8-opt/lib/libCore.so
2b9f57f80000-2b9f57faa000 r--p 004d4000 00:37 5344                       /cvmfs/sft.cern.ch/lcg/releases/ROOT/v6.20.06-3f7fd/x86_64-centos7-gcc8-opt/lib/libCore.so
2b9f57faa000-2b9f57fb0000 rw-p 004fe000 00:37 5344                       /cvmfs/sft.cern.ch/lcg/releases/ROOT/v6.20.06-3f7fd/x86_64-centos7-gcc8-opt/lib/libCore.so
2b9f57fb0000-2b9f57fe4000 rw-p 00000000 00:00 0 
2b9f57fe4000-2b9f57ff2000 r-xp 00000000 00:37 5293                       /cvmfs/sft.cern.ch/lcg/releases/ROOT/v6.20.06-3f7fd/x86_64-centos7-gcc8-opt/lib/libImt.so
2b9f57ff2000-2b9f581f1000 ---p 0000e000 00:37 5293                       /cvmfs/sft.cern.ch/lcg/releases/ROOT/v6.20.06-3f7fd/x86_64-centos7-gcc8-opt/lib/libImt.so
2b9f581f1000-2b9f581f2000 r--p 0000d000 00:37 5293                       /cvmfs/sft.cern.ch/lcg/releases/ROOT/v6.20.06-3f7fd/x86_64-centos7-gcc8-opt/lib/libImt.so
2b9f581f2000-2b9f581f3000 rw-p 0000e000 00:37 5293                       /cvmfs/sft.cern.ch/lcg/releases/ROOT/v6.20.06-3f7fd/x86_64-centos7-gcc8-opt/lib/libImt.so
2b9f581f3000-2b9f58587000 r-xp 00000000 00:37 6317                       /cvmfs/sft.cern.ch/lcg/releases/ROOT/v6.20.06-3f7fd/x86_64-centos7-gcc8-opt/lib/libRIO.so
2b9f58587000-2b9f58787000 ---p 00394000 00:37 6317                       /cvmfs/sft.cern.ch/lcg/releases/ROOT/v6.20.06-3f7fd/x86_64-centos7-gcc8-opt/lib/libRIO.so
2b9f58787000-2b9f58794000 r--p 00394000 00:37 6317                       /cvmfs/sft.cern.ch/lcg/releases/ROOT/v6.20.06-3f7fd/x86_64-centos7-gcc8-opt/lib/libRIO.so
2b9f58794000-2b9f58797000 rw-p 003a1000 00:37 6317                       /cvmfs/sft.cern.ch/lcg/releases/ROOT/v6.20.06-3f7fd/x86_64-centos7-gcc8-opt/lib/libRIO.so
2b9f58797000-2b9f5879a000 rw-p 00000000 00:00 0 
2b9f5879a000-2b9f58865000 r-xp 00000000 00:37 5545                       /cvmfs/sft.cern.ch/lcg/releases/ROOT/v6.20.06-3f7fd/x86_64-centos7-gcc8-opt/lib/libNet.so
2b9f58865000-2b9f58a64000 ---p 000cb000 00:37 5545                       /cvmfs/sft.cern.ch/lcg/releases/ROOT/v6.20.06-3f7fd/x86_64-centos7-gcc8-opt/lib/libNet.so
2b9f58a64000-2b9f58a70000 r--p 000ca000 00:37 5545                       /cvmfs/sft.cern.ch/lcg/releases/ROOT/v6.20.06-3f7fd/x86_64-centos7-gcc8-opt/lib/libNet.so
2b9f58a70000-2b9f58a72000 rw-p 000d6000 00:37 5545                       /cvmfs/sft.cern.ch/lcg/releases/ROOT/v6.20.06-3f7fd/x86_64-centos7-gcc8-opt/lib/libNet.so
2b9f58a72000-2b9f58a79000 rw-p 00000000 00:00 0 
2b9f58a79000-2b9f58e36000 r-xp 00000000 00:37 5454                       /cvmfs/sft.cern.ch/lcg/releases/ROOT/v6.20.06-3f7fd/x86_64-centos7-gcc8-opt/lib/libHist.so
2b9f58e36000-2b9f59035000 ---p 003bd000 00:37 5454                       /cvmfs/sft.cern.ch/lcg/releases/ROOT/v6.20.06-3f7fd/x86_64-centos7-gcc8-opt/lib/libHist.so
2b9f59035000-2b9f5905f000 r--p 003bc000 00:37 5454                       /cvmfs/sft.cern.ch/lcg/releases/ROOT/v6.20.06-3f7fd/x86_64-centos7-gcc8-opt/lib/libHist.so
2b9f5905f000-2b9f59063000 rw-p 003e6000 00:37 5454                       /cvmfs/sft.cern.ch/lcg/releases/ROOT/v6.20.06-3f7fd/x86_64-centos7-gcc8-opt/lib/libHist.so
2b9f59063000-2b9f5906e000 rw-p 00000000 00:00 0 
2b9f5906e000-2b9f591b8000 r-xp 00000000 00:37 5062                       /cvmfs/sft.cern.ch/lcg/releases/ROOT/v6.20.06-3f7fd/x86_64-centos7-gcc8-opt/lib/libGraf.so
2b9f591b8000-2b9f593b7000 ---p 0014a000 00:37 5062                       /cvmfs/sft.cern.ch/lcg/releases/ROOT/v6.20.06-3f7fd/x86_64-centos7-gcc8-opt/lib/libGraf.so
2b9f593b7000-2b9f593c5000 r--p 00149000 00:37 5062                       /cvmfs/sft.cern.ch/lcg/releases/ROOT/v6.20.06-3f7fd/x86_64-centos7-gcc8-opt/lib/libGraf.so
2b9f593c5000-2b9f593c9000 rw-p 00157000 00:37 5062                       /cvmfs/sft.cern.ch/lcg/releases/ROOT/v6.20.06-3f7fd/x86_64-centos7-gcc8-opt/lib/libGraf.so
2b9f593c9000-2b9f593d7000 rw-p 00000000 00:00 0 
2b9f593d7000-2b9f59476000 r-xp 00000000 00:37 5416                       /cvmfs/sft.cern.ch/lcg/releases/ROOT/v6.20.06-3f7fd/x86_64-centos7-gcc8-opt/lib/libGraf3d.so
2b9f59476000-2b9f59675000 ---p 0009f000 00:37 5416                       /cvmfs/sft.cern.ch/lcg/releases/ROOT/v6.20.06-3f7fd/x86_64-centos7-gcc8-opt/lib/libGraf3d.so
2b9f59675000-2b9f5967f000 r--p 0009e000 00:37 5416                       /cvmfs/sft.cern.ch/lcg/releases/ROOT/v6.20.06-3f7fd/x86_64-centos7-gcc8-opt/lib/libGraf3d.so
2b9f5967f000-2b9f59680000 rw-p 000a8000 00:37 5416                       /cvmfs/sft.cern.ch/lcg/releases/ROOT/v6.20.06-3f7fd/x86_64-centos7-gcc8-opt/lib/libGraf3d.so
2b9f59680000-2b9f59684000 rw-p 00000000 00:00 0 
2b9f59684000-2b9f5975f000 r-xp 00000000 00:37 5089                       /cvmfs/sft.cern.ch/lcg/releases/ROOT/v6.20.06-3f7fd/x86_64-centos7-gcc8-opt/lib/libGpad.so
2b9f5975f000-2b9f5995e000 ---p 000db000 00:37 5089                       /cvmfs/sft.cern.ch/lcg/releases/ROOT/v6.20.06-3f7fd/x86_64-centos7-gcc8-opt/lib/libGpad.so
2b9f5995e000-2b9f59968000 r--p 000da000 00:37 5089                       /cvmfs/sft.cern.ch/lcg/releases/ROOT/v6.20.06-3f7fd/x86_64-centos7-gcc8-opt/lib/libGpad.so
2b9f59968000-2b9f5996a000 rw-p 000e4000 00:37 5089                       /cvmfs/sft.cern.ch/lcg/releases/ROOT/v6.20.06-3f7fd/x86_64-centos7-gcc8-opt/lib/libGpad.so
2b9f5996a000-2b9f5996b000 rw-p 00000000 00:00 0 
2b9f5996b000-2b9f59a40000 r-xp 00000000 00:37 5012                       /cvmfs/sft.cern.ch/lcg/releases/ROOT/v6.20.06-3f7fd/x86_64-centos7-gcc8-opt/lib/libROOTVecOps.so
2b9f59a40000-2b9f59c3f000 ---p 000d5000 00:37 5012                       /cvmfs/sft.cern.ch/lcg/releases/ROOT/v6.20.06-3f7fd/x86_64-centos7-gcc8-opt/lib/libROOTVecOps.so
2b9f59c3f000-2b9f59c41000 r--p 000d4000 00:37 5012                       /cvmfs/sft.cern.ch/lcg/releases/ROOT/v6.20.06-3f7fd/x86_64-centos7-gcc8-opt/lib/libROOTVecOps.so
2b9f59c41000-2b9f59c42000 rw-p 000d6000 00:37 5012                       /cvmfs/sft.cern.ch/lcg/releases/ROOT/v6.20.06-3f7fd/x86_64-centos7-gcc8-opt/lib/libROOTVecOps.so
2b9f59c42000-2b9f59c44000 rw-p 00000000 00:00 0 
2b9f59c44000-2b9f59dae000 r-xp 00000000 00:37 5467                       /cvmfs/sft.cern.ch/lcg/releases/ROOT/v6.20.06-3f7fd/x86_64-centos7-gcc8-opt/lib/libTree.so
2b9f59dae000-2b9f59fad000 ---p 0016a000 00:37 5467                       /cvmfs/sft.cern.ch/lcg/releases/ROOT/v6.20.06-3f7fd/x86_64-centos7-gcc8-opt/lib/libTree.so
2b9f59fad000-2b9f59fbd000 r--p 00169000 00:37 5467                       /cvmfs/sft.cern.ch/lcg/releases/ROOT/v6.20.06-3f7fd/x86_64-centos7-gcc8-opt/lib/libTree.so
2b9f59fbd000-2b9f59fc0000 rw-p 00179000 00:37 5467                       /cvmfs/sft.cern.ch/lcg/releases/ROOT/v6.20.06-3f7fd/x86_64-centos7-gcc8-opt/lib/libTree.so
2b9f59fc0000-2b9f59fc4000 rw-p 00000000 00:00 0 
2b9f59fc4000-2b9f5a138000 r-xp 00000000 00:37 5262                       /cvmfs/sft.cern.ch/lcg/releases/ROOT/v6.20.06-3f7fd/x86_64-centos7-gcc8-opt/lib/libTreePlayer.so
2b9f5a138000-2b9f5a337000 ---p 00174000 00:37 5262                       /cvmfs/sft.cern.ch/lcg/releases/ROOT/v6.20.06-3f7fd/x86_64-centos7-gcc8-opt/lib/libTreePlayer.so
2b9f5a337000-2b9f5a342000 r--p 00173000 00:37 5262                       /cvmfs/sft.cern.ch/lcg/releases/ROOT/v6.20.06-3f7fd/x86_64-centos7-gcc8-opt/lib/libTreePlayer.so
2b9f5a342000-2b9f5a344000 rw-p 0017e000 00:37 5262                       /cvmfs/sft.cern.ch/lcg/releases/ROOT/v6.20.06-3f7fd/x86_64-centos7-gcc8-opt/lib/libTreePlayer.so
2b9f5a344000-2b9f5a34b000 rw-p 00000000 00:00 0 
2b9f5a34b000-2b9f5a372000 r-xp 00000000 00:37 5074                       /cvmfs/sft.cern.ch/lcg/releases/ROOT/v6.20.06-3f7fd/x86_64-centos7-gcc8-opt/lib/libRint.so
2b9f5a372000-2b9f5a571000 ---p 00027000 00:37 5074                       /cvmfs/sft.cern.ch/lcg/releases/ROOT/v6.20.06-3f7fd/x86_64-centos7-gcc8-opt/lib/libRint.so
2b9f5a571000-2b9f5a573000 r--p 00026000 00:37 5074                       /cvmfs/sft.cern.ch/lcg/releases/ROOT/v6.20.06-3f7fd/x86_64-centos7-gcc8-opt/lib/libRint.so
2b9f5a573000-2b9f5a574000 rw-p 00028000 00:37 5074                       /cvmfs/sft.cern.ch/lcg/releases/ROOT/v6.20.06-3f7fd/x86_64-centos7-gcc8-opt/lib/libRint.so
2b9f5a574000-2b9f5a5e3000 r-xp 00000000 00:37 5439                       /cvmfs/sft.cern.ch/lcg/releases/ROOT/v6.20.06-3f7fd/x86_64-centos7-gcc8-opt/lib/libPostscript.so
2b9f5a5e3000-2b9f5a7e3000 ---p 0006f000 00:37 5439                       /cvmfs/sft.cern.ch/lcg/releases/ROOT/v6.20.06-3f7fd/x86_64-centos7-gcc8-opt/lib/libPostscript.so
2b9f5a7e3000-2b9f5a7ea000 r--p 0006f000 00:37 5439                       /cvmfs/sft.cern.ch/lcg/releases/ROOT/v6.20.06-3f7fd/x86_64-centos7-gcc8-opt/lib/libPostscript.so
2b9f5a7ea000-2b9f5a7eb000 rw-p 00076000 00:37 5439                       /cvmfs/sft.cern.ch/lcg/releases/ROOT/v6.20.06-3f7fd/x86_64-centos7-gcc8-opt/lib/libPostscript.so
2b9f5a7eb000-2b9f5a7ec000 rw-p 00000000 00:00 0 
2b9f5a7ec000-2b9f5a957000 r-xp 00000000 00:37 5481                       /cvmfs/sft.cern.ch/lcg/releases/ROOT/v6.20.06-3f7fd/x86_64-centos7-gcc8-opt/lib/libMatrix.so
2b9f5a957000-2b9f5ab56000 ---p 0016b000 00:37 5481                       /cvmfs/sft.cern.ch/lcg/releases/ROOT/v6.20.06-3f7fd/x86_64-centos7-gcc8-opt/lib/libMatrix.so
2b9f5ab56000-2b9f5ab5e000 r--p 0016a000 00:37 5481                       /cvmfs/sft.cern.ch/lcg/releases/ROOT/v6.20.06-3f7fd/x86_64-centos7-gcc8-opt/lib/libMatrix.so
2b9f5ab5e000-2b9f5ab60000 rw-p 00172000 00:37 5481                       /cvmfs/sft.cern.ch/lcg/releases/ROOT/v6.20.06-3f7fd/x86_64-centos7-gcc8-opt/lib/libMatrix.so
2b9f5ab60000-2b9f5ab64000 rw-p 00000000 00:00 0 
2b9f5ab64000-2b9f5abac000 r-xp 00000000 00:37 5097                       /cvmfs/sft.cern.ch/lcg/releases/ROOT/v6.20.06-3f7fd/x86_64-centos7-gcc8-opt/lib/libPhysics.so
2b9f5abac000-2b9f5adac000 ---p 00048000 00:37 5097                       /cvmfs/sft.cern.ch/lcg/releases/ROOT/v6.20.06-3f7fd/x86_64-centos7-gcc8-opt/lib/libPhysics.so
2b9f5adac000-2b9f5adaf000 r--p 00048000 00:37 5097                       /cvmfs/sft.cern.ch/lcg/releases/ROOT/v6.20.06-3f7fd/x86_64-centos7-gcc8-opt/lib/libPhysics.so
2b9f5adaf000-2b9f5adb0000 rw-p 0004b000 00:37 5097                       /cvmfs/sft.cern.ch/lcg/releases/ROOT/v6.20.06-3f7fd/x86_64-centos7-gcc8-opt/lib/libPhysics.so
2b9f5adb0000-2b9f5adb1000 rw-p 00000000 00:00 0 
2b9f5adb1000-2b9f5afae000 r-xp 00000000 00:37 4860                       /cvmfs/sft.cern.ch/lcg/releases/ROOT/v6.20.06-3f7fd/x86_64-centos7-gcc8-opt/lib/libMathCore.so
2b9f5afae000-2b9f5b1ae000 ---p 001fd000 00:37 4860                       /cvmfs/sft.cern.ch/lcg/releases/ROOT/v6.20.06-3f7fd/x86_64-centos7-gcc8-opt/lib/libMathCore.so
2b9f5b1ae000-2b9f5b1b8000 r--p 001fd000 00:37 4860                       /cvmfs/sft.cern.ch/lcg/releases/ROOT/v6.20.06-3f7fd/x86_64-centos7-gcc8-opt/lib/libMathCore.so
2b9f5b1b8000-2b9f5b1bb000 rw-p 00207000 00:37 4860                       /cvmfs/sft.cern.ch/lcg/releases/ROOT/v6.20.06-3f7fd/x86_64-centos7-gcc8-opt/lib/libMathCore.so
2b9f5b1bb000-2b9f5b1c4000 rw-p 00000000 00:00 0 
2b9f5b1c4000-2b9f5b213000 r-xp 00000000 00:37 5100                       /cvmfs/sft.cern.ch/lcg/releases/ROOT/v6.20.06-3f7fd/x86_64-centos7-gcc8-opt/lib/libThread.so
2b9f5b213000-2b9f5b412000 ---p 0004f000 00:37 5100                       /cvmfs/sft.cern.ch/lcg/releases/ROOT/v6.20.06-3f7fd/x86_64-centos7-gcc8-opt/lib/libThread.so
2b9f5b412000-2b9f5b416000 r--p 0004e000 00:37 5100                       /cvmfs/sft.cern.ch/lcg/releases/ROOT/v6.20.06-3f7fd/x86_64-centos7-gcc8-opt/lib/libThread.so
2b9f5b416000-2b9f5b417000 rw-p 00052000 00:37 5100                       /cvmfs/sft.cern.ch/lcg/releases/ROOT/v6.20.06-3f7fd/x86_64-centos7-gcc8-opt/lib/libThread.so
2b9f5b417000-2b9f5b419000 rw-p 00000000 00:00 0 
2b9f5b419000-2b9f5b425000 r-xp 00000000 00:37 5320                       /cvmfs/sft.cern.ch/lcg/releases/ROOT/v6.20.06-3f7fd/x86_64-centos7-gcc8-opt/lib/libMultiProc.so
2b9f5b425000-2b9f5b624000 ---p 0000c000 00:37 5320                       /cvmfs/sft.cern.ch/lcg/releases/ROOT/v6.20.06-3f7fd/x86_64-centos7-gcc8-opt/lib/libMultiProc.so
2b9f5b624000-2b9f5b625000 r--p 0000b000 00:37 5320                       /cvmfs/sft.cern.ch/lcg/releases/ROOT/v6.20.06-3f7fd/x86_64-centos7-gcc8-opt/lib/libMultiProc.so
2b9f5b625000-2b9f5b626000 rw-p 0000c000 00:37 5320                       /cvmfs/sft.cern.ch/lcg/releases/ROOT/v6.20.06-3f7fd/x86_64-centos7-gcc8-opt/lib/libMultiProc.so
2b9f5b626000-2b9f5b6d8000 r-xp 00000000 00:37 5105                       /cvmfs/sft.cern.ch/lcg/releases/ROOT/v6.20.06-3f7fd/x86_64-centos7-gcc8-opt/lib/libROOTDataFrame.so
2b9f5b6d8000-2b9f5b8d8000 ---p 000b2000 00:37 5105                       /cvmfs/sft.cern.ch/lcg/releases/ROOT/v6.20.06-3f7fd/x86_64-centos7-gcc8-opt/lib/libROOTDataFrame.so
2b9f5b8d8000-2b9f5b8db000 r--p 000b2000 00:37 5105                       /cvmfs/sft.cern.ch/lcg/releases/ROOT/v6.20.06-3f7fd/x86_64-centos7-gcc8-opt/lib/libROOTDataFrame.so
2b9f5b8db000-2b9f5b8dd000 rw-p 000b5000 00:37 5105                       /cvmfs/sft.cern.ch/lcg/releases/ROOT/v6.20.06-3f7fd/x86_64-centos7-gcc8-opt/lib/libROOTDataFrame.so
2b9f5b8dd000-2b9f5b8e0000 rw-p 00000000 00:00 0 
2b9f5b8e0000-2b9f5b8e2000 r-xp 00000000 fd:00 656874                     /usr/lib64/libdl-2.17.so
2b9f5b8e2000-2b9f5bae2000 ---p 00002000 fd:00 656874                     /usr/lib64/libdl-2.17.so
2b9f5bae2000-2b9f5bae3000 r--p 00002000 fd:00 656874                     /usr/lib64/libdl-2.17.so
2b9f5bae3000-2b9f5bae4000 rw-p 00003000 fd:00 656874                     /usr/lib64/libdl-2.17.so
2b9f5bae4000-2b9f5baf3000 r-xp 00000000 00:2e 3362007893                 /direct/usatlas+u/jeff/RootUtilities/lib/libUtilities.so
2b9f5baf3000-2b9f5bcf2000 ---p 0000f000 00:2e 3362007893                 /direct/usatlas+u/jeff/RootUtilities/lib/libUtilities.so
2b9f5bcf2000-2b9f5bcf3000 r--p 0000e000 00:2e 3362007893                 /direct/usatlas+u/jeff/RootUtilities/lib/libUtilities.so
2b9f5bcf3000-2b9f5bcf4000 rw-p 0000f000 00:2e 3362007893                 /direct/usatlas+u/jeff/RootUtilities/lib/libUtilities.so
2b9f5bcf4000-2b9f5bcfc000 r-xp 00000000 00:33 56323298                   /gpfs/mnt/atlasgpfs01/usatlas/workarea/jeff/atlas-hi/lib/libAtlasUtils.so
2b9f5bcfc000-2b9f5befb000 ---p 00008000 00:33 56323298                   /gpfs/mnt/atlasgpfs01/usatlas/workarea/jeff/atlas-hi/lib/libAtlasUtils.so
2b9f5befb000-2b9f5befc000 r--p 00007000 00:33 56323298                   /gpfs/mnt/atlasgpfs01/usatlas/workarea/jeff/atlas-hi/lib/libAtlasUtils.so
2b9f5befc000-2b9f5befd000 rw-p 00008000 00:33 56323298                   /gpfs/mnt/atlasgpfs01/usatlas/workarea/jeff/atlas-hi/lib/libAtlasUtils.so
2b9f5befd000-2b9f5beff000 r-xp 00000000 00:33 56323256                   /gpfs/mnt/atlasgpfs01/usatlas/workarea/jeff/atlas-hi/lib/libAtlasStyle.so
2b9f5beff000-2b9f5c0fe000 ---p 00002000 00:33 56323256                   /gpfs/mnt/atlasgpfs01/usatlas/workarea/jeff/atlas-hi/lib/libAtlasStyle.so
2b9f5c0fe000-2b9f5c0ff000 r--p 00001000 00:33 56323256                   /gpfs/mnt/atlasgpfs01/usatlas/workarea/jeff/atlas-hi/lib/libAtlasStyle.so
2b9f5c0ff000-2b9f5c100000 rw-p 00002000 00:33 56323256                   /gpfs/mnt/atlasgpfs01/usatlas/workarea/jeff/atlas-hi/lib/libAtlasStyle.so
2b9f5c100000-2b9f5c10f000 r-xp 00000000 00:33 5086140                    /gpfs/mnt/atlasgpfs01/usatlas/workarea/jeff/HadronYieldsAnalysis/lib/libLocalUtilities.so
2b9f5c10f000-2b9f5c30e000 ---p 0000f000 00:33 5086140                    /gpfs/mnt/atlasgpfs01/usatlas/workarea/jeff/HadronYieldsAnalysis/lib/libLocalUtilities.so
2b9f5c30e000-2b9f5c30f000 r--p 0000e000 00:33 5086140                    /gpfs/mnt/atlasgpfs01/usatlas/workarea/jeff/HadronYieldsAnalysis/lib/libLocalUtilities.so
2b9f5c30f000-2b9f5c310000 rw-p 0000f000 00:33 5086140                    /gpfs/mnt/atlasgpfs01/usatlas/workarea/jeff/HadronYieldsAnalysis/lib/libLocalUtilities.so
2b9f5c310000-2b9f5c4e0000 rw-p 00000000 00:00 0 
2b9f5c4e0000-2b9f5c4f2000 r-xp 00000000 00:33 5086138                    /gpfs/mnt/atlasgpfs01/usatlas/workarea/jeff/HadronYieldsAnalysis/lib/libJetHadronSkimmer.so
2b9f5c4f2000-2b9f5c6f2000 ---p 00012000 00:33 5086138                    /gpfs/mnt/atlasgpfs01/usatlas/workarea/jeff/HadronYieldsAnalysis/lib/libJetHadronSkimmer.so
2b9f5c6f2000-2b9f5c6f3000 r--p 00012000 00:33 5086138                    /gpfs/mnt/atlasgpfs01/usatlas/workarea/jeff/HadronYieldsAnalysis/lib/libJetHadronSkimmer.so
2b9f5c6f3000-2b9f5c6f4000 rw-p 00013000 00:33 5086138                    /gpfs/mnt/atlasgpfs01/usatlas/workarea/jeff/HadronYieldsAnalysis/lib/libJetHadronSkimmer.so
2b9f5c6f4000-2b9f5c928000 rw-p 00000000 00:00 0 
2b9f5c928000-2b9f5c936000 r-xp 00000000 00:33 5086141                    /gpfs/mnt/atlasgpfs01/usatlas/workarea/jeff/HadronYieldsAnalysis/lib/libZDCAnalysis.so
2b9f5c936000-2b9f5cb36000 ---p 0000e000 00:33 5086141                    /gpfs/mnt/atlasgpfs01/usatlas/workarea/jeff/HadronYieldsAnalysis/lib/libZDCAnalysis.so
2b9f5cb36000-2b9f5cb37000 r--p 0000e000 00:33 5086141                    /gpfs/mnt/atlasgpfs01/usatlas/workarea/jeff/HadronYieldsAnalysis/lib/libZDCAnalysis.so
2b9f5cb37000-2b9f5cb38000 rw-p 0000f000 00:33 5086141                    /gpfs/mnt/atlasgpfs01/usatlas/workarea/jeff/HadronYieldsAnalysis/lib/libZDCAnalysis.so
2b9f5cb38000-2b9f5cd08000 rw-p 00000000 00:00 0 
2b9f5cd08000-2b9f5ce81000 r-xp 00000000 00:37 368335                     /cvmfs/sft.cern.ch/lcg/releases/gcc/8.3.0-cebb0/x86_64-centos7/lib64/libstdc++.so.6.0.25
2b9f5ce81000-2b9f5d081000 ---p 00179000 00:37 368335                     /cvmfs/sft.cern.ch/lcg/releases/gcc/8.3.0-cebb0/x86_64-centos7/lib64/libstdc++.so.6.0.25
2b9f5d081000-2b9f5d08b000 r--p 00179000 00:37 368335                     /cvmfs/sft.cern.ch/lcg/releases/gcc/8.3.0-cebb0/x86_64-centos7/lib64/libstdc++.so.6.0.25
2b9f5d08b000-2b9f5d08d000 rw-p 00183000 00:37 368335                     /cvmfs/sft.cern.ch/lcg/releases/gcc/8.3.0-cebb0/x86_64-centos7/lib64/libstdc++.so.6.0.25
2b9f5d08d000-2b9f5d091000 rw-p 00000000 00:00 0 
2b9f5d091000-2b9f5d191000 r-xp 00000000 fd:00 656876                     /usr/lib64/libm-2.17.so
2b9f5d191000-2b9f5d391000 ---p 00100000 fd:00 656876                     /usr/lib64/libm-2.17.so
2b9f5d391000-2b9f5d392000 r--p 00100000 fd:00 656876                     /usr/lib64/libm-2.17.so
2b9f5d392000-2b9f5d393000 rw-p 00101000 fd:00 656876                     /usr/lib64/libm-2.17.so
2b9f5d393000-2b9f5d3aa000 r-xp 00000000 00:37 368161                     /cvmfs/sft.cern.ch/lcg/releases/gcc/8.3.0-cebb0/x86_64-centos7/lib64/libgcc_s.so.1
2b9f5d3aa000-2b9f5d5a9000 ---p 00017000 00:37 368161                     /cvmfs/sft.cern.ch/lcg/releases/gcc/8.3.0-cebb0/x86_64-centos7/lib64/libgcc_s.so.1
2b9f5d5a9000-2b9f5d5aa000 r--p 00016000 00:37 368161                     /cvmfs/sft.cern.ch/lcg/releases/gcc/8.3.0-cebb0/x86_64-centos7/lib64/libgcc_s.so.1
2b9f5d5aa000-2b9f5d5ab000 rw-p 00017000 00:37 368161                     /cvmfs/sft.cern.ch/lcg/releases/gcc/8.3.0-cebb0/x86_64-centos7/lib64/libgcc_s.so.1
2b9f5d5ab000-2b9f5d5c2000 r-xp 00000000 fd:00 656894                     /usr/lib64/libpthread-2.17.so
2b9f5d5c2000-2b9f5d7c1000 ---p 00017000 fd:00 656894                     /usr/lib64/libpthread-2.17.so
2b9f5d7c1000-2b9f5d7c2000 r--p 00016000 fd:00 656894                     /usr/lib64/libpthread-2.17.so
2b9f5d7c2000-2b9f5d7c3000 rw-p 00017000 fd:00 656894                     /usr/lib64/libpthread-2.17.so
2b9f5d7c3000-2b9f5d7c7000 rw-p 00000000 00:00 0 
2b9f5d7c7000-2b9f5d97e000 r-xp 00000000 fd:00 656868                     /usr/lib64/libc-2.17.so
2b9f5d97e000-2b9f5db7d000 ---p 001b7000 fd:00 656868                     /usr/lib64/libc-2.17.so
2b9f5db7d000-2b9f5db81000 r--p 001b6000 fd:00 656868                     /usr/lib64/libc-2.17.so
2b9f5db81000-2b9f5db83000 rw-p 001ba000 fd:00 656868                     /usr/lib64/libc-2.17.so
2b9f5db83000-2b9f5db88000 rw-p 00000000 00:00 0 
2b9f5db88000-2b9f5dbad000 r-xp 00000000 fd:00 657114                     /usr/lib64/liblzma.so.5.2.2
2b9f5dbad000-2b9f5ddac000 ---p 00025000 fd:00 657114                     /usr/lib64/liblzma.so.5.2.2
2b9f5ddac000-2b9f5ddad000 r--p 00024000 fd:00 657114                     /usr/lib64/liblzma.so.5.2.2
2b9f5ddad000-2b9f5ddae000 rw-p 00025000 fd:00 657114                     /usr/lib64/liblzma.so.5.2.2
2b9f5ddae000-2b9f5ddc7000 r-xp 00000000 00:37 349771                     /cvmfs/sft.cern.ch/lcg/releases/zlib/1.2.11-da225/x86_64-centos7-gcc8-opt/lib/libz.so.1.2.11
2b9f5ddc7000-2b9f5dfc6000 ---p 00019000 00:37 349771                     /cvmfs/sft.cern.ch/lcg/releases/zlib/1.2.11-da225/x86_64-centos7-gcc8-opt/lib/libz.so.1.2.11
2b9f5dfc6000-2b9f5dfc7000 r--p 00018000 00:37 349771                     /cvmfs/sft.cern.ch/lcg/releases/zlib/1.2.11-da225/x86_64-centos7-gcc8-opt/lib/libz.so.1.2.11
2b9f5dfc7000-2b9f5dfc8000 rw-p 00019000 00:37 349771                     /cvmfs/sft.cern.ch/lcg/releases/zlib/1.2.11-da225/x86_64-centos7-gcc8-opt/lib/libz.so.1.2.11
2b9f5dfc8000-2b9f5e006000 r-xp 00000000 00:37 365369                     /cvmfs/sft.cern.ch/lcg/releases/tbb/2020_U1-bbcac/x86_64-centos7-gcc8-opt/lib/libtbb.so.2
2b9f5e006000-2b9f5e205000 ---p 0003e000 00:37 365369                     /cvmfs/sft.cern.ch/lcg/releases/tbb/2020_U1-bbcac/x86_64-centos7-gcc8-opt/lib/libtbb.so.2
2b9f5e205000-2b9f5e207000 r--p 0003d000 00:37 365369                     /cvmfs/sft.cern.ch/lcg/releases/tbb/2020_U1-bbcac/x86_64-centos7-gcc8-opt/lib/libtbb.so.2
2b9f5e207000-2b9f5e20a000 rw-p 0003f000 00:37 365369                     /cvmfs/sft.cern.ch/lcg/releases/tbb/2020_U1-bbcac/x86_64-centos7-gcc8-opt/lib/libtbb.so.2
2b9f5e20a000-2b9f5e20c000 rw-p 00000000 00:00 0 
2b9f5e20c000-2b9f5e273000 r-xp 00000000 fd:00 667368                     /usr/lib64/libssl.so.1.0.2k
2b9f5e273000-2b9f5e472000 ---p 00067000 fd:00 667368                     /usr/lib64/libssl.so.1.0.2k
2b9f5e472000-2b9f5e476000 r--p 00066000 fd:00 667368                     /usr/lib64/libssl.so.1.0.2k
2b9f5e476000-2b9f5e47d000 rw-p 0006a000 fd:00 667368                     /usr/lib64/libssl.so.1.0.2k
2b9f5e47d000-2b9f5e6b1000 r-xp 00000000 fd:00 667366                     /usr/lib64/libcrypto.so.1.0.2k
2b9f5e6b1000-2b9f5e8b1000 ---p 00234000 fd:00 667366                     /usr/lib64/libcrypto.so.1.0.2k
2b9f5e8b1000-2b9f5e8cd000 r--p 00234000 fd:00 667366                     /usr/lib64/libcrypto.so.1.0.2k
2b9f5e8cd000-2b9f5e8da000 rw-p 00250000 fd:00 667366                     /usr/lib64/libcrypto.so.1.0.2k
2b9f5e8da000-2b9f5e8de000 rw-p 00000000 00:00 0 
2b9f5e8de000-2b9f5e97e000 r-xp 00000000 fd:00 657053                     /usr/lib64/libfreetype.so.6.10.0
2b9f5e97e000-2b9f5eb7d000 ---p 000a0000 fd:00 657053                     /usr/lib64/libfreetype.so.6.10.0
2b9f5eb7d000-2b9f5eb83000 r--p 0009f000 fd:00 657053                     /usr/lib64/libfreetype.so.6.10.0
2b9f5eb83000-2b9f5eb84000 rw-p 000a5000 fd:00 657053                     /usr/lib64/libfreetype.so.6.10.0
2b9f5eb84000-2b9f5eb8f000 r-xp 00000000 00:37 365197                     /cvmfs/sft.cern.ch/lcg/releases/vdt/0.4.3-992df/x86_64-centos7-gcc8-opt/lib/libvdt.so
2b9f5eb8f000-2b9f5ed8f000 ---p 0000b000 00:37 365197                     /cvmfs/sft.cern.ch/lcg/releases/vdt/0.4.3-992df/x86_64-centos7-gcc8-opt/lib/libvdt.so
2b9f5ed8f000-2b9f5ed90000 r--p 0000b000 00:37 365197                     /cvmfs/sft.cern.ch/lcg/releases/vdt/0.4.3-992df/x86_64-centos7-gcc8-opt/lib/libvdt.so
2b9f5ed90000-2b9f5ed91000 rw-p 0000c000 00:37 365197                     /cvmfs/sft.cern.ch/lcg/releases/vdt/0.4.3-992df/x86_64-centos7-gcc8-opt/lib/libvdt.so
2b9f5ed91000-2b9f5edec000 r-xp 00000000 00:37 5301                       /cvmfs/sft.cern.ch/lcg/releases/ROOT/v6.20.06-3f7fd/x86_64-centos7-gcc8-opt/lib/libROOTNTuple.so
2b9f5edec000-2b9f5efec000 ---p 0005b000 00:37 5301                       /cvmfs/sft.cern.ch/lcg/releases/ROOT/v6.20.06-3f7fd/x86_64-centos7-gcc8-opt/lib/libROOTNTuple.so
2b9f5efec000-2b9f5efee000 r--p 0005b000 00:37 5301                       /cvmfs/sft.cern.ch/lcg/releases/ROOT/v6.20.06-3f7fd/x86_64-centos7-gcc8-opt/lib/libROOTNTuple.so
2b9f5efee000-2b9f5efef000 rw-p 0005d000 00:37 5301                       /cvmfs/sft.cern.ch/lcg/releases/ROOT/v6.20.06-3f7fd/x86_64-centos7-gcc8-opt/lib/libROOTNTuple.so
2b9f5efef000-2b9f5eff0000 rw-p 00000000 00:00 0 
2b9f5eff0000-2b9f5f0fa000 r-xp 00000000 00:37 67507                      /cvmfs/sft.cern.ch/lcg/releases/sqlite/3280000-472f2/x86_64-centos7-gcc8-opt/lib/libsqlite3.so.0.8.6
2b9f5f0fa000-2b9f5f2f9000 ---p 0010a000 00:37 67507                      /cvmfs/sft.cern.ch/lcg/releases/sqlite/3280000-472f2/x86_64-centos7-gcc8-opt/lib/libsqlite3.so.0.8.6
2b9f5f2f9000-2b9f5f2fc000 r--p 00109000 00:37 67507                      /cvmfs/sft.cern.ch/lcg/releases/sqlite/3280000-472f2/x86_64-centos7-gcc8-opt/lib/libsqlite3.so.0.8.6
2b9f5f2fc000-2b9f5f2ff000 rw-p 0010c000 00:37 67507                      /cvmfs/sft.cern.ch/lcg/releases/sqlite/3280000-472f2/x86_64-centos7-gcc8-opt/lib/libsqlite3.so.0.8.6
2b9f5f2ff000-2b9f5f300000 rw-p 00000000 00:00 0 
2b9f5f300000-2b9f5f307000 r-xp 00000000 fd:00 656898                     /usr/lib64/librt-2.17.so
2b9f5f307000-2b9f5f506000 ---p 00007000 fd:00 656898                     /usr/lib64/librt-2.17.so
2b9f5f506000-2b9f5f507000 r--p 00006000 fd:00 656898                     /usr/lib64/librt-2.17.so
2b9f5f507000-2b9f5f508000 rw-p 00007000 fd:00 656898                     /usr/lib64/librt-2.17.so
2b9f5f508000-2b9f5f553000 r-xp 00000000 fd:00 667343                     /usr/lib64/libgssapi_krb5.so.2.2
2b9f5f553000-2b9f5f753000 ---p 0004b000 fd:00 667343                     /usr/lib64/libgssapi_krb5.so.2.2
2b9f5f753000-2b9f5f754000 r--p 0004b000 fd:00 667343                     /usr/lib64/libgssapi_krb5.so.2.2
2b9f5f754000-2b9f5f756000 rw-p 0004c000 fd:00 667343                     /usr/lib64/libgssapi_krb5.so.2.2
2b9f5f756000-2b9f5f82c000 r-xp 00000000 fd:00 667353                     /usr/lib64/libkrb5.so.3.3
2b9f5f82c000-2b9f5fa2c000 ---p 000d6000 fd:00 667353                     /usr/lib64/libkrb5.so.3.3
2b9f5fa2c000-2b9f5fa3a000 r--p 000d6000 fd:00 667353                     /usr/lib64/libkrb5.so.3.3
2b9f5fa3a000-2b9f5fa3d000 rw-p 000e4000 fd:00 667353                     /usr/lib64/libkrb5.so.3.3
2b9f5fa3d000-2b9f5fa40000 r-xp 00000000 fd:00 657055                     /usr/lib64/libcom_err.so.2.1
2b9f5fa40000-2b9f5fc3f000 ---p 00003000 fd:00 657055                     /usr/lib64/libcom_err.so.2.1
2b9f5fc3f000-2b9f5fc40000 r--p 00002000 fd:00 657055                     /usr/lib64/libcom_err.so.2.1
2b9f5fc40000-2b9f5fc41000 rw-p 00003000 fd:00 657055                     /usr/lib64/libcom_err.so.2.1
2b9f5fc41000-2b9f5fc70000 r-xp 00000000 fd:00 667347                     /usr/lib64/libk5crypto.so.3.1
2b9f5fc70000-2b9f5fe6f000 ---p 0002f000 fd:00 667347                     /usr/lib64/libk5crypto.so.3.1
2b9f5fe6f000-2b9f5fe71000 r--p 0002e000 fd:00 667347                     /usr/lib64/libk5crypto.so.3.1
2b9f5fe71000-2b9f5fe72000 rw-p 00030000 fd:00 667347                     /usr/lib64/libk5crypto.so.3.1
2b9f5fe72000-2b9f5fe73000 rw-p 00000000 00:00 0 
2b9f5fe73000-2b9f5fe80000 r-xp 00000000 fd:00 667355                     /usr/lib64/libkrb5support.so.0.1
2b9f5fe80000-2b9f60080000 ---p 0000d000 fd:00 667355                     /usr/lib64/libkrb5support.so.0.1
2b9f60080000-2b9f60081000 r--p 0000d000 fd:00 667355                     /usr/lib64/libkrb5support.so.0.1
2b9f60081000-2b9f60082000 rw-p 0000e000 fd:00 667355                     /usr/lib64/libkrb5support.so.0.1
2b9f60082000-2b9f60085000 r-xp 00000000 fd:00 657352                     /usr/lib64/libkeyutils.so.1.5
2b9f60085000-2b9f60284000 ---p 00003000 fd:00 657352                     /usr/lib64/libkeyutils.so.1.5
2b9f60284000-2b9f60285000 r--p 00002000 fd:00 657352                     /usr/lib64/libkeyutils.so.1.5
2b9f60285000-2b9f60286000 rw-p 00003000 fd:00 657352                     /usr/lib64/libkeyutils.so.1.5
2b9f60286000-2b9f6029c000 r-xp 00000000 fd:00 656896                     /usr/lib64/libresolv-2.17.so
2b9f6029c000-2b9f6049c000 ---p 00016000 fd:00 656896                     /usr/lib64/libresolv-2.17.so
2b9f6049c000-2b9f6049d000 r--p 00016000 fd:00 656896                     /usr/lib64/libresolv-2.17.so
2b9f6049d000-2b9f6049e000 rw-p 00017000 fd:00 656896                     /usr/lib64/libresolv-2.17.so
2b9f6049e000-2b9f604a0000 rw-p 00000000 00:00 0 
2b9f604a0000-2b9f604c4000 r-xp 00000000 fd:00 657038                     /usr/lib64/libselinux.so.1
2b9f604c4000-2b9f606c3000 ---p 00024000 fd:00 657038                     /usr/lib64/libselinux.so.1
2b9f606c3000-2b9f606c4000 r--p 00023000 fd:00 657038                     /usr/lib64/libselinux.so.1
2b9f606c4000-2b9f606c5000 rw-p 00024000 fd:00 657038                     /usr/lib64/libselinux.so.1
2b9f606c5000-2b9f606c7000 rw-p 00000000 00:00 0 
2b9f606c7000-2b9f60727000 r-xp 00000000 fd:00 657029                     /usr/lib64/libpcre.so.1.2.0
2b9f60727000-2b9f60926000 ---p 00060000 fd:00 657029                     /usr/lib64/libpcre.so.1.2.0
2b9f60926000-2b9f60927000 r--p 0005f000 fd:00 657029                     /usr/lib64/libpcre.so.1.2.0
2b9f60927000-2b9f60928000 rw-p 00060000 fd:00 657029                     /usr/lib64/libpcre.so.1.2.0
2b9f60928000-2b9f61128000 rw-p 00000000 00:00 0 
2b9f61128000-2b9f64011000 r-xp 00000000 00:37 5420                       /cvmfs/sft.cern.ch/lcg/releases/ROOT/v6.20.06-3f7fd/x86_64-centos7-gcc8-opt/lib/libCling.so
2b9f64011000-2b9f64211000 ---p 02ee9000 00:37 5420                       /cvmfs/sft.cern.ch/lcg/releases/ROOT/v6.20.06-3f7fd/x86_64-centos7-gcc8-opt/lib/libCling.so
2b9f64211000-2b9f64423000 r--p 02ee9000 00:37 5420                       /cvmfs/sft.cern.ch/lcg/releases/ROOT/v6.20.06-3f7fd/x86_64-centos7-gcc8-opt/lib/libCling.so
2b9f64423000-2b9f6442e000 rw-p 030fb000 00:37 5420                       /cvmfs/sft.cern.ch/lcg/releases/ROOT/v6.20.06-3f7fd/x86_64-centos7-gcc8-opt/lib/libCling.so
2b9f6442e000-2b9f6445b000 rw-p 00000000 00:00 0 
2b9f6445b000-2b9f64480000 r-xp 00000000 fd:00 656936                     /usr/lib64/libtinfo.so.5.9
2b9f64480000-2b9f64680000 ---p 00025000 fd:00 656936                     /usr/lib64/libtinfo.so.5.9
2b9f64680000-2b9f64684000 r--p 00025000 fd:00 656936                     /usr/lib64/libtinfo.so.5.9
2b9f64684000-2b9f64685000 rw-p 00029000 fd:00 656936                     /usr/lib64/libtinfo.so.5.9
2b9f64685000-2b9f646b6000 rw-p 00000000 00:00 0 
2b9f646b6000-2b9f659ea000 r--p 00000000 00:37 5355                       /cvmfs/sft.cern.ch/lcg/releases/ROOT/v6.20.06-3f7fd/x86_64-centos7-gcc8-opt/lib/std.pcm
2b9f659ea000-2b9f65b2a000 r--p 00000000 00:37 5331                       /cvmfs/sft.cern.ch/lcg/releases/ROOT/v6.20.06-3f7fd/x86_64-centos7-gcc8-opt/lib/libc.pcm
2b9f65b2a000-2b9f65b47000 r--p 00000000 00:37 5358                       /cvmfs/sft.cern.ch/lcg/releases/ROOT/v6.20.06-3f7fd/x86_64-centos7-gcc8-opt/lib/Cling_Runtime.pcm
2b9f65b47000-2b9f65b72000 r--p 00000000 00:37 5284                       /cvmfs/sft.cern.ch/lcg/releases/ROOT/v6.20.06-3f7fd/x86_64-centos7-gcc8-opt/lib/Cling_Runtime_Extra.pcm
2b9f65b72000-2b9f65bba000 r--p 00000000 00:37 5390                       /cvmfs/sft.cern.ch/lcg/releases/ROOT/v6.20.06-3f7fd/x86_64-centos7-gcc8-opt/lib/ROOT_Foundation_C.pcm
2b9f65bba000-2b9f65bd3000 r--p 00000000 00:37 5050                       /cvmfs/sft.cern.ch/lcg/releases/ROOT/v6.20.06-3f7fd/x86_64-centos7-gcc8-opt/lib/ROOT_Rtypes.pcm
2b9f65bd3000-2b9f65bf1000 r--p 00000000 00:37 5332                       /cvmfs/sft.cern.ch/lcg/releases/ROOT/v6.20.06-3f7fd/x86_64-centos7-gcc8-opt/lib/ROOT_Config.pcm
2b9f65bf1000-2b9f65c7f000 r--p 00000000 00:37 5369                       /cvmfs/sft.cern.ch/lcg/releases/ROOT/v6.20.06-3f7fd/x86_64-centos7-gcc8-opt/lib/ProofBench.pcm
2b9f65ce7000-2b9f65d73000 r--p 00000000 00:37 5289                       /cvmfs/sft.cern.ch/lcg/releases/ROOT/v6.20.06-3f7fd/x86_64-centos7-gcc8-opt/lib/Unfold.pcm
2b9f65d73000-2b9f65dde000 r--p 00000000 00:37 5070                       /cvmfs/sft.cern.ch/lcg/releases/ROOT/v6.20.06-3f7fd/x86_64-centos7-gcc8-opt/lib/RHTTPSniff.pcm
2b9f65de7000-2b9f661db000 r--p 00000000 00:37 5263                       /cvmfs/sft.cern.ch/lcg/releases/ROOT/v6.20.06-3f7fd/x86_64-centos7-gcc8-opt/lib/_Builtin_intrinsics.pcm
2b9f661db000-2b9f6628c000 r--p 00000000 00:37 5266                       /cvmfs/sft.cern.ch/lcg/releases/ROOT/v6.20.06-3f7fd/x86_64-centos7-gcc8-opt/lib/ROOT_Foundation_Stage1_NoRTTI.pcm
2b9f6628c000-2b9f66bb5000 r--p 00000000 00:37 5316                       /cvmfs/sft.cern.ch/lcg/releases/ROOT/v6.20.06-3f7fd/x86_64-centos7-gcc8-opt/lib/Core.pcm
2b9f66bb5000-2b9f66cdd000 r--p 00000000 00:37 5449                       /cvmfs/sft.cern.ch/lcg/releases/ROOT/v6.20.06-3f7fd/x86_64-centos7-gcc8-opt/lib/Gdml.pcm
2b9f66cdd000-2b9f66e3a000 r--p 00000000 00:37 4767                       /cvmfs/sft.cern.ch/lcg/releases/ROOT/v6.20.06-3f7fd/x86_64-centos7-gcc8-opt/lib/WebGui6.pcm
2b9f66e59000-2b9f67137000 r--p 00000000 00:37 5350                       /cvmfs/sft.cern.ch/lcg/releases/ROOT/v6.20.06-3f7fd/x86_64-centos7-gcc8-opt/lib/RIO.pcm
2b9f67137000-2b9f672c7000 r--p 00000000 00:37 5380                       /cvmfs/sft.cern.ch/lcg/releases/ROOT/v6.20.06-3f7fd/x86_64-centos7-gcc8-opt/lib/Thread.pcm
2b9f672c7000-2b9f6770c000 r--p 00000000 00:37 5298                       /cvmfs/sft.cern.ch/lcg/releases/ROOT/v6.20.06-3f7fd/x86_64-centos7-gcc8-opt/lib/Hist.pcm
2b9f6770c000-2b9f67efc000 r--p 00000000 00:37 5504                       /cvmfs/sft.cern.ch/lcg/releases/ROOT/v6.20.06-3f7fd/x86_64-centos7-gcc8-opt/lib/MathCore.pcm
2b9f67efc000-2b9f67fc1000 r--p 00000000 00:37 5373                       /cvmfs/sft.cern.ch/lcg/releases/ROOT/v6.20.06-3f7fd/x86_64-centos7-gcc8-opt/lib/Imt.pcm
2b9f67fc1000-2b9f6813c000 r--p 00000000 00:37 5335                       /cvmfs/sft.cern.ch/lcg/releases/ROOT/v6.20.06-3f7fd/x86_64-centos7-gcc8-opt/lib/Matrix.pcm
2b9f6813c000-2b9f681b2000 r--p 00000000 00:37 5400                       /cvmfs/sft.cern.ch/lcg/releases/ROOT/v6.20.06-3f7fd/x86_64-centos7-gcc8-opt/lib/XMLParser.pcm
2b9f681b2000-2b9f682df000 r--p 00000000 00:37 4760                       /cvmfs/sft.cern.ch/lcg/releases/ROOT/v6.20.06-3f7fd/x86_64-centos7-gcc8-opt/lib/RHTTP.pcm
2b9f682df000-2b9f68383000 r--p 00000000 00:37 5057                       /cvmfs/sft.cern.ch/lcg/releases/ROOT/v6.20.06-3f7fd/x86_64-centos7-gcc8-opt/lib/FitPanel.pcm
2b9f68383000-2b9f686b0000 r--p 00000000 00:37 5377                       /cvmfs/sft.cern.ch/lcg/releases/ROOT/v6.20.06-3f7fd/x86_64-centos7-gcc8-opt/lib/Gui.pcm
2b9f686b0000-2b9f687ab000 r--p 00000000 00:37 4757                       /cvmfs/sft.cern.ch/lcg/releases/ROOT/v6.20.06-3f7fd/x86_64-centos7-gcc8-opt/lib/Graf.pcm
2b9f687ab000-2b9f68a44000 r--p 00000000 00:37 5595                       /cvmfs/sft.cern.ch/lcg/releases/ROOT/v6.20.06-3f7fd/x86_64-centos7-gcc8-opt/lib/ROOTVecOps.pcm
2b9f68a44000-2b9f68ada000 r--p 00000000 00:37 5282                       /cvmfs/sft.cern.ch/lcg/releases/ROOT/v6.20.06-3f7fd/x86_64-centos7-gcc8-opt/lib/RDAVIX.pcm
2b9f68ada000-2b9f68bc5000 r--p 00000000 00:37 5323                       /cvmfs/sft.cern.ch/lcg/releases/ROOT/v6.20.06-3f7fd/x86_64-centos7-gcc8-opt/lib/RMySQL.pcm
2b9f68bc5000-2b9f68cd0000 r--p 00000000 00:37 5288                       /cvmfs/sft.cern.ch/lcg/releases/ROOT/v6.20.06-3f7fd/x86_64-centos7-gcc8-opt/lib/Net.pcm
2b9f68cd0000-2b9f68d3d000 r--p 00000000 00:37 5313                       /cvmfs/sft.cern.ch/lcg/releases/ROOT/v6.20.06-3f7fd/x86_64-centos7-gcc8-opt/lib/GFAL.pcm
2b9f68d72000-2b9f68e29000 r--p 00000000 00:37 5531                       /cvmfs/sft.cern.ch/lcg/releases/ROOT/v6.20.06-3f7fd/x86_64-centos7-gcc8-opt/lib/Physics.pcm
2b9f68e29000-2b9f68ea2000 r--p 00000000 00:37 5514                       /cvmfs/sft.cern.ch/lcg/releases/ROOT/v6.20.06-3f7fd/x86_64-centos7-gcc8-opt/lib/Genetic.pcm
2b9f68ea2000-2b9f69104000 r--p 00000000 00:37 5387                       /cvmfs/sft.cern.ch/lcg/releases/ROOT/v6.20.06-3f7fd/x86_64-centos7-gcc8-opt/lib/Tree.pcm
2b9f69104000-2b9f69178000 r--p 00000000 00:37 5348                       /cvmfs/sft.cern.ch/lcg/releases/ROOT/v6.20.06-3f7fd/x86_64-centos7-gcc8-opt/lib/DCache.pcm
2b9f69178000-2b9f69249000 r--p 00000000 00:37 5366                       /cvmfs/sft.cern.ch/lcg/releases/ROOT/v6.20.06-3f7fd/x86_64-centos7-gcc8-opt/lib/Gpad.pcm
2b9f69249000-2b9f69729000 r--p 00000000 00:37 5341                       /cvmfs/sft.cern.ch/lcg/releases/ROOT/v6.20.06-3f7fd/x86_64-centos7-gcc8-opt/lib/RGL.pcm
2b9f69729000-2b9f69818000 r--p 00000000 00:37 5425                       /cvmfs/sft.cern.ch/lcg/releases/ROOT/v6.20.06-3f7fd/x86_64-centos7-gcc8-opt/lib/Ged.pcm
2b9f69818000-2b9f69880000 r--p 00000000 00:37 5386                       /cvmfs/sft.cern.ch/lcg/releases/ROOT/v6.20.06-3f7fd/x86_64-centos7-gcc8-opt/lib/RCsg.pcm
2b9f69880000-2b9f69da4000 r--p 00000000 00:37 5396                       /cvmfs/sft.cern.ch/lcg/releases/ROOT/v6.20.06-3f7fd/x86_64-centos7-gcc8-opt/lib/ROOTEve.pcm
2b9f69da4000-2b9f6a096000 r--p 00000000 00:37 5285                       /cvmfs/sft.cern.ch/lcg/releases/ROOT/v6.20.06-3f7fd/x86_64-centos7-gcc8-opt/lib/Geom.pcm
2b9f6a096000-2b9f6a222000 r--p 00000000 00:37 5338                       /cvmfs/sft.cern.ch/lcg/releases/ROOT/v6.20.06-3f7fd/x86_64-centos7-gcc8-opt/lib/ROOTWebDisplay.pcm
2b9f6a222000-2b9f6a2b5000 r--p 00000000 00:37 5037                       /cvmfs/sft.cern.ch/lcg/releases/ROOT/v6.20.06-3f7fd/x86_64-centos7-gcc8-opt/lib/EG.pcm
2b9f6a2b5000-2b9f6a388000 r--p 00000000 00:37 5376                       /cvmfs/sft.cern.ch/lcg/releases/ROOT/v6.20.06-3f7fd/x86_64-centos7-gcc8-opt/lib/Graf3d.pcm
2b9f6a388000-2b9f6a3e9000 rw-p 00000000 00:00 0 
2b9f6a3e9000-2b9f6a770000 r--p 00000000 00:37 5002                       /cvmfs/sft.cern.ch/lcg/releases/ROOT/v6.20.06-3f7fd/x86_64-centos7-gcc8-opt/lib/TreePlayer.pcm
2b9f6a770000-2b9f6a881000 r--p 00000000 00:37 5269                       /cvmfs/sft.cern.ch/lcg/releases/ROOT/v6.20.06-3f7fd/x86_64-centos7-gcc8-opt/lib/MultiProc.pcm
2b9f6a881000-2b9f6a8ee000 r--p 00000000 00:37 5393                       /cvmfs/sft.cern.ch/lcg/releases/ROOT/v6.20.06-3f7fd/x86_64-centos7-gcc8-opt/lib/SPlot.pcm
2b9f6a8ee000-2b9f6a960000 r--p 00000000 00:37 5343                       /cvmfs/sft.cern.ch/lcg/releases/ROOT/v6.20.06-3f7fd/x86_64-centos7-gcc8-opt/lib/Hbook.pcm
2b9f6a960000-2b9f6aa39000 r--p 00000000 00:37 5292                       /cvmfs/sft.cern.ch/lcg/releases/ROOT/v6.20.06-3f7fd/x86_64-centos7-gcc8-opt/lib/GeomBuilder.pcm
2b9f6aa39000-2b9f6aaaa000 r--p 00000000 00:37 4873                       /cvmfs/sft.cern.ch/lcg/releases/ROOT/v6.20.06-3f7fd/x86_64-centos7-gcc8-opt/lib/Rint.pcm
2b9f6aaaa000-2b9f6ac24000 r--p 00000000 00:37 5317                       /cvmfs/sft.cern.ch/lcg/releases/ROOT/v6.20.06-3f7fd/x86_64-centos7-gcc8-opt/lib/Proof.pcm
2b9f6ac24000-2b9f6acb1000 r--p 00000000 00:37 5361                       /cvmfs/sft.cern.ch/lcg/releases/ROOT/v6.20.06-3f7fd/x86_64-centos7-gcc8-opt/lib/Recorder.pcm
2b9f6acb1000-2b9f6ad3e000 r--p 00000000 00:37 4753                       /cvmfs/sft.cern.ch/lcg/releases/ROOT/v6.20.06-3f7fd/x86_64-centos7-gcc8-opt/lib/GuiBld.pcm
2b9f6ad3e000-2b9f6ae33000 r--p 00000000 00:37 4758                       /cvmfs/sft.cern.ch/lcg/releases/ROOT/v6.20.06-3f7fd/x86_64-centos7-gcc8-opt/lib/XMLIO.pcm
2b9f6ae33000-2b9f6aea1000 r--p 00000000 00:37 5495                       /cvmfs/sft.cern.ch/lcg/releases/ROOT/v6.20.06-3f7fd/x86_64-centos7-gcc8-opt/lib/GX11TTF.pcm
2b9f6aea1000-2b9f6af18000 r--p 00000000 00:37 5352                       /cvmfs/sft.cern.ch/lcg/releases/ROOT/v6.20.06-3f7fd/x86_64-centos7-gcc8-opt/lib/GX11.pcm
2b9f6af18000-2b9f6afd9000 r--p 00000000 00:37 5325                       /cvmfs/sft.cern.ch/lcg/releases/ROOT/v6.20.06-3f7fd/x86_64-centos7-gcc8-opt/lib/ProofPlayer.pcm
2b9f6afd9000-2b9f6b355000 r--p 00000000 00:37 5337                       /cvmfs/sft.cern.ch/lcg/releases/ROOT/v6.20.06-3f7fd/x86_64-centos7-gcc8-opt/lib/ROOTHistDraw.pcm
2b9f6b355000-2b9f6b8b1000 r--p 00000000 00:37 7523                       /cvmfs/sft.cern.ch/lcg/releases/ROOT/v6.20.06-3f7fd/x86_64-centos7-gcc8-opt/lib/ROOTGpadv7.pcm
2b9f6b8b1000-2b9f6bb47000 r--p 00000000 00:37 5244                       /cvmfs/sft.cern.ch/lcg/releases/ROOT/v6.20.06-3f7fd/x86_64-centos7-gcc8-opt/lib/ROOTHist.pcm
2b9f6bb47000-2b9f6bc77000 r--p 00000000 00:37 5328                       /cvmfs/sft.cern.ch/lcg/releases/ROOT/v6.20.06-3f7fd/x86_64-centos7-gcc8-opt/lib/MathMore.pcm
2b9f6bc77000-2b9f6bcea000 r--p 00000000 00:37 4973                       /cvmfs/sft.cern.ch/lcg/releases/ROOT/v6.20.06-3f7fd/x86_64-centos7-gcc8-opt/lib/Netx.pcm
2b9f6bcea000-2b9f6bd5b000 r--p 00000000 00:37 6455                       /cvmfs/sft.cern.ch/lcg/releases/ROOT/v6.20.06-3f7fd/x86_64-centos7-gcc8-opt/lib/SpectrumPainter.pcm
2b9f6bd5b000-2b9f6bde5000 r--p 00000000 00:37 5321                       /cvmfs/sft.cern.ch/lcg/releases/ROOT/v6.20.06-3f7fd/x86_64-centos7-gcc8-opt/lib/NetxNG.pcm
2b9f6bde5000-2b9f6be70000 r--p 00000000 00:37 5265                       /cvmfs/sft.cern.ch/lcg/releases/ROOT/v6.20.06-3f7fd/x86_64-centos7-gcc8-opt/lib/Minuit.pcm
2b9f6be70000-2b9f6ce51000 r--p 00000000 00:37 5273                       /cvmfs/sft.cern.ch/lcg/releases/ROOT/v6.20.06-3f7fd/x86_64-centos7-gcc8-opt/lib/TMVA.pcm
2b9f6ce51000-2b9f6d99f000 r--p 00000000 00:37 5513                       /cvmfs/sft.cern.ch/lcg/releases/ROOT/v6.20.06-3f7fd/x86_64-centos7-gcc8-opt/lib/ROOTDataFrame.pcm
2b9f6d99f000-2b9f6daa0000 rw-p 00000000 00:00 0 
2b9f6daa0000-2b9f6dfe7000 rw-p 00000000 00:00 0 
2b9f6dfe7000-2b9f6e0f9000 r--p 00000000 00:37 5368                       /cvmfs/sft.cern.ch/lcg/releases/ROOT/v6.20.06-3f7fd/x86_64-centos7-gcc8-opt/lib/ROOTFitPanelv7.pcm
2b9f6e0f9000-2b9f6e3b0000 r--p 00000000 00:37 5383                       /cvmfs/sft.cern.ch/lcg/releases/ROOT/v6.20.06-3f7fd/x86_64-centos7-gcc8-opt/lib/Smatrix.pcm
2b9f6e3b0000-2b9f6e434000 r--p 00000000 00:37 5043                       /cvmfs/sft.cern.ch/lcg/releases/ROOT/v6.20.06-3f7fd/x86_64-centos7-gcc8-opt/lib/PyROOT.pcm
2b9f6e434000-2b9f6e4db000 r--p 00000000 00:37 5395                       /cvmfs/sft.cern.ch/lcg/releases/ROOT/v6.20.06-3f7fd/x86_64-centos7-gcc8-opt/lib/SessionViewer.pcm
2b9f6e4db000-2b9f6e56a000 r--p 00000000 00:37 4822                       /cvmfs/sft.cern.ch/lcg/releases/ROOT/v6.20.06-3f7fd/x86_64-centos7-gcc8-opt/lib/PyMVA.pcm
2b9f6e56a000-2b9f6e5f5000 r--p 00000000 00:37 5345                       /cvmfs/sft.cern.ch/lcg/releases/ROOT/v6.20.06-3f7fd/x86_64-centos7-gcc8-opt/lib/HistPainter.pcm
2b9f6e5f5000-2b9f6e6c2000 r--p 00000000 00:37 5452                       /cvmfs/sft.cern.ch/lcg/releases/ROOT/v6.20.06-3f7fd/x86_64-centos7-gcc8-opt/lib/ProofDraw.pcm
2b9f6e6c2000-2b9f6e76e000 r--p 00000000 00:37 5277                       /cvmfs/sft.cern.ch/lcg/releases/ROOT/v6.20.06-3f7fd/x86_64-centos7-gcc8-opt/lib/Unuran.pcm
2b9f6e76e000-2b9f6e805000 r--p 00000000 00:37 5319                       /cvmfs/sft.cern.ch/lcg/releases/ROOT/v6.20.06-3f7fd/x86_64-centos7-gcc8-opt/lib/Quadp.pcm
2b9f6e805000-2b9f6ed1c000 r--p 00000000 00:37 5492                       /cvmfs/sft.cern.ch/lcg/releases/ROOT/v6.20.06-3f7fd/x86_64-centos7-gcc8-opt/lib/Eve.pcm
2b9f6ed1c000-2b9f6edcb000 r--p 00000000 00:37 5862                       /cvmfs/sft.cern.ch/lcg/releases/ROOT/v6.20.06-3f7fd/x86_64-centos7-gcc8-opt/lib/TreeViewer.pcm
2b9f6edcb000-2b9f6ee4e000 r--p 00000000 00:37 5308                       /cvmfs/sft.cern.ch/lcg/releases/ROOT/v6.20.06-3f7fd/x86_64-centos7-gcc8-opt/lib/GeomPainter.pcm
2b9f6ee4e000-2b9f6f4d6000 r--p 00000000 00:37 5291                       /cvmfs/sft.cern.ch/lcg/releases/ROOT/v6.20.06-3f7fd/x86_64-centos7-gcc8-opt/lib/ROOTNTuple.pcm
2b9f6f4d6000-2b9f6f7d2000 r--p 00000000 00:37 5225                       /cvmfs/sft.cern.ch/lcg/releases/ROOT/v6.20.06-3f7fd/x86_64-centos7-gcc8-opt/lib/HistFactory.pcm
2b9f6f7d2000-2b9f706a8000 r--p 00000000 00:37 5401                       /cvmfs/sft.cern.ch/lcg/releases/ROOT/v6.20.06-3f7fd/x86_64-centos7-gcc8-opt/lib/RooFitCore.pcm
2b9f706a8000-2b9f70729000 r--p 00000000 00:37 5315                       /cvmfs/sft.cern.ch/lcg/releases/ROOT/v6.20.06-3f7fd/x86_64-centos7-gcc8-opt/lib/Foam.pcm
2b9f70729000-2b9f707b9000 r--p 00000000 00:37 5389                       /cvmfs/sft.cern.ch/lcg/releases/ROOT/v6.20.06-3f7fd/x86_64-centos7-gcc8-opt/lib/Spectrum.pcm
2b9f707b9000-2b9f70852000 r--p 00000000 00:37 5399                       /cvmfs/sft.cern.ch/lcg/releases/ROOT/v6.20.06-3f7fd/x86_64-centos7-gcc8-opt/lib/GuiHtml.pcm
2b9f70852000-2b9f708db000 r--p 00000000 00:37 5446                       /cvmfs/sft.cern.ch/lcg/releases/ROOT/v6.20.06-3f7fd/x86_64-centos7-gcc8-opt/lib/Postscript.pcm
2b9f708db000-2b9f70972000 r--p 00000000 00:37 5367                       /cvmfs/sft.cern.ch/lcg/releases/ROOT/v6.20.06-3f7fd/x86_64-centos7-gcc8-opt/lib/TMVAGui.pcm
2b9f70972000-2b9f70b1d000 r--p 00000000 00:37 5421                       /cvmfs/sft.cern.ch/lcg/releases/ROOT/v6.20.06-3f7fd/x86_64-centos7-gcc8-opt/lib/Html.pcm
2b9f70b1d000-2b9f70b91000 r--p 00000000 00:37 5005                       /cvmfs/sft.cern.ch/lcg/releases/ROOT/v6.20.06-3f7fd/x86_64-centos7-gcc8-opt/lib/Fumili.pcm
2b9f70b91000-2b9f70c10000 r--p 00000000 00:37 5324                       /cvmfs/sft.cern.ch/lcg/releases/ROOT/v6.20.06-3f7fd/x86_64-centos7-gcc8-opt/lib/RooFitMore.pcm
2b9f70c10000-2b9f70c82000 r--p 00000000 00:37 5360                       /cvmfs/sft.cern.ch/lcg/releases/ROOT/v6.20.06-3f7fd/x86_64-centos7-gcc8-opt/lib/X3d.pcm
2b9f70c82000-2b9f7113c000 r--p 00000000 00:37 5275                       /cvmfs/sft.cern.ch/lcg/releases/ROOT/v6.20.06-3f7fd/x86_64-centos7-gcc8-opt/lib/Oracle.pcm
2b9f7113c000-2b9f71278000 rw-p 00000000 00:00 0 
2b9f71278000-2b9f71fd2000 r--p 00000000 00:37 5297                       /cvmfs/sft.cern.ch/lcg/releases/ROOT/v6.20.06-3f7fd/x86_64-centos7-gcc8-opt/lib/RooFit.pcm
2b9f71fd2000-2b9f7234c000 r--p 00000000 00:37 5267                       /cvmfs/sft.cern.ch/lcg/releases/ROOT/v6.20.06-3f7fd/x86_64-centos7-gcc8-opt/lib/RooStats.pcm
2b9f7234c000-2b9f723c1000 r--p 00000000 00:37 5283                       /cvmfs/sft.cern.ch/lcg/releases/ROOT/v6.20.06-3f7fd/x86_64-centos7-gcc8-opt/lib/FFTW.pcm
2b9f723c1000-2b9f72461000 r--p 00000000 00:37 8077                       /cvmfs/sft.cern.ch/lcg/releases/ROOT/v6.20.06-3f7fd/x86_64-centos7-gcc8-opt/lib/SQLIO.pcm
2b9f72461000-2b9f724dc000 r--p 00000000 00:37 5310                       /cvmfs/sft.cern.ch/lcg/releases/ROOT/v6.20.06-3f7fd/x86_64-centos7-gcc8-opt/lib/ASImage.pcm
2b9f724dc000-2b9f72583000 r--p 00000000 00:37 5309                       /cvmfs/sft.cern.ch/lcg/releases/ROOT/v6.20.06-3f7fd/x86_64-centos7-gcc8-opt/lib/Proofx.pcm
2b9f72583000-2b9f72826000 r--p 00000000 00:37 5108                       /cvmfs/sft.cern.ch/lcg/releases/ROOT/v6.20.06-3f7fd/x86_64-centos7-gcc8-opt/lib/Minuit2.pcm
2b9f72826000-2b9f728a0000 r--p 00000000 00:37 5351                       /cvmfs/sft.cern.ch/lcg/releases/ROOT/v6.20.06-3f7fd/x86_64-centos7-gcc8-opt/lib/MLP.pcm
2b9f728a0000-2b9f72b44000 r--p 00000000 00:37 5422                       /cvmfs/sft.cern.ch/lcg/releases/ROOT/v6.20.06-3f7fd/x86_64-centos7-gcc8-opt/lib/GenVector.pcm
2b9f72b44000-2b9f72cea000 r--p 00000000 00:37 5409                       /cvmfs/sft.cern.ch/lcg/releases/ROOT/v6.20.06-3f7fd/x86_64-centos7-gcc8-opt/lib/ROOTBrowserv7.pcm
2b9f72cea000-2b9f72d65000 r--p 00000000 00:37 5385                       /cvmfs/sft.cern.ch/lcg/releases/ROOT/v6.20.06-3f7fd/x86_64-centos7-gcc8-opt/lib/RootAuth.pcm
2b9f72d65000-2b9f72dd6000 r--p 00000000 00:37 5318                       /cvmfs/sft.cern.ch/lcg/releases/ROOT/v6.20.06-3f7fd/x86_64-centos7-gcc8-opt/lib/ASImageGui.pcm
2b9f72dd6000-2b9f72e58000 r--p 00000000 00:37 5370                       /cvmfs/sft.cern.ch/lcg/releases/ROOT/v6.20.06-3f7fd/x86_64-centos7-gcc8-opt/lib/Gviz3d.pcm
2b9f72e58000-2b9f72eee000 r--p 00000000 00:37 4871                       /cvmfs/sft.cern.ch/lcg/releases/ROOT/v6.20.06-3f7fd/x86_64-centos7-gcc8-opt/lib/ROOTGraphicsPrimitives.pcm
2b9f72ff8000-2b9f73018000 r-xp 00000000 fd:00 656861                     /usr/lib64/ld-2.17.so
2b9f73018000-2b9f73218000 ---p 00020000 fd:00 656861                     /usr/lib64/ld-2.17.so
2b9f73218000-2b9f73219000 r--p 00020000 fd:00 656861                     /usr/lib64/ld-2.17.so
2b9f73219000-2b9f7321a000 rw-p 00021000 fd:00 656861                     /usr/lib64/ld-2.17.so
2b9f7321a000-2b9f7321b000 rw-p 00000000 00:00 0 
7ffdcc1cd000-7ffdcc1f3000 rw-p 00000000 00:00 0                          [stack]
7ffdcc1f3000-7ffdcc1f5000 r-xp 00000000 00:00 0                          [vdso]
ffffffffff600000-ffffffffff601000 r-xp 00000000 00:00 0                  [vsyscall]
