Error in <TChain::SetBranchAddress>: unknown branch -> HLT_mb_sptrk_decision
Error in <TChain::SetBranchAddress>: unknown branch -> HLT_mb_sptrk_prescale
Error in <TTree::SetBranchStatus>: unknown branch -> HLT_mb_sptrk_decision
Error in <TTree::SetBranchStatus>: unknown branch -> HLT_mb_sptrk_prescale
Error in <TTree::SetBranchStatus>: unknown branch -> HLT_mb_sptrk_decision
Error in <TTree::SetBranchStatus>: unknown branch -> HLT_mb_sptrk_prescale
Error in <TTree::SetBranchStatus>: unknown branch -> HLT_mb_sptrk_decision
Error in <TTree::SetBranchStatus>: unknown branch -> HLT_mb_sptrk_prescale
Error in <TTree::SetBranchStatus>: unknown branch -> HLT_mb_sptrk_decision
Error in <TTree::SetBranchStatus>: unknown branch -> HLT_mb_sptrk_prescale
Error in <TTree::SetBranchStatus>: unknown branch -> HLT_mb_sptrk_decision
Error in <TTree::SetBranchStatus>: unknown branch -> HLT_mb_sptrk_prescale
Error in <TTree::SetBranchStatus>: unknown branch -> HLT_mb_sptrk_decision
Error in <TTree::SetBranchStatus>: unknown branch -> HLT_mb_sptrk_prescale
Error in <TTree::SetBranchStatus>: unknown branch -> HLT_mb_sptrk_decision
Error in <TTree::SetBranchStatus>: unknown branch -> HLT_mb_sptrk_prescale
Error in <TTree::SetBranchStatus>: unknown branch -> HLT_mb_sptrk_decision
Error in <TTree::SetBranchStatus>: unknown branch -> HLT_mb_sptrk_prescale
Error in <TTree::SetBranchStatus>: unknown branch -> HLT_mb_sptrk_decision
Error in <TTree::SetBranchStatus>: unknown branch -> HLT_mb_sptrk_prescale
Error in <TTree::SetBranchStatus>: unknown branch -> HLT_mb_sptrk_decision
Error in <TTree::SetBranchStatus>: unknown branch -> HLT_mb_sptrk_prescale
Error in <TTree::SetBranchStatus>: unknown branch -> HLT_mb_sptrk_decision
Error in <TTree::SetBranchStatus>: unknown branch -> HLT_mb_sptrk_prescale
Error in <TTree::SetBranchStatus>: unknown branch -> HLT_mb_sptrk_decision
Error in <TTree::SetBranchStatus>: unknown branch -> HLT_mb_sptrk_prescale
Error in <TTree::SetBranchStatus>: unknown branch -> HLT_mb_sptrk_decision
Error in <TTree::SetBranchStatus>: unknown branch -> HLT_mb_sptrk_prescale
Error in <TTree::SetBranchStatus>: unknown branch -> HLT_mb_sptrk_decision
Error in <TTree::SetBranchStatus>: unknown branch -> HLT_mb_sptrk_prescale
Error in <TTree::SetBranchStatus>: unknown branch -> HLT_mb_sptrk_decision
Error in <TTree::SetBranchStatus>: unknown branch -> HLT_mb_sptrk_prescale
Error in <TTree::SetBranchStatus>: unknown branch -> HLT_mb_sptrk_decision
Error in <TTree::SetBranchStatus>: unknown branch -> HLT_mb_sptrk_prescale
Error in <TTree::SetBranchStatus>: unknown branch -> HLT_mb_sptrk_decision
Error in <TTree::SetBranchStatus>: unknown branch -> HLT_mb_sptrk_prescale
Error in <TTree::SetBranchStatus>: unknown branch -> HLT_mb_sptrk_decision
Error in <TTree::SetBranchStatus>: unknown branch -> HLT_mb_sptrk_prescale
Error in <TTree::SetBranchStatus>: unknown branch -> HLT_mb_sptrk_decision
Error in <TTree::SetBranchStatus>: unknown branch -> HLT_mb_sptrk_prescale
Error in <TTree::SetBranchStatus>: unknown branch -> HLT_mb_sptrk_decision
Error in <TTree::SetBranchStatus>: unknown branch -> HLT_mb_sptrk_prescale
Error in <TTree::SetBranchStatus>: unknown branch -> HLT_mb_sptrk_decision
Error in <TTree::SetBranchStatus>: unknown branch -> HLT_mb_sptrk_prescale
Error in <TTree::SetBranchStatus>: unknown branch -> HLT_mb_sptrk_decision
Error in <TTree::SetBranchStatus>: unknown branch -> HLT_mb_sptrk_prescale
Error in <TTree::SetBranchStatus>: unknown branch -> HLT_mb_sptrk_decision
Error in <TTree::SetBranchStatus>: unknown branch -> HLT_mb_sptrk_prescale
Error in <TTree::SetBranchStatus>: unknown branch -> HLT_mb_sptrk_decision
Error in <TTree::SetBranchStatus>: unknown branch -> HLT_mb_sptrk_prescale
Error in <TTree::SetBranchStatus>: unknown branch -> HLT_mb_sptrk_decision
Error in <TTree::SetBranchStatus>: unknown branch -> HLT_mb_sptrk_prescale
Error in <TTree::SetBranchStatus>: unknown branch -> HLT_mb_sptrk_decision
Error in <TTree::SetBranchStatus>: unknown branch -> HLT_mb_sptrk_prescale
Error in <TTree::SetBranchStatus>: unknown branch -> HLT_mb_sptrk_decision
Error in <TTree::SetBranchStatus>: unknown branch -> HLT_mb_sptrk_prescale
Error in <TTree::SetBranchStatus>: unknown branch -> HLT_mb_sptrk_decision
Error in <TTree::SetBranchStatus>: unknown branch -> HLT_mb_sptrk_prescale
Error in <TTree::SetBranchStatus>: unknown branch -> HLT_mb_sptrk_decision
Error in <TTree::SetBranchStatus>: unknown branch -> HLT_mb_sptrk_prescale
Error in <TTree::SetBranchStatus>: unknown branch -> HLT_mb_sptrk_decision
Error in <TTree::SetBranchStatus>: unknown branch -> HLT_mb_sptrk_prescale
Error in <TTree::SetBranchStatus>: unknown branch -> HLT_mb_sptrk_decision
Error in <TTree::SetBranchStatus>: unknown branch -> HLT_mb_sptrk_prescale
Error in <TTree::SetBranchStatus>: unknown branch -> HLT_mb_sptrk_decision
Error in <TTree::SetBranchStatus>: unknown branch -> HLT_mb_sptrk_prescale
Error in <TTree::SetBranchStatus>: unknown branch -> HLT_mb_sptrk_decision
Error in <TTree::SetBranchStatus>: unknown branch -> HLT_mb_sptrk_prescale
Error in <TTree::SetBranchStatus>: unknown branch -> HLT_mb_sptrk_decision
Error in <TTree::SetBranchStatus>: unknown branch -> HLT_mb_sptrk_prescale
Error in <TTree::SetBranchStatus>: unknown branch -> HLT_mb_sptrk_decision
Error in <TTree::SetBranchStatus>: unknown branch -> HLT_mb_sptrk_prescale
Error in <TTree::SetBranchStatus>: unknown branch -> HLT_mb_sptrk_decision
Error in <TTree::SetBranchStatus>: unknown branch -> HLT_mb_sptrk_prescale
Error in <TTree::SetBranchStatus>: unknown branch -> HLT_mb_sptrk_decision
Error in <TTree::SetBranchStatus>: unknown branch -> HLT_mb_sptrk_prescale
Error in <TTree::SetBranchStatus>: unknown branch -> HLT_mb_sptrk_decision
Error in <TTree::SetBranchStatus>: unknown branch -> HLT_mb_sptrk_prescale
Error in <TTree::SetBranchStatus>: unknown branch -> HLT_mb_sptrk_decision
Error in <TTree::SetBranchStatus>: unknown branch -> HLT_mb_sptrk_prescale
Error in <TTree::SetBranchStatus>: unknown branch -> HLT_mb_sptrk_decision
Error in <TTree::SetBranchStatus>: unknown branch -> HLT_mb_sptrk_prescale
*** Error in `condor_exec.exe': double free or corruption (fasttop): 0x00000000023a9720 ***
======= Backtrace: =========
/usr/lib64/libc.so.6(+0x7c503)[0x2b681e3be503]
/usr/lib64/libc.so.6(__cxa_finalize+0x9a)[0x2b681e37adba]
/atlasgpfs01/usatlas/workarea/jeff/HadronYieldsAnalysis/lib/libJetHadronSkimmer.so(+0xa9a3)[0x2b681d0659a3]
======= Memory map: ========
00400000-0040b000 r-xp 00000000 00:32 5086146                            /gpfs/mnt/atlasgpfs01/usatlas/workarea/jeff/HadronYieldsAnalysis/bin/run.exe
0060a000-0060b000 r--p 0000a000 00:32 5086146                            /gpfs/mnt/atlasgpfs01/usatlas/workarea/jeff/HadronYieldsAnalysis/bin/run.exe
0060b000-0060c000 rw-p 0000b000 00:32 5086146                            /gpfs/mnt/atlasgpfs01/usatlas/workarea/jeff/HadronYieldsAnalysis/bin/run.exe
0060c000-007dc000 rw-p 00000000 00:00 0 
022cf000-101f7000 rw-p 00000000 00:00 0                                  [heap]
2b6817b43000-2b6817b63000 r-xp 00000000 fd:00 2754090                    /usr/lib64/ld-2.17.so
2b6817b63000-2b6817bc4000 rw-p 00000000 00:00 0 
2b6817bf4000-2b6817cc3000 rw-p 00000000 00:00 0 
2b6817cf4000-2b6817d45000 rw-p 00000000 00:00 0 
2b6817d45000-2b6817d52000 r--p 00000000 00:44 5044                       /cvmfs/sft.cern.ch/lcg/releases/ROOT/v6.20.06-3f7fd/x86_64-centos7-gcc8-opt/lib/xlocale.h.pcm
2b6817d52000-2b6817d5f000 r--p 00000000 00:44 5506                       /cvmfs/sft.cern.ch/lcg/releases/ROOT/v6.20.06-3f7fd/x86_64-centos7-gcc8-opt/lib/_Builtin_stddef_max_align_t.pcm
2b6817d63000-2b6817d64000 r--p 00020000 fd:00 2754090                    /usr/lib64/ld-2.17.so
2b6817d64000-2b6817d65000 rw-p 00021000 fd:00 2754090                    /usr/lib64/ld-2.17.so
2b6817d65000-2b6817d66000 rw-p 00000000 00:00 0 
2b6817d66000-2b68181c5000 r-xp 00000000 00:44 5253                       /cvmfs/sft.cern.ch/lcg/releases/ROOT/v6.20.06-3f7fd/x86_64-centos7-gcc8-opt/lib/libGui.so
2b68181c5000-2b68183c5000 ---p 0045f000 00:44 5253                       /cvmfs/sft.cern.ch/lcg/releases/ROOT/v6.20.06-3f7fd/x86_64-centos7-gcc8-opt/lib/libGui.so
2b68183c5000-2b6818411000 r--p 0045f000 00:44 5253                       /cvmfs/sft.cern.ch/lcg/releases/ROOT/v6.20.06-3f7fd/x86_64-centos7-gcc8-opt/lib/libGui.so
2b6818411000-2b6818416000 rw-p 004ab000 00:44 5253                       /cvmfs/sft.cern.ch/lcg/releases/ROOT/v6.20.06-3f7fd/x86_64-centos7-gcc8-opt/lib/libGui.so
2b6818416000-2b6818427000 rw-p 00000000 00:00 0 
2b6818427000-2b68188fc000 r-xp 00000000 00:44 5344                       /cvmfs/sft.cern.ch/lcg/releases/ROOT/v6.20.06-3f7fd/x86_64-centos7-gcc8-opt/lib/libCore.so
2b68188fc000-2b6818afb000 ---p 004d5000 00:44 5344                       /cvmfs/sft.cern.ch/lcg/releases/ROOT/v6.20.06-3f7fd/x86_64-centos7-gcc8-opt/lib/libCore.so
2b6818afb000-2b6818b25000 r--p 004d4000 00:44 5344                       /cvmfs/sft.cern.ch/lcg/releases/ROOT/v6.20.06-3f7fd/x86_64-centos7-gcc8-opt/lib/libCore.so
2b6818b25000-2b6818b2b000 rw-p 004fe000 00:44 5344                       /cvmfs/sft.cern.ch/lcg/releases/ROOT/v6.20.06-3f7fd/x86_64-centos7-gcc8-opt/lib/libCore.so
2b6818b2b000-2b6818b5f000 rw-p 00000000 00:00 0 
2b6818b5f000-2b6818b6d000 r-xp 00000000 00:44 5293                       /cvmfs/sft.cern.ch/lcg/releases/ROOT/v6.20.06-3f7fd/x86_64-centos7-gcc8-opt/lib/libImt.so
2b6818b6d000-2b6818d6c000 ---p 0000e000 00:44 5293                       /cvmfs/sft.cern.ch/lcg/releases/ROOT/v6.20.06-3f7fd/x86_64-centos7-gcc8-opt/lib/libImt.so
2b6818d6c000-2b6818d6d000 r--p 0000d000 00:44 5293                       /cvmfs/sft.cern.ch/lcg/releases/ROOT/v6.20.06-3f7fd/x86_64-centos7-gcc8-opt/lib/libImt.so
2b6818d6d000-2b6818d6e000 rw-p 0000e000 00:44 5293                       /cvmfs/sft.cern.ch/lcg/releases/ROOT/v6.20.06-3f7fd/x86_64-centos7-gcc8-opt/lib/libImt.so
2b6818d6e000-2b6819102000 r-xp 00000000 00:44 6317                       /cvmfs/sft.cern.ch/lcg/releases/ROOT/v6.20.06-3f7fd/x86_64-centos7-gcc8-opt/lib/libRIO.so
2b6819102000-2b6819302000 ---p 00394000 00:44 6317                       /cvmfs/sft.cern.ch/lcg/releases/ROOT/v6.20.06-3f7fd/x86_64-centos7-gcc8-opt/lib/libRIO.so
2b6819302000-2b681930f000 r--p 00394000 00:44 6317                       /cvmfs/sft.cern.ch/lcg/releases/ROOT/v6.20.06-3f7fd/x86_64-centos7-gcc8-opt/lib/libRIO.so
2b681930f000-2b6819312000 rw-p 003a1000 00:44 6317                       /cvmfs/sft.cern.ch/lcg/releases/ROOT/v6.20.06-3f7fd/x86_64-centos7-gcc8-opt/lib/libRIO.so
2b6819312000-2b6819315000 rw-p 00000000 00:00 0 
2b6819315000-2b68193e0000 r-xp 00000000 00:44 5545                       /cvmfs/sft.cern.ch/lcg/releases/ROOT/v6.20.06-3f7fd/x86_64-centos7-gcc8-opt/lib/libNet.so
2b68193e0000-2b68195df000 ---p 000cb000 00:44 5545                       /cvmfs/sft.cern.ch/lcg/releases/ROOT/v6.20.06-3f7fd/x86_64-centos7-gcc8-opt/lib/libNet.so
2b68195df000-2b68195eb000 r--p 000ca000 00:44 5545                       /cvmfs/sft.cern.ch/lcg/releases/ROOT/v6.20.06-3f7fd/x86_64-centos7-gcc8-opt/lib/libNet.so
2b68195eb000-2b68195ed000 rw-p 000d6000 00:44 5545                       /cvmfs/sft.cern.ch/lcg/releases/ROOT/v6.20.06-3f7fd/x86_64-centos7-gcc8-opt/lib/libNet.so
2b68195ed000-2b68195f4000 rw-p 00000000 00:00 0 
2b68195f4000-2b68199b1000 r-xp 00000000 00:44 5454                       /cvmfs/sft.cern.ch/lcg/releases/ROOT/v6.20.06-3f7fd/x86_64-centos7-gcc8-opt/lib/libHist.so
2b68199b1000-2b6819bb0000 ---p 003bd000 00:44 5454                       /cvmfs/sft.cern.ch/lcg/releases/ROOT/v6.20.06-3f7fd/x86_64-centos7-gcc8-opt/lib/libHist.so
2b6819bb0000-2b6819bda000 r--p 003bc000 00:44 5454                       /cvmfs/sft.cern.ch/lcg/releases/ROOT/v6.20.06-3f7fd/x86_64-centos7-gcc8-opt/lib/libHist.so
2b6819bda000-2b6819bde000 rw-p 003e6000 00:44 5454                       /cvmfs/sft.cern.ch/lcg/releases/ROOT/v6.20.06-3f7fd/x86_64-centos7-gcc8-opt/lib/libHist.so
2b6819bde000-2b6819be9000 rw-p 00000000 00:00 0 
2b6819be9000-2b6819d33000 r-xp 00000000 00:44 5062                       /cvmfs/sft.cern.ch/lcg/releases/ROOT/v6.20.06-3f7fd/x86_64-centos7-gcc8-opt/lib/libGraf.so
2b6819d33000-2b6819f32000 ---p 0014a000 00:44 5062                       /cvmfs/sft.cern.ch/lcg/releases/ROOT/v6.20.06-3f7fd/x86_64-centos7-gcc8-opt/lib/libGraf.so
2b6819f32000-2b6819f40000 r--p 00149000 00:44 5062                       /cvmfs/sft.cern.ch/lcg/releases/ROOT/v6.20.06-3f7fd/x86_64-centos7-gcc8-opt/lib/libGraf.so
2b6819f40000-2b6819f44000 rw-p 00157000 00:44 5062                       /cvmfs/sft.cern.ch/lcg/releases/ROOT/v6.20.06-3f7fd/x86_64-centos7-gcc8-opt/lib/libGraf.so
2b6819f44000-2b6819f52000 rw-p 00000000 00:00 0 
2b6819f52000-2b6819ff1000 r-xp 00000000 00:44 5416                       /cvmfs/sft.cern.ch/lcg/releases/ROOT/v6.20.06-3f7fd/x86_64-centos7-gcc8-opt/lib/libGraf3d.so
2b6819ff1000-2b681a1f0000 ---p 0009f000 00:44 5416                       /cvmfs/sft.cern.ch/lcg/releases/ROOT/v6.20.06-3f7fd/x86_64-centos7-gcc8-opt/lib/libGraf3d.so
2b681a1f0000-2b681a1fa000 r--p 0009e000 00:44 5416                       /cvmfs/sft.cern.ch/lcg/releases/ROOT/v6.20.06-3f7fd/x86_64-centos7-gcc8-opt/lib/libGraf3d.so
2b681a1fa000-2b681a1fb000 rw-p 000a8000 00:44 5416                       /cvmfs/sft.cern.ch/lcg/releases/ROOT/v6.20.06-3f7fd/x86_64-centos7-gcc8-opt/lib/libGraf3d.so
2b681a1fb000-2b681a1ff000 rw-p 00000000 00:00 0 
2b681a1ff000-2b681a2da000 r-xp 00000000 00:44 5089                       /cvmfs/sft.cern.ch/lcg/releases/ROOT/v6.20.06-3f7fd/x86_64-centos7-gcc8-opt/lib/libGpad.so
2b681a2da000-2b681a4d9000 ---p 000db000 00:44 5089                       /cvmfs/sft.cern.ch/lcg/releases/ROOT/v6.20.06-3f7fd/x86_64-centos7-gcc8-opt/lib/libGpad.so
2b681a4d9000-2b681a4e3000 r--p 000da000 00:44 5089                       /cvmfs/sft.cern.ch/lcg/releases/ROOT/v6.20.06-3f7fd/x86_64-centos7-gcc8-opt/lib/libGpad.so
2b681a4e3000-2b681a4e5000 rw-p 000e4000 00:44 5089                       /cvmfs/sft.cern.ch/lcg/releases/ROOT/v6.20.06-3f7fd/x86_64-centos7-gcc8-opt/lib/libGpad.so
2b681a4e5000-2b681a4e6000 rw-p 00000000 00:00 0 
2b681a4e6000-2b681a5bb000 r-xp 00000000 00:44 5012                       /cvmfs/sft.cern.ch/lcg/releases/ROOT/v6.20.06-3f7fd/x86_64-centos7-gcc8-opt/lib/libROOTVecOps.so
2b681a5bb000-2b681a7ba000 ---p 000d5000 00:44 5012                       /cvmfs/sft.cern.ch/lcg/releases/ROOT/v6.20.06-3f7fd/x86_64-centos7-gcc8-opt/lib/libROOTVecOps.so
2b681a7ba000-2b681a7bc000 r--p 000d4000 00:44 5012                       /cvmfs/sft.cern.ch/lcg/releases/ROOT/v6.20.06-3f7fd/x86_64-centos7-gcc8-opt/lib/libROOTVecOps.so
2b681a7bc000-2b681a7bd000 rw-p 000d6000 00:44 5012                       /cvmfs/sft.cern.ch/lcg/releases/ROOT/v6.20.06-3f7fd/x86_64-centos7-gcc8-opt/lib/libROOTVecOps.so
2b681a7bd000-2b681a7bf000 rw-p 00000000 00:00 0 
2b681a7bf000-2b681a929000 r-xp 00000000 00:44 5467                       /cvmfs/sft.cern.ch/lcg/releases/ROOT/v6.20.06-3f7fd/x86_64-centos7-gcc8-opt/lib/libTree.so
2b681a929000-2b681ab28000 ---p 0016a000 00:44 5467                       /cvmfs/sft.cern.ch/lcg/releases/ROOT/v6.20.06-3f7fd/x86_64-centos7-gcc8-opt/lib/libTree.so
2b681ab28000-2b681ab38000 r--p 00169000 00:44 5467                       /cvmfs/sft.cern.ch/lcg/releases/ROOT/v6.20.06-3f7fd/x86_64-centos7-gcc8-opt/lib/libTree.so
2b681ab38000-2b681ab3b000 rw-p 00179000 00:44 5467                       /cvmfs/sft.cern.ch/lcg/releases/ROOT/v6.20.06-3f7fd/x86_64-centos7-gcc8-opt/lib/libTree.so
2b681ab3b000-2b681ab3f000 rw-p 00000000 00:00 0 
2b681ab3f000-2b681acb3000 r-xp 00000000 00:44 5262                       /cvmfs/sft.cern.ch/lcg/releases/ROOT/v6.20.06-3f7fd/x86_64-centos7-gcc8-opt/lib/libTreePlayer.so
2b681acb3000-2b681aeb2000 ---p 00174000 00:44 5262                       /cvmfs/sft.cern.ch/lcg/releases/ROOT/v6.20.06-3f7fd/x86_64-centos7-gcc8-opt/lib/libTreePlayer.so
2b681aeb2000-2b681aebd000 r--p 00173000 00:44 5262                       /cvmfs/sft.cern.ch/lcg/releases/ROOT/v6.20.06-3f7fd/x86_64-centos7-gcc8-opt/lib/libTreePlayer.so
2b681aebd000-2b681aebf000 rw-p 0017e000 00:44 5262                       /cvmfs/sft.cern.ch/lcg/releases/ROOT/v6.20.06-3f7fd/x86_64-centos7-gcc8-opt/lib/libTreePlayer.so
2b681aebf000-2b681aec6000 rw-p 00000000 00:00 0 
2b681aec6000-2b681aeed000 r-xp 00000000 00:44 5074                       /cvmfs/sft.cern.ch/lcg/releases/ROOT/v6.20.06-3f7fd/x86_64-centos7-gcc8-opt/lib/libRint.so
2b681aeed000-2b681b0ec000 ---p 00027000 00:44 5074                       /cvmfs/sft.cern.ch/lcg/releases/ROOT/v6.20.06-3f7fd/x86_64-centos7-gcc8-opt/lib/libRint.so
2b681b0ec000-2b681b0ee000 r--p 00026000 00:44 5074                       /cvmfs/sft.cern.ch/lcg/releases/ROOT/v6.20.06-3f7fd/x86_64-centos7-gcc8-opt/lib/libRint.so
2b681b0ee000-2b681b0ef000 rw-p 00028000 00:44 5074                       /cvmfs/sft.cern.ch/lcg/releases/ROOT/v6.20.06-3f7fd/x86_64-centos7-gcc8-opt/lib/libRint.so
2b681b0ef000-2b681b15e000 r-xp 00000000 00:44 5439                       /cvmfs/sft.cern.ch/lcg/releases/ROOT/v6.20.06-3f7fd/x86_64-centos7-gcc8-opt/lib/libPostscript.so
2b681b15e000-2b681b35e000 ---p 0006f000 00:44 5439                       /cvmfs/sft.cern.ch/lcg/releases/ROOT/v6.20.06-3f7fd/x86_64-centos7-gcc8-opt/lib/libPostscript.so
2b681b35e000-2b681b365000 r--p 0006f000 00:44 5439                       /cvmfs/sft.cern.ch/lcg/releases/ROOT/v6.20.06-3f7fd/x86_64-centos7-gcc8-opt/lib/libPostscript.so
2b681b365000-2b681b366000 rw-p 00076000 00:44 5439                       /cvmfs/sft.cern.ch/lcg/releases/ROOT/v6.20.06-3f7fd/x86_64-centos7-gcc8-opt/lib/libPostscript.so
2b681b366000-2b681b367000 rw-p 00000000 00:00 0 
2b681b367000-2b681b4d2000 r-xp 00000000 00:44 5481                       /cvmfs/sft.cern.ch/lcg/releases/ROOT/v6.20.06-3f7fd/x86_64-centos7-gcc8-opt/lib/libMatrix.so
2b681b4d2000-2b681b6d1000 ---p 0016b000 00:44 5481                       /cvmfs/sft.cern.ch/lcg/releases/ROOT/v6.20.06-3f7fd/x86_64-centos7-gcc8-opt/lib/libMatrix.so
2b681b6d1000-2b681b6d9000 r--p 0016a000 00:44 5481                       /cvmfs/sft.cern.ch/lcg/releases/ROOT/v6.20.06-3f7fd/x86_64-centos7-gcc8-opt/lib/libMatrix.so
2b681b6d9000-2b681b6db000 rw-p 00172000 00:44 5481                       /cvmfs/sft.cern.ch/lcg/releases/ROOT/v6.20.06-3f7fd/x86_64-centos7-gcc8-opt/lib/libMatrix.so
2b681b6db000-2b681b6df000 rw-p 00000000 00:00 0 
2b681b6df000-2b681b727000 r-xp 00000000 00:44 5097                       /cvmfs/sft.cern.ch/lcg/releases/ROOT/v6.20.06-3f7fd/x86_64-centos7-gcc8-opt/lib/libPhysics.so
2b681b727000-2b681b927000 ---p 00048000 00:44 5097                       /cvmfs/sft.cern.ch/lcg/releases/ROOT/v6.20.06-3f7fd/x86_64-centos7-gcc8-opt/lib/libPhysics.so
2b681b927000-2b681b92a000 r--p 00048000 00:44 5097                       /cvmfs/sft.cern.ch/lcg/releases/ROOT/v6.20.06-3f7fd/x86_64-centos7-gcc8-opt/lib/libPhysics.so
2b681b92a000-2b681b92b000 rw-p 0004b000 00:44 5097                       /cvmfs/sft.cern.ch/lcg/releases/ROOT/v6.20.06-3f7fd/x86_64-centos7-gcc8-opt/lib/libPhysics.so
2b681b92b000-2b681b92c000 rw-p 00000000 00:00 0 
2b681b92c000-2b681bb29000 r-xp 00000000 00:44 4860                       /cvmfs/sft.cern.ch/lcg/releases/ROOT/v6.20.06-3f7fd/x86_64-centos7-gcc8-opt/lib/libMathCore.so
2b681bb29000-2b681bd29000 ---p 001fd000 00:44 4860                       /cvmfs/sft.cern.ch/lcg/releases/ROOT/v6.20.06-3f7fd/x86_64-centos7-gcc8-opt/lib/libMathCore.so
2b681bd29000-2b681bd33000 r--p 001fd000 00:44 4860                       /cvmfs/sft.cern.ch/lcg/releases/ROOT/v6.20.06-3f7fd/x86_64-centos7-gcc8-opt/lib/libMathCore.so
2b681bd33000-2b681bd36000 rw-p 00207000 00:44 4860                       /cvmfs/sft.cern.ch/lcg/releases/ROOT/v6.20.06-3f7fd/x86_64-centos7-gcc8-opt/lib/libMathCore.so
2b681bd36000-2b681bd3f000 rw-p 00000000 00:00 0 
2b681bd3f000-2b681bd8e000 r-xp 00000000 00:44 5100                       /cvmfs/sft.cern.ch/lcg/releases/ROOT/v6.20.06-3f7fd/x86_64-centos7-gcc8-opt/lib/libThread.so
2b681bd8e000-2b681bf8d000 ---p 0004f000 00:44 5100                       /cvmfs/sft.cern.ch/lcg/releases/ROOT/v6.20.06-3f7fd/x86_64-centos7-gcc8-opt/lib/libThread.so
2b681bf8d000-2b681bf91000 r--p 0004e000 00:44 5100                       /cvmfs/sft.cern.ch/lcg/releases/ROOT/v6.20.06-3f7fd/x86_64-centos7-gcc8-opt/lib/libThread.so
2b681bf91000-2b681bf92000 rw-p 00052000 00:44 5100                       /cvmfs/sft.cern.ch/lcg/releases/ROOT/v6.20.06-3f7fd/x86_64-centos7-gcc8-opt/lib/libThread.so
2b681bf92000-2b681bf94000 rw-p 00000000 00:00 0 
2b681bf94000-2b681bfa0000 r-xp 00000000 00:44 5320                       /cvmfs/sft.cern.ch/lcg/releases/ROOT/v6.20.06-3f7fd/x86_64-centos7-gcc8-opt/lib/libMultiProc.so
2b681bfa0000-2b681c19f000 ---p 0000c000 00:44 5320                       /cvmfs/sft.cern.ch/lcg/releases/ROOT/v6.20.06-3f7fd/x86_64-centos7-gcc8-opt/lib/libMultiProc.so
2b681c19f000-2b681c1a0000 r--p 0000b000 00:44 5320                       /cvmfs/sft.cern.ch/lcg/releases/ROOT/v6.20.06-3f7fd/x86_64-centos7-gcc8-opt/lib/libMultiProc.so
2b681c1a0000-2b681c1a1000 rw-p 0000c000 00:44 5320                       /cvmfs/sft.cern.ch/lcg/releases/ROOT/v6.20.06-3f7fd/x86_64-centos7-gcc8-opt/lib/libMultiProc.so
2b681c1a1000-2b681c253000 r-xp 00000000 00:44 5105                       /cvmfs/sft.cern.ch/lcg/releases/ROOT/v6.20.06-3f7fd/x86_64-centos7-gcc8-opt/lib/libROOTDataFrame.so
2b681c253000-2b681c453000 ---p 000b2000 00:44 5105                       /cvmfs/sft.cern.ch/lcg/releases/ROOT/v6.20.06-3f7fd/x86_64-centos7-gcc8-opt/lib/libROOTDataFrame.so
2b681c453000-2b681c456000 r--p 000b2000 00:44 5105                       /cvmfs/sft.cern.ch/lcg/releases/ROOT/v6.20.06-3f7fd/x86_64-centos7-gcc8-opt/lib/libROOTDataFrame.so
2b681c456000-2b681c458000 rw-p 000b5000 00:44 5105                       /cvmfs/sft.cern.ch/lcg/releases/ROOT/v6.20.06-3f7fd/x86_64-centos7-gcc8-opt/lib/libROOTDataFrame.so
2b681c458000-2b681c45b000 rw-p 00000000 00:00 0 
2b681c45b000-2b681c45d000 r-xp 00000000 fd:00 2754103                    /usr/lib64/libdl-2.17.so
2b681c45d000-2b681c65d000 ---p 00002000 fd:00 2754103                    /usr/lib64/libdl-2.17.so
2b681c65d000-2b681c65e000 r--p 00002000 fd:00 2754103                    /usr/lib64/libdl-2.17.so
2b681c65e000-2b681c65f000 rw-p 00003000 fd:00 2754103                    /usr/lib64/libdl-2.17.so
2b681c65f000-2b681c66e000 r-xp 00000000 00:41 3362007893                 /direct/usatlas+u/jeff/RootUtilities/lib/libUtilities.so
2b681c66e000-2b681c86d000 ---p 0000f000 00:41 3362007893                 /direct/usatlas+u/jeff/RootUtilities/lib/libUtilities.so
2b681c86d000-2b681c86e000 r--p 0000e000 00:41 3362007893                 /direct/usatlas+u/jeff/RootUtilities/lib/libUtilities.so
2b681c86e000-2b681c86f000 rw-p 0000f000 00:41 3362007893                 /direct/usatlas+u/jeff/RootUtilities/lib/libUtilities.so
2b681c86f000-2b681c877000 r-xp 00000000 00:32 56323298                   /gpfs/mnt/atlasgpfs01/usatlas/workarea/jeff/atlas-hi/lib/libAtlasUtils.so
2b681c877000-2b681ca76000 ---p 00008000 00:32 56323298                   /gpfs/mnt/atlasgpfs01/usatlas/workarea/jeff/atlas-hi/lib/libAtlasUtils.so
2b681ca76000-2b681ca77000 r--p 00007000 00:32 56323298                   /gpfs/mnt/atlasgpfs01/usatlas/workarea/jeff/atlas-hi/lib/libAtlasUtils.so
2b681ca77000-2b681ca78000 rw-p 00008000 00:32 56323298                   /gpfs/mnt/atlasgpfs01/usatlas/workarea/jeff/atlas-hi/lib/libAtlasUtils.so
2b681ca78000-2b681ca7a000 r-xp 00000000 00:32 56323256                   /gpfs/mnt/atlasgpfs01/usatlas/workarea/jeff/atlas-hi/lib/libAtlasStyle.so
2b681ca7a000-2b681cc79000 ---p 00002000 00:32 56323256                   /gpfs/mnt/atlasgpfs01/usatlas/workarea/jeff/atlas-hi/lib/libAtlasStyle.so
2b681cc79000-2b681cc7a000 r--p 00001000 00:32 56323256                   /gpfs/mnt/atlasgpfs01/usatlas/workarea/jeff/atlas-hi/lib/libAtlasStyle.so
2b681cc7a000-2b681cc7b000 rw-p 00002000 00:32 56323256                   /gpfs/mnt/atlasgpfs01/usatlas/workarea/jeff/atlas-hi/lib/libAtlasStyle.so
2b681cc7b000-2b681cc8a000 r-xp 00000000 00:32 5086140                    /gpfs/mnt/atlasgpfs01/usatlas/workarea/jeff/HadronYieldsAnalysis/lib/libLocalUtilities.so
2b681cc8a000-2b681ce89000 ---p 0000f000 00:32 5086140                    /gpfs/mnt/atlasgpfs01/usatlas/workarea/jeff/HadronYieldsAnalysis/lib/libLocalUtilities.so
2b681ce89000-2b681ce8a000 r--p 0000e000 00:32 5086140                    /gpfs/mnt/atlasgpfs01/usatlas/workarea/jeff/HadronYieldsAnalysis/lib/libLocalUtilities.so
2b681ce8a000-2b681ce8b000 rw-p 0000f000 00:32 5086140                    /gpfs/mnt/atlasgpfs01/usatlas/workarea/jeff/HadronYieldsAnalysis/lib/libLocalUtilities.so
2b681ce8b000-2b681d05b000 rw-p 00000000 00:00 0 
2b681d05b000-2b681d06d000 r-xp 00000000 00:32 5086138                    /gpfs/mnt/atlasgpfs01/usatlas/workarea/jeff/HadronYieldsAnalysis/lib/libJetHadronSkimmer.so
2b681d06d000-2b681d26d000 ---p 00012000 00:32 5086138                    /gpfs/mnt/atlasgpfs01/usatlas/workarea/jeff/HadronYieldsAnalysis/lib/libJetHadronSkimmer.so
2b681d26d000-2b681d26e000 r--p 00012000 00:32 5086138                    /gpfs/mnt/atlasgpfs01/usatlas/workarea/jeff/HadronYieldsAnalysis/lib/libJetHadronSkimmer.so
2b681d26e000-2b681d26f000 rw-p 00013000 00:32 5086138                    /gpfs/mnt/atlasgpfs01/usatlas/workarea/jeff/HadronYieldsAnalysis/lib/libJetHadronSkimmer.so
2b681d26f000-2b681d4a3000 rw-p 00000000 00:00 0 
2b681d4a3000-2b681d4b1000 r-xp 00000000 00:32 5086141                    /gpfs/mnt/atlasgpfs01/usatlas/workarea/jeff/HadronYieldsAnalysis/lib/libZDCAnalysis.so
2b681d4b1000-2b681d6b1000 ---p 0000e000 00:32 5086141                    /gpfs/mnt/atlasgpfs01/usatlas/workarea/jeff/HadronYieldsAnalysis/lib/libZDCAnalysis.so
2b681d6b1000-2b681d6b2000 r--p 0000e000 00:32 5086141                    /gpfs/mnt/atlasgpfs01/usatlas/workarea/jeff/HadronYieldsAnalysis/lib/libZDCAnalysis.so
2b681d6b2000-2b681d6b3000 rw-p 0000f000 00:32 5086141                    /gpfs/mnt/atlasgpfs01/usatlas/workarea/jeff/HadronYieldsAnalysis/lib/libZDCAnalysis.so
2b681d6b3000-2b681d883000 rw-p 00000000 00:00 0 
2b681d883000-2b681d9fc000 r-xp 00000000 00:44 368335                     /cvmfs/sft.cern.ch/lcg/releases/gcc/8.3.0-cebb0/x86_64-centos7/lib64/libstdc++.so.6.0.25
2b681d9fc000-2b681dbfc000 ---p 00179000 00:44 368335                     /cvmfs/sft.cern.ch/lcg/releases/gcc/8.3.0-cebb0/x86_64-centos7/lib64/libstdc++.so.6.0.25
2b681dbfc000-2b681dc06000 r--p 00179000 00:44 368335                     /cvmfs/sft.cern.ch/lcg/releases/gcc/8.3.0-cebb0/x86_64-centos7/lib64/libstdc++.so.6.0.25
2b681dc06000-2b681dc08000 rw-p 00183000 00:44 368335                     /cvmfs/sft.cern.ch/lcg/releases/gcc/8.3.0-cebb0/x86_64-centos7/lib64/libstdc++.so.6.0.25
2b681dc08000-2b681dc0c000 rw-p 00000000 00:00 0 
2b681dc0c000-2b681dd0c000 r-xp 00000000 fd:00 2754105                    /usr/lib64/libm-2.17.so
2b681dd0c000-2b681df0c000 ---p 00100000 fd:00 2754105                    /usr/lib64/libm-2.17.so
2b681df0c000-2b681df0d000 r--p 00100000 fd:00 2754105                    /usr/lib64/libm-2.17.so
2b681df0d000-2b681df0e000 rw-p 00101000 fd:00 2754105                    /usr/lib64/libm-2.17.so
2b681df0e000-2b681df25000 r-xp 00000000 00:44 368161                     /cvmfs/sft.cern.ch/lcg/releases/gcc/8.3.0-cebb0/x86_64-centos7/lib64/libgcc_s.so.1
2b681df25000-2b681e124000 ---p 00017000 00:44 368161                     /cvmfs/sft.cern.ch/lcg/releases/gcc/8.3.0-cebb0/x86_64-centos7/lib64/libgcc_s.so.1
2b681e124000-2b681e125000 r--p 00016000 00:44 368161                     /cvmfs/sft.cern.ch/lcg/releases/gcc/8.3.0-cebb0/x86_64-centos7/lib64/libgcc_s.so.1
2b681e125000-2b681e126000 rw-p 00017000 00:44 368161                     /cvmfs/sft.cern.ch/lcg/releases/gcc/8.3.0-cebb0/x86_64-centos7/lib64/libgcc_s.so.1
2b681e126000-2b681e13d000 r-xp 00000000 fd:00 2754123                    /usr/lib64/libpthread-2.17.so
2b681e13d000-2b681e33c000 ---p 00017000 fd:00 2754123                    /usr/lib64/libpthread-2.17.so
2b681e33c000-2b681e33d000 r--p 00016000 fd:00 2754123                    /usr/lib64/libpthread-2.17.so
2b681e33d000-2b681e33e000 rw-p 00017000 fd:00 2754123                    /usr/lib64/libpthread-2.17.so
2b681e33e000-2b681e342000 rw-p 00000000 00:00 0 
2b681e342000-2b681e4f9000 r-xp 00000000 fd:00 2754097                    /usr/lib64/libc-2.17.so
2b681e4f9000-2b681e6f8000 ---p 001b7000 fd:00 2754097                    /usr/lib64/libc-2.17.so
2b681e6f8000-2b681e6fc000 r--p 001b6000 fd:00 2754097                    /usr/lib64/libc-2.17.so
2b681e6fc000-2b681e6fe000 rw-p 001ba000 fd:00 2754097                    /usr/lib64/libc-2.17.so
2b681e6fe000-2b681e703000 rw-p 00000000 00:00 0 
2b681e703000-2b681e728000 r-xp 00000000 fd:00 2754342                    /usr/lib64/liblzma.so.5.2.2
2b681e728000-2b681e927000 ---p 00025000 fd:00 2754342                    /usr/lib64/liblzma.so.5.2.2
2b681e927000-2b681e928000 r--p 00024000 fd:00 2754342                    /usr/lib64/liblzma.so.5.2.2
2b681e928000-2b681e929000 rw-p 00025000 fd:00 2754342                    /usr/lib64/liblzma.so.5.2.2
2b681e929000-2b681e942000 r-xp 00000000 00:44 349771                     /cvmfs/sft.cern.ch/lcg/releases/zlib/1.2.11-da225/x86_64-centos7-gcc8-opt/lib/libz.so.1.2.11
2b681e942000-2b681eb41000 ---p 00019000 00:44 349771                     /cvmfs/sft.cern.ch/lcg/releases/zlib/1.2.11-da225/x86_64-centos7-gcc8-opt/lib/libz.so.1.2.11
2b681eb41000-2b681eb42000 r--p 00018000 00:44 349771                     /cvmfs/sft.cern.ch/lcg/releases/zlib/1.2.11-da225/x86_64-centos7-gcc8-opt/lib/libz.so.1.2.11
2b681eb42000-2b681eb43000 rw-p 00019000 00:44 349771                     /cvmfs/sft.cern.ch/lcg/releases/zlib/1.2.11-da225/x86_64-centos7-gcc8-opt/lib/libz.so.1.2.11
2b681eb43000-2b681eb81000 r-xp 00000000 00:44 365369                     /cvmfs/sft.cern.ch/lcg/releases/tbb/2020_U1-bbcac/x86_64-centos7-gcc8-opt/lib/libtbb.so.2
2b681eb81000-2b681ed80000 ---p 0003e000 00:44 365369                     /cvmfs/sft.cern.ch/lcg/releases/tbb/2020_U1-bbcac/x86_64-centos7-gcc8-opt/lib/libtbb.so.2
2b681ed80000-2b681ed82000 r--p 0003d000 00:44 365369                     /cvmfs/sft.cern.ch/lcg/releases/tbb/2020_U1-bbcac/x86_64-centos7-gcc8-opt/lib/libtbb.so.2
2b681ed82000-2b681ed85000 rw-p 0003f000 00:44 365369                     /cvmfs/sft.cern.ch/lcg/releases/tbb/2020_U1-bbcac/x86_64-centos7-gcc8-opt/lib/libtbb.so.2
2b681ed85000-2b681ed87000 rw-p 00000000 00:00 0 
2b681ed87000-2b681edee000 r-xp 00000000 fd:00 2764664                    /usr/lib64/libssl.so.1.0.2k
2b681edee000-2b681efed000 ---p 00067000 fd:00 2764664                    /usr/lib64/libssl.so.1.0.2k
2b681efed000-2b681eff1000 r--p 00066000 fd:00 2764664                    /usr/lib64/libssl.so.1.0.2k
2b681eff1000-2b681eff8000 rw-p 0006a000 fd:00 2764664                    /usr/lib64/libssl.so.1.0.2k
2b681eff8000-2b681f22c000 r-xp 00000000 fd:00 2764662                    /usr/lib64/libcrypto.so.1.0.2k
2b681f22c000-2b681f42c000 ---p 00234000 fd:00 2764662                    /usr/lib64/libcrypto.so.1.0.2k
2b681f42c000-2b681f448000 r--p 00234000 fd:00 2764662                    /usr/lib64/libcrypto.so.1.0.2k
2b681f448000-2b681f455000 rw-p 00250000 fd:00 2764662                    /usr/lib64/libcrypto.so.1.0.2k
2b681f455000-2b681f459000 rw-p 00000000 00:00 0 
2b681f459000-2b681f4f9000 r-xp 00000000 fd:00 2754281                    /usr/lib64/libfreetype.so.6.10.0
2b681f4f9000-2b681f6f8000 ---p 000a0000 fd:00 2754281                    /usr/lib64/libfreetype.so.6.10.0
2b681f6f8000-2b681f6fe000 r--p 0009f000 fd:00 2754281                    /usr/lib64/libfreetype.so.6.10.0
2b681f6fe000-2b681f6ff000 rw-p 000a5000 fd:00 2754281                    /usr/lib64/libfreetype.so.6.10.0
2b681f6ff000-2b681f70a000 r-xp 00000000 00:44 365197                     /cvmfs/sft.cern.ch/lcg/releases/vdt/0.4.3-992df/x86_64-centos7-gcc8-opt/lib/libvdt.so
2b681f70a000-2b681f90a000 ---p 0000b000 00:44 365197                     /cvmfs/sft.cern.ch/lcg/releases/vdt/0.4.3-992df/x86_64-centos7-gcc8-opt/lib/libvdt.so
2b681f90a000-2b681f90b000 r--p 0000b000 00:44 365197                     /cvmfs/sft.cern.ch/lcg/releases/vdt/0.4.3-992df/x86_64-centos7-gcc8-opt/lib/libvdt.so
2b681f90b000-2b681f90c000 rw-p 0000c000 00:44 365197                     /cvmfs/sft.cern.ch/lcg/releases/vdt/0.4.3-992df/x86_64-centos7-gcc8-opt/lib/libvdt.so
2b681f90c000-2b681f967000 r-xp 00000000 00:44 5301                       /cvmfs/sft.cern.ch/lcg/releases/ROOT/v6.20.06-3f7fd/x86_64-centos7-gcc8-opt/lib/libROOTNTuple.so
2b681f967000-2b681fb67000 ---p 0005b000 00:44 5301                       /cvmfs/sft.cern.ch/lcg/releases/ROOT/v6.20.06-3f7fd/x86_64-centos7-gcc8-opt/lib/libROOTNTuple.so
2b681fb67000-2b681fb69000 r--p 0005b000 00:44 5301                       /cvmfs/sft.cern.ch/lcg/releases/ROOT/v6.20.06-3f7fd/x86_64-centos7-gcc8-opt/lib/libROOTNTuple.so
2b681fb69000-2b681fb6a000 rw-p 0005d000 00:44 5301                       /cvmfs/sft.cern.ch/lcg/releases/ROOT/v6.20.06-3f7fd/x86_64-centos7-gcc8-opt/lib/libROOTNTuple.so
2b681fb6a000-2b681fb6b000 rw-p 00000000 00:00 0 
2b681fb6b000-2b681fc75000 r-xp 00000000 00:44 67507                      /cvmfs/sft.cern.ch/lcg/releases/sqlite/3280000-472f2/x86_64-centos7-gcc8-opt/lib/libsqlite3.so.0.8.6
2b681fc75000-2b681fe74000 ---p 0010a000 00:44 67507                      /cvmfs/sft.cern.ch/lcg/releases/sqlite/3280000-472f2/x86_64-centos7-gcc8-opt/lib/libsqlite3.so.0.8.6
2b681fe74000-2b681fe77000 r--p 00109000 00:44 67507                      /cvmfs/sft.cern.ch/lcg/releases/sqlite/3280000-472f2/x86_64-centos7-gcc8-opt/lib/libsqlite3.so.0.8.6
2b681fe77000-2b681fe7a000 rw-p 0010c000 00:44 67507                      /cvmfs/sft.cern.ch/lcg/releases/sqlite/3280000-472f2/x86_64-centos7-gcc8-opt/lib/libsqlite3.so.0.8.6
2b681fe7a000-2b681fe7b000 rw-p 00000000 00:00 0 
2b681fe7b000-2b681fe82000 r-xp 00000000 fd:00 2754127                    /usr/lib64/librt-2.17.so
2b681fe82000-2b6820081000 ---p 00007000 fd:00 2754127                    /usr/lib64/librt-2.17.so
2b6820081000-2b6820082000 r--p 00006000 fd:00 2754127                    /usr/lib64/librt-2.17.so
2b6820082000-2b6820083000 rw-p 00007000 fd:00 2754127                    /usr/lib64/librt-2.17.so
2b6820083000-2b68200ce000 r-xp 00000000 fd:00 2764639                    /usr/lib64/libgssapi_krb5.so.2.2
2b68200ce000-2b68202ce000 ---p 0004b000 fd:00 2764639                    /usr/lib64/libgssapi_krb5.so.2.2
2b68202ce000-2b68202cf000 r--p 0004b000 fd:00 2764639                    /usr/lib64/libgssapi_krb5.so.2.2
2b68202cf000-2b68202d1000 rw-p 0004c000 fd:00 2764639                    /usr/lib64/libgssapi_krb5.so.2.2
2b68202d1000-2b68203a7000 r-xp 00000000 fd:00 2764649                    /usr/lib64/libkrb5.so.3.3
2b68203a7000-2b68205a7000 ---p 000d6000 fd:00 2764649                    /usr/lib64/libkrb5.so.3.3
2b68205a7000-2b68205b5000 r--p 000d6000 fd:00 2764649                    /usr/lib64/libkrb5.so.3.3
2b68205b5000-2b68205b8000 rw-p 000e4000 fd:00 2764649                    /usr/lib64/libkrb5.so.3.3
2b68205b8000-2b68205bb000 r-xp 00000000 fd:00 2754283                    /usr/lib64/libcom_err.so.2.1
2b68205bb000-2b68207ba000 ---p 00003000 fd:00 2754283                    /usr/lib64/libcom_err.so.2.1
2b68207ba000-2b68207bb000 r--p 00002000 fd:00 2754283                    /usr/lib64/libcom_err.so.2.1
2b68207bb000-2b68207bc000 rw-p 00003000 fd:00 2754283                    /usr/lib64/libcom_err.so.2.1
2b68207bc000-2b68207eb000 r-xp 00000000 fd:00 2764643                    /usr/lib64/libk5crypto.so.3.1
2b68207eb000-2b68209ea000 ---p 0002f000 fd:00 2764643                    /usr/lib64/libk5crypto.so.3.1
2b68209ea000-2b68209ec000 r--p 0002e000 fd:00 2764643                    /usr/lib64/libk5crypto.so.3.1
2b68209ec000-2b68209ed000 rw-p 00030000 fd:00 2764643                    /usr/lib64/libk5crypto.so.3.1
2b68209ed000-2b68209ee000 rw-p 00000000 00:00 0 
2b68209ee000-2b68209fb000 r-xp 00000000 fd:00 2764651                    /usr/lib64/libkrb5support.so.0.1
2b68209fb000-2b6820bfb000 ---p 0000d000 fd:00 2764651                    /usr/lib64/libkrb5support.so.0.1
2b6820bfb000-2b6820bfc000 r--p 0000d000 fd:00 2764651                    /usr/lib64/libkrb5support.so.0.1
2b6820bfc000-2b6820bfd000 rw-p 0000e000 fd:00 2764651                    /usr/lib64/libkrb5support.so.0.1
2b6820bfd000-2b6820c00000 r-xp 00000000 fd:00 2754581                    /usr/lib64/libkeyutils.so.1.5
2b6820c00000-2b6820dff000 ---p 00003000 fd:00 2754581                    /usr/lib64/libkeyutils.so.1.5
2b6820dff000-2b6820e00000 r--p 00002000 fd:00 2754581                    /usr/lib64/libkeyutils.so.1.5
2b6820e00000-2b6820e01000 rw-p 00003000 fd:00 2754581                    /usr/lib64/libkeyutils.so.1.5
2b6820e01000-2b6820e17000 r-xp 00000000 fd:00 2754125                    /usr/lib64/libresolv-2.17.so
2b6820e17000-2b6821017000 ---p 00016000 fd:00 2754125                    /usr/lib64/libresolv-2.17.so
2b6821017000-2b6821018000 r--p 00016000 fd:00 2754125                    /usr/lib64/libresolv-2.17.so
2b6821018000-2b6821019000 rw-p 00017000 fd:00 2754125                    /usr/lib64/libresolv-2.17.so
2b6821019000-2b682101b000 rw-p 00000000 00:00 0 
2b682101b000-2b682103f000 r-xp 00000000 fd:00 2754266                    /usr/lib64/libselinux.so.1
2b682103f000-2b682123e000 ---p 00024000 fd:00 2754266                    /usr/lib64/libselinux.so.1
2b682123e000-2b682123f000 r--p 00023000 fd:00 2754266                    /usr/lib64/libselinux.so.1
2b682123f000-2b6821240000 rw-p 00024000 fd:00 2754266                    /usr/lib64/libselinux.so.1
2b6821240000-2b6821242000 rw-p 00000000 00:00 0 
2b6821242000-2b68212a2000 r-xp 00000000 fd:00 2754257                    /usr/lib64/libpcre.so.1.2.0
2b68212a2000-2b68214a1000 ---p 00060000 fd:00 2754257                    /usr/lib64/libpcre.so.1.2.0
2b68214a1000-2b68214a2000 r--p 0005f000 fd:00 2754257                    /usr/lib64/libpcre.so.1.2.0
2b68214a2000-2b68214a3000 rw-p 00060000 fd:00 2754257                    /usr/lib64/libpcre.so.1.2.0
2b68214a3000-2b6821ca3000 rw-p 00000000 00:00 0 
2b6821ca3000-2b6824b8c000 r-xp 00000000 00:44 5420                       /cvmfs/sft.cern.ch/lcg/releases/ROOT/v6.20.06-3f7fd/x86_64-centos7-gcc8-opt/lib/libCling.so
2b6824b8c000-2b6824d8c000 ---p 02ee9000 00:44 5420                       /cvmfs/sft.cern.ch/lcg/releases/ROOT/v6.20.06-3f7fd/x86_64-centos7-gcc8-opt/lib/libCling.so
2b6824d8c000-2b6824f9e000 r--p 02ee9000 00:44 5420                       /cvmfs/sft.cern.ch/lcg/releases/ROOT/v6.20.06-3f7fd/x86_64-centos7-gcc8-opt/lib/libCling.so
2b6824f9e000-2b6824fa9000 rw-p 030fb000 00:44 5420                       /cvmfs/sft.cern.ch/lcg/releases/ROOT/v6.20.06-3f7fd/x86_64-centos7-gcc8-opt/lib/libCling.so
2b6824fa9000-2b6824fd6000 rw-p 00000000 00:00 0 
2b6824fd6000-2b6824ffb000 r-xp 00000000 fd:00 2754166                    /usr/lib64/libtinfo.so.5.9
2b6824ffb000-2b68251fb000 ---p 00025000 fd:00 2754166                    /usr/lib64/libtinfo.so.5.9
2b68251fb000-2b68251ff000 r--p 00025000 fd:00 2754166                    /usr/lib64/libtinfo.so.5.9
2b68251ff000-2b6825200000 rw-p 00029000 fd:00 2754166                    /usr/lib64/libtinfo.so.5.9
2b6825200000-2b6825231000 rw-p 00000000 00:00 0 
2b6825231000-2b6826565000 r--p 00000000 00:44 5355                       /cvmfs/sft.cern.ch/lcg/releases/ROOT/v6.20.06-3f7fd/x86_64-centos7-gcc8-opt/lib/std.pcm
2b6826565000-2b68266a5000 r--p 00000000 00:44 5331                       /cvmfs/sft.cern.ch/lcg/releases/ROOT/v6.20.06-3f7fd/x86_64-centos7-gcc8-opt/lib/libc.pcm
2b68266a5000-2b68266c2000 r--p 00000000 00:44 5358                       /cvmfs/sft.cern.ch/lcg/releases/ROOT/v6.20.06-3f7fd/x86_64-centos7-gcc8-opt/lib/Cling_Runtime.pcm
2b68266c2000-2b68266ed000 r--p 00000000 00:44 5284                       /cvmfs/sft.cern.ch/lcg/releases/ROOT/v6.20.06-3f7fd/x86_64-centos7-gcc8-opt/lib/Cling_Runtime_Extra.pcm
2b68266ed000-2b6826735000 r--p 00000000 00:44 5390                       /cvmfs/sft.cern.ch/lcg/releases/ROOT/v6.20.06-3f7fd/x86_64-centos7-gcc8-opt/lib/ROOT_Foundation_C.pcm
2b6826735000-2b682674e000 r--p 00000000 00:44 5050                       /cvmfs/sft.cern.ch/lcg/releases/ROOT/v6.20.06-3f7fd/x86_64-centos7-gcc8-opt/lib/ROOT_Rtypes.pcm
2b682674e000-2b682676c000 r--p 00000000 00:44 5332                       /cvmfs/sft.cern.ch/lcg/releases/ROOT/v6.20.06-3f7fd/x86_64-centos7-gcc8-opt/lib/ROOT_Config.pcm
2b682676c000-2b68267fa000 r--p 00000000 00:44 5369                       /cvmfs/sft.cern.ch/lcg/releases/ROOT/v6.20.06-3f7fd/x86_64-centos7-gcc8-opt/lib/ProofBench.pcm
2b6826862000-2b68268ee000 r--p 00000000 00:44 5289                       /cvmfs/sft.cern.ch/lcg/releases/ROOT/v6.20.06-3f7fd/x86_64-centos7-gcc8-opt/lib/Unfold.pcm
2b68268ee000-2b6826959000 r--p 00000000 00:44 5070                       /cvmfs/sft.cern.ch/lcg/releases/ROOT/v6.20.06-3f7fd/x86_64-centos7-gcc8-opt/lib/RHTTPSniff.pcm
2b6826962000-2b6826d56000 r--p 00000000 00:44 5263                       /cvmfs/sft.cern.ch/lcg/releases/ROOT/v6.20.06-3f7fd/x86_64-centos7-gcc8-opt/lib/_Builtin_intrinsics.pcm
2b6826d56000-2b6826e07000 r--p 00000000 00:44 5266                       /cvmfs/sft.cern.ch/lcg/releases/ROOT/v6.20.06-3f7fd/x86_64-centos7-gcc8-opt/lib/ROOT_Foundation_Stage1_NoRTTI.pcm
2b6826e07000-2b6827730000 r--p 00000000 00:44 5316                       /cvmfs/sft.cern.ch/lcg/releases/ROOT/v6.20.06-3f7fd/x86_64-centos7-gcc8-opt/lib/Core.pcm
2b6827730000-2b6827858000 r--p 00000000 00:44 5449                       /cvmfs/sft.cern.ch/lcg/releases/ROOT/v6.20.06-3f7fd/x86_64-centos7-gcc8-opt/lib/Gdml.pcm
2b6827858000-2b68279b5000 r--p 00000000 00:44 4767                       /cvmfs/sft.cern.ch/lcg/releases/ROOT/v6.20.06-3f7fd/x86_64-centos7-gcc8-opt/lib/WebGui6.pcm
2b68279d4000-2b6827cb2000 r--p 00000000 00:44 5350                       /cvmfs/sft.cern.ch/lcg/releases/ROOT/v6.20.06-3f7fd/x86_64-centos7-gcc8-opt/lib/RIO.pcm
2b6827cb2000-2b6827e42000 r--p 00000000 00:44 5380                       /cvmfs/sft.cern.ch/lcg/releases/ROOT/v6.20.06-3f7fd/x86_64-centos7-gcc8-opt/lib/Thread.pcm
2b6827e42000-2b6828287000 r--p 00000000 00:44 5298                       /cvmfs/sft.cern.ch/lcg/releases/ROOT/v6.20.06-3f7fd/x86_64-centos7-gcc8-opt/lib/Hist.pcm
2b6828287000-2b6828a77000 r--p 00000000 00:44 5504                       /cvmfs/sft.cern.ch/lcg/releases/ROOT/v6.20.06-3f7fd/x86_64-centos7-gcc8-opt/lib/MathCore.pcm
2b6828a77000-2b6828b3c000 r--p 00000000 00:44 5373                       /cvmfs/sft.cern.ch/lcg/releases/ROOT/v6.20.06-3f7fd/x86_64-centos7-gcc8-opt/lib/Imt.pcm
2b6828b3c000-2b6828cb7000 r--p 00000000 00:44 5335                       /cvmfs/sft.cern.ch/lcg/releases/ROOT/v6.20.06-3f7fd/x86_64-centos7-gcc8-opt/lib/Matrix.pcm
2b6828cb7000-2b6828d2d000 r--p 00000000 00:44 5400                       /cvmfs/sft.cern.ch/lcg/releases/ROOT/v6.20.06-3f7fd/x86_64-centos7-gcc8-opt/lib/XMLParser.pcm
2b6828d2d000-2b6828e5a000 r--p 00000000 00:44 4760                       /cvmfs/sft.cern.ch/lcg/releases/ROOT/v6.20.06-3f7fd/x86_64-centos7-gcc8-opt/lib/RHTTP.pcm
2b6828e5a000-2b6828efe000 r--p 00000000 00:44 5057                       /cvmfs/sft.cern.ch/lcg/releases/ROOT/v6.20.06-3f7fd/x86_64-centos7-gcc8-opt/lib/FitPanel.pcm
2b6828efe000-2b682922b000 r--p 00000000 00:44 5377                       /cvmfs/sft.cern.ch/lcg/releases/ROOT/v6.20.06-3f7fd/x86_64-centos7-gcc8-opt/lib/Gui.pcm
2b682922b000-2b6829326000 r--p 00000000 00:44 4757                       /cvmfs/sft.cern.ch/lcg/releases/ROOT/v6.20.06-3f7fd/x86_64-centos7-gcc8-opt/lib/Graf.pcm
2b6829326000-2b68295bf000 r--p 00000000 00:44 5595                       /cvmfs/sft.cern.ch/lcg/releases/ROOT/v6.20.06-3f7fd/x86_64-centos7-gcc8-opt/lib/ROOTVecOps.pcm
2b68295bf000-2b6829655000 r--p 00000000 00:44 5282                       /cvmfs/sft.cern.ch/lcg/releases/ROOT/v6.20.06-3f7fd/x86_64-centos7-gcc8-opt/lib/RDAVIX.pcm
2b6829655000-2b6829740000 r--p 00000000 00:44 5323                       /cvmfs/sft.cern.ch/lcg/releases/ROOT/v6.20.06-3f7fd/x86_64-centos7-gcc8-opt/lib/RMySQL.pcm
2b6829740000-2b682984b000 r--p 00000000 00:44 5288                       /cvmfs/sft.cern.ch/lcg/releases/ROOT/v6.20.06-3f7fd/x86_64-centos7-gcc8-opt/lib/Net.pcm
2b682984b000-2b68298b8000 r--p 00000000 00:44 5313                       /cvmfs/sft.cern.ch/lcg/releases/ROOT/v6.20.06-3f7fd/x86_64-centos7-gcc8-opt/lib/GFAL.pcm
2b68298ed000-2b68299a4000 r--p 00000000 00:44 5531                       /cvmfs/sft.cern.ch/lcg/releases/ROOT/v6.20.06-3f7fd/x86_64-centos7-gcc8-opt/lib/Physics.pcm
2b68299a4000-2b6829a1d000 r--p 00000000 00:44 5514                       /cvmfs/sft.cern.ch/lcg/releases/ROOT/v6.20.06-3f7fd/x86_64-centos7-gcc8-opt/lib/Genetic.pcm
2b6829a1d000-2b6829c7f000 r--p 00000000 00:44 5387                       /cvmfs/sft.cern.ch/lcg/releases/ROOT/v6.20.06-3f7fd/x86_64-centos7-gcc8-opt/lib/Tree.pcm
2b6829c7f000-2b6829cf3000 r--p 00000000 00:44 5348                       /cvmfs/sft.cern.ch/lcg/releases/ROOT/v6.20.06-3f7fd/x86_64-centos7-gcc8-opt/lib/DCache.pcm
2b6829cf3000-2b6829dc4000 r--p 00000000 00:44 5366                       /cvmfs/sft.cern.ch/lcg/releases/ROOT/v6.20.06-3f7fd/x86_64-centos7-gcc8-opt/lib/Gpad.pcm
2b6829dc4000-2b682a2a4000 r--p 00000000 00:44 5341                       /cvmfs/sft.cern.ch/lcg/releases/ROOT/v6.20.06-3f7fd/x86_64-centos7-gcc8-opt/lib/RGL.pcm
2b682a2a4000-2b682a393000 r--p 00000000 00:44 5425                       /cvmfs/sft.cern.ch/lcg/releases/ROOT/v6.20.06-3f7fd/x86_64-centos7-gcc8-opt/lib/Ged.pcm
2b682a393000-2b682a3fb000 r--p 00000000 00:44 5386                       /cvmfs/sft.cern.ch/lcg/releases/ROOT/v6.20.06-3f7fd/x86_64-centos7-gcc8-opt/lib/RCsg.pcm
2b682a3fb000-2b682a91f000 r--p 00000000 00:44 5396                       /cvmfs/sft.cern.ch/lcg/releases/ROOT/v6.20.06-3f7fd/x86_64-centos7-gcc8-opt/lib/ROOTEve.pcm
2b682a91f000-2b682ac11000 r--p 00000000 00:44 5285                       /cvmfs/sft.cern.ch/lcg/releases/ROOT/v6.20.06-3f7fd/x86_64-centos7-gcc8-opt/lib/Geom.pcm
2b682ac11000-2b682ad9d000 r--p 00000000 00:44 5338                       /cvmfs/sft.cern.ch/lcg/releases/ROOT/v6.20.06-3f7fd/x86_64-centos7-gcc8-opt/lib/ROOTWebDisplay.pcm
2b682ad9d000-2b682ae30000 r--p 00000000 00:44 5037                       /cvmfs/sft.cern.ch/lcg/releases/ROOT/v6.20.06-3f7fd/x86_64-centos7-gcc8-opt/lib/EG.pcm
2b682ae30000-2b682af03000 r--p 00000000 00:44 5376                       /cvmfs/sft.cern.ch/lcg/releases/ROOT/v6.20.06-3f7fd/x86_64-centos7-gcc8-opt/lib/Graf3d.pcm
2b682af03000-2b682af64000 rw-p 00000000 00:00 0 
2b682af64000-2b682b2eb000 r--p 00000000 00:44 5002                       /cvmfs/sft.cern.ch/lcg/releases/ROOT/v6.20.06-3f7fd/x86_64-centos7-gcc8-opt/lib/TreePlayer.pcm
2b682b2eb000-2b682b3fc000 r--p 00000000 00:44 5269                       /cvmfs/sft.cern.ch/lcg/releases/ROOT/v6.20.06-3f7fd/x86_64-centos7-gcc8-opt/lib/MultiProc.pcm
2b682b3fc000-2b682b469000 r--p 00000000 00:44 5393                       /cvmfs/sft.cern.ch/lcg/releases/ROOT/v6.20.06-3f7fd/x86_64-centos7-gcc8-opt/lib/SPlot.pcm
2b682b469000-2b682b4db000 r--p 00000000 00:44 5343                       /cvmfs/sft.cern.ch/lcg/releases/ROOT/v6.20.06-3f7fd/x86_64-centos7-gcc8-opt/lib/Hbook.pcm
2b682b4db000-2b682b5b4000 r--p 00000000 00:44 5292                       /cvmfs/sft.cern.ch/lcg/releases/ROOT/v6.20.06-3f7fd/x86_64-centos7-gcc8-opt/lib/GeomBuilder.pcm
2b682b5b4000-2b682b625000 r--p 00000000 00:44 4873                       /cvmfs/sft.cern.ch/lcg/releases/ROOT/v6.20.06-3f7fd/x86_64-centos7-gcc8-opt/lib/Rint.pcm
2b682b625000-2b682b79f000 r--p 00000000 00:44 5317                       /cvmfs/sft.cern.ch/lcg/releases/ROOT/v6.20.06-3f7fd/x86_64-centos7-gcc8-opt/lib/Proof.pcm
2b682b79f000-2b682b82c000 r--p 00000000 00:44 5361                       /cvmfs/sft.cern.ch/lcg/releases/ROOT/v6.20.06-3f7fd/x86_64-centos7-gcc8-opt/lib/Recorder.pcm
2b682b82c000-2b682b8b9000 r--p 00000000 00:44 4753                       /cvmfs/sft.cern.ch/lcg/releases/ROOT/v6.20.06-3f7fd/x86_64-centos7-gcc8-opt/lib/GuiBld.pcm
2b682b8b9000-2b682b9ae000 r--p 00000000 00:44 4758                       /cvmfs/sft.cern.ch/lcg/releases/ROOT/v6.20.06-3f7fd/x86_64-centos7-gcc8-opt/lib/XMLIO.pcm
2b682b9ae000-2b682ba1c000 r--p 00000000 00:44 5495                       /cvmfs/sft.cern.ch/lcg/releases/ROOT/v6.20.06-3f7fd/x86_64-centos7-gcc8-opt/lib/GX11TTF.pcm
2b682ba1c000-2b682ba93000 r--p 00000000 00:44 5352                       /cvmfs/sft.cern.ch/lcg/releases/ROOT/v6.20.06-3f7fd/x86_64-centos7-gcc8-opt/lib/GX11.pcm
2b682ba93000-2b682bb54000 r--p 00000000 00:44 5325                       /cvmfs/sft.cern.ch/lcg/releases/ROOT/v6.20.06-3f7fd/x86_64-centos7-gcc8-opt/lib/ProofPlayer.pcm
2b682bb54000-2b682bed0000 r--p 00000000 00:44 5337                       /cvmfs/sft.cern.ch/lcg/releases/ROOT/v6.20.06-3f7fd/x86_64-centos7-gcc8-opt/lib/ROOTHistDraw.pcm
2b682bed0000-2b682c42c000 r--p 00000000 00:44 7523                       /cvmfs/sft.cern.ch/lcg/releases/ROOT/v6.20.06-3f7fd/x86_64-centos7-gcc8-opt/lib/ROOTGpadv7.pcm
2b682c42c000-2b682c6c2000 r--p 00000000 00:44 5244                       /cvmfs/sft.cern.ch/lcg/releases/ROOT/v6.20.06-3f7fd/x86_64-centos7-gcc8-opt/lib/ROOTHist.pcm
2b682c6c2000-2b682c7f2000 r--p 00000000 00:44 5328                       /cvmfs/sft.cern.ch/lcg/releases/ROOT/v6.20.06-3f7fd/x86_64-centos7-gcc8-opt/lib/MathMore.pcm
2b682c7f2000-2b682c865000 r--p 00000000 00:44 4973                       /cvmfs/sft.cern.ch/lcg/releases/ROOT/v6.20.06-3f7fd/x86_64-centos7-gcc8-opt/lib/Netx.pcm
2b682c865000-2b682c8d6000 r--p 00000000 00:44 6455                       /cvmfs/sft.cern.ch/lcg/releases/ROOT/v6.20.06-3f7fd/x86_64-centos7-gcc8-opt/lib/SpectrumPainter.pcm
2b682c8d6000-2b682c960000 r--p 00000000 00:44 5321                       /cvmfs/sft.cern.ch/lcg/releases/ROOT/v6.20.06-3f7fd/x86_64-centos7-gcc8-opt/lib/NetxNG.pcm
2b682c960000-2b682c9eb000 r--p 00000000 00:44 5265                       /cvmfs/sft.cern.ch/lcg/releases/ROOT/v6.20.06-3f7fd/x86_64-centos7-gcc8-opt/lib/Minuit.pcm
2b682c9eb000-2b682d9cc000 r--p 00000000 00:44 5273                       /cvmfs/sft.cern.ch/lcg/releases/ROOT/v6.20.06-3f7fd/x86_64-centos7-gcc8-opt/lib/TMVA.pcm
2b682d9cc000-2b682e51a000 r--p 00000000 00:44 5513                       /cvmfs/sft.cern.ch/lcg/releases/ROOT/v6.20.06-3f7fd/x86_64-centos7-gcc8-opt/lib/ROOTDataFrame.pcm
2b682e51a000-2b682e61b000 rw-p 00000000 00:00 0 
2b682e61b000-2b682eb62000 rw-p 00000000 00:00 0 
2b682eb62000-2b682ec74000 r--p 00000000 00:44 5368                       /cvmfs/sft.cern.ch/lcg/releases/ROOT/v6.20.06-3f7fd/x86_64-centos7-gcc8-opt/lib/ROOTFitPanelv7.pcm
2b682ec74000-2b682ef2b000 r--p 00000000 00:44 5383                       /cvmfs/sft.cern.ch/lcg/releases/ROOT/v6.20.06-3f7fd/x86_64-centos7-gcc8-opt/lib/Smatrix.pcm
2b682ef2b000-2b682efaf000 r--p 00000000 00:44 5043                       /cvmfs/sft.cern.ch/lcg/releases/ROOT/v6.20.06-3f7fd/x86_64-centos7-gcc8-opt/lib/PyROOT.pcm
2b682efaf000-2b682f056000 r--p 00000000 00:44 5395                       /cvmfs/sft.cern.ch/lcg/releases/ROOT/v6.20.06-3f7fd/x86_64-centos7-gcc8-opt/lib/SessionViewer.pcm
2b682f056000-2b682f0e5000 r--p 00000000 00:44 4822                       /cvmfs/sft.cern.ch/lcg/releases/ROOT/v6.20.06-3f7fd/x86_64-centos7-gcc8-opt/lib/PyMVA.pcm
2b682f0e5000-2b682f170000 r--p 00000000 00:44 5345                       /cvmfs/sft.cern.ch/lcg/releases/ROOT/v6.20.06-3f7fd/x86_64-centos7-gcc8-opt/lib/HistPainter.pcm
2b682f170000-2b682f23d000 r--p 00000000 00:44 5452                       /cvmfs/sft.cern.ch/lcg/releases/ROOT/v6.20.06-3f7fd/x86_64-centos7-gcc8-opt/lib/ProofDraw.pcm
2b682f23d000-2b682f2e9000 r--p 00000000 00:44 5277                       /cvmfs/sft.cern.ch/lcg/releases/ROOT/v6.20.06-3f7fd/x86_64-centos7-gcc8-opt/lib/Unuran.pcm
2b682f2e9000-2b682f380000 r--p 00000000 00:44 5319                       /cvmfs/sft.cern.ch/lcg/releases/ROOT/v6.20.06-3f7fd/x86_64-centos7-gcc8-opt/lib/Quadp.pcm
2b682f380000-2b682f897000 r--p 00000000 00:44 5492                       /cvmfs/sft.cern.ch/lcg/releases/ROOT/v6.20.06-3f7fd/x86_64-centos7-gcc8-opt/lib/Eve.pcm
2b682f897000-2b682f946000 r--p 00000000 00:44 5862                       /cvmfs/sft.cern.ch/lcg/releases/ROOT/v6.20.06-3f7fd/x86_64-centos7-gcc8-opt/lib/TreeViewer.pcm
2b682f946000-2b682f9c9000 r--p 00000000 00:44 5308                       /cvmfs/sft.cern.ch/lcg/releases/ROOT/v6.20.06-3f7fd/x86_64-centos7-gcc8-opt/lib/GeomPainter.pcm
2b682f9c9000-2b6830051000 r--p 00000000 00:44 5291                       /cvmfs/sft.cern.ch/lcg/releases/ROOT/v6.20.06-3f7fd/x86_64-centos7-gcc8-opt/lib/ROOTNTuple.pcm
2b6830051000-2b683034d000 r--p 00000000 00:44 5225                       /cvmfs/sft.cern.ch/lcg/releases/ROOT/v6.20.06-3f7fd/x86_64-centos7-gcc8-opt/lib/HistFactory.pcm
2b683034d000-2b6831223000 r--p 00000000 00:44 5401                       /cvmfs/sft.cern.ch/lcg/releases/ROOT/v6.20.06-3f7fd/x86_64-centos7-gcc8-opt/lib/RooFitCore.pcm
2b6831223000-2b68312a4000 r--p 00000000 00:44 5315                       /cvmfs/sft.cern.ch/lcg/releases/ROOT/v6.20.06-3f7fd/x86_64-centos7-gcc8-opt/lib/Foam.pcm
2b68312a4000-2b6831334000 r--p 00000000 00:44 5389                       /cvmfs/sft.cern.ch/lcg/releases/ROOT/v6.20.06-3f7fd/x86_64-centos7-gcc8-opt/lib/Spectrum.pcm
2b6831334000-2b68313cd000 r--p 00000000 00:44 5399                       /cvmfs/sft.cern.ch/lcg/releases/ROOT/v6.20.06-3f7fd/x86_64-centos7-gcc8-opt/lib/GuiHtml.pcm
2b68313cd000-2b6831456000 r--p 00000000 00:44 5446                       /cvmfs/sft.cern.ch/lcg/releases/ROOT/v6.20.06-3f7fd/x86_64-centos7-gcc8-opt/lib/Postscript.pcm
2b6831456000-2b68314ed000 r--p 00000000 00:44 5367                       /cvmfs/sft.cern.ch/lcg/releases/ROOT/v6.20.06-3f7fd/x86_64-centos7-gcc8-opt/lib/TMVAGui.pcm
2b68314ed000-2b6831698000 r--p 00000000 00:44 5421                       /cvmfs/sft.cern.ch/lcg/releases/ROOT/v6.20.06-3f7fd/x86_64-centos7-gcc8-opt/lib/Html.pcm
2b6831698000-2b683170c000 r--p 00000000 00:44 5005                       /cvmfs/sft.cern.ch/lcg/releases/ROOT/v6.20.06-3f7fd/x86_64-centos7-gcc8-opt/lib/Fumili.pcm
2b683170c000-2b683178b000 r--p 00000000 00:44 5324                       /cvmfs/sft.cern.ch/lcg/releases/ROOT/v6.20.06-3f7fd/x86_64-centos7-gcc8-opt/lib/RooFitMore.pcm
2b683178b000-2b68317fd000 r--p 00000000 00:44 5360                       /cvmfs/sft.cern.ch/lcg/releases/ROOT/v6.20.06-3f7fd/x86_64-centos7-gcc8-opt/lib/X3d.pcm
2b68317fd000-2b6831cb7000 r--p 00000000 00:44 5275                       /cvmfs/sft.cern.ch/lcg/releases/ROOT/v6.20.06-3f7fd/x86_64-centos7-gcc8-opt/lib/Oracle.pcm
2b6831cb7000-2b6831df3000 rw-p 00000000 00:00 0 
2b6831df3000-2b6832b4d000 r--p 00000000 00:44 5297                       /cvmfs/sft.cern.ch/lcg/releases/ROOT/v6.20.06-3f7fd/x86_64-centos7-gcc8-opt/lib/RooFit.pcm
2b6832b4d000-2b6832ec7000 r--p 00000000 00:44 5267                       /cvmfs/sft.cern.ch/lcg/releases/ROOT/v6.20.06-3f7fd/x86_64-centos7-gcc8-opt/lib/RooStats.pcm
2b6832ec7000-2b6832f3c000 r--p 00000000 00:44 5283                       /cvmfs/sft.cern.ch/lcg/releases/ROOT/v6.20.06-3f7fd/x86_64-centos7-gcc8-opt/lib/FFTW.pcm
2b6832f3c000-2b6832fdc000 r--p 00000000 00:44 8077                       /cvmfs/sft.cern.ch/lcg/releases/ROOT/v6.20.06-3f7fd/x86_64-centos7-gcc8-opt/lib/SQLIO.pcm
2b6832fdc000-2b6833057000 r--p 00000000 00:44 5310                       /cvmfs/sft.cern.ch/lcg/releases/ROOT/v6.20.06-3f7fd/x86_64-centos7-gcc8-opt/lib/ASImage.pcm
2b6833057000-2b68330fe000 r--p 00000000 00:44 5309                       /cvmfs/sft.cern.ch/lcg/releases/ROOT/v6.20.06-3f7fd/x86_64-centos7-gcc8-opt/lib/Proofx.pcm
2b68330fe000-2b68333a1000 r--p 00000000 00:44 5108                       /cvmfs/sft.cern.ch/lcg/releases/ROOT/v6.20.06-3f7fd/x86_64-centos7-gcc8-opt/lib/Minuit2.pcm
2b68333a1000-2b683341b000 r--p 00000000 00:44 5351                       /cvmfs/sft.cern.ch/lcg/releases/ROOT/v6.20.06-3f7fd/x86_64-centos7-gcc8-opt/lib/MLP.pcm
2b683341b000-2b68336bf000 r--p 00000000 00:44 5422                       /cvmfs/sft.cern.ch/lcg/releases/ROOT/v6.20.06-3f7fd/x86_64-centos7-gcc8-opt/lib/GenVector.pcm
2b68336bf000-2b6833865000 r--p 00000000 00:44 5409                       /cvmfs/sft.cern.ch/lcg/releases/ROOT/v6.20.06-3f7fd/x86_64-centos7-gcc8-opt/lib/ROOTBrowserv7.pcm
2b6833865000-2b68338e0000 r--p 00000000 00:44 5385                       /cvmfs/sft.cern.ch/lcg/releases/ROOT/v6.20.06-3f7fd/x86_64-centos7-gcc8-opt/lib/RootAuth.pcm
2b68338e0000-2b6833951000 r--p 00000000 00:44 5318                       /cvmfs/sft.cern.ch/lcg/releases/ROOT/v6.20.06-3f7fd/x86_64-centos7-gcc8-opt/lib/ASImageGui.pcm
2b6833951000-2b68339d3000 r--p 00000000 00:44 5370                       /cvmfs/sft.cern.ch/lcg/releases/ROOT/v6.20.06-3f7fd/x86_64-centos7-gcc8-opt/lib/Gviz3d.pcm
2b68339d3000-2b6833a69000 r--p 00000000 00:44 4871                       /cvmfs/sft.cern.ch/lcg/releases/ROOT/v6.20.06-3f7fd/x86_64-centos7-gcc8-opt/lib/ROOTGraphicsPrimitives.pcm
2b6833a69000-2b6833a89000 r-xp 00000000 fd:00 2754090                    /usr/lib64/ld-2.17.so
2b6833a89000-2b6833c89000 ---p 00020000 fd:00 2754090                    /usr/lib64/ld-2.17.so
2b6833c89000-2b6833c8a000 r--p 00020000 fd:00 2754090                    /usr/lib64/ld-2.17.so
2b6833c8a000-2b6833c8b000 rw-p 00021000 fd:00 2754090                    /usr/lib64/ld-2.17.so
2b6833c8b000-2b6833c8c000 rw-p 00000000 00:00 0 
7ffe107b5000-7ffe107db000 rw-p 00000000 00:00 0                          [stack]
7ffe107f0000-7ffe107f2000 r-xp 00000000 00:00 0                          [vdso]
ffffffffff600000-ffffffffff601000 r-xp 00000000 00:00 0                  [vsyscall]
