Error in <TChain::SetBranchAddress>: unknown branch -> HLT_mb_sptrk_decision
Error in <TChain::SetBranchAddress>: unknown branch -> HLT_mb_sptrk_prescale
Error in <TTree::SetBranchStatus>: unknown branch -> HLT_mb_sptrk_decision
Error in <TTree::SetBranchStatus>: unknown branch -> HLT_mb_sptrk_prescale
Error in <TTree::SetBranchStatus>: unknown branch -> HLT_mb_sptrk_decision
Error in <TTree::SetBranchStatus>: unknown branch -> HLT_mb_sptrk_prescale
Error in <TTree::SetBranchStatus>: unknown branch -> HLT_mb_sptrk_decision
Error in <TTree::SetBranchStatus>: unknown branch -> HLT_mb_sptrk_prescale
Error in <TTree::SetBranchStatus>: unknown branch -> HLT_mb_sptrk_decision
Error in <TTree::SetBranchStatus>: unknown branch -> HLT_mb_sptrk_prescale
Error in <TTree::SetBranchStatus>: unknown branch -> HLT_mb_sptrk_decision
Error in <TTree::SetBranchStatus>: unknown branch -> HLT_mb_sptrk_prescale
Error in <TTree::SetBranchStatus>: unknown branch -> HLT_mb_sptrk_decision
Error in <TTree::SetBranchStatus>: unknown branch -> HLT_mb_sptrk_prescale
Error in <TTree::SetBranchStatus>: unknown branch -> HLT_mb_sptrk_decision
Error in <TTree::SetBranchStatus>: unknown branch -> HLT_mb_sptrk_prescale
*** Error in `condor_exec.exe': double free or corruption (fasttop): 0x000000000164f720 ***
======= Backtrace: =========
/usr/lib64/libc.so.6(+0x7c503)[0x2b0de8976503]
/usr/lib64/libc.so.6(__cxa_finalize+0x9a)[0x2b0de8932dba]
/atlasgpfs01/usatlas/workarea/jeff/HadronYieldsAnalysis/lib/libJetHadronSkimmer.so(+0xa9a3)[0x2b0de761d9a3]
======= Memory map: ========
00400000-0040b000 r-xp 00000000 00:3e 5086146                            /gpfs/mnt/atlasgpfs01/usatlas/workarea/jeff/HadronYieldsAnalysis/bin/run.exe
0060a000-0060b000 r--p 0000a000 00:3e 5086146                            /gpfs/mnt/atlasgpfs01/usatlas/workarea/jeff/HadronYieldsAnalysis/bin/run.exe
0060b000-0060c000 rw-p 0000b000 00:3e 5086146                            /gpfs/mnt/atlasgpfs01/usatlas/workarea/jeff/HadronYieldsAnalysis/bin/run.exe
0060c000-007dc000 rw-p 00000000 00:00 0 
01575000-0ef55000 rw-p 00000000 00:00 0                                  [heap]
2b0de20fb000-2b0de211b000 r-xp 00000000 fd:00 788010                     /usr/lib64/ld-2.17.so
2b0de211b000-2b0de217c000 rw-p 00000000 00:00 0 
2b0de21ac000-2b0de227b000 rw-p 00000000 00:00 0 
2b0de22ac000-2b0de22fd000 rw-p 00000000 00:00 0 
2b0de22fd000-2b0de230a000 r--p 00000000 00:37 5044                       /cvmfs/sft.cern.ch/lcg/releases/ROOT/v6.20.06-3f7fd/x86_64-centos7-gcc8-opt/lib/xlocale.h.pcm
2b0de230a000-2b0de2317000 r--p 00000000 00:37 5506                       /cvmfs/sft.cern.ch/lcg/releases/ROOT/v6.20.06-3f7fd/x86_64-centos7-gcc8-opt/lib/_Builtin_stddef_max_align_t.pcm
2b0de231b000-2b0de231c000 r--p 00020000 fd:00 788010                     /usr/lib64/ld-2.17.so
2b0de231c000-2b0de231d000 rw-p 00021000 fd:00 788010                     /usr/lib64/ld-2.17.so
2b0de231d000-2b0de231e000 rw-p 00000000 00:00 0 
2b0de231e000-2b0de277d000 r-xp 00000000 00:37 5253                       /cvmfs/sft.cern.ch/lcg/releases/ROOT/v6.20.06-3f7fd/x86_64-centos7-gcc8-opt/lib/libGui.so
2b0de277d000-2b0de297d000 ---p 0045f000 00:37 5253                       /cvmfs/sft.cern.ch/lcg/releases/ROOT/v6.20.06-3f7fd/x86_64-centos7-gcc8-opt/lib/libGui.so
2b0de297d000-2b0de29c9000 r--p 0045f000 00:37 5253                       /cvmfs/sft.cern.ch/lcg/releases/ROOT/v6.20.06-3f7fd/x86_64-centos7-gcc8-opt/lib/libGui.so
2b0de29c9000-2b0de29ce000 rw-p 004ab000 00:37 5253                       /cvmfs/sft.cern.ch/lcg/releases/ROOT/v6.20.06-3f7fd/x86_64-centos7-gcc8-opt/lib/libGui.so
2b0de29ce000-2b0de29df000 rw-p 00000000 00:00 0 
2b0de29df000-2b0de2eb4000 r-xp 00000000 00:37 5344                       /cvmfs/sft.cern.ch/lcg/releases/ROOT/v6.20.06-3f7fd/x86_64-centos7-gcc8-opt/lib/libCore.so
2b0de2eb4000-2b0de30b3000 ---p 004d5000 00:37 5344                       /cvmfs/sft.cern.ch/lcg/releases/ROOT/v6.20.06-3f7fd/x86_64-centos7-gcc8-opt/lib/libCore.so
2b0de30b3000-2b0de30dd000 r--p 004d4000 00:37 5344                       /cvmfs/sft.cern.ch/lcg/releases/ROOT/v6.20.06-3f7fd/x86_64-centos7-gcc8-opt/lib/libCore.so
2b0de30dd000-2b0de30e3000 rw-p 004fe000 00:37 5344                       /cvmfs/sft.cern.ch/lcg/releases/ROOT/v6.20.06-3f7fd/x86_64-centos7-gcc8-opt/lib/libCore.so
2b0de30e3000-2b0de3117000 rw-p 00000000 00:00 0 
2b0de3117000-2b0de3125000 r-xp 00000000 00:37 5293                       /cvmfs/sft.cern.ch/lcg/releases/ROOT/v6.20.06-3f7fd/x86_64-centos7-gcc8-opt/lib/libImt.so
2b0de3125000-2b0de3324000 ---p 0000e000 00:37 5293                       /cvmfs/sft.cern.ch/lcg/releases/ROOT/v6.20.06-3f7fd/x86_64-centos7-gcc8-opt/lib/libImt.so
2b0de3324000-2b0de3325000 r--p 0000d000 00:37 5293                       /cvmfs/sft.cern.ch/lcg/releases/ROOT/v6.20.06-3f7fd/x86_64-centos7-gcc8-opt/lib/libImt.so
2b0de3325000-2b0de3326000 rw-p 0000e000 00:37 5293                       /cvmfs/sft.cern.ch/lcg/releases/ROOT/v6.20.06-3f7fd/x86_64-centos7-gcc8-opt/lib/libImt.so
2b0de3326000-2b0de36ba000 r-xp 00000000 00:37 6317                       /cvmfs/sft.cern.ch/lcg/releases/ROOT/v6.20.06-3f7fd/x86_64-centos7-gcc8-opt/lib/libRIO.so
2b0de36ba000-2b0de38ba000 ---p 00394000 00:37 6317                       /cvmfs/sft.cern.ch/lcg/releases/ROOT/v6.20.06-3f7fd/x86_64-centos7-gcc8-opt/lib/libRIO.so
2b0de38ba000-2b0de38c7000 r--p 00394000 00:37 6317                       /cvmfs/sft.cern.ch/lcg/releases/ROOT/v6.20.06-3f7fd/x86_64-centos7-gcc8-opt/lib/libRIO.so
2b0de38c7000-2b0de38ca000 rw-p 003a1000 00:37 6317                       /cvmfs/sft.cern.ch/lcg/releases/ROOT/v6.20.06-3f7fd/x86_64-centos7-gcc8-opt/lib/libRIO.so
2b0de38ca000-2b0de38cd000 rw-p 00000000 00:00 0 
2b0de38cd000-2b0de3998000 r-xp 00000000 00:37 5545                       /cvmfs/sft.cern.ch/lcg/releases/ROOT/v6.20.06-3f7fd/x86_64-centos7-gcc8-opt/lib/libNet.so
2b0de3998000-2b0de3b97000 ---p 000cb000 00:37 5545                       /cvmfs/sft.cern.ch/lcg/releases/ROOT/v6.20.06-3f7fd/x86_64-centos7-gcc8-opt/lib/libNet.so
2b0de3b97000-2b0de3ba3000 r--p 000ca000 00:37 5545                       /cvmfs/sft.cern.ch/lcg/releases/ROOT/v6.20.06-3f7fd/x86_64-centos7-gcc8-opt/lib/libNet.so
2b0de3ba3000-2b0de3ba5000 rw-p 000d6000 00:37 5545                       /cvmfs/sft.cern.ch/lcg/releases/ROOT/v6.20.06-3f7fd/x86_64-centos7-gcc8-opt/lib/libNet.so
2b0de3ba5000-2b0de3bac000 rw-p 00000000 00:00 0 
2b0de3bac000-2b0de3f69000 r-xp 00000000 00:37 5454                       /cvmfs/sft.cern.ch/lcg/releases/ROOT/v6.20.06-3f7fd/x86_64-centos7-gcc8-opt/lib/libHist.so
2b0de3f69000-2b0de4168000 ---p 003bd000 00:37 5454                       /cvmfs/sft.cern.ch/lcg/releases/ROOT/v6.20.06-3f7fd/x86_64-centos7-gcc8-opt/lib/libHist.so
2b0de4168000-2b0de4192000 r--p 003bc000 00:37 5454                       /cvmfs/sft.cern.ch/lcg/releases/ROOT/v6.20.06-3f7fd/x86_64-centos7-gcc8-opt/lib/libHist.so
2b0de4192000-2b0de4196000 rw-p 003e6000 00:37 5454                       /cvmfs/sft.cern.ch/lcg/releases/ROOT/v6.20.06-3f7fd/x86_64-centos7-gcc8-opt/lib/libHist.so
2b0de4196000-2b0de41a1000 rw-p 00000000 00:00 0 
2b0de41a1000-2b0de42eb000 r-xp 00000000 00:37 5062                       /cvmfs/sft.cern.ch/lcg/releases/ROOT/v6.20.06-3f7fd/x86_64-centos7-gcc8-opt/lib/libGraf.so
2b0de42eb000-2b0de44ea000 ---p 0014a000 00:37 5062                       /cvmfs/sft.cern.ch/lcg/releases/ROOT/v6.20.06-3f7fd/x86_64-centos7-gcc8-opt/lib/libGraf.so
2b0de44ea000-2b0de44f8000 r--p 00149000 00:37 5062                       /cvmfs/sft.cern.ch/lcg/releases/ROOT/v6.20.06-3f7fd/x86_64-centos7-gcc8-opt/lib/libGraf.so
2b0de44f8000-2b0de44fc000 rw-p 00157000 00:37 5062                       /cvmfs/sft.cern.ch/lcg/releases/ROOT/v6.20.06-3f7fd/x86_64-centos7-gcc8-opt/lib/libGraf.so
2b0de44fc000-2b0de450a000 rw-p 00000000 00:00 0 
2b0de450a000-2b0de45a9000 r-xp 00000000 00:37 5416                       /cvmfs/sft.cern.ch/lcg/releases/ROOT/v6.20.06-3f7fd/x86_64-centos7-gcc8-opt/lib/libGraf3d.so
2b0de45a9000-2b0de47a8000 ---p 0009f000 00:37 5416                       /cvmfs/sft.cern.ch/lcg/releases/ROOT/v6.20.06-3f7fd/x86_64-centos7-gcc8-opt/lib/libGraf3d.so
2b0de47a8000-2b0de47b2000 r--p 0009e000 00:37 5416                       /cvmfs/sft.cern.ch/lcg/releases/ROOT/v6.20.06-3f7fd/x86_64-centos7-gcc8-opt/lib/libGraf3d.so
2b0de47b2000-2b0de47b3000 rw-p 000a8000 00:37 5416                       /cvmfs/sft.cern.ch/lcg/releases/ROOT/v6.20.06-3f7fd/x86_64-centos7-gcc8-opt/lib/libGraf3d.so
2b0de47b3000-2b0de47b7000 rw-p 00000000 00:00 0 
2b0de47b7000-2b0de4892000 r-xp 00000000 00:37 5089                       /cvmfs/sft.cern.ch/lcg/releases/ROOT/v6.20.06-3f7fd/x86_64-centos7-gcc8-opt/lib/libGpad.so
2b0de4892000-2b0de4a91000 ---p 000db000 00:37 5089                       /cvmfs/sft.cern.ch/lcg/releases/ROOT/v6.20.06-3f7fd/x86_64-centos7-gcc8-opt/lib/libGpad.so
2b0de4a91000-2b0de4a9b000 r--p 000da000 00:37 5089                       /cvmfs/sft.cern.ch/lcg/releases/ROOT/v6.20.06-3f7fd/x86_64-centos7-gcc8-opt/lib/libGpad.so
2b0de4a9b000-2b0de4a9d000 rw-p 000e4000 00:37 5089                       /cvmfs/sft.cern.ch/lcg/releases/ROOT/v6.20.06-3f7fd/x86_64-centos7-gcc8-opt/lib/libGpad.so
2b0de4a9d000-2b0de4a9e000 rw-p 00000000 00:00 0 
2b0de4a9e000-2b0de4b73000 r-xp 00000000 00:37 5012                       /cvmfs/sft.cern.ch/lcg/releases/ROOT/v6.20.06-3f7fd/x86_64-centos7-gcc8-opt/lib/libROOTVecOps.so
2b0de4b73000-2b0de4d72000 ---p 000d5000 00:37 5012                       /cvmfs/sft.cern.ch/lcg/releases/ROOT/v6.20.06-3f7fd/x86_64-centos7-gcc8-opt/lib/libROOTVecOps.so
2b0de4d72000-2b0de4d74000 r--p 000d4000 00:37 5012                       /cvmfs/sft.cern.ch/lcg/releases/ROOT/v6.20.06-3f7fd/x86_64-centos7-gcc8-opt/lib/libROOTVecOps.so
2b0de4d74000-2b0de4d75000 rw-p 000d6000 00:37 5012                       /cvmfs/sft.cern.ch/lcg/releases/ROOT/v6.20.06-3f7fd/x86_64-centos7-gcc8-opt/lib/libROOTVecOps.so
2b0de4d75000-2b0de4d77000 rw-p 00000000 00:00 0 
2b0de4d77000-2b0de4ee1000 r-xp 00000000 00:37 5467                       /cvmfs/sft.cern.ch/lcg/releases/ROOT/v6.20.06-3f7fd/x86_64-centos7-gcc8-opt/lib/libTree.so
2b0de4ee1000-2b0de50e0000 ---p 0016a000 00:37 5467                       /cvmfs/sft.cern.ch/lcg/releases/ROOT/v6.20.06-3f7fd/x86_64-centos7-gcc8-opt/lib/libTree.so
2b0de50e0000-2b0de50f0000 r--p 00169000 00:37 5467                       /cvmfs/sft.cern.ch/lcg/releases/ROOT/v6.20.06-3f7fd/x86_64-centos7-gcc8-opt/lib/libTree.so
2b0de50f0000-2b0de50f3000 rw-p 00179000 00:37 5467                       /cvmfs/sft.cern.ch/lcg/releases/ROOT/v6.20.06-3f7fd/x86_64-centos7-gcc8-opt/lib/libTree.so
2b0de50f3000-2b0de50f7000 rw-p 00000000 00:00 0 
2b0de50f7000-2b0de526b000 r-xp 00000000 00:37 5262                       /cvmfs/sft.cern.ch/lcg/releases/ROOT/v6.20.06-3f7fd/x86_64-centos7-gcc8-opt/lib/libTreePlayer.so
2b0de526b000-2b0de546a000 ---p 00174000 00:37 5262                       /cvmfs/sft.cern.ch/lcg/releases/ROOT/v6.20.06-3f7fd/x86_64-centos7-gcc8-opt/lib/libTreePlayer.so
2b0de546a000-2b0de5475000 r--p 00173000 00:37 5262                       /cvmfs/sft.cern.ch/lcg/releases/ROOT/v6.20.06-3f7fd/x86_64-centos7-gcc8-opt/lib/libTreePlayer.so
2b0de5475000-2b0de5477000 rw-p 0017e000 00:37 5262                       /cvmfs/sft.cern.ch/lcg/releases/ROOT/v6.20.06-3f7fd/x86_64-centos7-gcc8-opt/lib/libTreePlayer.so
2b0de5477000-2b0de547e000 rw-p 00000000 00:00 0 
2b0de547e000-2b0de54a5000 r-xp 00000000 00:37 5074                       /cvmfs/sft.cern.ch/lcg/releases/ROOT/v6.20.06-3f7fd/x86_64-centos7-gcc8-opt/lib/libRint.so
2b0de54a5000-2b0de56a4000 ---p 00027000 00:37 5074                       /cvmfs/sft.cern.ch/lcg/releases/ROOT/v6.20.06-3f7fd/x86_64-centos7-gcc8-opt/lib/libRint.so
2b0de56a4000-2b0de56a6000 r--p 00026000 00:37 5074                       /cvmfs/sft.cern.ch/lcg/releases/ROOT/v6.20.06-3f7fd/x86_64-centos7-gcc8-opt/lib/libRint.so
2b0de56a6000-2b0de56a7000 rw-p 00028000 00:37 5074                       /cvmfs/sft.cern.ch/lcg/releases/ROOT/v6.20.06-3f7fd/x86_64-centos7-gcc8-opt/lib/libRint.so
2b0de56a7000-2b0de5716000 r-xp 00000000 00:37 5439                       /cvmfs/sft.cern.ch/lcg/releases/ROOT/v6.20.06-3f7fd/x86_64-centos7-gcc8-opt/lib/libPostscript.so
2b0de5716000-2b0de5916000 ---p 0006f000 00:37 5439                       /cvmfs/sft.cern.ch/lcg/releases/ROOT/v6.20.06-3f7fd/x86_64-centos7-gcc8-opt/lib/libPostscript.so
2b0de5916000-2b0de591d000 r--p 0006f000 00:37 5439                       /cvmfs/sft.cern.ch/lcg/releases/ROOT/v6.20.06-3f7fd/x86_64-centos7-gcc8-opt/lib/libPostscript.so
2b0de591d000-2b0de591e000 rw-p 00076000 00:37 5439                       /cvmfs/sft.cern.ch/lcg/releases/ROOT/v6.20.06-3f7fd/x86_64-centos7-gcc8-opt/lib/libPostscript.so
2b0de591e000-2b0de591f000 rw-p 00000000 00:00 0 
2b0de591f000-2b0de5a8a000 r-xp 00000000 00:37 5481                       /cvmfs/sft.cern.ch/lcg/releases/ROOT/v6.20.06-3f7fd/x86_64-centos7-gcc8-opt/lib/libMatrix.so
2b0de5a8a000-2b0de5c89000 ---p 0016b000 00:37 5481                       /cvmfs/sft.cern.ch/lcg/releases/ROOT/v6.20.06-3f7fd/x86_64-centos7-gcc8-opt/lib/libMatrix.so
2b0de5c89000-2b0de5c91000 r--p 0016a000 00:37 5481                       /cvmfs/sft.cern.ch/lcg/releases/ROOT/v6.20.06-3f7fd/x86_64-centos7-gcc8-opt/lib/libMatrix.so
2b0de5c91000-2b0de5c93000 rw-p 00172000 00:37 5481                       /cvmfs/sft.cern.ch/lcg/releases/ROOT/v6.20.06-3f7fd/x86_64-centos7-gcc8-opt/lib/libMatrix.so
2b0de5c93000-2b0de5c97000 rw-p 00000000 00:00 0 
2b0de5c97000-2b0de5cdf000 r-xp 00000000 00:37 5097                       /cvmfs/sft.cern.ch/lcg/releases/ROOT/v6.20.06-3f7fd/x86_64-centos7-gcc8-opt/lib/libPhysics.so
2b0de5cdf000-2b0de5edf000 ---p 00048000 00:37 5097                       /cvmfs/sft.cern.ch/lcg/releases/ROOT/v6.20.06-3f7fd/x86_64-centos7-gcc8-opt/lib/libPhysics.so
2b0de5edf000-2b0de5ee2000 r--p 00048000 00:37 5097                       /cvmfs/sft.cern.ch/lcg/releases/ROOT/v6.20.06-3f7fd/x86_64-centos7-gcc8-opt/lib/libPhysics.so
2b0de5ee2000-2b0de5ee3000 rw-p 0004b000 00:37 5097                       /cvmfs/sft.cern.ch/lcg/releases/ROOT/v6.20.06-3f7fd/x86_64-centos7-gcc8-opt/lib/libPhysics.so
2b0de5ee3000-2b0de5ee4000 rw-p 00000000 00:00 0 
2b0de5ee4000-2b0de60e1000 r-xp 00000000 00:37 4860                       /cvmfs/sft.cern.ch/lcg/releases/ROOT/v6.20.06-3f7fd/x86_64-centos7-gcc8-opt/lib/libMathCore.so
2b0de60e1000-2b0de62e1000 ---p 001fd000 00:37 4860                       /cvmfs/sft.cern.ch/lcg/releases/ROOT/v6.20.06-3f7fd/x86_64-centos7-gcc8-opt/lib/libMathCore.so
2b0de62e1000-2b0de62eb000 r--p 001fd000 00:37 4860                       /cvmfs/sft.cern.ch/lcg/releases/ROOT/v6.20.06-3f7fd/x86_64-centos7-gcc8-opt/lib/libMathCore.so
2b0de62eb000-2b0de62ee000 rw-p 00207000 00:37 4860                       /cvmfs/sft.cern.ch/lcg/releases/ROOT/v6.20.06-3f7fd/x86_64-centos7-gcc8-opt/lib/libMathCore.so
2b0de62ee000-2b0de62f7000 rw-p 00000000 00:00 0 
2b0de62f7000-2b0de6346000 r-xp 00000000 00:37 5100                       /cvmfs/sft.cern.ch/lcg/releases/ROOT/v6.20.06-3f7fd/x86_64-centos7-gcc8-opt/lib/libThread.so
2b0de6346000-2b0de6545000 ---p 0004f000 00:37 5100                       /cvmfs/sft.cern.ch/lcg/releases/ROOT/v6.20.06-3f7fd/x86_64-centos7-gcc8-opt/lib/libThread.so
2b0de6545000-2b0de6549000 r--p 0004e000 00:37 5100                       /cvmfs/sft.cern.ch/lcg/releases/ROOT/v6.20.06-3f7fd/x86_64-centos7-gcc8-opt/lib/libThread.so
2b0de6549000-2b0de654a000 rw-p 00052000 00:37 5100                       /cvmfs/sft.cern.ch/lcg/releases/ROOT/v6.20.06-3f7fd/x86_64-centos7-gcc8-opt/lib/libThread.so
2b0de654a000-2b0de654c000 rw-p 00000000 00:00 0 
2b0de654c000-2b0de6558000 r-xp 00000000 00:37 5320                       /cvmfs/sft.cern.ch/lcg/releases/ROOT/v6.20.06-3f7fd/x86_64-centos7-gcc8-opt/lib/libMultiProc.so
2b0de6558000-2b0de6757000 ---p 0000c000 00:37 5320                       /cvmfs/sft.cern.ch/lcg/releases/ROOT/v6.20.06-3f7fd/x86_64-centos7-gcc8-opt/lib/libMultiProc.so
2b0de6757000-2b0de6758000 r--p 0000b000 00:37 5320                       /cvmfs/sft.cern.ch/lcg/releases/ROOT/v6.20.06-3f7fd/x86_64-centos7-gcc8-opt/lib/libMultiProc.so
2b0de6758000-2b0de6759000 rw-p 0000c000 00:37 5320                       /cvmfs/sft.cern.ch/lcg/releases/ROOT/v6.20.06-3f7fd/x86_64-centos7-gcc8-opt/lib/libMultiProc.so
2b0de6759000-2b0de680b000 r-xp 00000000 00:37 5105                       /cvmfs/sft.cern.ch/lcg/releases/ROOT/v6.20.06-3f7fd/x86_64-centos7-gcc8-opt/lib/libROOTDataFrame.so
2b0de680b000-2b0de6a0b000 ---p 000b2000 00:37 5105                       /cvmfs/sft.cern.ch/lcg/releases/ROOT/v6.20.06-3f7fd/x86_64-centos7-gcc8-opt/lib/libROOTDataFrame.so
2b0de6a0b000-2b0de6a0e000 r--p 000b2000 00:37 5105                       /cvmfs/sft.cern.ch/lcg/releases/ROOT/v6.20.06-3f7fd/x86_64-centos7-gcc8-opt/lib/libROOTDataFrame.so
2b0de6a0e000-2b0de6a10000 rw-p 000b5000 00:37 5105                       /cvmfs/sft.cern.ch/lcg/releases/ROOT/v6.20.06-3f7fd/x86_64-centos7-gcc8-opt/lib/libROOTDataFrame.so
2b0de6a10000-2b0de6a13000 rw-p 00000000 00:00 0 
2b0de6a13000-2b0de6a15000 r-xp 00000000 fd:00 788023                     /usr/lib64/libdl-2.17.so
2b0de6a15000-2b0de6c15000 ---p 00002000 fd:00 788023                     /usr/lib64/libdl-2.17.so
2b0de6c15000-2b0de6c16000 r--p 00002000 fd:00 788023                     /usr/lib64/libdl-2.17.so
2b0de6c16000-2b0de6c17000 rw-p 00003000 fd:00 788023                     /usr/lib64/libdl-2.17.so
2b0de6c17000-2b0de6c26000 r-xp 00000000 00:32 3362007893                 /direct/usatlas+u/jeff/RootUtilities/lib/libUtilities.so
2b0de6c26000-2b0de6e25000 ---p 0000f000 00:32 3362007893                 /direct/usatlas+u/jeff/RootUtilities/lib/libUtilities.so
2b0de6e25000-2b0de6e26000 r--p 0000e000 00:32 3362007893                 /direct/usatlas+u/jeff/RootUtilities/lib/libUtilities.so
2b0de6e26000-2b0de6e27000 rw-p 0000f000 00:32 3362007893                 /direct/usatlas+u/jeff/RootUtilities/lib/libUtilities.so
2b0de6e27000-2b0de6e2f000 r-xp 00000000 00:3e 56323298                   /gpfs/mnt/atlasgpfs01/usatlas/workarea/jeff/atlas-hi/lib/libAtlasUtils.so
2b0de6e2f000-2b0de702e000 ---p 00008000 00:3e 56323298                   /gpfs/mnt/atlasgpfs01/usatlas/workarea/jeff/atlas-hi/lib/libAtlasUtils.so
2b0de702e000-2b0de702f000 r--p 00007000 00:3e 56323298                   /gpfs/mnt/atlasgpfs01/usatlas/workarea/jeff/atlas-hi/lib/libAtlasUtils.so
2b0de702f000-2b0de7030000 rw-p 00008000 00:3e 56323298                   /gpfs/mnt/atlasgpfs01/usatlas/workarea/jeff/atlas-hi/lib/libAtlasUtils.so
2b0de7030000-2b0de7032000 r-xp 00000000 00:3e 56323256                   /gpfs/mnt/atlasgpfs01/usatlas/workarea/jeff/atlas-hi/lib/libAtlasStyle.so
2b0de7032000-2b0de7231000 ---p 00002000 00:3e 56323256                   /gpfs/mnt/atlasgpfs01/usatlas/workarea/jeff/atlas-hi/lib/libAtlasStyle.so
2b0de7231000-2b0de7232000 r--p 00001000 00:3e 56323256                   /gpfs/mnt/atlasgpfs01/usatlas/workarea/jeff/atlas-hi/lib/libAtlasStyle.so
2b0de7232000-2b0de7233000 rw-p 00002000 00:3e 56323256                   /gpfs/mnt/atlasgpfs01/usatlas/workarea/jeff/atlas-hi/lib/libAtlasStyle.so
2b0de7233000-2b0de7242000 r-xp 00000000 00:3e 5086140                    /gpfs/mnt/atlasgpfs01/usatlas/workarea/jeff/HadronYieldsAnalysis/lib/libLocalUtilities.so
2b0de7242000-2b0de7441000 ---p 0000f000 00:3e 5086140                    /gpfs/mnt/atlasgpfs01/usatlas/workarea/jeff/HadronYieldsAnalysis/lib/libLocalUtilities.so
2b0de7441000-2b0de7442000 r--p 0000e000 00:3e 5086140                    /gpfs/mnt/atlasgpfs01/usatlas/workarea/jeff/HadronYieldsAnalysis/lib/libLocalUtilities.so
2b0de7442000-2b0de7443000 rw-p 0000f000 00:3e 5086140                    /gpfs/mnt/atlasgpfs01/usatlas/workarea/jeff/HadronYieldsAnalysis/lib/libLocalUtilities.so
2b0de7443000-2b0de7613000 rw-p 00000000 00:00 0 
2b0de7613000-2b0de7625000 r-xp 00000000 00:3e 5086138                    /gpfs/mnt/atlasgpfs01/usatlas/workarea/jeff/HadronYieldsAnalysis/lib/libJetHadronSkimmer.so
2b0de7625000-2b0de7825000 ---p 00012000 00:3e 5086138                    /gpfs/mnt/atlasgpfs01/usatlas/workarea/jeff/HadronYieldsAnalysis/lib/libJetHadronSkimmer.so
2b0de7825000-2b0de7826000 r--p 00012000 00:3e 5086138                    /gpfs/mnt/atlasgpfs01/usatlas/workarea/jeff/HadronYieldsAnalysis/lib/libJetHadronSkimmer.so
2b0de7826000-2b0de7827000 rw-p 00013000 00:3e 5086138                    /gpfs/mnt/atlasgpfs01/usatlas/workarea/jeff/HadronYieldsAnalysis/lib/libJetHadronSkimmer.so
2b0de7827000-2b0de7a5b000 rw-p 00000000 00:00 0 
2b0de7a5b000-2b0de7a69000 r-xp 00000000 00:3e 5086141                    /gpfs/mnt/atlasgpfs01/usatlas/workarea/jeff/HadronYieldsAnalysis/lib/libZDCAnalysis.so
2b0de7a69000-2b0de7c69000 ---p 0000e000 00:3e 5086141                    /gpfs/mnt/atlasgpfs01/usatlas/workarea/jeff/HadronYieldsAnalysis/lib/libZDCAnalysis.so
2b0de7c69000-2b0de7c6a000 r--p 0000e000 00:3e 5086141                    /gpfs/mnt/atlasgpfs01/usatlas/workarea/jeff/HadronYieldsAnalysis/lib/libZDCAnalysis.so
2b0de7c6a000-2b0de7c6b000 rw-p 0000f000 00:3e 5086141                    /gpfs/mnt/atlasgpfs01/usatlas/workarea/jeff/HadronYieldsAnalysis/lib/libZDCAnalysis.so
2b0de7c6b000-2b0de7e3b000 rw-p 00000000 00:00 0 
2b0de7e3b000-2b0de7fb4000 r-xp 00000000 00:37 368335                     /cvmfs/sft.cern.ch/lcg/releases/gcc/8.3.0-cebb0/x86_64-centos7/lib64/libstdc++.so.6.0.25
2b0de7fb4000-2b0de81b4000 ---p 00179000 00:37 368335                     /cvmfs/sft.cern.ch/lcg/releases/gcc/8.3.0-cebb0/x86_64-centos7/lib64/libstdc++.so.6.0.25
2b0de81b4000-2b0de81be000 r--p 00179000 00:37 368335                     /cvmfs/sft.cern.ch/lcg/releases/gcc/8.3.0-cebb0/x86_64-centos7/lib64/libstdc++.so.6.0.25
2b0de81be000-2b0de81c0000 rw-p 00183000 00:37 368335                     /cvmfs/sft.cern.ch/lcg/releases/gcc/8.3.0-cebb0/x86_64-centos7/lib64/libstdc++.so.6.0.25
2b0de81c0000-2b0de81c4000 rw-p 00000000 00:00 0 
2b0de81c4000-2b0de82c4000 r-xp 00000000 fd:00 788025                     /usr/lib64/libm-2.17.so
2b0de82c4000-2b0de84c4000 ---p 00100000 fd:00 788025                     /usr/lib64/libm-2.17.so
2b0de84c4000-2b0de84c5000 r--p 00100000 fd:00 788025                     /usr/lib64/libm-2.17.so
2b0de84c5000-2b0de84c6000 rw-p 00101000 fd:00 788025                     /usr/lib64/libm-2.17.so
2b0de84c6000-2b0de84dd000 r-xp 00000000 00:37 368161                     /cvmfs/sft.cern.ch/lcg/releases/gcc/8.3.0-cebb0/x86_64-centos7/lib64/libgcc_s.so.1
2b0de84dd000-2b0de86dc000 ---p 00017000 00:37 368161                     /cvmfs/sft.cern.ch/lcg/releases/gcc/8.3.0-cebb0/x86_64-centos7/lib64/libgcc_s.so.1
2b0de86dc000-2b0de86dd000 r--p 00016000 00:37 368161                     /cvmfs/sft.cern.ch/lcg/releases/gcc/8.3.0-cebb0/x86_64-centos7/lib64/libgcc_s.so.1
2b0de86dd000-2b0de86de000 rw-p 00017000 00:37 368161                     /cvmfs/sft.cern.ch/lcg/releases/gcc/8.3.0-cebb0/x86_64-centos7/lib64/libgcc_s.so.1
2b0de86de000-2b0de86f5000 r-xp 00000000 fd:00 788043                     /usr/lib64/libpthread-2.17.so
2b0de86f5000-2b0de88f4000 ---p 00017000 fd:00 788043                     /usr/lib64/libpthread-2.17.so
2b0de88f4000-2b0de88f5000 r--p 00016000 fd:00 788043                     /usr/lib64/libpthread-2.17.so
2b0de88f5000-2b0de88f6000 rw-p 00017000 fd:00 788043                     /usr/lib64/libpthread-2.17.so
2b0de88f6000-2b0de88fa000 rw-p 00000000 00:00 0 
2b0de88fa000-2b0de8ab1000 r-xp 00000000 fd:00 788017                     /usr/lib64/libc-2.17.so
2b0de8ab1000-2b0de8cb0000 ---p 001b7000 fd:00 788017                     /usr/lib64/libc-2.17.so
2b0de8cb0000-2b0de8cb4000 r--p 001b6000 fd:00 788017                     /usr/lib64/libc-2.17.so
2b0de8cb4000-2b0de8cb6000 rw-p 001ba000 fd:00 788017                     /usr/lib64/libc-2.17.so
2b0de8cb6000-2b0de8cbb000 rw-p 00000000 00:00 0 
2b0de8cbb000-2b0de8ce0000 r-xp 00000000 fd:00 788262                     /usr/lib64/liblzma.so.5.2.2
2b0de8ce0000-2b0de8edf000 ---p 00025000 fd:00 788262                     /usr/lib64/liblzma.so.5.2.2
2b0de8edf000-2b0de8ee0000 r--p 00024000 fd:00 788262                     /usr/lib64/liblzma.so.5.2.2
2b0de8ee0000-2b0de8ee1000 rw-p 00025000 fd:00 788262                     /usr/lib64/liblzma.so.5.2.2
2b0de8ee1000-2b0de8efa000 r-xp 00000000 00:37 349771                     /cvmfs/sft.cern.ch/lcg/releases/zlib/1.2.11-da225/x86_64-centos7-gcc8-opt/lib/libz.so.1.2.11
2b0de8efa000-2b0de90f9000 ---p 00019000 00:37 349771                     /cvmfs/sft.cern.ch/lcg/releases/zlib/1.2.11-da225/x86_64-centos7-gcc8-opt/lib/libz.so.1.2.11
2b0de90f9000-2b0de90fa000 r--p 00018000 00:37 349771                     /cvmfs/sft.cern.ch/lcg/releases/zlib/1.2.11-da225/x86_64-centos7-gcc8-opt/lib/libz.so.1.2.11
2b0de90fa000-2b0de90fb000 rw-p 00019000 00:37 349771                     /cvmfs/sft.cern.ch/lcg/releases/zlib/1.2.11-da225/x86_64-centos7-gcc8-opt/lib/libz.so.1.2.11
2b0de90fb000-2b0de9139000 r-xp 00000000 00:37 365369                     /cvmfs/sft.cern.ch/lcg/releases/tbb/2020_U1-bbcac/x86_64-centos7-gcc8-opt/lib/libtbb.so.2
2b0de9139000-2b0de9338000 ---p 0003e000 00:37 365369                     /cvmfs/sft.cern.ch/lcg/releases/tbb/2020_U1-bbcac/x86_64-centos7-gcc8-opt/lib/libtbb.so.2
2b0de9338000-2b0de933a000 r--p 0003d000 00:37 365369                     /cvmfs/sft.cern.ch/lcg/releases/tbb/2020_U1-bbcac/x86_64-centos7-gcc8-opt/lib/libtbb.so.2
2b0de933a000-2b0de933d000 rw-p 0003f000 00:37 365369                     /cvmfs/sft.cern.ch/lcg/releases/tbb/2020_U1-bbcac/x86_64-centos7-gcc8-opt/lib/libtbb.so.2
2b0de933d000-2b0de933f000 rw-p 00000000 00:00 0 
2b0de933f000-2b0de93a6000 r-xp 00000000 fd:00 798972                     /usr/lib64/libssl.so.1.0.2k
2b0de93a6000-2b0de95a5000 ---p 00067000 fd:00 798972                     /usr/lib64/libssl.so.1.0.2k
2b0de95a5000-2b0de95a9000 r--p 00066000 fd:00 798972                     /usr/lib64/libssl.so.1.0.2k
2b0de95a9000-2b0de95b0000 rw-p 0006a000 fd:00 798972                     /usr/lib64/libssl.so.1.0.2k
2b0de95b0000-2b0de97e4000 r-xp 00000000 fd:00 798970                     /usr/lib64/libcrypto.so.1.0.2k
2b0de97e4000-2b0de99e4000 ---p 00234000 fd:00 798970                     /usr/lib64/libcrypto.so.1.0.2k
2b0de99e4000-2b0de9a00000 r--p 00234000 fd:00 798970                     /usr/lib64/libcrypto.so.1.0.2k
2b0de9a00000-2b0de9a0d000 rw-p 00250000 fd:00 798970                     /usr/lib64/libcrypto.so.1.0.2k
2b0de9a0d000-2b0de9a11000 rw-p 00000000 00:00 0 
2b0de9a11000-2b0de9ab1000 r-xp 00000000 fd:00 788201                     /usr/lib64/libfreetype.so.6.10.0
2b0de9ab1000-2b0de9cb0000 ---p 000a0000 fd:00 788201                     /usr/lib64/libfreetype.so.6.10.0
2b0de9cb0000-2b0de9cb6000 r--p 0009f000 fd:00 788201                     /usr/lib64/libfreetype.so.6.10.0
2b0de9cb6000-2b0de9cb7000 rw-p 000a5000 fd:00 788201                     /usr/lib64/libfreetype.so.6.10.0
2b0de9cb7000-2b0de9cc2000 r-xp 00000000 00:37 365197                     /cvmfs/sft.cern.ch/lcg/releases/vdt/0.4.3-992df/x86_64-centos7-gcc8-opt/lib/libvdt.so
2b0de9cc2000-2b0de9ec2000 ---p 0000b000 00:37 365197                     /cvmfs/sft.cern.ch/lcg/releases/vdt/0.4.3-992df/x86_64-centos7-gcc8-opt/lib/libvdt.so
2b0de9ec2000-2b0de9ec3000 r--p 0000b000 00:37 365197                     /cvmfs/sft.cern.ch/lcg/releases/vdt/0.4.3-992df/x86_64-centos7-gcc8-opt/lib/libvdt.so
2b0de9ec3000-2b0de9ec4000 rw-p 0000c000 00:37 365197                     /cvmfs/sft.cern.ch/lcg/releases/vdt/0.4.3-992df/x86_64-centos7-gcc8-opt/lib/libvdt.so
2b0de9ec4000-2b0de9f1f000 r-xp 00000000 00:37 5301                       /cvmfs/sft.cern.ch/lcg/releases/ROOT/v6.20.06-3f7fd/x86_64-centos7-gcc8-opt/lib/libROOTNTuple.so
2b0de9f1f000-2b0dea11f000 ---p 0005b000 00:37 5301                       /cvmfs/sft.cern.ch/lcg/releases/ROOT/v6.20.06-3f7fd/x86_64-centos7-gcc8-opt/lib/libROOTNTuple.so
2b0dea11f000-2b0dea121000 r--p 0005b000 00:37 5301                       /cvmfs/sft.cern.ch/lcg/releases/ROOT/v6.20.06-3f7fd/x86_64-centos7-gcc8-opt/lib/libROOTNTuple.so
2b0dea121000-2b0dea122000 rw-p 0005d000 00:37 5301                       /cvmfs/sft.cern.ch/lcg/releases/ROOT/v6.20.06-3f7fd/x86_64-centos7-gcc8-opt/lib/libROOTNTuple.so
2b0dea122000-2b0dea123000 rw-p 00000000 00:00 0 
2b0dea123000-2b0dea22d000 r-xp 00000000 00:37 67507                      /cvmfs/sft.cern.ch/lcg/releases/sqlite/3280000-472f2/x86_64-centos7-gcc8-opt/lib/libsqlite3.so.0.8.6
2b0dea22d000-2b0dea42c000 ---p 0010a000 00:37 67507                      /cvmfs/sft.cern.ch/lcg/releases/sqlite/3280000-472f2/x86_64-centos7-gcc8-opt/lib/libsqlite3.so.0.8.6
2b0dea42c000-2b0dea42f000 r--p 00109000 00:37 67507                      /cvmfs/sft.cern.ch/lcg/releases/sqlite/3280000-472f2/x86_64-centos7-gcc8-opt/lib/libsqlite3.so.0.8.6
2b0dea42f000-2b0dea432000 rw-p 0010c000 00:37 67507                      /cvmfs/sft.cern.ch/lcg/releases/sqlite/3280000-472f2/x86_64-centos7-gcc8-opt/lib/libsqlite3.so.0.8.6
2b0dea432000-2b0dea433000 rw-p 00000000 00:00 0 
2b0dea433000-2b0dea43a000 r-xp 00000000 fd:00 788047                     /usr/lib64/librt-2.17.so
2b0dea43a000-2b0dea639000 ---p 00007000 fd:00 788047                     /usr/lib64/librt-2.17.so
2b0dea639000-2b0dea63a000 r--p 00006000 fd:00 788047                     /usr/lib64/librt-2.17.so
2b0dea63a000-2b0dea63b000 rw-p 00007000 fd:00 788047                     /usr/lib64/librt-2.17.so
2b0dea63b000-2b0dea686000 r-xp 00000000 fd:00 798947                     /usr/lib64/libgssapi_krb5.so.2.2
2b0dea686000-2b0dea886000 ---p 0004b000 fd:00 798947                     /usr/lib64/libgssapi_krb5.so.2.2
2b0dea886000-2b0dea887000 r--p 0004b000 fd:00 798947                     /usr/lib64/libgssapi_krb5.so.2.2
2b0dea887000-2b0dea889000 rw-p 0004c000 fd:00 798947                     /usr/lib64/libgssapi_krb5.so.2.2
2b0dea889000-2b0dea95f000 r-xp 00000000 fd:00 798957                     /usr/lib64/libkrb5.so.3.3
2b0dea95f000-2b0deab5f000 ---p 000d6000 fd:00 798957                     /usr/lib64/libkrb5.so.3.3
2b0deab5f000-2b0deab6d000 r--p 000d6000 fd:00 798957                     /usr/lib64/libkrb5.so.3.3
2b0deab6d000-2b0deab70000 rw-p 000e4000 fd:00 798957                     /usr/lib64/libkrb5.so.3.3
2b0deab70000-2b0deab73000 r-xp 00000000 fd:00 788203                     /usr/lib64/libcom_err.so.2.1
2b0deab73000-2b0dead72000 ---p 00003000 fd:00 788203                     /usr/lib64/libcom_err.so.2.1
2b0dead72000-2b0dead73000 r--p 00002000 fd:00 788203                     /usr/lib64/libcom_err.so.2.1
2b0dead73000-2b0dead74000 rw-p 00003000 fd:00 788203                     /usr/lib64/libcom_err.so.2.1
2b0dead74000-2b0deada3000 r-xp 00000000 fd:00 798951                     /usr/lib64/libk5crypto.so.3.1
2b0deada3000-2b0deafa2000 ---p 0002f000 fd:00 798951                     /usr/lib64/libk5crypto.so.3.1
2b0deafa2000-2b0deafa4000 r--p 0002e000 fd:00 798951                     /usr/lib64/libk5crypto.so.3.1
2b0deafa4000-2b0deafa5000 rw-p 00030000 fd:00 798951                     /usr/lib64/libk5crypto.so.3.1
2b0deafa5000-2b0deafa6000 rw-p 00000000 00:00 0 
2b0deafa6000-2b0deafb3000 r-xp 00000000 fd:00 798959                     /usr/lib64/libkrb5support.so.0.1
2b0deafb3000-2b0deb1b3000 ---p 0000d000 fd:00 798959                     /usr/lib64/libkrb5support.so.0.1
2b0deb1b3000-2b0deb1b4000 r--p 0000d000 fd:00 798959                     /usr/lib64/libkrb5support.so.0.1
2b0deb1b4000-2b0deb1b5000 rw-p 0000e000 fd:00 798959                     /usr/lib64/libkrb5support.so.0.1
2b0deb1b5000-2b0deb1b8000 r-xp 00000000 fd:00 788501                     /usr/lib64/libkeyutils.so.1.5
2b0deb1b8000-2b0deb3b7000 ---p 00003000 fd:00 788501                     /usr/lib64/libkeyutils.so.1.5
2b0deb3b7000-2b0deb3b8000 r--p 00002000 fd:00 788501                     /usr/lib64/libkeyutils.so.1.5
2b0deb3b8000-2b0deb3b9000 rw-p 00003000 fd:00 788501                     /usr/lib64/libkeyutils.so.1.5
2b0deb3b9000-2b0deb3cf000 r-xp 00000000 fd:00 788045                     /usr/lib64/libresolv-2.17.so
2b0deb3cf000-2b0deb5cf000 ---p 00016000 fd:00 788045                     /usr/lib64/libresolv-2.17.so
2b0deb5cf000-2b0deb5d0000 r--p 00016000 fd:00 788045                     /usr/lib64/libresolv-2.17.so
2b0deb5d0000-2b0deb5d1000 rw-p 00017000 fd:00 788045                     /usr/lib64/libresolv-2.17.so
2b0deb5d1000-2b0deb5d3000 rw-p 00000000 00:00 0 
2b0deb5d3000-2b0deb5f7000 r-xp 00000000 fd:00 788186                     /usr/lib64/libselinux.so.1
2b0deb5f7000-2b0deb7f6000 ---p 00024000 fd:00 788186                     /usr/lib64/libselinux.so.1
2b0deb7f6000-2b0deb7f7000 r--p 00023000 fd:00 788186                     /usr/lib64/libselinux.so.1
2b0deb7f7000-2b0deb7f8000 rw-p 00024000 fd:00 788186                     /usr/lib64/libselinux.so.1
2b0deb7f8000-2b0deb7fa000 rw-p 00000000 00:00 0 
2b0deb7fa000-2b0deb85a000 r-xp 00000000 fd:00 788177                     /usr/lib64/libpcre.so.1.2.0
2b0deb85a000-2b0deba59000 ---p 00060000 fd:00 788177                     /usr/lib64/libpcre.so.1.2.0
2b0deba59000-2b0deba5a000 r--p 0005f000 fd:00 788177                     /usr/lib64/libpcre.so.1.2.0
2b0deba5a000-2b0deba5b000 rw-p 00060000 fd:00 788177                     /usr/lib64/libpcre.so.1.2.0
2b0deba5b000-2b0dec25b000 rw-p 00000000 00:00 0 
2b0dec25b000-2b0def144000 r-xp 00000000 00:37 5420                       /cvmfs/sft.cern.ch/lcg/releases/ROOT/v6.20.06-3f7fd/x86_64-centos7-gcc8-opt/lib/libCling.so
2b0def144000-2b0def344000 ---p 02ee9000 00:37 5420                       /cvmfs/sft.cern.ch/lcg/releases/ROOT/v6.20.06-3f7fd/x86_64-centos7-gcc8-opt/lib/libCling.so
2b0def344000-2b0def556000 r--p 02ee9000 00:37 5420                       /cvmfs/sft.cern.ch/lcg/releases/ROOT/v6.20.06-3f7fd/x86_64-centos7-gcc8-opt/lib/libCling.so
2b0def556000-2b0def561000 rw-p 030fb000 00:37 5420                       /cvmfs/sft.cern.ch/lcg/releases/ROOT/v6.20.06-3f7fd/x86_64-centos7-gcc8-opt/lib/libCling.so
2b0def561000-2b0def58e000 rw-p 00000000 00:00 0 
2b0def58e000-2b0def5b3000 r-xp 00000000 fd:00 788086                     /usr/lib64/libtinfo.so.5.9
2b0def5b3000-2b0def7b3000 ---p 00025000 fd:00 788086                     /usr/lib64/libtinfo.so.5.9
2b0def7b3000-2b0def7b7000 r--p 00025000 fd:00 788086                     /usr/lib64/libtinfo.so.5.9
2b0def7b7000-2b0def7b8000 rw-p 00029000 fd:00 788086                     /usr/lib64/libtinfo.so.5.9
2b0def7b8000-2b0def7e9000 rw-p 00000000 00:00 0 
2b0def7e9000-2b0df0b1d000 r--p 00000000 00:37 5355                       /cvmfs/sft.cern.ch/lcg/releases/ROOT/v6.20.06-3f7fd/x86_64-centos7-gcc8-opt/lib/std.pcm
2b0df0b1d000-2b0df0c5d000 r--p 00000000 00:37 5331                       /cvmfs/sft.cern.ch/lcg/releases/ROOT/v6.20.06-3f7fd/x86_64-centos7-gcc8-opt/lib/libc.pcm
2b0df0c5d000-2b0df0c7a000 r--p 00000000 00:37 5358                       /cvmfs/sft.cern.ch/lcg/releases/ROOT/v6.20.06-3f7fd/x86_64-centos7-gcc8-opt/lib/Cling_Runtime.pcm
2b0df0c7a000-2b0df0ca5000 r--p 00000000 00:37 5284                       /cvmfs/sft.cern.ch/lcg/releases/ROOT/v6.20.06-3f7fd/x86_64-centos7-gcc8-opt/lib/Cling_Runtime_Extra.pcm
2b0df0ca5000-2b0df0ced000 r--p 00000000 00:37 5390                       /cvmfs/sft.cern.ch/lcg/releases/ROOT/v6.20.06-3f7fd/x86_64-centos7-gcc8-opt/lib/ROOT_Foundation_C.pcm
2b0df0ced000-2b0df0d06000 r--p 00000000 00:37 5050                       /cvmfs/sft.cern.ch/lcg/releases/ROOT/v6.20.06-3f7fd/x86_64-centos7-gcc8-opt/lib/ROOT_Rtypes.pcm
2b0df0d06000-2b0df0d24000 r--p 00000000 00:37 5332                       /cvmfs/sft.cern.ch/lcg/releases/ROOT/v6.20.06-3f7fd/x86_64-centos7-gcc8-opt/lib/ROOT_Config.pcm
2b0df0d24000-2b0df0db2000 r--p 00000000 00:37 5369                       /cvmfs/sft.cern.ch/lcg/releases/ROOT/v6.20.06-3f7fd/x86_64-centos7-gcc8-opt/lib/ProofBench.pcm
2b0df0e1a000-2b0df0ea6000 r--p 00000000 00:37 5289                       /cvmfs/sft.cern.ch/lcg/releases/ROOT/v6.20.06-3f7fd/x86_64-centos7-gcc8-opt/lib/Unfold.pcm
2b0df0ea6000-2b0df0f11000 r--p 00000000 00:37 5070                       /cvmfs/sft.cern.ch/lcg/releases/ROOT/v6.20.06-3f7fd/x86_64-centos7-gcc8-opt/lib/RHTTPSniff.pcm
2b0df0f1a000-2b0df130e000 r--p 00000000 00:37 5263                       /cvmfs/sft.cern.ch/lcg/releases/ROOT/v6.20.06-3f7fd/x86_64-centos7-gcc8-opt/lib/_Builtin_intrinsics.pcm
2b0df130e000-2b0df13bf000 r--p 00000000 00:37 5266                       /cvmfs/sft.cern.ch/lcg/releases/ROOT/v6.20.06-3f7fd/x86_64-centos7-gcc8-opt/lib/ROOT_Foundation_Stage1_NoRTTI.pcm
2b0df13bf000-2b0df1ce8000 r--p 00000000 00:37 5316                       /cvmfs/sft.cern.ch/lcg/releases/ROOT/v6.20.06-3f7fd/x86_64-centos7-gcc8-opt/lib/Core.pcm
2b0df1ce8000-2b0df1e10000 r--p 00000000 00:37 5449                       /cvmfs/sft.cern.ch/lcg/releases/ROOT/v6.20.06-3f7fd/x86_64-centos7-gcc8-opt/lib/Gdml.pcm
2b0df1e10000-2b0df1f6d000 r--p 00000000 00:37 4767                       /cvmfs/sft.cern.ch/lcg/releases/ROOT/v6.20.06-3f7fd/x86_64-centos7-gcc8-opt/lib/WebGui6.pcm
2b0df1f8c000-2b0df226a000 r--p 00000000 00:37 5350                       /cvmfs/sft.cern.ch/lcg/releases/ROOT/v6.20.06-3f7fd/x86_64-centos7-gcc8-opt/lib/RIO.pcm
2b0df226a000-2b0df23fa000 r--p 00000000 00:37 5380                       /cvmfs/sft.cern.ch/lcg/releases/ROOT/v6.20.06-3f7fd/x86_64-centos7-gcc8-opt/lib/Thread.pcm
2b0df23fa000-2b0df283f000 r--p 00000000 00:37 5298                       /cvmfs/sft.cern.ch/lcg/releases/ROOT/v6.20.06-3f7fd/x86_64-centos7-gcc8-opt/lib/Hist.pcm
2b0df283f000-2b0df302f000 r--p 00000000 00:37 5504                       /cvmfs/sft.cern.ch/lcg/releases/ROOT/v6.20.06-3f7fd/x86_64-centos7-gcc8-opt/lib/MathCore.pcm
2b0df302f000-2b0df30f4000 r--p 00000000 00:37 5373                       /cvmfs/sft.cern.ch/lcg/releases/ROOT/v6.20.06-3f7fd/x86_64-centos7-gcc8-opt/lib/Imt.pcm
2b0df30f4000-2b0df326f000 r--p 00000000 00:37 5335                       /cvmfs/sft.cern.ch/lcg/releases/ROOT/v6.20.06-3f7fd/x86_64-centos7-gcc8-opt/lib/Matrix.pcm
2b0df326f000-2b0df32e5000 r--p 00000000 00:37 5400                       /cvmfs/sft.cern.ch/lcg/releases/ROOT/v6.20.06-3f7fd/x86_64-centos7-gcc8-opt/lib/XMLParser.pcm
2b0df32e5000-2b0df3412000 r--p 00000000 00:37 4760                       /cvmfs/sft.cern.ch/lcg/releases/ROOT/v6.20.06-3f7fd/x86_64-centos7-gcc8-opt/lib/RHTTP.pcm
2b0df3412000-2b0df34b6000 r--p 00000000 00:37 5057                       /cvmfs/sft.cern.ch/lcg/releases/ROOT/v6.20.06-3f7fd/x86_64-centos7-gcc8-opt/lib/FitPanel.pcm
2b0df34b6000-2b0df37e3000 r--p 00000000 00:37 5377                       /cvmfs/sft.cern.ch/lcg/releases/ROOT/v6.20.06-3f7fd/x86_64-centos7-gcc8-opt/lib/Gui.pcm
2b0df37e3000-2b0df38de000 r--p 00000000 00:37 4757                       /cvmfs/sft.cern.ch/lcg/releases/ROOT/v6.20.06-3f7fd/x86_64-centos7-gcc8-opt/lib/Graf.pcm
2b0df38de000-2b0df3b77000 r--p 00000000 00:37 5595                       /cvmfs/sft.cern.ch/lcg/releases/ROOT/v6.20.06-3f7fd/x86_64-centos7-gcc8-opt/lib/ROOTVecOps.pcm
2b0df3b77000-2b0df3c0d000 r--p 00000000 00:37 5282                       /cvmfs/sft.cern.ch/lcg/releases/ROOT/v6.20.06-3f7fd/x86_64-centos7-gcc8-opt/lib/RDAVIX.pcm
2b0df3c0d000-2b0df3cf8000 r--p 00000000 00:37 5323                       /cvmfs/sft.cern.ch/lcg/releases/ROOT/v6.20.06-3f7fd/x86_64-centos7-gcc8-opt/lib/RMySQL.pcm
2b0df3cf8000-2b0df3e03000 r--p 00000000 00:37 5288                       /cvmfs/sft.cern.ch/lcg/releases/ROOT/v6.20.06-3f7fd/x86_64-centos7-gcc8-opt/lib/Net.pcm
2b0df3e03000-2b0df3e70000 r--p 00000000 00:37 5313                       /cvmfs/sft.cern.ch/lcg/releases/ROOT/v6.20.06-3f7fd/x86_64-centos7-gcc8-opt/lib/GFAL.pcm
2b0df3ea5000-2b0df3f5c000 r--p 00000000 00:37 5531                       /cvmfs/sft.cern.ch/lcg/releases/ROOT/v6.20.06-3f7fd/x86_64-centos7-gcc8-opt/lib/Physics.pcm
2b0df3f5c000-2b0df3fd5000 r--p 00000000 00:37 5514                       /cvmfs/sft.cern.ch/lcg/releases/ROOT/v6.20.06-3f7fd/x86_64-centos7-gcc8-opt/lib/Genetic.pcm
2b0df3fd5000-2b0df4237000 r--p 00000000 00:37 5387                       /cvmfs/sft.cern.ch/lcg/releases/ROOT/v6.20.06-3f7fd/x86_64-centos7-gcc8-opt/lib/Tree.pcm
2b0df4237000-2b0df42ab000 r--p 00000000 00:37 5348                       /cvmfs/sft.cern.ch/lcg/releases/ROOT/v6.20.06-3f7fd/x86_64-centos7-gcc8-opt/lib/DCache.pcm
2b0df42ab000-2b0df437c000 r--p 00000000 00:37 5366                       /cvmfs/sft.cern.ch/lcg/releases/ROOT/v6.20.06-3f7fd/x86_64-centos7-gcc8-opt/lib/Gpad.pcm
2b0df437c000-2b0df485c000 r--p 00000000 00:37 5341                       /cvmfs/sft.cern.ch/lcg/releases/ROOT/v6.20.06-3f7fd/x86_64-centos7-gcc8-opt/lib/RGL.pcm
2b0df485c000-2b0df494b000 r--p 00000000 00:37 5425                       /cvmfs/sft.cern.ch/lcg/releases/ROOT/v6.20.06-3f7fd/x86_64-centos7-gcc8-opt/lib/Ged.pcm
2b0df494b000-2b0df49b3000 r--p 00000000 00:37 5386                       /cvmfs/sft.cern.ch/lcg/releases/ROOT/v6.20.06-3f7fd/x86_64-centos7-gcc8-opt/lib/RCsg.pcm
2b0df49b3000-2b0df4ed7000 r--p 00000000 00:37 5396                       /cvmfs/sft.cern.ch/lcg/releases/ROOT/v6.20.06-3f7fd/x86_64-centos7-gcc8-opt/lib/ROOTEve.pcm
2b0df4ed7000-2b0df51c9000 r--p 00000000 00:37 5285                       /cvmfs/sft.cern.ch/lcg/releases/ROOT/v6.20.06-3f7fd/x86_64-centos7-gcc8-opt/lib/Geom.pcm
2b0df51c9000-2b0df5355000 r--p 00000000 00:37 5338                       /cvmfs/sft.cern.ch/lcg/releases/ROOT/v6.20.06-3f7fd/x86_64-centos7-gcc8-opt/lib/ROOTWebDisplay.pcm
2b0df5355000-2b0df53e8000 r--p 00000000 00:37 5037                       /cvmfs/sft.cern.ch/lcg/releases/ROOT/v6.20.06-3f7fd/x86_64-centos7-gcc8-opt/lib/EG.pcm
2b0df53e8000-2b0df54bb000 r--p 00000000 00:37 5376                       /cvmfs/sft.cern.ch/lcg/releases/ROOT/v6.20.06-3f7fd/x86_64-centos7-gcc8-opt/lib/Graf3d.pcm
2b0df54bb000-2b0df551c000 rw-p 00000000 00:00 0 
2b0df551c000-2b0df58a3000 r--p 00000000 00:37 5002                       /cvmfs/sft.cern.ch/lcg/releases/ROOT/v6.20.06-3f7fd/x86_64-centos7-gcc8-opt/lib/TreePlayer.pcm
2b0df58a3000-2b0df59b4000 r--p 00000000 00:37 5269                       /cvmfs/sft.cern.ch/lcg/releases/ROOT/v6.20.06-3f7fd/x86_64-centos7-gcc8-opt/lib/MultiProc.pcm
2b0df59b4000-2b0df5a21000 r--p 00000000 00:37 5393                       /cvmfs/sft.cern.ch/lcg/releases/ROOT/v6.20.06-3f7fd/x86_64-centos7-gcc8-opt/lib/SPlot.pcm
2b0df5a21000-2b0df5a93000 r--p 00000000 00:37 5343                       /cvmfs/sft.cern.ch/lcg/releases/ROOT/v6.20.06-3f7fd/x86_64-centos7-gcc8-opt/lib/Hbook.pcm
2b0df5a93000-2b0df5b6c000 r--p 00000000 00:37 5292                       /cvmfs/sft.cern.ch/lcg/releases/ROOT/v6.20.06-3f7fd/x86_64-centos7-gcc8-opt/lib/GeomBuilder.pcm
2b0df5b6c000-2b0df5bdd000 r--p 00000000 00:37 4873                       /cvmfs/sft.cern.ch/lcg/releases/ROOT/v6.20.06-3f7fd/x86_64-centos7-gcc8-opt/lib/Rint.pcm
2b0df5bdd000-2b0df5d57000 r--p 00000000 00:37 5317                       /cvmfs/sft.cern.ch/lcg/releases/ROOT/v6.20.06-3f7fd/x86_64-centos7-gcc8-opt/lib/Proof.pcm
2b0df5d57000-2b0df5de4000 r--p 00000000 00:37 5361                       /cvmfs/sft.cern.ch/lcg/releases/ROOT/v6.20.06-3f7fd/x86_64-centos7-gcc8-opt/lib/Recorder.pcm
2b0df5de4000-2b0df5e71000 r--p 00000000 00:37 4753                       /cvmfs/sft.cern.ch/lcg/releases/ROOT/v6.20.06-3f7fd/x86_64-centos7-gcc8-opt/lib/GuiBld.pcm
2b0df5e71000-2b0df5f66000 r--p 00000000 00:37 4758                       /cvmfs/sft.cern.ch/lcg/releases/ROOT/v6.20.06-3f7fd/x86_64-centos7-gcc8-opt/lib/XMLIO.pcm
2b0df5f66000-2b0df5fd4000 r--p 00000000 00:37 5495                       /cvmfs/sft.cern.ch/lcg/releases/ROOT/v6.20.06-3f7fd/x86_64-centos7-gcc8-opt/lib/GX11TTF.pcm
2b0df5fd4000-2b0df604b000 r--p 00000000 00:37 5352                       /cvmfs/sft.cern.ch/lcg/releases/ROOT/v6.20.06-3f7fd/x86_64-centos7-gcc8-opt/lib/GX11.pcm
2b0df604b000-2b0df610c000 r--p 00000000 00:37 5325                       /cvmfs/sft.cern.ch/lcg/releases/ROOT/v6.20.06-3f7fd/x86_64-centos7-gcc8-opt/lib/ProofPlayer.pcm
2b0df610c000-2b0df6488000 r--p 00000000 00:37 5337                       /cvmfs/sft.cern.ch/lcg/releases/ROOT/v6.20.06-3f7fd/x86_64-centos7-gcc8-opt/lib/ROOTHistDraw.pcm
2b0df6488000-2b0df69e4000 r--p 00000000 00:37 7523                       /cvmfs/sft.cern.ch/lcg/releases/ROOT/v6.20.06-3f7fd/x86_64-centos7-gcc8-opt/lib/ROOTGpadv7.pcm
2b0df69e4000-2b0df6c7a000 r--p 00000000 00:37 5244                       /cvmfs/sft.cern.ch/lcg/releases/ROOT/v6.20.06-3f7fd/x86_64-centos7-gcc8-opt/lib/ROOTHist.pcm
2b0df6c7a000-2b0df6daa000 r--p 00000000 00:37 5328                       /cvmfs/sft.cern.ch/lcg/releases/ROOT/v6.20.06-3f7fd/x86_64-centos7-gcc8-opt/lib/MathMore.pcm
2b0df6daa000-2b0df6e1d000 r--p 00000000 00:37 4973                       /cvmfs/sft.cern.ch/lcg/releases/ROOT/v6.20.06-3f7fd/x86_64-centos7-gcc8-opt/lib/Netx.pcm
2b0df6e1d000-2b0df6e8e000 r--p 00000000 00:37 6455                       /cvmfs/sft.cern.ch/lcg/releases/ROOT/v6.20.06-3f7fd/x86_64-centos7-gcc8-opt/lib/SpectrumPainter.pcm
2b0df6e8e000-2b0df6f18000 r--p 00000000 00:37 5321                       /cvmfs/sft.cern.ch/lcg/releases/ROOT/v6.20.06-3f7fd/x86_64-centos7-gcc8-opt/lib/NetxNG.pcm
2b0df6f18000-2b0df6fa3000 r--p 00000000 00:37 5265                       /cvmfs/sft.cern.ch/lcg/releases/ROOT/v6.20.06-3f7fd/x86_64-centos7-gcc8-opt/lib/Minuit.pcm
2b0df6fa3000-2b0df7f84000 r--p 00000000 00:37 5273                       /cvmfs/sft.cern.ch/lcg/releases/ROOT/v6.20.06-3f7fd/x86_64-centos7-gcc8-opt/lib/TMVA.pcm
2b0df7f84000-2b0df8ad2000 r--p 00000000 00:37 5513                       /cvmfs/sft.cern.ch/lcg/releases/ROOT/v6.20.06-3f7fd/x86_64-centos7-gcc8-opt/lib/ROOTDataFrame.pcm
2b0df8ad2000-2b0df8bd3000 rw-p 00000000 00:00 0 
2b0df8bd3000-2b0df911a000 rw-p 00000000 00:00 0 
2b0df911a000-2b0df922c000 r--p 00000000 00:37 5368                       /cvmfs/sft.cern.ch/lcg/releases/ROOT/v6.20.06-3f7fd/x86_64-centos7-gcc8-opt/lib/ROOTFitPanelv7.pcm
2b0df922c000-2b0df94e3000 r--p 00000000 00:37 5383                       /cvmfs/sft.cern.ch/lcg/releases/ROOT/v6.20.06-3f7fd/x86_64-centos7-gcc8-opt/lib/Smatrix.pcm
2b0df94e3000-2b0df9567000 r--p 00000000 00:37 5043                       /cvmfs/sft.cern.ch/lcg/releases/ROOT/v6.20.06-3f7fd/x86_64-centos7-gcc8-opt/lib/PyROOT.pcm
2b0df9567000-2b0df960e000 r--p 00000000 00:37 5395                       /cvmfs/sft.cern.ch/lcg/releases/ROOT/v6.20.06-3f7fd/x86_64-centos7-gcc8-opt/lib/SessionViewer.pcm
2b0df960e000-2b0df969d000 r--p 00000000 00:37 4822                       /cvmfs/sft.cern.ch/lcg/releases/ROOT/v6.20.06-3f7fd/x86_64-centos7-gcc8-opt/lib/PyMVA.pcm
2b0df969d000-2b0df9728000 r--p 00000000 00:37 5345                       /cvmfs/sft.cern.ch/lcg/releases/ROOT/v6.20.06-3f7fd/x86_64-centos7-gcc8-opt/lib/HistPainter.pcm
2b0df9728000-2b0df97f5000 r--p 00000000 00:37 5452                       /cvmfs/sft.cern.ch/lcg/releases/ROOT/v6.20.06-3f7fd/x86_64-centos7-gcc8-opt/lib/ProofDraw.pcm
2b0df97f5000-2b0df98a1000 r--p 00000000 00:37 5277                       /cvmfs/sft.cern.ch/lcg/releases/ROOT/v6.20.06-3f7fd/x86_64-centos7-gcc8-opt/lib/Unuran.pcm
2b0df98a1000-2b0df9938000 r--p 00000000 00:37 5319                       /cvmfs/sft.cern.ch/lcg/releases/ROOT/v6.20.06-3f7fd/x86_64-centos7-gcc8-opt/lib/Quadp.pcm
2b0df9938000-2b0df9e4f000 r--p 00000000 00:37 5492                       /cvmfs/sft.cern.ch/lcg/releases/ROOT/v6.20.06-3f7fd/x86_64-centos7-gcc8-opt/lib/Eve.pcm
2b0df9e4f000-2b0df9efe000 r--p 00000000 00:37 5862                       /cvmfs/sft.cern.ch/lcg/releases/ROOT/v6.20.06-3f7fd/x86_64-centos7-gcc8-opt/lib/TreeViewer.pcm
2b0df9efe000-2b0df9f81000 r--p 00000000 00:37 5308                       /cvmfs/sft.cern.ch/lcg/releases/ROOT/v6.20.06-3f7fd/x86_64-centos7-gcc8-opt/lib/GeomPainter.pcm
2b0df9f81000-2b0dfa609000 r--p 00000000 00:37 5291                       /cvmfs/sft.cern.ch/lcg/releases/ROOT/v6.20.06-3f7fd/x86_64-centos7-gcc8-opt/lib/ROOTNTuple.pcm
2b0dfa609000-2b0dfa905000 r--p 00000000 00:37 5225                       /cvmfs/sft.cern.ch/lcg/releases/ROOT/v6.20.06-3f7fd/x86_64-centos7-gcc8-opt/lib/HistFactory.pcm
2b0dfa905000-2b0dfb7db000 r--p 00000000 00:37 5401                       /cvmfs/sft.cern.ch/lcg/releases/ROOT/v6.20.06-3f7fd/x86_64-centos7-gcc8-opt/lib/RooFitCore.pcm
2b0dfb7db000-2b0dfb85c000 r--p 00000000 00:37 5315                       /cvmfs/sft.cern.ch/lcg/releases/ROOT/v6.20.06-3f7fd/x86_64-centos7-gcc8-opt/lib/Foam.pcm
2b0dfb85c000-2b0dfb8ec000 r--p 00000000 00:37 5389                       /cvmfs/sft.cern.ch/lcg/releases/ROOT/v6.20.06-3f7fd/x86_64-centos7-gcc8-opt/lib/Spectrum.pcm
2b0dfb8ec000-2b0dfb985000 r--p 00000000 00:37 5399                       /cvmfs/sft.cern.ch/lcg/releases/ROOT/v6.20.06-3f7fd/x86_64-centos7-gcc8-opt/lib/GuiHtml.pcm
2b0dfb985000-2b0dfba0e000 r--p 00000000 00:37 5446                       /cvmfs/sft.cern.ch/lcg/releases/ROOT/v6.20.06-3f7fd/x86_64-centos7-gcc8-opt/lib/Postscript.pcm
2b0dfba0e000-2b0dfbaa5000 r--p 00000000 00:37 5367                       /cvmfs/sft.cern.ch/lcg/releases/ROOT/v6.20.06-3f7fd/x86_64-centos7-gcc8-opt/lib/TMVAGui.pcm
2b0dfbaa5000-2b0dfbc50000 r--p 00000000 00:37 5421                       /cvmfs/sft.cern.ch/lcg/releases/ROOT/v6.20.06-3f7fd/x86_64-centos7-gcc8-opt/lib/Html.pcm
2b0dfbc50000-2b0dfbcc4000 r--p 00000000 00:37 5005                       /cvmfs/sft.cern.ch/lcg/releases/ROOT/v6.20.06-3f7fd/x86_64-centos7-gcc8-opt/lib/Fumili.pcm
2b0dfbcc4000-2b0dfbd43000 r--p 00000000 00:37 5324                       /cvmfs/sft.cern.ch/lcg/releases/ROOT/v6.20.06-3f7fd/x86_64-centos7-gcc8-opt/lib/RooFitMore.pcm
2b0dfbd43000-2b0dfbdb5000 r--p 00000000 00:37 5360                       /cvmfs/sft.cern.ch/lcg/releases/ROOT/v6.20.06-3f7fd/x86_64-centos7-gcc8-opt/lib/X3d.pcm
2b0dfbdb5000-2b0dfc26f000 r--p 00000000 00:37 5275                       /cvmfs/sft.cern.ch/lcg/releases/ROOT/v6.20.06-3f7fd/x86_64-centos7-gcc8-opt/lib/Oracle.pcm
2b0dfc26f000-2b0dfc3ab000 rw-p 00000000 00:00 0 
2b0dfc3ab000-2b0dfd105000 r--p 00000000 00:37 5297                       /cvmfs/sft.cern.ch/lcg/releases/ROOT/v6.20.06-3f7fd/x86_64-centos7-gcc8-opt/lib/RooFit.pcm
2b0dfd105000-2b0dfd47f000 r--p 00000000 00:37 5267                       /cvmfs/sft.cern.ch/lcg/releases/ROOT/v6.20.06-3f7fd/x86_64-centos7-gcc8-opt/lib/RooStats.pcm
2b0dfd47f000-2b0dfd4f4000 r--p 00000000 00:37 5283                       /cvmfs/sft.cern.ch/lcg/releases/ROOT/v6.20.06-3f7fd/x86_64-centos7-gcc8-opt/lib/FFTW.pcm
2b0dfd4f4000-2b0dfd594000 r--p 00000000 00:37 8077                       /cvmfs/sft.cern.ch/lcg/releases/ROOT/v6.20.06-3f7fd/x86_64-centos7-gcc8-opt/lib/SQLIO.pcm
2b0dfd594000-2b0dfd60f000 r--p 00000000 00:37 5310                       /cvmfs/sft.cern.ch/lcg/releases/ROOT/v6.20.06-3f7fd/x86_64-centos7-gcc8-opt/lib/ASImage.pcm
2b0dfd60f000-2b0dfd6b6000 r--p 00000000 00:37 5309                       /cvmfs/sft.cern.ch/lcg/releases/ROOT/v6.20.06-3f7fd/x86_64-centos7-gcc8-opt/lib/Proofx.pcm
2b0dfd6b6000-2b0dfd959000 r--p 00000000 00:37 5108                       /cvmfs/sft.cern.ch/lcg/releases/ROOT/v6.20.06-3f7fd/x86_64-centos7-gcc8-opt/lib/Minuit2.pcm
2b0dfd959000-2b0dfd9d3000 r--p 00000000 00:37 5351                       /cvmfs/sft.cern.ch/lcg/releases/ROOT/v6.20.06-3f7fd/x86_64-centos7-gcc8-opt/lib/MLP.pcm
2b0dfd9d3000-2b0dfdc77000 r--p 00000000 00:37 5422                       /cvmfs/sft.cern.ch/lcg/releases/ROOT/v6.20.06-3f7fd/x86_64-centos7-gcc8-opt/lib/GenVector.pcm
2b0dfdc77000-2b0dfde1d000 r--p 00000000 00:37 5409                       /cvmfs/sft.cern.ch/lcg/releases/ROOT/v6.20.06-3f7fd/x86_64-centos7-gcc8-opt/lib/ROOTBrowserv7.pcm
2b0dfde1d000-2b0dfde98000 r--p 00000000 00:37 5385                       /cvmfs/sft.cern.ch/lcg/releases/ROOT/v6.20.06-3f7fd/x86_64-centos7-gcc8-opt/lib/RootAuth.pcm
2b0dfde98000-2b0dfdf09000 r--p 00000000 00:37 5318                       /cvmfs/sft.cern.ch/lcg/releases/ROOT/v6.20.06-3f7fd/x86_64-centos7-gcc8-opt/lib/ASImageGui.pcm
2b0dfdf09000-2b0dfdf8b000 r--p 00000000 00:37 5370                       /cvmfs/sft.cern.ch/lcg/releases/ROOT/v6.20.06-3f7fd/x86_64-centos7-gcc8-opt/lib/Gviz3d.pcm
2b0dfdf8b000-2b0dfe021000 r--p 00000000 00:37 4871                       /cvmfs/sft.cern.ch/lcg/releases/ROOT/v6.20.06-3f7fd/x86_64-centos7-gcc8-opt/lib/ROOTGraphicsPrimitives.pcm
2b0dfe021000-2b0dfe041000 r-xp 00000000 fd:00 788010                     /usr/lib64/ld-2.17.so
2b0dfe041000-2b0dfe241000 ---p 00020000 fd:00 788010                     /usr/lib64/ld-2.17.so
2b0dfe241000-2b0dfe242000 r--p 00020000 fd:00 788010                     /usr/lib64/ld-2.17.so
2b0dfe242000-2b0dfe243000 rw-p 00021000 fd:00 788010                     /usr/lib64/ld-2.17.so
2b0dfe243000-2b0dfe244000 rw-p 00000000 00:00 0 
7ffc1a453000-7ffc1a479000 rw-p 00000000 00:00 0                          [stack]
7ffc1a5ca000-7ffc1a5cc000 r-xp 00000000 00:00 0                          [vdso]
ffffffffff600000-ffffffffff601000 r-xp 00000000 00:00 0                  [vsyscall]
