Error in <TChain::SetBranchAddress>: unknown branch -> HLT_mb_sptrk_decision
Error in <TChain::SetBranchAddress>: unknown branch -> HLT_mb_sptrk_prescale
Error in <TTree::SetBranchStatus>: unknown branch -> HLT_mb_sptrk_decision
Error in <TTree::SetBranchStatus>: unknown branch -> HLT_mb_sptrk_prescale
Error in <TTree::SetBranchStatus>: unknown branch -> HLT_mb_sptrk_decision
Error in <TTree::SetBranchStatus>: unknown branch -> HLT_mb_sptrk_prescale
Error in <TTree::SetBranchStatus>: unknown branch -> HLT_mb_sptrk_decision
Error in <TTree::SetBranchStatus>: unknown branch -> HLT_mb_sptrk_prescale
Error in <TTree::SetBranchStatus>: unknown branch -> HLT_mb_sptrk_decision
Error in <TTree::SetBranchStatus>: unknown branch -> HLT_mb_sptrk_prescale
Error in <TTree::SetBranchStatus>: unknown branch -> HLT_mb_sptrk_decision
Error in <TTree::SetBranchStatus>: unknown branch -> HLT_mb_sptrk_prescale
Error in <TTree::SetBranchStatus>: unknown branch -> HLT_mb_sptrk_decision
Error in <TTree::SetBranchStatus>: unknown branch -> HLT_mb_sptrk_prescale
Error in <TTree::SetBranchStatus>: unknown branch -> HLT_mb_sptrk_decision
Error in <TTree::SetBranchStatus>: unknown branch -> HLT_mb_sptrk_prescale
Error in <TTree::SetBranchStatus>: unknown branch -> HLT_mb_sptrk_decision
Error in <TTree::SetBranchStatus>: unknown branch -> HLT_mb_sptrk_prescale
Error in <TTree::SetBranchStatus>: unknown branch -> HLT_mb_sptrk_decision
Error in <TTree::SetBranchStatus>: unknown branch -> HLT_mb_sptrk_prescale
Error in <TTree::SetBranchStatus>: unknown branch -> HLT_mb_sptrk_decision
Error in <TTree::SetBranchStatus>: unknown branch -> HLT_mb_sptrk_prescale
Error in <TTree::SetBranchStatus>: unknown branch -> HLT_mb_sptrk_decision
Error in <TTree::SetBranchStatus>: unknown branch -> HLT_mb_sptrk_prescale
Error in <TTree::SetBranchStatus>: unknown branch -> HLT_mb_sptrk_decision
Error in <TTree::SetBranchStatus>: unknown branch -> HLT_mb_sptrk_prescale
Error in <TTree::SetBranchStatus>: unknown branch -> HLT_mb_sptrk_decision
Error in <TTree::SetBranchStatus>: unknown branch -> HLT_mb_sptrk_prescale
Error in <TTree::SetBranchStatus>: unknown branch -> HLT_mb_sptrk_decision
Error in <TTree::SetBranchStatus>: unknown branch -> HLT_mb_sptrk_prescale
Error in <TTree::SetBranchStatus>: unknown branch -> HLT_mb_sptrk_decision
Error in <TTree::SetBranchStatus>: unknown branch -> HLT_mb_sptrk_prescale
*** Error in `condor_exec.exe': double free or corruption (fasttop): 0x0000000002830720 ***
======= Backtrace: =========
/usr/lib64/libc.so.6(+0x7c503)[0x2aaab8ecd503]
/usr/lib64/libc.so.6(__cxa_finalize+0x9a)[0x2aaab8e89dba]
/atlasgpfs01/usatlas/workarea/jeff/HadronYieldsAnalysis/lib/libJetHadronSkimmer.so(+0xa9a3)[0x2aaab7b749a3]
======= Memory map: ========
00400000-0040b000 r-xp 00000000 00:34 5086146                            /gpfs/mnt/atlasgpfs01/usatlas/workarea/jeff/HadronYieldsAnalysis/bin/run.exe
0060a000-0060b000 r--p 0000a000 00:34 5086146                            /gpfs/mnt/atlasgpfs01/usatlas/workarea/jeff/HadronYieldsAnalysis/bin/run.exe
0060b000-0060c000 rw-p 0000b000 00:34 5086146                            /gpfs/mnt/atlasgpfs01/usatlas/workarea/jeff/HadronYieldsAnalysis/bin/run.exe
0060c000-007dc000 rw-p 00000000 00:00 0 
02756000-1021a000 rw-p 00000000 00:00 0                                  [heap]
2aaab2652000-2aaab2672000 r-xp 00000000 fd:00 132650                     /usr/lib64/ld-2.17.so
2aaab2672000-2aaab26d3000 rw-p 00000000 00:00 0 
2aaab2703000-2aaab27d2000 rw-p 00000000 00:00 0 
2aaab2803000-2aaab2854000 rw-p 00000000 00:00 0 
2aaab2854000-2aaab2861000 r--p 00000000 00:32 5044                       /cvmfs/sft.cern.ch/lcg/releases/ROOT/v6.20.06-3f7fd/x86_64-centos7-gcc8-opt/lib/xlocale.h.pcm
2aaab2861000-2aaab286e000 r--p 00000000 00:32 5506                       /cvmfs/sft.cern.ch/lcg/releases/ROOT/v6.20.06-3f7fd/x86_64-centos7-gcc8-opt/lib/_Builtin_stddef_max_align_t.pcm
2aaab2872000-2aaab2873000 r--p 00020000 fd:00 132650                     /usr/lib64/ld-2.17.so
2aaab2873000-2aaab2874000 rw-p 00021000 fd:00 132650                     /usr/lib64/ld-2.17.so
2aaab2874000-2aaab2875000 rw-p 00000000 00:00 0 
2aaab2875000-2aaab2cd4000 r-xp 00000000 00:32 5253                       /cvmfs/sft.cern.ch/lcg/releases/ROOT/v6.20.06-3f7fd/x86_64-centos7-gcc8-opt/lib/libGui.so
2aaab2cd4000-2aaab2ed4000 ---p 0045f000 00:32 5253                       /cvmfs/sft.cern.ch/lcg/releases/ROOT/v6.20.06-3f7fd/x86_64-centos7-gcc8-opt/lib/libGui.so
2aaab2ed4000-2aaab2f20000 r--p 0045f000 00:32 5253                       /cvmfs/sft.cern.ch/lcg/releases/ROOT/v6.20.06-3f7fd/x86_64-centos7-gcc8-opt/lib/libGui.so
2aaab2f20000-2aaab2f25000 rw-p 004ab000 00:32 5253                       /cvmfs/sft.cern.ch/lcg/releases/ROOT/v6.20.06-3f7fd/x86_64-centos7-gcc8-opt/lib/libGui.so
2aaab2f25000-2aaab2f36000 rw-p 00000000 00:00 0 
2aaab2f36000-2aaab340b000 r-xp 00000000 00:32 5344                       /cvmfs/sft.cern.ch/lcg/releases/ROOT/v6.20.06-3f7fd/x86_64-centos7-gcc8-opt/lib/libCore.so
2aaab340b000-2aaab360a000 ---p 004d5000 00:32 5344                       /cvmfs/sft.cern.ch/lcg/releases/ROOT/v6.20.06-3f7fd/x86_64-centos7-gcc8-opt/lib/libCore.so
2aaab360a000-2aaab3634000 r--p 004d4000 00:32 5344                       /cvmfs/sft.cern.ch/lcg/releases/ROOT/v6.20.06-3f7fd/x86_64-centos7-gcc8-opt/lib/libCore.so
2aaab3634000-2aaab363a000 rw-p 004fe000 00:32 5344                       /cvmfs/sft.cern.ch/lcg/releases/ROOT/v6.20.06-3f7fd/x86_64-centos7-gcc8-opt/lib/libCore.so
2aaab363a000-2aaab366e000 rw-p 00000000 00:00 0 
2aaab366e000-2aaab367c000 r-xp 00000000 00:32 5293                       /cvmfs/sft.cern.ch/lcg/releases/ROOT/v6.20.06-3f7fd/x86_64-centos7-gcc8-opt/lib/libImt.so
2aaab367c000-2aaab387b000 ---p 0000e000 00:32 5293                       /cvmfs/sft.cern.ch/lcg/releases/ROOT/v6.20.06-3f7fd/x86_64-centos7-gcc8-opt/lib/libImt.so
2aaab387b000-2aaab387c000 r--p 0000d000 00:32 5293                       /cvmfs/sft.cern.ch/lcg/releases/ROOT/v6.20.06-3f7fd/x86_64-centos7-gcc8-opt/lib/libImt.so
2aaab387c000-2aaab387d000 rw-p 0000e000 00:32 5293                       /cvmfs/sft.cern.ch/lcg/releases/ROOT/v6.20.06-3f7fd/x86_64-centos7-gcc8-opt/lib/libImt.so
2aaab387d000-2aaab3c11000 r-xp 00000000 00:32 6317                       /cvmfs/sft.cern.ch/lcg/releases/ROOT/v6.20.06-3f7fd/x86_64-centos7-gcc8-opt/lib/libRIO.so
2aaab3c11000-2aaab3e11000 ---p 00394000 00:32 6317                       /cvmfs/sft.cern.ch/lcg/releases/ROOT/v6.20.06-3f7fd/x86_64-centos7-gcc8-opt/lib/libRIO.so
2aaab3e11000-2aaab3e1e000 r--p 00394000 00:32 6317                       /cvmfs/sft.cern.ch/lcg/releases/ROOT/v6.20.06-3f7fd/x86_64-centos7-gcc8-opt/lib/libRIO.so
2aaab3e1e000-2aaab3e21000 rw-p 003a1000 00:32 6317                       /cvmfs/sft.cern.ch/lcg/releases/ROOT/v6.20.06-3f7fd/x86_64-centos7-gcc8-opt/lib/libRIO.so
2aaab3e21000-2aaab3e24000 rw-p 00000000 00:00 0 
2aaab3e24000-2aaab3eef000 r-xp 00000000 00:32 5545                       /cvmfs/sft.cern.ch/lcg/releases/ROOT/v6.20.06-3f7fd/x86_64-centos7-gcc8-opt/lib/libNet.so
2aaab3eef000-2aaab40ee000 ---p 000cb000 00:32 5545                       /cvmfs/sft.cern.ch/lcg/releases/ROOT/v6.20.06-3f7fd/x86_64-centos7-gcc8-opt/lib/libNet.so
2aaab40ee000-2aaab40fa000 r--p 000ca000 00:32 5545                       /cvmfs/sft.cern.ch/lcg/releases/ROOT/v6.20.06-3f7fd/x86_64-centos7-gcc8-opt/lib/libNet.so
2aaab40fa000-2aaab40fc000 rw-p 000d6000 00:32 5545                       /cvmfs/sft.cern.ch/lcg/releases/ROOT/v6.20.06-3f7fd/x86_64-centos7-gcc8-opt/lib/libNet.so
2aaab40fc000-2aaab4103000 rw-p 00000000 00:00 0 
2aaab4103000-2aaab44c0000 r-xp 00000000 00:32 5454                       /cvmfs/sft.cern.ch/lcg/releases/ROOT/v6.20.06-3f7fd/x86_64-centos7-gcc8-opt/lib/libHist.so
2aaab44c0000-2aaab46bf000 ---p 003bd000 00:32 5454                       /cvmfs/sft.cern.ch/lcg/releases/ROOT/v6.20.06-3f7fd/x86_64-centos7-gcc8-opt/lib/libHist.so
2aaab46bf000-2aaab46e9000 r--p 003bc000 00:32 5454                       /cvmfs/sft.cern.ch/lcg/releases/ROOT/v6.20.06-3f7fd/x86_64-centos7-gcc8-opt/lib/libHist.so
2aaab46e9000-2aaab46ed000 rw-p 003e6000 00:32 5454                       /cvmfs/sft.cern.ch/lcg/releases/ROOT/v6.20.06-3f7fd/x86_64-centos7-gcc8-opt/lib/libHist.so
2aaab46ed000-2aaab46f8000 rw-p 00000000 00:00 0 
2aaab46f8000-2aaab4842000 r-xp 00000000 00:32 5062                       /cvmfs/sft.cern.ch/lcg/releases/ROOT/v6.20.06-3f7fd/x86_64-centos7-gcc8-opt/lib/libGraf.so
2aaab4842000-2aaab4a41000 ---p 0014a000 00:32 5062                       /cvmfs/sft.cern.ch/lcg/releases/ROOT/v6.20.06-3f7fd/x86_64-centos7-gcc8-opt/lib/libGraf.so
2aaab4a41000-2aaab4a4f000 r--p 00149000 00:32 5062                       /cvmfs/sft.cern.ch/lcg/releases/ROOT/v6.20.06-3f7fd/x86_64-centos7-gcc8-opt/lib/libGraf.so
2aaab4a4f000-2aaab4a53000 rw-p 00157000 00:32 5062                       /cvmfs/sft.cern.ch/lcg/releases/ROOT/v6.20.06-3f7fd/x86_64-centos7-gcc8-opt/lib/libGraf.so
2aaab4a53000-2aaab4a61000 rw-p 00000000 00:00 0 
2aaab4a61000-2aaab4b00000 r-xp 00000000 00:32 5416                       /cvmfs/sft.cern.ch/lcg/releases/ROOT/v6.20.06-3f7fd/x86_64-centos7-gcc8-opt/lib/libGraf3d.so
2aaab4b00000-2aaab4cff000 ---p 0009f000 00:32 5416                       /cvmfs/sft.cern.ch/lcg/releases/ROOT/v6.20.06-3f7fd/x86_64-centos7-gcc8-opt/lib/libGraf3d.so
2aaab4cff000-2aaab4d09000 r--p 0009e000 00:32 5416                       /cvmfs/sft.cern.ch/lcg/releases/ROOT/v6.20.06-3f7fd/x86_64-centos7-gcc8-opt/lib/libGraf3d.so
2aaab4d09000-2aaab4d0a000 rw-p 000a8000 00:32 5416                       /cvmfs/sft.cern.ch/lcg/releases/ROOT/v6.20.06-3f7fd/x86_64-centos7-gcc8-opt/lib/libGraf3d.so
2aaab4d0a000-2aaab4d0e000 rw-p 00000000 00:00 0 
2aaab4d0e000-2aaab4de9000 r-xp 00000000 00:32 5089                       /cvmfs/sft.cern.ch/lcg/releases/ROOT/v6.20.06-3f7fd/x86_64-centos7-gcc8-opt/lib/libGpad.so
2aaab4de9000-2aaab4fe8000 ---p 000db000 00:32 5089                       /cvmfs/sft.cern.ch/lcg/releases/ROOT/v6.20.06-3f7fd/x86_64-centos7-gcc8-opt/lib/libGpad.so
2aaab4fe8000-2aaab4ff2000 r--p 000da000 00:32 5089                       /cvmfs/sft.cern.ch/lcg/releases/ROOT/v6.20.06-3f7fd/x86_64-centos7-gcc8-opt/lib/libGpad.so
2aaab4ff2000-2aaab4ff4000 rw-p 000e4000 00:32 5089                       /cvmfs/sft.cern.ch/lcg/releases/ROOT/v6.20.06-3f7fd/x86_64-centos7-gcc8-opt/lib/libGpad.so
2aaab4ff4000-2aaab4ff5000 rw-p 00000000 00:00 0 
2aaab4ff5000-2aaab50ca000 r-xp 00000000 00:32 5012                       /cvmfs/sft.cern.ch/lcg/releases/ROOT/v6.20.06-3f7fd/x86_64-centos7-gcc8-opt/lib/libROOTVecOps.so
2aaab50ca000-2aaab52c9000 ---p 000d5000 00:32 5012                       /cvmfs/sft.cern.ch/lcg/releases/ROOT/v6.20.06-3f7fd/x86_64-centos7-gcc8-opt/lib/libROOTVecOps.so
2aaab52c9000-2aaab52cb000 r--p 000d4000 00:32 5012                       /cvmfs/sft.cern.ch/lcg/releases/ROOT/v6.20.06-3f7fd/x86_64-centos7-gcc8-opt/lib/libROOTVecOps.so
2aaab52cb000-2aaab52cc000 rw-p 000d6000 00:32 5012                       /cvmfs/sft.cern.ch/lcg/releases/ROOT/v6.20.06-3f7fd/x86_64-centos7-gcc8-opt/lib/libROOTVecOps.so
2aaab52cc000-2aaab52ce000 rw-p 00000000 00:00 0 
2aaab52ce000-2aaab5438000 r-xp 00000000 00:32 5467                       /cvmfs/sft.cern.ch/lcg/releases/ROOT/v6.20.06-3f7fd/x86_64-centos7-gcc8-opt/lib/libTree.so
2aaab5438000-2aaab5637000 ---p 0016a000 00:32 5467                       /cvmfs/sft.cern.ch/lcg/releases/ROOT/v6.20.06-3f7fd/x86_64-centos7-gcc8-opt/lib/libTree.so
2aaab5637000-2aaab5647000 r--p 00169000 00:32 5467                       /cvmfs/sft.cern.ch/lcg/releases/ROOT/v6.20.06-3f7fd/x86_64-centos7-gcc8-opt/lib/libTree.so
2aaab5647000-2aaab564a000 rw-p 00179000 00:32 5467                       /cvmfs/sft.cern.ch/lcg/releases/ROOT/v6.20.06-3f7fd/x86_64-centos7-gcc8-opt/lib/libTree.so
2aaab564a000-2aaab564e000 rw-p 00000000 00:00 0 
2aaab564e000-2aaab57c2000 r-xp 00000000 00:32 5262                       /cvmfs/sft.cern.ch/lcg/releases/ROOT/v6.20.06-3f7fd/x86_64-centos7-gcc8-opt/lib/libTreePlayer.so
2aaab57c2000-2aaab59c1000 ---p 00174000 00:32 5262                       /cvmfs/sft.cern.ch/lcg/releases/ROOT/v6.20.06-3f7fd/x86_64-centos7-gcc8-opt/lib/libTreePlayer.so
2aaab59c1000-2aaab59cc000 r--p 00173000 00:32 5262                       /cvmfs/sft.cern.ch/lcg/releases/ROOT/v6.20.06-3f7fd/x86_64-centos7-gcc8-opt/lib/libTreePlayer.so
2aaab59cc000-2aaab59ce000 rw-p 0017e000 00:32 5262                       /cvmfs/sft.cern.ch/lcg/releases/ROOT/v6.20.06-3f7fd/x86_64-centos7-gcc8-opt/lib/libTreePlayer.so
2aaab59ce000-2aaab59d5000 rw-p 00000000 00:00 0 
2aaab59d5000-2aaab59fc000 r-xp 00000000 00:32 5074                       /cvmfs/sft.cern.ch/lcg/releases/ROOT/v6.20.06-3f7fd/x86_64-centos7-gcc8-opt/lib/libRint.so
2aaab59fc000-2aaab5bfb000 ---p 00027000 00:32 5074                       /cvmfs/sft.cern.ch/lcg/releases/ROOT/v6.20.06-3f7fd/x86_64-centos7-gcc8-opt/lib/libRint.so
2aaab5bfb000-2aaab5bfd000 r--p 00026000 00:32 5074                       /cvmfs/sft.cern.ch/lcg/releases/ROOT/v6.20.06-3f7fd/x86_64-centos7-gcc8-opt/lib/libRint.so
2aaab5bfd000-2aaab5bfe000 rw-p 00028000 00:32 5074                       /cvmfs/sft.cern.ch/lcg/releases/ROOT/v6.20.06-3f7fd/x86_64-centos7-gcc8-opt/lib/libRint.so
2aaab5bfe000-2aaab5c6d000 r-xp 00000000 00:32 5439                       /cvmfs/sft.cern.ch/lcg/releases/ROOT/v6.20.06-3f7fd/x86_64-centos7-gcc8-opt/lib/libPostscript.so
2aaab5c6d000-2aaab5e6d000 ---p 0006f000 00:32 5439                       /cvmfs/sft.cern.ch/lcg/releases/ROOT/v6.20.06-3f7fd/x86_64-centos7-gcc8-opt/lib/libPostscript.so
2aaab5e6d000-2aaab5e74000 r--p 0006f000 00:32 5439                       /cvmfs/sft.cern.ch/lcg/releases/ROOT/v6.20.06-3f7fd/x86_64-centos7-gcc8-opt/lib/libPostscript.so
2aaab5e74000-2aaab5e75000 rw-p 00076000 00:32 5439                       /cvmfs/sft.cern.ch/lcg/releases/ROOT/v6.20.06-3f7fd/x86_64-centos7-gcc8-opt/lib/libPostscript.so
2aaab5e75000-2aaab5e76000 rw-p 00000000 00:00 0 
2aaab5e76000-2aaab5fe1000 r-xp 00000000 00:32 5481                       /cvmfs/sft.cern.ch/lcg/releases/ROOT/v6.20.06-3f7fd/x86_64-centos7-gcc8-opt/lib/libMatrix.so
2aaab5fe1000-2aaab61e0000 ---p 0016b000 00:32 5481                       /cvmfs/sft.cern.ch/lcg/releases/ROOT/v6.20.06-3f7fd/x86_64-centos7-gcc8-opt/lib/libMatrix.so
2aaab61e0000-2aaab61e8000 r--p 0016a000 00:32 5481                       /cvmfs/sft.cern.ch/lcg/releases/ROOT/v6.20.06-3f7fd/x86_64-centos7-gcc8-opt/lib/libMatrix.so
2aaab61e8000-2aaab61ea000 rw-p 00172000 00:32 5481                       /cvmfs/sft.cern.ch/lcg/releases/ROOT/v6.20.06-3f7fd/x86_64-centos7-gcc8-opt/lib/libMatrix.so
2aaab61ea000-2aaab61ee000 rw-p 00000000 00:00 0 
2aaab61ee000-2aaab6236000 r-xp 00000000 00:32 5097                       /cvmfs/sft.cern.ch/lcg/releases/ROOT/v6.20.06-3f7fd/x86_64-centos7-gcc8-opt/lib/libPhysics.so
2aaab6236000-2aaab6436000 ---p 00048000 00:32 5097                       /cvmfs/sft.cern.ch/lcg/releases/ROOT/v6.20.06-3f7fd/x86_64-centos7-gcc8-opt/lib/libPhysics.so
2aaab6436000-2aaab6439000 r--p 00048000 00:32 5097                       /cvmfs/sft.cern.ch/lcg/releases/ROOT/v6.20.06-3f7fd/x86_64-centos7-gcc8-opt/lib/libPhysics.so
2aaab6439000-2aaab643a000 rw-p 0004b000 00:32 5097                       /cvmfs/sft.cern.ch/lcg/releases/ROOT/v6.20.06-3f7fd/x86_64-centos7-gcc8-opt/lib/libPhysics.so
2aaab643a000-2aaab643b000 rw-p 00000000 00:00 0 
2aaab643b000-2aaab6638000 r-xp 00000000 00:32 4860                       /cvmfs/sft.cern.ch/lcg/releases/ROOT/v6.20.06-3f7fd/x86_64-centos7-gcc8-opt/lib/libMathCore.so
2aaab6638000-2aaab6838000 ---p 001fd000 00:32 4860                       /cvmfs/sft.cern.ch/lcg/releases/ROOT/v6.20.06-3f7fd/x86_64-centos7-gcc8-opt/lib/libMathCore.so
2aaab6838000-2aaab6842000 r--p 001fd000 00:32 4860                       /cvmfs/sft.cern.ch/lcg/releases/ROOT/v6.20.06-3f7fd/x86_64-centos7-gcc8-opt/lib/libMathCore.so
2aaab6842000-2aaab6845000 rw-p 00207000 00:32 4860                       /cvmfs/sft.cern.ch/lcg/releases/ROOT/v6.20.06-3f7fd/x86_64-centos7-gcc8-opt/lib/libMathCore.so
2aaab6845000-2aaab684e000 rw-p 00000000 00:00 0 
2aaab684e000-2aaab689d000 r-xp 00000000 00:32 5100                       /cvmfs/sft.cern.ch/lcg/releases/ROOT/v6.20.06-3f7fd/x86_64-centos7-gcc8-opt/lib/libThread.so
2aaab689d000-2aaab6a9c000 ---p 0004f000 00:32 5100                       /cvmfs/sft.cern.ch/lcg/releases/ROOT/v6.20.06-3f7fd/x86_64-centos7-gcc8-opt/lib/libThread.so
2aaab6a9c000-2aaab6aa0000 r--p 0004e000 00:32 5100                       /cvmfs/sft.cern.ch/lcg/releases/ROOT/v6.20.06-3f7fd/x86_64-centos7-gcc8-opt/lib/libThread.so
2aaab6aa0000-2aaab6aa1000 rw-p 00052000 00:32 5100                       /cvmfs/sft.cern.ch/lcg/releases/ROOT/v6.20.06-3f7fd/x86_64-centos7-gcc8-opt/lib/libThread.so
2aaab6aa1000-2aaab6aa3000 rw-p 00000000 00:00 0 
2aaab6aa3000-2aaab6aaf000 r-xp 00000000 00:32 5320                       /cvmfs/sft.cern.ch/lcg/releases/ROOT/v6.20.06-3f7fd/x86_64-centos7-gcc8-opt/lib/libMultiProc.so
2aaab6aaf000-2aaab6cae000 ---p 0000c000 00:32 5320                       /cvmfs/sft.cern.ch/lcg/releases/ROOT/v6.20.06-3f7fd/x86_64-centos7-gcc8-opt/lib/libMultiProc.so
2aaab6cae000-2aaab6caf000 r--p 0000b000 00:32 5320                       /cvmfs/sft.cern.ch/lcg/releases/ROOT/v6.20.06-3f7fd/x86_64-centos7-gcc8-opt/lib/libMultiProc.so
2aaab6caf000-2aaab6cb0000 rw-p 0000c000 00:32 5320                       /cvmfs/sft.cern.ch/lcg/releases/ROOT/v6.20.06-3f7fd/x86_64-centos7-gcc8-opt/lib/libMultiProc.so
2aaab6cb0000-2aaab6d62000 r-xp 00000000 00:32 5105                       /cvmfs/sft.cern.ch/lcg/releases/ROOT/v6.20.06-3f7fd/x86_64-centos7-gcc8-opt/lib/libROOTDataFrame.so
2aaab6d62000-2aaab6f62000 ---p 000b2000 00:32 5105                       /cvmfs/sft.cern.ch/lcg/releases/ROOT/v6.20.06-3f7fd/x86_64-centos7-gcc8-opt/lib/libROOTDataFrame.so
2aaab6f62000-2aaab6f65000 r--p 000b2000 00:32 5105                       /cvmfs/sft.cern.ch/lcg/releases/ROOT/v6.20.06-3f7fd/x86_64-centos7-gcc8-opt/lib/libROOTDataFrame.so
2aaab6f65000-2aaab6f67000 rw-p 000b5000 00:32 5105                       /cvmfs/sft.cern.ch/lcg/releases/ROOT/v6.20.06-3f7fd/x86_64-centos7-gcc8-opt/lib/libROOTDataFrame.so
2aaab6f67000-2aaab6f6a000 rw-p 00000000 00:00 0 
2aaab6f6a000-2aaab6f6c000 r-xp 00000000 fd:00 132663                     /usr/lib64/libdl-2.17.so
2aaab6f6c000-2aaab716c000 ---p 00002000 fd:00 132663                     /usr/lib64/libdl-2.17.so
2aaab716c000-2aaab716d000 r--p 00002000 fd:00 132663                     /usr/lib64/libdl-2.17.so
2aaab716d000-2aaab716e000 rw-p 00003000 fd:00 132663                     /usr/lib64/libdl-2.17.so
2aaab716e000-2aaab717d000 r-xp 00000000 00:31 3362007893                 /direct/usatlas+u/jeff/RootUtilities/lib/libUtilities.so
2aaab717d000-2aaab737c000 ---p 0000f000 00:31 3362007893                 /direct/usatlas+u/jeff/RootUtilities/lib/libUtilities.so
2aaab737c000-2aaab737d000 r--p 0000e000 00:31 3362007893                 /direct/usatlas+u/jeff/RootUtilities/lib/libUtilities.so
2aaab737d000-2aaab737e000 rw-p 0000f000 00:31 3362007893                 /direct/usatlas+u/jeff/RootUtilities/lib/libUtilities.so
2aaab737e000-2aaab7386000 r-xp 00000000 00:34 56323298                   /gpfs/mnt/atlasgpfs01/usatlas/workarea/jeff/atlas-hi/lib/libAtlasUtils.so
2aaab7386000-2aaab7585000 ---p 00008000 00:34 56323298                   /gpfs/mnt/atlasgpfs01/usatlas/workarea/jeff/atlas-hi/lib/libAtlasUtils.so
2aaab7585000-2aaab7586000 r--p 00007000 00:34 56323298                   /gpfs/mnt/atlasgpfs01/usatlas/workarea/jeff/atlas-hi/lib/libAtlasUtils.so
2aaab7586000-2aaab7587000 rw-p 00008000 00:34 56323298                   /gpfs/mnt/atlasgpfs01/usatlas/workarea/jeff/atlas-hi/lib/libAtlasUtils.so
2aaab7587000-2aaab7589000 r-xp 00000000 00:34 56323256                   /gpfs/mnt/atlasgpfs01/usatlas/workarea/jeff/atlas-hi/lib/libAtlasStyle.so
2aaab7589000-2aaab7788000 ---p 00002000 00:34 56323256                   /gpfs/mnt/atlasgpfs01/usatlas/workarea/jeff/atlas-hi/lib/libAtlasStyle.so
2aaab7788000-2aaab7789000 r--p 00001000 00:34 56323256                   /gpfs/mnt/atlasgpfs01/usatlas/workarea/jeff/atlas-hi/lib/libAtlasStyle.so
2aaab7789000-2aaab778a000 rw-p 00002000 00:34 56323256                   /gpfs/mnt/atlasgpfs01/usatlas/workarea/jeff/atlas-hi/lib/libAtlasStyle.so
2aaab778a000-2aaab7799000 r-xp 00000000 00:34 5086140                    /gpfs/mnt/atlasgpfs01/usatlas/workarea/jeff/HadronYieldsAnalysis/lib/libLocalUtilities.so
2aaab7799000-2aaab7998000 ---p 0000f000 00:34 5086140                    /gpfs/mnt/atlasgpfs01/usatlas/workarea/jeff/HadronYieldsAnalysis/lib/libLocalUtilities.so
2aaab7998000-2aaab7999000 r--p 0000e000 00:34 5086140                    /gpfs/mnt/atlasgpfs01/usatlas/workarea/jeff/HadronYieldsAnalysis/lib/libLocalUtilities.so
2aaab7999000-2aaab799a000 rw-p 0000f000 00:34 5086140                    /gpfs/mnt/atlasgpfs01/usatlas/workarea/jeff/HadronYieldsAnalysis/lib/libLocalUtilities.so
2aaab799a000-2aaab7b6a000 rw-p 00000000 00:00 0 
2aaab7b6a000-2aaab7b7c000 r-xp 00000000 00:34 5086138                    /gpfs/mnt/atlasgpfs01/usatlas/workarea/jeff/HadronYieldsAnalysis/lib/libJetHadronSkimmer.so
2aaab7b7c000-2aaab7d7c000 ---p 00012000 00:34 5086138                    /gpfs/mnt/atlasgpfs01/usatlas/workarea/jeff/HadronYieldsAnalysis/lib/libJetHadronSkimmer.so
2aaab7d7c000-2aaab7d7d000 r--p 00012000 00:34 5086138                    /gpfs/mnt/atlasgpfs01/usatlas/workarea/jeff/HadronYieldsAnalysis/lib/libJetHadronSkimmer.so
2aaab7d7d000-2aaab7d7e000 rw-p 00013000 00:34 5086138                    /gpfs/mnt/atlasgpfs01/usatlas/workarea/jeff/HadronYieldsAnalysis/lib/libJetHadronSkimmer.so
2aaab7d7e000-2aaab7fb2000 rw-p 00000000 00:00 0 
2aaab7fb2000-2aaab7fc0000 r-xp 00000000 00:34 5086141                    /gpfs/mnt/atlasgpfs01/usatlas/workarea/jeff/HadronYieldsAnalysis/lib/libZDCAnalysis.so
2aaab7fc0000-2aaab81c0000 ---p 0000e000 00:34 5086141                    /gpfs/mnt/atlasgpfs01/usatlas/workarea/jeff/HadronYieldsAnalysis/lib/libZDCAnalysis.so
2aaab81c0000-2aaab81c1000 r--p 0000e000 00:34 5086141                    /gpfs/mnt/atlasgpfs01/usatlas/workarea/jeff/HadronYieldsAnalysis/lib/libZDCAnalysis.so
2aaab81c1000-2aaab81c2000 rw-p 0000f000 00:34 5086141                    /gpfs/mnt/atlasgpfs01/usatlas/workarea/jeff/HadronYieldsAnalysis/lib/libZDCAnalysis.so
2aaab81c2000-2aaab8392000 rw-p 00000000 00:00 0 
2aaab8392000-2aaab850b000 r-xp 00000000 00:32 368335                     /cvmfs/sft.cern.ch/lcg/releases/gcc/8.3.0-cebb0/x86_64-centos7/lib64/libstdc++.so.6.0.25
2aaab850b000-2aaab870b000 ---p 00179000 00:32 368335                     /cvmfs/sft.cern.ch/lcg/releases/gcc/8.3.0-cebb0/x86_64-centos7/lib64/libstdc++.so.6.0.25
2aaab870b000-2aaab8715000 r--p 00179000 00:32 368335                     /cvmfs/sft.cern.ch/lcg/releases/gcc/8.3.0-cebb0/x86_64-centos7/lib64/libstdc++.so.6.0.25
2aaab8715000-2aaab8717000 rw-p 00183000 00:32 368335                     /cvmfs/sft.cern.ch/lcg/releases/gcc/8.3.0-cebb0/x86_64-centos7/lib64/libstdc++.so.6.0.25
2aaab8717000-2aaab871b000 rw-p 00000000 00:00 0 
2aaab871b000-2aaab881b000 r-xp 00000000 fd:00 132665                     /usr/lib64/libm-2.17.so
2aaab881b000-2aaab8a1b000 ---p 00100000 fd:00 132665                     /usr/lib64/libm-2.17.so
2aaab8a1b000-2aaab8a1c000 r--p 00100000 fd:00 132665                     /usr/lib64/libm-2.17.so
2aaab8a1c000-2aaab8a1d000 rw-p 00101000 fd:00 132665                     /usr/lib64/libm-2.17.so
2aaab8a1d000-2aaab8a34000 r-xp 00000000 00:32 368161                     /cvmfs/sft.cern.ch/lcg/releases/gcc/8.3.0-cebb0/x86_64-centos7/lib64/libgcc_s.so.1
2aaab8a34000-2aaab8c33000 ---p 00017000 00:32 368161                     /cvmfs/sft.cern.ch/lcg/releases/gcc/8.3.0-cebb0/x86_64-centos7/lib64/libgcc_s.so.1
2aaab8c33000-2aaab8c34000 r--p 00016000 00:32 368161                     /cvmfs/sft.cern.ch/lcg/releases/gcc/8.3.0-cebb0/x86_64-centos7/lib64/libgcc_s.so.1
2aaab8c34000-2aaab8c35000 rw-p 00017000 00:32 368161                     /cvmfs/sft.cern.ch/lcg/releases/gcc/8.3.0-cebb0/x86_64-centos7/lib64/libgcc_s.so.1
2aaab8c35000-2aaab8c4c000 r-xp 00000000 fd:00 132683                     /usr/lib64/libpthread-2.17.so
2aaab8c4c000-2aaab8e4b000 ---p 00017000 fd:00 132683                     /usr/lib64/libpthread-2.17.so
2aaab8e4b000-2aaab8e4c000 r--p 00016000 fd:00 132683                     /usr/lib64/libpthread-2.17.so
2aaab8e4c000-2aaab8e4d000 rw-p 00017000 fd:00 132683                     /usr/lib64/libpthread-2.17.so
2aaab8e4d000-2aaab8e51000 rw-p 00000000 00:00 0 
2aaab8e51000-2aaab9008000 r-xp 00000000 fd:00 132657                     /usr/lib64/libc-2.17.so
2aaab9008000-2aaab9207000 ---p 001b7000 fd:00 132657                     /usr/lib64/libc-2.17.so
2aaab9207000-2aaab920b000 r--p 001b6000 fd:00 132657                     /usr/lib64/libc-2.17.so
2aaab920b000-2aaab920d000 rw-p 001ba000 fd:00 132657                     /usr/lib64/libc-2.17.so
2aaab920d000-2aaab9212000 rw-p 00000000 00:00 0 
2aaab9212000-2aaab9237000 r-xp 00000000 fd:00 132902                     /usr/lib64/liblzma.so.5.2.2
2aaab9237000-2aaab9436000 ---p 00025000 fd:00 132902                     /usr/lib64/liblzma.so.5.2.2
2aaab9436000-2aaab9437000 r--p 00024000 fd:00 132902                     /usr/lib64/liblzma.so.5.2.2
2aaab9437000-2aaab9438000 rw-p 00025000 fd:00 132902                     /usr/lib64/liblzma.so.5.2.2
2aaab9438000-2aaab9451000 r-xp 00000000 00:32 349771                     /cvmfs/sft.cern.ch/lcg/releases/zlib/1.2.11-da225/x86_64-centos7-gcc8-opt/lib/libz.so.1.2.11
2aaab9451000-2aaab9650000 ---p 00019000 00:32 349771                     /cvmfs/sft.cern.ch/lcg/releases/zlib/1.2.11-da225/x86_64-centos7-gcc8-opt/lib/libz.so.1.2.11
2aaab9650000-2aaab9651000 r--p 00018000 00:32 349771                     /cvmfs/sft.cern.ch/lcg/releases/zlib/1.2.11-da225/x86_64-centos7-gcc8-opt/lib/libz.so.1.2.11
2aaab9651000-2aaab9652000 rw-p 00019000 00:32 349771                     /cvmfs/sft.cern.ch/lcg/releases/zlib/1.2.11-da225/x86_64-centos7-gcc8-opt/lib/libz.so.1.2.11
2aaab9652000-2aaab9690000 r-xp 00000000 00:32 365369                     /cvmfs/sft.cern.ch/lcg/releases/tbb/2020_U1-bbcac/x86_64-centos7-gcc8-opt/lib/libtbb.so.2
2aaab9690000-2aaab988f000 ---p 0003e000 00:32 365369                     /cvmfs/sft.cern.ch/lcg/releases/tbb/2020_U1-bbcac/x86_64-centos7-gcc8-opt/lib/libtbb.so.2
2aaab988f000-2aaab9891000 r--p 0003d000 00:32 365369                     /cvmfs/sft.cern.ch/lcg/releases/tbb/2020_U1-bbcac/x86_64-centos7-gcc8-opt/lib/libtbb.so.2
2aaab9891000-2aaab9894000 rw-p 0003f000 00:32 365369                     /cvmfs/sft.cern.ch/lcg/releases/tbb/2020_U1-bbcac/x86_64-centos7-gcc8-opt/lib/libtbb.so.2
2aaab9894000-2aaab9896000 rw-p 00000000 00:00 0 
2aaab9896000-2aaab98fd000 r-xp 00000000 fd:00 143268                     /usr/lib64/libssl.so.1.0.2k
2aaab98fd000-2aaab9afc000 ---p 00067000 fd:00 143268                     /usr/lib64/libssl.so.1.0.2k
2aaab9afc000-2aaab9b00000 r--p 00066000 fd:00 143268                     /usr/lib64/libssl.so.1.0.2k
2aaab9b00000-2aaab9b07000 rw-p 0006a000 fd:00 143268                     /usr/lib64/libssl.so.1.0.2k
2aaab9b07000-2aaab9d3b000 r-xp 00000000 fd:00 143266                     /usr/lib64/libcrypto.so.1.0.2k
2aaab9d3b000-2aaab9f3b000 ---p 00234000 fd:00 143266                     /usr/lib64/libcrypto.so.1.0.2k
2aaab9f3b000-2aaab9f57000 r--p 00234000 fd:00 143266                     /usr/lib64/libcrypto.so.1.0.2k
2aaab9f57000-2aaab9f64000 rw-p 00250000 fd:00 143266                     /usr/lib64/libcrypto.so.1.0.2k
2aaab9f64000-2aaab9f68000 rw-p 00000000 00:00 0 
2aaab9f68000-2aaaba008000 r-xp 00000000 fd:00 132841                     /usr/lib64/libfreetype.so.6.10.0
2aaaba008000-2aaaba207000 ---p 000a0000 fd:00 132841                     /usr/lib64/libfreetype.so.6.10.0
2aaaba207000-2aaaba20d000 r--p 0009f000 fd:00 132841                     /usr/lib64/libfreetype.so.6.10.0
2aaaba20d000-2aaaba20e000 rw-p 000a5000 fd:00 132841                     /usr/lib64/libfreetype.so.6.10.0
2aaaba20e000-2aaaba219000 r-xp 00000000 00:32 365197                     /cvmfs/sft.cern.ch/lcg/releases/vdt/0.4.3-992df/x86_64-centos7-gcc8-opt/lib/libvdt.so
2aaaba219000-2aaaba419000 ---p 0000b000 00:32 365197                     /cvmfs/sft.cern.ch/lcg/releases/vdt/0.4.3-992df/x86_64-centos7-gcc8-opt/lib/libvdt.so
2aaaba419000-2aaaba41a000 r--p 0000b000 00:32 365197                     /cvmfs/sft.cern.ch/lcg/releases/vdt/0.4.3-992df/x86_64-centos7-gcc8-opt/lib/libvdt.so
2aaaba41a000-2aaaba41b000 rw-p 0000c000 00:32 365197                     /cvmfs/sft.cern.ch/lcg/releases/vdt/0.4.3-992df/x86_64-centos7-gcc8-opt/lib/libvdt.so
2aaaba41b000-2aaaba476000 r-xp 00000000 00:32 5301                       /cvmfs/sft.cern.ch/lcg/releases/ROOT/v6.20.06-3f7fd/x86_64-centos7-gcc8-opt/lib/libROOTNTuple.so
2aaaba476000-2aaaba676000 ---p 0005b000 00:32 5301                       /cvmfs/sft.cern.ch/lcg/releases/ROOT/v6.20.06-3f7fd/x86_64-centos7-gcc8-opt/lib/libROOTNTuple.so
2aaaba676000-2aaaba678000 r--p 0005b000 00:32 5301                       /cvmfs/sft.cern.ch/lcg/releases/ROOT/v6.20.06-3f7fd/x86_64-centos7-gcc8-opt/lib/libROOTNTuple.so
2aaaba678000-2aaaba679000 rw-p 0005d000 00:32 5301                       /cvmfs/sft.cern.ch/lcg/releases/ROOT/v6.20.06-3f7fd/x86_64-centos7-gcc8-opt/lib/libROOTNTuple.so
2aaaba679000-2aaaba67a000 rw-p 00000000 00:00 0 
2aaaba67a000-2aaaba784000 r-xp 00000000 00:32 67507                      /cvmfs/sft.cern.ch/lcg/releases/sqlite/3280000-472f2/x86_64-centos7-gcc8-opt/lib/libsqlite3.so.0.8.6
2aaaba784000-2aaaba983000 ---p 0010a000 00:32 67507                      /cvmfs/sft.cern.ch/lcg/releases/sqlite/3280000-472f2/x86_64-centos7-gcc8-opt/lib/libsqlite3.so.0.8.6
2aaaba983000-2aaaba986000 r--p 00109000 00:32 67507                      /cvmfs/sft.cern.ch/lcg/releases/sqlite/3280000-472f2/x86_64-centos7-gcc8-opt/lib/libsqlite3.so.0.8.6
2aaaba986000-2aaaba989000 rw-p 0010c000 00:32 67507                      /cvmfs/sft.cern.ch/lcg/releases/sqlite/3280000-472f2/x86_64-centos7-gcc8-opt/lib/libsqlite3.so.0.8.6
2aaaba989000-2aaaba98a000 rw-p 00000000 00:00 0 
2aaaba98a000-2aaaba991000 r-xp 00000000 fd:00 132687                     /usr/lib64/librt-2.17.so
2aaaba991000-2aaabab90000 ---p 00007000 fd:00 132687                     /usr/lib64/librt-2.17.so
2aaabab90000-2aaabab91000 r--p 00006000 fd:00 132687                     /usr/lib64/librt-2.17.so
2aaabab91000-2aaabab92000 rw-p 00007000 fd:00 132687                     /usr/lib64/librt-2.17.so
2aaabab92000-2aaababdd000 r-xp 00000000 fd:00 143243                     /usr/lib64/libgssapi_krb5.so.2.2
2aaababdd000-2aaabaddd000 ---p 0004b000 fd:00 143243                     /usr/lib64/libgssapi_krb5.so.2.2
2aaabaddd000-2aaabadde000 r--p 0004b000 fd:00 143243                     /usr/lib64/libgssapi_krb5.so.2.2
2aaabadde000-2aaabade0000 rw-p 0004c000 fd:00 143243                     /usr/lib64/libgssapi_krb5.so.2.2
2aaabade0000-2aaabaeb6000 r-xp 00000000 fd:00 143253                     /usr/lib64/libkrb5.so.3.3
2aaabaeb6000-2aaabb0b6000 ---p 000d6000 fd:00 143253                     /usr/lib64/libkrb5.so.3.3
2aaabb0b6000-2aaabb0c4000 r--p 000d6000 fd:00 143253                     /usr/lib64/libkrb5.so.3.3
2aaabb0c4000-2aaabb0c7000 rw-p 000e4000 fd:00 143253                     /usr/lib64/libkrb5.so.3.3
2aaabb0c7000-2aaabb0ca000 r-xp 00000000 fd:00 132843                     /usr/lib64/libcom_err.so.2.1
2aaabb0ca000-2aaabb2c9000 ---p 00003000 fd:00 132843                     /usr/lib64/libcom_err.so.2.1
2aaabb2c9000-2aaabb2ca000 r--p 00002000 fd:00 132843                     /usr/lib64/libcom_err.so.2.1
2aaabb2ca000-2aaabb2cb000 rw-p 00003000 fd:00 132843                     /usr/lib64/libcom_err.so.2.1
2aaabb2cb000-2aaabb2fa000 r-xp 00000000 fd:00 143247                     /usr/lib64/libk5crypto.so.3.1
2aaabb2fa000-2aaabb4f9000 ---p 0002f000 fd:00 143247                     /usr/lib64/libk5crypto.so.3.1
2aaabb4f9000-2aaabb4fb000 r--p 0002e000 fd:00 143247                     /usr/lib64/libk5crypto.so.3.1
2aaabb4fb000-2aaabb4fc000 rw-p 00030000 fd:00 143247                     /usr/lib64/libk5crypto.so.3.1
2aaabb4fc000-2aaabb4fd000 rw-p 00000000 00:00 0 
2aaabb4fd000-2aaabb50a000 r-xp 00000000 fd:00 143255                     /usr/lib64/libkrb5support.so.0.1
2aaabb50a000-2aaabb70a000 ---p 0000d000 fd:00 143255                     /usr/lib64/libkrb5support.so.0.1
2aaabb70a000-2aaabb70b000 r--p 0000d000 fd:00 143255                     /usr/lib64/libkrb5support.so.0.1
2aaabb70b000-2aaabb70c000 rw-p 0000e000 fd:00 143255                     /usr/lib64/libkrb5support.so.0.1
2aaabb70c000-2aaabb70f000 r-xp 00000000 fd:00 133141                     /usr/lib64/libkeyutils.so.1.5
2aaabb70f000-2aaabb90e000 ---p 00003000 fd:00 133141                     /usr/lib64/libkeyutils.so.1.5
2aaabb90e000-2aaabb90f000 r--p 00002000 fd:00 133141                     /usr/lib64/libkeyutils.so.1.5
2aaabb90f000-2aaabb910000 rw-p 00003000 fd:00 133141                     /usr/lib64/libkeyutils.so.1.5
2aaabb910000-2aaabb926000 r-xp 00000000 fd:00 132685                     /usr/lib64/libresolv-2.17.so
2aaabb926000-2aaabbb26000 ---p 00016000 fd:00 132685                     /usr/lib64/libresolv-2.17.so
2aaabbb26000-2aaabbb27000 r--p 00016000 fd:00 132685                     /usr/lib64/libresolv-2.17.so
2aaabbb27000-2aaabbb28000 rw-p 00017000 fd:00 132685                     /usr/lib64/libresolv-2.17.so
2aaabbb28000-2aaabbb2a000 rw-p 00000000 00:00 0 
2aaabbb2a000-2aaabbb4e000 r-xp 00000000 fd:00 132826                     /usr/lib64/libselinux.so.1
2aaabbb4e000-2aaabbd4d000 ---p 00024000 fd:00 132826                     /usr/lib64/libselinux.so.1
2aaabbd4d000-2aaabbd4e000 r--p 00023000 fd:00 132826                     /usr/lib64/libselinux.so.1
2aaabbd4e000-2aaabbd4f000 rw-p 00024000 fd:00 132826                     /usr/lib64/libselinux.so.1
2aaabbd4f000-2aaabbd51000 rw-p 00000000 00:00 0 
2aaabbd51000-2aaabbdb1000 r-xp 00000000 fd:00 132817                     /usr/lib64/libpcre.so.1.2.0
2aaabbdb1000-2aaabbfb0000 ---p 00060000 fd:00 132817                     /usr/lib64/libpcre.so.1.2.0
2aaabbfb0000-2aaabbfb1000 r--p 0005f000 fd:00 132817                     /usr/lib64/libpcre.so.1.2.0
2aaabbfb1000-2aaabbfb2000 rw-p 00060000 fd:00 132817                     /usr/lib64/libpcre.so.1.2.0
2aaabbfb2000-2aaabc7b2000 rw-p 00000000 00:00 0 
2aaabc7b2000-2aaabf69b000 r-xp 00000000 00:32 5420                       /cvmfs/sft.cern.ch/lcg/releases/ROOT/v6.20.06-3f7fd/x86_64-centos7-gcc8-opt/lib/libCling.so
2aaabf69b000-2aaabf89b000 ---p 02ee9000 00:32 5420                       /cvmfs/sft.cern.ch/lcg/releases/ROOT/v6.20.06-3f7fd/x86_64-centos7-gcc8-opt/lib/libCling.so
2aaabf89b000-2aaabfaad000 r--p 02ee9000 00:32 5420                       /cvmfs/sft.cern.ch/lcg/releases/ROOT/v6.20.06-3f7fd/x86_64-centos7-gcc8-opt/lib/libCling.so
2aaabfaad000-2aaabfab8000 rw-p 030fb000 00:32 5420                       /cvmfs/sft.cern.ch/lcg/releases/ROOT/v6.20.06-3f7fd/x86_64-centos7-gcc8-opt/lib/libCling.so
2aaabfab8000-2aaabfae5000 rw-p 00000000 00:00 0 
2aaabfae5000-2aaabfb0a000 r-xp 00000000 fd:00 132726                     /usr/lib64/libtinfo.so.5.9
2aaabfb0a000-2aaabfd0a000 ---p 00025000 fd:00 132726                     /usr/lib64/libtinfo.so.5.9
2aaabfd0a000-2aaabfd0e000 r--p 00025000 fd:00 132726                     /usr/lib64/libtinfo.so.5.9
2aaabfd0e000-2aaabfd0f000 rw-p 00029000 fd:00 132726                     /usr/lib64/libtinfo.so.5.9
2aaabfd0f000-2aaabfd40000 rw-p 00000000 00:00 0 
2aaabfd40000-2aaac1074000 r--p 00000000 00:32 5355                       /cvmfs/sft.cern.ch/lcg/releases/ROOT/v6.20.06-3f7fd/x86_64-centos7-gcc8-opt/lib/std.pcm
2aaac1074000-2aaac11b4000 r--p 00000000 00:32 5331                       /cvmfs/sft.cern.ch/lcg/releases/ROOT/v6.20.06-3f7fd/x86_64-centos7-gcc8-opt/lib/libc.pcm
2aaac11b4000-2aaac11d1000 r--p 00000000 00:32 5358                       /cvmfs/sft.cern.ch/lcg/releases/ROOT/v6.20.06-3f7fd/x86_64-centos7-gcc8-opt/lib/Cling_Runtime.pcm
2aaac11d1000-2aaac11fc000 r--p 00000000 00:32 5284                       /cvmfs/sft.cern.ch/lcg/releases/ROOT/v6.20.06-3f7fd/x86_64-centos7-gcc8-opt/lib/Cling_Runtime_Extra.pcm
2aaac11fc000-2aaac1244000 r--p 00000000 00:32 5390                       /cvmfs/sft.cern.ch/lcg/releases/ROOT/v6.20.06-3f7fd/x86_64-centos7-gcc8-opt/lib/ROOT_Foundation_C.pcm
2aaac1244000-2aaac125d000 r--p 00000000 00:32 5050                       /cvmfs/sft.cern.ch/lcg/releases/ROOT/v6.20.06-3f7fd/x86_64-centos7-gcc8-opt/lib/ROOT_Rtypes.pcm
2aaac125d000-2aaac127b000 r--p 00000000 00:32 5332                       /cvmfs/sft.cern.ch/lcg/releases/ROOT/v6.20.06-3f7fd/x86_64-centos7-gcc8-opt/lib/ROOT_Config.pcm
2aaac127b000-2aaac1309000 r--p 00000000 00:32 5369                       /cvmfs/sft.cern.ch/lcg/releases/ROOT/v6.20.06-3f7fd/x86_64-centos7-gcc8-opt/lib/ProofBench.pcm
2aaac1371000-2aaac13fd000 r--p 00000000 00:32 5289                       /cvmfs/sft.cern.ch/lcg/releases/ROOT/v6.20.06-3f7fd/x86_64-centos7-gcc8-opt/lib/Unfold.pcm
2aaac13fd000-2aaac1468000 r--p 00000000 00:32 5070                       /cvmfs/sft.cern.ch/lcg/releases/ROOT/v6.20.06-3f7fd/x86_64-centos7-gcc8-opt/lib/RHTTPSniff.pcm
2aaac1471000-2aaac1865000 r--p 00000000 00:32 5263                       /cvmfs/sft.cern.ch/lcg/releases/ROOT/v6.20.06-3f7fd/x86_64-centos7-gcc8-opt/lib/_Builtin_intrinsics.pcm
2aaac1865000-2aaac1916000 r--p 00000000 00:32 5266                       /cvmfs/sft.cern.ch/lcg/releases/ROOT/v6.20.06-3f7fd/x86_64-centos7-gcc8-opt/lib/ROOT_Foundation_Stage1_NoRTTI.pcm
2aaac1916000-2aaac223f000 r--p 00000000 00:32 5316                       /cvmfs/sft.cern.ch/lcg/releases/ROOT/v6.20.06-3f7fd/x86_64-centos7-gcc8-opt/lib/Core.pcm
2aaac223f000-2aaac2367000 r--p 00000000 00:32 5449                       /cvmfs/sft.cern.ch/lcg/releases/ROOT/v6.20.06-3f7fd/x86_64-centos7-gcc8-opt/lib/Gdml.pcm
2aaac2367000-2aaac24c4000 r--p 00000000 00:32 4767                       /cvmfs/sft.cern.ch/lcg/releases/ROOT/v6.20.06-3f7fd/x86_64-centos7-gcc8-opt/lib/WebGui6.pcm
2aaac24e3000-2aaac27c1000 r--p 00000000 00:32 5350                       /cvmfs/sft.cern.ch/lcg/releases/ROOT/v6.20.06-3f7fd/x86_64-centos7-gcc8-opt/lib/RIO.pcm
2aaac27c1000-2aaac2951000 r--p 00000000 00:32 5380                       /cvmfs/sft.cern.ch/lcg/releases/ROOT/v6.20.06-3f7fd/x86_64-centos7-gcc8-opt/lib/Thread.pcm
2aaac2951000-2aaac2d96000 r--p 00000000 00:32 5298                       /cvmfs/sft.cern.ch/lcg/releases/ROOT/v6.20.06-3f7fd/x86_64-centos7-gcc8-opt/lib/Hist.pcm
2aaac2d96000-2aaac3586000 r--p 00000000 00:32 5504                       /cvmfs/sft.cern.ch/lcg/releases/ROOT/v6.20.06-3f7fd/x86_64-centos7-gcc8-opt/lib/MathCore.pcm
2aaac3586000-2aaac364b000 r--p 00000000 00:32 5373                       /cvmfs/sft.cern.ch/lcg/releases/ROOT/v6.20.06-3f7fd/x86_64-centos7-gcc8-opt/lib/Imt.pcm
2aaac364b000-2aaac37c6000 r--p 00000000 00:32 5335                       /cvmfs/sft.cern.ch/lcg/releases/ROOT/v6.20.06-3f7fd/x86_64-centos7-gcc8-opt/lib/Matrix.pcm
2aaac37c6000-2aaac383c000 r--p 00000000 00:32 5400                       /cvmfs/sft.cern.ch/lcg/releases/ROOT/v6.20.06-3f7fd/x86_64-centos7-gcc8-opt/lib/XMLParser.pcm
2aaac383c000-2aaac3969000 r--p 00000000 00:32 4760                       /cvmfs/sft.cern.ch/lcg/releases/ROOT/v6.20.06-3f7fd/x86_64-centos7-gcc8-opt/lib/RHTTP.pcm
2aaac3969000-2aaac3a0d000 r--p 00000000 00:32 5057                       /cvmfs/sft.cern.ch/lcg/releases/ROOT/v6.20.06-3f7fd/x86_64-centos7-gcc8-opt/lib/FitPanel.pcm
2aaac3a0d000-2aaac3d3a000 r--p 00000000 00:32 5377                       /cvmfs/sft.cern.ch/lcg/releases/ROOT/v6.20.06-3f7fd/x86_64-centos7-gcc8-opt/lib/Gui.pcm
2aaac3d3a000-2aaac3e35000 r--p 00000000 00:32 4757                       /cvmfs/sft.cern.ch/lcg/releases/ROOT/v6.20.06-3f7fd/x86_64-centos7-gcc8-opt/lib/Graf.pcm
2aaac3e35000-2aaac40ce000 r--p 00000000 00:32 5595                       /cvmfs/sft.cern.ch/lcg/releases/ROOT/v6.20.06-3f7fd/x86_64-centos7-gcc8-opt/lib/ROOTVecOps.pcm
2aaac40ce000-2aaac4164000 r--p 00000000 00:32 5282                       /cvmfs/sft.cern.ch/lcg/releases/ROOT/v6.20.06-3f7fd/x86_64-centos7-gcc8-opt/lib/RDAVIX.pcm
2aaac4164000-2aaac424f000 r--p 00000000 00:32 5323                       /cvmfs/sft.cern.ch/lcg/releases/ROOT/v6.20.06-3f7fd/x86_64-centos7-gcc8-opt/lib/RMySQL.pcm
2aaac424f000-2aaac435a000 r--p 00000000 00:32 5288                       /cvmfs/sft.cern.ch/lcg/releases/ROOT/v6.20.06-3f7fd/x86_64-centos7-gcc8-opt/lib/Net.pcm
2aaac435a000-2aaac43c7000 r--p 00000000 00:32 5313                       /cvmfs/sft.cern.ch/lcg/releases/ROOT/v6.20.06-3f7fd/x86_64-centos7-gcc8-opt/lib/GFAL.pcm
2aaac43fc000-2aaac44b3000 r--p 00000000 00:32 5531                       /cvmfs/sft.cern.ch/lcg/releases/ROOT/v6.20.06-3f7fd/x86_64-centos7-gcc8-opt/lib/Physics.pcm
2aaac44b3000-2aaac452c000 r--p 00000000 00:32 5514                       /cvmfs/sft.cern.ch/lcg/releases/ROOT/v6.20.06-3f7fd/x86_64-centos7-gcc8-opt/lib/Genetic.pcm
2aaac452c000-2aaac478e000 r--p 00000000 00:32 5387                       /cvmfs/sft.cern.ch/lcg/releases/ROOT/v6.20.06-3f7fd/x86_64-centos7-gcc8-opt/lib/Tree.pcm
2aaac478e000-2aaac4802000 r--p 00000000 00:32 5348                       /cvmfs/sft.cern.ch/lcg/releases/ROOT/v6.20.06-3f7fd/x86_64-centos7-gcc8-opt/lib/DCache.pcm
2aaac4802000-2aaac48d3000 r--p 00000000 00:32 5366                       /cvmfs/sft.cern.ch/lcg/releases/ROOT/v6.20.06-3f7fd/x86_64-centos7-gcc8-opt/lib/Gpad.pcm
2aaac48d3000-2aaac4db3000 r--p 00000000 00:32 5341                       /cvmfs/sft.cern.ch/lcg/releases/ROOT/v6.20.06-3f7fd/x86_64-centos7-gcc8-opt/lib/RGL.pcm
2aaac4db3000-2aaac4ea2000 r--p 00000000 00:32 5425                       /cvmfs/sft.cern.ch/lcg/releases/ROOT/v6.20.06-3f7fd/x86_64-centos7-gcc8-opt/lib/Ged.pcm
2aaac4ea2000-2aaac4f0a000 r--p 00000000 00:32 5386                       /cvmfs/sft.cern.ch/lcg/releases/ROOT/v6.20.06-3f7fd/x86_64-centos7-gcc8-opt/lib/RCsg.pcm
2aaac4f0a000-2aaac542e000 r--p 00000000 00:32 5396                       /cvmfs/sft.cern.ch/lcg/releases/ROOT/v6.20.06-3f7fd/x86_64-centos7-gcc8-opt/lib/ROOTEve.pcm
2aaac542e000-2aaac5720000 r--p 00000000 00:32 5285                       /cvmfs/sft.cern.ch/lcg/releases/ROOT/v6.20.06-3f7fd/x86_64-centos7-gcc8-opt/lib/Geom.pcm
2aaac5720000-2aaac58ac000 r--p 00000000 00:32 5338                       /cvmfs/sft.cern.ch/lcg/releases/ROOT/v6.20.06-3f7fd/x86_64-centos7-gcc8-opt/lib/ROOTWebDisplay.pcm
2aaac58ac000-2aaac593f000 r--p 00000000 00:32 5037                       /cvmfs/sft.cern.ch/lcg/releases/ROOT/v6.20.06-3f7fd/x86_64-centos7-gcc8-opt/lib/EG.pcm
2aaac593f000-2aaac5a12000 r--p 00000000 00:32 5376                       /cvmfs/sft.cern.ch/lcg/releases/ROOT/v6.20.06-3f7fd/x86_64-centos7-gcc8-opt/lib/Graf3d.pcm
2aaac5a12000-2aaac5a73000 rw-p 00000000 00:00 0 
2aaac5a73000-2aaac5dfa000 r--p 00000000 00:32 5002                       /cvmfs/sft.cern.ch/lcg/releases/ROOT/v6.20.06-3f7fd/x86_64-centos7-gcc8-opt/lib/TreePlayer.pcm
2aaac5dfa000-2aaac5f0b000 r--p 00000000 00:32 5269                       /cvmfs/sft.cern.ch/lcg/releases/ROOT/v6.20.06-3f7fd/x86_64-centos7-gcc8-opt/lib/MultiProc.pcm
2aaac5f0b000-2aaac5f78000 r--p 00000000 00:32 5393                       /cvmfs/sft.cern.ch/lcg/releases/ROOT/v6.20.06-3f7fd/x86_64-centos7-gcc8-opt/lib/SPlot.pcm
2aaac5f78000-2aaac5fea000 r--p 00000000 00:32 5343                       /cvmfs/sft.cern.ch/lcg/releases/ROOT/v6.20.06-3f7fd/x86_64-centos7-gcc8-opt/lib/Hbook.pcm
2aaac5fea000-2aaac60c3000 r--p 00000000 00:32 5292                       /cvmfs/sft.cern.ch/lcg/releases/ROOT/v6.20.06-3f7fd/x86_64-centos7-gcc8-opt/lib/GeomBuilder.pcm
2aaac60c3000-2aaac6134000 r--p 00000000 00:32 4873                       /cvmfs/sft.cern.ch/lcg/releases/ROOT/v6.20.06-3f7fd/x86_64-centos7-gcc8-opt/lib/Rint.pcm
2aaac6134000-2aaac62ae000 r--p 00000000 00:32 5317                       /cvmfs/sft.cern.ch/lcg/releases/ROOT/v6.20.06-3f7fd/x86_64-centos7-gcc8-opt/lib/Proof.pcm
2aaac62ae000-2aaac633b000 r--p 00000000 00:32 5361                       /cvmfs/sft.cern.ch/lcg/releases/ROOT/v6.20.06-3f7fd/x86_64-centos7-gcc8-opt/lib/Recorder.pcm
2aaac633b000-2aaac63c8000 r--p 00000000 00:32 4753                       /cvmfs/sft.cern.ch/lcg/releases/ROOT/v6.20.06-3f7fd/x86_64-centos7-gcc8-opt/lib/GuiBld.pcm
2aaac63c8000-2aaac64bd000 r--p 00000000 00:32 4758                       /cvmfs/sft.cern.ch/lcg/releases/ROOT/v6.20.06-3f7fd/x86_64-centos7-gcc8-opt/lib/XMLIO.pcm
2aaac64bd000-2aaac652b000 r--p 00000000 00:32 5495                       /cvmfs/sft.cern.ch/lcg/releases/ROOT/v6.20.06-3f7fd/x86_64-centos7-gcc8-opt/lib/GX11TTF.pcm
2aaac652b000-2aaac65a2000 r--p 00000000 00:32 5352                       /cvmfs/sft.cern.ch/lcg/releases/ROOT/v6.20.06-3f7fd/x86_64-centos7-gcc8-opt/lib/GX11.pcm
2aaac65a2000-2aaac6663000 r--p 00000000 00:32 5325                       /cvmfs/sft.cern.ch/lcg/releases/ROOT/v6.20.06-3f7fd/x86_64-centos7-gcc8-opt/lib/ProofPlayer.pcm
2aaac6663000-2aaac69df000 r--p 00000000 00:32 5337                       /cvmfs/sft.cern.ch/lcg/releases/ROOT/v6.20.06-3f7fd/x86_64-centos7-gcc8-opt/lib/ROOTHistDraw.pcm
2aaac69df000-2aaac6f3b000 r--p 00000000 00:32 7523                       /cvmfs/sft.cern.ch/lcg/releases/ROOT/v6.20.06-3f7fd/x86_64-centos7-gcc8-opt/lib/ROOTGpadv7.pcm
2aaac6f3b000-2aaac71d1000 r--p 00000000 00:32 5244                       /cvmfs/sft.cern.ch/lcg/releases/ROOT/v6.20.06-3f7fd/x86_64-centos7-gcc8-opt/lib/ROOTHist.pcm
2aaac71d1000-2aaac7301000 r--p 00000000 00:32 5328                       /cvmfs/sft.cern.ch/lcg/releases/ROOT/v6.20.06-3f7fd/x86_64-centos7-gcc8-opt/lib/MathMore.pcm
2aaac7301000-2aaac7374000 r--p 00000000 00:32 4973                       /cvmfs/sft.cern.ch/lcg/releases/ROOT/v6.20.06-3f7fd/x86_64-centos7-gcc8-opt/lib/Netx.pcm
2aaac7374000-2aaac73e5000 r--p 00000000 00:32 6455                       /cvmfs/sft.cern.ch/lcg/releases/ROOT/v6.20.06-3f7fd/x86_64-centos7-gcc8-opt/lib/SpectrumPainter.pcm
2aaac73e5000-2aaac746f000 r--p 00000000 00:32 5321                       /cvmfs/sft.cern.ch/lcg/releases/ROOT/v6.20.06-3f7fd/x86_64-centos7-gcc8-opt/lib/NetxNG.pcm
2aaac746f000-2aaac74fa000 r--p 00000000 00:32 5265                       /cvmfs/sft.cern.ch/lcg/releases/ROOT/v6.20.06-3f7fd/x86_64-centos7-gcc8-opt/lib/Minuit.pcm
2aaac74fa000-2aaac84db000 r--p 00000000 00:32 5273                       /cvmfs/sft.cern.ch/lcg/releases/ROOT/v6.20.06-3f7fd/x86_64-centos7-gcc8-opt/lib/TMVA.pcm
2aaac84db000-2aaac9029000 r--p 00000000 00:32 5513                       /cvmfs/sft.cern.ch/lcg/releases/ROOT/v6.20.06-3f7fd/x86_64-centos7-gcc8-opt/lib/ROOTDataFrame.pcm
2aaac9029000-2aaac912a000 rw-p 00000000 00:00 0 
2aaac912a000-2aaac9671000 rw-p 00000000 00:00 0 
2aaac9671000-2aaac9783000 r--p 00000000 00:32 5368                       /cvmfs/sft.cern.ch/lcg/releases/ROOT/v6.20.06-3f7fd/x86_64-centos7-gcc8-opt/lib/ROOTFitPanelv7.pcm
2aaac9783000-2aaac9a3a000 r--p 00000000 00:32 5383                       /cvmfs/sft.cern.ch/lcg/releases/ROOT/v6.20.06-3f7fd/x86_64-centos7-gcc8-opt/lib/Smatrix.pcm
2aaac9a3a000-2aaac9abe000 r--p 00000000 00:32 5043                       /cvmfs/sft.cern.ch/lcg/releases/ROOT/v6.20.06-3f7fd/x86_64-centos7-gcc8-opt/lib/PyROOT.pcm
2aaac9abe000-2aaac9b65000 r--p 00000000 00:32 5395                       /cvmfs/sft.cern.ch/lcg/releases/ROOT/v6.20.06-3f7fd/x86_64-centos7-gcc8-opt/lib/SessionViewer.pcm
2aaac9b65000-2aaac9bf4000 r--p 00000000 00:32 4822                       /cvmfs/sft.cern.ch/lcg/releases/ROOT/v6.20.06-3f7fd/x86_64-centos7-gcc8-opt/lib/PyMVA.pcm
2aaac9bf4000-2aaac9c7f000 r--p 00000000 00:32 5345                       /cvmfs/sft.cern.ch/lcg/releases/ROOT/v6.20.06-3f7fd/x86_64-centos7-gcc8-opt/lib/HistPainter.pcm
2aaac9c7f000-2aaac9d4c000 r--p 00000000 00:32 5452                       /cvmfs/sft.cern.ch/lcg/releases/ROOT/v6.20.06-3f7fd/x86_64-centos7-gcc8-opt/lib/ProofDraw.pcm
2aaac9d4c000-2aaac9df8000 r--p 00000000 00:32 5277                       /cvmfs/sft.cern.ch/lcg/releases/ROOT/v6.20.06-3f7fd/x86_64-centos7-gcc8-opt/lib/Unuran.pcm
2aaac9df8000-2aaac9e8f000 r--p 00000000 00:32 5319                       /cvmfs/sft.cern.ch/lcg/releases/ROOT/v6.20.06-3f7fd/x86_64-centos7-gcc8-opt/lib/Quadp.pcm
2aaac9e8f000-2aaaca3a6000 r--p 00000000 00:32 5492                       /cvmfs/sft.cern.ch/lcg/releases/ROOT/v6.20.06-3f7fd/x86_64-centos7-gcc8-opt/lib/Eve.pcm
2aaaca3a6000-2aaaca455000 r--p 00000000 00:32 5862                       /cvmfs/sft.cern.ch/lcg/releases/ROOT/v6.20.06-3f7fd/x86_64-centos7-gcc8-opt/lib/TreeViewer.pcm
2aaaca455000-2aaaca4d8000 r--p 00000000 00:32 5308                       /cvmfs/sft.cern.ch/lcg/releases/ROOT/v6.20.06-3f7fd/x86_64-centos7-gcc8-opt/lib/GeomPainter.pcm
2aaaca4d8000-2aaacab60000 r--p 00000000 00:32 5291                       /cvmfs/sft.cern.ch/lcg/releases/ROOT/v6.20.06-3f7fd/x86_64-centos7-gcc8-opt/lib/ROOTNTuple.pcm
2aaacab60000-2aaacae5c000 r--p 00000000 00:32 5225                       /cvmfs/sft.cern.ch/lcg/releases/ROOT/v6.20.06-3f7fd/x86_64-centos7-gcc8-opt/lib/HistFactory.pcm
2aaacae5c000-2aaacbd32000 r--p 00000000 00:32 5401                       /cvmfs/sft.cern.ch/lcg/releases/ROOT/v6.20.06-3f7fd/x86_64-centos7-gcc8-opt/lib/RooFitCore.pcm
2aaacbd32000-2aaacbdb3000 r--p 00000000 00:32 5315                       /cvmfs/sft.cern.ch/lcg/releases/ROOT/v6.20.06-3f7fd/x86_64-centos7-gcc8-opt/lib/Foam.pcm
2aaacbdb3000-2aaacbe43000 r--p 00000000 00:32 5389                       /cvmfs/sft.cern.ch/lcg/releases/ROOT/v6.20.06-3f7fd/x86_64-centos7-gcc8-opt/lib/Spectrum.pcm
2aaacbe43000-2aaacbedc000 r--p 00000000 00:32 5399                       /cvmfs/sft.cern.ch/lcg/releases/ROOT/v6.20.06-3f7fd/x86_64-centos7-gcc8-opt/lib/GuiHtml.pcm
2aaacbedc000-2aaacbf65000 r--p 00000000 00:32 5446                       /cvmfs/sft.cern.ch/lcg/releases/ROOT/v6.20.06-3f7fd/x86_64-centos7-gcc8-opt/lib/Postscript.pcm
2aaacbf65000-2aaacbffc000 r--p 00000000 00:32 5367                       /cvmfs/sft.cern.ch/lcg/releases/ROOT/v6.20.06-3f7fd/x86_64-centos7-gcc8-opt/lib/TMVAGui.pcm
2aaacbffc000-2aaacc1a7000 r--p 00000000 00:32 5421                       /cvmfs/sft.cern.ch/lcg/releases/ROOT/v6.20.06-3f7fd/x86_64-centos7-gcc8-opt/lib/Html.pcm
2aaacc1a7000-2aaacc21b000 r--p 00000000 00:32 5005                       /cvmfs/sft.cern.ch/lcg/releases/ROOT/v6.20.06-3f7fd/x86_64-centos7-gcc8-opt/lib/Fumili.pcm
2aaacc21b000-2aaacc29a000 r--p 00000000 00:32 5324                       /cvmfs/sft.cern.ch/lcg/releases/ROOT/v6.20.06-3f7fd/x86_64-centos7-gcc8-opt/lib/RooFitMore.pcm
2aaacc29a000-2aaacc30c000 r--p 00000000 00:32 5360                       /cvmfs/sft.cern.ch/lcg/releases/ROOT/v6.20.06-3f7fd/x86_64-centos7-gcc8-opt/lib/X3d.pcm
2aaacc30c000-2aaacc7c6000 r--p 00000000 00:32 5275                       /cvmfs/sft.cern.ch/lcg/releases/ROOT/v6.20.06-3f7fd/x86_64-centos7-gcc8-opt/lib/Oracle.pcm
2aaacc7c6000-2aaacc902000 rw-p 00000000 00:00 0 
2aaacc902000-2aaacd65c000 r--p 00000000 00:32 5297                       /cvmfs/sft.cern.ch/lcg/releases/ROOT/v6.20.06-3f7fd/x86_64-centos7-gcc8-opt/lib/RooFit.pcm
2aaacd65c000-2aaacd9d6000 r--p 00000000 00:32 5267                       /cvmfs/sft.cern.ch/lcg/releases/ROOT/v6.20.06-3f7fd/x86_64-centos7-gcc8-opt/lib/RooStats.pcm
2aaacd9d6000-2aaacda4b000 r--p 00000000 00:32 5283                       /cvmfs/sft.cern.ch/lcg/releases/ROOT/v6.20.06-3f7fd/x86_64-centos7-gcc8-opt/lib/FFTW.pcm
2aaacda4b000-2aaacdaeb000 r--p 00000000 00:32 8077                       /cvmfs/sft.cern.ch/lcg/releases/ROOT/v6.20.06-3f7fd/x86_64-centos7-gcc8-opt/lib/SQLIO.pcm
2aaacdaeb000-2aaacdb66000 r--p 00000000 00:32 5310                       /cvmfs/sft.cern.ch/lcg/releases/ROOT/v6.20.06-3f7fd/x86_64-centos7-gcc8-opt/lib/ASImage.pcm
2aaacdb66000-2aaacdc0d000 r--p 00000000 00:32 5309                       /cvmfs/sft.cern.ch/lcg/releases/ROOT/v6.20.06-3f7fd/x86_64-centos7-gcc8-opt/lib/Proofx.pcm
2aaacdc0d000-2aaacdeb0000 r--p 00000000 00:32 5108                       /cvmfs/sft.cern.ch/lcg/releases/ROOT/v6.20.06-3f7fd/x86_64-centos7-gcc8-opt/lib/Minuit2.pcm
2aaacdeb0000-2aaacdf2a000 r--p 00000000 00:32 5351                       /cvmfs/sft.cern.ch/lcg/releases/ROOT/v6.20.06-3f7fd/x86_64-centos7-gcc8-opt/lib/MLP.pcm
2aaacdf2a000-2aaace1ce000 r--p 00000000 00:32 5422                       /cvmfs/sft.cern.ch/lcg/releases/ROOT/v6.20.06-3f7fd/x86_64-centos7-gcc8-opt/lib/GenVector.pcm
2aaace1ce000-2aaace374000 r--p 00000000 00:32 5409                       /cvmfs/sft.cern.ch/lcg/releases/ROOT/v6.20.06-3f7fd/x86_64-centos7-gcc8-opt/lib/ROOTBrowserv7.pcm
2aaace374000-2aaace3ef000 r--p 00000000 00:32 5385                       /cvmfs/sft.cern.ch/lcg/releases/ROOT/v6.20.06-3f7fd/x86_64-centos7-gcc8-opt/lib/RootAuth.pcm
2aaace3ef000-2aaace460000 r--p 00000000 00:32 5318                       /cvmfs/sft.cern.ch/lcg/releases/ROOT/v6.20.06-3f7fd/x86_64-centos7-gcc8-opt/lib/ASImageGui.pcm
2aaace460000-2aaace4e2000 r--p 00000000 00:32 5370                       /cvmfs/sft.cern.ch/lcg/releases/ROOT/v6.20.06-3f7fd/x86_64-centos7-gcc8-opt/lib/Gviz3d.pcm
2aaace4e2000-2aaace578000 r--p 00000000 00:32 4871                       /cvmfs/sft.cern.ch/lcg/releases/ROOT/v6.20.06-3f7fd/x86_64-centos7-gcc8-opt/lib/ROOTGraphicsPrimitives.pcm
2aaace578000-2aaace598000 r-xp 00000000 fd:00 132650                     /usr/lib64/ld-2.17.so
2aaace598000-2aaace798000 ---p 00020000 fd:00 132650                     /usr/lib64/ld-2.17.so
2aaace798000-2aaace799000 r--p 00020000 fd:00 132650                     /usr/lib64/ld-2.17.so
2aaace799000-2aaace79a000 rw-p 00021000 fd:00 132650                     /usr/lib64/ld-2.17.so
2aaace79a000-2aaace79b000 rw-p 00000000 00:00 0 
7ffea2aaa000-7ffea2ad0000 rw-p 00000000 00:00 0                          [stack]
7ffea2af1000-7ffea2af3000 r-xp 00000000 00:00 0                          [vdso]
ffffffffff600000-ffffffffff601000 r-xp 00000000 00:00 0                  [vsyscall]
