Error in <TChain::SetBranchAddress>: unknown branch -> HLT_mb_sptrk_decision
Error in <TChain::SetBranchAddress>: unknown branch -> HLT_mb_sptrk_prescale
Error in <TTree::SetBranchStatus>: unknown branch -> HLT_mb_sptrk_decision
Error in <TTree::SetBranchStatus>: unknown branch -> HLT_mb_sptrk_prescale
Error in <TTree::SetBranchStatus>: unknown branch -> HLT_mb_sptrk_decision
Error in <TTree::SetBranchStatus>: unknown branch -> HLT_mb_sptrk_prescale
Error in <TTree::SetBranchStatus>: unknown branch -> HLT_mb_sptrk_decision
Error in <TTree::SetBranchStatus>: unknown branch -> HLT_mb_sptrk_prescale
Error in <TTree::SetBranchStatus>: unknown branch -> HLT_mb_sptrk_decision
Error in <TTree::SetBranchStatus>: unknown branch -> HLT_mb_sptrk_prescale
Error in <TTree::SetBranchStatus>: unknown branch -> HLT_mb_sptrk_decision
Error in <TTree::SetBranchStatus>: unknown branch -> HLT_mb_sptrk_prescale
Error in <TTree::SetBranchStatus>: unknown branch -> HLT_mb_sptrk_decision
Error in <TTree::SetBranchStatus>: unknown branch -> HLT_mb_sptrk_prescale
Error in <TTree::SetBranchStatus>: unknown branch -> HLT_mb_sptrk_decision
Error in <TTree::SetBranchStatus>: unknown branch -> HLT_mb_sptrk_prescale
Error in <TTree::SetBranchStatus>: unknown branch -> HLT_mb_sptrk_decision
Error in <TTree::SetBranchStatus>: unknown branch -> HLT_mb_sptrk_prescale
Error in <TTree::SetBranchStatus>: unknown branch -> HLT_mb_sptrk_decision
Error in <TTree::SetBranchStatus>: unknown branch -> HLT_mb_sptrk_prescale
Error in <TTree::SetBranchStatus>: unknown branch -> HLT_mb_sptrk_decision
Error in <TTree::SetBranchStatus>: unknown branch -> HLT_mb_sptrk_prescale
Error in <TTree::SetBranchStatus>: unknown branch -> HLT_mb_sptrk_decision
Error in <TTree::SetBranchStatus>: unknown branch -> HLT_mb_sptrk_prescale
Error in <TTree::SetBranchStatus>: unknown branch -> HLT_mb_sptrk_decision
Error in <TTree::SetBranchStatus>: unknown branch -> HLT_mb_sptrk_prescale
Error in <TTree::SetBranchStatus>: unknown branch -> HLT_mb_sptrk_decision
Error in <TTree::SetBranchStatus>: unknown branch -> HLT_mb_sptrk_prescale
Error in <TTree::SetBranchStatus>: unknown branch -> HLT_mb_sptrk_decision
Error in <TTree::SetBranchStatus>: unknown branch -> HLT_mb_sptrk_prescale
Error in <TTree::SetBranchStatus>: unknown branch -> HLT_mb_sptrk_decision
Error in <TTree::SetBranchStatus>: unknown branch -> HLT_mb_sptrk_prescale
Error in <TTree::SetBranchStatus>: unknown branch -> HLT_mb_sptrk_decision
Error in <TTree::SetBranchStatus>: unknown branch -> HLT_mb_sptrk_prescale
Error in <TTree::SetBranchStatus>: unknown branch -> HLT_mb_sptrk_decision
Error in <TTree::SetBranchStatus>: unknown branch -> HLT_mb_sptrk_prescale
Error in <TTree::SetBranchStatus>: unknown branch -> HLT_mb_sptrk_decision
Error in <TTree::SetBranchStatus>: unknown branch -> HLT_mb_sptrk_prescale
Error in <TTree::SetBranchStatus>: unknown branch -> HLT_mb_sptrk_decision
Error in <TTree::SetBranchStatus>: unknown branch -> HLT_mb_sptrk_prescale
Error in <TTree::SetBranchStatus>: unknown branch -> HLT_mb_sptrk_decision
Error in <TTree::SetBranchStatus>: unknown branch -> HLT_mb_sptrk_prescale
Error in <TTree::SetBranchStatus>: unknown branch -> HLT_mb_sptrk_decision
Error in <TTree::SetBranchStatus>: unknown branch -> HLT_mb_sptrk_prescale
Error in <TTree::SetBranchStatus>: unknown branch -> HLT_mb_sptrk_decision
Error in <TTree::SetBranchStatus>: unknown branch -> HLT_mb_sptrk_prescale
Error in <TTree::SetBranchStatus>: unknown branch -> HLT_mb_sptrk_decision
Error in <TTree::SetBranchStatus>: unknown branch -> HLT_mb_sptrk_prescale
Error in <TTree::SetBranchStatus>: unknown branch -> HLT_mb_sptrk_decision
Error in <TTree::SetBranchStatus>: unknown branch -> HLT_mb_sptrk_prescale
Error in <TTree::SetBranchStatus>: unknown branch -> HLT_mb_sptrk_decision
Error in <TTree::SetBranchStatus>: unknown branch -> HLT_mb_sptrk_prescale
Error in <TTree::SetBranchStatus>: unknown branch -> HLT_mb_sptrk_decision
Error in <TTree::SetBranchStatus>: unknown branch -> HLT_mb_sptrk_prescale
Error in <TTree::SetBranchStatus>: unknown branch -> HLT_mb_sptrk_decision
Error in <TTree::SetBranchStatus>: unknown branch -> HLT_mb_sptrk_prescale
Error in <TTree::SetBranchStatus>: unknown branch -> HLT_mb_sptrk_decision
Error in <TTree::SetBranchStatus>: unknown branch -> HLT_mb_sptrk_prescale
Error in <TTree::SetBranchStatus>: unknown branch -> HLT_mb_sptrk_decision
Error in <TTree::SetBranchStatus>: unknown branch -> HLT_mb_sptrk_prescale
Error in <TTree::SetBranchStatus>: unknown branch -> HLT_mb_sptrk_decision
Error in <TTree::SetBranchStatus>: unknown branch -> HLT_mb_sptrk_prescale
Error in <TTree::SetBranchStatus>: unknown branch -> HLT_mb_sptrk_decision
Error in <TTree::SetBranchStatus>: unknown branch -> HLT_mb_sptrk_prescale
Error in <TTree::SetBranchStatus>: unknown branch -> HLT_mb_sptrk_decision
Error in <TTree::SetBranchStatus>: unknown branch -> HLT_mb_sptrk_prescale
Error in <TTree::SetBranchStatus>: unknown branch -> HLT_mb_sptrk_decision
Error in <TTree::SetBranchStatus>: unknown branch -> HLT_mb_sptrk_prescale
Error in <TTree::SetBranchStatus>: unknown branch -> HLT_mb_sptrk_decision
Error in <TTree::SetBranchStatus>: unknown branch -> HLT_mb_sptrk_prescale
Error in <TTree::SetBranchStatus>: unknown branch -> HLT_mb_sptrk_decision
Error in <TTree::SetBranchStatus>: unknown branch -> HLT_mb_sptrk_prescale
Error in <TTree::SetBranchStatus>: unknown branch -> HLT_mb_sptrk_decision
Error in <TTree::SetBranchStatus>: unknown branch -> HLT_mb_sptrk_prescale
Error in <TTree::SetBranchStatus>: unknown branch -> HLT_mb_sptrk_decision
Error in <TTree::SetBranchStatus>: unknown branch -> HLT_mb_sptrk_prescale
*** Error in `condor_exec.exe': double free or corruption (fasttop): 0x000000000173a720 ***
======= Backtrace: =========
/usr/lib64/libc.so.6(+0x7c503)[0x2b9f46ba4503]
/usr/lib64/libc.so.6(__cxa_finalize+0x9a)[0x2b9f46b60dba]
/atlasgpfs01/usatlas/workarea/jeff/HadronYieldsAnalysis/lib/libJetHadronSkimmer.so(+0xa9a3)[0x2b9f4584b9a3]
======= Memory map: ========
00400000-0040b000 r-xp 00000000 00:36 5086146                            /gpfs/mnt/atlasgpfs01/usatlas/workarea/jeff/HadronYieldsAnalysis/bin/run.exe
0060a000-0060b000 r--p 0000a000 00:36 5086146                            /gpfs/mnt/atlasgpfs01/usatlas/workarea/jeff/HadronYieldsAnalysis/bin/run.exe
0060b000-0060c000 rw-p 0000b000 00:36 5086146                            /gpfs/mnt/atlasgpfs01/usatlas/workarea/jeff/HadronYieldsAnalysis/bin/run.exe
0060c000-007dc000 rw-p 00000000 00:00 0 
01660000-0ef90000 rw-p 00000000 00:00 0                                  [heap]
2b9f40329000-2b9f40349000 r-xp 00000000 fd:00 3540522                    /usr/lib64/ld-2.17.so
2b9f40349000-2b9f403aa000 rw-p 00000000 00:00 0 
2b9f403da000-2b9f404a9000 rw-p 00000000 00:00 0 
2b9f404da000-2b9f4052b000 rw-p 00000000 00:00 0 
2b9f4052b000-2b9f40538000 r--p 00000000 00:38 5044                       /cvmfs/sft.cern.ch/lcg/releases/ROOT/v6.20.06-3f7fd/x86_64-centos7-gcc8-opt/lib/xlocale.h.pcm
2b9f40538000-2b9f40545000 r--p 00000000 00:38 5506                       /cvmfs/sft.cern.ch/lcg/releases/ROOT/v6.20.06-3f7fd/x86_64-centos7-gcc8-opt/lib/_Builtin_stddef_max_align_t.pcm
2b9f40549000-2b9f4054a000 r--p 00020000 fd:00 3540522                    /usr/lib64/ld-2.17.so
2b9f4054a000-2b9f4054b000 rw-p 00021000 fd:00 3540522                    /usr/lib64/ld-2.17.so
2b9f4054b000-2b9f4054c000 rw-p 00000000 00:00 0 
2b9f4054c000-2b9f409ab000 r-xp 00000000 00:38 5253                       /cvmfs/sft.cern.ch/lcg/releases/ROOT/v6.20.06-3f7fd/x86_64-centos7-gcc8-opt/lib/libGui.so
2b9f409ab000-2b9f40bab000 ---p 0045f000 00:38 5253                       /cvmfs/sft.cern.ch/lcg/releases/ROOT/v6.20.06-3f7fd/x86_64-centos7-gcc8-opt/lib/libGui.so
2b9f40bab000-2b9f40bf7000 r--p 0045f000 00:38 5253                       /cvmfs/sft.cern.ch/lcg/releases/ROOT/v6.20.06-3f7fd/x86_64-centos7-gcc8-opt/lib/libGui.so
2b9f40bf7000-2b9f40bfc000 rw-p 004ab000 00:38 5253                       /cvmfs/sft.cern.ch/lcg/releases/ROOT/v6.20.06-3f7fd/x86_64-centos7-gcc8-opt/lib/libGui.so
2b9f40bfc000-2b9f40c0d000 rw-p 00000000 00:00 0 
2b9f40c0d000-2b9f410e2000 r-xp 00000000 00:38 5344                       /cvmfs/sft.cern.ch/lcg/releases/ROOT/v6.20.06-3f7fd/x86_64-centos7-gcc8-opt/lib/libCore.so
2b9f410e2000-2b9f412e1000 ---p 004d5000 00:38 5344                       /cvmfs/sft.cern.ch/lcg/releases/ROOT/v6.20.06-3f7fd/x86_64-centos7-gcc8-opt/lib/libCore.so
2b9f412e1000-2b9f4130b000 r--p 004d4000 00:38 5344                       /cvmfs/sft.cern.ch/lcg/releases/ROOT/v6.20.06-3f7fd/x86_64-centos7-gcc8-opt/lib/libCore.so
2b9f4130b000-2b9f41311000 rw-p 004fe000 00:38 5344                       /cvmfs/sft.cern.ch/lcg/releases/ROOT/v6.20.06-3f7fd/x86_64-centos7-gcc8-opt/lib/libCore.so
2b9f41311000-2b9f41345000 rw-p 00000000 00:00 0 
2b9f41345000-2b9f41353000 r-xp 00000000 00:38 5293                       /cvmfs/sft.cern.ch/lcg/releases/ROOT/v6.20.06-3f7fd/x86_64-centos7-gcc8-opt/lib/libImt.so
2b9f41353000-2b9f41552000 ---p 0000e000 00:38 5293                       /cvmfs/sft.cern.ch/lcg/releases/ROOT/v6.20.06-3f7fd/x86_64-centos7-gcc8-opt/lib/libImt.so
2b9f41552000-2b9f41553000 r--p 0000d000 00:38 5293                       /cvmfs/sft.cern.ch/lcg/releases/ROOT/v6.20.06-3f7fd/x86_64-centos7-gcc8-opt/lib/libImt.so
2b9f41553000-2b9f41554000 rw-p 0000e000 00:38 5293                       /cvmfs/sft.cern.ch/lcg/releases/ROOT/v6.20.06-3f7fd/x86_64-centos7-gcc8-opt/lib/libImt.so
2b9f41554000-2b9f418e8000 r-xp 00000000 00:38 6317                       /cvmfs/sft.cern.ch/lcg/releases/ROOT/v6.20.06-3f7fd/x86_64-centos7-gcc8-opt/lib/libRIO.so
2b9f418e8000-2b9f41ae8000 ---p 00394000 00:38 6317                       /cvmfs/sft.cern.ch/lcg/releases/ROOT/v6.20.06-3f7fd/x86_64-centos7-gcc8-opt/lib/libRIO.so
2b9f41ae8000-2b9f41af5000 r--p 00394000 00:38 6317                       /cvmfs/sft.cern.ch/lcg/releases/ROOT/v6.20.06-3f7fd/x86_64-centos7-gcc8-opt/lib/libRIO.so
2b9f41af5000-2b9f41af8000 rw-p 003a1000 00:38 6317                       /cvmfs/sft.cern.ch/lcg/releases/ROOT/v6.20.06-3f7fd/x86_64-centos7-gcc8-opt/lib/libRIO.so
2b9f41af8000-2b9f41afb000 rw-p 00000000 00:00 0 
2b9f41afb000-2b9f41bc6000 r-xp 00000000 00:38 5545                       /cvmfs/sft.cern.ch/lcg/releases/ROOT/v6.20.06-3f7fd/x86_64-centos7-gcc8-opt/lib/libNet.so
2b9f41bc6000-2b9f41dc5000 ---p 000cb000 00:38 5545                       /cvmfs/sft.cern.ch/lcg/releases/ROOT/v6.20.06-3f7fd/x86_64-centos7-gcc8-opt/lib/libNet.so
2b9f41dc5000-2b9f41dd1000 r--p 000ca000 00:38 5545                       /cvmfs/sft.cern.ch/lcg/releases/ROOT/v6.20.06-3f7fd/x86_64-centos7-gcc8-opt/lib/libNet.so
2b9f41dd1000-2b9f41dd3000 rw-p 000d6000 00:38 5545                       /cvmfs/sft.cern.ch/lcg/releases/ROOT/v6.20.06-3f7fd/x86_64-centos7-gcc8-opt/lib/libNet.so
2b9f41dd3000-2b9f41dda000 rw-p 00000000 00:00 0 
2b9f41dda000-2b9f42197000 r-xp 00000000 00:38 5454                       /cvmfs/sft.cern.ch/lcg/releases/ROOT/v6.20.06-3f7fd/x86_64-centos7-gcc8-opt/lib/libHist.so
2b9f42197000-2b9f42396000 ---p 003bd000 00:38 5454                       /cvmfs/sft.cern.ch/lcg/releases/ROOT/v6.20.06-3f7fd/x86_64-centos7-gcc8-opt/lib/libHist.so
2b9f42396000-2b9f423c0000 r--p 003bc000 00:38 5454                       /cvmfs/sft.cern.ch/lcg/releases/ROOT/v6.20.06-3f7fd/x86_64-centos7-gcc8-opt/lib/libHist.so
2b9f423c0000-2b9f423c4000 rw-p 003e6000 00:38 5454                       /cvmfs/sft.cern.ch/lcg/releases/ROOT/v6.20.06-3f7fd/x86_64-centos7-gcc8-opt/lib/libHist.so
2b9f423c4000-2b9f423cf000 rw-p 00000000 00:00 0 
2b9f423cf000-2b9f42519000 r-xp 00000000 00:38 5062                       /cvmfs/sft.cern.ch/lcg/releases/ROOT/v6.20.06-3f7fd/x86_64-centos7-gcc8-opt/lib/libGraf.so
2b9f42519000-2b9f42718000 ---p 0014a000 00:38 5062                       /cvmfs/sft.cern.ch/lcg/releases/ROOT/v6.20.06-3f7fd/x86_64-centos7-gcc8-opt/lib/libGraf.so
2b9f42718000-2b9f42726000 r--p 00149000 00:38 5062                       /cvmfs/sft.cern.ch/lcg/releases/ROOT/v6.20.06-3f7fd/x86_64-centos7-gcc8-opt/lib/libGraf.so
2b9f42726000-2b9f4272a000 rw-p 00157000 00:38 5062                       /cvmfs/sft.cern.ch/lcg/releases/ROOT/v6.20.06-3f7fd/x86_64-centos7-gcc8-opt/lib/libGraf.so
2b9f4272a000-2b9f42738000 rw-p 00000000 00:00 0 
2b9f42738000-2b9f427d7000 r-xp 00000000 00:38 5416                       /cvmfs/sft.cern.ch/lcg/releases/ROOT/v6.20.06-3f7fd/x86_64-centos7-gcc8-opt/lib/libGraf3d.so
2b9f427d7000-2b9f429d6000 ---p 0009f000 00:38 5416                       /cvmfs/sft.cern.ch/lcg/releases/ROOT/v6.20.06-3f7fd/x86_64-centos7-gcc8-opt/lib/libGraf3d.so
2b9f429d6000-2b9f429e0000 r--p 0009e000 00:38 5416                       /cvmfs/sft.cern.ch/lcg/releases/ROOT/v6.20.06-3f7fd/x86_64-centos7-gcc8-opt/lib/libGraf3d.so
2b9f429e0000-2b9f429e1000 rw-p 000a8000 00:38 5416                       /cvmfs/sft.cern.ch/lcg/releases/ROOT/v6.20.06-3f7fd/x86_64-centos7-gcc8-opt/lib/libGraf3d.so
2b9f429e1000-2b9f429e5000 rw-p 00000000 00:00 0 
2b9f429e5000-2b9f42ac0000 r-xp 00000000 00:38 5089                       /cvmfs/sft.cern.ch/lcg/releases/ROOT/v6.20.06-3f7fd/x86_64-centos7-gcc8-opt/lib/libGpad.so
2b9f42ac0000-2b9f42cbf000 ---p 000db000 00:38 5089                       /cvmfs/sft.cern.ch/lcg/releases/ROOT/v6.20.06-3f7fd/x86_64-centos7-gcc8-opt/lib/libGpad.so
2b9f42cbf000-2b9f42cc9000 r--p 000da000 00:38 5089                       /cvmfs/sft.cern.ch/lcg/releases/ROOT/v6.20.06-3f7fd/x86_64-centos7-gcc8-opt/lib/libGpad.so
2b9f42cc9000-2b9f42ccb000 rw-p 000e4000 00:38 5089                       /cvmfs/sft.cern.ch/lcg/releases/ROOT/v6.20.06-3f7fd/x86_64-centos7-gcc8-opt/lib/libGpad.so
2b9f42ccb000-2b9f42ccc000 rw-p 00000000 00:00 0 
2b9f42ccc000-2b9f42da1000 r-xp 00000000 00:38 5012                       /cvmfs/sft.cern.ch/lcg/releases/ROOT/v6.20.06-3f7fd/x86_64-centos7-gcc8-opt/lib/libROOTVecOps.so
2b9f42da1000-2b9f42fa0000 ---p 000d5000 00:38 5012                       /cvmfs/sft.cern.ch/lcg/releases/ROOT/v6.20.06-3f7fd/x86_64-centos7-gcc8-opt/lib/libROOTVecOps.so
2b9f42fa0000-2b9f42fa2000 r--p 000d4000 00:38 5012                       /cvmfs/sft.cern.ch/lcg/releases/ROOT/v6.20.06-3f7fd/x86_64-centos7-gcc8-opt/lib/libROOTVecOps.so
2b9f42fa2000-2b9f42fa3000 rw-p 000d6000 00:38 5012                       /cvmfs/sft.cern.ch/lcg/releases/ROOT/v6.20.06-3f7fd/x86_64-centos7-gcc8-opt/lib/libROOTVecOps.so
2b9f42fa3000-2b9f42fa5000 rw-p 00000000 00:00 0 
2b9f42fa5000-2b9f4310f000 r-xp 00000000 00:38 5467                       /cvmfs/sft.cern.ch/lcg/releases/ROOT/v6.20.06-3f7fd/x86_64-centos7-gcc8-opt/lib/libTree.so
2b9f4310f000-2b9f4330e000 ---p 0016a000 00:38 5467                       /cvmfs/sft.cern.ch/lcg/releases/ROOT/v6.20.06-3f7fd/x86_64-centos7-gcc8-opt/lib/libTree.so
2b9f4330e000-2b9f4331e000 r--p 00169000 00:38 5467                       /cvmfs/sft.cern.ch/lcg/releases/ROOT/v6.20.06-3f7fd/x86_64-centos7-gcc8-opt/lib/libTree.so
2b9f4331e000-2b9f43321000 rw-p 00179000 00:38 5467                       /cvmfs/sft.cern.ch/lcg/releases/ROOT/v6.20.06-3f7fd/x86_64-centos7-gcc8-opt/lib/libTree.so
2b9f43321000-2b9f43325000 rw-p 00000000 00:00 0 
2b9f43325000-2b9f43499000 r-xp 00000000 00:38 5262                       /cvmfs/sft.cern.ch/lcg/releases/ROOT/v6.20.06-3f7fd/x86_64-centos7-gcc8-opt/lib/libTreePlayer.so
2b9f43499000-2b9f43698000 ---p 00174000 00:38 5262                       /cvmfs/sft.cern.ch/lcg/releases/ROOT/v6.20.06-3f7fd/x86_64-centos7-gcc8-opt/lib/libTreePlayer.so
2b9f43698000-2b9f436a3000 r--p 00173000 00:38 5262                       /cvmfs/sft.cern.ch/lcg/releases/ROOT/v6.20.06-3f7fd/x86_64-centos7-gcc8-opt/lib/libTreePlayer.so
2b9f436a3000-2b9f436a5000 rw-p 0017e000 00:38 5262                       /cvmfs/sft.cern.ch/lcg/releases/ROOT/v6.20.06-3f7fd/x86_64-centos7-gcc8-opt/lib/libTreePlayer.so
2b9f436a5000-2b9f436ac000 rw-p 00000000 00:00 0 
2b9f436ac000-2b9f436d3000 r-xp 00000000 00:38 5074                       /cvmfs/sft.cern.ch/lcg/releases/ROOT/v6.20.06-3f7fd/x86_64-centos7-gcc8-opt/lib/libRint.so
2b9f436d3000-2b9f438d2000 ---p 00027000 00:38 5074                       /cvmfs/sft.cern.ch/lcg/releases/ROOT/v6.20.06-3f7fd/x86_64-centos7-gcc8-opt/lib/libRint.so
2b9f438d2000-2b9f438d4000 r--p 00026000 00:38 5074                       /cvmfs/sft.cern.ch/lcg/releases/ROOT/v6.20.06-3f7fd/x86_64-centos7-gcc8-opt/lib/libRint.so
2b9f438d4000-2b9f438d5000 rw-p 00028000 00:38 5074                       /cvmfs/sft.cern.ch/lcg/releases/ROOT/v6.20.06-3f7fd/x86_64-centos7-gcc8-opt/lib/libRint.so
2b9f438d5000-2b9f43944000 r-xp 00000000 00:38 5439                       /cvmfs/sft.cern.ch/lcg/releases/ROOT/v6.20.06-3f7fd/x86_64-centos7-gcc8-opt/lib/libPostscript.so
2b9f43944000-2b9f43b44000 ---p 0006f000 00:38 5439                       /cvmfs/sft.cern.ch/lcg/releases/ROOT/v6.20.06-3f7fd/x86_64-centos7-gcc8-opt/lib/libPostscript.so
2b9f43b44000-2b9f43b4b000 r--p 0006f000 00:38 5439                       /cvmfs/sft.cern.ch/lcg/releases/ROOT/v6.20.06-3f7fd/x86_64-centos7-gcc8-opt/lib/libPostscript.so
2b9f43b4b000-2b9f43b4c000 rw-p 00076000 00:38 5439                       /cvmfs/sft.cern.ch/lcg/releases/ROOT/v6.20.06-3f7fd/x86_64-centos7-gcc8-opt/lib/libPostscript.so
2b9f43b4c000-2b9f43b4d000 rw-p 00000000 00:00 0 
2b9f43b4d000-2b9f43cb8000 r-xp 00000000 00:38 5481                       /cvmfs/sft.cern.ch/lcg/releases/ROOT/v6.20.06-3f7fd/x86_64-centos7-gcc8-opt/lib/libMatrix.so
2b9f43cb8000-2b9f43eb7000 ---p 0016b000 00:38 5481                       /cvmfs/sft.cern.ch/lcg/releases/ROOT/v6.20.06-3f7fd/x86_64-centos7-gcc8-opt/lib/libMatrix.so
2b9f43eb7000-2b9f43ebf000 r--p 0016a000 00:38 5481                       /cvmfs/sft.cern.ch/lcg/releases/ROOT/v6.20.06-3f7fd/x86_64-centos7-gcc8-opt/lib/libMatrix.so
2b9f43ebf000-2b9f43ec1000 rw-p 00172000 00:38 5481                       /cvmfs/sft.cern.ch/lcg/releases/ROOT/v6.20.06-3f7fd/x86_64-centos7-gcc8-opt/lib/libMatrix.so
2b9f43ec1000-2b9f43ec5000 rw-p 00000000 00:00 0 
2b9f43ec5000-2b9f43f0d000 r-xp 00000000 00:38 5097                       /cvmfs/sft.cern.ch/lcg/releases/ROOT/v6.20.06-3f7fd/x86_64-centos7-gcc8-opt/lib/libPhysics.so
2b9f43f0d000-2b9f4410d000 ---p 00048000 00:38 5097                       /cvmfs/sft.cern.ch/lcg/releases/ROOT/v6.20.06-3f7fd/x86_64-centos7-gcc8-opt/lib/libPhysics.so
2b9f4410d000-2b9f44110000 r--p 00048000 00:38 5097                       /cvmfs/sft.cern.ch/lcg/releases/ROOT/v6.20.06-3f7fd/x86_64-centos7-gcc8-opt/lib/libPhysics.so
2b9f44110000-2b9f44111000 rw-p 0004b000 00:38 5097                       /cvmfs/sft.cern.ch/lcg/releases/ROOT/v6.20.06-3f7fd/x86_64-centos7-gcc8-opt/lib/libPhysics.so
2b9f44111000-2b9f44112000 rw-p 00000000 00:00 0 
2b9f44112000-2b9f4430f000 r-xp 00000000 00:38 4860                       /cvmfs/sft.cern.ch/lcg/releases/ROOT/v6.20.06-3f7fd/x86_64-centos7-gcc8-opt/lib/libMathCore.so
2b9f4430f000-2b9f4450f000 ---p 001fd000 00:38 4860                       /cvmfs/sft.cern.ch/lcg/releases/ROOT/v6.20.06-3f7fd/x86_64-centos7-gcc8-opt/lib/libMathCore.so
2b9f4450f000-2b9f44519000 r--p 001fd000 00:38 4860                       /cvmfs/sft.cern.ch/lcg/releases/ROOT/v6.20.06-3f7fd/x86_64-centos7-gcc8-opt/lib/libMathCore.so
2b9f44519000-2b9f4451c000 rw-p 00207000 00:38 4860                       /cvmfs/sft.cern.ch/lcg/releases/ROOT/v6.20.06-3f7fd/x86_64-centos7-gcc8-opt/lib/libMathCore.so
2b9f4451c000-2b9f44525000 rw-p 00000000 00:00 0 
2b9f44525000-2b9f44574000 r-xp 00000000 00:38 5100                       /cvmfs/sft.cern.ch/lcg/releases/ROOT/v6.20.06-3f7fd/x86_64-centos7-gcc8-opt/lib/libThread.so
2b9f44574000-2b9f44773000 ---p 0004f000 00:38 5100                       /cvmfs/sft.cern.ch/lcg/releases/ROOT/v6.20.06-3f7fd/x86_64-centos7-gcc8-opt/lib/libThread.so
2b9f44773000-2b9f44777000 r--p 0004e000 00:38 5100                       /cvmfs/sft.cern.ch/lcg/releases/ROOT/v6.20.06-3f7fd/x86_64-centos7-gcc8-opt/lib/libThread.so
2b9f44777000-2b9f44778000 rw-p 00052000 00:38 5100                       /cvmfs/sft.cern.ch/lcg/releases/ROOT/v6.20.06-3f7fd/x86_64-centos7-gcc8-opt/lib/libThread.so
2b9f44778000-2b9f4477a000 rw-p 00000000 00:00 0 
2b9f4477a000-2b9f44786000 r-xp 00000000 00:38 5320                       /cvmfs/sft.cern.ch/lcg/releases/ROOT/v6.20.06-3f7fd/x86_64-centos7-gcc8-opt/lib/libMultiProc.so
2b9f44786000-2b9f44985000 ---p 0000c000 00:38 5320                       /cvmfs/sft.cern.ch/lcg/releases/ROOT/v6.20.06-3f7fd/x86_64-centos7-gcc8-opt/lib/libMultiProc.so
2b9f44985000-2b9f44986000 r--p 0000b000 00:38 5320                       /cvmfs/sft.cern.ch/lcg/releases/ROOT/v6.20.06-3f7fd/x86_64-centos7-gcc8-opt/lib/libMultiProc.so
2b9f44986000-2b9f44987000 rw-p 0000c000 00:38 5320                       /cvmfs/sft.cern.ch/lcg/releases/ROOT/v6.20.06-3f7fd/x86_64-centos7-gcc8-opt/lib/libMultiProc.so
2b9f44987000-2b9f44a39000 r-xp 00000000 00:38 5105                       /cvmfs/sft.cern.ch/lcg/releases/ROOT/v6.20.06-3f7fd/x86_64-centos7-gcc8-opt/lib/libROOTDataFrame.so
2b9f44a39000-2b9f44c39000 ---p 000b2000 00:38 5105                       /cvmfs/sft.cern.ch/lcg/releases/ROOT/v6.20.06-3f7fd/x86_64-centos7-gcc8-opt/lib/libROOTDataFrame.so
2b9f44c39000-2b9f44c3c000 r--p 000b2000 00:38 5105                       /cvmfs/sft.cern.ch/lcg/releases/ROOT/v6.20.06-3f7fd/x86_64-centos7-gcc8-opt/lib/libROOTDataFrame.so
2b9f44c3c000-2b9f44c3e000 rw-p 000b5000 00:38 5105                       /cvmfs/sft.cern.ch/lcg/releases/ROOT/v6.20.06-3f7fd/x86_64-centos7-gcc8-opt/lib/libROOTDataFrame.so
2b9f44c3e000-2b9f44c41000 rw-p 00000000 00:00 0 
2b9f44c41000-2b9f44c43000 r-xp 00000000 fd:00 3540535                    /usr/lib64/libdl-2.17.so
2b9f44c43000-2b9f44e43000 ---p 00002000 fd:00 3540535                    /usr/lib64/libdl-2.17.so
2b9f44e43000-2b9f44e44000 r--p 00002000 fd:00 3540535                    /usr/lib64/libdl-2.17.so
2b9f44e44000-2b9f44e45000 rw-p 00003000 fd:00 3540535                    /usr/lib64/libdl-2.17.so
2b9f44e45000-2b9f44e54000 r-xp 00000000 00:37 3362007893                 /direct/usatlas+u/jeff/RootUtilities/lib/libUtilities.so
2b9f44e54000-2b9f45053000 ---p 0000f000 00:37 3362007893                 /direct/usatlas+u/jeff/RootUtilities/lib/libUtilities.so
2b9f45053000-2b9f45054000 r--p 0000e000 00:37 3362007893                 /direct/usatlas+u/jeff/RootUtilities/lib/libUtilities.so
2b9f45054000-2b9f45055000 rw-p 0000f000 00:37 3362007893                 /direct/usatlas+u/jeff/RootUtilities/lib/libUtilities.so
2b9f45055000-2b9f4505d000 r-xp 00000000 00:36 56323298                   /gpfs/mnt/atlasgpfs01/usatlas/workarea/jeff/atlas-hi/lib/libAtlasUtils.so
2b9f4505d000-2b9f4525c000 ---p 00008000 00:36 56323298                   /gpfs/mnt/atlasgpfs01/usatlas/workarea/jeff/atlas-hi/lib/libAtlasUtils.so
2b9f4525c000-2b9f4525d000 r--p 00007000 00:36 56323298                   /gpfs/mnt/atlasgpfs01/usatlas/workarea/jeff/atlas-hi/lib/libAtlasUtils.so
2b9f4525d000-2b9f4525e000 rw-p 00008000 00:36 56323298                   /gpfs/mnt/atlasgpfs01/usatlas/workarea/jeff/atlas-hi/lib/libAtlasUtils.so
2b9f4525e000-2b9f45260000 r-xp 00000000 00:36 56323256                   /gpfs/mnt/atlasgpfs01/usatlas/workarea/jeff/atlas-hi/lib/libAtlasStyle.so
2b9f45260000-2b9f4545f000 ---p 00002000 00:36 56323256                   /gpfs/mnt/atlasgpfs01/usatlas/workarea/jeff/atlas-hi/lib/libAtlasStyle.so
2b9f4545f000-2b9f45460000 r--p 00001000 00:36 56323256                   /gpfs/mnt/atlasgpfs01/usatlas/workarea/jeff/atlas-hi/lib/libAtlasStyle.so
2b9f45460000-2b9f45461000 rw-p 00002000 00:36 56323256                   /gpfs/mnt/atlasgpfs01/usatlas/workarea/jeff/atlas-hi/lib/libAtlasStyle.so
2b9f45461000-2b9f45470000 r-xp 00000000 00:36 5086140                    /gpfs/mnt/atlasgpfs01/usatlas/workarea/jeff/HadronYieldsAnalysis/lib/libLocalUtilities.so
2b9f45470000-2b9f4566f000 ---p 0000f000 00:36 5086140                    /gpfs/mnt/atlasgpfs01/usatlas/workarea/jeff/HadronYieldsAnalysis/lib/libLocalUtilities.so
2b9f4566f000-2b9f45670000 r--p 0000e000 00:36 5086140                    /gpfs/mnt/atlasgpfs01/usatlas/workarea/jeff/HadronYieldsAnalysis/lib/libLocalUtilities.so
2b9f45670000-2b9f45671000 rw-p 0000f000 00:36 5086140                    /gpfs/mnt/atlasgpfs01/usatlas/workarea/jeff/HadronYieldsAnalysis/lib/libLocalUtilities.so
2b9f45671000-2b9f45841000 rw-p 00000000 00:00 0 
2b9f45841000-2b9f45853000 r-xp 00000000 00:36 5086138                    /gpfs/mnt/atlasgpfs01/usatlas/workarea/jeff/HadronYieldsAnalysis/lib/libJetHadronSkimmer.so
2b9f45853000-2b9f45a53000 ---p 00012000 00:36 5086138                    /gpfs/mnt/atlasgpfs01/usatlas/workarea/jeff/HadronYieldsAnalysis/lib/libJetHadronSkimmer.so
2b9f45a53000-2b9f45a54000 r--p 00012000 00:36 5086138                    /gpfs/mnt/atlasgpfs01/usatlas/workarea/jeff/HadronYieldsAnalysis/lib/libJetHadronSkimmer.so
2b9f45a54000-2b9f45a55000 rw-p 00013000 00:36 5086138                    /gpfs/mnt/atlasgpfs01/usatlas/workarea/jeff/HadronYieldsAnalysis/lib/libJetHadronSkimmer.so
2b9f45a55000-2b9f45c89000 rw-p 00000000 00:00 0 
2b9f45c89000-2b9f45c97000 r-xp 00000000 00:36 5086141                    /gpfs/mnt/atlasgpfs01/usatlas/workarea/jeff/HadronYieldsAnalysis/lib/libZDCAnalysis.so
2b9f45c97000-2b9f45e97000 ---p 0000e000 00:36 5086141                    /gpfs/mnt/atlasgpfs01/usatlas/workarea/jeff/HadronYieldsAnalysis/lib/libZDCAnalysis.so
2b9f45e97000-2b9f45e98000 r--p 0000e000 00:36 5086141                    /gpfs/mnt/atlasgpfs01/usatlas/workarea/jeff/HadronYieldsAnalysis/lib/libZDCAnalysis.so
2b9f45e98000-2b9f45e99000 rw-p 0000f000 00:36 5086141                    /gpfs/mnt/atlasgpfs01/usatlas/workarea/jeff/HadronYieldsAnalysis/lib/libZDCAnalysis.so
2b9f45e99000-2b9f46069000 rw-p 00000000 00:00 0 
2b9f46069000-2b9f461e2000 r-xp 00000000 00:38 368335                     /cvmfs/sft.cern.ch/lcg/releases/gcc/8.3.0-cebb0/x86_64-centos7/lib64/libstdc++.so.6.0.25
2b9f461e2000-2b9f463e2000 ---p 00179000 00:38 368335                     /cvmfs/sft.cern.ch/lcg/releases/gcc/8.3.0-cebb0/x86_64-centos7/lib64/libstdc++.so.6.0.25
2b9f463e2000-2b9f463ec000 r--p 00179000 00:38 368335                     /cvmfs/sft.cern.ch/lcg/releases/gcc/8.3.0-cebb0/x86_64-centos7/lib64/libstdc++.so.6.0.25
2b9f463ec000-2b9f463ee000 rw-p 00183000 00:38 368335                     /cvmfs/sft.cern.ch/lcg/releases/gcc/8.3.0-cebb0/x86_64-centos7/lib64/libstdc++.so.6.0.25
2b9f463ee000-2b9f463f2000 rw-p 00000000 00:00 0 
2b9f463f2000-2b9f464f2000 r-xp 00000000 fd:00 3540537                    /usr/lib64/libm-2.17.so
2b9f464f2000-2b9f466f2000 ---p 00100000 fd:00 3540537                    /usr/lib64/libm-2.17.so
2b9f466f2000-2b9f466f3000 r--p 00100000 fd:00 3540537                    /usr/lib64/libm-2.17.so
2b9f466f3000-2b9f466f4000 rw-p 00101000 fd:00 3540537                    /usr/lib64/libm-2.17.so
2b9f466f4000-2b9f4670b000 r-xp 00000000 00:38 368161                     /cvmfs/sft.cern.ch/lcg/releases/gcc/8.3.0-cebb0/x86_64-centos7/lib64/libgcc_s.so.1
2b9f4670b000-2b9f4690a000 ---p 00017000 00:38 368161                     /cvmfs/sft.cern.ch/lcg/releases/gcc/8.3.0-cebb0/x86_64-centos7/lib64/libgcc_s.so.1
2b9f4690a000-2b9f4690b000 r--p 00016000 00:38 368161                     /cvmfs/sft.cern.ch/lcg/releases/gcc/8.3.0-cebb0/x86_64-centos7/lib64/libgcc_s.so.1
2b9f4690b000-2b9f4690c000 rw-p 00017000 00:38 368161                     /cvmfs/sft.cern.ch/lcg/releases/gcc/8.3.0-cebb0/x86_64-centos7/lib64/libgcc_s.so.1
2b9f4690c000-2b9f46923000 r-xp 00000000 fd:00 3540555                    /usr/lib64/libpthread-2.17.so
2b9f46923000-2b9f46b22000 ---p 00017000 fd:00 3540555                    /usr/lib64/libpthread-2.17.so
2b9f46b22000-2b9f46b23000 r--p 00016000 fd:00 3540555                    /usr/lib64/libpthread-2.17.so
2b9f46b23000-2b9f46b24000 rw-p 00017000 fd:00 3540555                    /usr/lib64/libpthread-2.17.so
2b9f46b24000-2b9f46b28000 rw-p 00000000 00:00 0 
2b9f46b28000-2b9f46cdf000 r-xp 00000000 fd:00 3540529                    /usr/lib64/libc-2.17.so
2b9f46cdf000-2b9f46ede000 ---p 001b7000 fd:00 3540529                    /usr/lib64/libc-2.17.so
2b9f46ede000-2b9f46ee2000 r--p 001b6000 fd:00 3540529                    /usr/lib64/libc-2.17.so
2b9f46ee2000-2b9f46ee4000 rw-p 001ba000 fd:00 3540529                    /usr/lib64/libc-2.17.so
2b9f46ee4000-2b9f46ee9000 rw-p 00000000 00:00 0 
2b9f46ee9000-2b9f46f0e000 r-xp 00000000 fd:00 3540774                    /usr/lib64/liblzma.so.5.2.2
2b9f46f0e000-2b9f4710d000 ---p 00025000 fd:00 3540774                    /usr/lib64/liblzma.so.5.2.2
2b9f4710d000-2b9f4710e000 r--p 00024000 fd:00 3540774                    /usr/lib64/liblzma.so.5.2.2
2b9f4710e000-2b9f4710f000 rw-p 00025000 fd:00 3540774                    /usr/lib64/liblzma.so.5.2.2
2b9f4710f000-2b9f47128000 r-xp 00000000 00:38 349771                     /cvmfs/sft.cern.ch/lcg/releases/zlib/1.2.11-da225/x86_64-centos7-gcc8-opt/lib/libz.so.1.2.11
2b9f47128000-2b9f47327000 ---p 00019000 00:38 349771                     /cvmfs/sft.cern.ch/lcg/releases/zlib/1.2.11-da225/x86_64-centos7-gcc8-opt/lib/libz.so.1.2.11
2b9f47327000-2b9f47328000 r--p 00018000 00:38 349771                     /cvmfs/sft.cern.ch/lcg/releases/zlib/1.2.11-da225/x86_64-centos7-gcc8-opt/lib/libz.so.1.2.11
2b9f47328000-2b9f47329000 rw-p 00019000 00:38 349771                     /cvmfs/sft.cern.ch/lcg/releases/zlib/1.2.11-da225/x86_64-centos7-gcc8-opt/lib/libz.so.1.2.11
2b9f47329000-2b9f47367000 r-xp 00000000 00:38 365369                     /cvmfs/sft.cern.ch/lcg/releases/tbb/2020_U1-bbcac/x86_64-centos7-gcc8-opt/lib/libtbb.so.2
2b9f47367000-2b9f47566000 ---p 0003e000 00:38 365369                     /cvmfs/sft.cern.ch/lcg/releases/tbb/2020_U1-bbcac/x86_64-centos7-gcc8-opt/lib/libtbb.so.2
2b9f47566000-2b9f47568000 r--p 0003d000 00:38 365369                     /cvmfs/sft.cern.ch/lcg/releases/tbb/2020_U1-bbcac/x86_64-centos7-gcc8-opt/lib/libtbb.so.2
2b9f47568000-2b9f4756b000 rw-p 0003f000 00:38 365369                     /cvmfs/sft.cern.ch/lcg/releases/tbb/2020_U1-bbcac/x86_64-centos7-gcc8-opt/lib/libtbb.so.2
2b9f4756b000-2b9f4756d000 rw-p 00000000 00:00 0 
2b9f4756d000-2b9f475d4000 r-xp 00000000 fd:00 3550997                    /usr/lib64/libssl.so.1.0.2k
2b9f475d4000-2b9f477d3000 ---p 00067000 fd:00 3550997                    /usr/lib64/libssl.so.1.0.2k
2b9f477d3000-2b9f477d7000 r--p 00066000 fd:00 3550997                    /usr/lib64/libssl.so.1.0.2k
2b9f477d7000-2b9f477de000 rw-p 0006a000 fd:00 3550997                    /usr/lib64/libssl.so.1.0.2k
2b9f477de000-2b9f47a12000 r-xp 00000000 fd:00 3550995                    /usr/lib64/libcrypto.so.1.0.2k
2b9f47a12000-2b9f47c12000 ---p 00234000 fd:00 3550995                    /usr/lib64/libcrypto.so.1.0.2k
2b9f47c12000-2b9f47c2e000 r--p 00234000 fd:00 3550995                    /usr/lib64/libcrypto.so.1.0.2k
2b9f47c2e000-2b9f47c3b000 rw-p 00250000 fd:00 3550995                    /usr/lib64/libcrypto.so.1.0.2k
2b9f47c3b000-2b9f47c3f000 rw-p 00000000 00:00 0 
2b9f47c3f000-2b9f47cdf000 r-xp 00000000 fd:00 3540713                    /usr/lib64/libfreetype.so.6.10.0
2b9f47cdf000-2b9f47ede000 ---p 000a0000 fd:00 3540713                    /usr/lib64/libfreetype.so.6.10.0
2b9f47ede000-2b9f47ee4000 r--p 0009f000 fd:00 3540713                    /usr/lib64/libfreetype.so.6.10.0
2b9f47ee4000-2b9f47ee5000 rw-p 000a5000 fd:00 3540713                    /usr/lib64/libfreetype.so.6.10.0
2b9f47ee5000-2b9f47ef0000 r-xp 00000000 00:38 365197                     /cvmfs/sft.cern.ch/lcg/releases/vdt/0.4.3-992df/x86_64-centos7-gcc8-opt/lib/libvdt.so
2b9f47ef0000-2b9f480f0000 ---p 0000b000 00:38 365197                     /cvmfs/sft.cern.ch/lcg/releases/vdt/0.4.3-992df/x86_64-centos7-gcc8-opt/lib/libvdt.so
2b9f480f0000-2b9f480f1000 r--p 0000b000 00:38 365197                     /cvmfs/sft.cern.ch/lcg/releases/vdt/0.4.3-992df/x86_64-centos7-gcc8-opt/lib/libvdt.so
2b9f480f1000-2b9f480f2000 rw-p 0000c000 00:38 365197                     /cvmfs/sft.cern.ch/lcg/releases/vdt/0.4.3-992df/x86_64-centos7-gcc8-opt/lib/libvdt.so
2b9f480f2000-2b9f4814d000 r-xp 00000000 00:38 5301                       /cvmfs/sft.cern.ch/lcg/releases/ROOT/v6.20.06-3f7fd/x86_64-centos7-gcc8-opt/lib/libROOTNTuple.so
2b9f4814d000-2b9f4834d000 ---p 0005b000 00:38 5301                       /cvmfs/sft.cern.ch/lcg/releases/ROOT/v6.20.06-3f7fd/x86_64-centos7-gcc8-opt/lib/libROOTNTuple.so
2b9f4834d000-2b9f4834f000 r--p 0005b000 00:38 5301                       /cvmfs/sft.cern.ch/lcg/releases/ROOT/v6.20.06-3f7fd/x86_64-centos7-gcc8-opt/lib/libROOTNTuple.so
2b9f4834f000-2b9f48350000 rw-p 0005d000 00:38 5301                       /cvmfs/sft.cern.ch/lcg/releases/ROOT/v6.20.06-3f7fd/x86_64-centos7-gcc8-opt/lib/libROOTNTuple.so
2b9f48350000-2b9f48351000 rw-p 00000000 00:00 0 
2b9f48351000-2b9f4845b000 r-xp 00000000 00:38 67507                      /cvmfs/sft.cern.ch/lcg/releases/sqlite/3280000-472f2/x86_64-centos7-gcc8-opt/lib/libsqlite3.so.0.8.6
2b9f4845b000-2b9f4865a000 ---p 0010a000 00:38 67507                      /cvmfs/sft.cern.ch/lcg/releases/sqlite/3280000-472f2/x86_64-centos7-gcc8-opt/lib/libsqlite3.so.0.8.6
2b9f4865a000-2b9f4865d000 r--p 00109000 00:38 67507                      /cvmfs/sft.cern.ch/lcg/releases/sqlite/3280000-472f2/x86_64-centos7-gcc8-opt/lib/libsqlite3.so.0.8.6
2b9f4865d000-2b9f48660000 rw-p 0010c000 00:38 67507                      /cvmfs/sft.cern.ch/lcg/releases/sqlite/3280000-472f2/x86_64-centos7-gcc8-opt/lib/libsqlite3.so.0.8.6
2b9f48660000-2b9f48661000 rw-p 00000000 00:00 0 
2b9f48661000-2b9f48668000 r-xp 00000000 fd:00 3540559                    /usr/lib64/librt-2.17.so
2b9f48668000-2b9f48867000 ---p 00007000 fd:00 3540559                    /usr/lib64/librt-2.17.so
2b9f48867000-2b9f48868000 r--p 00006000 fd:00 3540559                    /usr/lib64/librt-2.17.so
2b9f48868000-2b9f48869000 rw-p 00007000 fd:00 3540559                    /usr/lib64/librt-2.17.so
2b9f48869000-2b9f488b4000 r-xp 00000000 fd:00 3550972                    /usr/lib64/libgssapi_krb5.so.2.2
2b9f488b4000-2b9f48ab4000 ---p 0004b000 fd:00 3550972                    /usr/lib64/libgssapi_krb5.so.2.2
2b9f48ab4000-2b9f48ab5000 r--p 0004b000 fd:00 3550972                    /usr/lib64/libgssapi_krb5.so.2.2
2b9f48ab5000-2b9f48ab7000 rw-p 0004c000 fd:00 3550972                    /usr/lib64/libgssapi_krb5.so.2.2
2b9f48ab7000-2b9f48b8d000 r-xp 00000000 fd:00 3550982                    /usr/lib64/libkrb5.so.3.3
2b9f48b8d000-2b9f48d8d000 ---p 000d6000 fd:00 3550982                    /usr/lib64/libkrb5.so.3.3
2b9f48d8d000-2b9f48d9b000 r--p 000d6000 fd:00 3550982                    /usr/lib64/libkrb5.so.3.3
2b9f48d9b000-2b9f48d9e000 rw-p 000e4000 fd:00 3550982                    /usr/lib64/libkrb5.so.3.3
2b9f48d9e000-2b9f48da1000 r-xp 00000000 fd:00 3540715                    /usr/lib64/libcom_err.so.2.1
2b9f48da1000-2b9f48fa0000 ---p 00003000 fd:00 3540715                    /usr/lib64/libcom_err.so.2.1
2b9f48fa0000-2b9f48fa1000 r--p 00002000 fd:00 3540715                    /usr/lib64/libcom_err.so.2.1
2b9f48fa1000-2b9f48fa2000 rw-p 00003000 fd:00 3540715                    /usr/lib64/libcom_err.so.2.1
2b9f48fa2000-2b9f48fd1000 r-xp 00000000 fd:00 3550976                    /usr/lib64/libk5crypto.so.3.1
2b9f48fd1000-2b9f491d0000 ---p 0002f000 fd:00 3550976                    /usr/lib64/libk5crypto.so.3.1
2b9f491d0000-2b9f491d2000 r--p 0002e000 fd:00 3550976                    /usr/lib64/libk5crypto.so.3.1
2b9f491d2000-2b9f491d3000 rw-p 00030000 fd:00 3550976                    /usr/lib64/libk5crypto.so.3.1
2b9f491d3000-2b9f491d4000 rw-p 00000000 00:00 0 
2b9f491d4000-2b9f491e1000 r-xp 00000000 fd:00 3550984                    /usr/lib64/libkrb5support.so.0.1
2b9f491e1000-2b9f493e1000 ---p 0000d000 fd:00 3550984                    /usr/lib64/libkrb5support.so.0.1
2b9f493e1000-2b9f493e2000 r--p 0000d000 fd:00 3550984                    /usr/lib64/libkrb5support.so.0.1
2b9f493e2000-2b9f493e3000 rw-p 0000e000 fd:00 3550984                    /usr/lib64/libkrb5support.so.0.1
2b9f493e3000-2b9f493e6000 r-xp 00000000 fd:00 3541013                    /usr/lib64/libkeyutils.so.1.5
2b9f493e6000-2b9f495e5000 ---p 00003000 fd:00 3541013                    /usr/lib64/libkeyutils.so.1.5
2b9f495e5000-2b9f495e6000 r--p 00002000 fd:00 3541013                    /usr/lib64/libkeyutils.so.1.5
2b9f495e6000-2b9f495e7000 rw-p 00003000 fd:00 3541013                    /usr/lib64/libkeyutils.so.1.5
2b9f495e7000-2b9f495fd000 r-xp 00000000 fd:00 3540557                    /usr/lib64/libresolv-2.17.so
2b9f495fd000-2b9f497fd000 ---p 00016000 fd:00 3540557                    /usr/lib64/libresolv-2.17.so
2b9f497fd000-2b9f497fe000 r--p 00016000 fd:00 3540557                    /usr/lib64/libresolv-2.17.so
2b9f497fe000-2b9f497ff000 rw-p 00017000 fd:00 3540557                    /usr/lib64/libresolv-2.17.so
2b9f497ff000-2b9f49801000 rw-p 00000000 00:00 0 
2b9f49801000-2b9f49825000 r-xp 00000000 fd:00 3540698                    /usr/lib64/libselinux.so.1
2b9f49825000-2b9f49a24000 ---p 00024000 fd:00 3540698                    /usr/lib64/libselinux.so.1
2b9f49a24000-2b9f49a25000 r--p 00023000 fd:00 3540698                    /usr/lib64/libselinux.so.1
2b9f49a25000-2b9f49a26000 rw-p 00024000 fd:00 3540698                    /usr/lib64/libselinux.so.1
2b9f49a26000-2b9f49a28000 rw-p 00000000 00:00 0 
2b9f49a28000-2b9f49a88000 r-xp 00000000 fd:00 3540689                    /usr/lib64/libpcre.so.1.2.0
2b9f49a88000-2b9f49c87000 ---p 00060000 fd:00 3540689                    /usr/lib64/libpcre.so.1.2.0
2b9f49c87000-2b9f49c88000 r--p 0005f000 fd:00 3540689                    /usr/lib64/libpcre.so.1.2.0
2b9f49c88000-2b9f49c89000 rw-p 00060000 fd:00 3540689                    /usr/lib64/libpcre.so.1.2.0
2b9f49c89000-2b9f4a489000 rw-p 00000000 00:00 0 
2b9f4a489000-2b9f4d372000 r-xp 00000000 00:38 5420                       /cvmfs/sft.cern.ch/lcg/releases/ROOT/v6.20.06-3f7fd/x86_64-centos7-gcc8-opt/lib/libCling.so
2b9f4d372000-2b9f4d572000 ---p 02ee9000 00:38 5420                       /cvmfs/sft.cern.ch/lcg/releases/ROOT/v6.20.06-3f7fd/x86_64-centos7-gcc8-opt/lib/libCling.so
2b9f4d572000-2b9f4d784000 r--p 02ee9000 00:38 5420                       /cvmfs/sft.cern.ch/lcg/releases/ROOT/v6.20.06-3f7fd/x86_64-centos7-gcc8-opt/lib/libCling.so
2b9f4d784000-2b9f4d78f000 rw-p 030fb000 00:38 5420                       /cvmfs/sft.cern.ch/lcg/releases/ROOT/v6.20.06-3f7fd/x86_64-centos7-gcc8-opt/lib/libCling.so
2b9f4d78f000-2b9f4d7bc000 rw-p 00000000 00:00 0 
2b9f4d7bc000-2b9f4d7e1000 r-xp 00000000 fd:00 3540598                    /usr/lib64/libtinfo.so.5.9
2b9f4d7e1000-2b9f4d9e1000 ---p 00025000 fd:00 3540598                    /usr/lib64/libtinfo.so.5.9
2b9f4d9e1000-2b9f4d9e5000 r--p 00025000 fd:00 3540598                    /usr/lib64/libtinfo.so.5.9
2b9f4d9e5000-2b9f4d9e6000 rw-p 00029000 fd:00 3540598                    /usr/lib64/libtinfo.so.5.9
2b9f4d9e6000-2b9f4da17000 rw-p 00000000 00:00 0 
2b9f4da17000-2b9f4ed4b000 r--p 00000000 00:38 5355                       /cvmfs/sft.cern.ch/lcg/releases/ROOT/v6.20.06-3f7fd/x86_64-centos7-gcc8-opt/lib/std.pcm
2b9f4ed4b000-2b9f4ee8b000 r--p 00000000 00:38 5331                       /cvmfs/sft.cern.ch/lcg/releases/ROOT/v6.20.06-3f7fd/x86_64-centos7-gcc8-opt/lib/libc.pcm
2b9f4ee8b000-2b9f4eea8000 r--p 00000000 00:38 5358                       /cvmfs/sft.cern.ch/lcg/releases/ROOT/v6.20.06-3f7fd/x86_64-centos7-gcc8-opt/lib/Cling_Runtime.pcm
2b9f4eea8000-2b9f4eed3000 r--p 00000000 00:38 5284                       /cvmfs/sft.cern.ch/lcg/releases/ROOT/v6.20.06-3f7fd/x86_64-centos7-gcc8-opt/lib/Cling_Runtime_Extra.pcm
2b9f4eed3000-2b9f4ef1b000 r--p 00000000 00:38 5390                       /cvmfs/sft.cern.ch/lcg/releases/ROOT/v6.20.06-3f7fd/x86_64-centos7-gcc8-opt/lib/ROOT_Foundation_C.pcm
2b9f4ef1b000-2b9f4ef34000 r--p 00000000 00:38 5050                       /cvmfs/sft.cern.ch/lcg/releases/ROOT/v6.20.06-3f7fd/x86_64-centos7-gcc8-opt/lib/ROOT_Rtypes.pcm
2b9f4ef34000-2b9f4ef52000 r--p 00000000 00:38 5332                       /cvmfs/sft.cern.ch/lcg/releases/ROOT/v6.20.06-3f7fd/x86_64-centos7-gcc8-opt/lib/ROOT_Config.pcm
2b9f4ef52000-2b9f4efe0000 r--p 00000000 00:38 5369                       /cvmfs/sft.cern.ch/lcg/releases/ROOT/v6.20.06-3f7fd/x86_64-centos7-gcc8-opt/lib/ProofBench.pcm
2b9f4f048000-2b9f4f0d4000 r--p 00000000 00:38 5289                       /cvmfs/sft.cern.ch/lcg/releases/ROOT/v6.20.06-3f7fd/x86_64-centos7-gcc8-opt/lib/Unfold.pcm
2b9f4f0d4000-2b9f4f13f000 r--p 00000000 00:38 5070                       /cvmfs/sft.cern.ch/lcg/releases/ROOT/v6.20.06-3f7fd/x86_64-centos7-gcc8-opt/lib/RHTTPSniff.pcm
2b9f4f148000-2b9f4f53c000 r--p 00000000 00:38 5263                       /cvmfs/sft.cern.ch/lcg/releases/ROOT/v6.20.06-3f7fd/x86_64-centos7-gcc8-opt/lib/_Builtin_intrinsics.pcm
2b9f4f53c000-2b9f4f5ed000 r--p 00000000 00:38 5266                       /cvmfs/sft.cern.ch/lcg/releases/ROOT/v6.20.06-3f7fd/x86_64-centos7-gcc8-opt/lib/ROOT_Foundation_Stage1_NoRTTI.pcm
2b9f4f5ed000-2b9f4ff16000 r--p 00000000 00:38 5316                       /cvmfs/sft.cern.ch/lcg/releases/ROOT/v6.20.06-3f7fd/x86_64-centos7-gcc8-opt/lib/Core.pcm
2b9f4ff16000-2b9f5003e000 r--p 00000000 00:38 5449                       /cvmfs/sft.cern.ch/lcg/releases/ROOT/v6.20.06-3f7fd/x86_64-centos7-gcc8-opt/lib/Gdml.pcm
2b9f5003e000-2b9f5019b000 r--p 00000000 00:38 4767                       /cvmfs/sft.cern.ch/lcg/releases/ROOT/v6.20.06-3f7fd/x86_64-centos7-gcc8-opt/lib/WebGui6.pcm
2b9f501ba000-2b9f50498000 r--p 00000000 00:38 5350                       /cvmfs/sft.cern.ch/lcg/releases/ROOT/v6.20.06-3f7fd/x86_64-centos7-gcc8-opt/lib/RIO.pcm
2b9f50498000-2b9f50628000 r--p 00000000 00:38 5380                       /cvmfs/sft.cern.ch/lcg/releases/ROOT/v6.20.06-3f7fd/x86_64-centos7-gcc8-opt/lib/Thread.pcm
2b9f50628000-2b9f50a6d000 r--p 00000000 00:38 5298                       /cvmfs/sft.cern.ch/lcg/releases/ROOT/v6.20.06-3f7fd/x86_64-centos7-gcc8-opt/lib/Hist.pcm
2b9f50a6d000-2b9f5125d000 r--p 00000000 00:38 5504                       /cvmfs/sft.cern.ch/lcg/releases/ROOT/v6.20.06-3f7fd/x86_64-centos7-gcc8-opt/lib/MathCore.pcm
2b9f5125d000-2b9f51322000 r--p 00000000 00:38 5373                       /cvmfs/sft.cern.ch/lcg/releases/ROOT/v6.20.06-3f7fd/x86_64-centos7-gcc8-opt/lib/Imt.pcm
2b9f51322000-2b9f5149d000 r--p 00000000 00:38 5335                       /cvmfs/sft.cern.ch/lcg/releases/ROOT/v6.20.06-3f7fd/x86_64-centos7-gcc8-opt/lib/Matrix.pcm
2b9f5149d000-2b9f51513000 r--p 00000000 00:38 5400                       /cvmfs/sft.cern.ch/lcg/releases/ROOT/v6.20.06-3f7fd/x86_64-centos7-gcc8-opt/lib/XMLParser.pcm
2b9f51513000-2b9f51640000 r--p 00000000 00:38 4760                       /cvmfs/sft.cern.ch/lcg/releases/ROOT/v6.20.06-3f7fd/x86_64-centos7-gcc8-opt/lib/RHTTP.pcm
2b9f51640000-2b9f516e4000 r--p 00000000 00:38 5057                       /cvmfs/sft.cern.ch/lcg/releases/ROOT/v6.20.06-3f7fd/x86_64-centos7-gcc8-opt/lib/FitPanel.pcm
2b9f516e4000-2b9f51a11000 r--p 00000000 00:38 5377                       /cvmfs/sft.cern.ch/lcg/releases/ROOT/v6.20.06-3f7fd/x86_64-centos7-gcc8-opt/lib/Gui.pcm
2b9f51a11000-2b9f51b0c000 r--p 00000000 00:38 4757                       /cvmfs/sft.cern.ch/lcg/releases/ROOT/v6.20.06-3f7fd/x86_64-centos7-gcc8-opt/lib/Graf.pcm
2b9f51b0c000-2b9f51da5000 r--p 00000000 00:38 5595                       /cvmfs/sft.cern.ch/lcg/releases/ROOT/v6.20.06-3f7fd/x86_64-centos7-gcc8-opt/lib/ROOTVecOps.pcm
2b9f51da5000-2b9f51e3b000 r--p 00000000 00:38 5282                       /cvmfs/sft.cern.ch/lcg/releases/ROOT/v6.20.06-3f7fd/x86_64-centos7-gcc8-opt/lib/RDAVIX.pcm
2b9f51e3b000-2b9f51f26000 r--p 00000000 00:38 5323                       /cvmfs/sft.cern.ch/lcg/releases/ROOT/v6.20.06-3f7fd/x86_64-centos7-gcc8-opt/lib/RMySQL.pcm
2b9f51f26000-2b9f52031000 r--p 00000000 00:38 5288                       /cvmfs/sft.cern.ch/lcg/releases/ROOT/v6.20.06-3f7fd/x86_64-centos7-gcc8-opt/lib/Net.pcm
2b9f52031000-2b9f5209e000 r--p 00000000 00:38 5313                       /cvmfs/sft.cern.ch/lcg/releases/ROOT/v6.20.06-3f7fd/x86_64-centos7-gcc8-opt/lib/GFAL.pcm
2b9f520d3000-2b9f5218a000 r--p 00000000 00:38 5531                       /cvmfs/sft.cern.ch/lcg/releases/ROOT/v6.20.06-3f7fd/x86_64-centos7-gcc8-opt/lib/Physics.pcm
2b9f5218a000-2b9f52203000 r--p 00000000 00:38 5514                       /cvmfs/sft.cern.ch/lcg/releases/ROOT/v6.20.06-3f7fd/x86_64-centos7-gcc8-opt/lib/Genetic.pcm
2b9f52203000-2b9f52465000 r--p 00000000 00:38 5387                       /cvmfs/sft.cern.ch/lcg/releases/ROOT/v6.20.06-3f7fd/x86_64-centos7-gcc8-opt/lib/Tree.pcm
2b9f52465000-2b9f524d9000 r--p 00000000 00:38 5348                       /cvmfs/sft.cern.ch/lcg/releases/ROOT/v6.20.06-3f7fd/x86_64-centos7-gcc8-opt/lib/DCache.pcm
2b9f524d9000-2b9f525aa000 r--p 00000000 00:38 5366                       /cvmfs/sft.cern.ch/lcg/releases/ROOT/v6.20.06-3f7fd/x86_64-centos7-gcc8-opt/lib/Gpad.pcm
2b9f525aa000-2b9f52a8a000 r--p 00000000 00:38 5341                       /cvmfs/sft.cern.ch/lcg/releases/ROOT/v6.20.06-3f7fd/x86_64-centos7-gcc8-opt/lib/RGL.pcm
2b9f52a8a000-2b9f52b79000 r--p 00000000 00:38 5425                       /cvmfs/sft.cern.ch/lcg/releases/ROOT/v6.20.06-3f7fd/x86_64-centos7-gcc8-opt/lib/Ged.pcm
2b9f52b79000-2b9f52be1000 r--p 00000000 00:38 5386                       /cvmfs/sft.cern.ch/lcg/releases/ROOT/v6.20.06-3f7fd/x86_64-centos7-gcc8-opt/lib/RCsg.pcm
2b9f52be1000-2b9f53105000 r--p 00000000 00:38 5396                       /cvmfs/sft.cern.ch/lcg/releases/ROOT/v6.20.06-3f7fd/x86_64-centos7-gcc8-opt/lib/ROOTEve.pcm
2b9f53105000-2b9f533f7000 r--p 00000000 00:38 5285                       /cvmfs/sft.cern.ch/lcg/releases/ROOT/v6.20.06-3f7fd/x86_64-centos7-gcc8-opt/lib/Geom.pcm
2b9f533f7000-2b9f53583000 r--p 00000000 00:38 5338                       /cvmfs/sft.cern.ch/lcg/releases/ROOT/v6.20.06-3f7fd/x86_64-centos7-gcc8-opt/lib/ROOTWebDisplay.pcm
2b9f53583000-2b9f53616000 r--p 00000000 00:38 5037                       /cvmfs/sft.cern.ch/lcg/releases/ROOT/v6.20.06-3f7fd/x86_64-centos7-gcc8-opt/lib/EG.pcm
2b9f53616000-2b9f536e9000 r--p 00000000 00:38 5376                       /cvmfs/sft.cern.ch/lcg/releases/ROOT/v6.20.06-3f7fd/x86_64-centos7-gcc8-opt/lib/Graf3d.pcm
2b9f536e9000-2b9f5374a000 rw-p 00000000 00:00 0 
2b9f5374a000-2b9f53ad1000 r--p 00000000 00:38 5002                       /cvmfs/sft.cern.ch/lcg/releases/ROOT/v6.20.06-3f7fd/x86_64-centos7-gcc8-opt/lib/TreePlayer.pcm
2b9f53ad1000-2b9f53be2000 r--p 00000000 00:38 5269                       /cvmfs/sft.cern.ch/lcg/releases/ROOT/v6.20.06-3f7fd/x86_64-centos7-gcc8-opt/lib/MultiProc.pcm
2b9f53be2000-2b9f53c4f000 r--p 00000000 00:38 5393                       /cvmfs/sft.cern.ch/lcg/releases/ROOT/v6.20.06-3f7fd/x86_64-centos7-gcc8-opt/lib/SPlot.pcm
2b9f53c4f000-2b9f53cc1000 r--p 00000000 00:38 5343                       /cvmfs/sft.cern.ch/lcg/releases/ROOT/v6.20.06-3f7fd/x86_64-centos7-gcc8-opt/lib/Hbook.pcm
2b9f53cc1000-2b9f53d9a000 r--p 00000000 00:38 5292                       /cvmfs/sft.cern.ch/lcg/releases/ROOT/v6.20.06-3f7fd/x86_64-centos7-gcc8-opt/lib/GeomBuilder.pcm
2b9f53d9a000-2b9f53e0b000 r--p 00000000 00:38 4873                       /cvmfs/sft.cern.ch/lcg/releases/ROOT/v6.20.06-3f7fd/x86_64-centos7-gcc8-opt/lib/Rint.pcm
2b9f53e0b000-2b9f53f85000 r--p 00000000 00:38 5317                       /cvmfs/sft.cern.ch/lcg/releases/ROOT/v6.20.06-3f7fd/x86_64-centos7-gcc8-opt/lib/Proof.pcm
2b9f53f85000-2b9f54012000 r--p 00000000 00:38 5361                       /cvmfs/sft.cern.ch/lcg/releases/ROOT/v6.20.06-3f7fd/x86_64-centos7-gcc8-opt/lib/Recorder.pcm
2b9f54012000-2b9f5409f000 r--p 00000000 00:38 4753                       /cvmfs/sft.cern.ch/lcg/releases/ROOT/v6.20.06-3f7fd/x86_64-centos7-gcc8-opt/lib/GuiBld.pcm
2b9f5409f000-2b9f54194000 r--p 00000000 00:38 4758                       /cvmfs/sft.cern.ch/lcg/releases/ROOT/v6.20.06-3f7fd/x86_64-centos7-gcc8-opt/lib/XMLIO.pcm
2b9f54194000-2b9f54202000 r--p 00000000 00:38 5495                       /cvmfs/sft.cern.ch/lcg/releases/ROOT/v6.20.06-3f7fd/x86_64-centos7-gcc8-opt/lib/GX11TTF.pcm
2b9f54202000-2b9f54279000 r--p 00000000 00:38 5352                       /cvmfs/sft.cern.ch/lcg/releases/ROOT/v6.20.06-3f7fd/x86_64-centos7-gcc8-opt/lib/GX11.pcm
2b9f54279000-2b9f5433a000 r--p 00000000 00:38 5325                       /cvmfs/sft.cern.ch/lcg/releases/ROOT/v6.20.06-3f7fd/x86_64-centos7-gcc8-opt/lib/ProofPlayer.pcm
2b9f5433a000-2b9f546b6000 r--p 00000000 00:38 5337                       /cvmfs/sft.cern.ch/lcg/releases/ROOT/v6.20.06-3f7fd/x86_64-centos7-gcc8-opt/lib/ROOTHistDraw.pcm
2b9f546b6000-2b9f54c12000 r--p 00000000 00:38 7523                       /cvmfs/sft.cern.ch/lcg/releases/ROOT/v6.20.06-3f7fd/x86_64-centos7-gcc8-opt/lib/ROOTGpadv7.pcm
2b9f54c12000-2b9f54ea8000 r--p 00000000 00:38 5244                       /cvmfs/sft.cern.ch/lcg/releases/ROOT/v6.20.06-3f7fd/x86_64-centos7-gcc8-opt/lib/ROOTHist.pcm
2b9f54ea8000-2b9f54fd8000 r--p 00000000 00:38 5328                       /cvmfs/sft.cern.ch/lcg/releases/ROOT/v6.20.06-3f7fd/x86_64-centos7-gcc8-opt/lib/MathMore.pcm
2b9f54fd8000-2b9f5504b000 r--p 00000000 00:38 4973                       /cvmfs/sft.cern.ch/lcg/releases/ROOT/v6.20.06-3f7fd/x86_64-centos7-gcc8-opt/lib/Netx.pcm
2b9f5504b000-2b9f550bc000 r--p 00000000 00:38 6455                       /cvmfs/sft.cern.ch/lcg/releases/ROOT/v6.20.06-3f7fd/x86_64-centos7-gcc8-opt/lib/SpectrumPainter.pcm
2b9f550bc000-2b9f55146000 r--p 00000000 00:38 5321                       /cvmfs/sft.cern.ch/lcg/releases/ROOT/v6.20.06-3f7fd/x86_64-centos7-gcc8-opt/lib/NetxNG.pcm
2b9f55146000-2b9f551d1000 r--p 00000000 00:38 5265                       /cvmfs/sft.cern.ch/lcg/releases/ROOT/v6.20.06-3f7fd/x86_64-centos7-gcc8-opt/lib/Minuit.pcm
2b9f551d1000-2b9f561b2000 r--p 00000000 00:38 5273                       /cvmfs/sft.cern.ch/lcg/releases/ROOT/v6.20.06-3f7fd/x86_64-centos7-gcc8-opt/lib/TMVA.pcm
2b9f561b2000-2b9f56d00000 r--p 00000000 00:38 5513                       /cvmfs/sft.cern.ch/lcg/releases/ROOT/v6.20.06-3f7fd/x86_64-centos7-gcc8-opt/lib/ROOTDataFrame.pcm
2b9f56d00000-2b9f56e01000 rw-p 00000000 00:00 0 
2b9f56e01000-2b9f57348000 rw-p 00000000 00:00 0 
2b9f57348000-2b9f5745a000 r--p 00000000 00:38 5368                       /cvmfs/sft.cern.ch/lcg/releases/ROOT/v6.20.06-3f7fd/x86_64-centos7-gcc8-opt/lib/ROOTFitPanelv7.pcm
2b9f5745a000-2b9f57711000 r--p 00000000 00:38 5383                       /cvmfs/sft.cern.ch/lcg/releases/ROOT/v6.20.06-3f7fd/x86_64-centos7-gcc8-opt/lib/Smatrix.pcm
2b9f57711000-2b9f57795000 r--p 00000000 00:38 5043                       /cvmfs/sft.cern.ch/lcg/releases/ROOT/v6.20.06-3f7fd/x86_64-centos7-gcc8-opt/lib/PyROOT.pcm
2b9f57795000-2b9f5783c000 r--p 00000000 00:38 5395                       /cvmfs/sft.cern.ch/lcg/releases/ROOT/v6.20.06-3f7fd/x86_64-centos7-gcc8-opt/lib/SessionViewer.pcm
2b9f5783c000-2b9f578cb000 r--p 00000000 00:38 4822                       /cvmfs/sft.cern.ch/lcg/releases/ROOT/v6.20.06-3f7fd/x86_64-centos7-gcc8-opt/lib/PyMVA.pcm
2b9f578cb000-2b9f57956000 r--p 00000000 00:38 5345                       /cvmfs/sft.cern.ch/lcg/releases/ROOT/v6.20.06-3f7fd/x86_64-centos7-gcc8-opt/lib/HistPainter.pcm
2b9f57956000-2b9f57a23000 r--p 00000000 00:38 5452                       /cvmfs/sft.cern.ch/lcg/releases/ROOT/v6.20.06-3f7fd/x86_64-centos7-gcc8-opt/lib/ProofDraw.pcm
2b9f57a23000-2b9f57acf000 r--p 00000000 00:38 5277                       /cvmfs/sft.cern.ch/lcg/releases/ROOT/v6.20.06-3f7fd/x86_64-centos7-gcc8-opt/lib/Unuran.pcm
2b9f57acf000-2b9f57b66000 r--p 00000000 00:38 5319                       /cvmfs/sft.cern.ch/lcg/releases/ROOT/v6.20.06-3f7fd/x86_64-centos7-gcc8-opt/lib/Quadp.pcm
2b9f57b66000-2b9f5807d000 r--p 00000000 00:38 5492                       /cvmfs/sft.cern.ch/lcg/releases/ROOT/v6.20.06-3f7fd/x86_64-centos7-gcc8-opt/lib/Eve.pcm
2b9f5807d000-2b9f5812c000 r--p 00000000 00:38 5862                       /cvmfs/sft.cern.ch/lcg/releases/ROOT/v6.20.06-3f7fd/x86_64-centos7-gcc8-opt/lib/TreeViewer.pcm
2b9f5812c000-2b9f581af000 r--p 00000000 00:38 5308                       /cvmfs/sft.cern.ch/lcg/releases/ROOT/v6.20.06-3f7fd/x86_64-centos7-gcc8-opt/lib/GeomPainter.pcm
2b9f581af000-2b9f58837000 r--p 00000000 00:38 5291                       /cvmfs/sft.cern.ch/lcg/releases/ROOT/v6.20.06-3f7fd/x86_64-centos7-gcc8-opt/lib/ROOTNTuple.pcm
2b9f58837000-2b9f58b33000 r--p 00000000 00:38 5225                       /cvmfs/sft.cern.ch/lcg/releases/ROOT/v6.20.06-3f7fd/x86_64-centos7-gcc8-opt/lib/HistFactory.pcm
2b9f58b33000-2b9f59a09000 r--p 00000000 00:38 5401                       /cvmfs/sft.cern.ch/lcg/releases/ROOT/v6.20.06-3f7fd/x86_64-centos7-gcc8-opt/lib/RooFitCore.pcm
2b9f59a09000-2b9f59a8a000 r--p 00000000 00:38 5315                       /cvmfs/sft.cern.ch/lcg/releases/ROOT/v6.20.06-3f7fd/x86_64-centos7-gcc8-opt/lib/Foam.pcm
2b9f59a8a000-2b9f59b1a000 r--p 00000000 00:38 5389                       /cvmfs/sft.cern.ch/lcg/releases/ROOT/v6.20.06-3f7fd/x86_64-centos7-gcc8-opt/lib/Spectrum.pcm
2b9f59b1a000-2b9f59bb3000 r--p 00000000 00:38 5399                       /cvmfs/sft.cern.ch/lcg/releases/ROOT/v6.20.06-3f7fd/x86_64-centos7-gcc8-opt/lib/GuiHtml.pcm
2b9f59bb3000-2b9f59c3c000 r--p 00000000 00:38 5446                       /cvmfs/sft.cern.ch/lcg/releases/ROOT/v6.20.06-3f7fd/x86_64-centos7-gcc8-opt/lib/Postscript.pcm
2b9f59c3c000-2b9f59cd3000 r--p 00000000 00:38 5367                       /cvmfs/sft.cern.ch/lcg/releases/ROOT/v6.20.06-3f7fd/x86_64-centos7-gcc8-opt/lib/TMVAGui.pcm
2b9f59cd3000-2b9f59e7e000 r--p 00000000 00:38 5421                       /cvmfs/sft.cern.ch/lcg/releases/ROOT/v6.20.06-3f7fd/x86_64-centos7-gcc8-opt/lib/Html.pcm
2b9f59e7e000-2b9f59ef2000 r--p 00000000 00:38 5005                       /cvmfs/sft.cern.ch/lcg/releases/ROOT/v6.20.06-3f7fd/x86_64-centos7-gcc8-opt/lib/Fumili.pcm
2b9f59ef2000-2b9f59f71000 r--p 00000000 00:38 5324                       /cvmfs/sft.cern.ch/lcg/releases/ROOT/v6.20.06-3f7fd/x86_64-centos7-gcc8-opt/lib/RooFitMore.pcm
2b9f59f71000-2b9f59fe3000 r--p 00000000 00:38 5360                       /cvmfs/sft.cern.ch/lcg/releases/ROOT/v6.20.06-3f7fd/x86_64-centos7-gcc8-opt/lib/X3d.pcm
2b9f59fe3000-2b9f5a49d000 r--p 00000000 00:38 5275                       /cvmfs/sft.cern.ch/lcg/releases/ROOT/v6.20.06-3f7fd/x86_64-centos7-gcc8-opt/lib/Oracle.pcm
2b9f5a49d000-2b9f5a5d9000 rw-p 00000000 00:00 0 
2b9f5a5d9000-2b9f5b333000 r--p 00000000 00:38 5297                       /cvmfs/sft.cern.ch/lcg/releases/ROOT/v6.20.06-3f7fd/x86_64-centos7-gcc8-opt/lib/RooFit.pcm
2b9f5b333000-2b9f5b6ad000 r--p 00000000 00:38 5267                       /cvmfs/sft.cern.ch/lcg/releases/ROOT/v6.20.06-3f7fd/x86_64-centos7-gcc8-opt/lib/RooStats.pcm
2b9f5b6ad000-2b9f5b722000 r--p 00000000 00:38 5283                       /cvmfs/sft.cern.ch/lcg/releases/ROOT/v6.20.06-3f7fd/x86_64-centos7-gcc8-opt/lib/FFTW.pcm
2b9f5b722000-2b9f5b7c2000 r--p 00000000 00:38 8077                       /cvmfs/sft.cern.ch/lcg/releases/ROOT/v6.20.06-3f7fd/x86_64-centos7-gcc8-opt/lib/SQLIO.pcm
2b9f5b7c2000-2b9f5b83d000 r--p 00000000 00:38 5310                       /cvmfs/sft.cern.ch/lcg/releases/ROOT/v6.20.06-3f7fd/x86_64-centos7-gcc8-opt/lib/ASImage.pcm
2b9f5b83d000-2b9f5b8e4000 r--p 00000000 00:38 5309                       /cvmfs/sft.cern.ch/lcg/releases/ROOT/v6.20.06-3f7fd/x86_64-centos7-gcc8-opt/lib/Proofx.pcm
2b9f5b8e4000-2b9f5bb87000 r--p 00000000 00:38 5108                       /cvmfs/sft.cern.ch/lcg/releases/ROOT/v6.20.06-3f7fd/x86_64-centos7-gcc8-opt/lib/Minuit2.pcm
2b9f5bb87000-2b9f5bc01000 r--p 00000000 00:38 5351                       /cvmfs/sft.cern.ch/lcg/releases/ROOT/v6.20.06-3f7fd/x86_64-centos7-gcc8-opt/lib/MLP.pcm
2b9f5bc01000-2b9f5bea5000 r--p 00000000 00:38 5422                       /cvmfs/sft.cern.ch/lcg/releases/ROOT/v6.20.06-3f7fd/x86_64-centos7-gcc8-opt/lib/GenVector.pcm
2b9f5bea5000-2b9f5c04b000 r--p 00000000 00:38 5409                       /cvmfs/sft.cern.ch/lcg/releases/ROOT/v6.20.06-3f7fd/x86_64-centos7-gcc8-opt/lib/ROOTBrowserv7.pcm
2b9f5c04b000-2b9f5c0c6000 r--p 00000000 00:38 5385                       /cvmfs/sft.cern.ch/lcg/releases/ROOT/v6.20.06-3f7fd/x86_64-centos7-gcc8-opt/lib/RootAuth.pcm
2b9f5c0c6000-2b9f5c137000 r--p 00000000 00:38 5318                       /cvmfs/sft.cern.ch/lcg/releases/ROOT/v6.20.06-3f7fd/x86_64-centos7-gcc8-opt/lib/ASImageGui.pcm
2b9f5c137000-2b9f5c1b9000 r--p 00000000 00:38 5370                       /cvmfs/sft.cern.ch/lcg/releases/ROOT/v6.20.06-3f7fd/x86_64-centos7-gcc8-opt/lib/Gviz3d.pcm
2b9f5c1b9000-2b9f5c24f000 r--p 00000000 00:38 4871                       /cvmfs/sft.cern.ch/lcg/releases/ROOT/v6.20.06-3f7fd/x86_64-centos7-gcc8-opt/lib/ROOTGraphicsPrimitives.pcm
2b9f5c24f000-2b9f5c26f000 r-xp 00000000 fd:00 3540522                    /usr/lib64/ld-2.17.so
2b9f5c26f000-2b9f5c46f000 ---p 00020000 fd:00 3540522                    /usr/lib64/ld-2.17.so
2b9f5c46f000-2b9f5c470000 r--p 00020000 fd:00 3540522                    /usr/lib64/ld-2.17.so
2b9f5c470000-2b9f5c471000 rw-p 00021000 fd:00 3540522                    /usr/lib64/ld-2.17.so
2b9f5c471000-2b9f5c472000 rw-p 00000000 00:00 0 
7fffa8229000-7fffa824f000 rw-p 00000000 00:00 0                          [stack]
7fffa82e0000-7fffa82e2000 r-xp 00000000 00:00 0                          [vdso]
ffffffffff600000-ffffffffff601000 r-xp 00000000 00:00 0                  [vsyscall]
