Error in <TChain::SetBranchAddress>: unknown branch -> HLT_mb_sptrk_decision
Error in <TChain::SetBranchAddress>: unknown branch -> HLT_mb_sptrk_prescale
Error in <TTree::SetBranchStatus>: unknown branch -> HLT_mb_sptrk_decision
Error in <TTree::SetBranchStatus>: unknown branch -> HLT_mb_sptrk_prescale
Error in <TTree::SetBranchStatus>: unknown branch -> HLT_mb_sptrk_decision
Error in <TTree::SetBranchStatus>: unknown branch -> HLT_mb_sptrk_prescale
Error in <TTree::SetBranchStatus>: unknown branch -> HLT_mb_sptrk_decision
Error in <TTree::SetBranchStatus>: unknown branch -> HLT_mb_sptrk_prescale
Error in <TTree::SetBranchStatus>: unknown branch -> HLT_mb_sptrk_decision
Error in <TTree::SetBranchStatus>: unknown branch -> HLT_mb_sptrk_prescale
Error in <TTree::SetBranchStatus>: unknown branch -> HLT_mb_sptrk_decision
Error in <TTree::SetBranchStatus>: unknown branch -> HLT_mb_sptrk_prescale
Error in <TTree::SetBranchStatus>: unknown branch -> HLT_mb_sptrk_decision
Error in <TTree::SetBranchStatus>: unknown branch -> HLT_mb_sptrk_prescale
Error in <TTree::SetBranchStatus>: unknown branch -> HLT_mb_sptrk_decision
Error in <TTree::SetBranchStatus>: unknown branch -> HLT_mb_sptrk_prescale
Error in <TTree::SetBranchStatus>: unknown branch -> HLT_mb_sptrk_decision
Error in <TTree::SetBranchStatus>: unknown branch -> HLT_mb_sptrk_prescale
Error in <TTree::SetBranchStatus>: unknown branch -> HLT_mb_sptrk_decision
Error in <TTree::SetBranchStatus>: unknown branch -> HLT_mb_sptrk_prescale
Error in <TTree::SetBranchStatus>: unknown branch -> HLT_mb_sptrk_decision
Error in <TTree::SetBranchStatus>: unknown branch -> HLT_mb_sptrk_prescale
Error in <TTree::SetBranchStatus>: unknown branch -> HLT_mb_sptrk_decision
Error in <TTree::SetBranchStatus>: unknown branch -> HLT_mb_sptrk_prescale
Error in <TTree::SetBranchStatus>: unknown branch -> HLT_mb_sptrk_decision
Error in <TTree::SetBranchStatus>: unknown branch -> HLT_mb_sptrk_prescale
Error in <TTree::SetBranchStatus>: unknown branch -> HLT_mb_sptrk_decision
Error in <TTree::SetBranchStatus>: unknown branch -> HLT_mb_sptrk_prescale
Error in <TTree::SetBranchStatus>: unknown branch -> HLT_mb_sptrk_decision
Error in <TTree::SetBranchStatus>: unknown branch -> HLT_mb_sptrk_prescale
Error in <TTree::SetBranchStatus>: unknown branch -> HLT_mb_sptrk_decision
Error in <TTree::SetBranchStatus>: unknown branch -> HLT_mb_sptrk_prescale
Error in <TTree::SetBranchStatus>: unknown branch -> HLT_mb_sptrk_decision
Error in <TTree::SetBranchStatus>: unknown branch -> HLT_mb_sptrk_prescale
Error in <TTree::SetBranchStatus>: unknown branch -> HLT_mb_sptrk_decision
Error in <TTree::SetBranchStatus>: unknown branch -> HLT_mb_sptrk_prescale
Error in <TTree::SetBranchStatus>: unknown branch -> HLT_mb_sptrk_decision
Error in <TTree::SetBranchStatus>: unknown branch -> HLT_mb_sptrk_prescale
Error in <TTree::SetBranchStatus>: unknown branch -> HLT_mb_sptrk_decision
Error in <TTree::SetBranchStatus>: unknown branch -> HLT_mb_sptrk_prescale
Error in <TTree::SetBranchStatus>: unknown branch -> HLT_mb_sptrk_decision
Error in <TTree::SetBranchStatus>: unknown branch -> HLT_mb_sptrk_prescale
Error in <TTree::SetBranchStatus>: unknown branch -> HLT_mb_sptrk_decision
Error in <TTree::SetBranchStatus>: unknown branch -> HLT_mb_sptrk_prescale
Error in <TTree::SetBranchStatus>: unknown branch -> HLT_mb_sptrk_decision
Error in <TTree::SetBranchStatus>: unknown branch -> HLT_mb_sptrk_prescale
Error in <TTree::SetBranchStatus>: unknown branch -> HLT_mb_sptrk_decision
Error in <TTree::SetBranchStatus>: unknown branch -> HLT_mb_sptrk_prescale
Error in <TTree::SetBranchStatus>: unknown branch -> HLT_mb_sptrk_decision
Error in <TTree::SetBranchStatus>: unknown branch -> HLT_mb_sptrk_prescale
Error in <TTree::SetBranchStatus>: unknown branch -> HLT_mb_sptrk_decision
Error in <TTree::SetBranchStatus>: unknown branch -> HLT_mb_sptrk_prescale
Error in <TTree::SetBranchStatus>: unknown branch -> HLT_mb_sptrk_decision
Error in <TTree::SetBranchStatus>: unknown branch -> HLT_mb_sptrk_prescale
Error in <TTree::SetBranchStatus>: unknown branch -> HLT_mb_sptrk_decision
Error in <TTree::SetBranchStatus>: unknown branch -> HLT_mb_sptrk_prescale
Error in <TTree::SetBranchStatus>: unknown branch -> HLT_mb_sptrk_decision
Error in <TTree::SetBranchStatus>: unknown branch -> HLT_mb_sptrk_prescale
Error in <TTree::SetBranchStatus>: unknown branch -> HLT_mb_sptrk_decision
Error in <TTree::SetBranchStatus>: unknown branch -> HLT_mb_sptrk_prescale
Error in <TTree::SetBranchStatus>: unknown branch -> HLT_mb_sptrk_decision
Error in <TTree::SetBranchStatus>: unknown branch -> HLT_mb_sptrk_prescale
Error in <TTree::SetBranchStatus>: unknown branch -> HLT_mb_sptrk_decision
Error in <TTree::SetBranchStatus>: unknown branch -> HLT_mb_sptrk_prescale
Error in <TTree::SetBranchStatus>: unknown branch -> HLT_mb_sptrk_decision
Error in <TTree::SetBranchStatus>: unknown branch -> HLT_mb_sptrk_prescale
Error in <TTree::SetBranchStatus>: unknown branch -> HLT_mb_sptrk_decision
Error in <TTree::SetBranchStatus>: unknown branch -> HLT_mb_sptrk_prescale
Error in <TTree::SetBranchStatus>: unknown branch -> HLT_mb_sptrk_decision
Error in <TTree::SetBranchStatus>: unknown branch -> HLT_mb_sptrk_prescale
Error in <TTree::SetBranchStatus>: unknown branch -> HLT_mb_sptrk_decision
Error in <TTree::SetBranchStatus>: unknown branch -> HLT_mb_sptrk_prescale
Error in <TTree::SetBranchStatus>: unknown branch -> HLT_mb_sptrk_decision
Error in <TTree::SetBranchStatus>: unknown branch -> HLT_mb_sptrk_prescale
Error in <TTree::SetBranchStatus>: unknown branch -> HLT_mb_sptrk_decision
Error in <TTree::SetBranchStatus>: unknown branch -> HLT_mb_sptrk_prescale
Error in <TTree::SetBranchStatus>: unknown branch -> HLT_mb_sptrk_decision
Error in <TTree::SetBranchStatus>: unknown branch -> HLT_mb_sptrk_prescale
Error in <TTree::SetBranchStatus>: unknown branch -> HLT_mb_sptrk_decision
Error in <TTree::SetBranchStatus>: unknown branch -> HLT_mb_sptrk_prescale
Error in <TTree::SetBranchStatus>: unknown branch -> HLT_mb_sptrk_decision
Error in <TTree::SetBranchStatus>: unknown branch -> HLT_mb_sptrk_prescale
Error in <TTree::SetBranchStatus>: unknown branch -> HLT_mb_sptrk_decision
Error in <TTree::SetBranchStatus>: unknown branch -> HLT_mb_sptrk_prescale
Error in <TTree::SetBranchStatus>: unknown branch -> HLT_mb_sptrk_decision
Error in <TTree::SetBranchStatus>: unknown branch -> HLT_mb_sptrk_prescale
Error in <TTree::SetBranchStatus>: unknown branch -> HLT_mb_sptrk_decision
Error in <TTree::SetBranchStatus>: unknown branch -> HLT_mb_sptrk_prescale
Error in <TTree::SetBranchStatus>: unknown branch -> HLT_mb_sptrk_decision
Error in <TTree::SetBranchStatus>: unknown branch -> HLT_mb_sptrk_prescale
Error in <TTree::SetBranchStatus>: unknown branch -> HLT_mb_sptrk_decision
Error in <TTree::SetBranchStatus>: unknown branch -> HLT_mb_sptrk_prescale
Error in <TTree::SetBranchStatus>: unknown branch -> HLT_mb_sptrk_decision
Error in <TTree::SetBranchStatus>: unknown branch -> HLT_mb_sptrk_prescale
Error in <TTree::SetBranchStatus>: unknown branch -> HLT_mb_sptrk_decision
Error in <TTree::SetBranchStatus>: unknown branch -> HLT_mb_sptrk_prescale
Error in <TTree::SetBranchStatus>: unknown branch -> HLT_mb_sptrk_decision
Error in <TTree::SetBranchStatus>: unknown branch -> HLT_mb_sptrk_prescale
Error in <TTree::SetBranchStatus>: unknown branch -> HLT_mb_sptrk_decision
Error in <TTree::SetBranchStatus>: unknown branch -> HLT_mb_sptrk_prescale
Error in <TTree::SetBranchStatus>: unknown branch -> HLT_mb_sptrk_decision
Error in <TTree::SetBranchStatus>: unknown branch -> HLT_mb_sptrk_prescale
Error in <TTree::SetBranchStatus>: unknown branch -> HLT_mb_sptrk_decision
Error in <TTree::SetBranchStatus>: unknown branch -> HLT_mb_sptrk_prescale
Error in <TTree::SetBranchStatus>: unknown branch -> HLT_mb_sptrk_decision
Error in <TTree::SetBranchStatus>: unknown branch -> HLT_mb_sptrk_prescale
Error in <TTree::SetBranchStatus>: unknown branch -> HLT_mb_sptrk_decision
Error in <TTree::SetBranchStatus>: unknown branch -> HLT_mb_sptrk_prescale
Error in <TTree::SetBranchStatus>: unknown branch -> HLT_mb_sptrk_decision
Error in <TTree::SetBranchStatus>: unknown branch -> HLT_mb_sptrk_prescale
Error in <TTree::SetBranchStatus>: unknown branch -> HLT_mb_sptrk_decision
Error in <TTree::SetBranchStatus>: unknown branch -> HLT_mb_sptrk_prescale
Error in <TTree::SetBranchStatus>: unknown branch -> HLT_mb_sptrk_decision
Error in <TTree::SetBranchStatus>: unknown branch -> HLT_mb_sptrk_prescale
Error in <TTree::SetBranchStatus>: unknown branch -> HLT_mb_sptrk_decision
Error in <TTree::SetBranchStatus>: unknown branch -> HLT_mb_sptrk_prescale
Error in <TTree::SetBranchStatus>: unknown branch -> HLT_mb_sptrk_decision
Error in <TTree::SetBranchStatus>: unknown branch -> HLT_mb_sptrk_prescale
Error in <TTree::SetBranchStatus>: unknown branch -> HLT_mb_sptrk_decision
Error in <TTree::SetBranchStatus>: unknown branch -> HLT_mb_sptrk_prescale
Error in <TTree::SetBranchStatus>: unknown branch -> HLT_mb_sptrk_decision
Error in <TTree::SetBranchStatus>: unknown branch -> HLT_mb_sptrk_prescale
Error in <TTree::SetBranchStatus>: unknown branch -> HLT_mb_sptrk_decision
Error in <TTree::SetBranchStatus>: unknown branch -> HLT_mb_sptrk_prescale
Error in <TTree::SetBranchStatus>: unknown branch -> HLT_mb_sptrk_decision
Error in <TTree::SetBranchStatus>: unknown branch -> HLT_mb_sptrk_prescale
Error in <TTree::SetBranchStatus>: unknown branch -> HLT_mb_sptrk_decision
Error in <TTree::SetBranchStatus>: unknown branch -> HLT_mb_sptrk_prescale
Error in <TTree::SetBranchStatus>: unknown branch -> HLT_mb_sptrk_decision
Error in <TTree::SetBranchStatus>: unknown branch -> HLT_mb_sptrk_prescale
Error in <TTree::SetBranchStatus>: unknown branch -> HLT_mb_sptrk_decision
Error in <TTree::SetBranchStatus>: unknown branch -> HLT_mb_sptrk_prescale
Error in <TTree::SetBranchStatus>: unknown branch -> HLT_mb_sptrk_decision
Error in <TTree::SetBranchStatus>: unknown branch -> HLT_mb_sptrk_prescale
Error in <TTree::SetBranchStatus>: unknown branch -> HLT_mb_sptrk_decision
Error in <TTree::SetBranchStatus>: unknown branch -> HLT_mb_sptrk_prescale
Error in <TTree::SetBranchStatus>: unknown branch -> HLT_mb_sptrk_decision
Error in <TTree::SetBranchStatus>: unknown branch -> HLT_mb_sptrk_prescale
Error in <TTree::SetBranchStatus>: unknown branch -> HLT_mb_sptrk_decision
Error in <TTree::SetBranchStatus>: unknown branch -> HLT_mb_sptrk_prescale
Error in <TTree::SetBranchStatus>: unknown branch -> HLT_mb_sptrk_decision
Error in <TTree::SetBranchStatus>: unknown branch -> HLT_mb_sptrk_prescale
Error in <TTree::SetBranchStatus>: unknown branch -> HLT_mb_sptrk_decision
Error in <TTree::SetBranchStatus>: unknown branch -> HLT_mb_sptrk_prescale
Error in <TTree::SetBranchStatus>: unknown branch -> HLT_mb_sptrk_decision
Error in <TTree::SetBranchStatus>: unknown branch -> HLT_mb_sptrk_prescale
Error in <TTree::SetBranchStatus>: unknown branch -> HLT_mb_sptrk_decision
Error in <TTree::SetBranchStatus>: unknown branch -> HLT_mb_sptrk_prescale
Error in <TTree::SetBranchStatus>: unknown branch -> HLT_mb_sptrk_decision
Error in <TTree::SetBranchStatus>: unknown branch -> HLT_mb_sptrk_prescale
Error in <TTree::SetBranchStatus>: unknown branch -> HLT_mb_sptrk_decision
Error in <TTree::SetBranchStatus>: unknown branch -> HLT_mb_sptrk_prescale
Error in <TTree::SetBranchStatus>: unknown branch -> HLT_mb_sptrk_decision
Error in <TTree::SetBranchStatus>: unknown branch -> HLT_mb_sptrk_prescale
Error in <TTree::SetBranchStatus>: unknown branch -> HLT_mb_sptrk_decision
Error in <TTree::SetBranchStatus>: unknown branch -> HLT_mb_sptrk_prescale
Error in <TTree::SetBranchStatus>: unknown branch -> HLT_mb_sptrk_decision
Error in <TTree::SetBranchStatus>: unknown branch -> HLT_mb_sptrk_prescale
Error in <TTree::SetBranchStatus>: unknown branch -> HLT_mb_sptrk_decision
Error in <TTree::SetBranchStatus>: unknown branch -> HLT_mb_sptrk_prescale
Error in <TTree::SetBranchStatus>: unknown branch -> HLT_mb_sptrk_decision
Error in <TTree::SetBranchStatus>: unknown branch -> HLT_mb_sptrk_prescale
Error in <TTree::SetBranchStatus>: unknown branch -> HLT_mb_sptrk_decision
Error in <TTree::SetBranchStatus>: unknown branch -> HLT_mb_sptrk_prescale
Error in <TTree::SetBranchStatus>: unknown branch -> HLT_mb_sptrk_decision
Error in <TTree::SetBranchStatus>: unknown branch -> HLT_mb_sptrk_prescale
Error in <TTree::SetBranchStatus>: unknown branch -> HLT_mb_sptrk_decision
Error in <TTree::SetBranchStatus>: unknown branch -> HLT_mb_sptrk_prescale
Error in <TTree::SetBranchStatus>: unknown branch -> HLT_mb_sptrk_decision
Error in <TTree::SetBranchStatus>: unknown branch -> HLT_mb_sptrk_prescale
Error in <TTree::SetBranchStatus>: unknown branch -> HLT_mb_sptrk_decision
Error in <TTree::SetBranchStatus>: unknown branch -> HLT_mb_sptrk_prescale
Error in <TTree::SetBranchStatus>: unknown branch -> HLT_mb_sptrk_decision
Error in <TTree::SetBranchStatus>: unknown branch -> HLT_mb_sptrk_prescale
Error in <TTree::SetBranchStatus>: unknown branch -> HLT_mb_sptrk_decision
Error in <TTree::SetBranchStatus>: unknown branch -> HLT_mb_sptrk_prescale
Error in <TTree::SetBranchStatus>: unknown branch -> HLT_mb_sptrk_decision
Error in <TTree::SetBranchStatus>: unknown branch -> HLT_mb_sptrk_prescale
Error in <TTree::SetBranchStatus>: unknown branch -> HLT_mb_sptrk_decision
Error in <TTree::SetBranchStatus>: unknown branch -> HLT_mb_sptrk_prescale
Error in <TTree::SetBranchStatus>: unknown branch -> HLT_mb_sptrk_decision
Error in <TTree::SetBranchStatus>: unknown branch -> HLT_mb_sptrk_prescale
Error in <TTree::SetBranchStatus>: unknown branch -> HLT_mb_sptrk_decision
Error in <TTree::SetBranchStatus>: unknown branch -> HLT_mb_sptrk_prescale
Error in <TTree::SetBranchStatus>: unknown branch -> HLT_mb_sptrk_decision
Error in <TTree::SetBranchStatus>: unknown branch -> HLT_mb_sptrk_prescale
Error in <TTree::SetBranchStatus>: unknown branch -> HLT_mb_sptrk_decision
Error in <TTree::SetBranchStatus>: unknown branch -> HLT_mb_sptrk_prescale
Error in <TTree::SetBranchStatus>: unknown branch -> HLT_mb_sptrk_decision
Error in <TTree::SetBranchStatus>: unknown branch -> HLT_mb_sptrk_prescale
Error in <TTree::SetBranchStatus>: unknown branch -> HLT_mb_sptrk_decision
Error in <TTree::SetBranchStatus>: unknown branch -> HLT_mb_sptrk_prescale
Error in <TTree::SetBranchStatus>: unknown branch -> HLT_mb_sptrk_decision
Error in <TTree::SetBranchStatus>: unknown branch -> HLT_mb_sptrk_prescale
Error in <TTree::SetBranchStatus>: unknown branch -> HLT_mb_sptrk_decision
Error in <TTree::SetBranchStatus>: unknown branch -> HLT_mb_sptrk_prescale
Error in <TTree::SetBranchStatus>: unknown branch -> HLT_mb_sptrk_decision
Error in <TTree::SetBranchStatus>: unknown branch -> HLT_mb_sptrk_prescale
Error in <TTree::SetBranchStatus>: unknown branch -> HLT_mb_sptrk_decision
Error in <TTree::SetBranchStatus>: unknown branch -> HLT_mb_sptrk_prescale
Error in <TTree::SetBranchStatus>: unknown branch -> HLT_mb_sptrk_decision
Error in <TTree::SetBranchStatus>: unknown branch -> HLT_mb_sptrk_prescale
Error in <TTree::SetBranchStatus>: unknown branch -> HLT_mb_sptrk_decision
Error in <TTree::SetBranchStatus>: unknown branch -> HLT_mb_sptrk_prescale
Error in <TTree::SetBranchStatus>: unknown branch -> HLT_mb_sptrk_decision
Error in <TTree::SetBranchStatus>: unknown branch -> HLT_mb_sptrk_prescale
Error in <TTree::SetBranchStatus>: unknown branch -> HLT_mb_sptrk_decision
Error in <TTree::SetBranchStatus>: unknown branch -> HLT_mb_sptrk_prescale
Error in <TTree::SetBranchStatus>: unknown branch -> HLT_mb_sptrk_decision
Error in <TTree::SetBranchStatus>: unknown branch -> HLT_mb_sptrk_prescale
Error in <TTree::SetBranchStatus>: unknown branch -> HLT_mb_sptrk_decision
Error in <TTree::SetBranchStatus>: unknown branch -> HLT_mb_sptrk_prescale
Error in <TTree::SetBranchStatus>: unknown branch -> HLT_mb_sptrk_decision
Error in <TTree::SetBranchStatus>: unknown branch -> HLT_mb_sptrk_prescale
Error in <TTree::SetBranchStatus>: unknown branch -> HLT_mb_sptrk_decision
Error in <TTree::SetBranchStatus>: unknown branch -> HLT_mb_sptrk_prescale
Error in <TTree::SetBranchStatus>: unknown branch -> HLT_mb_sptrk_decision
Error in <TTree::SetBranchStatus>: unknown branch -> HLT_mb_sptrk_prescale
Error in <TTree::SetBranchStatus>: unknown branch -> HLT_mb_sptrk_decision
Error in <TTree::SetBranchStatus>: unknown branch -> HLT_mb_sptrk_prescale
Error in <TTree::SetBranchStatus>: unknown branch -> HLT_mb_sptrk_decision
Error in <TTree::SetBranchStatus>: unknown branch -> HLT_mb_sptrk_prescale
Error in <TTree::SetBranchStatus>: unknown branch -> HLT_mb_sptrk_decision
Error in <TTree::SetBranchStatus>: unknown branch -> HLT_mb_sptrk_prescale
Error in <TTree::SetBranchStatus>: unknown branch -> HLT_mb_sptrk_decision
Error in <TTree::SetBranchStatus>: unknown branch -> HLT_mb_sptrk_prescale
Error in <TTree::SetBranchStatus>: unknown branch -> HLT_mb_sptrk_decision
Error in <TTree::SetBranchStatus>: unknown branch -> HLT_mb_sptrk_prescale
Error in <TTree::SetBranchStatus>: unknown branch -> HLT_mb_sptrk_decision
Error in <TTree::SetBranchStatus>: unknown branch -> HLT_mb_sptrk_prescale
Error in <TTree::SetBranchStatus>: unknown branch -> HLT_mb_sptrk_decision
Error in <TTree::SetBranchStatus>: unknown branch -> HLT_mb_sptrk_prescale
Error in <TTree::SetBranchStatus>: unknown branch -> HLT_mb_sptrk_decision
Error in <TTree::SetBranchStatus>: unknown branch -> HLT_mb_sptrk_prescale
Error in <TTree::SetBranchStatus>: unknown branch -> HLT_mb_sptrk_decision
Error in <TTree::SetBranchStatus>: unknown branch -> HLT_mb_sptrk_prescale
Error in <TTree::SetBranchStatus>: unknown branch -> HLT_mb_sptrk_decision
Error in <TTree::SetBranchStatus>: unknown branch -> HLT_mb_sptrk_prescale
Error in <TTree::SetBranchStatus>: unknown branch -> HLT_mb_sptrk_decision
Error in <TTree::SetBranchStatus>: unknown branch -> HLT_mb_sptrk_prescale
Error in <TTree::SetBranchStatus>: unknown branch -> HLT_mb_sptrk_decision
Error in <TTree::SetBranchStatus>: unknown branch -> HLT_mb_sptrk_prescale
Error in <TTree::SetBranchStatus>: unknown branch -> HLT_mb_sptrk_decision
Error in <TTree::SetBranchStatus>: unknown branch -> HLT_mb_sptrk_prescale
Error in <TTree::SetBranchStatus>: unknown branch -> HLT_mb_sptrk_decision
Error in <TTree::SetBranchStatus>: unknown branch -> HLT_mb_sptrk_prescale
Error in <TTree::SetBranchStatus>: unknown branch -> HLT_mb_sptrk_decision
Error in <TTree::SetBranchStatus>: unknown branch -> HLT_mb_sptrk_prescale
Error in <TTree::SetBranchStatus>: unknown branch -> HLT_mb_sptrk_decision
Error in <TTree::SetBranchStatus>: unknown branch -> HLT_mb_sptrk_prescale
Error in <TTree::SetBranchStatus>: unknown branch -> HLT_mb_sptrk_decision
Error in <TTree::SetBranchStatus>: unknown branch -> HLT_mb_sptrk_prescale
Error in <TTree::SetBranchStatus>: unknown branch -> HLT_mb_sptrk_decision
Error in <TTree::SetBranchStatus>: unknown branch -> HLT_mb_sptrk_prescale
Error in <TTree::SetBranchStatus>: unknown branch -> HLT_mb_sptrk_decision
Error in <TTree::SetBranchStatus>: unknown branch -> HLT_mb_sptrk_prescale
Error in <TTree::SetBranchStatus>: unknown branch -> HLT_mb_sptrk_decision
Error in <TTree::SetBranchStatus>: unknown branch -> HLT_mb_sptrk_prescale
Error in <TTree::SetBranchStatus>: unknown branch -> HLT_mb_sptrk_decision
Error in <TTree::SetBranchStatus>: unknown branch -> HLT_mb_sptrk_prescale
Error in <TTree::SetBranchStatus>: unknown branch -> HLT_mb_sptrk_decision
Error in <TTree::SetBranchStatus>: unknown branch -> HLT_mb_sptrk_prescale
Error in <TTree::SetBranchStatus>: unknown branch -> HLT_mb_sptrk_decision
Error in <TTree::SetBranchStatus>: unknown branch -> HLT_mb_sptrk_prescale
Error in <TTree::SetBranchStatus>: unknown branch -> HLT_mb_sptrk_decision
Error in <TTree::SetBranchStatus>: unknown branch -> HLT_mb_sptrk_prescale
Error in <TTree::SetBranchStatus>: unknown branch -> HLT_mb_sptrk_decision
Error in <TTree::SetBranchStatus>: unknown branch -> HLT_mb_sptrk_prescale
Error in <TTree::SetBranchStatus>: unknown branch -> HLT_mb_sptrk_decision
Error in <TTree::SetBranchStatus>: unknown branch -> HLT_mb_sptrk_prescale
*** Error in `condor_exec.exe': double free or corruption (fasttop): 0x00000000017f4720 ***
======= Backtrace: =========
/usr/lib64/libc.so.6(+0x7c503)[0x2ba13ad6e503]
/usr/lib64/libc.so.6(__cxa_finalize+0x9a)[0x2ba13ad2adba]
/atlasgpfs01/usatlas/workarea/jeff/HadronYieldsAnalysis/lib/libJetHadronSkimmer.so(+0xa9a3)[0x2ba139a159a3]
======= Memory map: ========
00400000-0040b000 r-xp 00000000 00:36 5086146                            /gpfs/mnt/atlasgpfs01/usatlas/workarea/jeff/HadronYieldsAnalysis/bin/run.exe
0060a000-0060b000 r--p 0000a000 00:36 5086146                            /gpfs/mnt/atlasgpfs01/usatlas/workarea/jeff/HadronYieldsAnalysis/bin/run.exe
0060b000-0060c000 rw-p 0000b000 00:36 5086146                            /gpfs/mnt/atlasgpfs01/usatlas/workarea/jeff/HadronYieldsAnalysis/bin/run.exe
0060c000-007dc000 rw-p 00000000 00:00 0 
0171a000-0f03d000 rw-p 00000000 00:00 0                                  [heap]
2ba1344f3000-2ba134513000 r-xp 00000000 fd:00 264151                     /usr/lib64/ld-2.17.so
2ba134513000-2ba134574000 rw-p 00000000 00:00 0 
2ba1345a4000-2ba134673000 rw-p 00000000 00:00 0 
2ba1346a4000-2ba1346f5000 rw-p 00000000 00:00 0 
2ba1346f5000-2ba134702000 r--p 00000000 00:4f 5044                       /cvmfs/sft.cern.ch/lcg/releases/ROOT/v6.20.06-3f7fd/x86_64-centos7-gcc8-opt/lib/xlocale.h.pcm
2ba134702000-2ba13470f000 r--p 00000000 00:4f 5506                       /cvmfs/sft.cern.ch/lcg/releases/ROOT/v6.20.06-3f7fd/x86_64-centos7-gcc8-opt/lib/_Builtin_stddef_max_align_t.pcm
2ba134713000-2ba134714000 r--p 00020000 fd:00 264151                     /usr/lib64/ld-2.17.so
2ba134714000-2ba134715000 rw-p 00021000 fd:00 264151                     /usr/lib64/ld-2.17.so
2ba134715000-2ba134716000 rw-p 00000000 00:00 0 
2ba134716000-2ba134b75000 r-xp 00000000 00:4f 5253                       /cvmfs/sft.cern.ch/lcg/releases/ROOT/v6.20.06-3f7fd/x86_64-centos7-gcc8-opt/lib/libGui.so
2ba134b75000-2ba134d75000 ---p 0045f000 00:4f 5253                       /cvmfs/sft.cern.ch/lcg/releases/ROOT/v6.20.06-3f7fd/x86_64-centos7-gcc8-opt/lib/libGui.so
2ba134d75000-2ba134dc1000 r--p 0045f000 00:4f 5253                       /cvmfs/sft.cern.ch/lcg/releases/ROOT/v6.20.06-3f7fd/x86_64-centos7-gcc8-opt/lib/libGui.so
2ba134dc1000-2ba134dc6000 rw-p 004ab000 00:4f 5253                       /cvmfs/sft.cern.ch/lcg/releases/ROOT/v6.20.06-3f7fd/x86_64-centos7-gcc8-opt/lib/libGui.so
2ba134dc6000-2ba134dd7000 rw-p 00000000 00:00 0 
2ba134dd7000-2ba1352ac000 r-xp 00000000 00:4f 5344                       /cvmfs/sft.cern.ch/lcg/releases/ROOT/v6.20.06-3f7fd/x86_64-centos7-gcc8-opt/lib/libCore.so
2ba1352ac000-2ba1354ab000 ---p 004d5000 00:4f 5344                       /cvmfs/sft.cern.ch/lcg/releases/ROOT/v6.20.06-3f7fd/x86_64-centos7-gcc8-opt/lib/libCore.so
2ba1354ab000-2ba1354d5000 r--p 004d4000 00:4f 5344                       /cvmfs/sft.cern.ch/lcg/releases/ROOT/v6.20.06-3f7fd/x86_64-centos7-gcc8-opt/lib/libCore.so
2ba1354d5000-2ba1354db000 rw-p 004fe000 00:4f 5344                       /cvmfs/sft.cern.ch/lcg/releases/ROOT/v6.20.06-3f7fd/x86_64-centos7-gcc8-opt/lib/libCore.so
2ba1354db000-2ba13550f000 rw-p 00000000 00:00 0 
2ba13550f000-2ba13551d000 r-xp 00000000 00:4f 5293                       /cvmfs/sft.cern.ch/lcg/releases/ROOT/v6.20.06-3f7fd/x86_64-centos7-gcc8-opt/lib/libImt.so
2ba13551d000-2ba13571c000 ---p 0000e000 00:4f 5293                       /cvmfs/sft.cern.ch/lcg/releases/ROOT/v6.20.06-3f7fd/x86_64-centos7-gcc8-opt/lib/libImt.so
2ba13571c000-2ba13571d000 r--p 0000d000 00:4f 5293                       /cvmfs/sft.cern.ch/lcg/releases/ROOT/v6.20.06-3f7fd/x86_64-centos7-gcc8-opt/lib/libImt.so
2ba13571d000-2ba13571e000 rw-p 0000e000 00:4f 5293                       /cvmfs/sft.cern.ch/lcg/releases/ROOT/v6.20.06-3f7fd/x86_64-centos7-gcc8-opt/lib/libImt.so
2ba13571e000-2ba135ab2000 r-xp 00000000 00:4f 6317                       /cvmfs/sft.cern.ch/lcg/releases/ROOT/v6.20.06-3f7fd/x86_64-centos7-gcc8-opt/lib/libRIO.so
2ba135ab2000-2ba135cb2000 ---p 00394000 00:4f 6317                       /cvmfs/sft.cern.ch/lcg/releases/ROOT/v6.20.06-3f7fd/x86_64-centos7-gcc8-opt/lib/libRIO.so
2ba135cb2000-2ba135cbf000 r--p 00394000 00:4f 6317                       /cvmfs/sft.cern.ch/lcg/releases/ROOT/v6.20.06-3f7fd/x86_64-centos7-gcc8-opt/lib/libRIO.so
2ba135cbf000-2ba135cc2000 rw-p 003a1000 00:4f 6317                       /cvmfs/sft.cern.ch/lcg/releases/ROOT/v6.20.06-3f7fd/x86_64-centos7-gcc8-opt/lib/libRIO.so
2ba135cc2000-2ba135cc5000 rw-p 00000000 00:00 0 
2ba135cc5000-2ba135d90000 r-xp 00000000 00:4f 5545                       /cvmfs/sft.cern.ch/lcg/releases/ROOT/v6.20.06-3f7fd/x86_64-centos7-gcc8-opt/lib/libNet.so
2ba135d90000-2ba135f8f000 ---p 000cb000 00:4f 5545                       /cvmfs/sft.cern.ch/lcg/releases/ROOT/v6.20.06-3f7fd/x86_64-centos7-gcc8-opt/lib/libNet.so
2ba135f8f000-2ba135f9b000 r--p 000ca000 00:4f 5545                       /cvmfs/sft.cern.ch/lcg/releases/ROOT/v6.20.06-3f7fd/x86_64-centos7-gcc8-opt/lib/libNet.so
2ba135f9b000-2ba135f9d000 rw-p 000d6000 00:4f 5545                       /cvmfs/sft.cern.ch/lcg/releases/ROOT/v6.20.06-3f7fd/x86_64-centos7-gcc8-opt/lib/libNet.so
2ba135f9d000-2ba135fa4000 rw-p 00000000 00:00 0 
2ba135fa4000-2ba136361000 r-xp 00000000 00:4f 5454                       /cvmfs/sft.cern.ch/lcg/releases/ROOT/v6.20.06-3f7fd/x86_64-centos7-gcc8-opt/lib/libHist.so
2ba136361000-2ba136560000 ---p 003bd000 00:4f 5454                       /cvmfs/sft.cern.ch/lcg/releases/ROOT/v6.20.06-3f7fd/x86_64-centos7-gcc8-opt/lib/libHist.so
2ba136560000-2ba13658a000 r--p 003bc000 00:4f 5454                       /cvmfs/sft.cern.ch/lcg/releases/ROOT/v6.20.06-3f7fd/x86_64-centos7-gcc8-opt/lib/libHist.so
2ba13658a000-2ba13658e000 rw-p 003e6000 00:4f 5454                       /cvmfs/sft.cern.ch/lcg/releases/ROOT/v6.20.06-3f7fd/x86_64-centos7-gcc8-opt/lib/libHist.so
2ba13658e000-2ba136599000 rw-p 00000000 00:00 0 
2ba136599000-2ba1366e3000 r-xp 00000000 00:4f 5062                       /cvmfs/sft.cern.ch/lcg/releases/ROOT/v6.20.06-3f7fd/x86_64-centos7-gcc8-opt/lib/libGraf.so
2ba1366e3000-2ba1368e2000 ---p 0014a000 00:4f 5062                       /cvmfs/sft.cern.ch/lcg/releases/ROOT/v6.20.06-3f7fd/x86_64-centos7-gcc8-opt/lib/libGraf.so
2ba1368e2000-2ba1368f0000 r--p 00149000 00:4f 5062                       /cvmfs/sft.cern.ch/lcg/releases/ROOT/v6.20.06-3f7fd/x86_64-centos7-gcc8-opt/lib/libGraf.so
2ba1368f0000-2ba1368f4000 rw-p 00157000 00:4f 5062                       /cvmfs/sft.cern.ch/lcg/releases/ROOT/v6.20.06-3f7fd/x86_64-centos7-gcc8-opt/lib/libGraf.so
2ba1368f4000-2ba136902000 rw-p 00000000 00:00 0 
2ba136902000-2ba1369a1000 r-xp 00000000 00:4f 5416                       /cvmfs/sft.cern.ch/lcg/releases/ROOT/v6.20.06-3f7fd/x86_64-centos7-gcc8-opt/lib/libGraf3d.so
2ba1369a1000-2ba136ba0000 ---p 0009f000 00:4f 5416                       /cvmfs/sft.cern.ch/lcg/releases/ROOT/v6.20.06-3f7fd/x86_64-centos7-gcc8-opt/lib/libGraf3d.so
2ba136ba0000-2ba136baa000 r--p 0009e000 00:4f 5416                       /cvmfs/sft.cern.ch/lcg/releases/ROOT/v6.20.06-3f7fd/x86_64-centos7-gcc8-opt/lib/libGraf3d.so
2ba136baa000-2ba136bab000 rw-p 000a8000 00:4f 5416                       /cvmfs/sft.cern.ch/lcg/releases/ROOT/v6.20.06-3f7fd/x86_64-centos7-gcc8-opt/lib/libGraf3d.so
2ba136bab000-2ba136baf000 rw-p 00000000 00:00 0 
2ba136baf000-2ba136c8a000 r-xp 00000000 00:4f 5089                       /cvmfs/sft.cern.ch/lcg/releases/ROOT/v6.20.06-3f7fd/x86_64-centos7-gcc8-opt/lib/libGpad.so
2ba136c8a000-2ba136e89000 ---p 000db000 00:4f 5089                       /cvmfs/sft.cern.ch/lcg/releases/ROOT/v6.20.06-3f7fd/x86_64-centos7-gcc8-opt/lib/libGpad.so
2ba136e89000-2ba136e93000 r--p 000da000 00:4f 5089                       /cvmfs/sft.cern.ch/lcg/releases/ROOT/v6.20.06-3f7fd/x86_64-centos7-gcc8-opt/lib/libGpad.so
2ba136e93000-2ba136e95000 rw-p 000e4000 00:4f 5089                       /cvmfs/sft.cern.ch/lcg/releases/ROOT/v6.20.06-3f7fd/x86_64-centos7-gcc8-opt/lib/libGpad.so
2ba136e95000-2ba136e96000 rw-p 00000000 00:00 0 
2ba136e96000-2ba136f6b000 r-xp 00000000 00:4f 5012                       /cvmfs/sft.cern.ch/lcg/releases/ROOT/v6.20.06-3f7fd/x86_64-centos7-gcc8-opt/lib/libROOTVecOps.so
2ba136f6b000-2ba13716a000 ---p 000d5000 00:4f 5012                       /cvmfs/sft.cern.ch/lcg/releases/ROOT/v6.20.06-3f7fd/x86_64-centos7-gcc8-opt/lib/libROOTVecOps.so
2ba13716a000-2ba13716c000 r--p 000d4000 00:4f 5012                       /cvmfs/sft.cern.ch/lcg/releases/ROOT/v6.20.06-3f7fd/x86_64-centos7-gcc8-opt/lib/libROOTVecOps.so
2ba13716c000-2ba13716d000 rw-p 000d6000 00:4f 5012                       /cvmfs/sft.cern.ch/lcg/releases/ROOT/v6.20.06-3f7fd/x86_64-centos7-gcc8-opt/lib/libROOTVecOps.so
2ba13716d000-2ba13716f000 rw-p 00000000 00:00 0 
2ba13716f000-2ba1372d9000 r-xp 00000000 00:4f 5467                       /cvmfs/sft.cern.ch/lcg/releases/ROOT/v6.20.06-3f7fd/x86_64-centos7-gcc8-opt/lib/libTree.so
2ba1372d9000-2ba1374d8000 ---p 0016a000 00:4f 5467                       /cvmfs/sft.cern.ch/lcg/releases/ROOT/v6.20.06-3f7fd/x86_64-centos7-gcc8-opt/lib/libTree.so
2ba1374d8000-2ba1374e8000 r--p 00169000 00:4f 5467                       /cvmfs/sft.cern.ch/lcg/releases/ROOT/v6.20.06-3f7fd/x86_64-centos7-gcc8-opt/lib/libTree.so
2ba1374e8000-2ba1374eb000 rw-p 00179000 00:4f 5467                       /cvmfs/sft.cern.ch/lcg/releases/ROOT/v6.20.06-3f7fd/x86_64-centos7-gcc8-opt/lib/libTree.so
2ba1374eb000-2ba1374ef000 rw-p 00000000 00:00 0 
2ba1374ef000-2ba137663000 r-xp 00000000 00:4f 5262                       /cvmfs/sft.cern.ch/lcg/releases/ROOT/v6.20.06-3f7fd/x86_64-centos7-gcc8-opt/lib/libTreePlayer.so
2ba137663000-2ba137862000 ---p 00174000 00:4f 5262                       /cvmfs/sft.cern.ch/lcg/releases/ROOT/v6.20.06-3f7fd/x86_64-centos7-gcc8-opt/lib/libTreePlayer.so
2ba137862000-2ba13786d000 r--p 00173000 00:4f 5262                       /cvmfs/sft.cern.ch/lcg/releases/ROOT/v6.20.06-3f7fd/x86_64-centos7-gcc8-opt/lib/libTreePlayer.so
2ba13786d000-2ba13786f000 rw-p 0017e000 00:4f 5262                       /cvmfs/sft.cern.ch/lcg/releases/ROOT/v6.20.06-3f7fd/x86_64-centos7-gcc8-opt/lib/libTreePlayer.so
2ba13786f000-2ba137876000 rw-p 00000000 00:00 0 
2ba137876000-2ba13789d000 r-xp 00000000 00:4f 5074                       /cvmfs/sft.cern.ch/lcg/releases/ROOT/v6.20.06-3f7fd/x86_64-centos7-gcc8-opt/lib/libRint.so
2ba13789d000-2ba137a9c000 ---p 00027000 00:4f 5074                       /cvmfs/sft.cern.ch/lcg/releases/ROOT/v6.20.06-3f7fd/x86_64-centos7-gcc8-opt/lib/libRint.so
2ba137a9c000-2ba137a9e000 r--p 00026000 00:4f 5074                       /cvmfs/sft.cern.ch/lcg/releases/ROOT/v6.20.06-3f7fd/x86_64-centos7-gcc8-opt/lib/libRint.so
2ba137a9e000-2ba137a9f000 rw-p 00028000 00:4f 5074                       /cvmfs/sft.cern.ch/lcg/releases/ROOT/v6.20.06-3f7fd/x86_64-centos7-gcc8-opt/lib/libRint.so
2ba137a9f000-2ba137b0e000 r-xp 00000000 00:4f 5439                       /cvmfs/sft.cern.ch/lcg/releases/ROOT/v6.20.06-3f7fd/x86_64-centos7-gcc8-opt/lib/libPostscript.so
2ba137b0e000-2ba137d0e000 ---p 0006f000 00:4f 5439                       /cvmfs/sft.cern.ch/lcg/releases/ROOT/v6.20.06-3f7fd/x86_64-centos7-gcc8-opt/lib/libPostscript.so
2ba137d0e000-2ba137d15000 r--p 0006f000 00:4f 5439                       /cvmfs/sft.cern.ch/lcg/releases/ROOT/v6.20.06-3f7fd/x86_64-centos7-gcc8-opt/lib/libPostscript.so
2ba137d15000-2ba137d16000 rw-p 00076000 00:4f 5439                       /cvmfs/sft.cern.ch/lcg/releases/ROOT/v6.20.06-3f7fd/x86_64-centos7-gcc8-opt/lib/libPostscript.so
2ba137d16000-2ba137d17000 rw-p 00000000 00:00 0 
2ba137d17000-2ba137e82000 r-xp 00000000 00:4f 5481                       /cvmfs/sft.cern.ch/lcg/releases/ROOT/v6.20.06-3f7fd/x86_64-centos7-gcc8-opt/lib/libMatrix.so
2ba137e82000-2ba138081000 ---p 0016b000 00:4f 5481                       /cvmfs/sft.cern.ch/lcg/releases/ROOT/v6.20.06-3f7fd/x86_64-centos7-gcc8-opt/lib/libMatrix.so
2ba138081000-2ba138089000 r--p 0016a000 00:4f 5481                       /cvmfs/sft.cern.ch/lcg/releases/ROOT/v6.20.06-3f7fd/x86_64-centos7-gcc8-opt/lib/libMatrix.so
2ba138089000-2ba13808b000 rw-p 00172000 00:4f 5481                       /cvmfs/sft.cern.ch/lcg/releases/ROOT/v6.20.06-3f7fd/x86_64-centos7-gcc8-opt/lib/libMatrix.so
2ba13808b000-2ba13808f000 rw-p 00000000 00:00 0 
2ba13808f000-2ba1380d7000 r-xp 00000000 00:4f 5097                       /cvmfs/sft.cern.ch/lcg/releases/ROOT/v6.20.06-3f7fd/x86_64-centos7-gcc8-opt/lib/libPhysics.so
2ba1380d7000-2ba1382d7000 ---p 00048000 00:4f 5097                       /cvmfs/sft.cern.ch/lcg/releases/ROOT/v6.20.06-3f7fd/x86_64-centos7-gcc8-opt/lib/libPhysics.so
2ba1382d7000-2ba1382da000 r--p 00048000 00:4f 5097                       /cvmfs/sft.cern.ch/lcg/releases/ROOT/v6.20.06-3f7fd/x86_64-centos7-gcc8-opt/lib/libPhysics.so
2ba1382da000-2ba1382db000 rw-p 0004b000 00:4f 5097                       /cvmfs/sft.cern.ch/lcg/releases/ROOT/v6.20.06-3f7fd/x86_64-centos7-gcc8-opt/lib/libPhysics.so
2ba1382db000-2ba1382dc000 rw-p 00000000 00:00 0 
2ba1382dc000-2ba1384d9000 r-xp 00000000 00:4f 4860                       /cvmfs/sft.cern.ch/lcg/releases/ROOT/v6.20.06-3f7fd/x86_64-centos7-gcc8-opt/lib/libMathCore.so
2ba1384d9000-2ba1386d9000 ---p 001fd000 00:4f 4860                       /cvmfs/sft.cern.ch/lcg/releases/ROOT/v6.20.06-3f7fd/x86_64-centos7-gcc8-opt/lib/libMathCore.so
2ba1386d9000-2ba1386e3000 r--p 001fd000 00:4f 4860                       /cvmfs/sft.cern.ch/lcg/releases/ROOT/v6.20.06-3f7fd/x86_64-centos7-gcc8-opt/lib/libMathCore.so
2ba1386e3000-2ba1386e6000 rw-p 00207000 00:4f 4860                       /cvmfs/sft.cern.ch/lcg/releases/ROOT/v6.20.06-3f7fd/x86_64-centos7-gcc8-opt/lib/libMathCore.so
2ba1386e6000-2ba1386ef000 rw-p 00000000 00:00 0 
2ba1386ef000-2ba13873e000 r-xp 00000000 00:4f 5100                       /cvmfs/sft.cern.ch/lcg/releases/ROOT/v6.20.06-3f7fd/x86_64-centos7-gcc8-opt/lib/libThread.so
2ba13873e000-2ba13893d000 ---p 0004f000 00:4f 5100                       /cvmfs/sft.cern.ch/lcg/releases/ROOT/v6.20.06-3f7fd/x86_64-centos7-gcc8-opt/lib/libThread.so
2ba13893d000-2ba138941000 r--p 0004e000 00:4f 5100                       /cvmfs/sft.cern.ch/lcg/releases/ROOT/v6.20.06-3f7fd/x86_64-centos7-gcc8-opt/lib/libThread.so
2ba138941000-2ba138942000 rw-p 00052000 00:4f 5100                       /cvmfs/sft.cern.ch/lcg/releases/ROOT/v6.20.06-3f7fd/x86_64-centos7-gcc8-opt/lib/libThread.so
2ba138942000-2ba138944000 rw-p 00000000 00:00 0 
2ba138944000-2ba138950000 r-xp 00000000 00:4f 5320                       /cvmfs/sft.cern.ch/lcg/releases/ROOT/v6.20.06-3f7fd/x86_64-centos7-gcc8-opt/lib/libMultiProc.so
2ba138950000-2ba138b4f000 ---p 0000c000 00:4f 5320                       /cvmfs/sft.cern.ch/lcg/releases/ROOT/v6.20.06-3f7fd/x86_64-centos7-gcc8-opt/lib/libMultiProc.so
2ba138b4f000-2ba138b50000 r--p 0000b000 00:4f 5320                       /cvmfs/sft.cern.ch/lcg/releases/ROOT/v6.20.06-3f7fd/x86_64-centos7-gcc8-opt/lib/libMultiProc.so
2ba138b50000-2ba138b51000 rw-p 0000c000 00:4f 5320                       /cvmfs/sft.cern.ch/lcg/releases/ROOT/v6.20.06-3f7fd/x86_64-centos7-gcc8-opt/lib/libMultiProc.so
2ba138b51000-2ba138c03000 r-xp 00000000 00:4f 5105                       /cvmfs/sft.cern.ch/lcg/releases/ROOT/v6.20.06-3f7fd/x86_64-centos7-gcc8-opt/lib/libROOTDataFrame.so
2ba138c03000-2ba138e03000 ---p 000b2000 00:4f 5105                       /cvmfs/sft.cern.ch/lcg/releases/ROOT/v6.20.06-3f7fd/x86_64-centos7-gcc8-opt/lib/libROOTDataFrame.so
2ba138e03000-2ba138e06000 r--p 000b2000 00:4f 5105                       /cvmfs/sft.cern.ch/lcg/releases/ROOT/v6.20.06-3f7fd/x86_64-centos7-gcc8-opt/lib/libROOTDataFrame.so
2ba138e06000-2ba138e08000 rw-p 000b5000 00:4f 5105                       /cvmfs/sft.cern.ch/lcg/releases/ROOT/v6.20.06-3f7fd/x86_64-centos7-gcc8-opt/lib/libROOTDataFrame.so
2ba138e08000-2ba138e0b000 rw-p 00000000 00:00 0 
2ba138e0b000-2ba138e0d000 r-xp 00000000 fd:00 264164                     /usr/lib64/libdl-2.17.so
2ba138e0d000-2ba13900d000 ---p 00002000 fd:00 264164                     /usr/lib64/libdl-2.17.so
2ba13900d000-2ba13900e000 r--p 00002000 fd:00 264164                     /usr/lib64/libdl-2.17.so
2ba13900e000-2ba13900f000 rw-p 00003000 fd:00 264164                     /usr/lib64/libdl-2.17.so
2ba13900f000-2ba13901e000 r-xp 00000000 00:37 3362007893                 /direct/usatlas+u/jeff/RootUtilities/lib/libUtilities.so
2ba13901e000-2ba13921d000 ---p 0000f000 00:37 3362007893                 /direct/usatlas+u/jeff/RootUtilities/lib/libUtilities.so
2ba13921d000-2ba13921e000 r--p 0000e000 00:37 3362007893                 /direct/usatlas+u/jeff/RootUtilities/lib/libUtilities.so
2ba13921e000-2ba13921f000 rw-p 0000f000 00:37 3362007893                 /direct/usatlas+u/jeff/RootUtilities/lib/libUtilities.so
2ba13921f000-2ba139227000 r-xp 00000000 00:36 56323298                   /gpfs/mnt/atlasgpfs01/usatlas/workarea/jeff/atlas-hi/lib/libAtlasUtils.so
2ba139227000-2ba139426000 ---p 00008000 00:36 56323298                   /gpfs/mnt/atlasgpfs01/usatlas/workarea/jeff/atlas-hi/lib/libAtlasUtils.so
2ba139426000-2ba139427000 r--p 00007000 00:36 56323298                   /gpfs/mnt/atlasgpfs01/usatlas/workarea/jeff/atlas-hi/lib/libAtlasUtils.so
2ba139427000-2ba139428000 rw-p 00008000 00:36 56323298                   /gpfs/mnt/atlasgpfs01/usatlas/workarea/jeff/atlas-hi/lib/libAtlasUtils.so
2ba139428000-2ba13942a000 r-xp 00000000 00:36 56323256                   /gpfs/mnt/atlasgpfs01/usatlas/workarea/jeff/atlas-hi/lib/libAtlasStyle.so
2ba13942a000-2ba139629000 ---p 00002000 00:36 56323256                   /gpfs/mnt/atlasgpfs01/usatlas/workarea/jeff/atlas-hi/lib/libAtlasStyle.so
2ba139629000-2ba13962a000 r--p 00001000 00:36 56323256                   /gpfs/mnt/atlasgpfs01/usatlas/workarea/jeff/atlas-hi/lib/libAtlasStyle.so
2ba13962a000-2ba13962b000 rw-p 00002000 00:36 56323256                   /gpfs/mnt/atlasgpfs01/usatlas/workarea/jeff/atlas-hi/lib/libAtlasStyle.so
2ba13962b000-2ba13963a000 r-xp 00000000 00:36 5086140                    /gpfs/mnt/atlasgpfs01/usatlas/workarea/jeff/HadronYieldsAnalysis/lib/libLocalUtilities.so
2ba13963a000-2ba139839000 ---p 0000f000 00:36 5086140                    /gpfs/mnt/atlasgpfs01/usatlas/workarea/jeff/HadronYieldsAnalysis/lib/libLocalUtilities.so
2ba139839000-2ba13983a000 r--p 0000e000 00:36 5086140                    /gpfs/mnt/atlasgpfs01/usatlas/workarea/jeff/HadronYieldsAnalysis/lib/libLocalUtilities.so
2ba13983a000-2ba13983b000 rw-p 0000f000 00:36 5086140                    /gpfs/mnt/atlasgpfs01/usatlas/workarea/jeff/HadronYieldsAnalysis/lib/libLocalUtilities.so
2ba13983b000-2ba139a0b000 rw-p 00000000 00:00 0 
2ba139a0b000-2ba139a1d000 r-xp 00000000 00:36 5086138                    /gpfs/mnt/atlasgpfs01/usatlas/workarea/jeff/HadronYieldsAnalysis/lib/libJetHadronSkimmer.so
2ba139a1d000-2ba139c1d000 ---p 00012000 00:36 5086138                    /gpfs/mnt/atlasgpfs01/usatlas/workarea/jeff/HadronYieldsAnalysis/lib/libJetHadronSkimmer.so
2ba139c1d000-2ba139c1e000 r--p 00012000 00:36 5086138                    /gpfs/mnt/atlasgpfs01/usatlas/workarea/jeff/HadronYieldsAnalysis/lib/libJetHadronSkimmer.so
2ba139c1e000-2ba139c1f000 rw-p 00013000 00:36 5086138                    /gpfs/mnt/atlasgpfs01/usatlas/workarea/jeff/HadronYieldsAnalysis/lib/libJetHadronSkimmer.so
2ba139c1f000-2ba139e53000 rw-p 00000000 00:00 0 
2ba139e53000-2ba139e61000 r-xp 00000000 00:36 5086141                    /gpfs/mnt/atlasgpfs01/usatlas/workarea/jeff/HadronYieldsAnalysis/lib/libZDCAnalysis.so
2ba139e61000-2ba13a061000 ---p 0000e000 00:36 5086141                    /gpfs/mnt/atlasgpfs01/usatlas/workarea/jeff/HadronYieldsAnalysis/lib/libZDCAnalysis.so
2ba13a061000-2ba13a062000 r--p 0000e000 00:36 5086141                    /gpfs/mnt/atlasgpfs01/usatlas/workarea/jeff/HadronYieldsAnalysis/lib/libZDCAnalysis.so
2ba13a062000-2ba13a063000 rw-p 0000f000 00:36 5086141                    /gpfs/mnt/atlasgpfs01/usatlas/workarea/jeff/HadronYieldsAnalysis/lib/libZDCAnalysis.so
2ba13a063000-2ba13a233000 rw-p 00000000 00:00 0 
2ba13a233000-2ba13a3ac000 r-xp 00000000 00:4f 368335                     /cvmfs/sft.cern.ch/lcg/releases/gcc/8.3.0-cebb0/x86_64-centos7/lib64/libstdc++.so.6.0.25
2ba13a3ac000-2ba13a5ac000 ---p 00179000 00:4f 368335                     /cvmfs/sft.cern.ch/lcg/releases/gcc/8.3.0-cebb0/x86_64-centos7/lib64/libstdc++.so.6.0.25
2ba13a5ac000-2ba13a5b6000 r--p 00179000 00:4f 368335                     /cvmfs/sft.cern.ch/lcg/releases/gcc/8.3.0-cebb0/x86_64-centos7/lib64/libstdc++.so.6.0.25
2ba13a5b6000-2ba13a5b8000 rw-p 00183000 00:4f 368335                     /cvmfs/sft.cern.ch/lcg/releases/gcc/8.3.0-cebb0/x86_64-centos7/lib64/libstdc++.so.6.0.25
2ba13a5b8000-2ba13a5bc000 rw-p 00000000 00:00 0 
2ba13a5bc000-2ba13a6bc000 r-xp 00000000 fd:00 264166                     /usr/lib64/libm-2.17.so
2ba13a6bc000-2ba13a8bc000 ---p 00100000 fd:00 264166                     /usr/lib64/libm-2.17.so
2ba13a8bc000-2ba13a8bd000 r--p 00100000 fd:00 264166                     /usr/lib64/libm-2.17.so
2ba13a8bd000-2ba13a8be000 rw-p 00101000 fd:00 264166                     /usr/lib64/libm-2.17.so
2ba13a8be000-2ba13a8d5000 r-xp 00000000 00:4f 368161                     /cvmfs/sft.cern.ch/lcg/releases/gcc/8.3.0-cebb0/x86_64-centos7/lib64/libgcc_s.so.1
2ba13a8d5000-2ba13aad4000 ---p 00017000 00:4f 368161                     /cvmfs/sft.cern.ch/lcg/releases/gcc/8.3.0-cebb0/x86_64-centos7/lib64/libgcc_s.so.1
2ba13aad4000-2ba13aad5000 r--p 00016000 00:4f 368161                     /cvmfs/sft.cern.ch/lcg/releases/gcc/8.3.0-cebb0/x86_64-centos7/lib64/libgcc_s.so.1
2ba13aad5000-2ba13aad6000 rw-p 00017000 00:4f 368161                     /cvmfs/sft.cern.ch/lcg/releases/gcc/8.3.0-cebb0/x86_64-centos7/lib64/libgcc_s.so.1
2ba13aad6000-2ba13aaed000 r-xp 00000000 fd:00 264184                     /usr/lib64/libpthread-2.17.so
2ba13aaed000-2ba13acec000 ---p 00017000 fd:00 264184                     /usr/lib64/libpthread-2.17.so
2ba13acec000-2ba13aced000 r--p 00016000 fd:00 264184                     /usr/lib64/libpthread-2.17.so
2ba13aced000-2ba13acee000 rw-p 00017000 fd:00 264184                     /usr/lib64/libpthread-2.17.so
2ba13acee000-2ba13acf2000 rw-p 00000000 00:00 0 
2ba13acf2000-2ba13aea9000 r-xp 00000000 fd:00 264158                     /usr/lib64/libc-2.17.so
2ba13aea9000-2ba13b0a8000 ---p 001b7000 fd:00 264158                     /usr/lib64/libc-2.17.so
2ba13b0a8000-2ba13b0ac000 r--p 001b6000 fd:00 264158                     /usr/lib64/libc-2.17.so
2ba13b0ac000-2ba13b0ae000 rw-p 001ba000 fd:00 264158                     /usr/lib64/libc-2.17.so
2ba13b0ae000-2ba13b0b3000 rw-p 00000000 00:00 0 
2ba13b0b3000-2ba13b0d8000 r-xp 00000000 fd:00 264405                     /usr/lib64/liblzma.so.5.2.2
2ba13b0d8000-2ba13b2d7000 ---p 00025000 fd:00 264405                     /usr/lib64/liblzma.so.5.2.2
2ba13b2d7000-2ba13b2d8000 r--p 00024000 fd:00 264405                     /usr/lib64/liblzma.so.5.2.2
2ba13b2d8000-2ba13b2d9000 rw-p 00025000 fd:00 264405                     /usr/lib64/liblzma.so.5.2.2
2ba13b2d9000-2ba13b2f2000 r-xp 00000000 00:4f 349771                     /cvmfs/sft.cern.ch/lcg/releases/zlib/1.2.11-da225/x86_64-centos7-gcc8-opt/lib/libz.so.1.2.11
2ba13b2f2000-2ba13b4f1000 ---p 00019000 00:4f 349771                     /cvmfs/sft.cern.ch/lcg/releases/zlib/1.2.11-da225/x86_64-centos7-gcc8-opt/lib/libz.so.1.2.11
2ba13b4f1000-2ba13b4f2000 r--p 00018000 00:4f 349771                     /cvmfs/sft.cern.ch/lcg/releases/zlib/1.2.11-da225/x86_64-centos7-gcc8-opt/lib/libz.so.1.2.11
2ba13b4f2000-2ba13b4f3000 rw-p 00019000 00:4f 349771                     /cvmfs/sft.cern.ch/lcg/releases/zlib/1.2.11-da225/x86_64-centos7-gcc8-opt/lib/libz.so.1.2.11
2ba13b4f3000-2ba13b531000 r-xp 00000000 00:4f 365369                     /cvmfs/sft.cern.ch/lcg/releases/tbb/2020_U1-bbcac/x86_64-centos7-gcc8-opt/lib/libtbb.so.2
2ba13b531000-2ba13b730000 ---p 0003e000 00:4f 365369                     /cvmfs/sft.cern.ch/lcg/releases/tbb/2020_U1-bbcac/x86_64-centos7-gcc8-opt/lib/libtbb.so.2
2ba13b730000-2ba13b732000 r--p 0003d000 00:4f 365369                     /cvmfs/sft.cern.ch/lcg/releases/tbb/2020_U1-bbcac/x86_64-centos7-gcc8-opt/lib/libtbb.so.2
2ba13b732000-2ba13b735000 rw-p 0003f000 00:4f 365369                     /cvmfs/sft.cern.ch/lcg/releases/tbb/2020_U1-bbcac/x86_64-centos7-gcc8-opt/lib/libtbb.so.2
2ba13b735000-2ba13b737000 rw-p 00000000 00:00 0 
2ba13b737000-2ba13b79e000 r-xp 00000000 fd:00 275014                     /usr/lib64/libssl.so.1.0.2k
2ba13b79e000-2ba13b99d000 ---p 00067000 fd:00 275014                     /usr/lib64/libssl.so.1.0.2k
2ba13b99d000-2ba13b9a1000 r--p 00066000 fd:00 275014                     /usr/lib64/libssl.so.1.0.2k
2ba13b9a1000-2ba13b9a8000 rw-p 0006a000 fd:00 275014                     /usr/lib64/libssl.so.1.0.2k
2ba13b9a8000-2ba13bbdc000 r-xp 00000000 fd:00 275012                     /usr/lib64/libcrypto.so.1.0.2k
2ba13bbdc000-2ba13bddc000 ---p 00234000 fd:00 275012                     /usr/lib64/libcrypto.so.1.0.2k
2ba13bddc000-2ba13bdf8000 r--p 00234000 fd:00 275012                     /usr/lib64/libcrypto.so.1.0.2k
2ba13bdf8000-2ba13be05000 rw-p 00250000 fd:00 275012                     /usr/lib64/libcrypto.so.1.0.2k
2ba13be05000-2ba13be09000 rw-p 00000000 00:00 0 
2ba13be09000-2ba13bea9000 r-xp 00000000 fd:00 264344                     /usr/lib64/libfreetype.so.6.10.0
2ba13bea9000-2ba13c0a8000 ---p 000a0000 fd:00 264344                     /usr/lib64/libfreetype.so.6.10.0
2ba13c0a8000-2ba13c0ae000 r--p 0009f000 fd:00 264344                     /usr/lib64/libfreetype.so.6.10.0
2ba13c0ae000-2ba13c0af000 rw-p 000a5000 fd:00 264344                     /usr/lib64/libfreetype.so.6.10.0
2ba13c0af000-2ba13c0ba000 r-xp 00000000 00:4f 365197                     /cvmfs/sft.cern.ch/lcg/releases/vdt/0.4.3-992df/x86_64-centos7-gcc8-opt/lib/libvdt.so
2ba13c0ba000-2ba13c2ba000 ---p 0000b000 00:4f 365197                     /cvmfs/sft.cern.ch/lcg/releases/vdt/0.4.3-992df/x86_64-centos7-gcc8-opt/lib/libvdt.so
2ba13c2ba000-2ba13c2bb000 r--p 0000b000 00:4f 365197                     /cvmfs/sft.cern.ch/lcg/releases/vdt/0.4.3-992df/x86_64-centos7-gcc8-opt/lib/libvdt.so
2ba13c2bb000-2ba13c2bc000 rw-p 0000c000 00:4f 365197                     /cvmfs/sft.cern.ch/lcg/releases/vdt/0.4.3-992df/x86_64-centos7-gcc8-opt/lib/libvdt.so
2ba13c2bc000-2ba13c317000 r-xp 00000000 00:4f 5301                       /cvmfs/sft.cern.ch/lcg/releases/ROOT/v6.20.06-3f7fd/x86_64-centos7-gcc8-opt/lib/libROOTNTuple.so
2ba13c317000-2ba13c517000 ---p 0005b000 00:4f 5301                       /cvmfs/sft.cern.ch/lcg/releases/ROOT/v6.20.06-3f7fd/x86_64-centos7-gcc8-opt/lib/libROOTNTuple.so
2ba13c517000-2ba13c519000 r--p 0005b000 00:4f 5301                       /cvmfs/sft.cern.ch/lcg/releases/ROOT/v6.20.06-3f7fd/x86_64-centos7-gcc8-opt/lib/libROOTNTuple.so
2ba13c519000-2ba13c51a000 rw-p 0005d000 00:4f 5301                       /cvmfs/sft.cern.ch/lcg/releases/ROOT/v6.20.06-3f7fd/x86_64-centos7-gcc8-opt/lib/libROOTNTuple.so
2ba13c51a000-2ba13c51b000 rw-p 00000000 00:00 0 
2ba13c51b000-2ba13c625000 r-xp 00000000 00:4f 67507                      /cvmfs/sft.cern.ch/lcg/releases/sqlite/3280000-472f2/x86_64-centos7-gcc8-opt/lib/libsqlite3.so.0.8.6
2ba13c625000-2ba13c824000 ---p 0010a000 00:4f 67507                      /cvmfs/sft.cern.ch/lcg/releases/sqlite/3280000-472f2/x86_64-centos7-gcc8-opt/lib/libsqlite3.so.0.8.6
2ba13c824000-2ba13c827000 r--p 00109000 00:4f 67507                      /cvmfs/sft.cern.ch/lcg/releases/sqlite/3280000-472f2/x86_64-centos7-gcc8-opt/lib/libsqlite3.so.0.8.6
2ba13c827000-2ba13c82a000 rw-p 0010c000 00:4f 67507                      /cvmfs/sft.cern.ch/lcg/releases/sqlite/3280000-472f2/x86_64-centos7-gcc8-opt/lib/libsqlite3.so.0.8.6
2ba13c82a000-2ba13c82b000 rw-p 00000000 00:00 0 
2ba13c82b000-2ba13c832000 r-xp 00000000 fd:00 264188                     /usr/lib64/librt-2.17.so
2ba13c832000-2ba13ca31000 ---p 00007000 fd:00 264188                     /usr/lib64/librt-2.17.so
2ba13ca31000-2ba13ca32000 r--p 00006000 fd:00 264188                     /usr/lib64/librt-2.17.so
2ba13ca32000-2ba13ca33000 rw-p 00007000 fd:00 264188                     /usr/lib64/librt-2.17.so
2ba13ca33000-2ba13ca7e000 r-xp 00000000 fd:00 274989                     /usr/lib64/libgssapi_krb5.so.2.2
2ba13ca7e000-2ba13cc7e000 ---p 0004b000 fd:00 274989                     /usr/lib64/libgssapi_krb5.so.2.2
2ba13cc7e000-2ba13cc7f000 r--p 0004b000 fd:00 274989                     /usr/lib64/libgssapi_krb5.so.2.2
2ba13cc7f000-2ba13cc81000 rw-p 0004c000 fd:00 274989                     /usr/lib64/libgssapi_krb5.so.2.2
2ba13cc81000-2ba13cd57000 r-xp 00000000 fd:00 274999                     /usr/lib64/libkrb5.so.3.3
2ba13cd57000-2ba13cf57000 ---p 000d6000 fd:00 274999                     /usr/lib64/libkrb5.so.3.3
2ba13cf57000-2ba13cf65000 r--p 000d6000 fd:00 274999                     /usr/lib64/libkrb5.so.3.3
2ba13cf65000-2ba13cf68000 rw-p 000e4000 fd:00 274999                     /usr/lib64/libkrb5.so.3.3
2ba13cf68000-2ba13cf6b000 r-xp 00000000 fd:00 264346                     /usr/lib64/libcom_err.so.2.1
2ba13cf6b000-2ba13d16a000 ---p 00003000 fd:00 264346                     /usr/lib64/libcom_err.so.2.1
2ba13d16a000-2ba13d16b000 r--p 00002000 fd:00 264346                     /usr/lib64/libcom_err.so.2.1
2ba13d16b000-2ba13d16c000 rw-p 00003000 fd:00 264346                     /usr/lib64/libcom_err.so.2.1
2ba13d16c000-2ba13d19b000 r-xp 00000000 fd:00 274993                     /usr/lib64/libk5crypto.so.3.1
2ba13d19b000-2ba13d39a000 ---p 0002f000 fd:00 274993                     /usr/lib64/libk5crypto.so.3.1
2ba13d39a000-2ba13d39c000 r--p 0002e000 fd:00 274993                     /usr/lib64/libk5crypto.so.3.1
2ba13d39c000-2ba13d39d000 rw-p 00030000 fd:00 274993                     /usr/lib64/libk5crypto.so.3.1
2ba13d39d000-2ba13d39e000 rw-p 00000000 00:00 0 
2ba13d39e000-2ba13d3ab000 r-xp 00000000 fd:00 275001                     /usr/lib64/libkrb5support.so.0.1
2ba13d3ab000-2ba13d5ab000 ---p 0000d000 fd:00 275001                     /usr/lib64/libkrb5support.so.0.1
2ba13d5ab000-2ba13d5ac000 r--p 0000d000 fd:00 275001                     /usr/lib64/libkrb5support.so.0.1
2ba13d5ac000-2ba13d5ad000 rw-p 0000e000 fd:00 275001                     /usr/lib64/libkrb5support.so.0.1
2ba13d5ad000-2ba13d5b0000 r-xp 00000000 fd:00 264642                     /usr/lib64/libkeyutils.so.1.5
2ba13d5b0000-2ba13d7af000 ---p 00003000 fd:00 264642                     /usr/lib64/libkeyutils.so.1.5
2ba13d7af000-2ba13d7b0000 r--p 00002000 fd:00 264642                     /usr/lib64/libkeyutils.so.1.5
2ba13d7b0000-2ba13d7b1000 rw-p 00003000 fd:00 264642                     /usr/lib64/libkeyutils.so.1.5
2ba13d7b1000-2ba13d7c7000 r-xp 00000000 fd:00 264186                     /usr/lib64/libresolv-2.17.so
2ba13d7c7000-2ba13d9c7000 ---p 00016000 fd:00 264186                     /usr/lib64/libresolv-2.17.so
2ba13d9c7000-2ba13d9c8000 r--p 00016000 fd:00 264186                     /usr/lib64/libresolv-2.17.so
2ba13d9c8000-2ba13d9c9000 rw-p 00017000 fd:00 264186                     /usr/lib64/libresolv-2.17.so
2ba13d9c9000-2ba13d9cb000 rw-p 00000000 00:00 0 
2ba13d9cb000-2ba13d9ef000 r-xp 00000000 fd:00 264329                     /usr/lib64/libselinux.so.1
2ba13d9ef000-2ba13dbee000 ---p 00024000 fd:00 264329                     /usr/lib64/libselinux.so.1
2ba13dbee000-2ba13dbef000 r--p 00023000 fd:00 264329                     /usr/lib64/libselinux.so.1
2ba13dbef000-2ba13dbf0000 rw-p 00024000 fd:00 264329                     /usr/lib64/libselinux.so.1
2ba13dbf0000-2ba13dbf2000 rw-p 00000000 00:00 0 
2ba13dbf2000-2ba13dc52000 r-xp 00000000 fd:00 264320                     /usr/lib64/libpcre.so.1.2.0
2ba13dc52000-2ba13de51000 ---p 00060000 fd:00 264320                     /usr/lib64/libpcre.so.1.2.0
2ba13de51000-2ba13de52000 r--p 0005f000 fd:00 264320                     /usr/lib64/libpcre.so.1.2.0
2ba13de52000-2ba13de53000 rw-p 00060000 fd:00 264320                     /usr/lib64/libpcre.so.1.2.0
2ba13de53000-2ba13e653000 rw-p 00000000 00:00 0 
2ba13e653000-2ba14153c000 r-xp 00000000 00:4f 5420                       /cvmfs/sft.cern.ch/lcg/releases/ROOT/v6.20.06-3f7fd/x86_64-centos7-gcc8-opt/lib/libCling.so
2ba14153c000-2ba14173c000 ---p 02ee9000 00:4f 5420                       /cvmfs/sft.cern.ch/lcg/releases/ROOT/v6.20.06-3f7fd/x86_64-centos7-gcc8-opt/lib/libCling.so
2ba14173c000-2ba14194e000 r--p 02ee9000 00:4f 5420                       /cvmfs/sft.cern.ch/lcg/releases/ROOT/v6.20.06-3f7fd/x86_64-centos7-gcc8-opt/lib/libCling.so
2ba14194e000-2ba141959000 rw-p 030fb000 00:4f 5420                       /cvmfs/sft.cern.ch/lcg/releases/ROOT/v6.20.06-3f7fd/x86_64-centos7-gcc8-opt/lib/libCling.so
2ba141959000-2ba141986000 rw-p 00000000 00:00 0 
2ba141986000-2ba1419ab000 r-xp 00000000 fd:00 264229                     /usr/lib64/libtinfo.so.5.9
2ba1419ab000-2ba141bab000 ---p 00025000 fd:00 264229                     /usr/lib64/libtinfo.so.5.9
2ba141bab000-2ba141baf000 r--p 00025000 fd:00 264229                     /usr/lib64/libtinfo.so.5.9
2ba141baf000-2ba141bb0000 rw-p 00029000 fd:00 264229                     /usr/lib64/libtinfo.so.5.9
2ba141bb0000-2ba141be1000 rw-p 00000000 00:00 0 
2ba141be1000-2ba142f15000 r--p 00000000 00:4f 5355                       /cvmfs/sft.cern.ch/lcg/releases/ROOT/v6.20.06-3f7fd/x86_64-centos7-gcc8-opt/lib/std.pcm
2ba142f15000-2ba143055000 r--p 00000000 00:4f 5331                       /cvmfs/sft.cern.ch/lcg/releases/ROOT/v6.20.06-3f7fd/x86_64-centos7-gcc8-opt/lib/libc.pcm
2ba143055000-2ba143072000 r--p 00000000 00:4f 5358                       /cvmfs/sft.cern.ch/lcg/releases/ROOT/v6.20.06-3f7fd/x86_64-centos7-gcc8-opt/lib/Cling_Runtime.pcm
2ba143072000-2ba14309d000 r--p 00000000 00:4f 5284                       /cvmfs/sft.cern.ch/lcg/releases/ROOT/v6.20.06-3f7fd/x86_64-centos7-gcc8-opt/lib/Cling_Runtime_Extra.pcm
2ba14309d000-2ba1430e5000 r--p 00000000 00:4f 5390                       /cvmfs/sft.cern.ch/lcg/releases/ROOT/v6.20.06-3f7fd/x86_64-centos7-gcc8-opt/lib/ROOT_Foundation_C.pcm
2ba1430e5000-2ba1430fe000 r--p 00000000 00:4f 5050                       /cvmfs/sft.cern.ch/lcg/releases/ROOT/v6.20.06-3f7fd/x86_64-centos7-gcc8-opt/lib/ROOT_Rtypes.pcm
2ba1430fe000-2ba14311c000 r--p 00000000 00:4f 5332                       /cvmfs/sft.cern.ch/lcg/releases/ROOT/v6.20.06-3f7fd/x86_64-centos7-gcc8-opt/lib/ROOT_Config.pcm
2ba14311c000-2ba1431aa000 r--p 00000000 00:4f 5369                       /cvmfs/sft.cern.ch/lcg/releases/ROOT/v6.20.06-3f7fd/x86_64-centos7-gcc8-opt/lib/ProofBench.pcm
2ba143212000-2ba14329e000 r--p 00000000 00:4f 5289                       /cvmfs/sft.cern.ch/lcg/releases/ROOT/v6.20.06-3f7fd/x86_64-centos7-gcc8-opt/lib/Unfold.pcm
2ba14329e000-2ba143309000 r--p 00000000 00:4f 5070                       /cvmfs/sft.cern.ch/lcg/releases/ROOT/v6.20.06-3f7fd/x86_64-centos7-gcc8-opt/lib/RHTTPSniff.pcm
2ba143312000-2ba143706000 r--p 00000000 00:4f 5263                       /cvmfs/sft.cern.ch/lcg/releases/ROOT/v6.20.06-3f7fd/x86_64-centos7-gcc8-opt/lib/_Builtin_intrinsics.pcm
2ba143706000-2ba1437b7000 r--p 00000000 00:4f 5266                       /cvmfs/sft.cern.ch/lcg/releases/ROOT/v6.20.06-3f7fd/x86_64-centos7-gcc8-opt/lib/ROOT_Foundation_Stage1_NoRTTI.pcm
2ba1437b7000-2ba1440e0000 r--p 00000000 00:4f 5316                       /cvmfs/sft.cern.ch/lcg/releases/ROOT/v6.20.06-3f7fd/x86_64-centos7-gcc8-opt/lib/Core.pcm
2ba1440e0000-2ba144208000 r--p 00000000 00:4f 5449                       /cvmfs/sft.cern.ch/lcg/releases/ROOT/v6.20.06-3f7fd/x86_64-centos7-gcc8-opt/lib/Gdml.pcm
2ba144208000-2ba144365000 r--p 00000000 00:4f 4767                       /cvmfs/sft.cern.ch/lcg/releases/ROOT/v6.20.06-3f7fd/x86_64-centos7-gcc8-opt/lib/WebGui6.pcm
2ba144384000-2ba144662000 r--p 00000000 00:4f 5350                       /cvmfs/sft.cern.ch/lcg/releases/ROOT/v6.20.06-3f7fd/x86_64-centos7-gcc8-opt/lib/RIO.pcm
2ba144662000-2ba1447f2000 r--p 00000000 00:4f 5380                       /cvmfs/sft.cern.ch/lcg/releases/ROOT/v6.20.06-3f7fd/x86_64-centos7-gcc8-opt/lib/Thread.pcm
2ba1447f2000-2ba144c37000 r--p 00000000 00:4f 5298                       /cvmfs/sft.cern.ch/lcg/releases/ROOT/v6.20.06-3f7fd/x86_64-centos7-gcc8-opt/lib/Hist.pcm
2ba144c37000-2ba145427000 r--p 00000000 00:4f 5504                       /cvmfs/sft.cern.ch/lcg/releases/ROOT/v6.20.06-3f7fd/x86_64-centos7-gcc8-opt/lib/MathCore.pcm
2ba145427000-2ba1454ec000 r--p 00000000 00:4f 5373                       /cvmfs/sft.cern.ch/lcg/releases/ROOT/v6.20.06-3f7fd/x86_64-centos7-gcc8-opt/lib/Imt.pcm
2ba1454ec000-2ba145667000 r--p 00000000 00:4f 5335                       /cvmfs/sft.cern.ch/lcg/releases/ROOT/v6.20.06-3f7fd/x86_64-centos7-gcc8-opt/lib/Matrix.pcm
2ba145667000-2ba1456dd000 r--p 00000000 00:4f 5400                       /cvmfs/sft.cern.ch/lcg/releases/ROOT/v6.20.06-3f7fd/x86_64-centos7-gcc8-opt/lib/XMLParser.pcm
2ba1456dd000-2ba14580a000 r--p 00000000 00:4f 4760                       /cvmfs/sft.cern.ch/lcg/releases/ROOT/v6.20.06-3f7fd/x86_64-centos7-gcc8-opt/lib/RHTTP.pcm
2ba14580a000-2ba1458ae000 r--p 00000000 00:4f 5057                       /cvmfs/sft.cern.ch/lcg/releases/ROOT/v6.20.06-3f7fd/x86_64-centos7-gcc8-opt/lib/FitPanel.pcm
2ba1458ae000-2ba145bdb000 r--p 00000000 00:4f 5377                       /cvmfs/sft.cern.ch/lcg/releases/ROOT/v6.20.06-3f7fd/x86_64-centos7-gcc8-opt/lib/Gui.pcm
2ba145bdb000-2ba145cd6000 r--p 00000000 00:4f 4757                       /cvmfs/sft.cern.ch/lcg/releases/ROOT/v6.20.06-3f7fd/x86_64-centos7-gcc8-opt/lib/Graf.pcm
2ba145cd6000-2ba145f6f000 r--p 00000000 00:4f 5595                       /cvmfs/sft.cern.ch/lcg/releases/ROOT/v6.20.06-3f7fd/x86_64-centos7-gcc8-opt/lib/ROOTVecOps.pcm
2ba145f6f000-2ba146005000 r--p 00000000 00:4f 5282                       /cvmfs/sft.cern.ch/lcg/releases/ROOT/v6.20.06-3f7fd/x86_64-centos7-gcc8-opt/lib/RDAVIX.pcm
2ba146005000-2ba1460f0000 r--p 00000000 00:4f 5323                       /cvmfs/sft.cern.ch/lcg/releases/ROOT/v6.20.06-3f7fd/x86_64-centos7-gcc8-opt/lib/RMySQL.pcm
2ba1460f0000-2ba1461fb000 r--p 00000000 00:4f 5288                       /cvmfs/sft.cern.ch/lcg/releases/ROOT/v6.20.06-3f7fd/x86_64-centos7-gcc8-opt/lib/Net.pcm
2ba1461fb000-2ba146268000 r--p 00000000 00:4f 5313                       /cvmfs/sft.cern.ch/lcg/releases/ROOT/v6.20.06-3f7fd/x86_64-centos7-gcc8-opt/lib/GFAL.pcm
2ba14629d000-2ba146354000 r--p 00000000 00:4f 5531                       /cvmfs/sft.cern.ch/lcg/releases/ROOT/v6.20.06-3f7fd/x86_64-centos7-gcc8-opt/lib/Physics.pcm
2ba146354000-2ba1463cd000 r--p 00000000 00:4f 5514                       /cvmfs/sft.cern.ch/lcg/releases/ROOT/v6.20.06-3f7fd/x86_64-centos7-gcc8-opt/lib/Genetic.pcm
2ba1463cd000-2ba14662f000 r--p 00000000 00:4f 5387                       /cvmfs/sft.cern.ch/lcg/releases/ROOT/v6.20.06-3f7fd/x86_64-centos7-gcc8-opt/lib/Tree.pcm
2ba14662f000-2ba1466a3000 r--p 00000000 00:4f 5348                       /cvmfs/sft.cern.ch/lcg/releases/ROOT/v6.20.06-3f7fd/x86_64-centos7-gcc8-opt/lib/DCache.pcm
2ba1466a3000-2ba146774000 r--p 00000000 00:4f 5366                       /cvmfs/sft.cern.ch/lcg/releases/ROOT/v6.20.06-3f7fd/x86_64-centos7-gcc8-opt/lib/Gpad.pcm
2ba146774000-2ba146c54000 r--p 00000000 00:4f 5341                       /cvmfs/sft.cern.ch/lcg/releases/ROOT/v6.20.06-3f7fd/x86_64-centos7-gcc8-opt/lib/RGL.pcm
2ba146c54000-2ba146d43000 r--p 00000000 00:4f 5425                       /cvmfs/sft.cern.ch/lcg/releases/ROOT/v6.20.06-3f7fd/x86_64-centos7-gcc8-opt/lib/Ged.pcm
2ba146d43000-2ba146dab000 r--p 00000000 00:4f 5386                       /cvmfs/sft.cern.ch/lcg/releases/ROOT/v6.20.06-3f7fd/x86_64-centos7-gcc8-opt/lib/RCsg.pcm
2ba146dab000-2ba1472cf000 r--p 00000000 00:4f 5396                       /cvmfs/sft.cern.ch/lcg/releases/ROOT/v6.20.06-3f7fd/x86_64-centos7-gcc8-opt/lib/ROOTEve.pcm
2ba1472cf000-2ba1475c1000 r--p 00000000 00:4f 5285                       /cvmfs/sft.cern.ch/lcg/releases/ROOT/v6.20.06-3f7fd/x86_64-centos7-gcc8-opt/lib/Geom.pcm
2ba1475c1000-2ba14774d000 r--p 00000000 00:4f 5338                       /cvmfs/sft.cern.ch/lcg/releases/ROOT/v6.20.06-3f7fd/x86_64-centos7-gcc8-opt/lib/ROOTWebDisplay.pcm
2ba14774d000-2ba1477e0000 r--p 00000000 00:4f 5037                       /cvmfs/sft.cern.ch/lcg/releases/ROOT/v6.20.06-3f7fd/x86_64-centos7-gcc8-opt/lib/EG.pcm
2ba1477e0000-2ba1478b3000 r--p 00000000 00:4f 5376                       /cvmfs/sft.cern.ch/lcg/releases/ROOT/v6.20.06-3f7fd/x86_64-centos7-gcc8-opt/lib/Graf3d.pcm
2ba1478b3000-2ba147914000 rw-p 00000000 00:00 0 
2ba147914000-2ba147c9b000 r--p 00000000 00:4f 5002                       /cvmfs/sft.cern.ch/lcg/releases/ROOT/v6.20.06-3f7fd/x86_64-centos7-gcc8-opt/lib/TreePlayer.pcm
2ba147c9b000-2ba147dac000 r--p 00000000 00:4f 5269                       /cvmfs/sft.cern.ch/lcg/releases/ROOT/v6.20.06-3f7fd/x86_64-centos7-gcc8-opt/lib/MultiProc.pcm
2ba147dac000-2ba147e19000 r--p 00000000 00:4f 5393                       /cvmfs/sft.cern.ch/lcg/releases/ROOT/v6.20.06-3f7fd/x86_64-centos7-gcc8-opt/lib/SPlot.pcm
2ba147e19000-2ba147e8b000 r--p 00000000 00:4f 5343                       /cvmfs/sft.cern.ch/lcg/releases/ROOT/v6.20.06-3f7fd/x86_64-centos7-gcc8-opt/lib/Hbook.pcm
2ba147e8b000-2ba147f64000 r--p 00000000 00:4f 5292                       /cvmfs/sft.cern.ch/lcg/releases/ROOT/v6.20.06-3f7fd/x86_64-centos7-gcc8-opt/lib/GeomBuilder.pcm
2ba147f64000-2ba147fd5000 r--p 00000000 00:4f 4873                       /cvmfs/sft.cern.ch/lcg/releases/ROOT/v6.20.06-3f7fd/x86_64-centos7-gcc8-opt/lib/Rint.pcm
2ba147fd5000-2ba14814f000 r--p 00000000 00:4f 5317                       /cvmfs/sft.cern.ch/lcg/releases/ROOT/v6.20.06-3f7fd/x86_64-centos7-gcc8-opt/lib/Proof.pcm
2ba14814f000-2ba1481dc000 r--p 00000000 00:4f 5361                       /cvmfs/sft.cern.ch/lcg/releases/ROOT/v6.20.06-3f7fd/x86_64-centos7-gcc8-opt/lib/Recorder.pcm
2ba1481dc000-2ba148269000 r--p 00000000 00:4f 4753                       /cvmfs/sft.cern.ch/lcg/releases/ROOT/v6.20.06-3f7fd/x86_64-centos7-gcc8-opt/lib/GuiBld.pcm
2ba148269000-2ba14835e000 r--p 00000000 00:4f 4758                       /cvmfs/sft.cern.ch/lcg/releases/ROOT/v6.20.06-3f7fd/x86_64-centos7-gcc8-opt/lib/XMLIO.pcm
2ba14835e000-2ba1483cc000 r--p 00000000 00:4f 5495                       /cvmfs/sft.cern.ch/lcg/releases/ROOT/v6.20.06-3f7fd/x86_64-centos7-gcc8-opt/lib/GX11TTF.pcm
2ba1483cc000-2ba148443000 r--p 00000000 00:4f 5352                       /cvmfs/sft.cern.ch/lcg/releases/ROOT/v6.20.06-3f7fd/x86_64-centos7-gcc8-opt/lib/GX11.pcm
2ba148443000-2ba148504000 r--p 00000000 00:4f 5325                       /cvmfs/sft.cern.ch/lcg/releases/ROOT/v6.20.06-3f7fd/x86_64-centos7-gcc8-opt/lib/ProofPlayer.pcm
2ba148504000-2ba148880000 r--p 00000000 00:4f 5337                       /cvmfs/sft.cern.ch/lcg/releases/ROOT/v6.20.06-3f7fd/x86_64-centos7-gcc8-opt/lib/ROOTHistDraw.pcm
2ba148880000-2ba148ddc000 r--p 00000000 00:4f 7523                       /cvmfs/sft.cern.ch/lcg/releases/ROOT/v6.20.06-3f7fd/x86_64-centos7-gcc8-opt/lib/ROOTGpadv7.pcm
2ba148ddc000-2ba149072000 r--p 00000000 00:4f 5244                       /cvmfs/sft.cern.ch/lcg/releases/ROOT/v6.20.06-3f7fd/x86_64-centos7-gcc8-opt/lib/ROOTHist.pcm
2ba149072000-2ba1491a2000 r--p 00000000 00:4f 5328                       /cvmfs/sft.cern.ch/lcg/releases/ROOT/v6.20.06-3f7fd/x86_64-centos7-gcc8-opt/lib/MathMore.pcm
2ba1491a2000-2ba149215000 r--p 00000000 00:4f 4973                       /cvmfs/sft.cern.ch/lcg/releases/ROOT/v6.20.06-3f7fd/x86_64-centos7-gcc8-opt/lib/Netx.pcm
2ba149215000-2ba149286000 r--p 00000000 00:4f 6455                       /cvmfs/sft.cern.ch/lcg/releases/ROOT/v6.20.06-3f7fd/x86_64-centos7-gcc8-opt/lib/SpectrumPainter.pcm
2ba149286000-2ba149310000 r--p 00000000 00:4f 5321                       /cvmfs/sft.cern.ch/lcg/releases/ROOT/v6.20.06-3f7fd/x86_64-centos7-gcc8-opt/lib/NetxNG.pcm
2ba149310000-2ba14939b000 r--p 00000000 00:4f 5265                       /cvmfs/sft.cern.ch/lcg/releases/ROOT/v6.20.06-3f7fd/x86_64-centos7-gcc8-opt/lib/Minuit.pcm
2ba14939b000-2ba14a37c000 r--p 00000000 00:4f 5273                       /cvmfs/sft.cern.ch/lcg/releases/ROOT/v6.20.06-3f7fd/x86_64-centos7-gcc8-opt/lib/TMVA.pcm
2ba14a37c000-2ba14aeca000 r--p 00000000 00:4f 5513                       /cvmfs/sft.cern.ch/lcg/releases/ROOT/v6.20.06-3f7fd/x86_64-centos7-gcc8-opt/lib/ROOTDataFrame.pcm
2ba14aeca000-2ba14afcb000 rw-p 00000000 00:00 0 
2ba14afcb000-2ba14b512000 rw-p 00000000 00:00 0 
2ba14b512000-2ba14b624000 r--p 00000000 00:4f 5368                       /cvmfs/sft.cern.ch/lcg/releases/ROOT/v6.20.06-3f7fd/x86_64-centos7-gcc8-opt/lib/ROOTFitPanelv7.pcm
2ba14b624000-2ba14b8db000 r--p 00000000 00:4f 5383                       /cvmfs/sft.cern.ch/lcg/releases/ROOT/v6.20.06-3f7fd/x86_64-centos7-gcc8-opt/lib/Smatrix.pcm
2ba14b8db000-2ba14b95f000 r--p 00000000 00:4f 5043                       /cvmfs/sft.cern.ch/lcg/releases/ROOT/v6.20.06-3f7fd/x86_64-centos7-gcc8-opt/lib/PyROOT.pcm
2ba14b95f000-2ba14ba06000 r--p 00000000 00:4f 5395                       /cvmfs/sft.cern.ch/lcg/releases/ROOT/v6.20.06-3f7fd/x86_64-centos7-gcc8-opt/lib/SessionViewer.pcm
2ba14ba06000-2ba14ba95000 r--p 00000000 00:4f 4822                       /cvmfs/sft.cern.ch/lcg/releases/ROOT/v6.20.06-3f7fd/x86_64-centos7-gcc8-opt/lib/PyMVA.pcm
2ba14ba95000-2ba14bb20000 r--p 00000000 00:4f 5345                       /cvmfs/sft.cern.ch/lcg/releases/ROOT/v6.20.06-3f7fd/x86_64-centos7-gcc8-opt/lib/HistPainter.pcm
2ba14bb20000-2ba14bbed000 r--p 00000000 00:4f 5452                       /cvmfs/sft.cern.ch/lcg/releases/ROOT/v6.20.06-3f7fd/x86_64-centos7-gcc8-opt/lib/ProofDraw.pcm
2ba14bbed000-2ba14bc99000 r--p 00000000 00:4f 5277                       /cvmfs/sft.cern.ch/lcg/releases/ROOT/v6.20.06-3f7fd/x86_64-centos7-gcc8-opt/lib/Unuran.pcm
2ba14bc99000-2ba14bd30000 r--p 00000000 00:4f 5319                       /cvmfs/sft.cern.ch/lcg/releases/ROOT/v6.20.06-3f7fd/x86_64-centos7-gcc8-opt/lib/Quadp.pcm
2ba14bd30000-2ba14c247000 r--p 00000000 00:4f 5492                       /cvmfs/sft.cern.ch/lcg/releases/ROOT/v6.20.06-3f7fd/x86_64-centos7-gcc8-opt/lib/Eve.pcm
2ba14c247000-2ba14c2f6000 r--p 00000000 00:4f 5862                       /cvmfs/sft.cern.ch/lcg/releases/ROOT/v6.20.06-3f7fd/x86_64-centos7-gcc8-opt/lib/TreeViewer.pcm
2ba14c2f6000-2ba14c379000 r--p 00000000 00:4f 5308                       /cvmfs/sft.cern.ch/lcg/releases/ROOT/v6.20.06-3f7fd/x86_64-centos7-gcc8-opt/lib/GeomPainter.pcm
2ba14c379000-2ba14ca01000 r--p 00000000 00:4f 5291                       /cvmfs/sft.cern.ch/lcg/releases/ROOT/v6.20.06-3f7fd/x86_64-centos7-gcc8-opt/lib/ROOTNTuple.pcm
2ba14ca01000-2ba14ccfd000 r--p 00000000 00:4f 5225                       /cvmfs/sft.cern.ch/lcg/releases/ROOT/v6.20.06-3f7fd/x86_64-centos7-gcc8-opt/lib/HistFactory.pcm
2ba14ccfd000-2ba14dbd3000 r--p 00000000 00:4f 5401                       /cvmfs/sft.cern.ch/lcg/releases/ROOT/v6.20.06-3f7fd/x86_64-centos7-gcc8-opt/lib/RooFitCore.pcm
2ba14dbd3000-2ba14dc54000 r--p 00000000 00:4f 5315                       /cvmfs/sft.cern.ch/lcg/releases/ROOT/v6.20.06-3f7fd/x86_64-centos7-gcc8-opt/lib/Foam.pcm
2ba14dc54000-2ba14dce4000 r--p 00000000 00:4f 5389                       /cvmfs/sft.cern.ch/lcg/releases/ROOT/v6.20.06-3f7fd/x86_64-centos7-gcc8-opt/lib/Spectrum.pcm
2ba14dce4000-2ba14dd7d000 r--p 00000000 00:4f 5399                       /cvmfs/sft.cern.ch/lcg/releases/ROOT/v6.20.06-3f7fd/x86_64-centos7-gcc8-opt/lib/GuiHtml.pcm
2ba14dd7d000-2ba14de06000 r--p 00000000 00:4f 5446                       /cvmfs/sft.cern.ch/lcg/releases/ROOT/v6.20.06-3f7fd/x86_64-centos7-gcc8-opt/lib/Postscript.pcm
2ba14de06000-2ba14de9d000 r--p 00000000 00:4f 5367                       /cvmfs/sft.cern.ch/lcg/releases/ROOT/v6.20.06-3f7fd/x86_64-centos7-gcc8-opt/lib/TMVAGui.pcm
2ba14de9d000-2ba14e048000 r--p 00000000 00:4f 5421                       /cvmfs/sft.cern.ch/lcg/releases/ROOT/v6.20.06-3f7fd/x86_64-centos7-gcc8-opt/lib/Html.pcm
2ba14e048000-2ba14e0bc000 r--p 00000000 00:4f 5005                       /cvmfs/sft.cern.ch/lcg/releases/ROOT/v6.20.06-3f7fd/x86_64-centos7-gcc8-opt/lib/Fumili.pcm
2ba14e0bc000-2ba14e13b000 r--p 00000000 00:4f 5324                       /cvmfs/sft.cern.ch/lcg/releases/ROOT/v6.20.06-3f7fd/x86_64-centos7-gcc8-opt/lib/RooFitMore.pcm
2ba14e13b000-2ba14e1ad000 r--p 00000000 00:4f 5360                       /cvmfs/sft.cern.ch/lcg/releases/ROOT/v6.20.06-3f7fd/x86_64-centos7-gcc8-opt/lib/X3d.pcm
2ba14e1ad000-2ba14e667000 r--p 00000000 00:4f 5275                       /cvmfs/sft.cern.ch/lcg/releases/ROOT/v6.20.06-3f7fd/x86_64-centos7-gcc8-opt/lib/Oracle.pcm
2ba14e667000-2ba14e7a3000 rw-p 00000000 00:00 0 
2ba14e7a3000-2ba14f4fd000 r--p 00000000 00:4f 5297                       /cvmfs/sft.cern.ch/lcg/releases/ROOT/v6.20.06-3f7fd/x86_64-centos7-gcc8-opt/lib/RooFit.pcm
2ba14f4fd000-2ba14f877000 r--p 00000000 00:4f 5267                       /cvmfs/sft.cern.ch/lcg/releases/ROOT/v6.20.06-3f7fd/x86_64-centos7-gcc8-opt/lib/RooStats.pcm
2ba14f877000-2ba14f8ec000 r--p 00000000 00:4f 5283                       /cvmfs/sft.cern.ch/lcg/releases/ROOT/v6.20.06-3f7fd/x86_64-centos7-gcc8-opt/lib/FFTW.pcm
2ba14f8ec000-2ba14f98c000 r--p 00000000 00:4f 8077                       /cvmfs/sft.cern.ch/lcg/releases/ROOT/v6.20.06-3f7fd/x86_64-centos7-gcc8-opt/lib/SQLIO.pcm
2ba14f98c000-2ba14fa07000 r--p 00000000 00:4f 5310                       /cvmfs/sft.cern.ch/lcg/releases/ROOT/v6.20.06-3f7fd/x86_64-centos7-gcc8-opt/lib/ASImage.pcm
2ba14fa07000-2ba14faae000 r--p 00000000 00:4f 5309                       /cvmfs/sft.cern.ch/lcg/releases/ROOT/v6.20.06-3f7fd/x86_64-centos7-gcc8-opt/lib/Proofx.pcm
2ba14faae000-2ba14fd51000 r--p 00000000 00:4f 5108                       /cvmfs/sft.cern.ch/lcg/releases/ROOT/v6.20.06-3f7fd/x86_64-centos7-gcc8-opt/lib/Minuit2.pcm
2ba14fd51000-2ba14fdcb000 r--p 00000000 00:4f 5351                       /cvmfs/sft.cern.ch/lcg/releases/ROOT/v6.20.06-3f7fd/x86_64-centos7-gcc8-opt/lib/MLP.pcm
2ba14fdcb000-2ba15006f000 r--p 00000000 00:4f 5422                       /cvmfs/sft.cern.ch/lcg/releases/ROOT/v6.20.06-3f7fd/x86_64-centos7-gcc8-opt/lib/GenVector.pcm
2ba15006f000-2ba150215000 r--p 00000000 00:4f 5409                       /cvmfs/sft.cern.ch/lcg/releases/ROOT/v6.20.06-3f7fd/x86_64-centos7-gcc8-opt/lib/ROOTBrowserv7.pcm
2ba150215000-2ba150290000 r--p 00000000 00:4f 5385                       /cvmfs/sft.cern.ch/lcg/releases/ROOT/v6.20.06-3f7fd/x86_64-centos7-gcc8-opt/lib/RootAuth.pcm
2ba150290000-2ba150301000 r--p 00000000 00:4f 5318                       /cvmfs/sft.cern.ch/lcg/releases/ROOT/v6.20.06-3f7fd/x86_64-centos7-gcc8-opt/lib/ASImageGui.pcm
2ba150301000-2ba150383000 r--p 00000000 00:4f 5370                       /cvmfs/sft.cern.ch/lcg/releases/ROOT/v6.20.06-3f7fd/x86_64-centos7-gcc8-opt/lib/Gviz3d.pcm
2ba150383000-2ba150419000 r--p 00000000 00:4f 4871                       /cvmfs/sft.cern.ch/lcg/releases/ROOT/v6.20.06-3f7fd/x86_64-centos7-gcc8-opt/lib/ROOTGraphicsPrimitives.pcm
2ba150419000-2ba150439000 r-xp 00000000 fd:00 264151                     /usr/lib64/ld-2.17.so
2ba150439000-2ba150639000 ---p 00020000 fd:00 264151                     /usr/lib64/ld-2.17.so
2ba150639000-2ba15063a000 r--p 00020000 fd:00 264151                     /usr/lib64/ld-2.17.so
2ba15063a000-2ba15063b000 rw-p 00021000 fd:00 264151                     /usr/lib64/ld-2.17.so
2ba15063b000-2ba15063c000 rw-p 00000000 00:00 0 
7ffc701e5000-7ffc7020b000 rw-p 00000000 00:00 0                          [stack]
7ffc703b4000-7ffc703b6000 r-xp 00000000 00:00 0                          [vdso]
ffffffffff600000-ffffffffff601000 r-xp 00000000 00:00 0                  [vsyscall]
